running develop
/usr/lib/python3/dist-packages/setuptools/command/easy_install.py:158: EasyInstallDeprecationWarning: easy_install command is deprecated. Use build and pip and other standards-based tools.
  warnings.warn(
running egg_info
creating ros2param.egg-info
writing ros2param.egg-info/PKG-INFO
writing dependency_links to ros2param.egg-info/dependency_links.txt
writing entry points to ros2param.egg-info/entry_points.txt
writing requirements to ros2param.egg-info/requires.txt
writing top-level names to ros2param.egg-info/top_level.txt
writing manifest file 'ros2param.egg-info/SOURCES.txt'
reading manifest file 'ros2param.egg-info/SOURCES.txt'
writing manifest file 'ros2param.egg-info/SOURCES.txt'
running build_ext
Creating /work/ubuntu-ros2-dev/install/ros2param/lib/python3.10/site-packages/ros2param.egg-link (link to .)

Installed /work/ubuntu-ros2-dev/build/ros2param
running symlink_data
symbolically linking /work/ubuntu-ros2-dev/build/ros2param/package.xml -> /work/ubuntu-ros2-dev/install/ros2param/share/ros2param
creating /work/ubuntu-ros2-dev/install/ros2param/share/ament_index
creating /work/ubuntu-ros2-dev/install/ros2param/share/ament_index/resource_index
creating /work/ubuntu-ros2-dev/install/ros2param/share/ament_index/resource_index/packages
symbolically linking /work/ubuntu-ros2-dev/build/ros2param/resource/ros2param -> /work/ubuntu-ros2-dev/install/ros2param/share/ament_index/resource_index/packages
