-- Found ament_cmake: 2.5.2 (/work/ubuntu-ros2-dev/install/ament_cmake/share/ament_cmake/cmake)
-- Found Python3: /usr/bin/python3 (found version "3.10.12") found components: Interpreter 
-- Override CMake install command with custom implementation using symlinks instead of copying resources
-- Found ament_lint_auto: 0.17.1 (/work/ubuntu-ros2-dev/install/ament_lint_auto/share/ament_lint_auto/cmake)
-- Added test 'copyright' to check source files copyright and LICENSE
-- Added test 'lint_cmake' to check CMake code style
-- Added test 'xmllint' to check XML markup files
-- Configuring done
-- Generating done
-- Build files have been written to: /work/ubuntu-ros2-dev/build/common_interfaces
-- Install configuration: ""
-- Execute custom install script
-- Symlinking: /work/ubuntu-ros2-dev/install/common_interfaces/share/ament_index/resource_index/package_run_dependencies/common_interfaces
-- Symlinking: /work/ubuntu-ros2-dev/install/common_interfaces/share/ament_index/resource_index/parent_prefix_path/common_interfaces
-- Symlinking: /work/ubuntu-ros2-dev/install/common_interfaces/share/common_interfaces/environment/ament_prefix_path.sh
-- Symlinking: /work/ubuntu-ros2-dev/install/common_interfaces/share/common_interfaces/environment/ament_prefix_path.dsv
-- Symlinking: /work/ubuntu-ros2-dev/install/common_interfaces/share/common_interfaces/environment/path.sh
-- Symlinking: /work/ubuntu-ros2-dev/install/common_interfaces/share/common_interfaces/environment/path.dsv
-- Symlinking: /work/ubuntu-ros2-dev/install/common_interfaces/share/common_interfaces/local_setup.bash
-- Symlinking: /work/ubuntu-ros2-dev/install/common_interfaces/share/common_interfaces/local_setup.sh
-- Symlinking: /work/ubuntu-ros2-dev/install/common_interfaces/share/common_interfaces/local_setup.zsh
-- Symlinking: /work/ubuntu-ros2-dev/install/common_interfaces/share/common_interfaces/local_setup.dsv
-- Symlinking: /work/ubuntu-ros2-dev/install/common_interfaces/share/common_interfaces/package.dsv
-- Symlinking: /work/ubuntu-ros2-dev/install/common_interfaces/share/ament_index/resource_index/packages/common_interfaces
-- Symlinking: /work/ubuntu-ros2-dev/install/common_interfaces/share/common_interfaces/cmake/common_interfacesConfig.cmake
-- Symlinking: /work/ubuntu-ros2-dev/install/common_interfaces/share/common_interfaces/cmake/common_interfacesConfig-version.cmake
-- Symlinking: /work/ubuntu-ros2-dev/install/common_interfaces/share/common_interfaces/package.xml
