-- The C compiler identification is GNU 11.4.0
-- The CXX compiler identification is GNU 11.4.0
-- Detecting C compiler ABI info
-- Detecting C compiler ABI info - done
-- Check for working C compiler: /usr/bin/cc - skipped
-- Detecting C compile features
-- Detecting C compile features - done
-- Detecting CXX compiler ABI info
-- Detecting CXX compiler ABI info - done
-- Check for working CXX compiler: /usr/bin/c++ - skipped
-- Detecting CXX compile features
-- Detecting CXX compile features - done
-- Found ament_cmake: 2.5.2 (/work/ubuntu-ros2-dev/install/ament_cmake/share/ament_cmake/cmake)
-- Found Python3: /usr/bin/python3 (found version "3.10.12") found components: Interpreter 
-- Override CMake install command with custom implementation using symlinks instead of copying resources
-- Found pluginlib: 5.4.2 (/work/ubuntu-ros2-dev/install/pluginlib/share/pluginlib/cmake)
-- Found rclcpp: 28.1.5 (/work/ubuntu-ros2-dev/install/rclcpp/share/rclcpp/cmake)
-- Found rosidl_generator_c: 4.6.4 (/work/ubuntu-ros2-dev/install/rosidl_generator_c/share/rosidl_generator_c/cmake)
-- Found rosidl_generator_cpp: 4.6.4 (/work/ubuntu-ros2-dev/install/rosidl_generator_cpp/share/rosidl_generator_cpp/cmake)
-- Using all available rosidl_typesupport_c: rosidl_typesupport_fastrtps_c;rosidl_typesupport_introspection_c
-- Using all available rosidl_typesupport_cpp: rosidl_typesupport_introspection_cpp;rosidl_typesupport_fastrtps_cpp
-- Found rmw_implementation_cmake: 7.3.1 (/work/ubuntu-ros2-dev/install/rmw_implementation_cmake/share/rmw_implementation_cmake/cmake)
-- Found rmw_fastrtps_cpp: 8.4.1 (/work/ubuntu-ros2-dev/install/rmw_fastrtps_cpp/share/rmw_fastrtps_cpp/cmake)
-- Found TinyXML2 via Config file: TinyXML2_DIR-NOTFOUND
-- Found OpenSSL: /usr/lib/aarch64-linux-gnu/libcrypto.so (found version "3.0.2")  
-- Found TinyXML2 via Config file: TinyXML2_DIR-NOTFOUND
-- Found FastRTPS: /work/ubuntu-ros2-dev/install/fastrtps/include (Required is at least version "2.13") 
-- Found TinyXML2 via Config file: TinyXML2_DIR-NOTFOUND
-- Found TinyXML2 via Config file: TinyXML2_DIR-NOTFOUND
-- Using RMW implementation 'rmw_fastrtps_cpp' as default
-- Found qt_gui_cpp: 2.7.4 (/work/ubuntu-ros2-dev/install/qt_gui_cpp/share/qt_gui_cpp/cmake)
-- Configuring done
-- Generating done
-- Build files have been written to: /work/ubuntu-ros2-dev/build/rqt_gui_cpp
[ 20%] [34m[1mAutomatic MOC for target rqt_gui_cpp[0m
[ 20%] Built target rqt_gui_cpp_autogen
[ 40%] [32mBuilding CXX object CMakeFiles/rqt_gui_cpp.dir/rqt_gui_cpp_autogen/mocs_compilation.cpp.o[0m
[ 60%] [32mBuilding CXX object CMakeFiles/rqt_gui_cpp.dir/src/rqt_gui_cpp/roscpp_plugin_provider.cpp.o[0m
[ 80%] [32mBuilding CXX object CMakeFiles/rqt_gui_cpp.dir/src/rqt_gui_cpp/nodelet_plugin_provider.cpp.o[0m
[100%] [32m[1mLinking CXX shared library librqt_gui_cpp.so[0m
[100%] Built target rqt_gui_cpp
-- Install configuration: ""
-- Execute custom install script
-- Symlinking: /work/ubuntu-ros2-dev/install/rqt_gui_cpp/include/rqt_gui_cpp/rqt_gui_cpp/plugin.h
-- Symlinking: /work/ubuntu-ros2-dev/install/rqt_gui_cpp/share/rqt_gui_cpp/plugin.xml
-- Up-to-date symlink: /work/ubuntu-ros2-dev/install/rqt_gui_cpp/share/rqt_gui_cpp//plugin.xml
-- Symlinking: /work/ubuntu-ros2-dev/install/rqt_gui_cpp/share/rqt_gui_cpp/environment/library_path.sh
-- Symlinking: /work/ubuntu-ros2-dev/install/rqt_gui_cpp/share/rqt_gui_cpp/environment/library_path.dsv
-- Symlinking: /work/ubuntu-ros2-dev/install/rqt_gui_cpp/share/ament_index/resource_index/package_run_dependencies/rqt_gui_cpp
-- Symlinking: /work/ubuntu-ros2-dev/install/rqt_gui_cpp/share/ament_index/resource_index/parent_prefix_path/rqt_gui_cpp
-- Symlinking: /work/ubuntu-ros2-dev/install/rqt_gui_cpp/share/rqt_gui_cpp/environment/ament_prefix_path.sh
-- Symlinking: /work/ubuntu-ros2-dev/install/rqt_gui_cpp/share/rqt_gui_cpp/environment/ament_prefix_path.dsv
-- Symlinking: /work/ubuntu-ros2-dev/install/rqt_gui_cpp/share/rqt_gui_cpp/environment/path.sh
-- Symlinking: /work/ubuntu-ros2-dev/install/rqt_gui_cpp/share/rqt_gui_cpp/environment/path.dsv
-- Symlinking: /work/ubuntu-ros2-dev/install/rqt_gui_cpp/share/rqt_gui_cpp/local_setup.bash
-- Symlinking: /work/ubuntu-ros2-dev/install/rqt_gui_cpp/share/rqt_gui_cpp/local_setup.sh
-- Symlinking: /work/ubuntu-ros2-dev/install/rqt_gui_cpp/share/rqt_gui_cpp/local_setup.zsh
-- Symlinking: /work/ubuntu-ros2-dev/install/rqt_gui_cpp/share/rqt_gui_cpp/local_setup.dsv
-- Symlinking: /work/ubuntu-ros2-dev/install/rqt_gui_cpp/share/rqt_gui_cpp/package.dsv
-- Symlinking: /work/ubuntu-ros2-dev/install/rqt_gui_cpp/share/ament_index/resource_index/packages/rqt_gui_cpp
-- Symlinking: /work/ubuntu-ros2-dev/install/rqt_gui_cpp/share/ament_index/resource_index/qt_gui__pluginlib__plugin/rqt_gui_cpp
-- Symlinking: /work/ubuntu-ros2-dev/install/rqt_gui_cpp/share/rqt_gui_cpp/cmake/ament_cmake_export_dependencies-extras.cmake
-- Symlinking: /work/ubuntu-ros2-dev/install/rqt_gui_cpp/share/rqt_gui_cpp/cmake/ament_cmake_export_include_directories-extras.cmake
-- Symlinking: /work/ubuntu-ros2-dev/install/rqt_gui_cpp/share/rqt_gui_cpp/cmake/ament_cmake_export_libraries-extras.cmake
-- Symlinking: /work/ubuntu-ros2-dev/install/rqt_gui_cpp/share/rqt_gui_cpp/cmake/ament_cmake_export_targets-extras.cmake
-- Symlinking: /work/ubuntu-ros2-dev/install/rqt_gui_cpp/share/rqt_gui_cpp/cmake/rqt_gui_cppConfig.cmake
-- Symlinking: /work/ubuntu-ros2-dev/install/rqt_gui_cpp/share/rqt_gui_cpp/cmake/rqt_gui_cppConfig-version.cmake
-- Symlinking: /work/ubuntu-ros2-dev/install/rqt_gui_cpp/share/rqt_gui_cpp/package.xml
-- Installing: /work/ubuntu-ros2-dev/install/rqt_gui_cpp/lib/librqt_gui_cpp.so
-- Set runtime path of "/work/ubuntu-ros2-dev/install/rqt_gui_cpp/lib/librqt_gui_cpp.so" to ""
-- Installing: /work/ubuntu-ros2-dev/install/rqt_gui_cpp/share/rqt_gui_cpp/cmake/export_rqt_gui_cppExport.cmake
-- Installing: /work/ubuntu-ros2-dev/install/rqt_gui_cpp/share/rqt_gui_cpp/cmake/export_rqt_gui_cppExport-noconfig.cmake
