-- The C compiler identification is GNU 11.4.0
-- The CXX compiler identification is GNU 11.4.0
-- Detecting C compiler ABI info
-- Detecting C compiler ABI info - done
-- Check for working C compiler: /usr/bin/cc - skipped
-- Detecting C compile features
-- Detecting C compile features - done
-- Detecting CXX compiler ABI info
-- Detecting CXX compiler ABI info - done
-- Check for working CXX compiler: /usr/bin/c++ - skipped
-- Detecting CXX compile features
-- Detecting CXX compile features - done
-- Found ament_cmake: 2.5.2 (/work/ubuntu-ros2-dev/install/ament_cmake/share/ament_cmake/cmake)
-- Found Python3: /usr/bin/python3 (found version "3.10.12") found components: Interpreter 
-- Override CMake install command with custom implementation using symlinks instead of copying resources
-- Found example_interfaces: 0.12.0 (/work/ubuntu-ros2-dev/install/example_interfaces/share/example_interfaces/cmake)
-- Found rosidl_generator_c: 4.6.4 (/work/ubuntu-ros2-dev/install/rosidl_generator_c/share/rosidl_generator_c/cmake)
-- Found rosidl_generator_cpp: 4.6.4 (/work/ubuntu-ros2-dev/install/rosidl_generator_cpp/share/rosidl_generator_cpp/cmake)
-- Using all available rosidl_typesupport_c: rosidl_typesupport_fastrtps_c;rosidl_typesupport_introspection_c
-- Using all available rosidl_typesupport_cpp: rosidl_typesupport_introspection_cpp;rosidl_typesupport_fastrtps_cpp
-- Found rclcpp: 28.1.5 (/work/ubuntu-ros2-dev/install/rclcpp/share/rclcpp/cmake)
-- Found rmw_implementation_cmake: 7.3.1 (/work/ubuntu-ros2-dev/install/rmw_implementation_cmake/share/rmw_implementation_cmake/cmake)
-- Found rmw_fastrtps_cpp: 8.4.1 (/work/ubuntu-ros2-dev/install/rmw_fastrtps_cpp/share/rmw_fastrtps_cpp/cmake)
-- Found OpenSSL: /usr/lib/aarch64-linux-gnu/libcrypto.so (found version "3.0.2")  
-- Found FastRTPS: /work/ubuntu-ros2-dev/install/fastrtps/include (Required is at least version "2.13") 
-- Using RMW implementation 'rmw_fastrtps_cpp' as default
-- Found rclcpp_components: 28.1.5 (/work/ubuntu-ros2-dev/install/rclcpp_components/share/rclcpp_components/cmake)
-- Found std_msgs: 5.3.5 (/work/ubuntu-ros2-dev/install/std_msgs/share/std_msgs/cmake)
-- Found ament_lint_auto: 0.17.1 (/work/ubuntu-ros2-dev/install/ament_lint_auto/share/ament_lint_auto/cmake)
-- Found python_cmake_module: 0.11.1 (/work/ubuntu-ros2-dev/install/python_cmake_module/share/python_cmake_module/cmake)
-- Found PythonExtra: /usr/bin/python3  
-- Added test 'copyright' to check source files copyright and LICENSE
-- Added test 'cppcheck' to perform static code analysis on C / C++ code
-- Configured cppcheck include dirs: /work/ubuntu-ros2-dev/src/ros2/demos/composition/include
-- Configured cppcheck exclude dirs and/or files: 
-- Added test 'cpplint' to check C / C++ code against the Google style
-- Configured cpplint exclude dirs and/or files: 
-- Added test 'flake8' to check Python code syntax and style conventions
-- Configured 'flake8' exclude dirs and/or files: 
-- Added test 'lint_cmake' to check CMake code style
-- Added test 'pep257' to check Python code against some of the docstring style conventions in PEP 257
-- Added test 'uncrustify' to check C / C++ code style
-- Configured uncrustify additional arguments: 
-- Added test 'xmllint' to check XML markup files
-- Configuring done
-- Generating done
-- Build files have been written to: /work/ubuntu-ros2-dev/build/composition
[  6%] [32mBuilding CXX object CMakeFiles/talker_component.dir/src/talker_component.cpp.o[0m
[ 12%] [32m[1mLinking CXX shared library libtalker_component.so[0m
[ 12%] Built target talker_component
[ 18%] [32mBuilding CXX object CMakeFiles/dlopen_composition.dir/src/dlopen_composition.cpp.o[0m
[ 25%] [32m[1mLinking CXX executable dlopen_composition[0m
[ 25%] Built target dlopen_composition
[ 31%] [32mBuilding CXX object CMakeFiles/client_component.dir/src/client_component.cpp.o[0m
[ 37%] [32m[1mLinking CXX shared library libclient_component.so[0m
[ 37%] Built target client_component
[ 43%] [32mBuilding CXX object CMakeFiles/server_component.dir/src/server_component.cpp.o[0m
[ 50%] [32m[1mLinking CXX shared library libserver_component.so[0m
[ 50%] Built target server_component
[ 56%] [32mBuilding CXX object CMakeFiles/node_like_listener_component.dir/src/node_like_listener_component.cpp.o[0m
[ 62%] [32m[1mLinking CXX shared library libnode_like_listener_component.so[0m
[ 62%] Built target node_like_listener_component
[ 68%] [32mBuilding CXX object CMakeFiles/listener_component.dir/src/listener_component.cpp.o[0m
[ 75%] [32m[1mLinking CXX shared library liblistener_component.so[0m
[ 75%] Built target listener_component
[ 81%] [32mBuilding CXX object CMakeFiles/manual_composition.dir/src/manual_composition.cpp.o[0m
[ 87%] [32m[1mLinking CXX executable manual_composition[0m
[ 87%] Built target manual_composition
[ 93%] [32mBuilding CXX object CMakeFiles/linktime_composition.dir/src/linktime_composition.cpp.o[0m
[100%] [32m[1mLinking CXX executable linktime_composition[0m
[100%] Built target linktime_composition
-- Install configuration: ""
-- Execute custom install script
-- Symlinking: /work/ubuntu-ros2-dev/install/composition/share/composition/environment/library_path.sh
-- Symlinking: /work/ubuntu-ros2-dev/install/composition/share/composition/environment/library_path.dsv
-- Symlinking: /work/ubuntu-ros2-dev/install/composition/lib/libtalker_component.so
-- Symlinking: /work/ubuntu-ros2-dev/install/composition/lib/liblistener_component.so
-- Symlinking: /work/ubuntu-ros2-dev/install/composition/lib/libnode_like_listener_component.so
-- Symlinking: /work/ubuntu-ros2-dev/install/composition/lib/libserver_component.so
-- Symlinking: /work/ubuntu-ros2-dev/install/composition/lib/libclient_component.so
-- Symlinking: /work/ubuntu-ros2-dev/install/composition/lib/composition/manual_composition
-- Symlinking: /work/ubuntu-ros2-dev/install/composition/lib/composition/linktime_composition
-- Symlinking: /work/ubuntu-ros2-dev/install/composition/lib/composition/dlopen_composition
-- Symlinking: /work/ubuntu-ros2-dev/install/composition/share/composition/launch/composition_demo_launch.py
-- Symlinking: /work/ubuntu-ros2-dev/install/composition/share/ament_index/resource_index/package_run_dependencies/composition
-- Symlinking: /work/ubuntu-ros2-dev/install/composition/share/ament_index/resource_index/parent_prefix_path/composition
-- Symlinking: /work/ubuntu-ros2-dev/install/composition/share/composition/environment/ament_prefix_path.sh
-- Symlinking: /work/ubuntu-ros2-dev/install/composition/share/composition/environment/ament_prefix_path.dsv
-- Symlinking: /work/ubuntu-ros2-dev/install/composition/share/composition/environment/path.sh
-- Symlinking: /work/ubuntu-ros2-dev/install/composition/share/composition/environment/path.dsv
-- Symlinking: /work/ubuntu-ros2-dev/install/composition/share/composition/local_setup.bash
-- Symlinking: /work/ubuntu-ros2-dev/install/composition/share/composition/local_setup.sh
-- Symlinking: /work/ubuntu-ros2-dev/install/composition/share/composition/local_setup.zsh
-- Symlinking: /work/ubuntu-ros2-dev/install/composition/share/composition/local_setup.dsv
-- Symlinking: /work/ubuntu-ros2-dev/install/composition/share/composition/package.dsv
-- Symlinking: /work/ubuntu-ros2-dev/install/composition/share/ament_index/resource_index/packages/composition
-- Symlinking: /work/ubuntu-ros2-dev/install/composition/share/ament_index/resource_index/rclcpp_components/composition
-- Symlinking: /work/ubuntu-ros2-dev/install/composition/share/composition/cmake/compositionConfig.cmake
-- Symlinking: /work/ubuntu-ros2-dev/install/composition/share/composition/cmake/compositionConfig-version.cmake
-- Symlinking: /work/ubuntu-ros2-dev/install/composition/share/composition/package.xml
