running develop
/usr/lib/python3/dist-packages/setuptools/command/easy_install.py:158: EasyInstallDeprecationWarning: easy_install command is deprecated. Use build and pip and other standards-based tools.
  warnings.warn(
running egg_info
creating src/rqt_shell.egg-info
writing src/rqt_shell.egg-info/PKG-INFO
writing dependency_links to src/rqt_shell.egg-info/dependency_links.txt
writing entry points to src/rqt_shell.egg-info/entry_points.txt
writing requirements to src/rqt_shell.egg-info/requires.txt
writing top-level names to src/rqt_shell.egg-info/top_level.txt
writing manifest file 'src/rqt_shell.egg-info/SOURCES.txt'
reading manifest file 'src/rqt_shell.egg-info/SOURCES.txt'
writing manifest file 'src/rqt_shell.egg-info/SOURCES.txt'
running build_ext
Creating /work/ubuntu-ros2-dev/install/rqt_shell/lib/python3.10/site-packages/rqt-shell.egg-link (link to src)
Installing rqt_shell script to /work/ubuntu-ros2-dev/install/rqt_shell/lib/rqt_shell

Installed /work/ubuntu-ros2-dev/build/rqt_shell/src
running symlink_data
creating /work/ubuntu-ros2-dev/install/rqt_shell/share/ament_index
creating /work/ubuntu-ros2-dev/install/rqt_shell/share/ament_index/resource_index
creating /work/ubuntu-ros2-dev/install/rqt_shell/share/ament_index/resource_index/packages
symbolically linking /work/ubuntu-ros2-dev/build/rqt_shell/resource/rqt_shell -> /work/ubuntu-ros2-dev/install/rqt_shell/share/ament_index/resource_index/packages
creating /work/ubuntu-ros2-dev/install/rqt_shell/share/rqt_shell/resource
symbolically linking /work/ubuntu-ros2-dev/build/rqt_shell/resource/shell_widget.ui -> /work/ubuntu-ros2-dev/install/rqt_shell/share/rqt_shell/resource
symbolically linking /work/ubuntu-ros2-dev/build/rqt_shell/package.xml -> /work/ubuntu-ros2-dev/install/rqt_shell/share/rqt_shell
symbolically linking /work/ubuntu-ros2-dev/build/rqt_shell/plugin.xml -> /work/ubuntu-ros2-dev/install/rqt_shell/share/rqt_shell
