-- The C compiler identification is GNU 11.4.0
-- The CXX compiler identification is GNU 11.4.0
-- Detecting C compiler ABI info
-- Detecting C compiler ABI info - done
-- Check for working C compiler: /usr/bin/cc - skipped
-- Detecting C compile features
-- Detecting C compile features - done
-- Detecting CXX compiler ABI info
-- Detecting CXX compiler ABI info - done
-- Check for working CXX compiler: /usr/bin/c++ - skipped
-- Detecting CXX compile features
-- Detecting CXX compile features - done
-- Found ament_cmake: 2.5.2 (/work/ubuntu-ros2-dev/install/ament_cmake/share/ament_cmake/cmake)
-- Found Python3: /usr/bin/python3 (found version "3.10.12") found components: Interpreter 
-- Override CMake install command with custom implementation using symlinks instead of copying resources
-- Found ament_index_cpp: 1.8.1 (/work/ubuntu-ros2-dev/install/ament_index_cpp/share/ament_index_cpp/cmake)
-- Found class_loader: 2.7.0 (/work/ubuntu-ros2-dev/install/class_loader/share/class_loader/cmake)
-- Found tinyxml2_vendor: 0.9.1 (/work/ubuntu-ros2-dev/install/tinyxml2_vendor/share/tinyxml2_vendor/cmake)
-- Found TinyXML2: /usr/lib/aarch64-linux-gnu/libtinyxml2.so  
-- Found ament_cmake_gtest: 2.5.2 (/work/ubuntu-ros2-dev/install/ament_cmake_gtest/share/ament_cmake_gtest/cmake)
-- Found gtest sources under '/work/ubuntu-ros2-dev/install/gtest_vendor/src/gtest_vendor': C++ tests using 'Google Test' will be built
-- Looking for pthread.h
-- Looking for pthread.h - found
-- Performing Test CMAKE_HAVE_LIBC_PTHREAD
-- Performing Test CMAKE_HAVE_LIBC_PTHREAD - Success
-- Found Threads: TRUE  
-- Configuring done
-- Generating done
-- Build files have been written to: /work/ubuntu-ros2-dev/build/pluginlib
[ 10%] [32mBuilding CXX object CMakeFiles/test_plugins.dir/test/test_plugins.cpp.o[0m
[ 20%] [32m[1mLinking CXX shared library libtest_plugins.so[0m
[ 20%] Built target test_plugins
[ 30%] [32mBuilding CXX object gtest/CMakeFiles/gtest_main.dir/src/gtest_main.cc.o[0m
[ 40%] [32m[1mLinking CXX static library libgtest_main.a[0m
[ 40%] Built target gtest_main
[ 40%] Built target pluginlib_enable_plugin_testing__test_pluginlib__test_pluginlib
[ 50%] [32mBuilding CXX object gtest/CMakeFiles/gtest.dir/src/gtest-all.cc.o[0m
[ 60%] [32m[1mLinking CXX static library libgtest.a[0m
[ 60%] Built target gtest
[ 70%] [32mBuilding CXX object CMakeFiles/pluginlib_unique_ptr_test.dir/test/unique_ptr_test.cpp.o[0m
[ 80%] [32m[1mLinking CXX executable pluginlib_unique_ptr_test[0m
[ 80%] Built target pluginlib_unique_ptr_test
[ 90%] [32mBuilding CXX object CMakeFiles/pluginlib_utest.dir/test/utest.cpp.o[0m
[100%] [32m[1mLinking CXX executable pluginlib_utest[0m
[100%] Built target pluginlib_utest
-- Install configuration: ""
-- Execute custom install script
-- Symlinking: /work/ubuntu-ros2-dev/install/pluginlib/share/pluginlib/cmake/blank.in
-- Symlinking: /work/ubuntu-ros2-dev/install/pluginlib/share/pluginlib/cmake/pluginlib_enable_plugin_testing.cmake
-- Symlinking: /work/ubuntu-ros2-dev/install/pluginlib/share/pluginlib/cmake/pluginlib_export_plugin_description_file.cmake
-- Symlinking: /work/ubuntu-ros2-dev/install/pluginlib/share/pluginlib/cmake/pluginlib_package_hook.cmake
-- Symlinking: /work/ubuntu-ros2-dev/install/pluginlib/include/pluginlib/pluginlib/class_desc.hpp
-- Symlinking: /work/ubuntu-ros2-dev/install/pluginlib/include/pluginlib/pluginlib/class_list_macros.hpp
-- Symlinking: /work/ubuntu-ros2-dev/install/pluginlib/include/pluginlib/pluginlib/class_loader.hpp
-- Symlinking: /work/ubuntu-ros2-dev/install/pluginlib/include/pluginlib/pluginlib/class_loader_base.hpp
-- Symlinking: /work/ubuntu-ros2-dev/install/pluginlib/include/pluginlib/pluginlib/class_loader_imp.hpp
-- Symlinking: /work/ubuntu-ros2-dev/install/pluginlib/include/pluginlib/pluginlib/exceptions.hpp
-- Symlinking: /work/ubuntu-ros2-dev/install/pluginlib/include/pluginlib/pluginlib/impl/split.hpp
-- Symlinking: /work/ubuntu-ros2-dev/install/pluginlib/share/ament_index/resource_index/package_run_dependencies/pluginlib
-- Symlinking: /work/ubuntu-ros2-dev/install/pluginlib/share/ament_index/resource_index/parent_prefix_path/pluginlib
-- Symlinking: /work/ubuntu-ros2-dev/install/pluginlib/share/pluginlib/environment/ament_prefix_path.sh
-- Symlinking: /work/ubuntu-ros2-dev/install/pluginlib/share/pluginlib/environment/ament_prefix_path.dsv
-- Symlinking: /work/ubuntu-ros2-dev/install/pluginlib/share/pluginlib/environment/path.sh
-- Symlinking: /work/ubuntu-ros2-dev/install/pluginlib/share/pluginlib/environment/path.dsv
-- Symlinking: /work/ubuntu-ros2-dev/install/pluginlib/share/pluginlib/local_setup.bash
-- Symlinking: /work/ubuntu-ros2-dev/install/pluginlib/share/pluginlib/local_setup.sh
-- Symlinking: /work/ubuntu-ros2-dev/install/pluginlib/share/pluginlib/local_setup.zsh
-- Symlinking: /work/ubuntu-ros2-dev/install/pluginlib/share/pluginlib/local_setup.dsv
-- Symlinking: /work/ubuntu-ros2-dev/install/pluginlib/share/pluginlib/package.dsv
-- Symlinking: /work/ubuntu-ros2-dev/install/pluginlib/share/ament_index/resource_index/packages/pluginlib
-- Symlinking: /work/ubuntu-ros2-dev/install/pluginlib/share/pluginlib/cmake/pluginlib-extras.cmake
-- Symlinking: /work/ubuntu-ros2-dev/install/pluginlib/share/pluginlib/cmake/ament_cmake_export_dependencies-extras.cmake
-- Symlinking: /work/ubuntu-ros2-dev/install/pluginlib/share/pluginlib/cmake/ament_cmake_export_targets-extras.cmake
-- Symlinking: /work/ubuntu-ros2-dev/install/pluginlib/share/pluginlib/cmake/pluginlibConfig.cmake
-- Symlinking: /work/ubuntu-ros2-dev/install/pluginlib/share/pluginlib/cmake/pluginlibConfig-version.cmake
-- Symlinking: /work/ubuntu-ros2-dev/install/pluginlib/share/pluginlib/package.xml
-- Installing: /work/ubuntu-ros2-dev/install/pluginlib/share/pluginlib/cmake/export_pluginlibExport.cmake
