-- The C compiler identification is GNU 11.4.0
-- The CXX compiler identification is GNU 11.4.0
-- Detecting C compiler ABI info
-- Detecting C compiler ABI info - done
-- Check for working C compiler: /usr/bin/cc - skipped
-- Detecting C compile features
-- Detecting C compile features - done
-- Detecting CXX compiler ABI info
-- Detecting CXX compiler ABI info - done
-- Check for working CXX compiler: /usr/bin/c++ - skipped
-- Detecting CXX compile features
-- Detecting CXX compile features - done
-- Found ament_cmake: 2.5.2 (/work/ubuntu-ros2-dev/install/ament_cmake/share/ament_cmake/cmake)
-- Found Python3: /usr/bin/python3 (found version "3.10.12") found components: Interpreter 
-- Override CMake install command with custom implementation using symlinks instead of copying resources
-- Configuring done
-- Generating done
-- Build files have been written to: /work/ubuntu-ros2-dev/build/qt_gui_core
-- Install configuration: ""
-- Execute custom install script
-- Symlinking: /work/ubuntu-ros2-dev/install/qt_gui_core/share/ament_index/resource_index/package_run_dependencies/qt_gui_core
-- Symlinking: /work/ubuntu-ros2-dev/install/qt_gui_core/share/ament_index/resource_index/parent_prefix_path/qt_gui_core
-- Symlinking: /work/ubuntu-ros2-dev/install/qt_gui_core/share/qt_gui_core/environment/ament_prefix_path.sh
-- Symlinking: /work/ubuntu-ros2-dev/install/qt_gui_core/share/qt_gui_core/environment/ament_prefix_path.dsv
-- Symlinking: /work/ubuntu-ros2-dev/install/qt_gui_core/share/qt_gui_core/environment/path.sh
-- Symlinking: /work/ubuntu-ros2-dev/install/qt_gui_core/share/qt_gui_core/environment/path.dsv
-- Symlinking: /work/ubuntu-ros2-dev/install/qt_gui_core/share/qt_gui_core/local_setup.bash
-- Symlinking: /work/ubuntu-ros2-dev/install/qt_gui_core/share/qt_gui_core/local_setup.sh
-- Symlinking: /work/ubuntu-ros2-dev/install/qt_gui_core/share/qt_gui_core/local_setup.zsh
-- Symlinking: /work/ubuntu-ros2-dev/install/qt_gui_core/share/qt_gui_core/local_setup.dsv
-- Symlinking: /work/ubuntu-ros2-dev/install/qt_gui_core/share/qt_gui_core/package.dsv
-- Symlinking: /work/ubuntu-ros2-dev/install/qt_gui_core/share/ament_index/resource_index/packages/qt_gui_core
-- Symlinking: /work/ubuntu-ros2-dev/install/qt_gui_core/share/qt_gui_core/cmake/qt_gui_coreConfig.cmake
-- Symlinking: /work/ubuntu-ros2-dev/install/qt_gui_core/share/qt_gui_core/cmake/qt_gui_coreConfig-version.cmake
-- Symlinking: /work/ubuntu-ros2-dev/install/qt_gui_core/share/qt_gui_core/package.xml
