-- The C compiler identification is GNU 11.4.0
-- The CXX compiler identification is GNU 11.4.0
-- Detecting C compiler ABI info
-- Detecting C compiler ABI info - done
-- Check for working C compiler: /usr/bin/cc - skipped
-- Detecting C compile features
-- Detecting C compile features - done
-- Detecting CXX compiler ABI info
-- Detecting CXX compiler ABI info - done
-- Check for working CXX compiler: /usr/bin/c++ - skipped
-- Detecting CXX compile features
-- Detecting CXX compile features - done
-- Found ament_cmake: 2.5.2 (/work/ubuntu-ros2-dev/install/ament_cmake/share/ament_cmake/cmake)
-- Found Python3: /usr/bin/python3 (found version "3.10.12") found components: Interpreter 
-- Override CMake install command with custom implementation using symlinks instead of copying resources
-- Found lifecycle_msgs: 2.0.2 (/work/ubuntu-ros2-dev/install/lifecycle_msgs/share/lifecycle_msgs/cmake)
-- Found rosidl_generator_c: 4.6.4 (/work/ubuntu-ros2-dev/install/rosidl_generator_c/share/rosidl_generator_c/cmake)
-- Found rosidl_generator_cpp: 4.6.4 (/work/ubuntu-ros2-dev/install/rosidl_generator_cpp/share/rosidl_generator_cpp/cmake)
-- Using all available rosidl_typesupport_c: rosidl_typesupport_fastrtps_c;rosidl_typesupport_introspection_c
-- Using all available rosidl_typesupport_cpp: rosidl_typesupport_introspection_cpp;rosidl_typesupport_fastrtps_cpp
-- Found rcl: 9.2.4 (/work/ubuntu-ros2-dev/install/rcl/share/rcl/cmake)
-- Found rmw_implementation_cmake: 7.3.1 (/work/ubuntu-ros2-dev/install/rmw_implementation_cmake/share/rmw_implementation_cmake/cmake)
-- Found rmw_fastrtps_cpp: 8.4.1 (/work/ubuntu-ros2-dev/install/rmw_fastrtps_cpp/share/rmw_fastrtps_cpp/cmake)
-- Found OpenSSL: /usr/lib/aarch64-linux-gnu/libcrypto.so (found version "3.0.2")  
-- Found FastRTPS: /work/ubuntu-ros2-dev/install/fastrtps/include (Required is at least version "2.13") 
-- Using RMW implementation 'rmw_fastrtps_cpp' as default
-- Found rcl_action: 9.2.4 (/work/ubuntu-ros2-dev/install/rcl_action/share/rcl_action/cmake)
-- Found rcl_lifecycle: 9.2.4 (/work/ubuntu-ros2-dev/install/rcl_lifecycle/share/rcl_lifecycle/cmake)
-- Found Python3: /usr/bin/python3 (found version "3.10.12") found components: Interpreter Development Development.Module Development.Embed 
-- Found pybind11_vendor: 3.1.2 (/work/ubuntu-ros2-dev/install/pybind11_vendor/share/pybind11_vendor/cmake)
-- Performing Test HAS_FLTO
-- Performing Test HAS_FLTO - Success
-- Found pybind11: /usr/include (found version "2.9.1")
-- Found ament_lint_auto: 0.17.1 (/work/ubuntu-ros2-dev/install/ament_lint_auto/share/ament_lint_auto/cmake)
-- Found gtest sources under '/work/ubuntu-ros2-dev/install/gtest_vendor/src/gtest_vendor': C++ tests using 'Google Test' will be built
-- Looking for pthread.h
-- Looking for pthread.h - found
-- Performing Test CMAKE_HAVE_LIBC_PTHREAD
-- Performing Test CMAKE_HAVE_LIBC_PTHREAD - Success
-- Found Threads: TRUE  
-- Added test 'copyright' to check source files copyright and LICENSE
-- Added test 'cpplint' to check C / C++ code against the Google style
-- Configured cpplint exclude dirs and/or files: 
-- Added test 'flake8' to check Python code syntax and style conventions
-- Configured 'flake8' exclude dirs and/or files: 
-- Added test 'lint_cmake' to check CMake code style
-- Added test 'pep257' to check Python code against some of the docstring style conventions in PEP 257
-- Added test 'uncrustify' to check C / C++ code style
-- Configured uncrustify additional arguments: 
-- Added test 'xmllint' to check XML markup files
-- Configuring done
-- Generating done
-- Build files have been written to: /work/ubuntu-ros2-dev/build/rclpy
[  2%] [32mBuilding CXX object CMakeFiles/_rclpy_pybind11.dir/src/rclpy/_rclpy_logging.cpp.o[0m
[  5%] [32mBuilding CXX object gtest/CMakeFiles/gtest_main.dir/src/gtest_main.cc.o[0m
[  7%] [32mBuilding CXX object CMakeFiles/_rclpy_pybind11.dir/src/rclpy/_rclpy_pybind11.cpp.o[0m
[ 10%] [32mBuilding CXX object CMakeFiles/_rclpy_pybind11.dir/src/rclpy/action_client.cpp.o[0m
[ 10%] Built target ament_cmake_python_symlink_rclpy
[ 12%] [32mBuilding CXX object gtest/CMakeFiles/gtest.dir/src/gtest-all.cc.o[0m
[ 15%] [32m[1mLinking CXX static library libgtest_main.a[0m
[ 17%] [32mBuilding CXX object CMakeFiles/_rclpy_pybind11.dir/src/rclpy/client.cpp.o[0m
[ 20%] [32mBuilding CXX object CMakeFiles/_rclpy_pybind11.dir/src/rclpy/action_server.cpp.o[0m
[ 20%] Built target gtest_main
running egg_info
creating rclpy.egg-info
writing rclpy.egg-info/PKG-INFO
writing dependency_links to rclpy.egg-info/dependency_links.txt
writing top-level names to rclpy.egg-info/top_level.txt
writing manifest file 'rclpy.egg-info/SOURCES.txt'
reading manifest file 'rclpy.egg-info/SOURCES.txt'
writing manifest file 'rclpy.egg-info/SOURCES.txt'
[ 20%] Built target ament_cmake_python_build_rclpy_egg
[ 23%] [32mBuilding CXX object CMakeFiles/_rclpy_pybind11.dir/src/rclpy/action_goal_handle.cpp.o[0m
[ 25%] [32mBuilding CXX object CMakeFiles/_rclpy_pybind11.dir/src/rclpy/clock.cpp.o[0m
[ 28%] [32mBuilding CXX object CMakeFiles/_rclpy_pybind11.dir/src/rclpy/context.cpp.o[0m
[ 30%] [32m[1mLinking CXX static library libgtest.a[0m
[ 30%] Built target gtest
[ 33%] [32mBuilding CXX object CMakeFiles/_rclpy_pybind11.dir/src/rclpy/guard_condition.cpp.o[0m
[ 35%] [32mBuilding CXX object CMakeFiles/_rclpy_pybind11.dir/src/rclpy/lifecycle.cpp.o[0m
[ 38%] [32mBuilding CXX object CMakeFiles/_rclpy_pybind11.dir/src/rclpy/logging.cpp.o[0m
[ 41%] [32mBuilding CXX object CMakeFiles/_rclpy_pybind11.dir/src/rclpy/graph.cpp.o[0m
[ 43%] [32mBuilding CXX object CMakeFiles/_rclpy_pybind11.dir/src/rclpy/names.cpp.o[0m
[ 46%] [32mBuilding CXX object CMakeFiles/_rclpy_pybind11.dir/src/rclpy/node.cpp.o[0m
[ 48%] [32mBuilding CXX object CMakeFiles/_rclpy_pybind11.dir/src/rclpy/publisher.cpp.o[0m
[ 51%] [32mBuilding CXX object CMakeFiles/_rclpy_pybind11.dir/src/rclpy/qos.cpp.o[0m
[ 53%] [32mBuilding CXX object CMakeFiles/_rclpy_pybind11.dir/src/rclpy/exceptions.cpp.o[0m
[ 56%] [32mBuilding CXX object CMakeFiles/_rclpy_pybind11.dir/src/rclpy/event_handle.cpp.o[0m
[ 58%] [32mBuilding CXX object CMakeFiles/_rclpy_pybind11.dir/src/rclpy/serialization.cpp.o[0m
[ 61%] [32mBuilding CXX object CMakeFiles/_rclpy_pybind11.dir/src/rclpy/service.cpp.o[0m
[ 64%] [32mBuilding CXX object CMakeFiles/_rclpy_pybind11.dir/src/rclpy/service_info.cpp.o[0m
[ 66%] [32mBuilding CXX object CMakeFiles/_rclpy_pybind11.dir/src/rclpy/service_introspection.cpp.o[0m
[ 69%] [32mBuilding CXX object CMakeFiles/_rclpy_pybind11.dir/src/rclpy/signal_handler.cpp.o[0m
[ 71%] [32mBuilding CXX object CMakeFiles/_rclpy_pybind11.dir/src/rclpy/subscription.cpp.o[0m
[ 74%] [32mBuilding CXX object CMakeFiles/_rclpy_pybind11.dir/src/rclpy/time_point.cpp.o[0m
[ 76%] [32mBuilding CXX object CMakeFiles/_rclpy_pybind11.dir/src/rclpy/timer.cpp.o[0m
[ 79%] [32mBuilding CXX object CMakeFiles/_rclpy_pybind11.dir/src/rclpy/type_description_service.cpp.o[0m
[ 82%] [32mBuilding CXX object CMakeFiles/_rclpy_pybind11.dir/src/rclpy/utils.cpp.o[0m
[ 84%] [32mBuilding CXX object CMakeFiles/_rclpy_pybind11.dir/src/rclpy/wait_set.cpp.o[0m
[ 87%] [32mBuilding CXX object CMakeFiles/_rclpy_pybind11.dir/src/rclpy/clock_event.cpp.o[0m
[ 89%] [32mBuilding CXX object CMakeFiles/_rclpy_pybind11.dir/src/rclpy/duration.cpp.o[0m
[ 92%] [32mBuilding CXX object CMakeFiles/_rclpy_pybind11.dir/src/rclpy/destroyable.cpp.o[0m
[ 94%] [32m[1mLinking CXX shared library test_rclpy/_rclpy_pybind11.cpython-310-aarch64-linux-gnu.so[0m
[ 94%] Built target _rclpy_pybind11
[ 97%] [32mBuilding CXX object CMakeFiles/test_python_allocator.dir/test/test_python_allocator.cpp.o[0m
[100%] [32m[1mLinking CXX executable test_python_allocator[0m
[100%] Built target test_python_allocator
-- Install configuration: ""
-- Execute custom install script
-- Symlinking: /work/ubuntu-ros2-dev/install/rclpy/share/rclpy/environment/pythonpath.sh
-- Symlinking: /work/ubuntu-ros2-dev/install/rclpy/share/rclpy/environment/pythonpath.dsv
-- Symlinking: /work/ubuntu-ros2-dev/install/rclpy/lib/python3.10/site-packages/rclpy-7.1.2-py3.10.egg-info/PKG-INFO
-- Symlinking: /work/ubuntu-ros2-dev/install/rclpy/lib/python3.10/site-packages/rclpy-7.1.2-py3.10.egg-info/SOURCES.txt
-- Symlinking: /work/ubuntu-ros2-dev/install/rclpy/lib/python3.10/site-packages/rclpy-7.1.2-py3.10.egg-info/dependency_links.txt
-- Symlinking: /work/ubuntu-ros2-dev/install/rclpy/lib/python3.10/site-packages/rclpy-7.1.2-py3.10.egg-info/top_level.txt
-- Symlinking: /work/ubuntu-ros2-dev/install/rclpy/lib/python3.10/site-packages/rclpy/__init__.py
-- Symlinking: /work/ubuntu-ros2-dev/install/rclpy/lib/python3.10/site-packages/rclpy/action/__init__.py
-- Symlinking: /work/ubuntu-ros2-dev/install/rclpy/lib/python3.10/site-packages/rclpy/action/client.py
-- Symlinking: /work/ubuntu-ros2-dev/install/rclpy/lib/python3.10/site-packages/rclpy/action/graph.py
-- Symlinking: /work/ubuntu-ros2-dev/install/rclpy/lib/python3.10/site-packages/rclpy/action/server.py
-- Symlinking: /work/ubuntu-ros2-dev/install/rclpy/lib/python3.10/site-packages/rclpy/callback_groups.py
-- Symlinking: /work/ubuntu-ros2-dev/install/rclpy/lib/python3.10/site-packages/rclpy/client.py
-- Symlinking: /work/ubuntu-ros2-dev/install/rclpy/lib/python3.10/site-packages/rclpy/clock.py
-- Symlinking: /work/ubuntu-ros2-dev/install/rclpy/lib/python3.10/site-packages/rclpy/clock_type.py
-- Symlinking: /work/ubuntu-ros2-dev/install/rclpy/lib/python3.10/site-packages/rclpy/constants.py
-- Symlinking: /work/ubuntu-ros2-dev/install/rclpy/lib/python3.10/site-packages/rclpy/context.py
-- Symlinking: /work/ubuntu-ros2-dev/install/rclpy/lib/python3.10/site-packages/rclpy/destroyable.py
-- Symlinking: /work/ubuntu-ros2-dev/install/rclpy/lib/python3.10/site-packages/rclpy/duration.py
-- Symlinking: /work/ubuntu-ros2-dev/install/rclpy/lib/python3.10/site-packages/rclpy/event_handler.py
-- Symlinking: /work/ubuntu-ros2-dev/install/rclpy/lib/python3.10/site-packages/rclpy/exceptions.py
-- Symlinking: /work/ubuntu-ros2-dev/install/rclpy/lib/python3.10/site-packages/rclpy/executors.py
-- Symlinking: /work/ubuntu-ros2-dev/install/rclpy/lib/python3.10/site-packages/rclpy/expand_topic_name.py
-- Symlinking: /work/ubuntu-ros2-dev/install/rclpy/lib/python3.10/site-packages/rclpy/guard_condition.py
-- Symlinking: /work/ubuntu-ros2-dev/install/rclpy/lib/python3.10/site-packages/rclpy/impl/__init__.py
-- Symlinking: /work/ubuntu-ros2-dev/install/rclpy/lib/python3.10/site-packages/rclpy/impl/implementation_singleton.py
-- Symlinking: /work/ubuntu-ros2-dev/install/rclpy/lib/python3.10/site-packages/rclpy/impl/logging_severity.py
-- Symlinking: /work/ubuntu-ros2-dev/install/rclpy/lib/python3.10/site-packages/rclpy/impl/rcutils_logger.py
-- Symlinking: /work/ubuntu-ros2-dev/install/rclpy/lib/python3.10/site-packages/rclpy/lifecycle/__init__.py
-- Symlinking: /work/ubuntu-ros2-dev/install/rclpy/lib/python3.10/site-packages/rclpy/lifecycle/managed_entity.py
-- Symlinking: /work/ubuntu-ros2-dev/install/rclpy/lib/python3.10/site-packages/rclpy/lifecycle/node.py
-- Symlinking: /work/ubuntu-ros2-dev/install/rclpy/lib/python3.10/site-packages/rclpy/lifecycle/publisher.py
-- Symlinking: /work/ubuntu-ros2-dev/install/rclpy/lib/python3.10/site-packages/rclpy/logging.py
-- Symlinking: /work/ubuntu-ros2-dev/install/rclpy/lib/python3.10/site-packages/rclpy/logging_service.py
-- Symlinking: /work/ubuntu-ros2-dev/install/rclpy/lib/python3.10/site-packages/rclpy/node.py
-- Symlinking: /work/ubuntu-ros2-dev/install/rclpy/lib/python3.10/site-packages/rclpy/parameter.py
-- Symlinking: /work/ubuntu-ros2-dev/install/rclpy/lib/python3.10/site-packages/rclpy/parameter_client.py
-- Symlinking: /work/ubuntu-ros2-dev/install/rclpy/lib/python3.10/site-packages/rclpy/parameter_event_handler.py
-- Symlinking: /work/ubuntu-ros2-dev/install/rclpy/lib/python3.10/site-packages/rclpy/parameter_service.py
-- Symlinking: /work/ubuntu-ros2-dev/install/rclpy/lib/python3.10/site-packages/rclpy/publisher.py
-- Symlinking: /work/ubuntu-ros2-dev/install/rclpy/lib/python3.10/site-packages/rclpy/py.typed
-- Symlinking: /work/ubuntu-ros2-dev/install/rclpy/lib/python3.10/site-packages/rclpy/qos.py
-- Symlinking: /work/ubuntu-ros2-dev/install/rclpy/lib/python3.10/site-packages/rclpy/qos_event.py
-- Symlinking: /work/ubuntu-ros2-dev/install/rclpy/lib/python3.10/site-packages/rclpy/qos_overriding_options.py
-- Symlinking: /work/ubuntu-ros2-dev/install/rclpy/lib/python3.10/site-packages/rclpy/serialization.py
-- Symlinking: /work/ubuntu-ros2-dev/install/rclpy/lib/python3.10/site-packages/rclpy/service.py
-- Symlinking: /work/ubuntu-ros2-dev/install/rclpy/lib/python3.10/site-packages/rclpy/service_introspection.py
-- Symlinking: /work/ubuntu-ros2-dev/install/rclpy/lib/python3.10/site-packages/rclpy/signals.py
-- Symlinking: /work/ubuntu-ros2-dev/install/rclpy/lib/python3.10/site-packages/rclpy/subscription.py
-- Symlinking: /work/ubuntu-ros2-dev/install/rclpy/lib/python3.10/site-packages/rclpy/task.py
-- Symlinking: /work/ubuntu-ros2-dev/install/rclpy/lib/python3.10/site-packages/rclpy/time.py
-- Symlinking: /work/ubuntu-ros2-dev/install/rclpy/lib/python3.10/site-packages/rclpy/time_source.py
-- Symlinking: /work/ubuntu-ros2-dev/install/rclpy/lib/python3.10/site-packages/rclpy/timer.py
-- Symlinking: /work/ubuntu-ros2-dev/install/rclpy/lib/python3.10/site-packages/rclpy/topic_endpoint_info.py
-- Symlinking: /work/ubuntu-ros2-dev/install/rclpy/lib/python3.10/site-packages/rclpy/topic_or_service_is_hidden.py
-- Symlinking: /work/ubuntu-ros2-dev/install/rclpy/lib/python3.10/site-packages/rclpy/type_description_service.py
-- Symlinking: /work/ubuntu-ros2-dev/install/rclpy/lib/python3.10/site-packages/rclpy/type_hash.py
-- Symlinking: /work/ubuntu-ros2-dev/install/rclpy/lib/python3.10/site-packages/rclpy/type_support.py
-- Symlinking: /work/ubuntu-ros2-dev/install/rclpy/lib/python3.10/site-packages/rclpy/utilities.py
-- Symlinking: /work/ubuntu-ros2-dev/install/rclpy/lib/python3.10/site-packages/rclpy/validate_full_topic_name.py
-- Symlinking: /work/ubuntu-ros2-dev/install/rclpy/lib/python3.10/site-packages/rclpy/validate_namespace.py
-- Symlinking: /work/ubuntu-ros2-dev/install/rclpy/lib/python3.10/site-packages/rclpy/validate_node_name.py
-- Symlinking: /work/ubuntu-ros2-dev/install/rclpy/lib/python3.10/site-packages/rclpy/validate_parameter_name.py
-- Symlinking: /work/ubuntu-ros2-dev/install/rclpy/lib/python3.10/site-packages/rclpy/validate_topic_name.py
-- Symlinking: /work/ubuntu-ros2-dev/install/rclpy/lib/python3.10/site-packages/rclpy/wait_for_message.py
-- Symlinking: /work/ubuntu-ros2-dev/install/rclpy/lib/python3.10/site-packages/rclpy/waitable.py
-- Symlinking: /work/ubuntu-ros2-dev/install/rclpy/lib/python3.10/site-packages/rclpy/_rclpy_pybind11.cpython-310-aarch64-linux-gnu.so
-- Symlinking: /work/ubuntu-ros2-dev/install/rclpy/share/rclpy/environment/library_path.sh
-- Symlinking: /work/ubuntu-ros2-dev/install/rclpy/share/rclpy/environment/library_path.dsv
-- Symlinking: /work/ubuntu-ros2-dev/install/rclpy/share/ament_index/resource_index/package_run_dependencies/rclpy
-- Symlinking: /work/ubuntu-ros2-dev/install/rclpy/share/ament_index/resource_index/parent_prefix_path/rclpy
-- Symlinking: /work/ubuntu-ros2-dev/install/rclpy/share/rclpy/environment/ament_prefix_path.sh
-- Symlinking: /work/ubuntu-ros2-dev/install/rclpy/share/rclpy/environment/ament_prefix_path.dsv
-- Symlinking: /work/ubuntu-ros2-dev/install/rclpy/share/rclpy/environment/path.sh
-- Symlinking: /work/ubuntu-ros2-dev/install/rclpy/share/rclpy/environment/path.dsv
-- Symlinking: /work/ubuntu-ros2-dev/install/rclpy/share/rclpy/local_setup.bash
-- Symlinking: /work/ubuntu-ros2-dev/install/rclpy/share/rclpy/local_setup.sh
-- Symlinking: /work/ubuntu-ros2-dev/install/rclpy/share/rclpy/local_setup.zsh
-- Symlinking: /work/ubuntu-ros2-dev/install/rclpy/share/rclpy/local_setup.dsv
-- Symlinking: /work/ubuntu-ros2-dev/install/rclpy/share/rclpy/package.dsv
-- Symlinking: /work/ubuntu-ros2-dev/install/rclpy/share/ament_index/resource_index/packages/rclpy
-- Symlinking: /work/ubuntu-ros2-dev/install/rclpy/share/rclpy/cmake/rclpyConfig.cmake
-- Symlinking: /work/ubuntu-ros2-dev/install/rclpy/share/rclpy/cmake/rclpyConfig-version.cmake
-- Symlinking: /work/ubuntu-ros2-dev/install/rclpy/share/rclpy/package.xml
Listing '/work/ubuntu-ros2-dev/install/rclpy/lib/python3.10/site-packages/rclpy'...
Compiling '/work/ubuntu-ros2-dev/install/rclpy/lib/python3.10/site-packages/rclpy/__init__.py'...
Listing '/work/ubuntu-ros2-dev/install/rclpy/lib/python3.10/site-packages/rclpy/action'...
Compiling '/work/ubuntu-ros2-dev/install/rclpy/lib/python3.10/site-packages/rclpy/action/__init__.py'...
Compiling '/work/ubuntu-ros2-dev/install/rclpy/lib/python3.10/site-packages/rclpy/action/client.py'...
Compiling '/work/ubuntu-ros2-dev/install/rclpy/lib/python3.10/site-packages/rclpy/action/graph.py'...
Compiling '/work/ubuntu-ros2-dev/install/rclpy/lib/python3.10/site-packages/rclpy/action/server.py'...
Compiling '/work/ubuntu-ros2-dev/install/rclpy/lib/python3.10/site-packages/rclpy/callback_groups.py'...
Compiling '/work/ubuntu-ros2-dev/install/rclpy/lib/python3.10/site-packages/rclpy/client.py'...
Compiling '/work/ubuntu-ros2-dev/install/rclpy/lib/python3.10/site-packages/rclpy/clock.py'...
Compiling '/work/ubuntu-ros2-dev/install/rclpy/lib/python3.10/site-packages/rclpy/clock_type.py'...
Compiling '/work/ubuntu-ros2-dev/install/rclpy/lib/python3.10/site-packages/rclpy/constants.py'...
Compiling '/work/ubuntu-ros2-dev/install/rclpy/lib/python3.10/site-packages/rclpy/context.py'...
Compiling '/work/ubuntu-ros2-dev/install/rclpy/lib/python3.10/site-packages/rclpy/destroyable.py'...
Compiling '/work/ubuntu-ros2-dev/install/rclpy/lib/python3.10/site-packages/rclpy/duration.py'...
Compiling '/work/ubuntu-ros2-dev/install/rclpy/lib/python3.10/site-packages/rclpy/event_handler.py'...
Compiling '/work/ubuntu-ros2-dev/install/rclpy/lib/python3.10/site-packages/rclpy/exceptions.py'...
Compiling '/work/ubuntu-ros2-dev/install/rclpy/lib/python3.10/site-packages/rclpy/executors.py'...
Compiling '/work/ubuntu-ros2-dev/install/rclpy/lib/python3.10/site-packages/rclpy/expand_topic_name.py'...
Compiling '/work/ubuntu-ros2-dev/install/rclpy/lib/python3.10/site-packages/rclpy/guard_condition.py'...
Listing '/work/ubuntu-ros2-dev/install/rclpy/lib/python3.10/site-packages/rclpy/impl'...
Compiling '/work/ubuntu-ros2-dev/install/rclpy/lib/python3.10/site-packages/rclpy/impl/__init__.py'...
Compiling '/work/ubuntu-ros2-dev/install/rclpy/lib/python3.10/site-packages/rclpy/impl/implementation_singleton.py'...
Compiling '/work/ubuntu-ros2-dev/install/rclpy/lib/python3.10/site-packages/rclpy/impl/logging_severity.py'...
Compiling '/work/ubuntu-ros2-dev/install/rclpy/lib/python3.10/site-packages/rclpy/impl/rcutils_logger.py'...
Listing '/work/ubuntu-ros2-dev/install/rclpy/lib/python3.10/site-packages/rclpy/lifecycle'...
Compiling '/work/ubuntu-ros2-dev/install/rclpy/lib/python3.10/site-packages/rclpy/lifecycle/__init__.py'...
Compiling '/work/ubuntu-ros2-dev/install/rclpy/lib/python3.10/site-packages/rclpy/lifecycle/managed_entity.py'...
Compiling '/work/ubuntu-ros2-dev/install/rclpy/lib/python3.10/site-packages/rclpy/lifecycle/node.py'...
Compiling '/work/ubuntu-ros2-dev/install/rclpy/lib/python3.10/site-packages/rclpy/lifecycle/publisher.py'...
Compiling '/work/ubuntu-ros2-dev/install/rclpy/lib/python3.10/site-packages/rclpy/logging.py'...
Compiling '/work/ubuntu-ros2-dev/install/rclpy/lib/python3.10/site-packages/rclpy/logging_service.py'...
Compiling '/work/ubuntu-ros2-dev/install/rclpy/lib/python3.10/site-packages/rclpy/node.py'...
Compiling '/work/ubuntu-ros2-dev/install/rclpy/lib/python3.10/site-packages/rclpy/parameter.py'...
Compiling '/work/ubuntu-ros2-dev/install/rclpy/lib/python3.10/site-packages/rclpy/parameter_client.py'...
Compiling '/work/ubuntu-ros2-dev/install/rclpy/lib/python3.10/site-packages/rclpy/parameter_event_handler.py'...
Compiling '/work/ubuntu-ros2-dev/install/rclpy/lib/python3.10/site-packages/rclpy/parameter_service.py'...
Compiling '/work/ubuntu-ros2-dev/install/rclpy/lib/python3.10/site-packages/rclpy/publisher.py'...
Compiling '/work/ubuntu-ros2-dev/install/rclpy/lib/python3.10/site-packages/rclpy/qos.py'...
Compiling '/work/ubuntu-ros2-dev/install/rclpy/lib/python3.10/site-packages/rclpy/qos_event.py'...
Compiling '/work/ubuntu-ros2-dev/install/rclpy/lib/python3.10/site-packages/rclpy/qos_overriding_options.py'...
Compiling '/work/ubuntu-ros2-dev/install/rclpy/lib/python3.10/site-packages/rclpy/serialization.py'...
Compiling '/work/ubuntu-ros2-dev/install/rclpy/lib/python3.10/site-packages/rclpy/service.py'...
Compiling '/work/ubuntu-ros2-dev/install/rclpy/lib/python3.10/site-packages/rclpy/service_introspection.py'...
Compiling '/work/ubuntu-ros2-dev/install/rclpy/lib/python3.10/site-packages/rclpy/signals.py'...
Compiling '/work/ubuntu-ros2-dev/install/rclpy/lib/python3.10/site-packages/rclpy/subscription.py'...
Compiling '/work/ubuntu-ros2-dev/install/rclpy/lib/python3.10/site-packages/rclpy/task.py'...
Compiling '/work/ubuntu-ros2-dev/install/rclpy/lib/python3.10/site-packages/rclpy/time.py'...
Compiling '/work/ubuntu-ros2-dev/install/rclpy/lib/python3.10/site-packages/rclpy/time_source.py'...
Compiling '/work/ubuntu-ros2-dev/install/rclpy/lib/python3.10/site-packages/rclpy/timer.py'...
Compiling '/work/ubuntu-ros2-dev/install/rclpy/lib/python3.10/site-packages/rclpy/topic_endpoint_info.py'...
Compiling '/work/ubuntu-ros2-dev/install/rclpy/lib/python3.10/site-packages/rclpy/topic_or_service_is_hidden.py'...
Compiling '/work/ubuntu-ros2-dev/install/rclpy/lib/python3.10/site-packages/rclpy/type_description_service.py'...
Compiling '/work/ubuntu-ros2-dev/install/rclpy/lib/python3.10/site-packages/rclpy/type_hash.py'...
Compiling '/work/ubuntu-ros2-dev/install/rclpy/lib/python3.10/site-packages/rclpy/type_support.py'...
Compiling '/work/ubuntu-ros2-dev/install/rclpy/lib/python3.10/site-packages/rclpy/utilities.py'...
Compiling '/work/ubuntu-ros2-dev/install/rclpy/lib/python3.10/site-packages/rclpy/validate_full_topic_name.py'...
Compiling '/work/ubuntu-ros2-dev/install/rclpy/lib/python3.10/site-packages/rclpy/validate_namespace.py'...
Compiling '/work/ubuntu-ros2-dev/install/rclpy/lib/python3.10/site-packages/rclpy/validate_node_name.py'...
Compiling '/work/ubuntu-ros2-dev/install/rclpy/lib/python3.10/site-packages/rclpy/validate_parameter_name.py'...
Compiling '/work/ubuntu-ros2-dev/install/rclpy/lib/python3.10/site-packages/rclpy/validate_topic_name.py'...
Compiling '/work/ubuntu-ros2-dev/install/rclpy/lib/python3.10/site-packages/rclpy/wait_for_message.py'...
Compiling '/work/ubuntu-ros2-dev/install/rclpy/lib/python3.10/site-packages/rclpy/waitable.py'...
