-- The C compiler identification is GNU 11.4.0
-- The CXX compiler identification is GNU 11.4.0
-- Detecting C compiler ABI info
-- Detecting C compiler ABI info - done
-- Check for working C compiler: /usr/bin/cc - skipped
-- Detecting C compile features
-- Detecting C compile features - done
-- Detecting CXX compiler ABI info
-- Detecting CXX compiler ABI info - done
-- Check for working CXX compiler: /usr/bin/c++ - skipped
-- Detecting CXX compile features
-- Detecting CXX compile features - done
-- Found ament_cmake_ros: 0.12.0 (/work/ubuntu-ros2-dev/install/ament_cmake_ros/share/ament_cmake_ros/cmake)
-- Found Python3: /usr/bin/python3 (found version "3.10.12") found components: Interpreter 
-- Override CMake install command with custom implementation using symlinks instead of copying resources
-- Found rcl_logging_interface: 3.1.0 (/work/ubuntu-ros2-dev/install/rcl_logging_interface/share/rcl_logging_interface/cmake)
-- Found rcpputils: 2.11.0 (/work/ubuntu-ros2-dev/install/rcpputils/share/rcpputils/cmake)
-- Found spdlog_vendor: 1.6.1 (/work/ubuntu-ros2-dev/install/spdlog_vendor/share/spdlog_vendor/cmake)
-- Looking for pthread.h
-- Looking for pthread.h - found
-- Performing Test CMAKE_HAVE_LIBC_PTHREAD
-- Performing Test CMAKE_HAVE_LIBC_PTHREAD - Success
-- Found Threads: TRUE  
-- Found ament_lint_auto: 0.17.1 (/work/ubuntu-ros2-dev/install/ament_lint_auto/share/ament_lint_auto/cmake)
-- Found gmock sources under '/work/ubuntu-ros2-dev/install/gmock_vendor/src/gmock_vendor': C++ tests using 'Google Mock' will be built
-- Found gtest sources under '/work/ubuntu-ros2-dev/install/gtest_vendor/src/gtest_vendor': C++ tests using 'Google Test' will be built
-- Performance tests are disabled by default, so Google Benchmark tests will be skipped. To enable these tests, set the CMake variable 'AMENT_RUN_PERFORMANCE_TESTS'.
-- Added test 'copyright' to check source files copyright and LICENSE
-- Added test 'cpplint' to check C / C++ code against the Google style
-- Configured cpplint exclude dirs and/or files: 
-- Added test 'lint_cmake' to check CMake code style
-- Added test 'uncrustify' to check C / C++ code style
-- Configured uncrustify additional arguments: 
-- Added test 'xmllint' to check XML markup files
-- Configuring done
-- Generating done
-- Build files have been written to: /work/ubuntu-ros2-dev/build/rcl_logging_spdlog
[  9%] [32mBuilding CXX object CMakeFiles/rcl_logging_spdlog.dir/src/rcl_logging_spdlog.cpp.o[0m
[ 18%] [32m[1mLinking CXX shared library librcl_logging_spdlog.so[0m
[ 18%] Built target rcl_logging_spdlog
[ 27%] [32mBuilding CXX object gmock/CMakeFiles/gmock.dir/work/ubuntu-ros2-dev/install/gtest_vendor/src/gtest_vendor/src/gtest-all.cc.o[0m
[ 36%] [32mBuilding CXX object gmock/CMakeFiles/gmock.dir/src/gmock-all.cc.o[0m
[ 45%] [32m[1mLinking CXX static library libgmock.a[0m
[ 45%] Built target gmock
[ 54%] [32mBuilding CXX object CMakeFiles/benchmark_logging_interface.dir/test/benchmark/benchmark_logging_interface.cpp.o[0m
[ 63%] [32mBuilding CXX object gmock/CMakeFiles/gmock_main.dir/src/gmock_main.cc.o[0m
[ 72%] [32m[1mLinking CXX executable benchmark_logging_interface[0m
[ 72%] Built target benchmark_logging_interface
[ 81%] [32m[1mLinking CXX static library libgmock_main.a[0m
[ 81%] Built target gmock_main
[ 90%] [32mBuilding CXX object CMakeFiles/test_logging_interface.dir/test/test_logging_interface.cpp.o[0m
[100%] [32m[1mLinking CXX executable test_logging_interface[0m
[100%] Built target test_logging_interface
-- Install configuration: ""
-- Execute custom install script
-- Symlinking: /work/ubuntu-ros2-dev/install/rcl_logging_spdlog/share/rcl_logging_spdlog/environment/library_path.sh
-- Symlinking: /work/ubuntu-ros2-dev/install/rcl_logging_spdlog/share/rcl_logging_spdlog/environment/library_path.dsv
-- Symlinking: /work/ubuntu-ros2-dev/install/rcl_logging_spdlog/share/ament_index/resource_index/package_run_dependencies/rcl_logging_spdlog
-- Symlinking: /work/ubuntu-ros2-dev/install/rcl_logging_spdlog/share/ament_index/resource_index/parent_prefix_path/rcl_logging_spdlog
-- Symlinking: /work/ubuntu-ros2-dev/install/rcl_logging_spdlog/share/rcl_logging_spdlog/environment/ament_prefix_path.sh
-- Symlinking: /work/ubuntu-ros2-dev/install/rcl_logging_spdlog/share/rcl_logging_spdlog/environment/ament_prefix_path.dsv
-- Symlinking: /work/ubuntu-ros2-dev/install/rcl_logging_spdlog/share/rcl_logging_spdlog/environment/path.sh
-- Symlinking: /work/ubuntu-ros2-dev/install/rcl_logging_spdlog/share/rcl_logging_spdlog/environment/path.dsv
-- Symlinking: /work/ubuntu-ros2-dev/install/rcl_logging_spdlog/share/rcl_logging_spdlog/local_setup.bash
-- Symlinking: /work/ubuntu-ros2-dev/install/rcl_logging_spdlog/share/rcl_logging_spdlog/local_setup.sh
-- Symlinking: /work/ubuntu-ros2-dev/install/rcl_logging_spdlog/share/rcl_logging_spdlog/local_setup.zsh
-- Symlinking: /work/ubuntu-ros2-dev/install/rcl_logging_spdlog/share/rcl_logging_spdlog/local_setup.dsv
-- Symlinking: /work/ubuntu-ros2-dev/install/rcl_logging_spdlog/share/rcl_logging_spdlog/package.dsv
-- Symlinking: /work/ubuntu-ros2-dev/install/rcl_logging_spdlog/share/ament_index/resource_index/packages/rcl_logging_spdlog
-- Symlinking: /work/ubuntu-ros2-dev/install/rcl_logging_spdlog/share/rcl_logging_spdlog/cmake/ament_cmake_export_dependencies-extras.cmake
-- Symlinking: /work/ubuntu-ros2-dev/install/rcl_logging_spdlog/share/rcl_logging_spdlog/cmake/ament_cmake_export_libraries-extras.cmake
-- Symlinking: /work/ubuntu-ros2-dev/install/rcl_logging_spdlog/share/rcl_logging_spdlog/cmake/ament_cmake_export_targets-extras.cmake
-- Symlinking: /work/ubuntu-ros2-dev/install/rcl_logging_spdlog/share/rcl_logging_spdlog/cmake/rcl_logging_spdlogConfig.cmake
-- Symlinking: /work/ubuntu-ros2-dev/install/rcl_logging_spdlog/share/rcl_logging_spdlog/cmake/rcl_logging_spdlogConfig-version.cmake
-- Symlinking: /work/ubuntu-ros2-dev/install/rcl_logging_spdlog/share/rcl_logging_spdlog/package.xml
-- Installing: /work/ubuntu-ros2-dev/install/rcl_logging_spdlog/lib/librcl_logging_spdlog.so
-- Set runtime path of "/work/ubuntu-ros2-dev/install/rcl_logging_spdlog/lib/librcl_logging_spdlog.so" to ""
-- Installing: /work/ubuntu-ros2-dev/install/rcl_logging_spdlog/share/rcl_logging_spdlog/cmake/rcl_logging_spdlogExport.cmake
-- Installing: /work/ubuntu-ros2-dev/install/rcl_logging_spdlog/share/rcl_logging_spdlog/cmake/rcl_logging_spdlogExport-noconfig.cmake
