-- The C compiler identification is GNU 11.4.0
-- The CXX compiler identification is GNU 11.4.0
-- Detecting C compiler ABI info
-- Detecting C compiler ABI info - done
-- Check for working C compiler: /usr/bin/cc - skipped
-- Detecting C compile features
-- Detecting C compile features - done
-- Detecting CXX compiler ABI info
-- Detecting CXX compiler ABI info - done
-- Check for working CXX compiler: /usr/bin/c++ - skipped
-- Detecting CXX compile features
-- Detecting CXX compile features - done
-- Found ament_cmake_ros: 0.12.0 (/work/ubuntu-ros2-dev/install/ament_cmake_ros/share/ament_cmake_ros/cmake)
-- Found Python3: /usr/bin/python3 (found version "3.10.12") found components: Interpreter 
-- Override CMake install command with custom implementation using symlinks instead of copying resources
-- Found rosidl_dynamic_typesupport: 0.1.2 (/work/ubuntu-ros2-dev/install/rosidl_dynamic_typesupport/share/rosidl_dynamic_typesupport/cmake)
-- Found rcpputils: 2.11.0 (/work/ubuntu-ros2-dev/install/rcpputils/share/rcpputils/cmake)
-- Found rmw_dds_common: 3.1.0 (/work/ubuntu-ros2-dev/install/rmw_dds_common/share/rmw_dds_common/cmake)
-- Found rosidl_generator_c: 4.6.4 (/work/ubuntu-ros2-dev/install/rosidl_generator_c/share/rosidl_generator_c/cmake)
-- Found rosidl_generator_cpp: 4.6.4 (/work/ubuntu-ros2-dev/install/rosidl_generator_cpp/share/rosidl_generator_cpp/cmake)
-- Using all available rosidl_typesupport_c: rosidl_typesupport_fastrtps_c;rosidl_typesupport_introspection_c
-- Using all available rosidl_typesupport_cpp: rosidl_typesupport_introspection_cpp;rosidl_typesupport_fastrtps_cpp
-- Found tracetools: 8.2.2 (/work/ubuntu-ros2-dev/install/tracetools/share/tracetools/cmake)
-- Found OpenSSL: /usr/lib/aarch64-linux-gnu/libcrypto.so (found version "3.0.2")  
-- Found FastRTPS: /work/ubuntu-ros2-dev/install/fastrtps/include (Required is at least version "2.13") 
-- Found ament_lint_auto: 0.17.1 (/work/ubuntu-ros2-dev/install/ament_lint_auto/share/ament_lint_auto/cmake)
-- Found gtest sources under '/work/ubuntu-ros2-dev/install/gtest_vendor/src/gtest_vendor': C++ tests using 'Google Test' will be built
-- Looking for pthread.h
-- Looking for pthread.h - found
-- Performing Test CMAKE_HAVE_LIBC_PTHREAD
-- Performing Test CMAKE_HAVE_LIBC_PTHREAD - Success
-- Found Threads: TRUE  
-- Found gmock sources under '/work/ubuntu-ros2-dev/install/gmock_vendor/src/gmock_vendor': C++ tests using 'Google Mock' will be built
-- Added test 'copyright' to check source files copyright and LICENSE
-- Added test 'cppcheck' to perform static code analysis on C / C++ code
-- Configured cppcheck include dirs: $<BUILD_INTERFACE:/work/ubuntu-ros2-dev/src/ros2/rmw_fastrtps/rmw_fastrtps_shared_cpp/include>
-- Configured cppcheck exclude dirs and/or files: 
-- Added test 'cpplint' to check C / C++ code against the Google style
-- Configured cpplint exclude dirs and/or files: 
-- Added test 'lint_cmake' to check CMake code style
-- Added test 'uncrustify' to check C / C++ code style
-- Configured uncrustify additional arguments: 
-- Added test 'xmllint' to check XML markup files
-- Configuring done
-- Generating done
-- Build files have been written to: /work/ubuntu-ros2-dev/build/rmw_fastrtps_shared_cpp
[  1%] [32mBuilding CXX object CMakeFiles/rmw_fastrtps_shared_cpp.dir/src/custom_participant_info.cpp.o[0m
[  2%] [32mBuilding CXX object CMakeFiles/rmw_fastrtps_shared_cpp.dir/src/create_rmw_gid.cpp.o[0m
[  4%] [32mBuilding CXX object CMakeFiles/rmw_fastrtps_shared_cpp.dir/src/demangle.cpp.o[0m
[  5%] [32mBuilding CXX object CMakeFiles/rmw_fastrtps_shared_cpp.dir/src/init_rmw_context_impl.cpp.o[0m
[  6%] [32mBuilding CXX object CMakeFiles/rmw_fastrtps_shared_cpp.dir/src/listener_thread.cpp.o[0m
[  8%] [32mBuilding CXX object CMakeFiles/rmw_fastrtps_shared_cpp.dir/src/namespace_prefix.cpp.o[0m
[  9%] [32mBuilding CXX object CMakeFiles/rmw_fastrtps_shared_cpp.dir/src/participant.cpp.o[0m
[ 10%] [32mBuilding CXX object CMakeFiles/rmw_fastrtps_shared_cpp.dir/src/publisher.cpp.o[0m
[ 12%] [32mBuilding CXX object CMakeFiles/rmw_fastrtps_shared_cpp.dir/src/custom_subscriber_info.cpp.o[0m
[ 13%] [32mBuilding CXX object CMakeFiles/rmw_fastrtps_shared_cpp.dir/src/qos.cpp.o[0m
[ 15%] [32mBuilding CXX object CMakeFiles/rmw_fastrtps_shared_cpp.dir/src/rmw_client.cpp.o[0m
[ 16%] [32mBuilding CXX object CMakeFiles/rmw_fastrtps_shared_cpp.dir/src/rmw_compare_gids_equal.cpp.o[0m
[ 17%] [32mBuilding CXX object CMakeFiles/rmw_fastrtps_shared_cpp.dir/src/rmw_count.cpp.o[0m
[ 19%] [32mBuilding CXX object CMakeFiles/rmw_fastrtps_shared_cpp.dir/src/rmw_event.cpp.o[0m
[ 20%] [32mBuilding CXX object CMakeFiles/rmw_fastrtps_shared_cpp.dir/src/rmw_features.cpp.o[0m
[ 21%] [32mBuilding CXX object CMakeFiles/rmw_fastrtps_shared_cpp.dir/src/rmw_get_endpoint_network_flow.cpp.o[0m
[ 23%] [32mBuilding CXX object CMakeFiles/rmw_fastrtps_shared_cpp.dir/src/rmw_get_gid_for_client.cpp.o[0m
[ 24%] [32mBuilding CXX object CMakeFiles/rmw_fastrtps_shared_cpp.dir/src/rmw_get_gid_for_publisher.cpp.o[0m
[ 26%] [32mBuilding CXX object CMakeFiles/rmw_fastrtps_shared_cpp.dir/src/rmw_get_topic_endpoint_info.cpp.o[0m
[ 27%] [32mBuilding CXX object CMakeFiles/rmw_fastrtps_shared_cpp.dir/src/rmw_guard_condition.cpp.o[0m
[ 28%] [32mBuilding CXX object CMakeFiles/rmw_fastrtps_shared_cpp.dir/src/rmw_init.cpp.o[0m
[ 30%] [32mBuilding CXX object CMakeFiles/rmw_fastrtps_shared_cpp.dir/src/rmw_logging.cpp.o[0m
[ 31%] [32mBuilding CXX object CMakeFiles/rmw_fastrtps_shared_cpp.dir/src/rmw_node.cpp.o[0m
[ 32%] [32mBuilding CXX object CMakeFiles/rmw_fastrtps_shared_cpp.dir/src/rmw_node_info_and_types.cpp.o[0m
[ 34%] [32mBuilding CXX object CMakeFiles/rmw_fastrtps_shared_cpp.dir/src/rmw_node_names.cpp.o[0m
[ 35%] [32mBuilding CXX object CMakeFiles/rmw_fastrtps_shared_cpp.dir/src/custom_publisher_info.cpp.o[0m
[ 36%] [32mBuilding CXX object CMakeFiles/rmw_fastrtps_shared_cpp.dir/src/rmw_publish.cpp.o[0m
[ 38%] [32mBuilding CXX object CMakeFiles/rmw_fastrtps_shared_cpp.dir/src/rmw_publisher.cpp.o[0m
[ 39%] [32mBuilding CXX object CMakeFiles/rmw_fastrtps_shared_cpp.dir/src/rmw_qos.cpp.o[0m
[ 41%] [32mBuilding CXX object CMakeFiles/rmw_fastrtps_shared_cpp.dir/src/rmw_request.cpp.o[0m
[ 42%] [32mBuilding CXX object CMakeFiles/rmw_fastrtps_shared_cpp.dir/src/rmw_response.cpp.o[0m
[ 43%] [32mBuilding CXX object CMakeFiles/rmw_fastrtps_shared_cpp.dir/src/rmw_security_logging.cpp.o[0m
[ 45%] [32mBuilding CXX object CMakeFiles/rmw_fastrtps_shared_cpp.dir/src/rmw_service.cpp.o[0m
[ 46%] [32mBuilding CXX object CMakeFiles/rmw_fastrtps_shared_cpp.dir/src/rmw_service_names_and_types.cpp.o[0m
[ 47%] [32mBuilding CXX object CMakeFiles/rmw_fastrtps_shared_cpp.dir/src/rmw_service_server_is_available.cpp.o[0m
[ 49%] [32mBuilding CXX object CMakeFiles/rmw_fastrtps_shared_cpp.dir/src/rmw_subscription.cpp.o[0m
[ 50%] [32mBuilding CXX object CMakeFiles/rmw_fastrtps_shared_cpp.dir/src/rmw_take.cpp.o[0m
[ 53%] [32mBuilding CXX object CMakeFiles/rmw_fastrtps_shared_cpp.dir/src/rmw_trigger_guard_condition.cpp.o[0m
[ 53%] [32mBuilding CXX object CMakeFiles/rmw_fastrtps_shared_cpp.dir/src/rmw_topic_names_and_types.cpp.o[0m
[ 56%] [32mBuilding CXX object CMakeFiles/rmw_fastrtps_shared_cpp.dir/src/rmw_wait_set.cpp.o[0m
[ 56%] [32mBuilding CXX object CMakeFiles/rmw_fastrtps_shared_cpp.dir/src/rmw_wait.cpp.o[0m
[ 57%] [32mBuilding CXX object CMakeFiles/rmw_fastrtps_shared_cpp.dir/src/subscription.cpp.o[0m
[ 58%] [32mBuilding CXX object CMakeFiles/rmw_fastrtps_shared_cpp.dir/src/time_utils.cpp.o[0m
[ 60%] [32mBuilding CXX object CMakeFiles/rmw_fastrtps_shared_cpp.dir/src/TypeSupport_impl.cpp.o[0m
[ 61%] [32mBuilding CXX object CMakeFiles/rmw_fastrtps_shared_cpp.dir/src/utils.cpp.o[0m
[ 63%] [32m[1mLinking CXX shared library librmw_fastrtps_shared_cpp.so[0m
[ 63%] Built target rmw_fastrtps_shared_cpp
[ 68%] [32mBuilding CXX object gtest/CMakeFiles/gtest.dir/src/gtest-all.cc.o[0m
[ 68%] [32mBuilding CXX object gmock/CMakeFiles/gmock.dir/src/gmock-all.cc.o[0m
[ 68%] [32mBuilding CXX object gmock/CMakeFiles/gmock_main.dir/src/gmock_main.cc.o[0m
[ 68%] [32mBuilding CXX object gmock/CMakeFiles/gmock.dir/work/ubuntu-ros2-dev/install/gtest_vendor/src/gtest_vendor/src/gtest-all.cc.o[0m
[ 69%] [32m[1mLinking CXX static library libgmock_main.a[0m
[ 69%] Built target gmock_main
[ 71%] [32mBuilding CXX object gtest/CMakeFiles/gtest_main.dir/src/gtest_main.cc.o[0m
[ 72%] [32m[1mLinking CXX static library libgtest_main.a[0m
[ 72%] Built target gtest_main
[ 73%] [32m[1mLinking CXX static library libgtest.a[0m
[ 75%] [32m[1mLinking CXX static library libgmock.a[0m
[ 75%] Built target gtest
[ 76%] [32mBuilding CXX object test/CMakeFiles/test_dds_attributes_to_rmw_qos.dir/test_dds_attributes_to_rmw_qos.cpp.o[0m
[ 76%] Built target gmock
[ 78%] [32mBuilding CXX object test/CMakeFiles/test_names.dir/test_names.cpp.o[0m
[ 79%] [32mBuilding CXX object test/CMakeFiles/test_qos_profile_check_compatible.dir/test_qos_profile_check_compatible.cpp.o[0m
[ 80%] [32m[1mLinking CXX executable test_names[0m
[ 82%] [32m[1mLinking CXX executable test_qos_profile_check_compatible[0m
[ 82%] Built target test_names
[ 83%] [32mBuilding CXX object test/CMakeFiles/test_logging.dir/test_logging.cpp.o[0m
[ 83%] Built target test_qos_profile_check_compatible
[ 84%] [32mBuilding CXX object test/CMakeFiles/test_security_logging.dir/test_security_logging.cpp.o[0m
[ 86%] [32m[1mLinking CXX executable test_dds_attributes_to_rmw_qos[0m
[ 87%] [32m[1mLinking CXX executable test_logging[0m
[ 87%] Built target test_dds_attributes_to_rmw_qos
[ 89%] [32mBuilding CXX object test/CMakeFiles/test_guid_utils.dir/test_guid_utils.cpp.o[0m
[ 89%] Built target test_logging
[ 90%] [32mBuilding CXX object test/CMakeFiles/test_rmw_init_options.dir/test_rmw_init_options.cpp.o[0m
[ 91%] [32m[1mLinking CXX executable test_security_logging[0m
[ 91%] Built target test_security_logging
[ 93%] [32mBuilding CXX object test/CMakeFiles/test_rmw_qos_to_dds_attributes.dir/test_rmw_qos_to_dds_attributes.cpp.o[0m
[ 94%] [32m[1mLinking CXX executable test_rmw_init_options[0m
[ 95%] [32m[1mLinking CXX executable test_guid_utils[0m
[ 95%] Built target test_guid_utils
[ 97%] [32mBuilding CXX object test/CMakeFiles/test_dds_qos_to_rmw_qos.dir/test_dds_qos_to_rmw_qos.cpp.o[0m
[ 97%] Built target test_rmw_init_options
[ 98%] [32m[1mLinking CXX executable test_rmw_qos_to_dds_attributes[0m
[ 98%] Built target test_rmw_qos_to_dds_attributes
[100%] [32m[1mLinking CXX executable test_dds_qos_to_rmw_qos[0m
[100%] Built target test_dds_qos_to_rmw_qos
-- Install configuration: ""
-- Execute custom install script
-- Symlinking: /work/ubuntu-ros2-dev/install/rmw_fastrtps_shared_cpp/share/rmw_fastrtps_shared_cpp/environment/library_path.sh
-- Symlinking: /work/ubuntu-ros2-dev/install/rmw_fastrtps_shared_cpp/share/rmw_fastrtps_shared_cpp/environment/library_path.dsv
-- Symlinking: /work/ubuntu-ros2-dev/install/rmw_fastrtps_shared_cpp/share/ament_index/resource_index/package_run_dependencies/rmw_fastrtps_shared_cpp
-- Symlinking: /work/ubuntu-ros2-dev/install/rmw_fastrtps_shared_cpp/share/ament_index/resource_index/parent_prefix_path/rmw_fastrtps_shared_cpp
-- Symlinking: /work/ubuntu-ros2-dev/install/rmw_fastrtps_shared_cpp/share/rmw_fastrtps_shared_cpp/environment/ament_prefix_path.sh
-- Symlinking: /work/ubuntu-ros2-dev/install/rmw_fastrtps_shared_cpp/share/rmw_fastrtps_shared_cpp/environment/ament_prefix_path.dsv
-- Symlinking: /work/ubuntu-ros2-dev/install/rmw_fastrtps_shared_cpp/share/rmw_fastrtps_shared_cpp/environment/path.sh
-- Symlinking: /work/ubuntu-ros2-dev/install/rmw_fastrtps_shared_cpp/share/rmw_fastrtps_shared_cpp/environment/path.dsv
-- Symlinking: /work/ubuntu-ros2-dev/install/rmw_fastrtps_shared_cpp/share/rmw_fastrtps_shared_cpp/local_setup.bash
-- Symlinking: /work/ubuntu-ros2-dev/install/rmw_fastrtps_shared_cpp/share/rmw_fastrtps_shared_cpp/local_setup.sh
-- Symlinking: /work/ubuntu-ros2-dev/install/rmw_fastrtps_shared_cpp/share/rmw_fastrtps_shared_cpp/local_setup.zsh
-- Symlinking: /work/ubuntu-ros2-dev/install/rmw_fastrtps_shared_cpp/share/rmw_fastrtps_shared_cpp/local_setup.dsv
-- Symlinking: /work/ubuntu-ros2-dev/install/rmw_fastrtps_shared_cpp/share/rmw_fastrtps_shared_cpp/package.dsv
-- Symlinking: /work/ubuntu-ros2-dev/install/rmw_fastrtps_shared_cpp/share/ament_index/resource_index/packages/rmw_fastrtps_shared_cpp
-- Symlinking: /work/ubuntu-ros2-dev/install/rmw_fastrtps_shared_cpp/share/rmw_fastrtps_shared_cpp/cmake/ament_cmake_export_include_directories-extras.cmake
-- Symlinking: /work/ubuntu-ros2-dev/install/rmw_fastrtps_shared_cpp/share/rmw_fastrtps_shared_cpp/cmake/ament_cmake_export_libraries-extras.cmake
-- Symlinking: /work/ubuntu-ros2-dev/install/rmw_fastrtps_shared_cpp/share/rmw_fastrtps_shared_cpp/cmake/ament_cmake_export_targets-extras.cmake
-- Symlinking: /work/ubuntu-ros2-dev/install/rmw_fastrtps_shared_cpp/share/rmw_fastrtps_shared_cpp/cmake/ament_cmake_export_dependencies-extras.cmake
-- Symlinking: /work/ubuntu-ros2-dev/install/rmw_fastrtps_shared_cpp/share/rmw_fastrtps_shared_cpp/cmake/rmw_fastrtps_shared_cpp-extras.cmake
-- Symlinking: /work/ubuntu-ros2-dev/install/rmw_fastrtps_shared_cpp/share/rmw_fastrtps_shared_cpp/cmake/rmw_fastrtps_shared_cppConfig.cmake
-- Symlinking: /work/ubuntu-ros2-dev/install/rmw_fastrtps_shared_cpp/share/rmw_fastrtps_shared_cpp/cmake/rmw_fastrtps_shared_cppConfig-version.cmake
-- Symlinking: /work/ubuntu-ros2-dev/install/rmw_fastrtps_shared_cpp/share/rmw_fastrtps_shared_cpp/package.xml
-- Symlinking: /work/ubuntu-ros2-dev/install/rmw_fastrtps_shared_cpp/include/rmw_fastrtps_shared_cpp/rmw_fastrtps_shared_cpp/TypeSupport.hpp
-- Symlinking: /work/ubuntu-ros2-dev/install/rmw_fastrtps_shared_cpp/include/rmw_fastrtps_shared_cpp/rmw_fastrtps_shared_cpp/create_rmw_gid.hpp
-- Symlinking: /work/ubuntu-ros2-dev/install/rmw_fastrtps_shared_cpp/include/rmw_fastrtps_shared_cpp/rmw_fastrtps_shared_cpp/custom_client_info.hpp
-- Symlinking: /work/ubuntu-ros2-dev/install/rmw_fastrtps_shared_cpp/include/rmw_fastrtps_shared_cpp/rmw_fastrtps_shared_cpp/custom_event_info.hpp
-- Symlinking: /work/ubuntu-ros2-dev/install/rmw_fastrtps_shared_cpp/include/rmw_fastrtps_shared_cpp/rmw_fastrtps_shared_cpp/custom_participant_info.hpp
-- Symlinking: /work/ubuntu-ros2-dev/install/rmw_fastrtps_shared_cpp/include/rmw_fastrtps_shared_cpp/rmw_fastrtps_shared_cpp/custom_publisher_info.hpp
-- Symlinking: /work/ubuntu-ros2-dev/install/rmw_fastrtps_shared_cpp/include/rmw_fastrtps_shared_cpp/rmw_fastrtps_shared_cpp/custom_service_info.hpp
-- Symlinking: /work/ubuntu-ros2-dev/install/rmw_fastrtps_shared_cpp/include/rmw_fastrtps_shared_cpp/rmw_fastrtps_shared_cpp/custom_subscriber_info.hpp
-- Symlinking: /work/ubuntu-ros2-dev/install/rmw_fastrtps_shared_cpp/include/rmw_fastrtps_shared_cpp/rmw_fastrtps_shared_cpp/guid_utils.hpp
-- Symlinking: /work/ubuntu-ros2-dev/install/rmw_fastrtps_shared_cpp/include/rmw_fastrtps_shared_cpp/rmw_fastrtps_shared_cpp/init_rmw_context_impl.hpp
-- Symlinking: /work/ubuntu-ros2-dev/install/rmw_fastrtps_shared_cpp/include/rmw_fastrtps_shared_cpp/rmw_fastrtps_shared_cpp/listener_thread.hpp
-- Symlinking: /work/ubuntu-ros2-dev/install/rmw_fastrtps_shared_cpp/include/rmw_fastrtps_shared_cpp/rmw_fastrtps_shared_cpp/locked_object.hpp
-- Symlinking: /work/ubuntu-ros2-dev/install/rmw_fastrtps_shared_cpp/include/rmw_fastrtps_shared_cpp/rmw_fastrtps_shared_cpp/names.hpp
-- Symlinking: /work/ubuntu-ros2-dev/install/rmw_fastrtps_shared_cpp/include/rmw_fastrtps_shared_cpp/rmw_fastrtps_shared_cpp/namespace_prefix.hpp
-- Symlinking: /work/ubuntu-ros2-dev/install/rmw_fastrtps_shared_cpp/include/rmw_fastrtps_shared_cpp/rmw_fastrtps_shared_cpp/participant.hpp
-- Symlinking: /work/ubuntu-ros2-dev/install/rmw_fastrtps_shared_cpp/include/rmw_fastrtps_shared_cpp/rmw_fastrtps_shared_cpp/publisher.hpp
-- Symlinking: /work/ubuntu-ros2-dev/install/rmw_fastrtps_shared_cpp/include/rmw_fastrtps_shared_cpp/rmw_fastrtps_shared_cpp/qos.hpp
-- Symlinking: /work/ubuntu-ros2-dev/install/rmw_fastrtps_shared_cpp/include/rmw_fastrtps_shared_cpp/rmw_fastrtps_shared_cpp/rmw_common.hpp
-- Symlinking: /work/ubuntu-ros2-dev/install/rmw_fastrtps_shared_cpp/include/rmw_fastrtps_shared_cpp/rmw_fastrtps_shared_cpp/rmw_context_impl.hpp
-- Symlinking: /work/ubuntu-ros2-dev/install/rmw_fastrtps_shared_cpp/include/rmw_fastrtps_shared_cpp/rmw_fastrtps_shared_cpp/rmw_init.hpp
-- Symlinking: /work/ubuntu-ros2-dev/install/rmw_fastrtps_shared_cpp/include/rmw_fastrtps_shared_cpp/rmw_fastrtps_shared_cpp/rmw_security_logging.hpp
-- Symlinking: /work/ubuntu-ros2-dev/install/rmw_fastrtps_shared_cpp/include/rmw_fastrtps_shared_cpp/rmw_fastrtps_shared_cpp/subscription.hpp
-- Symlinking: /work/ubuntu-ros2-dev/install/rmw_fastrtps_shared_cpp/include/rmw_fastrtps_shared_cpp/rmw_fastrtps_shared_cpp/utils.hpp
-- Symlinking: /work/ubuntu-ros2-dev/install/rmw_fastrtps_shared_cpp/include/rmw_fastrtps_shared_cpp/rmw_fastrtps_shared_cpp/visibility_control.h
-- Installing: /work/ubuntu-ros2-dev/install/rmw_fastrtps_shared_cpp/share/rmw_fastrtps_shared_cpp/cmake/rmw_fastrtps_shared_cppExport.cmake
-- Installing: /work/ubuntu-ros2-dev/install/rmw_fastrtps_shared_cpp/share/rmw_fastrtps_shared_cpp/cmake/rmw_fastrtps_shared_cppExport-noconfig.cmake
-- Installing: /work/ubuntu-ros2-dev/install/rmw_fastrtps_shared_cpp/lib/librmw_fastrtps_shared_cpp.so
-- Set runtime path of "/work/ubuntu-ros2-dev/install/rmw_fastrtps_shared_cpp/lib/librmw_fastrtps_shared_cpp.so" to ""
