running develop
/usr/lib/python3/dist-packages/setuptools/command/easy_install.py:158: EasyInstallDeprecationWarning: easy_install command is deprecated. Use build and pip and other standards-based tools.
  warnings.warn(
running egg_info
creating src/rqt_srv.egg-info
writing src/rqt_srv.egg-info/PKG-INFO
writing dependency_links to src/rqt_srv.egg-info/dependency_links.txt
writing entry points to src/rqt_srv.egg-info/entry_points.txt
writing requirements to src/rqt_srv.egg-info/requires.txt
writing top-level names to src/rqt_srv.egg-info/top_level.txt
writing manifest file 'src/rqt_srv.egg-info/SOURCES.txt'
reading manifest file 'src/rqt_srv.egg-info/SOURCES.txt'
writing manifest file 'src/rqt_srv.egg-info/SOURCES.txt'
running build_ext
Creating /work/ubuntu-ros2-dev/install/rqt_srv/lib/python3.10/site-packages/rqt-srv.egg-link (link to src)
Installing rqt_srv script to /work/ubuntu-ros2-dev/install/rqt_srv/lib/rqt_srv

Installed /work/ubuntu-ros2-dev/build/rqt_srv/src
running symlink_data
creating /work/ubuntu-ros2-dev/install/rqt_srv/share/ament_index
creating /work/ubuntu-ros2-dev/install/rqt_srv/share/ament_index/resource_index
creating /work/ubuntu-ros2-dev/install/rqt_srv/share/ament_index/resource_index/packages
symbolically linking /work/ubuntu-ros2-dev/build/rqt_srv/resource/rqt_srv -> /work/ubuntu-ros2-dev/install/rqt_srv/share/ament_index/resource_index/packages
symbolically linking /work/ubuntu-ros2-dev/build/rqt_srv/package.xml -> /work/ubuntu-ros2-dev/install/rqt_srv/share/rqt_srv
symbolically linking /work/ubuntu-ros2-dev/build/rqt_srv/plugin.xml -> /work/ubuntu-ros2-dev/install/rqt_srv/share/rqt_srv
