-- The C compiler identification is GNU 11.4.0
-- The CXX compiler identification is GNU 11.4.0
-- Detecting C compiler ABI info
-- Detecting C compiler ABI info - done
-- Check for working C compiler: /usr/bin/cc - skipped
-- Detecting C compile features
-- Detecting C compile features - done
-- Detecting CXX compiler ABI info
-- Detecting CXX compiler ABI info - done
-- Check for working CXX compiler: /usr/bin/c++ - skipped
-- Detecting CXX compile features
-- Detecting CXX compile features - done
-- Found ament_cmake: 2.5.2 (/work/ubuntu-ros2-dev/install/ament_cmake/share/ament_cmake/cmake)
-- Found Python3: /usr/bin/python3 (found version "3.10.12") found components: Interpreter 
-- Override CMake install command with custom implementation using symlinks instead of copying resources
-- Found ament_cmake_vendor_package: 2.5.2 (/work/ubuntu-ros2-dev/install/ament_cmake_vendor_package/share/ament_cmake_vendor_package/cmake)
-- Checking for module 'yaml-0.1'
--   Found yaml-0.1, version 0.2.2
-- Skipping vendor package build for 'libyaml_vendor', which is already satisfied
-- Found ament_lint_auto: 0.17.1 (/work/ubuntu-ros2-dev/install/ament_lint_auto/share/ament_lint_auto/cmake)
-- Found gtest sources under '/work/ubuntu-ros2-dev/install/gtest_vendor/src/gtest_vendor': C++ tests using 'Google Test' will be built
-- Found Threads: TRUE  
-- Performance tests are disabled by default, so Google Benchmark tests will be skipped. To enable these tests, set the CMake variable 'AMENT_RUN_PERFORMANCE_TESTS'.
-- Added test 'copyright' to check source files copyright and LICENSE
-- Added test 'cppcheck' to perform static code analysis on C / C++ code
-- Configured cppcheck include dirs: /work/ubuntu-ros2-dev/install/performance_test_fixture/include
-- Configured cppcheck exclude dirs and/or files: 
-- Added test 'cpplint' to check C / C++ code against the Google style
-- Configured cpplint exclude dirs and/or files: 
-- Added test 'uncrustify' to check C / C++ code style
-- Configured uncrustify additional arguments: 
-- Added test 'xmllint' to check XML markup files
-- Configuring done
-- Generating done
-- Build files have been written to: /work/ubuntu-ros2-dev/build/libyaml_vendor
[ 12%] [32mBuilding CXX object gtest/CMakeFiles/gtest_main.dir/src/gtest_main.cc.o[0m
[ 25%] [32m[1mLinking CXX static library libgtest_main.a[0m
[ 25%] Built target gtest_main
[ 37%] [32mBuilding CXX object CMakeFiles/benchmark_reader.dir/test/benchmark/benchmark_reader.cpp.o[0m
[ 50%] [32m[1mLinking CXX executable benchmark_reader[0m
[ 50%] Built target benchmark_reader
[ 62%] [32mBuilding CXX object gtest/CMakeFiles/gtest.dir/src/gtest-all.cc.o[0m
[ 75%] [32m[1mLinking CXX static library libgtest.a[0m
[ 75%] Built target gtest
[ 87%] [32mBuilding CXX object CMakeFiles/test_yaml_reader.dir/test/test_reader.cpp.o[0m
[100%] [32m[1mLinking CXX executable test_yaml_reader[0m
[100%] Built target test_yaml_reader
-- Install configuration: ""
-- Execute custom install script
-- Symlinking: /work/ubuntu-ros2-dev/install/libyaml_vendor/share/libyaml_vendor/cmake/Modules/Findyaml.cmake
-- Symlinking: /work/ubuntu-ros2-dev/install/libyaml_vendor/share/ament_index/resource_index/package_run_dependencies/libyaml_vendor
-- Symlinking: /work/ubuntu-ros2-dev/install/libyaml_vendor/share/ament_index/resource_index/parent_prefix_path/libyaml_vendor
-- Symlinking: /work/ubuntu-ros2-dev/install/libyaml_vendor/share/libyaml_vendor/environment/ament_prefix_path.sh
-- Symlinking: /work/ubuntu-ros2-dev/install/libyaml_vendor/share/libyaml_vendor/environment/ament_prefix_path.dsv
-- Symlinking: /work/ubuntu-ros2-dev/install/libyaml_vendor/share/libyaml_vendor/environment/path.sh
-- Symlinking: /work/ubuntu-ros2-dev/install/libyaml_vendor/share/libyaml_vendor/environment/path.dsv
-- Symlinking: /work/ubuntu-ros2-dev/install/libyaml_vendor/share/libyaml_vendor/local_setup.bash
-- Symlinking: /work/ubuntu-ros2-dev/install/libyaml_vendor/share/libyaml_vendor/local_setup.sh
-- Symlinking: /work/ubuntu-ros2-dev/install/libyaml_vendor/share/libyaml_vendor/local_setup.zsh
-- Symlinking: /work/ubuntu-ros2-dev/install/libyaml_vendor/share/libyaml_vendor/local_setup.dsv
-- Symlinking: /work/ubuntu-ros2-dev/install/libyaml_vendor/share/libyaml_vendor/package.dsv
-- Symlinking: /work/ubuntu-ros2-dev/install/libyaml_vendor/share/ament_index/resource_index/packages/libyaml_vendor
-- Symlinking: /work/ubuntu-ros2-dev/install/libyaml_vendor/share/libyaml_vendor/cmake/libyaml_vendor-extras.cmake
-- Symlinking: /work/ubuntu-ros2-dev/install/libyaml_vendor/share/libyaml_vendor/cmake/ament_cmake_export_dependencies-extras.cmake
-- Symlinking: /work/ubuntu-ros2-dev/install/libyaml_vendor/share/libyaml_vendor/cmake/libyaml_vendorConfig.cmake
-- Symlinking: /work/ubuntu-ros2-dev/install/libyaml_vendor/share/libyaml_vendor/cmake/libyaml_vendorConfig-version.cmake
-- Symlinking: /work/ubuntu-ros2-dev/install/libyaml_vendor/share/libyaml_vendor/package.xml
