-- The C compiler identification is GNU 11.4.0
-- The CXX compiler identification is GNU 11.4.0
-- Detecting C compiler ABI info
-- Detecting C compiler ABI info - done
-- Check for working C compiler: /usr/bin/cc - skipped
-- Detecting C compile features
-- Detecting C compile features - done
-- Detecting CXX compiler ABI info
-- Detecting CXX compiler ABI info - done
-- Check for working CXX compiler: /usr/bin/c++ - skipped
-- Detecting CXX compile features
-- Detecting CXX compile features - done
-- Found ament_cmake: 2.5.2 (/work/ubuntu-ros2-dev/install/ament_cmake/share/ament_cmake/cmake)
-- Found Python3: /usr/bin/python3 (found version "3.10.12") found components: Interpreter 
-- Override CMake install command with custom implementation using symlinks instead of copying resources
-- Found rmw_implementation_cmake: 7.3.1 (/work/ubuntu-ros2-dev/install/rmw_implementation_cmake/share/rmw_implementation_cmake/cmake)
-- Found ament_lint_auto: 0.17.1 (/work/ubuntu-ros2-dev/install/ament_lint_auto/share/ament_lint_auto/cmake)
-- Found rmw_fastrtps_cpp: 8.4.1 (/work/ubuntu-ros2-dev/install/rmw_fastrtps_cpp/share/rmw_fastrtps_cpp/cmake)
-- Found rosidl_generator_c: 4.6.4 (/work/ubuntu-ros2-dev/install/rosidl_generator_c/share/rosidl_generator_c/cmake)
-- Found rosidl_generator_cpp: 4.6.4 (/work/ubuntu-ros2-dev/install/rosidl_generator_cpp/share/rosidl_generator_cpp/cmake)
-- Using all available rosidl_typesupport_c: rosidl_typesupport_fastrtps_c;rosidl_typesupport_introspection_c
-- Using all available rosidl_typesupport_cpp: rosidl_typesupport_introspection_cpp;rosidl_typesupport_fastrtps_cpp
-- Found OpenSSL: /usr/lib/aarch64-linux-gnu/libcrypto.so (found version "3.0.2")  
-- Found FastRTPS: /work/ubuntu-ros2-dev/install/fastrtps/include (Required is at least version "2.13") 
-- 
-- Default rmw implementation: 'rmw_fastrtps_cpp'
-- 
-- Runtime selection of RMW enabled
-- Found ament_index_cpp: 1.8.1 (/work/ubuntu-ros2-dev/install/ament_index_cpp/share/ament_index_cpp/cmake)
-- Found gtest sources under '/work/ubuntu-ros2-dev/install/gtest_vendor/src/gtest_vendor': C++ tests using 'Google Test' will be built
-- Found Threads: TRUE  
-- Creating API tests for 'rmw_cyclonedds_cpp'
-- Performance tests are disabled by default, so Google Benchmark tests will be skipped. To enable these tests, set the CMake variable 'AMENT_RUN_PERFORMANCE_TESTS'.
-- Creating API tests for 'rmw_fastrtps_cpp'
-- Creating API tests for 'rmw_fastrtps_dynamic_cpp'
-- Added test 'copyright' to check source files copyright and LICENSE
-- Added test 'cppcheck' to perform static code analysis on C / C++ code
-- Configured cppcheck include dirs: /work/ubuntu-ros2-dev/install/performance_test_fixture/include
-- Configured cppcheck exclude dirs and/or files: 
-- Added test 'cpplint' to check C / C++ code against the Google style
-- Configured cpplint exclude dirs and/or files: 
-- Added test 'lint_cmake' to check CMake code style
-- Added test 'uncrustify' to check C / C++ code style
-- Configured uncrustify additional arguments: 
-- Added test 'xmllint' to check XML markup files
-- Configuring done
-- Generating done
-- Build files have been written to: /work/ubuntu-ros2-dev/build/rmw_implementation
[  7%] [32mBuilding CXX object CMakeFiles/rmw_implementation.dir/src/functions.cpp.o[0m
[ 14%] [32mBuilding CXX object gtest/CMakeFiles/gtest.dir/src/gtest-all.cc.o[0m
[ 21%] [32mBuilding CXX object gtest/CMakeFiles/gtest_main.dir/src/gtest_main.cc.o[0m
[ 28%] [32m[1mLinking CXX shared library librmw_implementation.so[0m
[ 28%] Built target rmw_implementation
[ 35%] [32mBuilding CXX object CMakeFiles/benchmark_symbols__rmw_cyclonedds_cpp.dir/test/benchmark/benchmark_symbols.cpp.o[0m
[ 42%] [32m[1mLinking CXX static library libgtest_main.a[0m
[ 42%] Built target gtest_main
[ 50%] [32mBuilding CXX object CMakeFiles/benchmark_symbols__rmw_fastrtps_dynamic_cpp.dir/test/benchmark/benchmark_symbols.cpp.o[0m
[ 57%] [32m[1mLinking CXX executable benchmark_symbols__rmw_cyclonedds_cpp[0m
[ 57%] Built target benchmark_symbols__rmw_cyclonedds_cpp
[ 64%] [32m[1mLinking CXX executable benchmark_symbols__rmw_fastrtps_dynamic_cpp[0m
[ 71%] [32mBuilding CXX object CMakeFiles/benchmark_symbols__rmw_fastrtps_cpp.dir/test/benchmark/benchmark_symbols.cpp.o[0m
[ 71%] Built target benchmark_symbols__rmw_fastrtps_dynamic_cpp
[ 78%] [32m[1mLinking CXX executable benchmark_symbols__rmw_fastrtps_cpp[0m
[ 78%] Built target benchmark_symbols__rmw_fastrtps_cpp
[ 85%] [32m[1mLinking CXX static library libgtest.a[0m
[ 85%] Built target gtest
[ 92%] [32mBuilding CXX object CMakeFiles/test_functions.dir/test/test_functions.cpp.o[0m
[100%] [32m[1mLinking CXX executable test_functions[0m
[100%] Built target test_functions
-- Install configuration: ""
-- Execute custom install script
-- Symlinking: /work/ubuntu-ros2-dev/install/rmw_implementation/share/ament_index/resource_index/rmw_typesupport_c/rmw_implementation
-- Symlinking: /work/ubuntu-ros2-dev/install/rmw_implementation/share/ament_index/resource_index/rmw_typesupport_cpp/rmw_implementation
-- Symlinking: /work/ubuntu-ros2-dev/install/rmw_implementation/share/ament_index/resource_index/rmw_typesupport/rmw_implementation
-- Symlinking: /work/ubuntu-ros2-dev/install/rmw_implementation/share/ament_index/resource_index/package_run_dependencies/rmw_implementation
-- Symlinking: /work/ubuntu-ros2-dev/install/rmw_implementation/share/ament_index/resource_index/parent_prefix_path/rmw_implementation
-- Symlinking: /work/ubuntu-ros2-dev/install/rmw_implementation/share/rmw_implementation/environment/ament_prefix_path.sh
-- Symlinking: /work/ubuntu-ros2-dev/install/rmw_implementation/share/rmw_implementation/environment/ament_prefix_path.dsv
-- Symlinking: /work/ubuntu-ros2-dev/install/rmw_implementation/share/rmw_implementation/environment/path.sh
-- Symlinking: /work/ubuntu-ros2-dev/install/rmw_implementation/share/rmw_implementation/environment/path.dsv
-- Symlinking: /work/ubuntu-ros2-dev/install/rmw_implementation/share/rmw_implementation/local_setup.bash
-- Symlinking: /work/ubuntu-ros2-dev/install/rmw_implementation/share/rmw_implementation/local_setup.sh
-- Symlinking: /work/ubuntu-ros2-dev/install/rmw_implementation/share/rmw_implementation/local_setup.zsh
-- Symlinking: /work/ubuntu-ros2-dev/install/rmw_implementation/share/rmw_implementation/local_setup.dsv
-- Symlinking: /work/ubuntu-ros2-dev/install/rmw_implementation/share/rmw_implementation/package.dsv
-- Symlinking: /work/ubuntu-ros2-dev/install/rmw_implementation/share/ament_index/resource_index/packages/rmw_implementation
-- Symlinking: /work/ubuntu-ros2-dev/install/rmw_implementation/share/rmw_implementation/cmake/rmw_implementation-extras.cmake
-- Symlinking: /work/ubuntu-ros2-dev/install/rmw_implementation/share/rmw_implementation/cmake/ament_cmake_export_targets-extras.cmake
-- Symlinking: /work/ubuntu-ros2-dev/install/rmw_implementation/share/rmw_implementation/cmake/ament_cmake_export_dependencies-extras.cmake
-- Symlinking: /work/ubuntu-ros2-dev/install/rmw_implementation/share/rmw_implementation/cmake/rmw_implementationConfig.cmake
-- Symlinking: /work/ubuntu-ros2-dev/install/rmw_implementation/share/rmw_implementation/cmake/rmw_implementationConfig-version.cmake
-- Symlinking: /work/ubuntu-ros2-dev/install/rmw_implementation/share/rmw_implementation/package.xml
-- Installing: /work/ubuntu-ros2-dev/install/rmw_implementation/lib/librmw_implementation.so
-- Set runtime path of "/work/ubuntu-ros2-dev/install/rmw_implementation/lib/librmw_implementation.so" to ""
-- Installing: /work/ubuntu-ros2-dev/install/rmw_implementation/share/rmw_implementation/cmake/export_rmw_implementationExport.cmake
-- Installing: /work/ubuntu-ros2-dev/install/rmw_implementation/share/rmw_implementation/cmake/export_rmw_implementationExport-noconfig.cmake
