-- The C compiler identification is GNU 11.4.0
-- The CXX compiler identification is GNU 11.4.0
-- Detecting C compiler ABI info
-- Detecting C compiler ABI info - done
-- Check for working C compiler: /usr/bin/cc - skipped
-- Detecting C compile features
-- Detecting C compile features - done
-- Detecting CXX compiler ABI info
-- Detecting CXX compiler ABI info - done
-- Check for working CXX compiler: /usr/bin/c++ - skipped
-- Detecting CXX compile features
-- Detecting CXX compile features - done
-- Found ament_cmake: 2.5.2 (/work/ubuntu-ros2-dev/install/ament_cmake/share/ament_cmake/cmake)
-- Found Python3: /usr/bin/python3 (found version "3.10.12") found components: Interpreter 
-- Override CMake install command with custom implementation using symlinks instead of copying resources
-- Found rclcpp: 28.1.5 (/work/ubuntu-ros2-dev/install/rclcpp/share/rclcpp/cmake)
-- Found rosidl_generator_c: 4.6.4 (/work/ubuntu-ros2-dev/install/rosidl_generator_c/share/rosidl_generator_c/cmake)
-- Found rosidl_generator_cpp: 4.6.4 (/work/ubuntu-ros2-dev/install/rosidl_generator_cpp/share/rosidl_generator_cpp/cmake)
-- Using all available rosidl_typesupport_c: rosidl_typesupport_fastrtps_c;rosidl_typesupport_introspection_c
-- Using all available rosidl_typesupport_cpp: rosidl_typesupport_introspection_cpp;rosidl_typesupport_fastrtps_cpp
-- Found rmw_implementation_cmake: 7.3.1 (/work/ubuntu-ros2-dev/install/rmw_implementation_cmake/share/rmw_implementation_cmake/cmake)
-- Found rmw_fastrtps_cpp: 8.4.1 (/work/ubuntu-ros2-dev/install/rmw_fastrtps_cpp/share/rmw_fastrtps_cpp/cmake)
-- Found OpenSSL: /usr/lib/aarch64-linux-gnu/libcrypto.so (found version "3.0.2")  
-- Found FastRTPS: /work/ubuntu-ros2-dev/install/fastrtps/include (Required is at least version "2.13") 
-- Using RMW implementation 'rmw_fastrtps_cpp' as default
-- Found rclcpp_components: 28.1.5 (/work/ubuntu-ros2-dev/install/rclcpp_components/share/rclcpp_components/cmake)
-- Found sensor_msgs: 5.3.5 (/work/ubuntu-ros2-dev/install/sensor_msgs/share/sensor_msgs/cmake)
-- Found OpenCV: /usr (found version "4.5.4") found components: core highgui imgcodecs imgproc videoio 
-- Found ament_lint_auto: 0.17.1 (/work/ubuntu-ros2-dev/install/ament_lint_auto/share/ament_lint_auto/cmake)
-- Found python_cmake_module: 0.11.1 (/work/ubuntu-ros2-dev/install/python_cmake_module/share/python_cmake_module/cmake)
-- Found PythonExtra: /usr/bin/python3  
-- Added test 'copyright' to check source files copyright and LICENSE
-- Added test 'cppcheck' to perform static code analysis on C / C++ code
-- Configured cppcheck include dirs: $<BUILD_INTERFACE:/work/ubuntu-ros2-dev/src/ros2/demos/image_tools/include>
-- Configured cppcheck exclude dirs and/or files: 
-- Added test 'cpplint' to check C / C++ code against the Google style
-- Configured cpplint exclude dirs and/or files: 
-- Added test 'lint_cmake' to check CMake code style
-- Added test 'uncrustify' to check C / C++ code style
-- Configured uncrustify additional arguments: 
-- Added test 'xmllint' to check XML markup files
-- Configuring done
-- Generating done
-- Build files have been written to: /work/ubuntu-ros2-dev/build/image_tools
[ 11%] [32mBuilding CXX object CMakeFiles/image_tools.dir/src/burger.cpp.o[0m
[ 22%] [32mBuilding CXX object CMakeFiles/image_tools.dir/src/showimage.cpp.o[0m
[ 33%] [32mBuilding CXX object CMakeFiles/image_tools.dir/src/cv_mat_sensor_msgs_image_type_adapter.cpp.o[0m
[ 44%] [32mBuilding CXX object CMakeFiles/image_tools.dir/src/cam2image.cpp.o[0m
[ 55%] [32m[1mLinking CXX shared library libimage_tools.so[0m
[ 55%] Built target image_tools
[ 66%] [32mBuilding CXX object CMakeFiles/showimage.dir/rclcpp_components/node_main_showimage.cpp.o[0m
[ 77%] [32m[1mLinking CXX executable showimage[0m
[ 77%] Built target showimage
[ 88%] [32mBuilding CXX object CMakeFiles/cam2image.dir/rclcpp_components/node_main_cam2image.cpp.o[0m
[100%] [32m[1mLinking CXX executable cam2image[0m
[100%] Built target cam2image
-- Install configuration: ""
-- Execute custom install script
-- Symlinking: /work/ubuntu-ros2-dev/install/image_tools/lib/image_tools/cam2image
-- Symlinking: /work/ubuntu-ros2-dev/install/image_tools/lib/image_tools/showimage
-- Symlinking: /work/ubuntu-ros2-dev/install/image_tools/include/image_tools/image_tools/cv_mat_sensor_msgs_image_type_adapter.hpp
-- Symlinking: /work/ubuntu-ros2-dev/install/image_tools/include/image_tools/image_tools/visibility_control.h
-- Symlinking: /work/ubuntu-ros2-dev/install/image_tools/share/image_tools/environment/library_path.sh
-- Symlinking: /work/ubuntu-ros2-dev/install/image_tools/share/image_tools/environment/library_path.dsv
-- Symlinking: /work/ubuntu-ros2-dev/install/image_tools/share/ament_index/resource_index/package_run_dependencies/image_tools
-- Symlinking: /work/ubuntu-ros2-dev/install/image_tools/share/ament_index/resource_index/parent_prefix_path/image_tools
-- Symlinking: /work/ubuntu-ros2-dev/install/image_tools/share/image_tools/environment/ament_prefix_path.sh
-- Symlinking: /work/ubuntu-ros2-dev/install/image_tools/share/image_tools/environment/ament_prefix_path.dsv
-- Symlinking: /work/ubuntu-ros2-dev/install/image_tools/share/image_tools/environment/path.sh
-- Symlinking: /work/ubuntu-ros2-dev/install/image_tools/share/image_tools/environment/path.dsv
-- Symlinking: /work/ubuntu-ros2-dev/install/image_tools/share/image_tools/local_setup.bash
-- Symlinking: /work/ubuntu-ros2-dev/install/image_tools/share/image_tools/local_setup.sh
-- Symlinking: /work/ubuntu-ros2-dev/install/image_tools/share/image_tools/local_setup.zsh
-- Symlinking: /work/ubuntu-ros2-dev/install/image_tools/share/image_tools/local_setup.dsv
-- Symlinking: /work/ubuntu-ros2-dev/install/image_tools/share/image_tools/package.dsv
-- Symlinking: /work/ubuntu-ros2-dev/install/image_tools/share/ament_index/resource_index/packages/image_tools
-- Symlinking: /work/ubuntu-ros2-dev/install/image_tools/share/ament_index/resource_index/rclcpp_components/image_tools
-- Symlinking: /work/ubuntu-ros2-dev/install/image_tools/share/image_tools/cmake/ament_cmake_export_libraries-extras.cmake
-- Symlinking: /work/ubuntu-ros2-dev/install/image_tools/share/image_tools/cmake/ament_cmake_export_targets-extras.cmake
-- Symlinking: /work/ubuntu-ros2-dev/install/image_tools/share/image_tools/cmake/ament_cmake_export_dependencies-extras.cmake
-- Symlinking: /work/ubuntu-ros2-dev/install/image_tools/share/image_tools/cmake/image_toolsConfig.cmake
-- Symlinking: /work/ubuntu-ros2-dev/install/image_tools/share/image_tools/cmake/image_toolsConfig-version.cmake
-- Symlinking: /work/ubuntu-ros2-dev/install/image_tools/share/image_tools/package.xml
-- Installing: /work/ubuntu-ros2-dev/install/image_tools/lib/libimage_tools.so
-- Set runtime path of "/work/ubuntu-ros2-dev/install/image_tools/lib/libimage_tools.so" to ""
-- Installing: /work/ubuntu-ros2-dev/install/image_tools/share/image_tools/cmake/image_toolsExport.cmake
-- Installing: /work/ubuntu-ros2-dev/install/image_tools/share/image_tools/cmake/image_toolsExport-noconfig.cmake
