-- The C compiler identification is GNU 11.4.0
-- The CXX compiler identification is GNU 11.4.0
-- Detecting C compiler ABI info
-- Detecting C compiler ABI info - done
-- Check for working C compiler: /usr/bin/cc - skipped
-- Detecting C compile features
-- Detecting C compile features - done
-- Detecting CXX compiler ABI info
-- Detecting CXX compiler ABI info - done
-- Check for working CXX compiler: /usr/bin/c++ - skipped
-- Detecting CXX compile features
-- Detecting CXX compile features - done
-- Found ament_cmake: 2.5.2 (/work/ubuntu-ros2-dev/install/ament_cmake/share/ament_cmake/cmake)
-- Found Python3: /usr/bin/python3 (found version "3.10.12") found components: Interpreter 
-- Override CMake install command with custom implementation using symlinks instead of copying resources
-- Found ament_cmake_vendor_package: 2.5.2 (/work/ubuntu-ros2-dev/install/ament_cmake_vendor_package/share/ament_cmake_vendor_package/cmake)
-- Configuring done
-- Generating done
-- Build files have been written to: /work/ubuntu-ros2-dev/build/uncrustify_vendor
[ 14%] [34m[1mCreating directories for 'uncrustify_vendor'[0m
[ 28%] [34m[1mPerforming download step for 'uncrustify_vendor'[0m
[34m=== [1m./uncrustify_vendor[22m (git) ===[0m
hint: Using 'master' as the name for the initial branch. This default branch name
hint: is subject to change. To configure the initial branch name to use in all
hint: of your new repositories, which will suppress this warning, call:
hint: 
hint: 	git config --global init.defaultBranch <name>
hint: 
hint: Names commonly chosen instead of 'master' are 'main', 'trunk' and
hint: 'development'. The just-created branch can be renamed via this command:
hint: 
hint: 	git branch -m <name>
Initialized empty Git repository in /work/ubuntu-ros2-dev/build/uncrustify_vendor/uncrustify_vendor-prefix/src/uncrustify_vendor/.git/

From https://github.com/uncrustify/uncrustify
 * [new tag]         uncrustify-0.78.1 -> uncrustify-0.78.1
Note: switching to 'uncrustify-0.78.1'.

You are in 'detached HEAD' state. You can look around, make experimental
changes and commit them, and you can discard any commits you make in this
state without impacting any branches by switching back to a branch.

If you want to create a new branch to retain commits you create, you may
do so (now or later) by using -c with the switch command. Example:

  git switch -c <new-branch-name>

Or undo this operation with:

  git switch -

Turn off this advice by setting config variable advice.detachedHead to false

HEAD is now at b8c9528 Merge pull request #4153 from uncrustify/uncrustify-RC-0.78.1

[ 42%] [34m[1mPerforming patch step for 'uncrustify_vendor'[0m
Applying patch: /work/ubuntu-ros2-dev/src/ament/uncrustify_vendor/patches/0001-Simplify-installation-for-ROS-2-needs.patch
[ 57%] [34m[1mPerforming configure step for 'uncrustify_vendor'[0m
loading initial cache file /work/ubuntu-ros2-dev/build/uncrustify_vendor/uncrustify_vendor-config.cmake
-- The C compiler identification is GNU 11.4.0
-- The CXX compiler identification is GNU 11.4.0
-- Detecting C compiler ABI info
-- Detecting C compiler ABI info - done
-- Check for working C compiler: /usr/bin/cc - skipped
-- Detecting C compile features
-- Detecting C compile features - done
-- Detecting CXX compiler ABI info
-- Detecting CXX compiler ABI info - done
-- Check for working CXX compiler: /usr/bin/c++ - skipped
-- Detecting CXX compile features
-- Detecting CXX compile features - done
-- Found Python3: /usr/bin/python3.10 (found version "3.10.12") found components: Interpreter 
-- Performing Test CXXFLAG_Wall
-- Performing Test CXXFLAG_Wall - Success
-- Performing Test CXXFLAG_Wextra
-- Performing Test CXXFLAG_Wextra - Success
-- Performing Test CXXFLAG_Wshadow
-- Performing Test CXXFLAG_Wshadow - Success
-- Performing Test CXXFLAG_Wpointer_arith
-- Performing Test CXXFLAG_Wpointer_arith - Success
-- Performing Test CXXFLAG_Wcast_qual
-- Performing Test CXXFLAG_Wcast_qual - Success
-- Performing Test CXXFLAG_Wcast_align
-- Performing Test CXXFLAG_Wcast_align - Success
-- Performing Test CXXFLAG_Wc_11_extensions
-- Performing Test CXXFLAG_Wc_11_extensions - Failed
-- Looking for C++ include inttypes.h
-- Looking for C++ include inttypes.h - found
-- Looking for C++ include memory.h
-- Looking for C++ include memory.h - found
-- Looking for C++ include stdint.h
-- Looking for C++ include stdint.h - found
-- Looking for C++ include stdlib.h
-- Looking for C++ include stdlib.h - found
-- Looking for C++ include strings.h
-- Looking for C++ include strings.h - found
-- Looking for C++ include string.h
-- Looking for C++ include string.h - found
-- Looking for C++ include sys/stat.h
-- Looking for C++ include sys/stat.h - found
-- Looking for C++ include sys/types.h
-- Looking for C++ include sys/types.h - found
-- Looking for C++ include unistd.h
-- Looking for C++ include unistd.h - found
-- Looking for C++ include utime.h
-- Looking for C++ include utime.h - found
-- Looking for stdbool.h
-- Looking for stdbool.h - found
-- Looking for memset
-- Looking for memset - found
-- Looking for strcasecmp
-- Looking for strcasecmp - found
-- Looking for strchr
-- Looking for strchr - not found
-- Looking for strdup
-- Looking for strdup - found
-- Looking for strerror
-- Looking for strerror - found
-- Looking for strtol
-- Looking for strtol - found
-- Looking for strtoul
-- Looking for strtoul - found
-- Looking for stddef.h
-- Looking for stddef.h - found
-- Check size of _Bool
-- Check size of _Bool - done
-- Configuring done
-- Generating done
-- Build files have been written to: /work/ubuntu-ros2-dev/build/uncrustify_vendor/uncrustify_vendor-prefix/src/uncrustify_vendor-build
[ 71%] [34m[1mPerforming build step for 'uncrustify_vendor'[0m
[  0%] Built target generate_version_header
[  2%] [34m[1mGenerating option_enum.h[0m
[  2%] [34m[1mGenerating option_enum.cpp[0m
[  5%] [34m[1mGenerating token_names.h[0m
[  5%] [34m[1mGenerating options.cpp[0m
[  5%] [34m[1mGenerating punctuator_table.h[0m
[  8%] [32mBuilding CXX object CMakeFiles/uncrustify.dir/src/align_add.cpp.o[0m
[  8%] [32mBuilding CXX object CMakeFiles/uncrustify.dir/src/align_asm_colon.cpp.o[0m
[  8%] [32mBuilding CXX object CMakeFiles/uncrustify.dir/src/align_assign.cpp.o[0m
[  8%] [32mBuilding CXX object CMakeFiles/uncrustify.dir/src/align_braced_init_list.cpp.o[0m
[  8%] [32mBuilding CXX object CMakeFiles/uncrustify.dir/src/align_eigen_comma_init.cpp.o[0m
[ 11%] [32mBuilding CXX object CMakeFiles/uncrustify.dir/src/align.cpp.o[0m
[ 14%] [32mBuilding CXX object CMakeFiles/uncrustify.dir/src/align_func_proto.cpp.o[0m
[ 14%] [32mBuilding CXX object CMakeFiles/uncrustify.dir/src/align_func_params.cpp.o[0m
[ 14%] [32mBuilding CXX object CMakeFiles/uncrustify.dir/src/align_init_brace.cpp.o[0m
[ 14%] [32mBuilding CXX object CMakeFiles/uncrustify.dir/src/align_left_shift.cpp.o[0m
[ 17%] [32mBuilding CXX object CMakeFiles/uncrustify.dir/src/align_log_al.cpp.o[0m
[ 17%] [32mBuilding CXX object CMakeFiles/uncrustify.dir/src/align_nl_cont.cpp.o[0m
[ 17%] [32mBuilding CXX object CMakeFiles/uncrustify.dir/src/align_oc_decl_colon.cpp.o[0m
[ 20%] [32mBuilding CXX object CMakeFiles/uncrustify.dir/src/align_oc_msg_colons.cpp.o[0m
[ 20%] [32mBuilding CXX object CMakeFiles/uncrustify.dir/src/align_oc_msg_spec.cpp.o[0m
[ 20%] [32mBuilding CXX object CMakeFiles/uncrustify.dir/src/align_preprocessor.cpp.o[0m
[ 23%] [32mBuilding CXX object CMakeFiles/uncrustify.dir/src/align_same_func_call_params.cpp.o[0m
[ 26%] [32mBuilding CXX object CMakeFiles/uncrustify.dir/src/align_struct_initializers.cpp.o[0m
[ 26%] [32mBuilding CXX object CMakeFiles/uncrustify.dir/src/align_stack.cpp.o[0m
[ 26%] [32mBuilding CXX object CMakeFiles/uncrustify.dir/src/align_tab_column.cpp.o[0m
[ 29%] [32mBuilding CXX object CMakeFiles/uncrustify.dir/src/align_trailing_comments.cpp.o[0m
[ 29%] [32mBuilding CXX object CMakeFiles/uncrustify.dir/src/align_tools.cpp.o[0m
[ 29%] [32mBuilding CXX object CMakeFiles/uncrustify.dir/src/align_typedefs.cpp.o[0m
[ 29%] [32mBuilding CXX object CMakeFiles/uncrustify.dir/src/align_var_def_brace.cpp.o[0m
[ 32%] [32mBuilding CXX object CMakeFiles/uncrustify.dir/src/args.cpp.o[0m
[ 32%] [32mBuilding CXX object CMakeFiles/uncrustify.dir/src/backup.cpp.o[0m
[ 32%] [32mBuilding CXX object CMakeFiles/uncrustify.dir/src/brace_cleanup.cpp.o[0m
[ 35%] [32mBuilding CXX object CMakeFiles/uncrustify.dir/src/braces.cpp.o[0m
[ 35%] [32mBuilding CXX object CMakeFiles/uncrustify.dir/src/calculate_closing_brace_position.cpp.o[0m
[ 35%] [32mBuilding CXX object CMakeFiles/uncrustify.dir/src/change_int_types.cpp.o[0m
[ 38%] [32mBuilding CXX object CMakeFiles/uncrustify.dir/src/check_template.cpp.o[0m
[ 38%] [32mBuilding CXX object CMakeFiles/uncrustify.dir/src/chunk.cpp.o[0m
[ 38%] [32mBuilding CXX object CMakeFiles/uncrustify.dir/src/ChunkStack.cpp.o[0m
[ 41%] [32mBuilding CXX object CMakeFiles/uncrustify.dir/src/combine.cpp.o[0m
[ 41%] [32mBuilding CXX object CMakeFiles/uncrustify.dir/src/combine_fix_mark.cpp.o[0m
[ 41%] [32mBuilding CXX object CMakeFiles/uncrustify.dir/src/combine_labels.cpp.o[0m
[ 44%] [32mBuilding CXX object CMakeFiles/uncrustify.dir/src/combine_tools.cpp.o[0m
[ 44%] [32mBuilding CXX object CMakeFiles/uncrustify.dir/src/combine_skip.cpp.o[0m
[ 44%] [32mBuilding CXX object CMakeFiles/uncrustify.dir/src/compat_posix.cpp.o[0m
[ 47%] [32mBuilding CXX object CMakeFiles/uncrustify.dir/src/compat_win32.cpp.o[0m
[ 47%] [32mBuilding CXX object CMakeFiles/uncrustify.dir/src/cs_top_is_question.cpp.o[0m
[ 47%] [32mBuilding CXX object CMakeFiles/uncrustify.dir/src/detect.cpp.o[0m
[ 47%] [32mBuilding CXX object CMakeFiles/uncrustify.dir/src/EnumStructUnionParser.cpp.o[0m
[ 50%] [32mBuilding CXX object CMakeFiles/uncrustify.dir/src/enum_cleanup.cpp.o[0m
[ 52%] [32mBuilding CXX object CMakeFiles/uncrustify.dir/src/flag_braced_init_list.cpp.o[0m
[ 52%] [32mBuilding CXX object CMakeFiles/uncrustify.dir/src/flag_parens.cpp.o[0m
[ 52%] [32mBuilding CXX object CMakeFiles/uncrustify.dir/src/flag_decltype.cpp.o[0m
[ 55%] [32mBuilding CXX object CMakeFiles/uncrustify.dir/src/indent.cpp.o[0m
[ 55%] [32mBuilding CXX object CMakeFiles/uncrustify.dir/src/keywords.cpp.o[0m
[ 55%] [32mBuilding CXX object CMakeFiles/uncrustify.dir/src/lang_pawn.cpp.o[0m
[ 58%] [32mBuilding CXX object CMakeFiles/uncrustify.dir/src/language_names.cpp.o[0m
[ 58%] [32mBuilding CXX object CMakeFiles/uncrustify.dir/src/language_tools.cpp.o[0m
[ 58%] [32mBuilding CXX object CMakeFiles/uncrustify.dir/src/logger.cpp.o[0m
[ 61%] [32mBuilding CXX object CMakeFiles/uncrustify.dir/src/logmask.cpp.o[0m
[ 61%] [32mBuilding CXX object CMakeFiles/uncrustify.dir/src/log_rules.cpp.o[0m
[ 61%] [32mBuilding CXX object CMakeFiles/uncrustify.dir/src/mark_functor.cpp.o[0m
[ 64%] [32mBuilding CXX object CMakeFiles/uncrustify.dir/src/mark_question_colon.cpp.o[0m
[ 64%] [32mBuilding CXX object CMakeFiles/uncrustify.dir/src/newlines.cpp.o[0m
[ 64%] [32mBuilding CXX object CMakeFiles/uncrustify.dir/src/md5.cpp.o[0m
[ 67%] [32mBuilding CXX object CMakeFiles/uncrustify.dir/src/option.cpp.o[0m
[ 67%] [32mBuilding CXX object CMakeFiles/uncrustify.dir/src/options_for_QT.cpp.o[0m
[ 67%] [32mBuilding CXX object CMakeFiles/uncrustify.dir/src/output.cpp.o[0m
[ 70%] [32mBuilding CXX object CMakeFiles/uncrustify.dir/src/parameter_pack_cleanup.cpp.o[0m
[ 70%] [32mBuilding CXX object CMakeFiles/uncrustify.dir/src/parens.cpp.o[0m
[ 70%] [32mBuilding CXX object CMakeFiles/uncrustify.dir/src/parent_for_pp.cpp.o[0m
[ 73%] [32mBuilding CXX object CMakeFiles/uncrustify.dir/src/parsing_frame.cpp.o[0m
[ 73%] [32mBuilding CXX object CMakeFiles/uncrustify.dir/src/parsing_frame_stack.cpp.o[0m
[ 73%] [32mBuilding CXX object CMakeFiles/uncrustify.dir/src/pcf_flags.cpp.o[0m
[ 76%] [32mBuilding CXX object CMakeFiles/uncrustify.dir/src/pragma_cleanup.cpp.o[0m
[ 76%] [32mBuilding CXX object CMakeFiles/uncrustify.dir/src/punctuators.cpp.o[0m
[ 79%] [32mBuilding CXX object CMakeFiles/uncrustify.dir/src/quick_align_again.cpp.o[0m
[ 79%] [32mBuilding CXX object CMakeFiles/uncrustify.dir/src/remove_duplicate_include.cpp.o[0m
[ 79%] [32mBuilding CXX object CMakeFiles/uncrustify.dir/src/remove_extra_returns.cpp.o[0m
[ 82%] [32mBuilding CXX object CMakeFiles/uncrustify.dir/src/rewrite_infinite_loops.cpp.o[0m
[ 82%] [32mBuilding CXX object CMakeFiles/uncrustify.dir/src/semicolons.cpp.o[0m
[ 82%] [32mBuilding CXX object CMakeFiles/uncrustify.dir/src/sorting.cpp.o[0m
[ 85%] [32mBuilding CXX object CMakeFiles/uncrustify.dir/src/space.cpp.o[0m
[ 85%] [32mBuilding CXX object CMakeFiles/uncrustify.dir/src/tokenize_cleanup.cpp.o[0m
[ 85%] [32mBuilding CXX object CMakeFiles/uncrustify.dir/src/tokenize.cpp.o[0m
[ 88%] [32mBuilding CXX object CMakeFiles/uncrustify.dir/src/uncrustify.cpp.o[0m
[ 88%] [32mBuilding CXX object CMakeFiles/uncrustify.dir/src/uncrustify_emscripten.cpp.o[0m
[ 88%] [32mBuilding CXX object CMakeFiles/uncrustify.dir/src/uncrustify_types.cpp.o[0m
[ 91%] [32mBuilding CXX object CMakeFiles/uncrustify.dir/src/unc_ctype.cpp.o[0m
[ 91%] [32mBuilding CXX object CMakeFiles/uncrustify.dir/src/unc_text.cpp.o[0m
[ 91%] [32mBuilding CXX object CMakeFiles/uncrustify.dir/src/unc_tools.cpp.o[0m
[ 94%] [32mBuilding CXX object CMakeFiles/uncrustify.dir/src/unicode.cpp.o[0m
[ 94%] [32mBuilding CXX object CMakeFiles/uncrustify.dir/src/universalindentgui.cpp.o[0m
[ 94%] [32mBuilding CXX object CMakeFiles/uncrustify.dir/src/width.cpp.o[0m
[ 97%] [32mBuilding CXX object CMakeFiles/uncrustify.dir/src/options.cpp.o[0m
[ 97%] [32mBuilding CXX object CMakeFiles/uncrustify.dir/src/option_enum.cpp.o[0m
[100%] [32m[1mLinking CXX executable uncrustify[0m
[100%] Built target uncrustify
[ 85%] [34m[1mPerforming install step for 'uncrustify_vendor'[0m
[  0%] Built target generate_version_header
[35m[1mConsolidate compiler generated dependencies of target uncrustify[0m
[100%] Built target uncrustify
[36mInstall the project...[0m
-- Install configuration: ""
-- Installing: /work/ubuntu-ros2-dev/build/uncrustify_vendor/uncrustify_vendor-prefix/install/bin/uncrustify
[100%] [34m[1mCompleted 'uncrustify_vendor'[0m
[100%] Built target uncrustify_vendor
-- Install configuration: ""
-- Execute custom install script
-- Symlinking: /work/ubuntu-ros2-dev/install/uncrustify_vendor/share/uncrustify_vendor/environment/vendor_package.bat
-- Symlinking: /work/ubuntu-ros2-dev/install/uncrustify_vendor/share/uncrustify_vendor/environment/vendor_package.dsv
-- Symlinking: /work/ubuntu-ros2-dev/install/uncrustify_vendor/share/uncrustify_vendor/environment/vendor_package.sh
-- Symlinking: /work/ubuntu-ros2-dev/install/uncrustify_vendor/share/ament_index/resource_index/vendor_packages/uncrustify_vendor
-- Symlinking: /work/ubuntu-ros2-dev/install/uncrustify_vendor/share/ament_index/resource_index/package_run_dependencies/uncrustify_vendor
-- Symlinking: /work/ubuntu-ros2-dev/install/uncrustify_vendor/share/ament_index/resource_index/parent_prefix_path/uncrustify_vendor
-- Symlinking: /work/ubuntu-ros2-dev/install/uncrustify_vendor/share/uncrustify_vendor/environment/ament_prefix_path.sh
-- Symlinking: /work/ubuntu-ros2-dev/install/uncrustify_vendor/share/uncrustify_vendor/environment/ament_prefix_path.dsv
-- Symlinking: /work/ubuntu-ros2-dev/install/uncrustify_vendor/share/uncrustify_vendor/environment/path.sh
-- Symlinking: /work/ubuntu-ros2-dev/install/uncrustify_vendor/share/uncrustify_vendor/environment/path.dsv
-- Symlinking: /work/ubuntu-ros2-dev/install/uncrustify_vendor/share/uncrustify_vendor/local_setup.bash
-- Symlinking: /work/ubuntu-ros2-dev/install/uncrustify_vendor/share/uncrustify_vendor/local_setup.sh
-- Symlinking: /work/ubuntu-ros2-dev/install/uncrustify_vendor/share/uncrustify_vendor/local_setup.zsh
-- Symlinking: /work/ubuntu-ros2-dev/install/uncrustify_vendor/share/uncrustify_vendor/local_setup.dsv
-- Symlinking: /work/ubuntu-ros2-dev/install/uncrustify_vendor/share/uncrustify_vendor/package.dsv
-- Symlinking: /work/ubuntu-ros2-dev/install/uncrustify_vendor/share/ament_index/resource_index/packages/uncrustify_vendor
-- Symlinking: /work/ubuntu-ros2-dev/install/uncrustify_vendor/share/uncrustify_vendor/cmake/vendor_package_cmake_prefix.cmake
-- Symlinking: /work/ubuntu-ros2-dev/install/uncrustify_vendor/share/uncrustify_vendor/cmake/uncrustify_vendorConfig.cmake
-- Symlinking: /work/ubuntu-ros2-dev/install/uncrustify_vendor/share/uncrustify_vendor/cmake/uncrustify_vendorConfig-version.cmake
-- Symlinking: /work/ubuntu-ros2-dev/install/uncrustify_vendor/share/uncrustify_vendor/package.xml
-- Installing: /work/ubuntu-ros2-dev/install/uncrustify_vendor/opt/uncrustify_vendor
-- Installing: /work/ubuntu-ros2-dev/install/uncrustify_vendor/opt/uncrustify_vendor/bin
-- Installing: /work/ubuntu-ros2-dev/install/uncrustify_vendor/opt/uncrustify_vendor/bin/uncrustify
