-- Found ament_cmake: 2.5.2 (/work/ubuntu-ros2-dev/install/ament_cmake/share/ament_cmake/cmake)
-- Found Python3: /usr/bin/python3 (found version "3.10.12") found components: Interpreter 
-- Override CMake install command with custom implementation using symlinks instead of copying resources
-- Found ament_lint_auto: 0.17.1 (/work/ubuntu-ros2-dev/install/ament_lint_auto/share/ament_lint_auto/cmake)
-- Added test 'copyright' to check source files copyright and LICENSE
-- Added test 'flake8' to check Python code syntax and style conventions
-- Configured 'flake8' exclude dirs and/or files: 
-- Added test 'lint_cmake' to check CMake code style
-- Added test 'pep257' to check Python code against some of the docstring style conventions in PEP 257
-- Added test 'xmllint' to check XML markup files
-- Configuring done
-- Generating done
-- Build files have been written to: /work/ubuntu-ros2-dev/build/rosidl_parser
Built target ament_cmake_python_symlink_rosidl_parser
running egg_info
creating rosidl_parser.egg-info
writing rosidl_parser.egg-info/PKG-INFO
writing dependency_links to rosidl_parser.egg-info/dependency_links.txt
writing top-level names to rosidl_parser.egg-info/top_level.txt
writing manifest file 'rosidl_parser.egg-info/SOURCES.txt'
reading manifest file 'rosidl_parser.egg-info/SOURCES.txt'
writing manifest file 'rosidl_parser.egg-info/SOURCES.txt'
Built target ament_cmake_python_build_rosidl_parser_egg
-- Install configuration: ""
-- Execute custom install script
-- Symlinking: /work/ubuntu-ros2-dev/install/rosidl_parser/share/rosidl_parser/environment/pythonpath.sh
-- Symlinking: /work/ubuntu-ros2-dev/install/rosidl_parser/share/rosidl_parser/environment/pythonpath.dsv
-- Symlinking: /work/ubuntu-ros2-dev/install/rosidl_parser/lib/python3.10/site-packages/rosidl_parser-4.6.4-py3.10.egg-info/PKG-INFO
-- Symlinking: /work/ubuntu-ros2-dev/install/rosidl_parser/lib/python3.10/site-packages/rosidl_parser-4.6.4-py3.10.egg-info/SOURCES.txt
-- Symlinking: /work/ubuntu-ros2-dev/install/rosidl_parser/lib/python3.10/site-packages/rosidl_parser-4.6.4-py3.10.egg-info/dependency_links.txt
-- Symlinking: /work/ubuntu-ros2-dev/install/rosidl_parser/lib/python3.10/site-packages/rosidl_parser-4.6.4-py3.10.egg-info/top_level.txt
-- Symlinking: /work/ubuntu-ros2-dev/install/rosidl_parser/lib/python3.10/site-packages/rosidl_parser/__init__.py
-- Symlinking: /work/ubuntu-ros2-dev/install/rosidl_parser/lib/python3.10/site-packages/rosidl_parser/definition.py
-- Symlinking: /work/ubuntu-ros2-dev/install/rosidl_parser/lib/python3.10/site-packages/rosidl_parser/grammar.lark
-- Symlinking: /work/ubuntu-ros2-dev/install/rosidl_parser/lib/python3.10/site-packages/rosidl_parser/parser.py
-- Symlinking: /work/ubuntu-ros2-dev/install/rosidl_parser/share/ament_index/resource_index/package_run_dependencies/rosidl_parser
-- Symlinking: /work/ubuntu-ros2-dev/install/rosidl_parser/share/ament_index/resource_index/parent_prefix_path/rosidl_parser
-- Symlinking: /work/ubuntu-ros2-dev/install/rosidl_parser/share/rosidl_parser/environment/ament_prefix_path.sh
-- Symlinking: /work/ubuntu-ros2-dev/install/rosidl_parser/share/rosidl_parser/environment/ament_prefix_path.dsv
-- Symlinking: /work/ubuntu-ros2-dev/install/rosidl_parser/share/rosidl_parser/environment/path.sh
-- Symlinking: /work/ubuntu-ros2-dev/install/rosidl_parser/share/rosidl_parser/environment/path.dsv
-- Symlinking: /work/ubuntu-ros2-dev/install/rosidl_parser/share/rosidl_parser/local_setup.bash
-- Symlinking: /work/ubuntu-ros2-dev/install/rosidl_parser/share/rosidl_parser/local_setup.sh
-- Symlinking: /work/ubuntu-ros2-dev/install/rosidl_parser/share/rosidl_parser/local_setup.zsh
-- Symlinking: /work/ubuntu-ros2-dev/install/rosidl_parser/share/rosidl_parser/local_setup.dsv
-- Symlinking: /work/ubuntu-ros2-dev/install/rosidl_parser/share/rosidl_parser/package.dsv
-- Symlinking: /work/ubuntu-ros2-dev/install/rosidl_parser/share/ament_index/resource_index/packages/rosidl_parser
-- Symlinking: /work/ubuntu-ros2-dev/install/rosidl_parser/share/rosidl_parser/cmake/rosidl_parserConfig.cmake
-- Symlinking: /work/ubuntu-ros2-dev/install/rosidl_parser/share/rosidl_parser/cmake/rosidl_parserConfig-version.cmake
-- Symlinking: /work/ubuntu-ros2-dev/install/rosidl_parser/share/rosidl_parser/package.xml
-- Symlinking: /work/ubuntu-ros2-dev/install/rosidl_parser/lib/rosidl_parser/idl2png
Listing '/work/ubuntu-ros2-dev/install/rosidl_parser/lib/python3.10/site-packages/rosidl_parser'...
Compiling '/work/ubuntu-ros2-dev/install/rosidl_parser/lib/python3.10/site-packages/rosidl_parser/__init__.py'...
Compiling '/work/ubuntu-ros2-dev/install/rosidl_parser/lib/python3.10/site-packages/rosidl_parser/definition.py'...
Compiling '/work/ubuntu-ros2-dev/install/rosidl_parser/lib/python3.10/site-packages/rosidl_parser/parser.py'...
