running develop
running egg_info
creating src/rqt_console.egg-info
writing src/rqt_console.egg-info/PKG-INFO
writing dependency_links to src/rqt_console.egg-info/dependency_links.txt
writing entry points to src/rqt_console.egg-info/entry_points.txt
writing requirements to src/rqt_console.egg-info/requires.txt
writing top-level names to src/rqt_console.egg-info/top_level.txt
writing manifest file 'src/rqt_console.egg-info/SOURCES.txt'
reading manifest file 'src/rqt_console.egg-info/SOURCES.txt'
writing manifest file 'src/rqt_console.egg-info/SOURCES.txt'
running build_ext
Creating /work/ubuntu-ros2-dev/install/rqt_console/lib/python3.10/site-packages/rqt-console.egg-link (link to src)
Installing rqt_console script to /work/ubuntu-ros2-dev/install/rqt_console/lib/rqt_console

Installed /work/ubuntu-ros2-dev/build/rqt_console/src
running symlink_data
creating /work/ubuntu-ros2-dev/install/rqt_console/share/ament_index
creating /work/ubuntu-ros2-dev/install/rqt_console/share/ament_index/resource_index
creating /work/ubuntu-ros2-dev/install/rqt_console/share/ament_index/resource_index/packages
symbolically linking /work/ubuntu-ros2-dev/build/rqt_console/resource/rqt_console -> /work/ubuntu-ros2-dev/install/rqt_console/share/ament_index/resource_index/packages
creating /work/ubuntu-ros2-dev/install/rqt_console/share/rqt_console/resource
symbolically linking /work/ubuntu-ros2-dev/build/rqt_console/resource/console_settings_dialog.ui -> /work/ubuntu-ros2-dev/install/rqt_console/share/rqt_console/resource
symbolically linking /work/ubuntu-ros2-dev/build/rqt_console/resource/console_widget.ui -> /work/ubuntu-ros2-dev/install/rqt_console/share/rqt_console/resource
symbolically linking /work/ubuntu-ros2-dev/build/rqt_console/resource/text_browse_dialog.ui -> /work/ubuntu-ros2-dev/install/rqt_console/share/rqt_console/resource
creating /work/ubuntu-ros2-dev/install/rqt_console/share/rqt_console/resource/filters
symbolically linking /work/ubuntu-ros2-dev/build/rqt_console/resource/filters/custom_filter_widget.ui -> /work/ubuntu-ros2-dev/install/rqt_console/share/rqt_console/resource/filters
symbolically linking /work/ubuntu-ros2-dev/build/rqt_console/resource/filters/filter_wrapper_widget.ui -> /work/ubuntu-ros2-dev/install/rqt_console/share/rqt_console/resource/filters
symbolically linking /work/ubuntu-ros2-dev/build/rqt_console/resource/filters/list_filter_widget.ui -> /work/ubuntu-ros2-dev/install/rqt_console/share/rqt_console/resource/filters
symbolically linking /work/ubuntu-ros2-dev/build/rqt_console/resource/filters/text_filter_widget.ui -> /work/ubuntu-ros2-dev/install/rqt_console/share/rqt_console/resource/filters
symbolically linking /work/ubuntu-ros2-dev/build/rqt_console/resource/filters/time_filter_widget.ui -> /work/ubuntu-ros2-dev/install/rqt_console/share/rqt_console/resource/filters
symbolically linking /work/ubuntu-ros2-dev/build/rqt_console/package.xml -> /work/ubuntu-ros2-dev/install/rqt_console/share/rqt_console
symbolically linking /work/ubuntu-ros2-dev/build/rqt_console/plugin.xml -> /work/ubuntu-ros2-dev/install/rqt_console/share/rqt_console
