[0.013s] Invoking command in '/work/ubuntu-ros2-dev/build/urdfdom_headers': /usr/bin/cmake /work/ubuntu-ros2-dev/src/ros/urdfdom_headers -DCMAKE_INSTALL_PREFIX=/work/ubuntu-ros2-dev/install/urdfdom_headers
[0.046s] -- The C compiler identification is GNU 11.4.0
[0.103s] -- The CXX compiler identification is GNU 11.4.0
[0.107s] -- Detecting C compiler ABI info
[0.182s] -- Detecting C compiler ABI info - done
[0.186s] -- Check for working C compiler: /usr/bin/cc - skipped
[0.186s] -- Detecting C compile features
[0.187s] -- Detecting C compile features - done
[0.189s] -- Detecting CXX compiler ABI info
[0.238s] -- Detecting CXX compiler ABI info - done
[0.244s] -- Check for working CXX compiler: /usr/bin/c++ - skipped
[0.244s] -- Detecting CXX compile features
[0.244s] -- Detecting CXX compile features - done
[0.244s] -- urdfdom_headers version 1.1.2
[0.245s] -- Configuration successful. Type make install to install urdfdom_headers.
[0.245s] -- Configuring done
[0.247s] -- Generating done
[0.247s] -- Build files have been written to: /work/ubuntu-ros2-dev/build/urdfdom_headers
[0.419s] Invoked command in '/work/ubuntu-ros2-dev/build/urdfdom_headers' returned '0': /usr/bin/cmake /work/ubuntu-ros2-dev/src/ros/urdfdom_headers -DCMAKE_INSTALL_PREFIX=/work/ubuntu-ros2-dev/install/urdfdom_headers
[0.420s] Invoking command in '/work/ubuntu-ros2-dev/build/urdfdom_headers': /usr/bin/cmake --build /work/ubuntu-ros2-dev/build/urdfdom_headers -- -j8 -l8
[0.730s] Invoked command in '/work/ubuntu-ros2-dev/build/urdfdom_headers' returned '0': /usr/bin/cmake --build /work/ubuntu-ros2-dev/build/urdfdom_headers -- -j8 -l8
[0.821s] Invoking command in '/work/ubuntu-ros2-dev/build/urdfdom_headers': /usr/bin/cmake --install /work/ubuntu-ros2-dev/build/urdfdom_headers
[0.832s] -- Install configuration: ""
[0.832s] -- Installing: /work/ubuntu-ros2-dev/install/urdfdom_headers/include/urdfdom_headers
[0.832s] -- Installing: /work/ubuntu-ros2-dev/install/urdfdom_headers/include/urdfdom_headers/urdf_sensor
[0.832s] -- Installing: /work/ubuntu-ros2-dev/install/urdfdom_headers/include/urdfdom_headers/urdf_sensor/types.h
[0.832s] -- Installing: /work/ubuntu-ros2-dev/install/urdfdom_headers/include/urdfdom_headers/urdf_sensor/sensor.h
[0.832s] -- Installing: /work/ubuntu-ros2-dev/install/urdfdom_headers/include/urdfdom_headers/urdf_world
[0.832s] -- Installing: /work/ubuntu-ros2-dev/install/urdfdom_headers/include/urdfdom_headers/urdf_world/world.h
[0.832s] -- Installing: /work/ubuntu-ros2-dev/install/urdfdom_headers/include/urdfdom_headers/urdf_world/types.h
[0.832s] -- Installing: /work/ubuntu-ros2-dev/install/urdfdom_headers/include/urdfdom_headers/urdf_exception
[0.832s] -- Installing: /work/ubuntu-ros2-dev/install/urdfdom_headers/include/urdfdom_headers/urdf_exception/exception.h
[0.832s] -- Installing: /work/ubuntu-ros2-dev/install/urdfdom_headers/include/urdfdom_headers/urdf_model
[0.833s] -- Installing: /work/ubuntu-ros2-dev/install/urdfdom_headers/include/urdfdom_headers/urdf_model/twist.h
[0.833s] -- Installing: /work/ubuntu-ros2-dev/install/urdfdom_headers/include/urdfdom_headers/urdf_model/utils.h
[0.835s] -- Installing: /work/ubuntu-ros2-dev/install/urdfdom_headers/include/urdfdom_headers/urdf_model/model.h
[0.835s] -- Installing: /work/ubuntu-ros2-dev/install/urdfdom_headers/include/urdfdom_headers/urdf_model/pose.h
[0.835s] -- Installing: /work/ubuntu-ros2-dev/install/urdfdom_headers/include/urdfdom_headers/urdf_model/link.h
[0.835s] -- Installing: /work/ubuntu-ros2-dev/install/urdfdom_headers/include/urdfdom_headers/urdf_model/types.h
[0.835s] -- Installing: /work/ubuntu-ros2-dev/install/urdfdom_headers/include/urdfdom_headers/urdf_model/color.h
[0.835s] -- Installing: /work/ubuntu-ros2-dev/install/urdfdom_headers/include/urdfdom_headers/urdf_model/joint.h
[0.835s] -- Installing: /work/ubuntu-ros2-dev/install/urdfdom_headers/include/urdfdom_headers/urdf_model_state
[0.835s] -- Installing: /work/ubuntu-ros2-dev/install/urdfdom_headers/include/urdfdom_headers/urdf_model_state/twist.h
[0.835s] -- Installing: /work/ubuntu-ros2-dev/install/urdfdom_headers/include/urdfdom_headers/urdf_model_state/types.h
[0.835s] -- Installing: /work/ubuntu-ros2-dev/install/urdfdom_headers/include/urdfdom_headers/urdf_model_state/model_state.h
[0.835s] -- Installing: /work/ubuntu-ros2-dev/install/urdfdom_headers/lib/urdfdom_headers/cmake/urdfdom_headers-config.cmake
[0.835s] -- Installing: /work/ubuntu-ros2-dev/install/urdfdom_headers/lib/urdfdom_headers/cmake/urdfdom_headers-config-version.cmake
[0.836s] -- Installing: /work/ubuntu-ros2-dev/install/urdfdom_headers/lib/pkgconfig/urdfdom_headers.pc
[0.836s] -- Installing: /work/ubuntu-ros2-dev/install/urdfdom_headers/lib/urdfdom_headers/cmake/urdfdom_headersExport.cmake
[0.850s] Invoked command in '/work/ubuntu-ros2-dev/build/urdfdom_headers' returned '0': /usr/bin/cmake --install /work/ubuntu-ros2-dev/build/urdfdom_headers
