running develop
running egg_info
creating src/rqt_topic.egg-info
writing src/rqt_topic.egg-info/PKG-INFO
writing dependency_links to src/rqt_topic.egg-info/dependency_links.txt
writing entry points to src/rqt_topic.egg-info/entry_points.txt
writing requirements to src/rqt_topic.egg-info/requires.txt
writing top-level names to src/rqt_topic.egg-info/top_level.txt
writing manifest file 'src/rqt_topic.egg-info/SOURCES.txt'
reading manifest file 'src/rqt_topic.egg-info/SOURCES.txt'
writing manifest file 'src/rqt_topic.egg-info/SOURCES.txt'
running build_ext
Creating /work/ubuntu-ros2-dev/install/rqt_topic/lib/python3.10/site-packages/rqt-topic.egg-link (link to src)
Installing rqt_topic script to /work/ubuntu-ros2-dev/install/rqt_topic/lib/rqt_topic

Installed /work/ubuntu-ros2-dev/build/rqt_topic/src
running symlink_data
creating /work/ubuntu-ros2-dev/install/rqt_topic/share/ament_index
creating /work/ubuntu-ros2-dev/install/rqt_topic/share/ament_index/resource_index
creating /work/ubuntu-ros2-dev/install/rqt_topic/share/ament_index/resource_index/packages
symbolically linking /work/ubuntu-ros2-dev/build/rqt_topic/resource/rqt_topic -> /work/ubuntu-ros2-dev/install/rqt_topic/share/ament_index/resource_index/packages
creating /work/ubuntu-ros2-dev/install/rqt_topic/share/rqt_topic/resource
symbolically linking /work/ubuntu-ros2-dev/build/rqt_topic/resource/TopicWidget.ui -> /work/ubuntu-ros2-dev/install/rqt_topic/share/rqt_topic/resource
symbolically linking /work/ubuntu-ros2-dev/build/rqt_topic/package.xml -> /work/ubuntu-ros2-dev/install/rqt_topic/share/rqt_topic
symbolically linking /work/ubuntu-ros2-dev/build/rqt_topic/plugin.xml -> /work/ubuntu-ros2-dev/install/rqt_topic/share/rqt_topic
