[0.008s] Invoking command in '/work/ubuntu-ros2-dev/build/ament_cmake_target_dependencies': AMENT_PREFIX_PATH=/work/ubuntu-ros2-dev/install/ament_cmake_libraries:/work/ubuntu-ros2-dev/install/ament_cmake_include_directories:/work/ubuntu-ros2-dev/install/ament_cmake_core:/work/ubuntu-ros2-dev/install/ament_package CMAKE_PREFIX_PATH=/work/ubuntu-ros2-dev/install/ament_cmake_libraries:/work/ubuntu-ros2-dev/install/ament_cmake_include_directories:/work/ubuntu-ros2-dev/install/ament_cmake_core PYTHONPATH=/work/ubuntu-ros2-dev/build/ament_package:/work/ubuntu-ros2-dev/install/ament_package/lib/python3.10/site-packages /usr/bin/cmake /work/ubuntu-ros2-dev/src/ament/ament_cmake/ament_cmake_target_dependencies -DAMENT_CMAKE_SYMLINK_INSTALL=1 -DCMAKE_INSTALL_PREFIX=/work/ubuntu-ros2-dev/install/ament_cmake_target_dependencies
[0.018s] -- Found ament_cmake_core: 2.5.2 (/work/ubuntu-ros2-dev/install/ament_cmake_core/share/ament_cmake_core/cmake)
[0.103s] -- Found Python3: /usr/bin/python3 (found version "3.10.12") found components: Interpreter 
[0.137s] -- Override CMake install command with custom implementation using symlinks instead of copying resources
[0.174s] -- Configuring done
[0.178s] -- Generating done
[0.178s] -- Build files have been written to: /work/ubuntu-ros2-dev/build/ament_cmake_target_dependencies
[0.180s] Invoked command in '/work/ubuntu-ros2-dev/build/ament_cmake_target_dependencies' returned '0': AMENT_PREFIX_PATH=/work/ubuntu-ros2-dev/install/ament_cmake_libraries:/work/ubuntu-ros2-dev/install/ament_cmake_include_directories:/work/ubuntu-ros2-dev/install/ament_cmake_core:/work/ubuntu-ros2-dev/install/ament_package CMAKE_PREFIX_PATH=/work/ubuntu-ros2-dev/install/ament_cmake_libraries:/work/ubuntu-ros2-dev/install/ament_cmake_include_directories:/work/ubuntu-ros2-dev/install/ament_cmake_core PYTHONPATH=/work/ubuntu-ros2-dev/build/ament_package:/work/ubuntu-ros2-dev/install/ament_package/lib/python3.10/site-packages /usr/bin/cmake /work/ubuntu-ros2-dev/src/ament/ament_cmake/ament_cmake_target_dependencies -DAMENT_CMAKE_SYMLINK_INSTALL=1 -DCMAKE_INSTALL_PREFIX=/work/ubuntu-ros2-dev/install/ament_cmake_target_dependencies
[0.186s] Invoking command in '/work/ubuntu-ros2-dev/build/ament_cmake_target_dependencies': AMENT_PREFIX_PATH=/work/ubuntu-ros2-dev/install/ament_cmake_libraries:/work/ubuntu-ros2-dev/install/ament_cmake_include_directories:/work/ubuntu-ros2-dev/install/ament_cmake_core:/work/ubuntu-ros2-dev/install/ament_package CMAKE_PREFIX_PATH=/work/ubuntu-ros2-dev/install/ament_cmake_libraries:/work/ubuntu-ros2-dev/install/ament_cmake_include_directories:/work/ubuntu-ros2-dev/install/ament_cmake_core PYTHONPATH=/work/ubuntu-ros2-dev/build/ament_package:/work/ubuntu-ros2-dev/install/ament_package/lib/python3.10/site-packages /usr/bin/cmake --build /work/ubuntu-ros2-dev/build/ament_cmake_target_dependencies -- -j8 -l8
[0.209s] Invoked command in '/work/ubuntu-ros2-dev/build/ament_cmake_target_dependencies' returned '0': AMENT_PREFIX_PATH=/work/ubuntu-ros2-dev/install/ament_cmake_libraries:/work/ubuntu-ros2-dev/install/ament_cmake_include_directories:/work/ubuntu-ros2-dev/install/ament_cmake_core:/work/ubuntu-ros2-dev/install/ament_package CMAKE_PREFIX_PATH=/work/ubuntu-ros2-dev/install/ament_cmake_libraries:/work/ubuntu-ros2-dev/install/ament_cmake_include_directories:/work/ubuntu-ros2-dev/install/ament_cmake_core PYTHONPATH=/work/ubuntu-ros2-dev/build/ament_package:/work/ubuntu-ros2-dev/install/ament_package/lib/python3.10/site-packages /usr/bin/cmake --build /work/ubuntu-ros2-dev/build/ament_cmake_target_dependencies -- -j8 -l8
[0.235s] Invoking command in '/work/ubuntu-ros2-dev/build/ament_cmake_target_dependencies': AMENT_PREFIX_PATH=/work/ubuntu-ros2-dev/install/ament_cmake_libraries:/work/ubuntu-ros2-dev/install/ament_cmake_include_directories:/work/ubuntu-ros2-dev/install/ament_cmake_core:/work/ubuntu-ros2-dev/install/ament_package CMAKE_PREFIX_PATH=/work/ubuntu-ros2-dev/install/ament_cmake_libraries:/work/ubuntu-ros2-dev/install/ament_cmake_include_directories:/work/ubuntu-ros2-dev/install/ament_cmake_core PYTHONPATH=/work/ubuntu-ros2-dev/build/ament_package:/work/ubuntu-ros2-dev/install/ament_package/lib/python3.10/site-packages /usr/bin/cmake --install /work/ubuntu-ros2-dev/build/ament_cmake_target_dependencies
[0.240s] -- Install configuration: ""
[0.240s] -- Execute custom install script
[0.240s] -- Symlinking: /work/ubuntu-ros2-dev/install/ament_cmake_target_dependencies/share/ament_index/resource_index/package_run_dependencies/ament_cmake_target_dependencies
[0.244s] -- Symlinking: /work/ubuntu-ros2-dev/install/ament_cmake_target_dependencies/share/ament_index/resource_index/parent_prefix_path/ament_cmake_target_dependencies
[0.249s] -- Symlinking: /work/ubuntu-ros2-dev/install/ament_cmake_target_dependencies/share/ament_cmake_target_dependencies/environment/ament_prefix_path.sh
[0.253s] -- Symlinking: /work/ubuntu-ros2-dev/install/ament_cmake_target_dependencies/share/ament_cmake_target_dependencies/environment/ament_prefix_path.dsv
[0.256s] -- Symlinking: /work/ubuntu-ros2-dev/install/ament_cmake_target_dependencies/share/ament_cmake_target_dependencies/environment/path.sh
[0.260s] -- Symlinking: /work/ubuntu-ros2-dev/install/ament_cmake_target_dependencies/share/ament_cmake_target_dependencies/environment/path.dsv
[0.264s] -- Symlinking: /work/ubuntu-ros2-dev/install/ament_cmake_target_dependencies/share/ament_cmake_target_dependencies/local_setup.bash
[0.267s] -- Symlinking: /work/ubuntu-ros2-dev/install/ament_cmake_target_dependencies/share/ament_cmake_target_dependencies/local_setup.sh
[0.271s] -- Symlinking: /work/ubuntu-ros2-dev/install/ament_cmake_target_dependencies/share/ament_cmake_target_dependencies/local_setup.zsh
[0.279s] -- Symlinking: /work/ubuntu-ros2-dev/install/ament_cmake_target_dependencies/share/ament_cmake_target_dependencies/local_setup.dsv
[0.283s] -- Symlinking: /work/ubuntu-ros2-dev/install/ament_cmake_target_dependencies/share/ament_cmake_target_dependencies/package.dsv
[0.287s] -- Symlinking: /work/ubuntu-ros2-dev/install/ament_cmake_target_dependencies/share/ament_index/resource_index/packages/ament_cmake_target_dependencies
[0.290s] -- Symlinking: /work/ubuntu-ros2-dev/install/ament_cmake_target_dependencies/share/ament_cmake_target_dependencies/cmake/ament_cmake_target_dependencies-extras.cmake
[0.293s] -- Symlinking: /work/ubuntu-ros2-dev/install/ament_cmake_target_dependencies/share/ament_cmake_target_dependencies/cmake/ament_cmake_target_dependenciesConfig.cmake
[0.296s] -- Symlinking: /work/ubuntu-ros2-dev/install/ament_cmake_target_dependencies/share/ament_cmake_target_dependencies/cmake/ament_cmake_target_dependenciesConfig-version.cmake
[0.299s] -- Symlinking: /work/ubuntu-ros2-dev/install/ament_cmake_target_dependencies/share/ament_cmake_target_dependencies/package.xml
[0.303s] -- Symlinking: /work/ubuntu-ros2-dev/install/ament_cmake_target_dependencies/share/ament_cmake_target_dependencies/cmake/ament_get_recursive_properties.cmake
[0.307s] -- Symlinking: /work/ubuntu-ros2-dev/install/ament_cmake_target_dependencies/share/ament_cmake_target_dependencies/cmake/ament_target_dependencies.cmake
[0.381s] Invoked command in '/work/ubuntu-ros2-dev/build/ament_cmake_target_dependencies' returned '0': AMENT_PREFIX_PATH=/work/ubuntu-ros2-dev/install/ament_cmake_libraries:/work/ubuntu-ros2-dev/install/ament_cmake_include_directories:/work/ubuntu-ros2-dev/install/ament_cmake_core:/work/ubuntu-ros2-dev/install/ament_package CMAKE_PREFIX_PATH=/work/ubuntu-ros2-dev/install/ament_cmake_libraries:/work/ubuntu-ros2-dev/install/ament_cmake_include_directories:/work/ubuntu-ros2-dev/install/ament_cmake_core PYTHONPATH=/work/ubuntu-ros2-dev/build/ament_package:/work/ubuntu-ros2-dev/install/ament_package/lib/python3.10/site-packages /usr/bin/cmake --install /work/ubuntu-ros2-dev/build/ament_cmake_target_dependencies
