-- The C compiler identification is GNU 11.4.0
-- The CXX compiler identification is GNU 11.4.0
-- Detecting C compiler ABI info
-- Detecting C compiler ABI info - done
-- Check for working C compiler: /usr/bin/cc - skipped
-- Detecting C compile features
-- Detecting C compile features - done
-- Detecting CXX compiler ABI info
-- Detecting CXX compiler ABI info - done
-- Check for working CXX compiler: /usr/bin/c++ - skipped
-- Detecting CXX compile features
-- Detecting CXX compile features - done
-- Found ament_cmake_ros: 0.12.0 (/work/ubuntu-ros2-dev/install/ament_cmake_ros/share/ament_cmake_ros/cmake)
-- Found Python3: /usr/bin/python3 (found version "3.10.12") found components: Interpreter 
-- Override CMake install command with custom implementation using symlinks instead of copying resources
-- Found keyboard_handler: 0.3.1 (/work/ubuntu-ros2-dev/install/keyboard_handler/share/keyboard_handler/cmake)
-- Found rcl: 9.2.4 (/work/ubuntu-ros2-dev/install/rcl/share/rcl/cmake)
-- Found rosidl_generator_c: 4.6.4 (/work/ubuntu-ros2-dev/install/rosidl_generator_c/share/rosidl_generator_c/cmake)
-- Found rosidl_generator_cpp: 4.6.4 (/work/ubuntu-ros2-dev/install/rosidl_generator_cpp/share/rosidl_generator_cpp/cmake)
-- Using all available rosidl_typesupport_c: rosidl_typesupport_fastrtps_c;rosidl_typesupport_introspection_c
-- Using all available rosidl_typesupport_cpp: rosidl_typesupport_introspection_cpp;rosidl_typesupport_fastrtps_cpp
-- Found rmw_implementation_cmake: 7.3.1 (/work/ubuntu-ros2-dev/install/rmw_implementation_cmake/share/rmw_implementation_cmake/cmake)
-- Found rmw_fastrtps_cpp: 8.4.1 (/work/ubuntu-ros2-dev/install/rmw_fastrtps_cpp/share/rmw_fastrtps_cpp/cmake)
-- Found OpenSSL: /usr/lib/aarch64-linux-gnu/libcrypto.so (found version "3.0.2")  
-- Found FastRTPS: /work/ubuntu-ros2-dev/install/fastrtps/include (Required is at least version "2.13") 
-- Using RMW implementation 'rmw_fastrtps_cpp' as default
-- Found rclcpp: 28.1.5 (/work/ubuntu-ros2-dev/install/rclcpp/share/rclcpp/cmake)
-- Found rclcpp_components: 28.1.5 (/work/ubuntu-ros2-dev/install/rclcpp_components/share/rclcpp_components/cmake)
-- Found rosbag2_compression: 0.26.5 (/work/ubuntu-ros2-dev/install/rosbag2_compression/share/rosbag2_compression/cmake)
-- Setting yaml-cpp_DIR to: '/work/ubuntu-ros2-dev/install/yaml_cpp_vendor/share/yaml_cpp_vendor/cmake/../../../opt/yaml_cpp_vendor/share/cmake/yaml-cpp'
-- Found rosbag2_interfaces: 0.26.5 (/work/ubuntu-ros2-dev/install/rosbag2_interfaces/share/rosbag2_interfaces/cmake)
-- Found shared_queues_vendor: 0.26.5 (/work/ubuntu-ros2-dev/install/shared_queues_vendor/share/shared_queues_vendor/cmake)
-- Found ament_lint_auto: 0.17.1 (/work/ubuntu-ros2-dev/install/ament_lint_auto/share/ament_lint_auto/cmake)
-- Found rosbag2_test_common: 0.26.5 (/work/ubuntu-ros2-dev/install/rosbag2_test_common/share/rosbag2_test_common/cmake)
-- Found test_msgs: 2.0.2 (/work/ubuntu-ros2-dev/install/test_msgs/share/test_msgs/cmake)
-- Found gmock sources under '/work/ubuntu-ros2-dev/install/gmock_vendor/src/gmock_vendor': C++ tests using 'Google Mock' will be built
-- Found gtest sources under '/work/ubuntu-ros2-dev/install/gtest_vendor/src/gtest_vendor': C++ tests using 'Google Test' will be built
-- Found TinyXML2 via Config file: TinyXML2_DIR-NOTFOUND
-- Found TinyXML2 via Config file: TinyXML2_DIR-NOTFOUND
-- Added test 'copyright' to check source files copyright and LICENSE
-- Added test 'cppcheck' to perform static code analysis on C / C++ code
-- Configured cppcheck include dirs: $<BUILD_INTERFACE:/work/ubuntu-ros2-dev/src/ros2/rosbag2/rosbag2_transport/include>;$<BUILD_INTERFACE:/work/ubuntu-ros2-dev/src/ros2/rosbag2/rosbag2_transport/src/rosbag2_transport>
-- Configured cppcheck exclude dirs and/or files: 
-- Added test 'cpplint' to check C / C++ code against the Google style
-- Configured cpplint exclude dirs and/or files: 
-- Added test 'lint_cmake' to check CMake code style
-- Added test 'uncrustify' to check C / C++ code style
-- Configured uncrustify additional arguments: 
-- Added test 'xmllint' to check XML markup files
-- Configuring done
-- Generating done
-- Build files have been written to: /work/ubuntu-ros2-dev/build/rosbag2_transport
[  1%] [32mBuilding CXX object CMakeFiles/rosbag2_transport.dir/src/rosbag2_transport/bag_rewrite.cpp.o[0m
[  2%] [32mBuilding CXX object CMakeFiles/rosbag2_transport.dir/src/rosbag2_transport/player_service_client.cpp.o[0m
[  3%] [32mBuilding CXX object CMakeFiles/rosbag2_transport.dir/src/rosbag2_transport/reader_writer_factory.cpp.o[0m
[  5%] [32mBuilding CXX object CMakeFiles/rosbag2_transport.dir/src/rosbag2_transport/recorder.cpp.o[0m
[  6%] [32mBuilding CXX object CMakeFiles/rosbag2_transport.dir/src/rosbag2_transport/record_options.cpp.o[0m
[  7%] [32mBuilding CXX object CMakeFiles/rosbag2_transport.dir/src/rosbag2_transport/topic_filter.cpp.o[0m
[  9%] [32mBuilding CXX object CMakeFiles/rosbag2_transport.dir/src/rosbag2_transport/config_options_from_node_params.cpp.o[0m
[ 10%] [32mBuilding CXX object CMakeFiles/rosbag2_transport.dir/src/rosbag2_transport/play_options.cpp.o[0m
[ 11%] [32mBuilding CXX object CMakeFiles/rosbag2_transport.dir/src/rosbag2_transport/player.cpp.o[0m
[ 12%] [32m[1mLinking CXX shared library librosbag2_transport.so[0m
[ 12%] Built target rosbag2_transport
[ 14%] [32mBuilding CXX object gmock/CMakeFiles/gmock.dir/work/ubuntu-ros2-dev/install/gtest_vendor/src/gtest_vendor/src/gtest-all.cc.o[0m
[ 15%] [32mBuilding CXX object gmock/CMakeFiles/gmock.dir/src/gmock-all.cc.o[0m
[ 16%] [32mBuilding CXX object gmock/CMakeFiles/gmock_main.dir/src/gmock_main.cc.o[0m
[ 18%] [32m[1mLinking CXX static library libgmock_main.a[0m
[ 18%] Built target gmock_main
[ 19%] [32mBuilding CXX object CMakeFiles/recorder.dir/rclcpp_components/node_main_recorder.cpp.o[0m
[ 20%] [32m[1mLinking CXX static library libgmock.a[0m
[ 20%] Built target gmock
[ 22%] [32m[1mLinking CXX executable recorder[0m
[ 22%] Built target recorder
[ 23%] [32mBuilding CXX object CMakeFiles/test_play_callbacks.dir/test/rosbag2_transport/test_play_callbacks.cpp.o[0m
[ 24%] [32m[1mLinking CXX executable test_play_callbacks[0m
[ 24%] Built target test_play_callbacks
[ 25%] [32mBuilding CXX object CMakeFiles/test_player_stop.dir/test/rosbag2_transport/test_player_stop.cpp.o[0m
[ 27%] [32m[1mLinking CXX executable test_player_stop[0m
[ 27%] Built target test_player_stop
[ 28%] [32mBuilding CXX object CMakeFiles/test_play_seek.dir/test/rosbag2_transport/test_play_seek.cpp.o[0m
[ 29%] [32mBuilding CXX object CMakeFiles/test_play_services.dir/test/rosbag2_transport/test_play_services.cpp.o[0m
[ 31%] [32mBuilding CXX object CMakeFiles/test_play_timing.dir/test/rosbag2_transport/test_play_timing.cpp.o[0m
[ 32%] [32m[1mLinking CXX executable test_play_seek[0m
[ 33%] [32mBuilding CXX object CMakeFiles/test_play_publish_clock.dir/test/rosbag2_transport/test_play_publish_clock.cpp.o[0m
[ 35%] [32mBuilding CXX object CMakeFiles/test_play_loop.dir/test/rosbag2_transport/test_play_loop.cpp.o[0m
[ 35%] Built target test_play_seek
[ 36%] [32mBuilding CXX object CMakeFiles/test_composable_player.dir/test/rosbag2_transport/test_composable_player.cpp.o[0m
[ 37%] [32m[1mLinking CXX executable test_play_timing[0m
[ 37%] Built target test_play_timing
[ 38%] [32m[1mLinking CXX executable test_play_loop[0m
[ 38%] Built target test_play_loop
[ 40%] [32m[1mLinking CXX executable test_play_publish_clock[0m
[ 41%] [32m[1mLinking CXX executable test_composable_player[0m
[ 42%] Built target test_play_publish_clock
[ 42%] [32m[1mLinking CXX executable test_play_services[0m
[ 42%] Built target test_composable_player
[ 42%] Built target test_play_services
[ 44%] [32mBuilding CXX object CMakeFiles/test_burst.dir/test/rosbag2_transport/test_burst.cpp.o[0m
[ 45%] [32m[1mLinking CXX executable test_burst[0m
[ 45%] Built target test_burst
[ 46%] [32mBuilding CXX object CMakeFiles/test_record.dir/test/rosbag2_transport/test_record.cpp.o[0m
[ 48%] [32m[1mLinking CXX executable test_record[0m
[ 48%] Built target test_record
[ 49%] [32mBuilding CXX object CMakeFiles/test_record_all.dir/test/rosbag2_transport/test_record_all.cpp.o[0m
[ 50%] [32m[1mLinking CXX executable test_record_all[0m
[ 50%] Built target test_record_all
[ 51%] [32mBuilding CXX object CMakeFiles/test_record_all_ignore_leaf_topics.dir/test/rosbag2_transport/test_record_all_ignore_leaf_topics.cpp.o[0m
[ 53%] [32m[1mLinking CXX executable test_record_all_ignore_leaf_topics[0m
[ 54%] [32mBuilding CXX object CMakeFiles/test_record_all_include_unpublished_topics.dir/test/rosbag2_transport/test_record_all_include_unpublished_topics.cpp.o[0m
[ 54%] Built target test_record_all_ignore_leaf_topics
[ 55%] [32mBuilding CXX object CMakeFiles/test_record_all_no_discovery.dir/test/rosbag2_transport/test_record_all_no_discovery.cpp.o[0m
[ 57%] [32mBuilding CXX object CMakeFiles/test_play_until.dir/test/rosbag2_transport/test_play_until.cpp.o[0m
[ 58%] [32m[1mLinking CXX executable test_record_all_no_discovery[0m
[ 59%] [32m[1mLinking CXX executable test_record_all_include_unpublished_topics[0m
[ 59%] Built target test_record_all_no_discovery
[ 59%] Built target test_record_all_include_unpublished_topics
[ 61%] [32m[1mLinking CXX executable test_play_until[0m
[ 61%] Built target test_play_until
[ 62%] [32mBuilding CXX object CMakeFiles/test_keyboard_controls.dir/test/rosbag2_transport/test_keyboard_controls.cpp.o[0m
[ 63%] [32m[1mLinking CXX executable test_keyboard_controls[0m
[ 63%] Built target test_keyboard_controls
[ 64%] [32mBuilding CXX object CMakeFiles/test_record_regex.dir/test/rosbag2_transport/test_record_regex.cpp.o[0m
[ 66%] [32m[1mLinking CXX executable test_record_regex[0m
[ 66%] Built target test_record_regex
[ 67%] [32mBuilding CXX object CMakeFiles/test_record_services.dir/test/rosbag2_transport/test_record_services.cpp.o[0m
[ 68%] [32mBuilding CXX object CMakeFiles/test_composable_recorder.dir/test/rosbag2_transport/test_composable_recorder.cpp.o[0m
[ 70%] [32mBuilding CXX object CMakeFiles/test_record_all_use_sim_time.dir/test/rosbag2_transport/test_record_all_use_sim_time.cpp.o[0m
[ 71%] [32mBuilding CXX object CMakeFiles/test_play_next.dir/test/rosbag2_transport/test_play_next.cpp.o[0m
[ 72%] [32mBuilding CXX object CMakeFiles/test_play_duration.dir/test/rosbag2_transport/test_play_duration.cpp.o[0m
[ 74%] [32mBuilding CXX object CMakeFiles/test_play_topic_remap.dir/test/rosbag2_transport/test_play_topic_remap.cpp.o[0m
[ 75%] [32mBuilding CXX object CMakeFiles/test_play.dir/test/rosbag2_transport/test_play.cpp.o[0m
[ 76%] [32m[1mLinking CXX executable test_record_services[0m
[ 77%] [32m[1mLinking CXX executable test_record_all_use_sim_time[0m
[ 79%] [32m[1mLinking CXX executable test_composable_recorder[0m
[ 79%] Built target test_record_services
[ 79%] Built target test_record_all_use_sim_time
[ 79%] Built target test_composable_recorder
[ 80%] [32m[1mLinking CXX executable test_play_topic_remap[0m
[ 80%] Built target test_play_topic_remap
[ 81%] [32m[1mLinking CXX executable test_play_next[0m
[ 83%] [32m[1mLinking CXX executable test_play_duration[0m
[ 83%] Built target test_play_next
[ 83%] Built target test_play_duration
[ 84%] [32m[1mLinking CXX executable test_play[0m
[ 84%] Built target test_play
[ 85%] [32mBuilding CXX object CMakeFiles/test_rewrite.dir/test/rosbag2_transport/test_rewrite.cpp.o[0m
[ 87%] [32m[1mLinking CXX executable test_rewrite[0m
[ 87%] Built target test_rewrite
[ 88%] [32mBuilding CXX object CMakeFiles/test_topic_filter.dir/test/rosbag2_transport/test_topic_filter.cpp.o[0m
[ 89%] [32m[1mLinking CXX executable test_topic_filter[0m
[ 89%] Built target test_topic_filter
[ 90%] [32mBuilding CXX object CMakeFiles/test_type_description_hash.dir/test/rosbag2_transport/test_type_description_hash.cpp.o[0m
[ 92%] [32m[1mLinking CXX executable test_type_description_hash[0m
[ 92%] Built target test_type_description_hash
[ 93%] [32mBuilding CXX object CMakeFiles/test_record_options.dir/test/rosbag2_transport/test_record_options.cpp.o[0m
[ 94%] [32m[1mLinking CXX executable test_record_options[0m
[ 94%] Built target test_record_options
[ 96%] [32mBuilding CXX object CMakeFiles/player.dir/rclcpp_components/node_main_player.cpp.o[0m
[ 97%] [32mBuilding CXX object CMakeFiles/test_load_composable_components.dir/test/rosbag2_transport/test_load_composable_components.cpp.o[0m
[ 98%] [32m[1mLinking CXX executable player[0m
[ 98%] Built target player
[100%] [32m[1mLinking CXX executable test_load_composable_components[0m
[100%] Built target test_load_composable_components
-- Install configuration: ""
-- Execute custom install script
-- Symlinking: /work/ubuntu-ros2-dev/install/rosbag2_transport/lib/rosbag2_transport/player
-- Symlinking: /work/ubuntu-ros2-dev/install/rosbag2_transport/lib/rosbag2_transport/recorder
-- Symlinking: /work/ubuntu-ros2-dev/install/rosbag2_transport/include/rosbag2_transport/rosbag2_transport/bag_rewrite.hpp
-- Symlinking: /work/ubuntu-ros2-dev/install/rosbag2_transport/include/rosbag2_transport/rosbag2_transport/config_options_from_node_params.hpp
-- Symlinking: /work/ubuntu-ros2-dev/install/rosbag2_transport/include/rosbag2_transport/rosbag2_transport/play_options.hpp
-- Symlinking: /work/ubuntu-ros2-dev/install/rosbag2_transport/include/rosbag2_transport/rosbag2_transport/player.hpp
-- Symlinking: /work/ubuntu-ros2-dev/install/rosbag2_transport/include/rosbag2_transport/rosbag2_transport/player_service_client.hpp
-- Symlinking: /work/ubuntu-ros2-dev/install/rosbag2_transport/include/rosbag2_transport/rosbag2_transport/reader_writer_factory.hpp
-- Symlinking: /work/ubuntu-ros2-dev/install/rosbag2_transport/include/rosbag2_transport/rosbag2_transport/record_options.hpp
-- Symlinking: /work/ubuntu-ros2-dev/install/rosbag2_transport/include/rosbag2_transport/rosbag2_transport/recorder.hpp
-- Symlinking: /work/ubuntu-ros2-dev/install/rosbag2_transport/include/rosbag2_transport/rosbag2_transport/topic_filter.hpp
-- Symlinking: /work/ubuntu-ros2-dev/install/rosbag2_transport/include/rosbag2_transport/rosbag2_transport/visibility_control.hpp
-- Symlinking: /work/ubuntu-ros2-dev/install/rosbag2_transport/share/rosbag2_transport/environment/library_path.sh
-- Symlinking: /work/ubuntu-ros2-dev/install/rosbag2_transport/share/rosbag2_transport/environment/library_path.dsv
-- Symlinking: /work/ubuntu-ros2-dev/install/rosbag2_transport/share/ament_index/resource_index/package_run_dependencies/rosbag2_transport
-- Symlinking: /work/ubuntu-ros2-dev/install/rosbag2_transport/share/ament_index/resource_index/parent_prefix_path/rosbag2_transport
-- Symlinking: /work/ubuntu-ros2-dev/install/rosbag2_transport/share/rosbag2_transport/environment/ament_prefix_path.sh
-- Symlinking: /work/ubuntu-ros2-dev/install/rosbag2_transport/share/rosbag2_transport/environment/ament_prefix_path.dsv
-- Symlinking: /work/ubuntu-ros2-dev/install/rosbag2_transport/share/rosbag2_transport/environment/path.sh
-- Symlinking: /work/ubuntu-ros2-dev/install/rosbag2_transport/share/rosbag2_transport/environment/path.dsv
-- Symlinking: /work/ubuntu-ros2-dev/install/rosbag2_transport/share/rosbag2_transport/local_setup.bash
-- Symlinking: /work/ubuntu-ros2-dev/install/rosbag2_transport/share/rosbag2_transport/local_setup.sh
-- Symlinking: /work/ubuntu-ros2-dev/install/rosbag2_transport/share/rosbag2_transport/local_setup.zsh
-- Symlinking: /work/ubuntu-ros2-dev/install/rosbag2_transport/share/rosbag2_transport/local_setup.dsv
-- Symlinking: /work/ubuntu-ros2-dev/install/rosbag2_transport/share/rosbag2_transport/package.dsv
-- Symlinking: /work/ubuntu-ros2-dev/install/rosbag2_transport/share/ament_index/resource_index/packages/rosbag2_transport
-- Symlinking: /work/ubuntu-ros2-dev/install/rosbag2_transport/share/ament_index/resource_index/rclcpp_components/rosbag2_transport
-- Symlinking: /work/ubuntu-ros2-dev/install/rosbag2_transport/share/rosbag2_transport/cmake/ament_cmake_export_include_directories-extras.cmake
-- Symlinking: /work/ubuntu-ros2-dev/install/rosbag2_transport/share/rosbag2_transport/cmake/ament_cmake_export_libraries-extras.cmake
-- Symlinking: /work/ubuntu-ros2-dev/install/rosbag2_transport/share/rosbag2_transport/cmake/ament_cmake_export_targets-extras.cmake
-- Symlinking: /work/ubuntu-ros2-dev/install/rosbag2_transport/share/rosbag2_transport/cmake/ament_cmake_export_dependencies-extras.cmake
-- Symlinking: /work/ubuntu-ros2-dev/install/rosbag2_transport/share/rosbag2_transport/cmake/rosbag2_transportConfig.cmake
-- Symlinking: /work/ubuntu-ros2-dev/install/rosbag2_transport/share/rosbag2_transport/cmake/rosbag2_transportConfig-version.cmake
-- Symlinking: /work/ubuntu-ros2-dev/install/rosbag2_transport/share/rosbag2_transport/package.xml
-- Installing: /work/ubuntu-ros2-dev/install/rosbag2_transport/lib/librosbag2_transport.so
-- Set runtime path of "/work/ubuntu-ros2-dev/install/rosbag2_transport/lib/librosbag2_transport.so" to ""
-- Installing: /work/ubuntu-ros2-dev/install/rosbag2_transport/share/rosbag2_transport/cmake/export_rosbag2_transportExport.cmake
-- Installing: /work/ubuntu-ros2-dev/install/rosbag2_transport/share/rosbag2_transport/cmake/export_rosbag2_transportExport-noconfig.cmake
