[0.301s] Invoking command in '/work/ubuntu-ros2-dev/build/ament_cpplint': AMENT_PREFIX_PATH=/work/ubuntu-ros2-dev/install/ament_copyright:/work/ubuntu-ros2-dev/install/ament_pep257:/work/ubuntu-ros2-dev/install/ament_flake8:/work/ubuntu-ros2-dev/install/ament_lint PATH=/work/ubuntu-ros2-dev/install/ament_copyright/bin:/work/ubuntu-ros2-dev/install/ament_pep257/bin:/work/ubuntu-ros2-dev/install/ament_flake8/bin:${PATH} PYTHONPATH=/work/ubuntu-ros2-dev/build/ament_cpplint/prefix_override:/usr/lib/python3/dist-packages/colcon_core/task/python/colcon_distutils_commands:/work/ubuntu-ros2-dev/install/ament_cpplint/lib/python3.10/site-packages:/work/ubuntu-ros2-dev/build/ament_copyright:/work/ubuntu-ros2-dev/install/ament_copyright/lib/python3.10/site-packages:/work/ubuntu-ros2-dev/build/ament_pep257:/work/ubuntu-ros2-dev/install/ament_pep257/lib/python3.10/site-packages:/work/ubuntu-ros2-dev/build/ament_flake8:/work/ubuntu-ros2-dev/install/ament_flake8/lib/python3.10/site-packages:/work/ubuntu-ros2-dev/build/ament_lint:/work/ubuntu-ros2-dev/install/ament_lint/lib/python3.10/site-packages /usr/bin/python3 -W ignore:setup.py install is deprecated setup.py develop --editable --build-directory /work/ubuntu-ros2-dev/build/ament_cpplint/build --no-deps symlink_data
[0.409s] running develop
[0.409s] /usr/lib/python3/dist-packages/setuptools/command/easy_install.py:158: EasyInstallDeprecationWarning: easy_install command is deprecated. Use build and pip and other standards-based tools.
[0.409s]   warnings.warn(
[0.453s] running egg_info
[0.453s] creating ament_cpplint.egg-info
[0.453s] writing ament_cpplint.egg-info/PKG-INFO
[0.454s] writing dependency_links to ament_cpplint.egg-info/dependency_links.txt
[0.454s] writing entry points to ament_cpplint.egg-info/entry_points.txt
[0.454s] writing requirements to ament_cpplint.egg-info/requires.txt
[0.454s] writing top-level names to ament_cpplint.egg-info/top_level.txt
[0.454s] writing manifest file 'ament_cpplint.egg-info/SOURCES.txt'
[0.456s] reading manifest file 'ament_cpplint.egg-info/SOURCES.txt'
[0.457s] writing manifest file 'ament_cpplint.egg-info/SOURCES.txt'
[0.458s] running build_ext
[0.458s] Creating /work/ubuntu-ros2-dev/install/ament_cpplint/lib/python3.10/site-packages/ament-cpplint.egg-link (link to .)
[0.458s] Installing ament_cpplint script to /work/ubuntu-ros2-dev/install/ament_cpplint/bin
[0.458s] 
[0.458s] Installed /work/ubuntu-ros2-dev/build/ament_cpplint
[0.458s] running symlink_data
[0.459s] symbolically linking /work/ubuntu-ros2-dev/build/ament_cpplint/package.xml -> /work/ubuntu-ros2-dev/install/ament_cpplint/share/ament_cpplint
[0.459s] creating /work/ubuntu-ros2-dev/install/ament_cpplint/share/ament_index
[0.459s] creating /work/ubuntu-ros2-dev/install/ament_cpplint/share/ament_index/resource_index
[0.459s] creating /work/ubuntu-ros2-dev/install/ament_cpplint/share/ament_index/resource_index/packages
[0.459s] symbolically linking /work/ubuntu-ros2-dev/build/ament_cpplint/resource/ament_cpplint -> /work/ubuntu-ros2-dev/install/ament_cpplint/share/ament_index/resource_index/packages
[0.480s] Invoked command in '/work/ubuntu-ros2-dev/build/ament_cpplint' returned '0': AMENT_PREFIX_PATH=/work/ubuntu-ros2-dev/install/ament_copyright:/work/ubuntu-ros2-dev/install/ament_pep257:/work/ubuntu-ros2-dev/install/ament_flake8:/work/ubuntu-ros2-dev/install/ament_lint PATH=/work/ubuntu-ros2-dev/install/ament_copyright/bin:/work/ubuntu-ros2-dev/install/ament_pep257/bin:/work/ubuntu-ros2-dev/install/ament_flake8/bin:${PATH} PYTHONPATH=/work/ubuntu-ros2-dev/build/ament_cpplint/prefix_override:/usr/lib/python3/dist-packages/colcon_core/task/python/colcon_distutils_commands:/work/ubuntu-ros2-dev/install/ament_cpplint/lib/python3.10/site-packages:/work/ubuntu-ros2-dev/build/ament_copyright:/work/ubuntu-ros2-dev/install/ament_copyright/lib/python3.10/site-packages:/work/ubuntu-ros2-dev/build/ament_pep257:/work/ubuntu-ros2-dev/install/ament_pep257/lib/python3.10/site-packages:/work/ubuntu-ros2-dev/build/ament_flake8:/work/ubuntu-ros2-dev/install/ament_flake8/lib/python3.10/site-packages:/work/ubuntu-ros2-dev/build/ament_lint:/work/ubuntu-ros2-dev/install/ament_lint/lib/python3.10/site-packages /usr/bin/python3 -W ignore:setup.py install is deprecated setup.py develop --editable --build-directory /work/ubuntu-ros2-dev/build/ament_cpplint/build --no-deps symlink_data
