-- Found ament_cmake: 2.5.2 (/work/ubuntu-ros2-dev/install/ament_cmake/share/ament_cmake/cmake)
-- Found Python3: /usr/bin/python3 (found version "3.10.12") found components: Interpreter 
-- Override CMake install command with custom implementation using symlinks instead of copying resources
-- Found ament_lint_auto: 0.17.1 (/work/ubuntu-ros2-dev/install/ament_lint_auto/share/ament_lint_auto/cmake)
-- Added test 'copyright' to check source files copyright and LICENSE
-- Added test 'lint_cmake' to check CMake code style
-- Added test 'xmllint' to check XML markup files
-- Configuring done
-- Generating done
-- Build files have been written to: /work/ubuntu-ros2-dev/build/python_cmake_module
-- Install configuration: ""
-- Execute custom install script
-- Symlinking: /work/ubuntu-ros2-dev/install/python_cmake_module/share/ament_index/resource_index/package_run_dependencies/python_cmake_module
-- Symlinking: /work/ubuntu-ros2-dev/install/python_cmake_module/share/ament_index/resource_index/parent_prefix_path/python_cmake_module
-- Symlinking: /work/ubuntu-ros2-dev/install/python_cmake_module/share/python_cmake_module/environment/ament_prefix_path.sh
-- Symlinking: /work/ubuntu-ros2-dev/install/python_cmake_module/share/python_cmake_module/environment/ament_prefix_path.dsv
-- Symlinking: /work/ubuntu-ros2-dev/install/python_cmake_module/share/python_cmake_module/environment/path.sh
-- Symlinking: /work/ubuntu-ros2-dev/install/python_cmake_module/share/python_cmake_module/environment/path.dsv
-- Symlinking: /work/ubuntu-ros2-dev/install/python_cmake_module/share/python_cmake_module/local_setup.bash
-- Symlinking: /work/ubuntu-ros2-dev/install/python_cmake_module/share/python_cmake_module/local_setup.sh
-- Symlinking: /work/ubuntu-ros2-dev/install/python_cmake_module/share/python_cmake_module/local_setup.zsh
-- Symlinking: /work/ubuntu-ros2-dev/install/python_cmake_module/share/python_cmake_module/local_setup.dsv
-- Symlinking: /work/ubuntu-ros2-dev/install/python_cmake_module/share/python_cmake_module/package.dsv
-- Symlinking: /work/ubuntu-ros2-dev/install/python_cmake_module/share/ament_index/resource_index/packages/python_cmake_module
-- Symlinking: /work/ubuntu-ros2-dev/install/python_cmake_module/share/python_cmake_module/cmake/python_cmake_module-extras.cmake
-- Symlinking: /work/ubuntu-ros2-dev/install/python_cmake_module/share/python_cmake_module/cmake/python_cmake_moduleConfig.cmake
-- Symlinking: /work/ubuntu-ros2-dev/install/python_cmake_module/share/python_cmake_module/cmake/python_cmake_moduleConfig-version.cmake
-- Symlinking: /work/ubuntu-ros2-dev/install/python_cmake_module/share/python_cmake_module/package.xml
-- Symlinking: /work/ubuntu-ros2-dev/install/python_cmake_module/share/python_cmake_module/cmake/Modules/FindPythonExtra.cmake
