-- The C compiler identification is GNU 11.4.0
-- The CXX compiler identification is GNU 11.4.0
-- Detecting C compiler ABI info
-- Detecting C compiler ABI info - done
-- Check for working C compiler: /usr/bin/cc - skipped
-- Detecting C compile features
-- Detecting C compile features - done
-- Detecting CXX compiler ABI info
-- Detecting CXX compiler ABI info - done
-- Check for working CXX compiler: /usr/bin/c++ - skipped
-- Detecting CXX compile features
-- Detecting CXX compile features - done
-- Found ament_cmake: 2.5.2 (/work/ubuntu-ros2-dev/install/ament_cmake/share/ament_cmake/cmake)
-- Found Python3: /usr/bin/python3 (found version "3.10.12") found components: Interpreter 
-- Override CMake install command with custom implementation using symlinks instead of copying resources
-- Found ament_cmake_ros: 0.12.0 (/work/ubuntu-ros2-dev/install/ament_cmake_ros/share/ament_cmake_ros/cmake)
-- Found rosbag2_compression: 0.26.5 (/work/ubuntu-ros2-dev/install/rosbag2_compression/share/rosbag2_compression/cmake)
-- Found rosidl_generator_c: 4.6.4 (/work/ubuntu-ros2-dev/install/rosidl_generator_c/share/rosidl_generator_c/cmake)
-- Found rosidl_generator_cpp: 4.6.4 (/work/ubuntu-ros2-dev/install/rosidl_generator_cpp/share/rosidl_generator_cpp/cmake)
-- Using all available rosidl_typesupport_c: rosidl_typesupport_fastrtps_c;rosidl_typesupport_introspection_c
-- Using all available rosidl_typesupport_cpp: rosidl_typesupport_introspection_cpp;rosidl_typesupport_fastrtps_cpp
-- Found rmw_implementation_cmake: 7.3.1 (/work/ubuntu-ros2-dev/install/rmw_implementation_cmake/share/rmw_implementation_cmake/cmake)
-- Found rmw_fastrtps_cpp: 8.4.1 (/work/ubuntu-ros2-dev/install/rmw_fastrtps_cpp/share/rmw_fastrtps_cpp/cmake)
-- Found TinyXML2 via Config file: TinyXML2_DIR-NOTFOUND
-- Found OpenSSL: /usr/lib/aarch64-linux-gnu/libcrypto.so (found version "3.0.2")  
-- Found TinyXML2 via Config file: TinyXML2_DIR-NOTFOUND
-- Found FastRTPS: /work/ubuntu-ros2-dev/install/fastrtps/include (Required is at least version "2.13") 
-- Found TinyXML2 via Config file: TinyXML2_DIR-NOTFOUND
-- Found TinyXML2 via Config file: TinyXML2_DIR-NOTFOUND
-- Using RMW implementation 'rmw_fastrtps_cpp' as default
-- Setting yaml-cpp_DIR to: '/work/ubuntu-ros2-dev/install/yaml_cpp_vendor/share/yaml_cpp_vendor/cmake/../../../opt/yaml_cpp_vendor/share/cmake/yaml-cpp'
-- Found rosbag2_transport: 0.26.5 (/work/ubuntu-ros2-dev/install/rosbag2_transport/share/rosbag2_transport/cmake)
-- Found Python3: /usr/bin/python3 (found version "3.10.12") found components: Interpreter Development Development.Module Development.Embed 
-- Found pybind11_vendor: 3.1.2 (/work/ubuntu-ros2-dev/install/pybind11_vendor/share/pybind11_vendor/cmake)
-- Performing Test HAS_FLTO
-- Performing Test HAS_FLTO - Success
-- Found pybind11: /usr/include (found version "2.9.1")
-- Found ament_lint_auto: 0.17.1 (/work/ubuntu-ros2-dev/install/ament_lint_auto/share/ament_lint_auto/cmake)
-- Added test 'copyright' to check source files copyright and LICENSE
-- Added test 'cppcheck' to perform static code analysis on C / C++ code
-- Configured cppcheck include dirs: 
-- Configured cppcheck exclude dirs and/or files: 
-- Added test 'cpplint' to check C / C++ code against the Google style
-- Configured cpplint exclude dirs and/or files: 
-- Added test 'flake8' to check Python code syntax and style conventions
-- Configured 'flake8' exclude dirs and/or files: 
-- Added test 'lint_cmake' to check CMake code style
-- Added test 'pep257' to check Python code against some of the docstring style conventions in PEP 257
-- Added test 'uncrustify' to check C / C++ code style
-- Configured uncrustify additional arguments: 
-- Added test 'xmllint' to check XML markup files
-- Configuring done
-- Generating done
-- Build files have been written to: /work/ubuntu-ros2-dev/build/rosbag2_py
[  0%] Built target ament_cmake_python_symlink_rosbag2_py
[  5%] [32mBuilding CXX object CMakeFiles/_transport.dir/src/rosbag2_py/_transport.cpp.o[0m
[ 10%] [32m[1mLinking CXX shared library _transport.cpython-310-aarch64-linux-gnu.so[0m
[ 10%] Built target _transport
[ 15%] [32mBuilding CXX object CMakeFiles/_reindexer.dir/src/rosbag2_py/_reindexer.cpp.o[0m
[ 21%] [32m[1mLinking CXX shared library _reindexer.cpython-310-aarch64-linux-gnu.so[0m
[ 21%] Built target _reindexer
[ 31%] [32mBuilding CXX object CMakeFiles/_info.dir/src/rosbag2_py/_info.cpp.o[0m
[ 31%] [32mBuilding CXX object CMakeFiles/_writer.dir/src/rosbag2_py/_writer.cpp.o[0m
[ 36%] [32mBuilding CXX object CMakeFiles/_info.dir/src/rosbag2_py/format_bag_metadata.cpp.o[0m
running egg_info
creating rosbag2_py.egg-info
writing rosbag2_py.egg-info/PKG-INFO
writing dependency_links to rosbag2_py.egg-info/dependency_links.txt
writing top-level names to rosbag2_py.egg-info/top_level.txt
writing manifest file 'rosbag2_py.egg-info/SOURCES.txt'
reading manifest file 'rosbag2_py.egg-info/SOURCES.txt'
writing manifest file 'rosbag2_py.egg-info/SOURCES.txt'
[ 36%] Built target ament_cmake_python_build_rosbag2_py_egg
[ 42%] [32mBuilding CXX object CMakeFiles/_info.dir/src/rosbag2_py/format_service_info.cpp.o[0m
[ 47%] [32mBuilding CXX object CMakeFiles/_storage.dir/src/rosbag2_py/_storage.cpp.o[0m
[ 52%] [32mBuilding CXX object CMakeFiles/_storage.dir/src/rosbag2_py/format_bag_metadata.cpp.o[0m
[ 57%] [32m[1mLinking CXX shared library _info.cpython-310-aarch64-linux-gnu.so[0m
[ 57%] Built target _info
[ 63%] [32m[1mLinking CXX shared library _writer.cpython-310-aarch64-linux-gnu.so[0m
[ 68%] [32mBuilding CXX object CMakeFiles/_reader.dir/src/rosbag2_py/_reader.cpp.o[0m
[ 73%] [32m[1mLinking CXX shared library _storage.cpython-310-aarch64-linux-gnu.so[0m
[ 73%] Built target _writer
[ 78%] [32mBuilding CXX object CMakeFiles/_message_definitions.dir/src/rosbag2_py/_message_definitions.cpp.o[0m
[ 84%] [32m[1mLinking CXX shared library _reader.cpython-310-aarch64-linux-gnu.so[0m
[ 89%] [32m[1mLinking CXX shared library _message_definitions.cpython-310-aarch64-linux-gnu.so[0m
[ 89%] Built target _storage
[ 94%] [32mBuilding CXX object CMakeFiles/_compression_options.dir/src/rosbag2_py/_compression_options.cpp.o[0m
[ 94%] Built target _message_definitions
[ 94%] Built target _reader
[100%] [32m[1mLinking CXX shared library _compression_options.cpython-310-aarch64-linux-gnu.so[0m
[100%] Built target _compression_options
-- Install configuration: ""
-- Execute custom install script
-- Symlinking: /work/ubuntu-ros2-dev/install/rosbag2_py/share/rosbag2_py/environment/pythonpath.sh
-- Symlinking: /work/ubuntu-ros2-dev/install/rosbag2_py/share/rosbag2_py/environment/pythonpath.dsv
-- Symlinking: /work/ubuntu-ros2-dev/install/rosbag2_py/lib/python3.10/site-packages/rosbag2_py-0.26.5-py3.10.egg-info/PKG-INFO
-- Symlinking: /work/ubuntu-ros2-dev/install/rosbag2_py/lib/python3.10/site-packages/rosbag2_py-0.26.5-py3.10.egg-info/SOURCES.txt
-- Symlinking: /work/ubuntu-ros2-dev/install/rosbag2_py/lib/python3.10/site-packages/rosbag2_py-0.26.5-py3.10.egg-info/dependency_links.txt
-- Symlinking: /work/ubuntu-ros2-dev/install/rosbag2_py/lib/python3.10/site-packages/rosbag2_py-0.26.5-py3.10.egg-info/top_level.txt
-- Symlinking: /work/ubuntu-ros2-dev/install/rosbag2_py/lib/python3.10/site-packages/rosbag2_py/__init__.py
-- Symlinking: /work/ubuntu-ros2-dev/install/rosbag2_py/lib/python3.10/site-packages/rosbag2_py/__init__.pyi
-- Symlinking: /work/ubuntu-ros2-dev/install/rosbag2_py/lib/python3.10/site-packages/rosbag2_py/_compression_options.pyi
-- Symlinking: /work/ubuntu-ros2-dev/install/rosbag2_py/lib/python3.10/site-packages/rosbag2_py/_info.pyi
-- Symlinking: /work/ubuntu-ros2-dev/install/rosbag2_py/lib/python3.10/site-packages/rosbag2_py/_message_definitions.pyi
-- Symlinking: /work/ubuntu-ros2-dev/install/rosbag2_py/lib/python3.10/site-packages/rosbag2_py/_reader.pyi
-- Symlinking: /work/ubuntu-ros2-dev/install/rosbag2_py/lib/python3.10/site-packages/rosbag2_py/_reindexer.pyi
-- Symlinking: /work/ubuntu-ros2-dev/install/rosbag2_py/lib/python3.10/site-packages/rosbag2_py/_storage.pyi
-- Symlinking: /work/ubuntu-ros2-dev/install/rosbag2_py/lib/python3.10/site-packages/rosbag2_py/_transport.pyi
-- Symlinking: /work/ubuntu-ros2-dev/install/rosbag2_py/lib/python3.10/site-packages/rosbag2_py/_writer.pyi
-- Symlinking: /work/ubuntu-ros2-dev/install/rosbag2_py/lib/python3.10/site-packages/rosbag2_py/py.typed
-- Symlinking: /work/ubuntu-ros2-dev/install/rosbag2_py/lib/python3.10/site-packages/rosbag2_py/_compression_options.cpython-310-aarch64-linux-gnu.so
-- Symlinking: /work/ubuntu-ros2-dev/install/rosbag2_py/lib/python3.10/site-packages/rosbag2_py/_message_definitions.cpython-310-aarch64-linux-gnu.so
-- Symlinking: /work/ubuntu-ros2-dev/install/rosbag2_py/lib/python3.10/site-packages/rosbag2_py/_reader.cpython-310-aarch64-linux-gnu.so
-- Symlinking: /work/ubuntu-ros2-dev/install/rosbag2_py/lib/python3.10/site-packages/rosbag2_py/_storage.cpython-310-aarch64-linux-gnu.so
-- Symlinking: /work/ubuntu-ros2-dev/install/rosbag2_py/lib/python3.10/site-packages/rosbag2_py/_writer.cpython-310-aarch64-linux-gnu.so
-- Symlinking: /work/ubuntu-ros2-dev/install/rosbag2_py/lib/python3.10/site-packages/rosbag2_py/_info.cpython-310-aarch64-linux-gnu.so
-- Symlinking: /work/ubuntu-ros2-dev/install/rosbag2_py/lib/python3.10/site-packages/rosbag2_py/_transport.cpython-310-aarch64-linux-gnu.so
-- Symlinking: /work/ubuntu-ros2-dev/install/rosbag2_py/lib/python3.10/site-packages/rosbag2_py/_reindexer.cpython-310-aarch64-linux-gnu.so
-- Symlinking: /work/ubuntu-ros2-dev/install/rosbag2_py/share/ament_index/resource_index/package_run_dependencies/rosbag2_py
-- Symlinking: /work/ubuntu-ros2-dev/install/rosbag2_py/share/ament_index/resource_index/parent_prefix_path/rosbag2_py
-- Symlinking: /work/ubuntu-ros2-dev/install/rosbag2_py/share/rosbag2_py/environment/ament_prefix_path.sh
-- Symlinking: /work/ubuntu-ros2-dev/install/rosbag2_py/share/rosbag2_py/environment/ament_prefix_path.dsv
-- Symlinking: /work/ubuntu-ros2-dev/install/rosbag2_py/share/rosbag2_py/environment/path.sh
-- Symlinking: /work/ubuntu-ros2-dev/install/rosbag2_py/share/rosbag2_py/environment/path.dsv
-- Symlinking: /work/ubuntu-ros2-dev/install/rosbag2_py/share/rosbag2_py/local_setup.bash
-- Symlinking: /work/ubuntu-ros2-dev/install/rosbag2_py/share/rosbag2_py/local_setup.sh
-- Symlinking: /work/ubuntu-ros2-dev/install/rosbag2_py/share/rosbag2_py/local_setup.zsh
-- Symlinking: /work/ubuntu-ros2-dev/install/rosbag2_py/share/rosbag2_py/local_setup.dsv
-- Symlinking: /work/ubuntu-ros2-dev/install/rosbag2_py/share/rosbag2_py/package.dsv
-- Symlinking: /work/ubuntu-ros2-dev/install/rosbag2_py/share/ament_index/resource_index/packages/rosbag2_py
-- Symlinking: /work/ubuntu-ros2-dev/install/rosbag2_py/share/rosbag2_py/cmake/rosbag2_pyConfig.cmake
-- Symlinking: /work/ubuntu-ros2-dev/install/rosbag2_py/share/rosbag2_py/cmake/rosbag2_pyConfig-version.cmake
-- Symlinking: /work/ubuntu-ros2-dev/install/rosbag2_py/share/rosbag2_py/package.xml
Listing '/work/ubuntu-ros2-dev/install/rosbag2_py/lib/python3.10/site-packages/rosbag2_py'...
Compiling '/work/ubuntu-ros2-dev/install/rosbag2_py/lib/python3.10/site-packages/rosbag2_py/__init__.py'...
