[0.026s] Invoking command in '/work/ubuntu-ros2-dev/build/ament_cmake_export_targets': AMENT_PREFIX_PATH=/work/ubuntu-ros2-dev/install/ament_cmake_export_libraries:/work/ubuntu-ros2-dev/install/ament_cmake_core:/work/ubuntu-ros2-dev/install/ament_package CMAKE_PREFIX_PATH=/work/ubuntu-ros2-dev/install/ament_cmake_export_libraries:/work/ubuntu-ros2-dev/install/ament_cmake_core PYTHONPATH=/work/ubuntu-ros2-dev/build/ament_package:/work/ubuntu-ros2-dev/install/ament_package/lib/python3.10/site-packages /usr/bin/cmake /work/ubuntu-ros2-dev/src/ament/ament_cmake/ament_cmake_export_targets -DAMENT_CMAKE_SYMLINK_INSTALL=1 -DCMAKE_INSTALL_PREFIX=/work/ubuntu-ros2-dev/install/ament_cmake_export_targets
[0.035s] -- Found ament_cmake_core: 2.5.2 (/work/ubuntu-ros2-dev/install/ament_cmake_core/share/ament_cmake_core/cmake)
[0.116s] -- Found Python3: /usr/bin/python3 (found version "3.10.12") found components: Interpreter 
[0.147s] -- Override CMake install command with custom implementation using symlinks instead of copying resources
[0.182s] -- Configuring done
[0.185s] -- Generating done
[0.186s] -- Build files have been written to: /work/ubuntu-ros2-dev/build/ament_cmake_export_targets
[0.188s] Invoked command in '/work/ubuntu-ros2-dev/build/ament_cmake_export_targets' returned '0': AMENT_PREFIX_PATH=/work/ubuntu-ros2-dev/install/ament_cmake_export_libraries:/work/ubuntu-ros2-dev/install/ament_cmake_core:/work/ubuntu-ros2-dev/install/ament_package CMAKE_PREFIX_PATH=/work/ubuntu-ros2-dev/install/ament_cmake_export_libraries:/work/ubuntu-ros2-dev/install/ament_cmake_core PYTHONPATH=/work/ubuntu-ros2-dev/build/ament_package:/work/ubuntu-ros2-dev/install/ament_package/lib/python3.10/site-packages /usr/bin/cmake /work/ubuntu-ros2-dev/src/ament/ament_cmake/ament_cmake_export_targets -DAMENT_CMAKE_SYMLINK_INSTALL=1 -DCMAKE_INSTALL_PREFIX=/work/ubuntu-ros2-dev/install/ament_cmake_export_targets
[0.189s] Invoking command in '/work/ubuntu-ros2-dev/build/ament_cmake_export_targets': AMENT_PREFIX_PATH=/work/ubuntu-ros2-dev/install/ament_cmake_export_libraries:/work/ubuntu-ros2-dev/install/ament_cmake_core:/work/ubuntu-ros2-dev/install/ament_package CMAKE_PREFIX_PATH=/work/ubuntu-ros2-dev/install/ament_cmake_export_libraries:/work/ubuntu-ros2-dev/install/ament_cmake_core PYTHONPATH=/work/ubuntu-ros2-dev/build/ament_package:/work/ubuntu-ros2-dev/install/ament_package/lib/python3.10/site-packages /usr/bin/cmake --build /work/ubuntu-ros2-dev/build/ament_cmake_export_targets -- -j8 -l8
[0.216s] Invoked command in '/work/ubuntu-ros2-dev/build/ament_cmake_export_targets' returned '0': AMENT_PREFIX_PATH=/work/ubuntu-ros2-dev/install/ament_cmake_export_libraries:/work/ubuntu-ros2-dev/install/ament_cmake_core:/work/ubuntu-ros2-dev/install/ament_package CMAKE_PREFIX_PATH=/work/ubuntu-ros2-dev/install/ament_cmake_export_libraries:/work/ubuntu-ros2-dev/install/ament_cmake_core PYTHONPATH=/work/ubuntu-ros2-dev/build/ament_package:/work/ubuntu-ros2-dev/install/ament_package/lib/python3.10/site-packages /usr/bin/cmake --build /work/ubuntu-ros2-dev/build/ament_cmake_export_targets -- -j8 -l8
[0.233s] Invoking command in '/work/ubuntu-ros2-dev/build/ament_cmake_export_targets': AMENT_PREFIX_PATH=/work/ubuntu-ros2-dev/install/ament_cmake_export_libraries:/work/ubuntu-ros2-dev/install/ament_cmake_core:/work/ubuntu-ros2-dev/install/ament_package CMAKE_PREFIX_PATH=/work/ubuntu-ros2-dev/install/ament_cmake_export_libraries:/work/ubuntu-ros2-dev/install/ament_cmake_core PYTHONPATH=/work/ubuntu-ros2-dev/build/ament_package:/work/ubuntu-ros2-dev/install/ament_package/lib/python3.10/site-packages /usr/bin/cmake --install /work/ubuntu-ros2-dev/build/ament_cmake_export_targets
[0.239s] -- Install configuration: ""
[0.239s] -- Execute custom install script
[0.239s] -- Symlinking: /work/ubuntu-ros2-dev/install/ament_cmake_export_targets/share/ament_index/resource_index/package_run_dependencies/ament_cmake_export_targets
[0.242s] -- Symlinking: /work/ubuntu-ros2-dev/install/ament_cmake_export_targets/share/ament_index/resource_index/parent_prefix_path/ament_cmake_export_targets
[0.245s] -- Symlinking: /work/ubuntu-ros2-dev/install/ament_cmake_export_targets/share/ament_cmake_export_targets/environment/ament_prefix_path.sh
[0.253s] -- Symlinking: /work/ubuntu-ros2-dev/install/ament_cmake_export_targets/share/ament_cmake_export_targets/environment/ament_prefix_path.dsv
[0.254s] -- Symlinking: /work/ubuntu-ros2-dev/install/ament_cmake_export_targets/share/ament_cmake_export_targets/environment/path.sh
[0.258s] -- Symlinking: /work/ubuntu-ros2-dev/install/ament_cmake_export_targets/share/ament_cmake_export_targets/environment/path.dsv
[0.262s] -- Symlinking: /work/ubuntu-ros2-dev/install/ament_cmake_export_targets/share/ament_cmake_export_targets/local_setup.bash
[0.266s] -- Symlinking: /work/ubuntu-ros2-dev/install/ament_cmake_export_targets/share/ament_cmake_export_targets/local_setup.sh
[0.274s] -- Symlinking: /work/ubuntu-ros2-dev/install/ament_cmake_export_targets/share/ament_cmake_export_targets/local_setup.zsh
[0.278s] -- Symlinking: /work/ubuntu-ros2-dev/install/ament_cmake_export_targets/share/ament_cmake_export_targets/local_setup.dsv
[0.281s] -- Symlinking: /work/ubuntu-ros2-dev/install/ament_cmake_export_targets/share/ament_cmake_export_targets/package.dsv
[0.285s] -- Symlinking: /work/ubuntu-ros2-dev/install/ament_cmake_export_targets/share/ament_index/resource_index/packages/ament_cmake_export_targets
[0.289s] -- Symlinking: /work/ubuntu-ros2-dev/install/ament_cmake_export_targets/share/ament_cmake_export_targets/cmake/ament_cmake_export_targets-extras.cmake
[0.294s] -- Symlinking: /work/ubuntu-ros2-dev/install/ament_cmake_export_targets/share/ament_cmake_export_targets/cmake/ament_cmake_export_targetsConfig.cmake
[0.298s] -- Symlinking: /work/ubuntu-ros2-dev/install/ament_cmake_export_targets/share/ament_cmake_export_targets/cmake/ament_cmake_export_targetsConfig-version.cmake
[0.302s] -- Symlinking: /work/ubuntu-ros2-dev/install/ament_cmake_export_targets/share/ament_cmake_export_targets/package.xml
[0.306s] -- Symlinking: /work/ubuntu-ros2-dev/install/ament_cmake_export_targets/share/ament_cmake_export_targets/cmake/ament_cmake_export_targets-extras.cmake.in
[0.310s] -- Symlinking: /work/ubuntu-ros2-dev/install/ament_cmake_export_targets/share/ament_cmake_export_targets/cmake/ament_cmake_export_targets_package_hook.cmake
[0.313s] -- Symlinking: /work/ubuntu-ros2-dev/install/ament_cmake_export_targets/share/ament_cmake_export_targets/cmake/ament_export_targets.cmake
[0.394s] Invoked command in '/work/ubuntu-ros2-dev/build/ament_cmake_export_targets' returned '0': AMENT_PREFIX_PATH=/work/ubuntu-ros2-dev/install/ament_cmake_export_libraries:/work/ubuntu-ros2-dev/install/ament_cmake_core:/work/ubuntu-ros2-dev/install/ament_package CMAKE_PREFIX_PATH=/work/ubuntu-ros2-dev/install/ament_cmake_export_libraries:/work/ubuntu-ros2-dev/install/ament_cmake_core PYTHONPATH=/work/ubuntu-ros2-dev/build/ament_package:/work/ubuntu-ros2-dev/install/ament_package/lib/python3.10/site-packages /usr/bin/cmake --install /work/ubuntu-ros2-dev/build/ament_cmake_export_targets
