/usr/lib/python3/dist-packages/setuptools/command/easy_install.py:158: EasyInstallDeprecationWarning: easy_install command is deprecated. Use build and pip and other standards-based tools.
  warnings.warn(
running develop
running egg_info
creating domain_coordinator.egg-info
writing domain_coordinator.egg-info/PKG-INFO
writing dependency_links to domain_coordinator.egg-info/dependency_links.txt
writing requirements to domain_coordinator.egg-info/requires.txt
writing top-level names to domain_coordinator.egg-info/top_level.txt
writing manifest file 'domain_coordinator.egg-info/SOURCES.txt'
reading manifest file 'domain_coordinator.egg-info/SOURCES.txt'
writing manifest file 'domain_coordinator.egg-info/SOURCES.txt'
running build_ext
Creating /work/ubuntu-ros2-dev/install/domain_coordinator/lib/python3.10/site-packages/domain-coordinator.egg-link (link to .)

Installed /work/ubuntu-ros2-dev/build/domain_coordinator
running symlink_data
symbolically linking /work/ubuntu-ros2-dev/build/domain_coordinator/package.xml -> /work/ubuntu-ros2-dev/install/domain_coordinator/share/domain_coordinator
creating /work/ubuntu-ros2-dev/install/domain_coordinator/share/ament_index
creating /work/ubuntu-ros2-dev/install/domain_coordinator/share/ament_index/resource_index
creating /work/ubuntu-ros2-dev/install/domain_coordinator/share/ament_index/resource_index/packages
symbolically linking /work/ubuntu-ros2-dev/build/domain_coordinator/resource/domain_coordinator -> /work/ubuntu-ros2-dev/install/domain_coordinator/share/ament_index/resource_index/packages
