running develop
running egg_info
creating ros2bag.egg-info
writing ros2bag.egg-info/PKG-INFO
writing dependency_links to ros2bag.egg-info/dependency_links.txt
writing entry points to ros2bag.egg-info/entry_points.txt
writing requirements to ros2bag.egg-info/requires.txt
writing top-level names to ros2bag.egg-info/top_level.txt
writing manifest file 'ros2bag.egg-info/SOURCES.txt'
reading manifest file 'ros2bag.egg-info/SOURCES.txt'
writing manifest file 'ros2bag.egg-info/SOURCES.txt'
running build_ext
Creating /work/ubuntu-ros2-dev/install/ros2bag/lib/python3.10/site-packages/ros2bag.egg-link (link to .)

Installed /work/ubuntu-ros2-dev/build/ros2bag
running symlink_data
symbolically linking /work/ubuntu-ros2-dev/build/ros2bag/package.xml -> /work/ubuntu-ros2-dev/install/ros2bag/share/ros2bag
creating /work/ubuntu-ros2-dev/install/ros2bag/share/ament_index
creating /work/ubuntu-ros2-dev/install/ros2bag/share/ament_index/resource_index
creating /work/ubuntu-ros2-dev/install/ros2bag/share/ament_index/resource_index/packages
symbolically linking /work/ubuntu-ros2-dev/build/ros2bag/resource/ros2bag -> /work/ubuntu-ros2-dev/install/ros2bag/share/ament_index/resource_index/packages
