[0.024s] Invoking command in '/work/ubuntu-ros2-dev/build/iceoryx_posh': CMAKE_PREFIX_PATH=/work/ubuntu-ros2-dev/install/iceoryx_hoofs LD_LIBRARY_PATH=/work/ubuntu-ros2-dev/install/iceoryx_hoofs/lib PKG_CONFIG_PATH=/work/ubuntu-ros2-dev/install/iceoryx_hoofs/lib/aarch64-linux-gnu/pkgconfig:/work/ubuntu-ros2-dev/install/iceoryx_hoofs/lib/pkgconfig /usr/bin/cmake /work/ubuntu-ros2-dev/src/eclipse-iceoryx/iceoryx/iceoryx_posh -DCMAKE_INSTALL_PREFIX=/work/ubuntu-ros2-dev/install/iceoryx_posh
[0.186s] -- The C compiler identification is GNU 11.4.0
[0.186s] -- The CXX compiler identification is GNU 11.4.0
[0.187s] -- Detecting C compiler ABI info
[0.187s] -- Detecting C compiler ABI info - done
[0.187s] -- Check for working C compiler: /usr/bin/cc - skipped
[0.187s] -- Detecting C compile features
[0.187s] -- Detecting C compile features - done
[0.187s] -- Detecting CXX compiler ABI info
[0.220s] -- Detecting CXX compiler ABI info - done
[0.220s] -- Check for working CXX compiler: /usr/bin/c++ - skipped
[0.220s] -- Detecting CXX compile features
[0.221s] -- Detecting CXX compile features - done
[0.221s] -- Looking for pthread.h
[0.256s] -- Looking for pthread.h - found
[0.256s] -- Performing Test CMAKE_HAVE_LIBC_PTHREAD
[0.292s] -- Performing Test CMAKE_HAVE_LIBC_PTHREAD - Success
[0.293s] -- Found Threads: TRUE  
[0.318s] -- Configuring done
[0.319s] -- Generating done
[0.320s] -- Build files have been written to: /work/ubuntu-ros2-dev/build/iceoryx_posh/dependencies/cpptoml/download
[0.345s] [ 11%] Creating directories for 'ext_cpptoml'
[0.386s] [ 22%] Performing download step (git clone) for 'ext_cpptoml'
[0.396s] Cloning into 'src'...
[1.207s] HEAD is now at fededad one-char typo
[1.272s] Submodule 'deps/meta-cmake' (https://github.com/meta-toolkit/meta-cmake.git) registered for path 'deps/meta-cmake'
[1.301s] Cloning into '/work/ubuntu-ros2-dev/build/iceoryx_posh/dependencies/cpptoml/src/deps/meta-cmake'...
[2.309s] Submodule path 'deps/meta-cmake': checked out 'db7ff976c430a6cb6cbd03ae691be04cfaac0a07'
[2.351s] [ 33%] Performing update step for 'ext_cpptoml'
[2.371s] [ 44%] No patch step for 'ext_cpptoml'
[2.404s] [ 55%] No configure step for 'ext_cpptoml'
[2.421s] [ 66%] No build step for 'ext_cpptoml'
[2.454s] [ 77%] No install step for 'ext_cpptoml'
[2.486s] [ 88%] No test step for 'ext_cpptoml'
[2.502s] [100%] Completed 'ext_cpptoml'
[2.517s] [100%] Built target ext_cpptoml
[2.532s] -- Applying patch for minimal cmake version to cpptoml
[2.574s] -- The C compiler identification is GNU 11.4.0
[2.608s] -- The CXX compiler identification is GNU 11.4.0
[2.612s] -- Detecting C compiler ABI info
[2.663s] -- Detecting C compiler ABI info - done
[2.663s] -- Check for working C compiler: /usr/bin/cc - skipped
[2.663s] -- Detecting C compile features
[2.663s] -- Detecting C compile features - done
[2.663s] -- Detecting CXX compiler ABI info
[2.705s] -- Detecting CXX compiler ABI info - done
[2.709s] -- Check for working CXX compiler: /usr/bin/c++ - skipped
[2.711s] -- Detecting CXX compile features
[2.711s] -- Detecting CXX compile features - done
[2.717s] -- Could NOT find Doxygen (missing: DOXYGEN_EXECUTABLE) 
[2.717s] -- Configuring done
[2.717s] -- Generating done
[2.717s] -- Build files have been written to: /work/ubuntu-ros2-dev/build/iceoryx_posh/dependencies/cpptoml/build
[2.739s] Install the project...
[2.743s] -- Install configuration: ""
[2.743s] -- Installing: /work/ubuntu-ros2-dev/build/iceoryx_posh/dependencies/install/include/cpptoml.h
[2.743s] -- Installing: /work/ubuntu-ros2-dev/build/iceoryx_posh/dependencies/install/lib/cmake/cpptoml/cpptomlTargets.cmake
[2.743s] -- Installing: /work/ubuntu-ros2-dev/build/iceoryx_posh/dependencies/install/lib/cmake/cpptoml/cpptomlConfigVersion.cmake
[2.743s] -- Installing: /work/ubuntu-ros2-dev/build/iceoryx_posh/dependencies/install/lib/cmake/cpptoml/cpptomlConfig.cmake
[2.746s] -- [i] <<<<<<<<<<<<< Start iceoryx_posh configuration: >>>>>>>>>>>>>
[2.746s] -- [i] Using m:n communication!
[2.746s] -- [i] IOX_MAX_PUBLISHERS:512
[2.746s] -- [i] IOX_MAX_SUBSCRIBERS:1024
[2.746s] -- [i] IOX_MAX_INTERFACE_NUMBER:4
[2.747s] -- [i] IOX_MAX_SUBSCRIBERS_PER_PUBLISHER:256
[2.747s] -- [i] IOX_MAX_CHUNKS_ALLOCATED_PER_PUBLISHER_SIMULTANEOUSLY:8
[2.747s] -- [i] IOX_MAX_PUBLISHER_HISTORY:16
[2.747s] -- [i] IOX_MAX_CHUNKS_HELD_PER_SUBSCRIBER_SIMULTANEOUSLY:256
[2.747s] -- [i] <<<<<<<<<<<<<< End iceoryx_posh configuration: >>>>>>>>>>>>>>
[2.877s] -- Configuring done
[2.886s] -- Generating done
[2.887s] -- Build files have been written to: /work/ubuntu-ros2-dev/build/iceoryx_posh
[2.892s] Invoked command in '/work/ubuntu-ros2-dev/build/iceoryx_posh' returned '0': CMAKE_PREFIX_PATH=/work/ubuntu-ros2-dev/install/iceoryx_hoofs LD_LIBRARY_PATH=/work/ubuntu-ros2-dev/install/iceoryx_hoofs/lib PKG_CONFIG_PATH=/work/ubuntu-ros2-dev/install/iceoryx_hoofs/lib/aarch64-linux-gnu/pkgconfig:/work/ubuntu-ros2-dev/install/iceoryx_hoofs/lib/pkgconfig /usr/bin/cmake /work/ubuntu-ros2-dev/src/eclipse-iceoryx/iceoryx/iceoryx_posh -DCMAKE_INSTALL_PREFIX=/work/ubuntu-ros2-dev/install/iceoryx_posh
[2.894s] Invoking command in '/work/ubuntu-ros2-dev/build/iceoryx_posh': CMAKE_PREFIX_PATH=/work/ubuntu-ros2-dev/install/iceoryx_hoofs LD_LIBRARY_PATH=/work/ubuntu-ros2-dev/install/iceoryx_hoofs/lib PKG_CONFIG_PATH=/work/ubuntu-ros2-dev/install/iceoryx_hoofs/lib/aarch64-linux-gnu/pkgconfig:/work/ubuntu-ros2-dev/install/iceoryx_hoofs/lib/pkgconfig /usr/bin/cmake --build /work/ubuntu-ros2-dev/build/iceoryx_posh -- -j8 -l8
[2.917s] [  1%] [32mBuilding CXX object CMakeFiles/iceoryx_posh.dir/source/log/posh_logging.cpp.o[0m
[2.918s] [  3%] [32mBuilding CXX object CMakeFiles/iceoryx_posh.dir/source/mepoo/chunk_header.cpp.o[0m
[2.918s] [  4%] [32mBuilding CXX object CMakeFiles/iceoryx_posh.dir/source/capro/capro_message.cpp.o[0m
[2.918s] [  4%] [32mBuilding CXX object CMakeFiles/iceoryx_posh.dir/source/capro/service_description.cpp.o[0m
[2.918s] [  5%] [32mBuilding CXX object CMakeFiles/iceoryx_posh.dir/source/mepoo/chunk_management.cpp.o[0m
[2.920s] [  6%] [32mBuilding CXX object CMakeFiles/iceoryx_posh.dir/source/mepoo/chunk_settings.cpp.o[0m
[2.965s] [  7%] [32mBuilding CXX object CMakeFiles/iceoryx_posh.dir/source/mepoo/segment_config.cpp.o[0m
[2.975s] [  8%] [32mBuilding CXX object CMakeFiles/iceoryx_posh.dir/source/mepoo/mepoo_config.cpp.o[0m
[3.446s] [  9%] [32mBuilding CXX object CMakeFiles/iceoryx_posh.dir/source/mepoo/memory_manager.cpp.o[0m
[3.565s] [ 11%] [32mBuilding CXX object CMakeFiles/iceoryx_posh.dir/source/mepoo/shm_safe_unmanaged_chunk.cpp.o[0m
[3.565s] [ 11%] [32mBuilding CXX object CMakeFiles/iceoryx_posh.dir/source/mepoo/shared_chunk.cpp.o[0m
[3.569s] [ 12%] [32mBuilding CXX object CMakeFiles/iceoryx_posh.dir/source/mepoo/segment_manager.cpp.o[0m
[3.577s] [ 13%] [32mBuilding CXX object CMakeFiles/iceoryx_posh.dir/source/mepoo/mem_pool.cpp.o[0m
[3.650s] [ 14%] [32mBuilding CXX object CMakeFiles/iceoryx_posh.dir/source/mepoo/mepoo_segment.cpp.o[0m
[3.814s] [ 15%] [32mBuilding CXX object CMakeFiles/iceoryx_posh.dir/source/mepoo/memory_info.cpp.o[0m
[3.828s] [ 16%] [32mBuilding CXX object CMakeFiles/iceoryx_posh.dir/source/popo/ports/interface_port.cpp.o[0m
[3.888s] [ 17%] [32mBuilding CXX object CMakeFiles/iceoryx_posh.dir/source/popo/ports/interface_port_data.cpp.o[0m
[3.925s] [ 18%] [32mBuilding CXX object CMakeFiles/iceoryx_posh.dir/source/popo/ports/base_port_data.cpp.o[0m
[4.174s] [ 20%] [32mBuilding CXX object CMakeFiles/iceoryx_posh.dir/source/popo/ports/base_port.cpp.o[0m
[4.191s] [ 21%] [32mBuilding CXX object CMakeFiles/iceoryx_posh.dir/source/popo/ports/publisher_port_data.cpp.o[0m
[4.208s] [ 22%] [32mBuilding CXX object CMakeFiles/iceoryx_posh.dir/source/popo/ports/publisher_port_user.cpp.o[0m
[4.208s] [ 23%] [32mBuilding CXX object CMakeFiles/iceoryx_posh.dir/source/popo/ports/subscriber_port_user.cpp.o[0m
[4.210s] [ 24%] [32mBuilding CXX object CMakeFiles/iceoryx_posh.dir/source/popo/ports/publisher_port_roudi.cpp.o[0m
[4.272s] [ 25%] [32mBuilding CXX object CMakeFiles/iceoryx_posh.dir/source/popo/ports/subscriber_port_roudi.cpp.o[0m
[4.289s] [ 26%] [32mBuilding CXX object CMakeFiles/iceoryx_posh.dir/source/popo/ports/subscriber_port_single_producer.cpp.o[0m
[4.333s] [ 27%] [32mBuilding CXX object CMakeFiles/iceoryx_posh.dir/source/popo/ports/subscriber_port_multi_producer.cpp.o[0m
[4.471s] [ 28%] [32mBuilding CXX object CMakeFiles/iceoryx_posh.dir/source/popo/ports/subscriber_port_data.cpp.o[0m
[4.653s] [ 29%] [32mBuilding CXX object CMakeFiles/iceoryx_posh.dir/source/popo/ports/client_port_data.cpp.o[0m
[4.706s] [ 30%] [32mBuilding CXX object CMakeFiles/iceoryx_posh.dir/source/popo/ports/client_port_roudi.cpp.o[0m
[4.713s] [ 31%] [32mBuilding CXX object CMakeFiles/iceoryx_posh.dir/source/popo/ports/client_port_user.cpp.o[0m
[4.733s] [ 32%] [32mBuilding CXX object CMakeFiles/iceoryx_posh.dir/source/popo/ports/server_port_data.cpp.o[0m
[4.739s] [ 33%] [32mBuilding CXX object CMakeFiles/iceoryx_posh.dir/source/popo/ports/server_port_roudi.cpp.o[0m
[4.782s] [ 34%] [32mBuilding CXX object CMakeFiles/iceoryx_posh.dir/source/popo/ports/server_port_user.cpp.o[0m
[4.923s] [ 35%] [32mBuilding CXX object CMakeFiles/iceoryx_posh.dir/source/popo/building_blocks/condition_notifier.cpp.o[0m
[4.931s] [ 36%] [32mBuilding CXX object CMakeFiles/iceoryx_posh.dir/source/popo/building_blocks/condition_listener.cpp.o[0m
[5.074s] [ 37%] [32mBuilding CXX object CMakeFiles/iceoryx_posh.dir/source/popo/building_blocks/condition_variable_data.cpp.o[0m
[5.183s] [ 38%] [32mBuilding CXX object CMakeFiles/iceoryx_posh.dir/source/popo/building_blocks/locking_policy.cpp.o[0m
[5.218s] [ 40%] [32mBuilding CXX object CMakeFiles/iceoryx_posh.dir/source/popo/building_blocks/unique_port_id.cpp.o[0m
[5.223s] [ 41%] [32mBuilding CXX object CMakeFiles/iceoryx_posh.dir/source/popo/client_options.cpp.o[0m
[5.227s] [ 42%] [32mBuilding CXX object CMakeFiles/iceoryx_posh.dir/source/popo/listener.cpp.o[0m
[5.228s] [ 43%] [32mBuilding CXX object CMakeFiles/iceoryx_posh.dir/source/popo/notification_info.cpp.o[0m
[5.395s] [ 44%] [32mBuilding CXX object CMakeFiles/iceoryx_posh.dir/source/popo/rpc_header.cpp.o[0m
[5.426s] [ 45%] [32mBuilding CXX object CMakeFiles/iceoryx_posh.dir/source/popo/publisher_options.cpp.o[0m
[5.478s] [ 46%] [32mBuilding CXX object CMakeFiles/iceoryx_posh.dir/source/popo/server_options.cpp.o[0m
[5.513s] [ 47%] [32mBuilding CXX object CMakeFiles/iceoryx_posh.dir/source/popo/subscriber_options.cpp.o[0m
[5.685s] [ 48%] [32mBuilding CXX object CMakeFiles/iceoryx_posh.dir/source/popo/trigger.cpp.o[0m
[5.763s] [ 49%] [32mBuilding CXX object CMakeFiles/iceoryx_posh.dir/source/popo/trigger_handle.cpp.o[0m
[5.793s] [ 50%] [32mBuilding CXX object CMakeFiles/iceoryx_posh.dir/source/popo/user_trigger.cpp.o[0m
[5.797s] [ 51%] [32mBuilding CXX object CMakeFiles/iceoryx_posh.dir/source/version/version_info.cpp.o[0m
[5.824s] [ 52%] [32mBuilding CXX object CMakeFiles/iceoryx_posh.dir/source/runtime/ipc_interface_base.cpp.o[0m
[5.936s] [ 53%] [32mBuilding CXX object CMakeFiles/iceoryx_posh.dir/source/runtime/ipc_interface_user.cpp.o[0m
[6.050s] [ 54%] [32mBuilding CXX object CMakeFiles/iceoryx_posh.dir/source/runtime/ipc_interface_creator.cpp.o[0m
[6.053s] [ 55%] [32mBuilding CXX object CMakeFiles/iceoryx_posh.dir/source/runtime/ipc_runtime_interface.cpp.o[0m
[6.068s] [ 56%] [32mBuilding CXX object CMakeFiles/iceoryx_posh.dir/source/runtime/ipc_message.cpp.o[0m
[6.185s] [ 57%] [32mBuilding CXX object CMakeFiles/iceoryx_posh.dir/source/runtime/port_config_info.cpp.o[0m
[6.290s] [ 58%] [32mBuilding CXX object CMakeFiles/iceoryx_posh.dir/source/runtime/posh_runtime.cpp.o[0m
[6.338s] [ 60%] [32mBuilding CXX object CMakeFiles/iceoryx_posh.dir/source/runtime/posh_runtime_impl.cpp.o[0m
[6.376s] [ 61%] [32mBuilding CXX object CMakeFiles/iceoryx_posh.dir/source/runtime/posh_runtime_single_process.cpp.o[0m
[6.424s] [ 62%] [32mBuilding CXX object CMakeFiles/iceoryx_posh.dir/source/runtime/service_discovery.cpp.o[0m
[6.441s] [ 63%] [32mBuilding CXX object CMakeFiles/iceoryx_posh.dir/source/runtime/node.cpp.o[0m
[6.455s] [ 64%] [32mBuilding CXX object CMakeFiles/iceoryx_posh.dir/source/runtime/node_data.cpp.o[0m
[6.507s] [ 65%] [32mBuilding CXX object CMakeFiles/iceoryx_posh.dir/source/runtime/node_property.cpp.o[0m
[6.715s] [ 66%] [32mBuilding CXX object CMakeFiles/iceoryx_posh.dir/source/runtime/shared_memory_user.cpp.o[0m
[6.792s] [ 67%] [32mBuilding CXX object CMakeFiles/iceoryx_posh.dir/source/roudi/service_registry.cpp.o[0m
[7.503s] [ 68%] [32m[1mLinking CXX shared library libiceoryx_posh.so[0m
[7.772s] [ 68%] Built target iceoryx_posh
[7.793s] [ 69%] [32mBuilding CXX object CMakeFiles/iceoryx_posh_gateway.dir/source/gateway/gateway_base.cpp.o[0m
[7.860s] [ 70%] [32mBuilding CXX object CMakeFiles/iceoryx_posh_roudi.dir/source/roudi/memory/memory_block.cpp.o[0m
[7.862s] [ 71%] [32mBuilding CXX object CMakeFiles/iceoryx_posh_roudi.dir/source/roudi/application/roudi_app.cpp.o[0m
[7.870s] [ 72%] [32mBuilding CXX object CMakeFiles/iceoryx_posh_roudi.dir/source/roudi/application/iceoryx_roudi_app.cpp.o[0m
[7.885s] [ 73%] [32mBuilding CXX object CMakeFiles/iceoryx_posh_roudi.dir/source/roudi/memory/memory_provider.cpp.o[0m
[7.949s] [ 74%] [32mBuilding CXX object CMakeFiles/iceoryx_posh_roudi.dir/source/roudi/memory/mempool_segment_manager_memory_block.cpp.o[0m
[7.964s] [ 75%] [32mBuilding CXX object CMakeFiles/iceoryx_posh_roudi.dir/source/roudi/memory/port_pool_memory_block.cpp.o[0m
[7.974s] [ 76%] [32mBuilding CXX object CMakeFiles/iceoryx_posh_roudi.dir/source/roudi/memory/mempool_collection_memory_block.cpp.o[0m
[8.310s] [ 77%] [32mBuilding CXX object CMakeFiles/iceoryx_posh_roudi.dir/source/roudi/memory/posix_shm_memory_provider.cpp.o[0m
[8.386s] [ 78%] [32mBuilding CXX object CMakeFiles/iceoryx_posh_roudi.dir/source/roudi/memory/default_roudi_memory.cpp.o[0m
[8.392s] [ 80%] [32m[1mLinking CXX shared library libiceoryx_posh_gateway.so[0m
[8.475s] [ 80%] Built target iceoryx_posh_gateway
[8.493s] [ 81%] [32mBuilding CXX object CMakeFiles/iceoryx_posh_roudi.dir/source/roudi/memory/roudi_memory_manager.cpp.o[0m
[8.500s] [ 82%] [32mBuilding CXX object CMakeFiles/iceoryx_posh_roudi.dir/source/roudi/memory/iceoryx_roudi_memory_manager.cpp.o[0m
[8.506s] [ 83%] [32mBuilding CXX object CMakeFiles/iceoryx_posh_roudi.dir/source/roudi/port_manager.cpp.o[0m
[8.557s] [ 84%] [32mBuilding CXX object CMakeFiles/iceoryx_posh_roudi.dir/source/roudi/port_pool.cpp.o[0m
[8.753s] [ 85%] [32mBuilding CXX object CMakeFiles/iceoryx_posh_roudi.dir/source/roudi/roudi.cpp.o[0m
[8.793s] [ 86%] [32mBuilding CXX object CMakeFiles/iceoryx_posh_roudi.dir/source/roudi/process.cpp.o[0m
[8.806s] [ 87%] [32mBuilding CXX object CMakeFiles/iceoryx_posh_roudi.dir/source/roudi/process_manager.cpp.o[0m
[8.835s] [ 88%] [32mBuilding CXX object CMakeFiles/iceoryx_posh_roudi.dir/source/roudi/iceoryx_roudi_components.cpp.o[0m
[8.964s] [ 89%] [32mBuilding CXX object CMakeFiles/iceoryx_posh_roudi.dir/source/roudi/roudi_cmd_line_parser.cpp.o[0m
[8.984s] [ 90%] [32mBuilding CXX object CMakeFiles/iceoryx_posh_roudi.dir/source/roudi/roudi_cmd_line_parser_config_file_option.cpp.o[0m
[9.191s] [ 91%] [32mBuilding CXX object CMakeFiles/iceoryx_posh_roudi.dir/source/roudi/roudi_config.cpp.o[0m
[9.536s] [ 92%] [32m[1mLinking CXX shared library libiceoryx_posh_roudi.so[0m
[9.637s] [ 92%] Built target iceoryx_posh_roudi
[9.645s] [ 93%] [32mBuilding CXX object CMakeFiles/iceoryx_posh_config.dir/source/log/posh_config_logging.cpp.o[0m
[9.647s] [ 94%] [32mBuilding CXX object CMakeFiles/iceoryx_posh_config.dir/source/roudi/roudi_config_toml_file_provider.cpp.o[0m
[9.648s] [ 96%] [32mBuilding CXX object CMakeFiles/iceoryx_posh_config.dir/source/gateway/gateway_config.cpp.o[0m
[9.648s] [ 96%] [32mBuilding CXX object CMakeFiles/iceoryx_posh_config.dir/source/gateway/toml_gateway_config_parser.cpp.o[0m
[12.122s] [ 97%] [32m[1mLinking CXX shared library libiceoryx_posh_config.so[0m
[12.345s] [ 97%] Built target iceoryx_posh_config
[12.353s] [ 98%] [32mBuilding CXX object CMakeFiles/iox-roudi.dir/source/roudi/application/roudi_main.cpp.o[0m
[12.718s] [100%] [32m[1mLinking CXX executable iox-roudi[0m
[12.935s] [100%] Built target iox-roudi
[12.982s] Invoked command in '/work/ubuntu-ros2-dev/build/iceoryx_posh' returned '0': CMAKE_PREFIX_PATH=/work/ubuntu-ros2-dev/install/iceoryx_hoofs LD_LIBRARY_PATH=/work/ubuntu-ros2-dev/install/iceoryx_hoofs/lib PKG_CONFIG_PATH=/work/ubuntu-ros2-dev/install/iceoryx_hoofs/lib/aarch64-linux-gnu/pkgconfig:/work/ubuntu-ros2-dev/install/iceoryx_hoofs/lib/pkgconfig /usr/bin/cmake --build /work/ubuntu-ros2-dev/build/iceoryx_posh -- -j8 -l8
[13.895s] Invoking command in '/work/ubuntu-ros2-dev/build/iceoryx_posh': CMAKE_PREFIX_PATH=/work/ubuntu-ros2-dev/install/iceoryx_hoofs LD_LIBRARY_PATH=/work/ubuntu-ros2-dev/install/iceoryx_hoofs/lib PKG_CONFIG_PATH=/work/ubuntu-ros2-dev/install/iceoryx_hoofs/lib/aarch64-linux-gnu/pkgconfig:/work/ubuntu-ros2-dev/install/iceoryx_hoofs/lib/pkgconfig /usr/bin/cmake --install /work/ubuntu-ros2-dev/build/iceoryx_posh
[13.901s] -- Install configuration: ""
[13.902s] -- Installing: /work/ubuntu-ros2-dev/install/iceoryx_posh/include/iceoryx/v2.0.6/iceoryx_versions.hpp
[13.902s] -- Installing: /work/ubuntu-ros2-dev/install/iceoryx_posh/share/doc/iceoryx_posh/LICENSE
[13.902s] -- Installing: /work/ubuntu-ros2-dev/install/iceoryx_posh/share/doc/iceoryx_posh/3rd_party_licenses
[13.903s] -- Installing: /work/ubuntu-ros2-dev/install/iceoryx_posh/share/doc/iceoryx_posh/3rd_party_licenses/cpptoml
[13.903s] -- Installing: /work/ubuntu-ros2-dev/install/iceoryx_posh/share/doc/iceoryx_posh/3rd_party_licenses/cpptoml/LICENSE
[13.903s] -- Installing: /work/ubuntu-ros2-dev/install/iceoryx_posh/etc/roudi_config_example.toml
[13.904s] -- Installing: /work/ubuntu-ros2-dev/install/iceoryx_posh/lib/libiceoryx_posh.so
[13.906s] -- Set runtime path of "/work/ubuntu-ros2-dev/install/iceoryx_posh/lib/libiceoryx_posh.so" to ""
[13.906s] -- Installing: /work/ubuntu-ros2-dev/install/iceoryx_posh/lib/libiceoryx_posh_roudi.so
[13.908s] -- Set runtime path of "/work/ubuntu-ros2-dev/install/iceoryx_posh/lib/libiceoryx_posh_roudi.so" to ""
[13.908s] -- Installing: /work/ubuntu-ros2-dev/install/iceoryx_posh/lib/libiceoryx_posh_gateway.so
[13.908s] -- Set runtime path of "/work/ubuntu-ros2-dev/install/iceoryx_posh/lib/libiceoryx_posh_gateway.so" to ""
[13.908s] -- Installing: /work/ubuntu-ros2-dev/install/iceoryx_posh/lib/libiceoryx_posh_config.so
[13.910s] -- Set runtime path of "/work/ubuntu-ros2-dev/install/iceoryx_posh/lib/libiceoryx_posh_config.so" to ""
[13.910s] -- Installing: /work/ubuntu-ros2-dev/install/iceoryx_posh/bin/iox-roudi
[13.910s] -- Set runtime path of "/work/ubuntu-ros2-dev/install/iceoryx_posh/bin/iox-roudi" to ""
[13.910s] -- Up-to-date: /work/ubuntu-ros2-dev/install/iceoryx_posh/include/iceoryx/v2.0.6
[13.910s] -- Installing: /work/ubuntu-ros2-dev/install/iceoryx_posh/include/iceoryx/v2.0.6/iceoryx_posh
[13.910s] -- Installing: /work/ubuntu-ros2-dev/install/iceoryx_posh/include/iceoryx/v2.0.6/iceoryx_posh/roudi
[13.910s] -- Installing: /work/ubuntu-ros2-dev/install/iceoryx_posh/include/iceoryx/v2.0.6/iceoryx_posh/roudi/roudi_config_toml_file_provider.hpp
[13.911s] -- Installing: /work/ubuntu-ros2-dev/install/iceoryx_posh/include/iceoryx/v2.0.6/iceoryx_posh/roudi/iceoryx_roudi_components.hpp
[13.911s] -- Installing: /work/ubuntu-ros2-dev/install/iceoryx_posh/include/iceoryx/v2.0.6/iceoryx_posh/roudi/introspection_types.hpp
[13.911s] -- Installing: /work/ubuntu-ros2-dev/install/iceoryx_posh/include/iceoryx/v2.0.6/iceoryx_posh/roudi/iceoryx_roudi_app.hpp
[13.911s] -- Installing: /work/ubuntu-ros2-dev/install/iceoryx_posh/include/iceoryx/v2.0.6/iceoryx_posh/roudi/port_pool.hpp
[13.911s] -- Installing: /work/ubuntu-ros2-dev/install/iceoryx_posh/include/iceoryx/v2.0.6/iceoryx_posh/roudi/roudi_config.hpp
[13.911s] -- Installing: /work/ubuntu-ros2-dev/install/iceoryx_posh/include/iceoryx/v2.0.6/iceoryx_posh/roudi/roudi_cmd_line_parser_config_file_option.hpp
[13.911s] -- Installing: /work/ubuntu-ros2-dev/install/iceoryx_posh/include/iceoryx/v2.0.6/iceoryx_posh/roudi/port_pool.inl
[13.911s] -- Installing: /work/ubuntu-ros2-dev/install/iceoryx_posh/include/iceoryx/v2.0.6/iceoryx_posh/roudi/roudi_app.hpp
[13.912s] -- Installing: /work/ubuntu-ros2-dev/install/iceoryx_posh/include/iceoryx/v2.0.6/iceoryx_posh/roudi/roudi_config_file_provider.hpp
[13.912s] -- Installing: /work/ubuntu-ros2-dev/install/iceoryx_posh/include/iceoryx/v2.0.6/iceoryx_posh/roudi/cmd_line_args.hpp
[13.912s] -- Installing: /work/ubuntu-ros2-dev/install/iceoryx_posh/include/iceoryx/v2.0.6/iceoryx_posh/roudi/roudi_cmd_line_parser.hpp
[13.912s] -- Installing: /work/ubuntu-ros2-dev/install/iceoryx_posh/include/iceoryx/v2.0.6/iceoryx_posh/roudi/memory
[13.912s] -- Installing: /work/ubuntu-ros2-dev/install/iceoryx_posh/include/iceoryx/v2.0.6/iceoryx_posh/roudi/memory/roudi_memory_manager.hpp
[13.912s] -- Installing: /work/ubuntu-ros2-dev/install/iceoryx_posh/include/iceoryx/v2.0.6/iceoryx_posh/roudi/memory/roudi_memory_interface.hpp
[13.912s] -- Installing: /work/ubuntu-ros2-dev/install/iceoryx_posh/include/iceoryx/v2.0.6/iceoryx_posh/roudi/memory/default_roudi_memory.hpp
[13.912s] -- Installing: /work/ubuntu-ros2-dev/install/iceoryx_posh/include/iceoryx/v2.0.6/iceoryx_posh/roudi/memory/posix_shm_memory_provider.hpp
[13.913s] -- Installing: /work/ubuntu-ros2-dev/install/iceoryx_posh/include/iceoryx/v2.0.6/iceoryx_posh/roudi/memory/memory_block.hpp
[13.913s] -- Installing: /work/ubuntu-ros2-dev/install/iceoryx_posh/include/iceoryx/v2.0.6/iceoryx_posh/roudi/memory/generic_memory_block.hpp
[13.913s] -- Installing: /work/ubuntu-ros2-dev/install/iceoryx_posh/include/iceoryx/v2.0.6/iceoryx_posh/roudi/memory/memory_provider.hpp
[13.913s] -- Installing: /work/ubuntu-ros2-dev/install/iceoryx_posh/include/iceoryx/v2.0.6/iceoryx_posh/roudi/memory/iceoryx_roudi_memory_manager.hpp
[13.913s] -- Installing: /work/ubuntu-ros2-dev/install/iceoryx_posh/include/iceoryx/v2.0.6/iceoryx_posh/mepoo
[13.913s] -- Installing: /work/ubuntu-ros2-dev/install/iceoryx_posh/include/iceoryx/v2.0.6/iceoryx_posh/mepoo/memory_info.hpp
[13.913s] -- Installing: /work/ubuntu-ros2-dev/install/iceoryx_posh/include/iceoryx/v2.0.6/iceoryx_posh/mepoo/chunk_header.hpp
[13.913s] -- Installing: /work/ubuntu-ros2-dev/install/iceoryx_posh/include/iceoryx/v2.0.6/iceoryx_posh/mepoo/chunk_settings.hpp
[13.913s] -- Installing: /work/ubuntu-ros2-dev/install/iceoryx_posh/include/iceoryx/v2.0.6/iceoryx_posh/mepoo/segment_config.hpp
[13.913s] -- Installing: /work/ubuntu-ros2-dev/install/iceoryx_posh/include/iceoryx/v2.0.6/iceoryx_posh/mepoo/mepoo_config.hpp
[13.914s] -- Installing: /work/ubuntu-ros2-dev/install/iceoryx_posh/include/iceoryx/v2.0.6/iceoryx_posh/iceoryx_posh_types.hpp
[13.914s] -- Installing: /work/ubuntu-ros2-dev/install/iceoryx_posh/include/iceoryx/v2.0.6/iceoryx_posh/capro
[13.914s] -- Installing: /work/ubuntu-ros2-dev/install/iceoryx_posh/include/iceoryx/v2.0.6/iceoryx_posh/capro/service_description.hpp
[13.914s] -- Installing: /work/ubuntu-ros2-dev/install/iceoryx_posh/include/iceoryx/v2.0.6/iceoryx_posh/internal
[13.914s] -- Installing: /work/ubuntu-ros2-dev/install/iceoryx_posh/include/iceoryx/v2.0.6/iceoryx_posh/internal/roudi
[13.914s] -- Installing: /work/ubuntu-ros2-dev/install/iceoryx_posh/include/iceoryx/v2.0.6/iceoryx_posh/internal/roudi/port_manager.inl
[13.914s] -- Installing: /work/ubuntu-ros2-dev/install/iceoryx_posh/include/iceoryx/v2.0.6/iceoryx_posh/internal/roudi/port_pool_data.inl
[13.914s] -- Installing: /work/ubuntu-ros2-dev/install/iceoryx_posh/include/iceoryx/v2.0.6/iceoryx_posh/internal/roudi/process.hpp
[13.914s] -- Installing: /work/ubuntu-ros2-dev/install/iceoryx_posh/include/iceoryx/v2.0.6/iceoryx_posh/internal/roudi/introspection
[13.915s] -- Installing: /work/ubuntu-ros2-dev/install/iceoryx_posh/include/iceoryx/v2.0.6/iceoryx_posh/internal/roudi/introspection/process_introspection.hpp
[13.915s] -- Installing: /work/ubuntu-ros2-dev/install/iceoryx_posh/include/iceoryx/v2.0.6/iceoryx_posh/internal/roudi/introspection/mempool_introspection.hpp
[13.915s] -- Installing: /work/ubuntu-ros2-dev/install/iceoryx_posh/include/iceoryx/v2.0.6/iceoryx_posh/internal/roudi/introspection/port_introspection.hpp
[13.915s] -- Installing: /work/ubuntu-ros2-dev/install/iceoryx_posh/include/iceoryx/v2.0.6/iceoryx_posh/internal/roudi/introspection/fixed_size_container.hpp
[13.915s] -- Installing: /work/ubuntu-ros2-dev/install/iceoryx_posh/include/iceoryx/v2.0.6/iceoryx_posh/internal/roudi/introspection/port_introspection.inl
[13.915s] -- Installing: /work/ubuntu-ros2-dev/install/iceoryx_posh/include/iceoryx/v2.0.6/iceoryx_posh/internal/roudi/introspection/mempool_introspection.inl
[13.915s] -- Installing: /work/ubuntu-ros2-dev/install/iceoryx_posh/include/iceoryx/v2.0.6/iceoryx_posh/internal/roudi/introspection/process_introspection.inl
[13.915s] -- Installing: /work/ubuntu-ros2-dev/install/iceoryx_posh/include/iceoryx/v2.0.6/iceoryx_posh/internal/roudi/roudi.hpp
[13.916s] -- Installing: /work/ubuntu-ros2-dev/install/iceoryx_posh/include/iceoryx/v2.0.6/iceoryx_posh/internal/roudi/port_manager.hpp
[13.916s] -- Installing: /work/ubuntu-ros2-dev/install/iceoryx_posh/include/iceoryx/v2.0.6/iceoryx_posh/internal/roudi/service_registry.hpp
[13.916s] -- Installing: /work/ubuntu-ros2-dev/install/iceoryx_posh/include/iceoryx/v2.0.6/iceoryx_posh/internal/roudi/process_manager.hpp
[13.916s] -- Installing: /work/ubuntu-ros2-dev/install/iceoryx_posh/include/iceoryx/v2.0.6/iceoryx_posh/internal/roudi/memory
[13.916s] -- Installing: /work/ubuntu-ros2-dev/install/iceoryx_posh/include/iceoryx/v2.0.6/iceoryx_posh/internal/roudi/memory/mempool_segment_manager_memory_block.hpp
[13.916s] -- Installing: /work/ubuntu-ros2-dev/install/iceoryx_posh/include/iceoryx/v2.0.6/iceoryx_posh/internal/roudi/memory/generic_memory_block.inl
[13.916s] -- Installing: /work/ubuntu-ros2-dev/install/iceoryx_posh/include/iceoryx/v2.0.6/iceoryx_posh/internal/roudi/memory/mempool_collection_memory_block.hpp
[13.916s] -- Installing: /work/ubuntu-ros2-dev/install/iceoryx_posh/include/iceoryx/v2.0.6/iceoryx_posh/internal/roudi/memory/port_pool_memory_block.hpp
[13.917s] -- Installing: /work/ubuntu-ros2-dev/install/iceoryx_posh/include/iceoryx/v2.0.6/iceoryx_posh/internal/roudi/port_pool_data.hpp
[13.917s] -- Installing: /work/ubuntu-ros2-dev/install/iceoryx_posh/include/iceoryx/v2.0.6/iceoryx_posh/internal/mepoo
[13.917s] -- Installing: /work/ubuntu-ros2-dev/install/iceoryx_posh/include/iceoryx/v2.0.6/iceoryx_posh/internal/mepoo/chunk_management.hpp
[13.917s] -- Installing: /work/ubuntu-ros2-dev/install/iceoryx_posh/include/iceoryx/v2.0.6/iceoryx_posh/internal/mepoo/shared_pointer.inl
[13.917s] -- Installing: /work/ubuntu-ros2-dev/install/iceoryx_posh/include/iceoryx/v2.0.6/iceoryx_posh/internal/mepoo/mepoo_segment.hpp
[13.917s] -- Installing: /work/ubuntu-ros2-dev/install/iceoryx_posh/include/iceoryx/v2.0.6/iceoryx_posh/internal/mepoo/segment_manager.hpp
[13.917s] -- Installing: /work/ubuntu-ros2-dev/install/iceoryx_posh/include/iceoryx/v2.0.6/iceoryx_posh/internal/mepoo/shm_safe_unmanaged_chunk.hpp
[13.917s] -- Installing: /work/ubuntu-ros2-dev/install/iceoryx_posh/include/iceoryx/v2.0.6/iceoryx_posh/internal/mepoo/memory_manager.inl
[13.917s] -- Installing: /work/ubuntu-ros2-dev/install/iceoryx_posh/include/iceoryx/v2.0.6/iceoryx_posh/internal/mepoo/typed_mem_pool.hpp
[13.918s] -- Installing: /work/ubuntu-ros2-dev/install/iceoryx_posh/include/iceoryx/v2.0.6/iceoryx_posh/internal/mepoo/memory_manager.hpp
[13.918s] -- Installing: /work/ubuntu-ros2-dev/install/iceoryx_posh/include/iceoryx/v2.0.6/iceoryx_posh/internal/mepoo/mem_pool.hpp
[13.918s] -- Installing: /work/ubuntu-ros2-dev/install/iceoryx_posh/include/iceoryx/v2.0.6/iceoryx_posh/internal/mepoo/segment_manager.inl
[13.918s] -- Installing: /work/ubuntu-ros2-dev/install/iceoryx_posh/include/iceoryx/v2.0.6/iceoryx_posh/internal/mepoo/shared_chunk.hpp
[13.918s] -- Installing: /work/ubuntu-ros2-dev/install/iceoryx_posh/include/iceoryx/v2.0.6/iceoryx_posh/internal/mepoo/mepoo_segment.inl
[13.918s] -- Installing: /work/ubuntu-ros2-dev/install/iceoryx_posh/include/iceoryx/v2.0.6/iceoryx_posh/internal/mepoo/mepoo.hpp
[13.918s] -- Installing: /work/ubuntu-ros2-dev/install/iceoryx_posh/include/iceoryx/v2.0.6/iceoryx_posh/internal/mepoo/shared_pointer.hpp
[13.918s] -- Installing: /work/ubuntu-ros2-dev/install/iceoryx_posh/include/iceoryx/v2.0.6/iceoryx_posh/internal/mepoo/typed_mem_pool.inl
[13.918s] -- Installing: /work/ubuntu-ros2-dev/install/iceoryx_posh/include/iceoryx/v2.0.6/iceoryx_posh/internal/log
[13.919s] -- Installing: /work/ubuntu-ros2-dev/install/iceoryx_posh/include/iceoryx/v2.0.6/iceoryx_posh/internal/log/posh_logging.hpp
[13.919s] -- Installing: /work/ubuntu-ros2-dev/install/iceoryx_posh/include/iceoryx/v2.0.6/iceoryx_posh/internal/log/posh_config_logging.hpp
[13.919s] -- Installing: /work/ubuntu-ros2-dev/install/iceoryx_posh/include/iceoryx/v2.0.6/iceoryx_posh/internal/capro
[13.919s] -- Installing: /work/ubuntu-ros2-dev/install/iceoryx_posh/include/iceoryx/v2.0.6/iceoryx_posh/internal/capro/capro_message.hpp
[13.919s] -- Installing: /work/ubuntu-ros2-dev/install/iceoryx_posh/include/iceoryx/v2.0.6/iceoryx_posh/internal/capro/capro_message.inl
[13.919s] -- Installing: /work/ubuntu-ros2-dev/install/iceoryx_posh/include/iceoryx/v2.0.6/iceoryx_posh/internal/runtime
[13.919s] -- Installing: /work/ubuntu-ros2-dev/install/iceoryx_posh/include/iceoryx/v2.0.6/iceoryx_posh/internal/runtime/ipc_message.inl
[13.919s] -- Installing: /work/ubuntu-ros2-dev/install/iceoryx_posh/include/iceoryx/v2.0.6/iceoryx_posh/internal/runtime/ipc_runtime_interface.hpp
[13.919s] -- Installing: /work/ubuntu-ros2-dev/install/iceoryx_posh/include/iceoryx/v2.0.6/iceoryx_posh/internal/runtime/node_data.hpp
[13.919s] -- Installing: /work/ubuntu-ros2-dev/install/iceoryx_posh/include/iceoryx/v2.0.6/iceoryx_posh/internal/runtime/ipc_interface_creator.hpp
[13.920s] -- Installing: /work/ubuntu-ros2-dev/install/iceoryx_posh/include/iceoryx/v2.0.6/iceoryx_posh/internal/runtime/node_property.hpp
[13.920s] -- Installing: /work/ubuntu-ros2-dev/install/iceoryx_posh/include/iceoryx/v2.0.6/iceoryx_posh/internal/runtime/ipc_interface_user.hpp
[13.920s] -- Installing: /work/ubuntu-ros2-dev/install/iceoryx_posh/include/iceoryx/v2.0.6/iceoryx_posh/internal/runtime/ipc_interface_base.hpp
[13.920s] -- Installing: /work/ubuntu-ros2-dev/install/iceoryx_posh/include/iceoryx/v2.0.6/iceoryx_posh/internal/runtime/ipc_message.hpp
[13.920s] -- Installing: /work/ubuntu-ros2-dev/install/iceoryx_posh/include/iceoryx/v2.0.6/iceoryx_posh/internal/runtime/shared_memory_user.hpp
[13.920s] -- Installing: /work/ubuntu-ros2-dev/install/iceoryx_posh/include/iceoryx/v2.0.6/iceoryx_posh/internal/runtime/posh_runtime_impl.hpp
[13.920s] -- Installing: /work/ubuntu-ros2-dev/install/iceoryx_posh/include/iceoryx/v2.0.6/iceoryx_posh/internal/popo
[13.920s] -- Installing: /work/ubuntu-ros2-dev/install/iceoryx_posh/include/iceoryx/v2.0.6/iceoryx_posh/internal/popo/client_impl.hpp
[13.920s] -- Installing: /work/ubuntu-ros2-dev/install/iceoryx_posh/include/iceoryx/v2.0.6/iceoryx_posh/internal/popo/untyped_subscriber_impl.inl
[13.921s] -- Installing: /work/ubuntu-ros2-dev/install/iceoryx_posh/include/iceoryx/v2.0.6/iceoryx_posh/internal/popo/base_server.inl
[13.921s] -- Installing: /work/ubuntu-ros2-dev/install/iceoryx_posh/include/iceoryx/v2.0.6/iceoryx_posh/internal/popo/base_subscriber.hpp
[13.921s] -- Installing: /work/ubuntu-ros2-dev/install/iceoryx_posh/include/iceoryx/v2.0.6/iceoryx_posh/internal/popo/base_publisher.hpp
[13.921s] -- Installing: /work/ubuntu-ros2-dev/install/iceoryx_posh/include/iceoryx/v2.0.6/iceoryx_posh/internal/popo/server_impl.hpp
[13.921s] -- Installing: /work/ubuntu-ros2-dev/install/iceoryx_posh/include/iceoryx/v2.0.6/iceoryx_posh/internal/popo/sample.inl
[13.921s] -- Installing: /work/ubuntu-ros2-dev/install/iceoryx_posh/include/iceoryx/v2.0.6/iceoryx_posh/internal/popo/publisher_interface.hpp
[13.921s] -- Installing: /work/ubuntu-ros2-dev/install/iceoryx_posh/include/iceoryx/v2.0.6/iceoryx_posh/internal/popo/publisher_impl.hpp
[13.921s] -- Installing: /work/ubuntu-ros2-dev/install/iceoryx_posh/include/iceoryx/v2.0.6/iceoryx_posh/internal/popo/response_deleter.inl
[13.921s] -- Installing: /work/ubuntu-ros2-dev/install/iceoryx_posh/include/iceoryx/v2.0.6/iceoryx_posh/internal/popo/request.inl
[13.922s] -- Installing: /work/ubuntu-ros2-dev/install/iceoryx_posh/include/iceoryx/v2.0.6/iceoryx_posh/internal/popo/base_subscriber.inl
[13.922s] -- Installing: /work/ubuntu-ros2-dev/install/iceoryx_posh/include/iceoryx/v2.0.6/iceoryx_posh/internal/popo/base_client.inl
[13.922s] -- Installing: /work/ubuntu-ros2-dev/install/iceoryx_posh/include/iceoryx/v2.0.6/iceoryx_posh/internal/popo/untyped_client_impl.inl
[13.922s] -- Installing: /work/ubuntu-ros2-dev/install/iceoryx_posh/include/iceoryx/v2.0.6/iceoryx_posh/internal/popo/typed_port_api_trait.hpp
[13.922s] -- Installing: /work/ubuntu-ros2-dev/install/iceoryx_posh/include/iceoryx/v2.0.6/iceoryx_posh/internal/popo/listener.inl
[13.922s] -- Installing: /work/ubuntu-ros2-dev/install/iceoryx_posh/include/iceoryx/v2.0.6/iceoryx_posh/internal/popo/ports
[13.922s] -- Installing: /work/ubuntu-ros2-dev/install/iceoryx_posh/include/iceoryx/v2.0.6/iceoryx_posh/internal/popo/ports/subscriber_port_data.hpp
[13.922s] -- Installing: /work/ubuntu-ros2-dev/install/iceoryx_posh/include/iceoryx/v2.0.6/iceoryx_posh/internal/popo/ports/server_port_data.hpp
[13.923s] -- Installing: /work/ubuntu-ros2-dev/install/iceoryx_posh/include/iceoryx/v2.0.6/iceoryx_posh/internal/popo/ports/base_port.inl
[13.923s] -- Installing: /work/ubuntu-ros2-dev/install/iceoryx_posh/include/iceoryx/v2.0.6/iceoryx_posh/internal/popo/ports/publisher_port_roudi.hpp
[13.923s] -- Installing: /work/ubuntu-ros2-dev/install/iceoryx_posh/include/iceoryx/v2.0.6/iceoryx_posh/internal/popo/ports/subscriber_port_multi_producer.hpp
[13.923s] -- Installing: /work/ubuntu-ros2-dev/install/iceoryx_posh/include/iceoryx/v2.0.6/iceoryx_posh/internal/popo/ports/publisher_port_data.hpp
[13.923s] -- Installing: /work/ubuntu-ros2-dev/install/iceoryx_posh/include/iceoryx/v2.0.6/iceoryx_posh/internal/popo/ports/server_port_roudi.hpp
[13.923s] -- Installing: /work/ubuntu-ros2-dev/install/iceoryx_posh/include/iceoryx/v2.0.6/iceoryx_posh/internal/popo/ports/pub_sub_port_types.hpp
[13.923s] -- Installing: /work/ubuntu-ros2-dev/install/iceoryx_posh/include/iceoryx/v2.0.6/iceoryx_posh/internal/popo/ports/server_port_user.hpp
[13.923s] -- Installing: /work/ubuntu-ros2-dev/install/iceoryx_posh/include/iceoryx/v2.0.6/iceoryx_posh/internal/popo/ports/client_port_data.hpp
[13.923s] -- Installing: /work/ubuntu-ros2-dev/install/iceoryx_posh/include/iceoryx/v2.0.6/iceoryx_posh/internal/popo/ports/base_port_data.hpp
[13.924s] -- Installing: /work/ubuntu-ros2-dev/install/iceoryx_posh/include/iceoryx/v2.0.6/iceoryx_posh/internal/popo/ports/subscriber_port_user.hpp
[13.924s] -- Installing: /work/ubuntu-ros2-dev/install/iceoryx_posh/include/iceoryx/v2.0.6/iceoryx_posh/internal/popo/ports/client_port_roudi.hpp
[13.924s] -- Installing: /work/ubuntu-ros2-dev/install/iceoryx_posh/include/iceoryx/v2.0.6/iceoryx_posh/internal/popo/ports/interface_port_data.hpp
[13.924s] -- Installing: /work/ubuntu-ros2-dev/install/iceoryx_posh/include/iceoryx/v2.0.6/iceoryx_posh/internal/popo/ports/interface_port.hpp
[13.924s] -- Installing: /work/ubuntu-ros2-dev/install/iceoryx_posh/include/iceoryx/v2.0.6/iceoryx_posh/internal/popo/ports/client_port_user.hpp
[13.924s] -- Installing: /work/ubuntu-ros2-dev/install/iceoryx_posh/include/iceoryx/v2.0.6/iceoryx_posh/internal/popo/ports/subscriber_port_roudi.hpp
[13.924s] -- Installing: /work/ubuntu-ros2-dev/install/iceoryx_posh/include/iceoryx/v2.0.6/iceoryx_posh/internal/popo/ports/base_port.hpp
[13.924s] -- Installing: /work/ubuntu-ros2-dev/install/iceoryx_posh/include/iceoryx/v2.0.6/iceoryx_posh/internal/popo/ports/publisher_port_user.hpp
[13.925s] -- Installing: /work/ubuntu-ros2-dev/install/iceoryx_posh/include/iceoryx/v2.0.6/iceoryx_posh/internal/popo/ports/client_port_user.inl
[13.925s] -- Installing: /work/ubuntu-ros2-dev/install/iceoryx_posh/include/iceoryx/v2.0.6/iceoryx_posh/internal/popo/ports/client_server_port_types.hpp
[13.925s] -- Installing: /work/ubuntu-ros2-dev/install/iceoryx_posh/include/iceoryx/v2.0.6/iceoryx_posh/internal/popo/ports/server_port_user.inl
[13.925s] -- Installing: /work/ubuntu-ros2-dev/install/iceoryx_posh/include/iceoryx/v2.0.6/iceoryx_posh/internal/popo/ports/subscriber_port_single_producer.hpp
[13.925s] -- Installing: /work/ubuntu-ros2-dev/install/iceoryx_posh/include/iceoryx/v2.0.6/iceoryx_posh/internal/popo/smart_chunk.inl
[13.925s] -- Installing: /work/ubuntu-ros2-dev/install/iceoryx_posh/include/iceoryx/v2.0.6/iceoryx_posh/internal/popo/client_impl.inl
[13.925s] -- Installing: /work/ubuntu-ros2-dev/install/iceoryx_posh/include/iceoryx/v2.0.6/iceoryx_posh/internal/popo/base_client.hpp
[13.925s] -- Installing: /work/ubuntu-ros2-dev/install/iceoryx_posh/include/iceoryx/v2.0.6/iceoryx_posh/internal/popo/used_chunk_list.hpp
[13.925s] -- Installing: /work/ubuntu-ros2-dev/install/iceoryx_posh/include/iceoryx/v2.0.6/iceoryx_posh/internal/popo/untyped_server_impl.inl
[13.926s] -- Installing: /work/ubuntu-ros2-dev/install/iceoryx_posh/include/iceoryx/v2.0.6/iceoryx_posh/internal/popo/building_blocks
[13.926s] -- Installing: /work/ubuntu-ros2-dev/install/iceoryx_posh/include/iceoryx/v2.0.6/iceoryx_posh/internal/popo/building_blocks/chunk_queue_pusher.hpp
[13.926s] -- Installing: /work/ubuntu-ros2-dev/install/iceoryx_posh/include/iceoryx/v2.0.6/iceoryx_posh/internal/popo/building_blocks/chunk_queue_data.inl
[13.926s] -- Installing: /work/ubuntu-ros2-dev/install/iceoryx_posh/include/iceoryx/v2.0.6/iceoryx_posh/internal/popo/building_blocks/chunk_receiver_data.inl
[13.926s] -- Installing: /work/ubuntu-ros2-dev/install/iceoryx_posh/include/iceoryx/v2.0.6/iceoryx_posh/internal/popo/building_blocks/typed_unique_id.hpp
[13.926s] -- Installing: /work/ubuntu-ros2-dev/install/iceoryx_posh/include/iceoryx/v2.0.6/iceoryx_posh/internal/popo/building_blocks/condition_variable_data.hpp
[13.926s] -- Installing: /work/ubuntu-ros2-dev/install/iceoryx_posh/include/iceoryx/v2.0.6/iceoryx_posh/internal/popo/building_blocks/chunk_distributor.inl
[13.926s] -- Installing: /work/ubuntu-ros2-dev/install/iceoryx_posh/include/iceoryx/v2.0.6/iceoryx_posh/internal/popo/building_blocks/chunk_queue_popper.inl
[13.927s] -- Installing: /work/ubuntu-ros2-dev/install/iceoryx_posh/include/iceoryx/v2.0.6/iceoryx_posh/internal/popo/building_blocks/condition_listener.hpp
[13.927s] -- Installing: /work/ubuntu-ros2-dev/install/iceoryx_posh/include/iceoryx/v2.0.6/iceoryx_posh/internal/popo/building_blocks/chunk_sender.inl
[13.927s] -- Installing: /work/ubuntu-ros2-dev/install/iceoryx_posh/include/iceoryx/v2.0.6/iceoryx_posh/internal/popo/building_blocks/chunk_sender_data.hpp
[13.927s] -- Installing: /work/ubuntu-ros2-dev/install/iceoryx_posh/include/iceoryx/v2.0.6/iceoryx_posh/internal/popo/building_blocks/chunk_distributor.hpp
[13.927s] -- Installing: /work/ubuntu-ros2-dev/install/iceoryx_posh/include/iceoryx/v2.0.6/iceoryx_posh/internal/popo/building_blocks/chunk_receiver.hpp
[13.927s] -- Installing: /work/ubuntu-ros2-dev/install/iceoryx_posh/include/iceoryx/v2.0.6/iceoryx_posh/internal/popo/building_blocks/chunk_sender_data.inl
[13.927s] -- Installing: /work/ubuntu-ros2-dev/install/iceoryx_posh/include/iceoryx/v2.0.6/iceoryx_posh/internal/popo/building_blocks/condition_notifier.hpp
[13.927s] -- Installing: /work/ubuntu-ros2-dev/install/iceoryx_posh/include/iceoryx/v2.0.6/iceoryx_posh/internal/popo/building_blocks/chunk_receiver_data.hpp
[13.928s] -- Installing: /work/ubuntu-ros2-dev/install/iceoryx_posh/include/iceoryx/v2.0.6/iceoryx_posh/internal/popo/building_blocks/unique_port_id.hpp
[13.928s] -- Installing: /work/ubuntu-ros2-dev/install/iceoryx_posh/include/iceoryx/v2.0.6/iceoryx_posh/internal/popo/building_blocks/chunk_distributor_data.inl
[13.928s] -- Installing: /work/ubuntu-ros2-dev/install/iceoryx_posh/include/iceoryx/v2.0.6/iceoryx_posh/internal/popo/building_blocks/chunk_queue_data.hpp
[13.928s] -- Installing: /work/ubuntu-ros2-dev/install/iceoryx_posh/include/iceoryx/v2.0.6/iceoryx_posh/internal/popo/building_blocks/chunk_sender.hpp
[13.928s] -- Installing: /work/ubuntu-ros2-dev/install/iceoryx_posh/include/iceoryx/v2.0.6/iceoryx_posh/internal/popo/building_blocks/chunk_queue_pusher.inl
[13.928s] -- Installing: /work/ubuntu-ros2-dev/install/iceoryx_posh/include/iceoryx/v2.0.6/iceoryx_posh/internal/popo/building_blocks/chunk_receiver.inl
[13.928s] -- Installing: /work/ubuntu-ros2-dev/install/iceoryx_posh/include/iceoryx/v2.0.6/iceoryx_posh/internal/popo/building_blocks/locking_policy.hpp
[13.928s] -- Installing: /work/ubuntu-ros2-dev/install/iceoryx_posh/include/iceoryx/v2.0.6/iceoryx_posh/internal/popo/building_blocks/chunk_distributor_data.hpp
[13.928s] -- Installing: /work/ubuntu-ros2-dev/install/iceoryx_posh/include/iceoryx/v2.0.6/iceoryx_posh/internal/popo/building_blocks/chunk_queue_popper.hpp
[13.929s] -- Installing: /work/ubuntu-ros2-dev/install/iceoryx_posh/include/iceoryx/v2.0.6/iceoryx_posh/internal/popo/untyped_publisher_impl.hpp
[13.929s] -- Installing: /work/ubuntu-ros2-dev/install/iceoryx_posh/include/iceoryx/v2.0.6/iceoryx_posh/internal/popo/untyped_subscriber_impl.hpp
[13.929s] -- Installing: /work/ubuntu-ros2-dev/install/iceoryx_posh/include/iceoryx/v2.0.6/iceoryx_posh/internal/popo/request_deleter.hpp
[13.929s] -- Installing: /work/ubuntu-ros2-dev/install/iceoryx_posh/include/iceoryx/v2.0.6/iceoryx_posh/internal/popo/base_publisher.inl
[13.929s] -- Installing: /work/ubuntu-ros2-dev/install/iceoryx_posh/include/iceoryx/v2.0.6/iceoryx_posh/internal/popo/publisher_impl.inl
[13.929s] -- Installing: /work/ubuntu-ros2-dev/install/iceoryx_posh/include/iceoryx/v2.0.6/iceoryx_posh/internal/popo/sample_deleter.inl
[13.929s] -- Installing: /work/ubuntu-ros2-dev/install/iceoryx_posh/include/iceoryx/v2.0.6/iceoryx_posh/internal/popo/notification_info.inl
[13.929s] -- Installing: /work/ubuntu-ros2-dev/install/iceoryx_posh/include/iceoryx/v2.0.6/iceoryx_posh/internal/popo/wait_set.inl
[13.929s] -- Installing: /work/ubuntu-ros2-dev/install/iceoryx_posh/include/iceoryx/v2.0.6/iceoryx_posh/internal/popo/smart_chunk.hpp
[13.930s] -- Installing: /work/ubuntu-ros2-dev/install/iceoryx_posh/include/iceoryx/v2.0.6/iceoryx_posh/internal/popo/notification_callback.inl
[13.930s] -- Installing: /work/ubuntu-ros2-dev/install/iceoryx_posh/include/iceoryx/v2.0.6/iceoryx_posh/internal/popo/used_chunk_list.inl
[13.930s] -- Installing: /work/ubuntu-ros2-dev/install/iceoryx_posh/include/iceoryx/v2.0.6/iceoryx_posh/internal/popo/untyped_publisher_impl.inl
[13.930s] -- Installing: /work/ubuntu-ros2-dev/install/iceoryx_posh/include/iceoryx/v2.0.6/iceoryx_posh/internal/popo/subscriber_impl.inl
[13.930s] -- Installing: /work/ubuntu-ros2-dev/install/iceoryx_posh/include/iceoryx/v2.0.6/iceoryx_posh/internal/popo/rpc_interface.hpp
[13.930s] -- Installing: /work/ubuntu-ros2-dev/install/iceoryx_posh/include/iceoryx/v2.0.6/iceoryx_posh/internal/popo/trigger.inl
[13.930s] -- Installing: /work/ubuntu-ros2-dev/install/iceoryx_posh/include/iceoryx/v2.0.6/iceoryx_posh/internal/popo/sample_deleter.hpp
[13.930s] -- Installing: /work/ubuntu-ros2-dev/install/iceoryx_posh/include/iceoryx/v2.0.6/iceoryx_posh/internal/popo/untyped_client_impl.hpp
[13.930s] -- Installing: /work/ubuntu-ros2-dev/install/iceoryx_posh/include/iceoryx/v2.0.6/iceoryx_posh/internal/popo/response_deleter.hpp
[13.931s] -- Installing: /work/ubuntu-ros2-dev/install/iceoryx_posh/include/iceoryx/v2.0.6/iceoryx_posh/internal/popo/subscriber_impl.hpp
[13.931s] -- Installing: /work/ubuntu-ros2-dev/install/iceoryx_posh/include/iceoryx/v2.0.6/iceoryx_posh/internal/popo/base_server.hpp
[13.931s] -- Installing: /work/ubuntu-ros2-dev/install/iceoryx_posh/include/iceoryx/v2.0.6/iceoryx_posh/internal/popo/response.inl
[13.931s] -- Installing: /work/ubuntu-ros2-dev/install/iceoryx_posh/include/iceoryx/v2.0.6/iceoryx_posh/internal/popo/untyped_server_impl.hpp
[13.931s] -- Installing: /work/ubuntu-ros2-dev/install/iceoryx_posh/include/iceoryx/v2.0.6/iceoryx_posh/internal/popo/server_impl.inl
[13.931s] -- Installing: /work/ubuntu-ros2-dev/install/iceoryx_posh/include/iceoryx/v2.0.6/iceoryx_posh/internal/popo/notification_attorney.inl
[13.931s] -- Installing: /work/ubuntu-ros2-dev/install/iceoryx_posh/include/iceoryx/v2.0.6/iceoryx_posh/internal/popo/request_deleter.inl
[13.931s] -- Installing: /work/ubuntu-ros2-dev/install/iceoryx_posh/include/iceoryx/v2.0.6/iceoryx_posh/internal/gateway
[13.931s] -- Installing: /work/ubuntu-ros2-dev/install/iceoryx_posh/include/iceoryx/v2.0.6/iceoryx_posh/internal/gateway/gateway_generic.inl
[13.932s] -- Installing: /work/ubuntu-ros2-dev/install/iceoryx_posh/include/iceoryx/v2.0.6/iceoryx_posh/internal/gateway/channel.inl
[13.932s] -- Installing: /work/ubuntu-ros2-dev/install/iceoryx_posh/include/iceoryx/v2.0.6/iceoryx_posh/version
[13.932s] -- Installing: /work/ubuntu-ros2-dev/install/iceoryx_posh/include/iceoryx/v2.0.6/iceoryx_posh/version/compatibility_check_level.hpp
[13.932s] -- Installing: /work/ubuntu-ros2-dev/install/iceoryx_posh/include/iceoryx/v2.0.6/iceoryx_posh/version/version_info.hpp
[13.932s] -- Installing: /work/ubuntu-ros2-dev/install/iceoryx_posh/include/iceoryx/v2.0.6/iceoryx_posh/runtime
[13.932s] -- Installing: /work/ubuntu-ros2-dev/install/iceoryx_posh/include/iceoryx/v2.0.6/iceoryx_posh/runtime/posh_runtime_single_process.hpp
[13.932s] -- Installing: /work/ubuntu-ros2-dev/install/iceoryx_posh/include/iceoryx/v2.0.6/iceoryx_posh/runtime/node.hpp
[13.932s] -- Installing: /work/ubuntu-ros2-dev/install/iceoryx_posh/include/iceoryx/v2.0.6/iceoryx_posh/runtime/service_discovery.hpp
[13.932s] -- Installing: /work/ubuntu-ros2-dev/install/iceoryx_posh/include/iceoryx/v2.0.6/iceoryx_posh/runtime/port_config_info.hpp
[13.933s] -- Installing: /work/ubuntu-ros2-dev/install/iceoryx_posh/include/iceoryx/v2.0.6/iceoryx_posh/runtime/posh_runtime.hpp
[13.933s] -- Installing: /work/ubuntu-ros2-dev/install/iceoryx_posh/include/iceoryx/v2.0.6/iceoryx_posh/popo
[13.933s] -- Installing: /work/ubuntu-ros2-dev/install/iceoryx_posh/include/iceoryx/v2.0.6/iceoryx_posh/popo/notification_callback.hpp
[13.933s] -- Installing: /work/ubuntu-ros2-dev/install/iceoryx_posh/include/iceoryx/v2.0.6/iceoryx_posh/popo/untyped_subscriber.hpp
[13.933s] -- Installing: /work/ubuntu-ros2-dev/install/iceoryx_posh/include/iceoryx/v2.0.6/iceoryx_posh/popo/untyped_client.hpp
[13.933s] -- Installing: /work/ubuntu-ros2-dev/install/iceoryx_posh/include/iceoryx/v2.0.6/iceoryx_posh/popo/notification_attorney.hpp
[13.933s] -- Installing: /work/ubuntu-ros2-dev/install/iceoryx_posh/include/iceoryx/v2.0.6/iceoryx_posh/popo/trigger.hpp
[13.933s] -- Installing: /work/ubuntu-ros2-dev/install/iceoryx_posh/include/iceoryx/v2.0.6/iceoryx_posh/popo/request.hpp
[13.933s] -- Installing: /work/ubuntu-ros2-dev/install/iceoryx_posh/include/iceoryx/v2.0.6/iceoryx_posh/popo/subscriber.hpp
[13.934s] -- Installing: /work/ubuntu-ros2-dev/install/iceoryx_posh/include/iceoryx/v2.0.6/iceoryx_posh/popo/response.hpp
[13.934s] -- Installing: /work/ubuntu-ros2-dev/install/iceoryx_posh/include/iceoryx/v2.0.6/iceoryx_posh/popo/server.hpp
[13.934s] -- Installing: /work/ubuntu-ros2-dev/install/iceoryx_posh/include/iceoryx/v2.0.6/iceoryx_posh/popo/publisher_options.hpp
[13.934s] -- Installing: /work/ubuntu-ros2-dev/install/iceoryx_posh/include/iceoryx/v2.0.6/iceoryx_posh/popo/untyped_publisher.hpp
[13.934s] -- Installing: /work/ubuntu-ros2-dev/install/iceoryx_posh/include/iceoryx/v2.0.6/iceoryx_posh/popo/wait_set.hpp
[13.934s] -- Installing: /work/ubuntu-ros2-dev/install/iceoryx_posh/include/iceoryx/v2.0.6/iceoryx_posh/popo/subscriber_options.hpp
[13.934s] -- Installing: /work/ubuntu-ros2-dev/install/iceoryx_posh/include/iceoryx/v2.0.6/iceoryx_posh/popo/trigger_handle.hpp
[13.934s] -- Installing: /work/ubuntu-ros2-dev/install/iceoryx_posh/include/iceoryx/v2.0.6/iceoryx_posh/popo/untyped_server.hpp
[13.934s] -- Installing: /work/ubuntu-ros2-dev/install/iceoryx_posh/include/iceoryx/v2.0.6/iceoryx_posh/popo/sample.hpp
[13.935s] -- Installing: /work/ubuntu-ros2-dev/install/iceoryx_posh/include/iceoryx/v2.0.6/iceoryx_posh/popo/publisher.hpp
[13.935s] -- Installing: /work/ubuntu-ros2-dev/install/iceoryx_posh/include/iceoryx/v2.0.6/iceoryx_posh/popo/port_queue_policies.hpp
[13.935s] -- Installing: /work/ubuntu-ros2-dev/install/iceoryx_posh/include/iceoryx/v2.0.6/iceoryx_posh/popo/server_options.hpp
[13.935s] -- Installing: /work/ubuntu-ros2-dev/install/iceoryx_posh/include/iceoryx/v2.0.6/iceoryx_posh/popo/client.hpp
[13.935s] -- Installing: /work/ubuntu-ros2-dev/install/iceoryx_posh/include/iceoryx/v2.0.6/iceoryx_posh/popo/client_options.hpp
[13.935s] -- Installing: /work/ubuntu-ros2-dev/install/iceoryx_posh/include/iceoryx/v2.0.6/iceoryx_posh/popo/listener.hpp
[13.935s] -- Installing: /work/ubuntu-ros2-dev/install/iceoryx_posh/include/iceoryx/v2.0.6/iceoryx_posh/popo/user_trigger.hpp
[13.935s] -- Installing: /work/ubuntu-ros2-dev/install/iceoryx_posh/include/iceoryx/v2.0.6/iceoryx_posh/popo/rpc_header.hpp
[13.935s] -- Installing: /work/ubuntu-ros2-dev/install/iceoryx_posh/include/iceoryx/v2.0.6/iceoryx_posh/popo/enum_trigger_type.hpp
[13.935s] -- Installing: /work/ubuntu-ros2-dev/install/iceoryx_posh/include/iceoryx/v2.0.6/iceoryx_posh/popo/notification_info.hpp
[13.936s] -- Installing: /work/ubuntu-ros2-dev/install/iceoryx_posh/include/iceoryx/v2.0.6/iceoryx_posh/gateway
[13.936s] -- Installing: /work/ubuntu-ros2-dev/install/iceoryx_posh/include/iceoryx/v2.0.6/iceoryx_posh/gateway/gateway_generic.hpp
[13.936s] -- Installing: /work/ubuntu-ros2-dev/install/iceoryx_posh/include/iceoryx/v2.0.6/iceoryx_posh/gateway/gateway_discovery.hpp
[13.936s] -- Installing: /work/ubuntu-ros2-dev/install/iceoryx_posh/include/iceoryx/v2.0.6/iceoryx_posh/gateway/toml_gateway_config_parser.hpp
[13.936s] -- Installing: /work/ubuntu-ros2-dev/install/iceoryx_posh/include/iceoryx/v2.0.6/iceoryx_posh/gateway/channel.hpp
[13.936s] -- Installing: /work/ubuntu-ros2-dev/install/iceoryx_posh/include/iceoryx/v2.0.6/iceoryx_posh/gateway/gateway_config.hpp
[13.936s] -- Installing: /work/ubuntu-ros2-dev/install/iceoryx_posh/include/iceoryx/v2.0.6/iceoryx_posh/gateway/gateway_base.hpp
[13.936s] -- Installing: /work/ubuntu-ros2-dev/install/iceoryx_posh/include/iceoryx/v2.0.6/iceoryx_posh/iceoryx_posh_types.inl
[13.936s] -- Installing: /work/ubuntu-ros2-dev/install/iceoryx_posh/include/iceoryx/v2.0.6/iceoryx_posh/iceoryx_posh_config.hpp
[13.937s] -- Installing: /work/ubuntu-ros2-dev/install/iceoryx_posh/lib/cmake/iceoryx_posh/iceoryx_poshConfigVersion.cmake
[13.937s] -- Installing: /work/ubuntu-ros2-dev/install/iceoryx_posh/lib/cmake/iceoryx_posh/iceoryx_poshConfig.cmake
[13.937s] -- Installing: /work/ubuntu-ros2-dev/install/iceoryx_posh/lib/cmake/iceoryx_posh/iceoryx_poshTargets.cmake
[13.937s] -- Installing: /work/ubuntu-ros2-dev/install/iceoryx_posh/lib/cmake/iceoryx_posh/iceoryx_poshTargets-noconfig.cmake
[13.937s] -- Installing: /work/ubuntu-ros2-dev/install/iceoryx_posh/include/iceoryx/v2.0.6/iceoryx_posh/iceoryx_posh_deployment.hpp
[13.937s] -- Installing: /work/ubuntu-ros2-dev/install/iceoryx_posh/lib/cmake/iceoryx_posh/IceoryxPoshDeployment.cmake
[13.939s] Invoked command in '/work/ubuntu-ros2-dev/build/iceoryx_posh' returned '0': CMAKE_PREFIX_PATH=/work/ubuntu-ros2-dev/install/iceoryx_hoofs LD_LIBRARY_PATH=/work/ubuntu-ros2-dev/install/iceoryx_hoofs/lib PKG_CONFIG_PATH=/work/ubuntu-ros2-dev/install/iceoryx_hoofs/lib/aarch64-linux-gnu/pkgconfig:/work/ubuntu-ros2-dev/install/iceoryx_hoofs/lib/pkgconfig /usr/bin/cmake --install /work/ubuntu-ros2-dev/build/iceoryx_posh
