-- The C compiler identification is GNU 11.4.0
-- The CXX compiler identification is GNU 11.4.0
-- Detecting C compiler ABI info
-- Detecting C compiler ABI info - done
-- Check for working C compiler: /usr/bin/cc - skipped
-- Detecting C compile features
-- Detecting C compile features - done
-- Detecting CXX compiler ABI info
-- Detecting CXX compiler ABI info - done
-- Check for working CXX compiler: /usr/bin/c++ - skipped
-- Detecting CXX compile features
-- Detecting CXX compile features - done
-- Found ament_cmake: 2.5.2 (/work/ubuntu-ros2-dev/install/ament_cmake/share/ament_cmake/cmake)
-- Found Python3: /usr/bin/python3 (found version "3.10.12") found components: Interpreter 
-- Override CMake install command with custom implementation using symlinks instead of copying resources
-- Found ament_lint_auto: 0.17.1 (/work/ubuntu-ros2-dev/install/ament_lint_auto/share/ament_lint_auto/cmake)
-- Added test 'flake8' to check Python code syntax and style conventions
-- Configured 'flake8' exclude dirs and/or files: 
-- Added test 'lint_cmake' to check CMake code style
-- Added test 'pep257' to check Python code against some of the docstring style conventions in PEP 257
-- Added test 'xmllint' to check XML markup files
-- Configuring done
-- Generating done
-- Build files have been written to: /work/ubuntu-ros2-dev/build/qt_gui_py_common
Built target ament_cmake_python_symlink_qt_gui_py_common
running egg_info
creating qt_gui_py_common.egg-info
writing qt_gui_py_common.egg-info/PKG-INFO
writing dependency_links to qt_gui_py_common.egg-info/dependency_links.txt
writing top-level names to qt_gui_py_common.egg-info/top_level.txt
writing manifest file 'qt_gui_py_common.egg-info/SOURCES.txt'
reading manifest file 'qt_gui_py_common.egg-info/SOURCES.txt'
writing manifest file 'qt_gui_py_common.egg-info/SOURCES.txt'
Built target ament_cmake_python_build_qt_gui_py_common_egg
-- Install configuration: ""
-- Execute custom install script
-- Symlinking: /work/ubuntu-ros2-dev/install/qt_gui_py_common/share/qt_gui_py_common/environment/pythonpath.sh
-- Symlinking: /work/ubuntu-ros2-dev/install/qt_gui_py_common/share/qt_gui_py_common/environment/pythonpath.dsv
-- Symlinking: /work/ubuntu-ros2-dev/install/qt_gui_py_common/lib/python3.10/site-packages/qt_gui_py_common-2.7.4-py3.10.egg-info/PKG-INFO
-- Symlinking: /work/ubuntu-ros2-dev/install/qt_gui_py_common/lib/python3.10/site-packages/qt_gui_py_common-2.7.4-py3.10.egg-info/SOURCES.txt
-- Symlinking: /work/ubuntu-ros2-dev/install/qt_gui_py_common/lib/python3.10/site-packages/qt_gui_py_common-2.7.4-py3.10.egg-info/dependency_links.txt
-- Symlinking: /work/ubuntu-ros2-dev/install/qt_gui_py_common/lib/python3.10/site-packages/qt_gui_py_common-2.7.4-py3.10.egg-info/top_level.txt
-- Symlinking: /work/ubuntu-ros2-dev/install/qt_gui_py_common/lib/python3.10/site-packages/qt_gui_py_common/__init__.py
-- Symlinking: /work/ubuntu-ros2-dev/install/qt_gui_py_common/lib/python3.10/site-packages/qt_gui_py_common/checkbox_group.py
-- Symlinking: /work/ubuntu-ros2-dev/install/qt_gui_py_common/lib/python3.10/site-packages/qt_gui_py_common/console_text_edit.py
-- Symlinking: /work/ubuntu-ros2-dev/install/qt_gui_py_common/lib/python3.10/site-packages/qt_gui_py_common/exclusive_options_group.py
-- Symlinking: /work/ubuntu-ros2-dev/install/qt_gui_py_common/lib/python3.10/site-packages/qt_gui_py_common/simple_settings_dialog.py
-- Symlinking: /work/ubuntu-ros2-dev/install/qt_gui_py_common/lib/python3.10/site-packages/qt_gui_py_common/worker_thread.py
-- Symlinking: /work/ubuntu-ros2-dev/install/qt_gui_py_common/share/qt_gui_py_common/resource/simple_settings_dialog.ui
-- Symlinking: /work/ubuntu-ros2-dev/install/qt_gui_py_common/share/ament_index/resource_index/package_run_dependencies/qt_gui_py_common
-- Symlinking: /work/ubuntu-ros2-dev/install/qt_gui_py_common/share/ament_index/resource_index/parent_prefix_path/qt_gui_py_common
-- Symlinking: /work/ubuntu-ros2-dev/install/qt_gui_py_common/share/qt_gui_py_common/environment/ament_prefix_path.sh
-- Symlinking: /work/ubuntu-ros2-dev/install/qt_gui_py_common/share/qt_gui_py_common/environment/ament_prefix_path.dsv
-- Symlinking: /work/ubuntu-ros2-dev/install/qt_gui_py_common/share/qt_gui_py_common/environment/path.sh
-- Symlinking: /work/ubuntu-ros2-dev/install/qt_gui_py_common/share/qt_gui_py_common/environment/path.dsv
-- Symlinking: /work/ubuntu-ros2-dev/install/qt_gui_py_common/share/qt_gui_py_common/local_setup.bash
-- Symlinking: /work/ubuntu-ros2-dev/install/qt_gui_py_common/share/qt_gui_py_common/local_setup.sh
-- Symlinking: /work/ubuntu-ros2-dev/install/qt_gui_py_common/share/qt_gui_py_common/local_setup.zsh
-- Symlinking: /work/ubuntu-ros2-dev/install/qt_gui_py_common/share/qt_gui_py_common/local_setup.dsv
-- Symlinking: /work/ubuntu-ros2-dev/install/qt_gui_py_common/share/qt_gui_py_common/package.dsv
-- Symlinking: /work/ubuntu-ros2-dev/install/qt_gui_py_common/share/ament_index/resource_index/packages/qt_gui_py_common
-- Symlinking: /work/ubuntu-ros2-dev/install/qt_gui_py_common/share/qt_gui_py_common/cmake/qt_gui_py_commonConfig.cmake
-- Symlinking: /work/ubuntu-ros2-dev/install/qt_gui_py_common/share/qt_gui_py_common/cmake/qt_gui_py_commonConfig-version.cmake
-- Symlinking: /work/ubuntu-ros2-dev/install/qt_gui_py_common/share/qt_gui_py_common/package.xml
Listing '/work/ubuntu-ros2-dev/install/qt_gui_py_common/lib/python3.10/site-packages/qt_gui_py_common'...
Compiling '/work/ubuntu-ros2-dev/install/qt_gui_py_common/lib/python3.10/site-packages/qt_gui_py_common/__init__.py'...
Compiling '/work/ubuntu-ros2-dev/install/qt_gui_py_common/lib/python3.10/site-packages/qt_gui_py_common/checkbox_group.py'...
Compiling '/work/ubuntu-ros2-dev/install/qt_gui_py_common/lib/python3.10/site-packages/qt_gui_py_common/console_text_edit.py'...
Compiling '/work/ubuntu-ros2-dev/install/qt_gui_py_common/lib/python3.10/site-packages/qt_gui_py_common/exclusive_options_group.py'...
Compiling '/work/ubuntu-ros2-dev/install/qt_gui_py_common/lib/python3.10/site-packages/qt_gui_py_common/simple_settings_dialog.py'...
Compiling '/work/ubuntu-ros2-dev/install/qt_gui_py_common/lib/python3.10/site-packages/qt_gui_py_common/worker_thread.py'...
