-- The C compiler identification is GNU 11.4.0
-- The CXX compiler identification is GNU 11.4.0
-- Detecting C compiler ABI info
-- Detecting C compiler ABI info - done
-- Check for working C compiler: /usr/bin/cc - skipped
-- Detecting C compile features
-- Detecting C compile features - done
-- Detecting CXX compiler ABI info
-- Detecting CXX compiler ABI info - done
-- Check for working CXX compiler: /usr/bin/c++ - skipped
-- Detecting CXX compile features
-- Detecting CXX compile features - done
-- Found ament_cmake: 2.5.2 (/work/ubuntu-ros2-dev/install/ament_cmake/share/ament_cmake/cmake)
-- Found Python3: /usr/bin/python3 (found version "3.10.12") found components: Interpreter 
-- Override CMake install command with custom implementation using symlinks instead of copying resources
-- Found pluginlib: 5.4.2 (/work/ubuntu-ros2-dev/install/pluginlib/share/pluginlib/cmake)
-- Found rosbag2_compression: 0.26.5 (/work/ubuntu-ros2-dev/install/rosbag2_compression/share/rosbag2_compression/cmake)
-- Found rosidl_generator_c: 4.6.4 (/work/ubuntu-ros2-dev/install/rosidl_generator_c/share/rosidl_generator_c/cmake)
-- Found rosidl_generator_cpp: 4.6.4 (/work/ubuntu-ros2-dev/install/rosidl_generator_cpp/share/rosidl_generator_cpp/cmake)
-- Using all available rosidl_typesupport_c: rosidl_typesupport_fastrtps_c;rosidl_typesupport_introspection_c
-- Using all available rosidl_typesupport_cpp: rosidl_typesupport_introspection_cpp;rosidl_typesupport_fastrtps_cpp
-- Found rmw_implementation_cmake: 7.3.1 (/work/ubuntu-ros2-dev/install/rmw_implementation_cmake/share/rmw_implementation_cmake/cmake)
-- Found rmw_fastrtps_cpp: 8.4.1 (/work/ubuntu-ros2-dev/install/rmw_fastrtps_cpp/share/rmw_fastrtps_cpp/cmake)
-- Found TinyXML2 via Config file: TinyXML2_DIR-NOTFOUND
-- Found OpenSSL: /usr/lib/aarch64-linux-gnu/libcrypto.so (found version "3.0.2")  
-- Found TinyXML2 via Config file: TinyXML2_DIR-NOTFOUND
-- Found FastRTPS: /work/ubuntu-ros2-dev/install/fastrtps/include (Required is at least version "2.13") 
-- Found TinyXML2 via Config file: TinyXML2_DIR-NOTFOUND
-- Found TinyXML2 via Config file: TinyXML2_DIR-NOTFOUND
-- Using RMW implementation 'rmw_fastrtps_cpp' as default
-- Setting yaml-cpp_DIR to: '/work/ubuntu-ros2-dev/install/yaml_cpp_vendor/share/yaml_cpp_vendor/cmake/../../../opt/yaml_cpp_vendor/share/cmake/yaml-cpp'
-- Found zstd_vendor: 0.26.5 (/work/ubuntu-ros2-dev/install/zstd_vendor/share/zstd_vendor/cmake)
-- Found zstd: /work/ubuntu-ros2-dev/install/zstd_vendor/opt/zstd_vendor/lib/libzstd.so (found version "1.5.5") 
-- Found ament_cmake_gmock: 2.5.2 (/work/ubuntu-ros2-dev/install/ament_cmake_gmock/share/ament_cmake_gmock/cmake)
-- Found ament_lint_auto: 0.17.1 (/work/ubuntu-ros2-dev/install/ament_lint_auto/share/ament_lint_auto/cmake)
-- Found rosbag2_test_common: 0.26.5 (/work/ubuntu-ros2-dev/install/rosbag2_test_common/share/rosbag2_test_common/cmake)
-- Found gmock sources under '/work/ubuntu-ros2-dev/install/gmock_vendor/src/gmock_vendor': C++ tests using 'Google Mock' will be built
-- Found ament_cmake_gtest: 2.5.2 (/work/ubuntu-ros2-dev/install/ament_cmake_gtest/share/ament_cmake_gtest/cmake)
-- Found gtest sources under '/work/ubuntu-ros2-dev/install/gtest_vendor/src/gtest_vendor': C++ tests using 'Google Test' will be built
-- Added test 'copyright' to check source files copyright and LICENSE
-- Added test 'cppcheck' to perform static code analysis on C / C++ code
-- Configured cppcheck include dirs: $<BUILD_INTERFACE:/work/ubuntu-ros2-dev/src/ros2/rosbag2/rosbag2_compression_zstd/include>
-- Configured cppcheck exclude dirs and/or files: 
-- Added test 'cpplint' to check C / C++ code against the Google style
-- Configured cpplint exclude dirs and/or files: 
-- Added test 'lint_cmake' to check CMake code style
-- Added test 'uncrustify' to check C / C++ code style
-- Configured uncrustify additional arguments: 
-- Added test 'xmllint' to check XML markup files
-- Configuring done
-- Generating done
-- Build files have been written to: /work/ubuntu-ros2-dev/build/rosbag2_compression_zstd
[  9%] [32mBuilding CXX object CMakeFiles/rosbag2_compression_zstd.dir/src/rosbag2_compression_zstd/compression_utils.cpp.o[0m
[ 18%] [32mBuilding CXX object CMakeFiles/rosbag2_compression_zstd.dir/src/rosbag2_compression_zstd/zstd_decompressor.cpp.o[0m
[ 27%] [32mBuilding CXX object CMakeFiles/rosbag2_compression_zstd.dir/src/rosbag2_compression_zstd/zstd_compressor.cpp.o[0m
[ 36%] [32m[1mLinking CXX shared library librosbag2_compression_zstd.so[0m
[ 36%] Built target rosbag2_compression_zstd
[ 45%] [32mBuilding CXX object gmock/CMakeFiles/gmock.dir/work/ubuntu-ros2-dev/install/gtest_vendor/src/gtest_vendor/src/gtest-all.cc.o[0m
[ 54%] [32mBuilding CXX object gmock/CMakeFiles/gmock.dir/src/gmock-all.cc.o[0m
[ 63%] [32m[1mLinking CXX static library libgmock.a[0m
[ 63%] Built target gmock
[ 72%] [32mBuilding CXX object gmock/CMakeFiles/gmock_main.dir/src/gmock_main.cc.o[0m
[ 81%] [32m[1mLinking CXX static library libgmock_main.a[0m
[ 81%] Built target gmock_main
[ 90%] [32mBuilding CXX object CMakeFiles/test_zstd_compressor.dir/test/rosbag2_compression_zstd/test_zstd_compressor.cpp.o[0m
[100%] [32m[1mLinking CXX executable test_zstd_compressor[0m
[100%] Built target test_zstd_compressor
-- Install configuration: ""
-- Execute custom install script
-- Symlinking: /work/ubuntu-ros2-dev/install/rosbag2_compression_zstd/share/rosbag2_compression_zstd//plugin_description.xml
-- Symlinking: /work/ubuntu-ros2-dev/install/rosbag2_compression_zstd/include/rosbag2_compression_zstd/rosbag2_compression_zstd/visibility_control.hpp
-- Symlinking: /work/ubuntu-ros2-dev/install/rosbag2_compression_zstd/include/rosbag2_compression_zstd/rosbag2_compression_zstd/zstd_compressor.hpp
-- Symlinking: /work/ubuntu-ros2-dev/install/rosbag2_compression_zstd/include/rosbag2_compression_zstd/rosbag2_compression_zstd/zstd_decompressor.hpp
-- Symlinking: /work/ubuntu-ros2-dev/install/rosbag2_compression_zstd/share/rosbag2_compression_zstd/environment/library_path.sh
-- Symlinking: /work/ubuntu-ros2-dev/install/rosbag2_compression_zstd/share/rosbag2_compression_zstd/environment/library_path.dsv
-- Symlinking: /work/ubuntu-ros2-dev/install/rosbag2_compression_zstd/share/ament_index/resource_index/package_run_dependencies/rosbag2_compression_zstd
-- Symlinking: /work/ubuntu-ros2-dev/install/rosbag2_compression_zstd/share/ament_index/resource_index/parent_prefix_path/rosbag2_compression_zstd
-- Symlinking: /work/ubuntu-ros2-dev/install/rosbag2_compression_zstd/share/rosbag2_compression_zstd/environment/ament_prefix_path.sh
-- Symlinking: /work/ubuntu-ros2-dev/install/rosbag2_compression_zstd/share/rosbag2_compression_zstd/environment/ament_prefix_path.dsv
-- Symlinking: /work/ubuntu-ros2-dev/install/rosbag2_compression_zstd/share/rosbag2_compression_zstd/environment/path.sh
-- Symlinking: /work/ubuntu-ros2-dev/install/rosbag2_compression_zstd/share/rosbag2_compression_zstd/environment/path.dsv
-- Symlinking: /work/ubuntu-ros2-dev/install/rosbag2_compression_zstd/share/rosbag2_compression_zstd/local_setup.bash
-- Symlinking: /work/ubuntu-ros2-dev/install/rosbag2_compression_zstd/share/rosbag2_compression_zstd/local_setup.sh
-- Symlinking: /work/ubuntu-ros2-dev/install/rosbag2_compression_zstd/share/rosbag2_compression_zstd/local_setup.zsh
-- Symlinking: /work/ubuntu-ros2-dev/install/rosbag2_compression_zstd/share/rosbag2_compression_zstd/local_setup.dsv
-- Symlinking: /work/ubuntu-ros2-dev/install/rosbag2_compression_zstd/share/rosbag2_compression_zstd/package.dsv
-- Symlinking: /work/ubuntu-ros2-dev/install/rosbag2_compression_zstd/share/ament_index/resource_index/packages/rosbag2_compression_zstd
-- Symlinking: /work/ubuntu-ros2-dev/install/rosbag2_compression_zstd/share/ament_index/resource_index/rosbag2_compression__pluginlib__plugin/rosbag2_compression_zstd
-- Symlinking: /work/ubuntu-ros2-dev/install/rosbag2_compression_zstd/share/rosbag2_compression_zstd/cmake/ament_cmake_export_include_directories-extras.cmake
-- Symlinking: /work/ubuntu-ros2-dev/install/rosbag2_compression_zstd/share/rosbag2_compression_zstd/cmake/ament_cmake_export_libraries-extras.cmake
-- Symlinking: /work/ubuntu-ros2-dev/install/rosbag2_compression_zstd/share/rosbag2_compression_zstd/cmake/ament_cmake_export_targets-extras.cmake
-- Symlinking: /work/ubuntu-ros2-dev/install/rosbag2_compression_zstd/share/rosbag2_compression_zstd/cmake/ament_cmake_export_dependencies-extras.cmake
-- Symlinking: /work/ubuntu-ros2-dev/install/rosbag2_compression_zstd/share/rosbag2_compression_zstd/cmake/rosbag2_compression_zstdConfig.cmake
-- Symlinking: /work/ubuntu-ros2-dev/install/rosbag2_compression_zstd/share/rosbag2_compression_zstd/cmake/rosbag2_compression_zstdConfig-version.cmake
-- Symlinking: /work/ubuntu-ros2-dev/install/rosbag2_compression_zstd/share/rosbag2_compression_zstd/package.xml
-- Installing: /work/ubuntu-ros2-dev/install/rosbag2_compression_zstd/lib/librosbag2_compression_zstd.so
-- Set runtime path of "/work/ubuntu-ros2-dev/install/rosbag2_compression_zstd/lib/librosbag2_compression_zstd.so" to ""
-- Installing: /work/ubuntu-ros2-dev/install/rosbag2_compression_zstd/share/rosbag2_compression_zstd/cmake/export_rosbag2_compression_zstdExport.cmake
-- Installing: /work/ubuntu-ros2-dev/install/rosbag2_compression_zstd/share/rosbag2_compression_zstd/cmake/export_rosbag2_compression_zstdExport-noconfig.cmake
