running develop
running egg_info
creating src/rqt_plot.egg-info
writing src/rqt_plot.egg-info/PKG-INFO
writing dependency_links to src/rqt_plot.egg-info/dependency_links.txt
writing entry points to src/rqt_plot.egg-info/entry_points.txt
writing requirements to src/rqt_plot.egg-info/requires.txt
writing top-level names to src/rqt_plot.egg-info/top_level.txt
writing manifest file 'src/rqt_plot.egg-info/SOURCES.txt'
reading manifest file 'src/rqt_plot.egg-info/SOURCES.txt'
writing manifest file 'src/rqt_plot.egg-info/SOURCES.txt'
running build_ext
Creating /work/ubuntu-ros2-dev/install/rqt_plot/lib/python3.10/site-packages/rqt-plot.egg-link (link to src)
Installing rqt_plot script to /work/ubuntu-ros2-dev/install/rqt_plot/lib/rqt_plot

Installed /work/ubuntu-ros2-dev/build/rqt_plot/src
running symlink_data
creating /work/ubuntu-ros2-dev/install/rqt_plot/share/ament_index
creating /work/ubuntu-ros2-dev/install/rqt_plot/share/ament_index/resource_index
creating /work/ubuntu-ros2-dev/install/rqt_plot/share/ament_index/resource_index/packages
symbolically linking /work/ubuntu-ros2-dev/build/rqt_plot/resource/rqt_plot -> /work/ubuntu-ros2-dev/install/rqt_plot/share/ament_index/resource_index/packages
creating /work/ubuntu-ros2-dev/install/rqt_plot/share/rqt_plot/resource
symbolically linking /work/ubuntu-ros2-dev/build/rqt_plot/resource/plot.ui -> /work/ubuntu-ros2-dev/install/rqt_plot/share/rqt_plot/resource
symbolically linking /work/ubuntu-ros2-dev/build/rqt_plot/package.xml -> /work/ubuntu-ros2-dev/install/rqt_plot/share/rqt_plot
symbolically linking /work/ubuntu-ros2-dev/build/rqt_plot/plugin.xml -> /work/ubuntu-ros2-dev/install/rqt_plot/share/rqt_plot
