running develop
/usr/lib/python3/dist-packages/setuptools/command/easy_install.py:158: EasyInstallDeprecationWarning: easy_install command is deprecated. Use build and pip and other standards-based tools.
  warnings.warn(
running egg_info
creating src/rqt_gui.egg-info
writing src/rqt_gui.egg-info/PKG-INFO
writing dependency_links to src/rqt_gui.egg-info/dependency_links.txt
writing entry points to src/rqt_gui.egg-info/entry_points.txt
writing requirements to src/rqt_gui.egg-info/requires.txt
writing top-level names to src/rqt_gui.egg-info/top_level.txt
writing manifest file 'src/rqt_gui.egg-info/SOURCES.txt'
reading manifest file 'src/rqt_gui.egg-info/SOURCES.txt'
writing manifest file 'src/rqt_gui.egg-info/SOURCES.txt'
running build_ext
Creating /work/ubuntu-ros2-dev/install/rqt_gui/lib/python3.10/site-packages/rqt-gui.egg-link (link to src)
Installing rqt script to /work/ubuntu-ros2-dev/install/rqt_gui/bin

Installed /work/ubuntu-ros2-dev/build/rqt_gui/src
running symlink_data
creating /work/ubuntu-ros2-dev/install/rqt_gui/share/rqt_gui/resource
symbolically linking /work/ubuntu-ros2-dev/build/rqt_gui/resource/rqt.graffle -> /work/ubuntu-ros2-dev/install/rqt_gui/share/rqt_gui/resource
symbolically linking /work/ubuntu-ros2-dev/build/rqt_gui/resource/rqt.png -> /work/ubuntu-ros2-dev/install/rqt_gui/share/rqt_gui/resource
symbolically linking /work/ubuntu-ros2-dev/build/rqt_gui/resource/rqt.svg -> /work/ubuntu-ros2-dev/install/rqt_gui/share/rqt_gui/resource
creating /work/ubuntu-ros2-dev/install/rqt_gui/share/ament_index
creating /work/ubuntu-ros2-dev/install/rqt_gui/share/ament_index/resource_index
creating /work/ubuntu-ros2-dev/install/rqt_gui/share/ament_index/resource_index/packages
symbolically linking /work/ubuntu-ros2-dev/build/rqt_gui/resource/rqt_gui -> /work/ubuntu-ros2-dev/install/rqt_gui/share/ament_index/resource_index/packages
symbolically linking /work/ubuntu-ros2-dev/build/rqt_gui/package.xml -> /work/ubuntu-ros2-dev/install/rqt_gui/share/rqt_gui
creating /work/ubuntu-ros2-dev/install/rqt_gui/lib/rqt_gui
symbolically linking /work/ubuntu-ros2-dev/build/rqt_gui/bin/rqt_gui -> /work/ubuntu-ros2-dev/install/rqt_gui/lib/rqt_gui
