-- The C compiler identification is GNU 11.4.0
-- The CXX compiler identification is GNU 11.4.0
-- Detecting C compiler ABI info
-- Detecting C compiler ABI info - done
-- Check for working C compiler: /usr/bin/cc - skipped
-- Detecting C compile features
-- Detecting C compile features - done
-- Detecting CXX compiler ABI info
-- Detecting CXX compiler ABI info - done
-- Check for working CXX compiler: /usr/bin/c++ - skipped
-- Detecting CXX compile features
-- Detecting CXX compile features - done
-- Performing Test R-pedantic
-- Performing Test R-pedantic - Success
-- Performing Test R-Wno-long-long
-- Performing Test R-Wno-long-long - Success
-- Performing Test R-Wall
-- Performing Test R-Wall - Success
-- Performing Test R-Wextra
-- Performing Test R-Wextra - Success
-- Performing Test R-Wcast-qual
-- Performing Test R-Wcast-qual - Success
-- Performing Test R-Wformat
-- Performing Test R-Wformat - Success
-- Performing Test R-Wwrite-strings
-- Performing Test R-Wwrite-strings - Success
-- Performing Test R-Wcast-align
-- Performing Test R-Wcast-align - Success
-- Performing Test R-Wno-error=cast-align
-- Performing Test R-Wno-error=cast-align - Success
-- Performing Test R-Wmissing-declarations
-- Performing Test R-Wmissing-declarations - Success
-- Performing Test R-Wconversion
-- Performing Test R-Wconversion - Success
-- Found ament_cmake_ros: 0.12.0 (/work/ubuntu-ros2-dev/install/ament_cmake_ros/share/ament_cmake_ros/cmake)
-- Found Python3: /usr/bin/python3 (found version "3.10.12") found components: Interpreter 
-- Override CMake install command with custom implementation using symlinks instead of copying resources
-- Found builtin_interfaces: 2.0.2 (/work/ubuntu-ros2-dev/install/builtin_interfaces/share/builtin_interfaces/cmake)
-- Found rosidl_generator_c: 4.6.4 (/work/ubuntu-ros2-dev/install/rosidl_generator_c/share/rosidl_generator_c/cmake)
-- Found rosidl_generator_cpp: 4.6.4 (/work/ubuntu-ros2-dev/install/rosidl_generator_cpp/share/rosidl_generator_cpp/cmake)
-- Using all available rosidl_typesupport_c: rosidl_typesupport_fastrtps_c;rosidl_typesupport_introspection_c
-- Using all available rosidl_typesupport_cpp: rosidl_typesupport_introspection_cpp;rosidl_typesupport_fastrtps_cpp
-- Found rcl: 9.2.4 (/work/ubuntu-ros2-dev/install/rcl/share/rcl/cmake)
-- Found rmw_implementation_cmake: 7.3.1 (/work/ubuntu-ros2-dev/install/rmw_implementation_cmake/share/rmw_implementation_cmake/cmake)
-- Found rmw_fastrtps_cpp: 8.4.1 (/work/ubuntu-ros2-dev/install/rmw_fastrtps_cpp/share/rmw_fastrtps_cpp/cmake)
-- Found OpenSSL: /usr/lib/aarch64-linux-gnu/libcrypto.so (found version "3.0.2")  
-- Found FastRTPS: /work/ubuntu-ros2-dev/install/fastrtps/include (Required is at least version "2.13") 
-- Using RMW implementation 'rmw_fastrtps_cpp' as default
-- Found statistics_msgs: 2.0.2 (/work/ubuntu-ros2-dev/install/statistics_msgs/share/statistics_msgs/cmake)
-- Found ament_lint_auto: 0.17.1 (/work/ubuntu-ros2-dev/install/ament_lint_auto/share/ament_lint_auto/cmake)
-- Found performance_test_fixture: 0.2.1 (/work/ubuntu-ros2-dev/install/performance_test_fixture/share/performance_test_fixture/cmake)
-- Found rosidl_default_generators: 1.6.0 (/work/ubuntu-ros2-dev/install/rosidl_default_generators/share/rosidl_default_generators/cmake)
-- Found rosidl_adapter: 4.6.4 (/work/ubuntu-ros2-dev/install/rosidl_adapter/share/rosidl_adapter/cmake)
-- Found std_msgs: 5.3.5 (/work/ubuntu-ros2-dev/install/std_msgs/share/std_msgs/cmake)
-- Found gtest sources under '/work/ubuntu-ros2-dev/install/gtest_vendor/src/gtest_vendor': C++ tests using 'Google Test' will be built
-- Found Threads: TRUE  
-- Using all available rosidl_typesupport_c: rosidl_typesupport_fastrtps_c;rosidl_typesupport_introspection_c
-- Using all available rosidl_typesupport_cpp: rosidl_typesupport_introspection_cpp;rosidl_typesupport_fastrtps_cpp
-- Found python_cmake_module: 0.11.1 (/work/ubuntu-ros2-dev/install/python_cmake_module/share/python_cmake_module/cmake)
-- Found PythonExtra: /usr/bin/python3  
-- Found Python3: /usr/bin/python3 (found version "3.10.12") found components: Interpreter Development NumPy Development.Module Development.Embed 
-- Performance tests are disabled by default, so Google Benchmark tests will be skipped. To enable these tests, set the CMake variable 'AMENT_RUN_PERFORMANCE_TESTS'.
-- Added test 'copyright' to check source files copyright and LICENSE
-- Added test 'cppcheck' to perform static code analysis on C / C++ code
-- Configured cppcheck include dirs: $<BUILD_INTERFACE:/work/ubuntu-ros2-dev/src/ros-tooling/libstatistics_collector/include>
-- Configured cppcheck exclude dirs and/or files: 
-- Added test 'cpplint' to check C / C++ code against the Google style
-- Configured cpplint exclude dirs and/or files: 
-- Added test 'lint_cmake' to check CMake code style
-- Added test 'uncrustify' to check C / C++ code style
-- Configured uncrustify additional arguments: 
-- Added test 'xmllint' to check XML markup files
-- Configuring done
-- Generating done
-- Build files have been written to: /work/ubuntu-ros2-dev/build/libstatistics_collector
[  1%] [32mBuilding CXX object CMakeFiles/libstatistics_collector.dir/src/libstatistics_collector/collector/collector.cpp.o[0m
[  3%] [32mBuilding CXX object CMakeFiles/libstatistics_collector.dir/src/libstatistics_collector/moving_average_statistics/types.cpp.o[0m
[  4%] [32mBuilding CXX object CMakeFiles/libstatistics_collector.dir/src/libstatistics_collector/moving_average_statistics/moving_average.cpp.o[0m
[  6%] [32mBuilding CXX object CMakeFiles/libstatistics_collector.dir/src/libstatistics_collector/collector/generate_statistics_message.cpp.o[0m
[  7%] [32m[1mLinking CXX shared library liblibstatistics_collector.so[0m
[  7%] Built target libstatistics_collector
[  9%] [34m[1mGenerating type hashes for ROS interfaces[0m
[  9%] Built target libstatistics_collector_test_msgs__rosidl_generator_type_description
[ 11%] [32mBuilding CXX object CMakeFiles/benchmark_iterative.dir/test/benchmark/benchmark_iterative.cpp.o[0m
[ 12%] [32m[1mLinking CXX executable benchmark_iterative[0m
[ 12%] Built target benchmark_iterative
[ 14%] [34m[1mGenerating C code for ROS interfaces[0m
[ 15%] [32mBuilding C object CMakeFiles/libstatistics_collector_test_msgs__rosidl_generator_c.dir/rosidl_generator_c/libstatistics_collector/msg/detail/dummy_message__description.c.o[0m
[ 17%] [32mBuilding C object CMakeFiles/libstatistics_collector_test_msgs__rosidl_generator_c.dir/rosidl_generator_c/libstatistics_collector/msg/detail/dummy_custom_header_message__functions.c.o[0m
[ 19%] [32mBuilding C object CMakeFiles/libstatistics_collector_test_msgs__rosidl_generator_c.dir/rosidl_generator_c/libstatistics_collector/msg/detail/dummy_custom_header_message__type_support.c.o[0m
[ 20%] [32mBuilding C object CMakeFiles/libstatistics_collector_test_msgs__rosidl_generator_c.dir/rosidl_generator_c/libstatistics_collector/msg/detail/dummy_custom_header_message__description.c.o[0m
[ 22%] [32mBuilding C object CMakeFiles/libstatistics_collector_test_msgs__rosidl_generator_c.dir/rosidl_generator_c/libstatistics_collector/msg/detail/dummy_message__type_support.c.o[0m
[ 23%] [32mBuilding C object CMakeFiles/libstatistics_collector_test_msgs__rosidl_generator_c.dir/rosidl_generator_c/libstatistics_collector/msg/detail/dummy_message__functions.c.o[0m
[ 25%] [32m[1mLinking C shared library liblibstatistics_collector_test_msgs__rosidl_generator_c.so[0m
[ 25%] Built target libstatistics_collector_test_msgs__rosidl_generator_c
[ 26%] [34m[1mGenerating C++ code for ROS interfaces[0m
[ 26%] Built target libstatistics_collector_test_msgs__cpp
[ 28%] [34m[1mGenerating C type support for eProsima Fast-RTPS[0m
[ 30%] [32mBuilding CXX object CMakeFiles/libstatistics_collector_test_msgs__rosidl_typesupport_fastrtps_c.dir/rosidl_typesupport_fastrtps_c/libstatistics_collector/msg/detail/dummy_message__type_support_c.cpp.o[0m
[ 31%] [32mBuilding CXX object CMakeFiles/libstatistics_collector_test_msgs__rosidl_typesupport_fastrtps_c.dir/rosidl_typesupport_fastrtps_c/libstatistics_collector/msg/detail/dummy_custom_header_message__type_support_c.cpp.o[0m
[ 33%] [32m[1mLinking CXX shared library liblibstatistics_collector_test_msgs__rosidl_typesupport_fastrtps_c.so[0m
[ 33%] Built target libstatistics_collector_test_msgs__rosidl_typesupport_fastrtps_c
[ 34%] [34m[1mGenerating C++ type support for eProsima Fast-RTPS[0m
[ 36%] [32mBuilding CXX object CMakeFiles/libstatistics_collector_test_msgs__rosidl_typesupport_fastrtps_cpp.dir/rosidl_typesupport_fastrtps_cpp/libstatistics_collector/msg/detail/dds_fastrtps/dummy_message__type_support.cpp.o[0m
[ 38%] [32mBuilding CXX object CMakeFiles/libstatistics_collector_test_msgs__rosidl_typesupport_fastrtps_cpp.dir/rosidl_typesupport_fastrtps_cpp/libstatistics_collector/msg/detail/dds_fastrtps/dummy_custom_header_message__type_support.cpp.o[0m
[ 39%] [32m[1mLinking CXX shared library liblibstatistics_collector_test_msgs__rosidl_typesupport_fastrtps_cpp.so[0m
[ 39%] Built target libstatistics_collector_test_msgs__rosidl_typesupport_fastrtps_cpp
[ 41%] [34m[1mGenerating C++ introspection for ROS interfaces[0m
[ 42%] [32mBuilding CXX object CMakeFiles/libstatistics_collector_test_msgs__rosidl_typesupport_introspection_cpp.dir/rosidl_typesupport_introspection_cpp/libstatistics_collector/msg/detail/dummy_message__type_support.cpp.o[0m
[ 44%] [32mBuilding CXX object CMakeFiles/libstatistics_collector_test_msgs__rosidl_typesupport_introspection_cpp.dir/rosidl_typesupport_introspection_cpp/libstatistics_collector/msg/detail/dummy_custom_header_message__type_support.cpp.o[0m
[ 46%] [32m[1mLinking CXX shared library liblibstatistics_collector_test_msgs__rosidl_typesupport_introspection_cpp.so[0m
[ 46%] Built target libstatistics_collector_test_msgs__rosidl_typesupport_introspection_cpp
[ 47%] [34m[1mGenerating C++ type support dispatch for ROS interfaces[0m
[ 49%] [32mBuilding CXX object CMakeFiles/libstatistics_collector_test_msgs__rosidl_typesupport_cpp.dir/rosidl_typesupport_cpp/libstatistics_collector/msg/dummy_message__type_support.cpp.o[0m
[ 50%] [32mBuilding CXX object CMakeFiles/libstatistics_collector_test_msgs__rosidl_typesupport_cpp.dir/rosidl_typesupport_cpp/libstatistics_collector/msg/dummy_custom_header_message__type_support.cpp.o[0m
[ 52%] [32m[1mLinking CXX shared library liblibstatistics_collector_test_msgs__rosidl_typesupport_cpp.so[0m
[ 52%] Built target libstatistics_collector_test_msgs__rosidl_typesupport_cpp
[ 53%] [34m[1mGenerating C type support dispatch for ROS interfaces[0m
[ 55%] [32mBuilding CXX object CMakeFiles/libstatistics_collector_test_msgs__rosidl_typesupport_c.dir/rosidl_typesupport_c/libstatistics_collector/msg/dummy_message__type_support.cpp.o[0m
[ 57%] [32mBuilding CXX object CMakeFiles/libstatistics_collector_test_msgs__rosidl_typesupport_c.dir/rosidl_typesupport_c/libstatistics_collector/msg/dummy_custom_header_message__type_support.cpp.o[0m
[ 58%] [32m[1mLinking CXX shared library liblibstatistics_collector_test_msgs__rosidl_typesupport_c.so[0m
[ 58%] Built target libstatistics_collector_test_msgs__rosidl_typesupport_c
[ 60%] [34m[1mGenerating C introspection for ROS interfaces[0m
[ 61%] [32mBuilding C object CMakeFiles/libstatistics_collector_test_msgs__rosidl_typesupport_introspection_c.dir/rosidl_typesupport_introspection_c/libstatistics_collector/msg/detail/dummy_message__type_support.c.o[0m
[ 63%] [32mBuilding C object CMakeFiles/libstatistics_collector_test_msgs__rosidl_typesupport_introspection_c.dir/rosidl_typesupport_introspection_c/libstatistics_collector/msg/detail/dummy_custom_header_message__type_support.c.o[0m
[ 65%] [32m[1mLinking C shared library liblibstatistics_collector_test_msgs__rosidl_typesupport_introspection_c.so[0m
[ 65%] Built target libstatistics_collector_test_msgs__rosidl_typesupport_introspection_c
[ 66%] [32mBuilding CXX object gtest/CMakeFiles/gtest.dir/src/gtest-all.cc.o[0m
[ 68%] [32m[1mLinking CXX static library libgtest.a[0m
[ 68%] Built target gtest
[ 68%] Built target libstatistics_collector_test_msgs
[ 69%] [32mBuilding CXX object gtest/CMakeFiles/gtest_main.dir/src/gtest_main.cc.o[0m
[ 71%] [32m[1mLinking CXX static library libgtest_main.a[0m
[ 71%] Built target gtest_main
[ 74%] [34m[1mGenerating Python code for ROS interfaces[0m
[ 74%] [32mBuilding CXX object CMakeFiles/test_collector.dir/test/collector/test_collector.cpp.o[0m
[ 74%] Built target libstatistics_collector_test_msgs__py
[ 76%] [32mBuilding CXX object CMakeFiles/test_received_message_age.dir/test/topic_statistics_collector/test_received_message_age.cpp.o[0m
[ 77%] [32m[1mLinking CXX executable test_collector[0m
[ 77%] Built target test_collector
[ 79%] [32mBuilding C object CMakeFiles/libstatistics_collector_test_msgs__rosidl_generator_py.dir/rosidl_generator_py/libstatistics_collector/msg/_dummy_custom_header_message_s.c.o[0m
[ 80%] [32mBuilding C object CMakeFiles/libstatistics_collector_test_msgs__rosidl_generator_py.dir/rosidl_generator_py/libstatistics_collector/msg/_dummy_message_s.c.o[0m
[ 82%] [32m[1mLinking C shared library liblibstatistics_collector_test_msgs__rosidl_generator_py.so[0m
[ 82%] Built target libstatistics_collector_test_msgs__rosidl_generator_py
[ 84%] [32mBuilding CXX object CMakeFiles/test_received_message_period.dir/test/topic_statistics_collector/test_received_message_period.cpp.o[0m
[ 85%] [32m[1mLinking CXX executable test_received_message_age[0m
[ 85%] Built target test_received_message_age
[ 87%] [32mBuilding C object CMakeFiles/libstatistics_collector_s__rosidl_typesupport_c.dir/rosidl_generator_py/libstatistics_collector/_libstatistics_collector_s.ep.rosidl_typesupport_c.c.o[0m
[ 88%] [32m[1mLinking C shared module rosidl_generator_py/libstatistics_collector/libstatistics_collector_s__rosidl_typesupport_c.so[0m
[ 88%] Built target libstatistics_collector_s__rosidl_typesupport_c
[ 90%] [32mBuilding C object CMakeFiles/libstatistics_collector_s__rosidl_typesupport_introspection_c.dir/rosidl_generator_py/libstatistics_collector/_libstatistics_collector_s.ep.rosidl_typesupport_introspection_c.c.o[0m
[ 92%] [32m[1mLinking C shared module rosidl_generator_py/libstatistics_collector/libstatistics_collector_s__rosidl_typesupport_introspection_c.so[0m
[ 92%] Built target libstatistics_collector_s__rosidl_typesupport_introspection_c
[ 93%] [32mBuilding C object CMakeFiles/libstatistics_collector_s__rosidl_typesupport_fastrtps_c.dir/rosidl_generator_py/libstatistics_collector/_libstatistics_collector_s.ep.rosidl_typesupport_fastrtps_c.c.o[0m
[ 95%] [32m[1mLinking C shared module rosidl_generator_py/libstatistics_collector/libstatistics_collector_s__rosidl_typesupport_fastrtps_c.so[0m
[ 95%] Built target libstatistics_collector_s__rosidl_typesupport_fastrtps_c
[ 96%] [32mBuilding CXX object CMakeFiles/test_moving_average_statistics.dir/test/moving_average_statistics/test_moving_average_statistics.cpp.o[0m
[ 98%] [32m[1mLinking CXX executable test_received_message_period[0m
[ 98%] Built target test_received_message_period
[100%] [32m[1mLinking CXX executable test_moving_average_statistics[0m
[100%] Built target test_moving_average_statistics
-- Install configuration: ""
-- Execute custom install script
-- Symlinking: /work/ubuntu-ros2-dev/install/libstatistics_collector/share/libstatistics_collector/environment/library_path.sh
-- Symlinking: /work/ubuntu-ros2-dev/install/libstatistics_collector/share/libstatistics_collector/environment/library_path.dsv
-- Symlinking: /work/ubuntu-ros2-dev/install/libstatistics_collector/include/libstatistics_collector/libstatistics_collector/collector/collector.hpp
-- Symlinking: /work/ubuntu-ros2-dev/install/libstatistics_collector/include/libstatistics_collector/libstatistics_collector/collector/generate_statistics_message.hpp
-- Symlinking: /work/ubuntu-ros2-dev/install/libstatistics_collector/include/libstatistics_collector/libstatistics_collector/collector/metric_details_interface.hpp
-- Symlinking: /work/ubuntu-ros2-dev/install/libstatistics_collector/include/libstatistics_collector/libstatistics_collector/moving_average_statistics/moving_average.hpp
-- Symlinking: /work/ubuntu-ros2-dev/install/libstatistics_collector/include/libstatistics_collector/libstatistics_collector/moving_average_statistics/types.hpp
-- Symlinking: /work/ubuntu-ros2-dev/install/libstatistics_collector/include/libstatistics_collector/libstatistics_collector/topic_statistics_collector/constants.hpp
-- Symlinking: /work/ubuntu-ros2-dev/install/libstatistics_collector/include/libstatistics_collector/libstatistics_collector/topic_statistics_collector/received_message_age.hpp
-- Symlinking: /work/ubuntu-ros2-dev/install/libstatistics_collector/include/libstatistics_collector/libstatistics_collector/topic_statistics_collector/received_message_period.hpp
-- Symlinking: /work/ubuntu-ros2-dev/install/libstatistics_collector/include/libstatistics_collector/libstatistics_collector/topic_statistics_collector/topic_statistics_collector.hpp
-- Symlinking: /work/ubuntu-ros2-dev/install/libstatistics_collector/include/libstatistics_collector/libstatistics_collector/visibility_control.hpp
-- Symlinking: /work/ubuntu-ros2-dev/install/libstatistics_collector/share/ament_index/resource_index/package_run_dependencies/libstatistics_collector
-- Symlinking: /work/ubuntu-ros2-dev/install/libstatistics_collector/share/ament_index/resource_index/parent_prefix_path/libstatistics_collector
-- Symlinking: /work/ubuntu-ros2-dev/install/libstatistics_collector/share/libstatistics_collector/environment/ament_prefix_path.sh
-- Symlinking: /work/ubuntu-ros2-dev/install/libstatistics_collector/share/libstatistics_collector/environment/ament_prefix_path.dsv
-- Symlinking: /work/ubuntu-ros2-dev/install/libstatistics_collector/share/libstatistics_collector/environment/path.sh
-- Symlinking: /work/ubuntu-ros2-dev/install/libstatistics_collector/share/libstatistics_collector/environment/path.dsv
-- Symlinking: /work/ubuntu-ros2-dev/install/libstatistics_collector/share/libstatistics_collector/local_setup.bash
-- Symlinking: /work/ubuntu-ros2-dev/install/libstatistics_collector/share/libstatistics_collector/local_setup.sh
-- Symlinking: /work/ubuntu-ros2-dev/install/libstatistics_collector/share/libstatistics_collector/local_setup.zsh
-- Symlinking: /work/ubuntu-ros2-dev/install/libstatistics_collector/share/libstatistics_collector/local_setup.dsv
-- Symlinking: /work/ubuntu-ros2-dev/install/libstatistics_collector/share/libstatistics_collector/package.dsv
-- Symlinking: /work/ubuntu-ros2-dev/install/libstatistics_collector/share/ament_index/resource_index/packages/libstatistics_collector
-- Symlinking: /work/ubuntu-ros2-dev/install/libstatistics_collector/share/libstatistics_collector/cmake/ament_cmake_export_include_directories-extras.cmake
-- Symlinking: /work/ubuntu-ros2-dev/install/libstatistics_collector/share/libstatistics_collector/cmake/ament_cmake_export_libraries-extras.cmake
-- Symlinking: /work/ubuntu-ros2-dev/install/libstatistics_collector/share/libstatistics_collector/cmake/ament_cmake_export_targets-extras.cmake
-- Symlinking: /work/ubuntu-ros2-dev/install/libstatistics_collector/share/libstatistics_collector/cmake/ament_cmake_export_dependencies-extras.cmake
-- Symlinking: /work/ubuntu-ros2-dev/install/libstatistics_collector/share/libstatistics_collector/cmake/rosidl_cmake-extras.cmake
-- Symlinking: /work/ubuntu-ros2-dev/install/libstatistics_collector/share/libstatistics_collector/cmake/libstatistics_collectorConfig.cmake
-- Symlinking: /work/ubuntu-ros2-dev/install/libstatistics_collector/share/libstatistics_collector/cmake/libstatistics_collectorConfig-version.cmake
-- Symlinking: /work/ubuntu-ros2-dev/install/libstatistics_collector/share/libstatistics_collector/package.xml
-- Installing: /work/ubuntu-ros2-dev/install/libstatistics_collector/lib/liblibstatistics_collector.so
-- Set runtime path of "/work/ubuntu-ros2-dev/install/libstatistics_collector/lib/liblibstatistics_collector.so" to ""
-- Installing: /work/ubuntu-ros2-dev/install/libstatistics_collector/share/libstatistics_collector/cmake/libstatistics_collectorExport.cmake
-- Installing: /work/ubuntu-ros2-dev/install/libstatistics_collector/share/libstatistics_collector/cmake/libstatistics_collectorExport-noconfig.cmake
