-- The C compiler identification is GNU 11.4.0
-- The CXX compiler identification is GNU 11.4.0
-- Detecting C compiler ABI info
-- Detecting C compiler ABI info - done
-- Check for working C compiler: /usr/bin/cc - skipped
-- Detecting C compile features
-- Detecting C compile features - done
-- Detecting CXX compiler ABI info
-- Detecting CXX compiler ABI info - done
-- Check for working CXX compiler: /usr/bin/c++ - skipped
-- Detecting CXX compile features
-- Detecting CXX compile features - done
foonathan_memory not found.
-- Found Python3: /usr/bin/python3 (found version "3.10.12") found components: Interpreter 
-- Configuring done
-- Generating done
-- Build files have been written to: /work/ubuntu-ros2-dev/build/foonathan_memory_vendor
Cloning into 'foo_mem-ext'...
[ 12%] [34m[1mCreating directories for 'foo_mem-ext'[0m
[ 25%] [34m[1mPerforming download step (git clone) for 'foo_mem-ext'[0m
HEAD is now at 0f07757 Release 0.7-3
[ 37%] [34m[1mNo update step for 'foo_mem-ext'[0m
[ 50%] [34m[1mNo patch step for 'foo_mem-ext'[0m
[ 62%] [34m[1mPerforming configure step for 'foo_mem-ext'[0m
-- The C compiler identification is GNU 11.4.0
-- The CXX compiler identification is GNU 11.4.0
-- Detecting C compiler ABI info
-- Detecting C compiler ABI info - done
-- Check for working C compiler: /usr/bin/cc - skipped
-- Detecting C compile features
-- Detecting C compile features - done
-- Detecting CXX compiler ABI info
-- Detecting CXX compiler ABI info - done
-- Check for working CXX compiler: /usr/bin/c++ - skipped
-- Detecting CXX compile features
-- Detecting CXX compile features - done
-- Performing Test HAVE_CXX_ATOMIC_NOFLAG
-- Performing Test HAVE_CXX_ATOMIC_NOFLAG - Success
-- Getting container node sizes
-- Configuring done
-- Generating done
-- Build files have been written to: /work/ubuntu-ros2-dev/build/foonathan_memory_vendor/foo_mem-ext-prefix/src/foo_mem-ext-build
[ 75%] [34m[1mPerforming build step for 'foo_mem-ext'[0m
[  4%] [32mBuilding CXX object src/CMakeFiles/foonathan_memory.dir/detail/debug_helpers.cpp.o[0m
[ 13%] [32mBuilding CXX object src/CMakeFiles/foonathan_memory.dir/detail/free_list.cpp.o[0m
[ 18%] [32mBuilding CXX object src/CMakeFiles/foonathan_memory.dir/detail/assert.cpp.o[0m
[ 13%] [32mBuilding CXX object src/CMakeFiles/foonathan_memory.dir/detail/align.cpp.o[0m
[ 27%] [32mBuilding CXX object src/CMakeFiles/foonathan_memory.dir/detail/small_free_list.cpp.o[0m
[ 27%] [32mBuilding CXX object tool/CMakeFiles/foonathan_memory_node_size_debugger.dir/node_size_debugger.cpp.o[0m
[ 31%] [32mBuilding CXX object src/CMakeFiles/foonathan_memory.dir/detail/free_list_array.cpp.o[0m
[ 36%] [32mBuilding CXX object src/CMakeFiles/foonathan_memory.dir/debugging.cpp.o[0m
[ 40%] [32mBuilding CXX object src/CMakeFiles/foonathan_memory.dir/error.cpp.o[0m
[ 45%] [32mBuilding CXX object src/CMakeFiles/foonathan_memory.dir/heap_allocator.cpp.o[0m
[ 50%] [32mBuilding CXX object src/CMakeFiles/foonathan_memory.dir/malloc_allocator.cpp.o[0m
[ 54%] [32mBuilding CXX object src/CMakeFiles/foonathan_memory.dir/memory_arena.cpp.o[0m
[ 59%] [32mBuilding CXX object src/CMakeFiles/foonathan_memory.dir/iteration_allocator.cpp.o[0m
[ 63%] [32mBuilding CXX object src/CMakeFiles/foonathan_memory.dir/memory_pool.cpp.o[0m
[ 68%] [32mBuilding CXX object src/CMakeFiles/foonathan_memory.dir/memory_pool_collection.cpp.o[0m
[ 72%] [32mBuilding CXX object src/CMakeFiles/foonathan_memory.dir/memory_stack.cpp.o[0m
[ 77%] [32mBuilding CXX object src/CMakeFiles/foonathan_memory.dir/new_allocator.cpp.o[0m
[ 81%] [32mBuilding CXX object src/CMakeFiles/foonathan_memory.dir/static_allocator.cpp.o[0m
[ 86%] [32mBuilding CXX object src/CMakeFiles/foonathan_memory.dir/temporary_allocator.cpp.o[0m
[ 90%] [32mBuilding CXX object src/CMakeFiles/foonathan_memory.dir/virtual_memory.cpp.o[0m
[ 95%] [32m[1mLinking CXX static library libfoonathan_memory-0.7.3.a[0m
[ 95%] Built target foonathan_memory
In file included from [01m[K/usr/include/c++/11/bits/stl_algobase.h:64[m[K,
                 from [01m[K/usr/include/c++/11/bits/char_traits.h:39[m[K,
                 from [01m[K/usr/include/c++/11/ios:40[m[K,
                 from [01m[K/usr/include/c++/11/istream:38[m[K,
                 from [01m[K/usr/include/c++/11/fstream:38[m[K,
                 from [01m[K/work/ubuntu-ros2-dev/build/foonathan_memory_vendor/foo_mem-ext-prefix/src/foo_mem-ext/tool/node_size_debugger.cpp:6[m[K:
/usr/include/c++/11/bits/stl_pair.h: In instantiation of ‘[01m[Kconstexpr std::pair<typename std::__strip_reference_wrapper<typename std::decay<_Tp>::type>::__type, typename std::__strip_reference_wrapper<typename std::decay<_Tp2>::type>::__type> std::make_pair(_T1&&, _T2&&) [with _T1 = long double; _T2 = long double; typename std::__strip_reference_wrapper<typename std::decay<_Tp2>::type>::__type = long double; typename std::decay<_Tp2>::type = long double; typename std::__strip_reference_wrapper<typename std::decay<_Tp>::type>::__type = long double; typename std::decay<_Tp>::type = long double][m[K’:
[01m[K/work/ubuntu-ros2-dev/build/foonathan_memory_vendor/foo_mem-ext-prefix/src/foo_mem-ext/tool/node_size_debugger.hpp:205:34:[m[K   required from ‘[01m[Kstd::size_t debug_map::debug() [with T = long double; std::size_t = long unsigned int][m[K’
[01m[K/work/ubuntu-ros2-dev/build/foonathan_memory_vendor/foo_mem-ext-prefix/src/foo_mem-ext/tool/node_size_debugger.hpp:321:38:[m[K   required from ‘[01m[Kstd::size_t debug_single(Debugger) [with T = long double; Debugger = debug_map; std::size_t = long unsigned int][m[K’
[01m[K/work/ubuntu-ros2-dev/build/foonathan_memory_vendor/foo_mem-ext-prefix/src/foo_mem-ext/tool/node_size_debugger.hpp:342:75:[m[K   required from ‘[01m[Knode_size_map debug_impl(Debugger, std::tuple<_UTypes ...>) [with Debugger = debug_map; Types = {char, short int, int, long int, long double}; node_size_map = std::map<long unsigned int, long unsigned int>][m[K’
[01m[K/work/ubuntu-ros2-dev/build/foonathan_memory_vendor/foo_mem-ext-prefix/src/foo_mem-ext/tool/node_size_debugger.hpp:350:40:[m[K   required from ‘[01m[Kdebug_result debug(Debugger) [with Debugger = debug_map][m[K’
[01m[K/work/ubuntu-ros2-dev/build/foonathan_memory_vendor/foo_mem-ext-prefix/src/foo_mem-ext/tool/node_size_debugger.cpp:132:21:[m[K   required from ‘[01m[Kint serialize_impl(const Serializer&) [with Debugger = debug_map; Serializer = simple_serializer][m[K’
[01m[K/work/ubuntu-ros2-dev/build/foonathan_memory_vendor/foo_mem-ext-prefix/src/foo_mem-ext/tool/node_size_debugger.cpp:139:45:[m[K   required from ‘[01m[Kvoid serialize_impl(const Serializer&, std::tuple<_UTypes ...>) [with Serializer = simple_serializer; Debuggers = {debug_forward_list, debug_list, debug_set, debug_multiset, debug_unordered_set, debug_unordered_multiset, debug_map, debug_multimap, debug_unordered_map, debug_unordered_multimap, debug_shared_ptr_stateless, debug_shared_ptr_stateful}][m[K’
[01m[K/work/ubuntu-ros2-dev/build/foonathan_memory_vendor/foo_mem-ext-prefix/src/foo_mem-ext/tool/node_size_debugger.cpp:147:19:[m[K   required from ‘[01m[Kvoid serialize(const Serializer&) [with Serializer = simple_serializer][m[K’
[01m[K/work/ubuntu-ros2-dev/build/foonathan_memory_vendor/foo_mem-ext-prefix/src/foo_mem-ext/tool/node_size_debugger.cpp:202:18:[m[K   required from here
[01m[K/usr/include/c++/11/bits/stl_pair.h:567:5:[m[K [01;36m[Knote: [m[Kparameter passing for argument of type ‘[01m[Kstd::pair<long double, long double>[m[K’ when C++17 is enabled changed to match C++14 in GCC 10.1
  567 |     [01;36m[Kmake_pair[m[K(_T1&& __x, _T2&& __y)
      |     [01;36m[K^~~~~~~~~[m[K
[100%] [32m[1mLinking CXX executable nodesize_dbg[0m
[100%] Built target foonathan_memory_node_size_debugger
[ 87%] [34m[1mPerforming install step for 'foo_mem-ext'[0m
[35m[1mConsolidate compiler generated dependencies of target foonathan_memory_node_size_debugger[0m
[35m[1mConsolidate compiler generated dependencies of target foonathan_memory[0m
[  9%] Built target foonathan_memory_node_size_debugger
[100%] Built target foonathan_memory
[36mInstall the project...[0m
-- Install configuration: ""
-- Installing: /work/ubuntu-ros2-dev/build/foonathan_memory_vendor/foo_mem_ext_prj_install/lib/libfoonathan_memory-0.7.3.a
-- Installing: /work/ubuntu-ros2-dev/build/foonathan_memory_vendor/foo_mem_ext_prj_install/include/foonathan_memory/foonathan/memory/config_impl.hpp
-- Installing: /work/ubuntu-ros2-dev/build/foonathan_memory_vendor/foo_mem_ext_prj_install/include/foonathan_memory/foonathan/memory/detail/container_node_sizes_impl.hpp
-- Installing: /work/ubuntu-ros2-dev/build/foonathan_memory_vendor/foo_mem_ext_prj_install/include/foonathan_memory/foonathan/memory/aligned_allocator.hpp
-- Installing: /work/ubuntu-ros2-dev/build/foonathan_memory_vendor/foo_mem_ext_prj_install/include/foonathan_memory/foonathan/memory/allocator_storage.hpp
-- Installing: /work/ubuntu-ros2-dev/build/foonathan_memory_vendor/foo_mem_ext_prj_install/include/foonathan_memory/foonathan/memory/allocator_traits.hpp
-- Installing: /work/ubuntu-ros2-dev/build/foonathan_memory_vendor/foo_mem_ext_prj_install/include/foonathan_memory/foonathan/memory/config.hpp
-- Installing: /work/ubuntu-ros2-dev/build/foonathan_memory_vendor/foo_mem_ext_prj_install/include/foonathan_memory/foonathan/memory/container.hpp
-- Installing: /work/ubuntu-ros2-dev/build/foonathan_memory_vendor/foo_mem_ext_prj_install/include/foonathan_memory/foonathan/memory/debugging.hpp
-- Installing: /work/ubuntu-ros2-dev/build/foonathan_memory_vendor/foo_mem_ext_prj_install/include/foonathan_memory/foonathan/memory/default_allocator.hpp
-- Installing: /work/ubuntu-ros2-dev/build/foonathan_memory_vendor/foo_mem_ext_prj_install/include/foonathan_memory/foonathan/memory/deleter.hpp
-- Installing: /work/ubuntu-ros2-dev/build/foonathan_memory_vendor/foo_mem_ext_prj_install/include/foonathan_memory/foonathan/memory/error.hpp
-- Installing: /work/ubuntu-ros2-dev/build/foonathan_memory_vendor/foo_mem_ext_prj_install/include/foonathan_memory/foonathan/memory/fallback_allocator.hpp
-- Installing: /work/ubuntu-ros2-dev/build/foonathan_memory_vendor/foo_mem_ext_prj_install/include/foonathan_memory/foonathan/memory/malloc_allocator.hpp
-- Installing: /work/ubuntu-ros2-dev/build/foonathan_memory_vendor/foo_mem_ext_prj_install/include/foonathan_memory/foonathan/memory/heap_allocator.hpp
-- Installing: /work/ubuntu-ros2-dev/build/foonathan_memory_vendor/foo_mem_ext_prj_install/include/foonathan_memory/foonathan/memory/iteration_allocator.hpp
-- Installing: /work/ubuntu-ros2-dev/build/foonathan_memory_vendor/foo_mem_ext_prj_install/include/foonathan_memory/foonathan/memory/joint_allocator.hpp
-- Installing: /work/ubuntu-ros2-dev/build/foonathan_memory_vendor/foo_mem_ext_prj_install/include/foonathan_memory/foonathan/memory/memory_arena.hpp
-- Installing: /work/ubuntu-ros2-dev/build/foonathan_memory_vendor/foo_mem_ext_prj_install/include/foonathan_memory/foonathan/memory/memory_pool.hpp
-- Installing: /work/ubuntu-ros2-dev/build/foonathan_memory_vendor/foo_mem_ext_prj_install/include/foonathan_memory/foonathan/memory/memory_pool_collection.hpp
-- Installing: /work/ubuntu-ros2-dev/build/foonathan_memory_vendor/foo_mem_ext_prj_install/include/foonathan_memory/foonathan/memory/memory_pool_type.hpp
-- Installing: /work/ubuntu-ros2-dev/build/foonathan_memory_vendor/foo_mem_ext_prj_install/include/foonathan_memory/foonathan/memory/memory_resource_adapter.hpp
-- Installing: /work/ubuntu-ros2-dev/build/foonathan_memory_vendor/foo_mem_ext_prj_install/include/foonathan_memory/foonathan/memory/memory_stack.hpp
-- Installing: /work/ubuntu-ros2-dev/build/foonathan_memory_vendor/foo_mem_ext_prj_install/include/foonathan_memory/foonathan/memory/namespace_alias.hpp
-- Installing: /work/ubuntu-ros2-dev/build/foonathan_memory_vendor/foo_mem_ext_prj_install/include/foonathan_memory/foonathan/memory/new_allocator.hpp
-- Installing: /work/ubuntu-ros2-dev/build/foonathan_memory_vendor/foo_mem_ext_prj_install/include/foonathan_memory/foonathan/memory/segregator.hpp
-- Installing: /work/ubuntu-ros2-dev/build/foonathan_memory_vendor/foo_mem_ext_prj_install/include/foonathan_memory/foonathan/memory/smart_ptr.hpp
-- Installing: /work/ubuntu-ros2-dev/build/foonathan_memory_vendor/foo_mem_ext_prj_install/include/foonathan_memory/foonathan/memory/static_allocator.hpp
-- Installing: /work/ubuntu-ros2-dev/build/foonathan_memory_vendor/foo_mem_ext_prj_install/include/foonathan_memory/foonathan/memory/std_allocator.hpp
-- Installing: /work/ubuntu-ros2-dev/build/foonathan_memory_vendor/foo_mem_ext_prj_install/include/foonathan_memory/foonathan/memory/temporary_allocator.hpp
-- Installing: /work/ubuntu-ros2-dev/build/foonathan_memory_vendor/foo_mem_ext_prj_install/include/foonathan_memory/foonathan/memory/threading.hpp
-- Installing: /work/ubuntu-ros2-dev/build/foonathan_memory_vendor/foo_mem_ext_prj_install/include/foonathan_memory/foonathan/memory/tracking.hpp
-- Installing: /work/ubuntu-ros2-dev/build/foonathan_memory_vendor/foo_mem_ext_prj_install/include/foonathan_memory/foonathan/memory/virtual_memory.hpp
-- Installing: /work/ubuntu-ros2-dev/build/foonathan_memory_vendor/foo_mem_ext_prj_install/include/foonathan_memory/foonathan/memory/container_node_sizes_impl.hpp
-- Installing: /work/ubuntu-ros2-dev/build/foonathan_memory_vendor/foo_mem_ext_prj_install/include/foonathan_memory/foonathan/memory/detail/align.hpp
-- Installing: /work/ubuntu-ros2-dev/build/foonathan_memory_vendor/foo_mem_ext_prj_install/include/foonathan_memory/foonathan/memory/detail/assert.hpp
-- Installing: /work/ubuntu-ros2-dev/build/foonathan_memory_vendor/foo_mem_ext_prj_install/include/foonathan_memory/foonathan/memory/detail/container_node_sizes.hpp
-- Installing: /work/ubuntu-ros2-dev/build/foonathan_memory_vendor/foo_mem_ext_prj_install/include/foonathan_memory/foonathan/memory/detail/debug_helpers.hpp
-- Installing: /work/ubuntu-ros2-dev/build/foonathan_memory_vendor/foo_mem_ext_prj_install/include/foonathan_memory/foonathan/memory/detail/ebo_storage.hpp
-- Installing: /work/ubuntu-ros2-dev/build/foonathan_memory_vendor/foo_mem_ext_prj_install/include/foonathan_memory/foonathan/memory/detail/free_list.hpp
-- Installing: /work/ubuntu-ros2-dev/build/foonathan_memory_vendor/foo_mem_ext_prj_install/include/foonathan_memory/foonathan/memory/detail/free_list_array.hpp
-- Installing: /work/ubuntu-ros2-dev/build/foonathan_memory_vendor/foo_mem_ext_prj_install/include/foonathan_memory/foonathan/memory/detail/ilog2.hpp
-- Installing: /work/ubuntu-ros2-dev/build/foonathan_memory_vendor/foo_mem_ext_prj_install/include/foonathan_memory/foonathan/memory/detail/lowlevel_allocator.hpp
-- Installing: /work/ubuntu-ros2-dev/build/foonathan_memory_vendor/foo_mem_ext_prj_install/include/foonathan_memory/foonathan/memory/detail/memory_stack.hpp
-- Installing: /work/ubuntu-ros2-dev/build/foonathan_memory_vendor/foo_mem_ext_prj_install/include/foonathan_memory/foonathan/memory/detail/small_free_list.hpp
-- Installing: /work/ubuntu-ros2-dev/build/foonathan_memory_vendor/foo_mem_ext_prj_install/include/foonathan_memory/foonathan/memory/detail/utility.hpp
-- Installing: /work/ubuntu-ros2-dev/build/foonathan_memory_vendor/foo_mem_ext_prj_install/lib/foonathan_memory/cmake/foonathan_memory-config-version.cmake
-- Installing: /work/ubuntu-ros2-dev/build/foonathan_memory_vendor/foo_mem_ext_prj_install/bin/nodesize_dbg
-- Installing: /work/ubuntu-ros2-dev/build/foonathan_memory_vendor/foo_mem_ext_prj_install/share/foonathan_memory/LICENSE
-- Installing: /work/ubuntu-ros2-dev/build/foonathan_memory_vendor/foo_mem_ext_prj_install/share/foonathan_memory/README.md
-- Installing: /work/ubuntu-ros2-dev/build/foonathan_memory_vendor/foo_mem_ext_prj_install/lib/foonathan_memory/cmake/foonathan_memory-config.cmake
-- Installing: /work/ubuntu-ros2-dev/build/foonathan_memory_vendor/foo_mem_ext_prj_install/lib/foonathan_memory/cmake/foonathan_memory-config-noconfig.cmake
[100%] [34m[1mCompleted 'foo_mem-ext'[0m
[100%] Built target foo_mem-ext
-- Install configuration: ""
-- Installing: /work/ubuntu-ros2-dev/install/foonathan_memory_vendor
-- Installing: /work/ubuntu-ros2-dev/install/foonathan_memory_vendor/include
-- Installing: /work/ubuntu-ros2-dev/install/foonathan_memory_vendor/include/foonathan_memory
-- Installing: /work/ubuntu-ros2-dev/install/foonathan_memory_vendor/include/foonathan_memory/foonathan
-- Installing: /work/ubuntu-ros2-dev/install/foonathan_memory_vendor/include/foonathan_memory/foonathan/memory
-- Installing: /work/ubuntu-ros2-dev/install/foonathan_memory_vendor/include/foonathan_memory/foonathan/memory/memory_stack.hpp
-- Installing: /work/ubuntu-ros2-dev/install/foonathan_memory_vendor/include/foonathan_memory/foonathan/memory/container.hpp
-- Installing: /work/ubuntu-ros2-dev/install/foonathan_memory_vendor/include/foonathan_memory/foonathan/memory/heap_allocator.hpp
-- Installing: /work/ubuntu-ros2-dev/install/foonathan_memory_vendor/include/foonathan_memory/foonathan/memory/static_allocator.hpp
-- Installing: /work/ubuntu-ros2-dev/install/foonathan_memory_vendor/include/foonathan_memory/foonathan/memory/new_allocator.hpp
-- Installing: /work/ubuntu-ros2-dev/install/foonathan_memory_vendor/include/foonathan_memory/foonathan/memory/error.hpp
-- Installing: /work/ubuntu-ros2-dev/install/foonathan_memory_vendor/include/foonathan_memory/foonathan/memory/iteration_allocator.hpp
-- Installing: /work/ubuntu-ros2-dev/install/foonathan_memory_vendor/include/foonathan_memory/foonathan/memory/threading.hpp
-- Installing: /work/ubuntu-ros2-dev/install/foonathan_memory_vendor/include/foonathan_memory/foonathan/memory/malloc_allocator.hpp
-- Installing: /work/ubuntu-ros2-dev/install/foonathan_memory_vendor/include/foonathan_memory/foonathan/memory/namespace_alias.hpp
-- Installing: /work/ubuntu-ros2-dev/install/foonathan_memory_vendor/include/foonathan_memory/foonathan/memory/tracking.hpp
-- Installing: /work/ubuntu-ros2-dev/install/foonathan_memory_vendor/include/foonathan_memory/foonathan/memory/memory_pool_type.hpp
-- Installing: /work/ubuntu-ros2-dev/install/foonathan_memory_vendor/include/foonathan_memory/foonathan/memory/memory_resource_adapter.hpp
-- Installing: /work/ubuntu-ros2-dev/install/foonathan_memory_vendor/include/foonathan_memory/foonathan/memory/joint_allocator.hpp
-- Installing: /work/ubuntu-ros2-dev/install/foonathan_memory_vendor/include/foonathan_memory/foonathan/memory/segregator.hpp
-- Installing: /work/ubuntu-ros2-dev/install/foonathan_memory_vendor/include/foonathan_memory/foonathan/memory/fallback_allocator.hpp
-- Installing: /work/ubuntu-ros2-dev/install/foonathan_memory_vendor/include/foonathan_memory/foonathan/memory/std_allocator.hpp
-- Installing: /work/ubuntu-ros2-dev/install/foonathan_memory_vendor/include/foonathan_memory/foonathan/memory/temporary_allocator.hpp
-- Installing: /work/ubuntu-ros2-dev/install/foonathan_memory_vendor/include/foonathan_memory/foonathan/memory/debugging.hpp
-- Installing: /work/ubuntu-ros2-dev/install/foonathan_memory_vendor/include/foonathan_memory/foonathan/memory/virtual_memory.hpp
-- Installing: /work/ubuntu-ros2-dev/install/foonathan_memory_vendor/include/foonathan_memory/foonathan/memory/container_node_sizes_impl.hpp
-- Installing: /work/ubuntu-ros2-dev/install/foonathan_memory_vendor/include/foonathan_memory/foonathan/memory/default_allocator.hpp
-- Installing: /work/ubuntu-ros2-dev/install/foonathan_memory_vendor/include/foonathan_memory/foonathan/memory/memory_pool.hpp
-- Installing: /work/ubuntu-ros2-dev/install/foonathan_memory_vendor/include/foonathan_memory/foonathan/memory/deleter.hpp
-- Installing: /work/ubuntu-ros2-dev/install/foonathan_memory_vendor/include/foonathan_memory/foonathan/memory/allocator_traits.hpp
-- Installing: /work/ubuntu-ros2-dev/install/foonathan_memory_vendor/include/foonathan_memory/foonathan/memory/memory_arena.hpp
-- Installing: /work/ubuntu-ros2-dev/install/foonathan_memory_vendor/include/foonathan_memory/foonathan/memory/config_impl.hpp
-- Installing: /work/ubuntu-ros2-dev/install/foonathan_memory_vendor/include/foonathan_memory/foonathan/memory/memory_pool_collection.hpp
-- Installing: /work/ubuntu-ros2-dev/install/foonathan_memory_vendor/include/foonathan_memory/foonathan/memory/aligned_allocator.hpp
-- Installing: /work/ubuntu-ros2-dev/install/foonathan_memory_vendor/include/foonathan_memory/foonathan/memory/smart_ptr.hpp
-- Installing: /work/ubuntu-ros2-dev/install/foonathan_memory_vendor/include/foonathan_memory/foonathan/memory/allocator_storage.hpp
-- Installing: /work/ubuntu-ros2-dev/install/foonathan_memory_vendor/include/foonathan_memory/foonathan/memory/config.hpp
-- Installing: /work/ubuntu-ros2-dev/install/foonathan_memory_vendor/include/foonathan_memory/foonathan/memory/detail
-- Installing: /work/ubuntu-ros2-dev/install/foonathan_memory_vendor/include/foonathan_memory/foonathan/memory/detail/lowlevel_allocator.hpp
-- Installing: /work/ubuntu-ros2-dev/install/foonathan_memory_vendor/include/foonathan_memory/foonathan/memory/detail/ebo_storage.hpp
-- Installing: /work/ubuntu-ros2-dev/install/foonathan_memory_vendor/include/foonathan_memory/foonathan/memory/detail/utility.hpp
-- Installing: /work/ubuntu-ros2-dev/install/foonathan_memory_vendor/include/foonathan_memory/foonathan/memory/detail/memory_stack.hpp
-- Installing: /work/ubuntu-ros2-dev/install/foonathan_memory_vendor/include/foonathan_memory/foonathan/memory/detail/align.hpp
-- Installing: /work/ubuntu-ros2-dev/install/foonathan_memory_vendor/include/foonathan_memory/foonathan/memory/detail/ilog2.hpp
-- Installing: /work/ubuntu-ros2-dev/install/foonathan_memory_vendor/include/foonathan_memory/foonathan/memory/detail/assert.hpp
-- Installing: /work/ubuntu-ros2-dev/install/foonathan_memory_vendor/include/foonathan_memory/foonathan/memory/detail/free_list.hpp
-- Installing: /work/ubuntu-ros2-dev/install/foonathan_memory_vendor/include/foonathan_memory/foonathan/memory/detail/small_free_list.hpp
-- Installing: /work/ubuntu-ros2-dev/install/foonathan_memory_vendor/include/foonathan_memory/foonathan/memory/detail/debug_helpers.hpp
-- Installing: /work/ubuntu-ros2-dev/install/foonathan_memory_vendor/include/foonathan_memory/foonathan/memory/detail/container_node_sizes.hpp
-- Installing: /work/ubuntu-ros2-dev/install/foonathan_memory_vendor/include/foonathan_memory/foonathan/memory/detail/container_node_sizes_impl.hpp
-- Installing: /work/ubuntu-ros2-dev/install/foonathan_memory_vendor/include/foonathan_memory/foonathan/memory/detail/free_list_array.hpp
-- Installing: /work/ubuntu-ros2-dev/install/foonathan_memory_vendor/share
-- Installing: /work/ubuntu-ros2-dev/install/foonathan_memory_vendor/share/foonathan_memory
-- Installing: /work/ubuntu-ros2-dev/install/foonathan_memory_vendor/share/foonathan_memory/LICENSE
-- Installing: /work/ubuntu-ros2-dev/install/foonathan_memory_vendor/share/foonathan_memory/README.md
-- Installing: /work/ubuntu-ros2-dev/install/foonathan_memory_vendor/bin
-- Installing: /work/ubuntu-ros2-dev/install/foonathan_memory_vendor/bin/nodesize_dbg
-- Installing: /work/ubuntu-ros2-dev/install/foonathan_memory_vendor/lib
-- Installing: /work/ubuntu-ros2-dev/install/foonathan_memory_vendor/lib/libfoonathan_memory-0.7.3.a
-- Installing: /work/ubuntu-ros2-dev/install/foonathan_memory_vendor/lib/foonathan_memory
-- Installing: /work/ubuntu-ros2-dev/install/foonathan_memory_vendor/lib/foonathan_memory/cmake
-- Installing: /work/ubuntu-ros2-dev/install/foonathan_memory_vendor/lib/foonathan_memory/cmake/foonathan_memory-config-noconfig.cmake
-- Installing: /work/ubuntu-ros2-dev/install/foonathan_memory_vendor/lib/foonathan_memory/cmake/foonathan_memory-config-version.cmake
-- Installing: /work/ubuntu-ros2-dev/install/foonathan_memory_vendor/lib/foonathan_memory/cmake/foonathan_memory-config.cmake
-- Installing: /work/ubuntu-ros2-dev/install/foonathan_memory_vendor/share/foonathan_memory_vendor/package.xml
-- Installing: /work/ubuntu-ros2-dev/install/foonathan_memory_vendor/share/foonathan_memory_vendor/cmake/foonathan_memory_vendorConfig.cmake
-- Installing: /work/ubuntu-ros2-dev/install/foonathan_memory_vendor/share/foonathan_memory_vendor/cmake/foonathan_memory_vendorConfig-version.cmake
