[0.024s] Invoking command in '/work/ubuntu-ros2-dev/build/foonathan_memory_vendor': AMENT_PREFIX_PATH=/work/ubuntu-ros2-dev/install/ament_cmake_xmllint:/work/ubuntu-ros2-dev/install/ament_cmake_copyright:/work/ubuntu-ros2-dev/install/ament_cmake_lint_cmake:/work/ubuntu-ros2-dev/install/ament_xmllint:/work/ubuntu-ros2-dev/install/ament_lint_cmake:/work/ubuntu-ros2-dev/install/ament_copyright:/work/ubuntu-ros2-dev/install/ament_cmake_test:/work/ubuntu-ros2-dev/install/ament_pep257:/work/ubuntu-ros2-dev/install/ament_cmake_python:/work/ubuntu-ros2-dev/install/ament_flake8:/work/ubuntu-ros2-dev/install/ament_cmake_core:/work/ubuntu-ros2-dev/install/ament_package:/work/ubuntu-ros2-dev/install/ament_lint CMAKE_PREFIX_PATH=/work/ubuntu-ros2-dev/install/ament_cmake_xmllint:/work/ubuntu-ros2-dev/install/ament_cmake_copyright:/work/ubuntu-ros2-dev/install/ament_cmake_lint_cmake:/work/ubuntu-ros2-dev/install/ament_cmake_test:/work/ubuntu-ros2-dev/install/ament_cmake_python:/work/ubuntu-ros2-dev/install/ament_cmake_core PATH=/work/ubuntu-ros2-dev/install/ament_xmllint/bin:/work/ubuntu-ros2-dev/install/ament_lint_cmake/bin:/work/ubuntu-ros2-dev/install/ament_copyright/bin:/work/ubuntu-ros2-dev/install/ament_pep257/bin:/work/ubuntu-ros2-dev/install/ament_flake8/bin:${PATH} PYTHONPATH=/work/ubuntu-ros2-dev/build/ament_xmllint:/work/ubuntu-ros2-dev/install/ament_xmllint/lib/python3.10/site-packages:/work/ubuntu-ros2-dev/build/ament_lint_cmake:/work/ubuntu-ros2-dev/install/ament_lint_cmake/lib/python3.10/site-packages:/work/ubuntu-ros2-dev/build/ament_copyright:/work/ubuntu-ros2-dev/install/ament_copyright/lib/python3.10/site-packages:/work/ubuntu-ros2-dev/install/ament_cmake_test/lib/python3.10/site-packages:/work/ubuntu-ros2-dev/build/ament_pep257:/work/ubuntu-ros2-dev/install/ament_pep257/lib/python3.10/site-packages:/work/ubuntu-ros2-dev/build/ament_flake8:/work/ubuntu-ros2-dev/install/ament_flake8/lib/python3.10/site-packages:/work/ubuntu-ros2-dev/build/ament_package:/work/ubuntu-ros2-dev/install/ament_package/lib/python3.10/site-packages:/work/ubuntu-ros2-dev/build/ament_lint:/work/ubuntu-ros2-dev/install/ament_lint/lib/python3.10/site-packages /usr/bin/cmake /work/ubuntu-ros2-dev/src/eProsima/foonathan_memory_vendor -DCMAKE_INSTALL_PREFIX=/work/ubuntu-ros2-dev/install/foonathan_memory_vendor
[0.113s] -- The C compiler identification is GNU 11.4.0
[0.113s] -- The CXX compiler identification is GNU 11.4.0
[0.115s] -- Detecting C compiler ABI info
[0.169s] -- Detecting C compiler ABI info - done
[0.173s] -- Check for working C compiler: /usr/bin/cc - skipped
[0.173s] -- Detecting C compile features
[0.173s] -- Detecting C compile features - done
[0.175s] -- Detecting CXX compiler ABI info
[0.222s] -- Detecting CXX compiler ABI info - done
[0.223s] -- Check for working CXX compiler: /usr/bin/c++ - skipped
[0.224s] -- Detecting CXX compile features
[0.224s] -- Detecting CXX compile features - done
[0.251s] foonathan_memory not found.
[0.365s] -- Found Python3: /usr/bin/python3 (found version "3.10.12") found components: Interpreter 
[0.420s] -- Configuring done
[0.423s] -- Generating done
[0.424s] -- Build files have been written to: /work/ubuntu-ros2-dev/build/foonathan_memory_vendor
[0.509s] Invoked command in '/work/ubuntu-ros2-dev/build/foonathan_memory_vendor' returned '0': AMENT_PREFIX_PATH=/work/ubuntu-ros2-dev/install/ament_cmake_xmllint:/work/ubuntu-ros2-dev/install/ament_cmake_copyright:/work/ubuntu-ros2-dev/install/ament_cmake_lint_cmake:/work/ubuntu-ros2-dev/install/ament_xmllint:/work/ubuntu-ros2-dev/install/ament_lint_cmake:/work/ubuntu-ros2-dev/install/ament_copyright:/work/ubuntu-ros2-dev/install/ament_cmake_test:/work/ubuntu-ros2-dev/install/ament_pep257:/work/ubuntu-ros2-dev/install/ament_cmake_python:/work/ubuntu-ros2-dev/install/ament_flake8:/work/ubuntu-ros2-dev/install/ament_cmake_core:/work/ubuntu-ros2-dev/install/ament_package:/work/ubuntu-ros2-dev/install/ament_lint CMAKE_PREFIX_PATH=/work/ubuntu-ros2-dev/install/ament_cmake_xmllint:/work/ubuntu-ros2-dev/install/ament_cmake_copyright:/work/ubuntu-ros2-dev/install/ament_cmake_lint_cmake:/work/ubuntu-ros2-dev/install/ament_cmake_test:/work/ubuntu-ros2-dev/install/ament_cmake_python:/work/ubuntu-ros2-dev/install/ament_cmake_core PATH=/work/ubuntu-ros2-dev/install/ament_xmllint/bin:/work/ubuntu-ros2-dev/install/ament_lint_cmake/bin:/work/ubuntu-ros2-dev/install/ament_copyright/bin:/work/ubuntu-ros2-dev/install/ament_pep257/bin:/work/ubuntu-ros2-dev/install/ament_flake8/bin:${PATH} PYTHONPATH=/work/ubuntu-ros2-dev/build/ament_xmllint:/work/ubuntu-ros2-dev/install/ament_xmllint/lib/python3.10/site-packages:/work/ubuntu-ros2-dev/build/ament_lint_cmake:/work/ubuntu-ros2-dev/install/ament_lint_cmake/lib/python3.10/site-packages:/work/ubuntu-ros2-dev/build/ament_copyright:/work/ubuntu-ros2-dev/install/ament_copyright/lib/python3.10/site-packages:/work/ubuntu-ros2-dev/install/ament_cmake_test/lib/python3.10/site-packages:/work/ubuntu-ros2-dev/build/ament_pep257:/work/ubuntu-ros2-dev/install/ament_pep257/lib/python3.10/site-packages:/work/ubuntu-ros2-dev/build/ament_flake8:/work/ubuntu-ros2-dev/install/ament_flake8/lib/python3.10/site-packages:/work/ubuntu-ros2-dev/build/ament_package:/work/ubuntu-ros2-dev/install/ament_package/lib/python3.10/site-packages:/work/ubuntu-ros2-dev/build/ament_lint:/work/ubuntu-ros2-dev/install/ament_lint/lib/python3.10/site-packages /usr/bin/cmake /work/ubuntu-ros2-dev/src/eProsima/foonathan_memory_vendor -DCMAKE_INSTALL_PREFIX=/work/ubuntu-ros2-dev/install/foonathan_memory_vendor
[0.510s] Invoking command in '/work/ubuntu-ros2-dev/build/foonathan_memory_vendor': AMENT_PREFIX_PATH=/work/ubuntu-ros2-dev/install/ament_cmake_xmllint:/work/ubuntu-ros2-dev/install/ament_cmake_copyright:/work/ubuntu-ros2-dev/install/ament_cmake_lint_cmake:/work/ubuntu-ros2-dev/install/ament_xmllint:/work/ubuntu-ros2-dev/install/ament_lint_cmake:/work/ubuntu-ros2-dev/install/ament_copyright:/work/ubuntu-ros2-dev/install/ament_cmake_test:/work/ubuntu-ros2-dev/install/ament_pep257:/work/ubuntu-ros2-dev/install/ament_cmake_python:/work/ubuntu-ros2-dev/install/ament_flake8:/work/ubuntu-ros2-dev/install/ament_cmake_core:/work/ubuntu-ros2-dev/install/ament_package:/work/ubuntu-ros2-dev/install/ament_lint CMAKE_PREFIX_PATH=/work/ubuntu-ros2-dev/install/ament_cmake_xmllint:/work/ubuntu-ros2-dev/install/ament_cmake_copyright:/work/ubuntu-ros2-dev/install/ament_cmake_lint_cmake:/work/ubuntu-ros2-dev/install/ament_cmake_test:/work/ubuntu-ros2-dev/install/ament_cmake_python:/work/ubuntu-ros2-dev/install/ament_cmake_core PATH=/work/ubuntu-ros2-dev/install/ament_xmllint/bin:/work/ubuntu-ros2-dev/install/ament_lint_cmake/bin:/work/ubuntu-ros2-dev/install/ament_copyright/bin:/work/ubuntu-ros2-dev/install/ament_pep257/bin:/work/ubuntu-ros2-dev/install/ament_flake8/bin:${PATH} PYTHONPATH=/work/ubuntu-ros2-dev/build/ament_xmllint:/work/ubuntu-ros2-dev/install/ament_xmllint/lib/python3.10/site-packages:/work/ubuntu-ros2-dev/build/ament_lint_cmake:/work/ubuntu-ros2-dev/install/ament_lint_cmake/lib/python3.10/site-packages:/work/ubuntu-ros2-dev/build/ament_copyright:/work/ubuntu-ros2-dev/install/ament_copyright/lib/python3.10/site-packages:/work/ubuntu-ros2-dev/install/ament_cmake_test/lib/python3.10/site-packages:/work/ubuntu-ros2-dev/build/ament_pep257:/work/ubuntu-ros2-dev/install/ament_pep257/lib/python3.10/site-packages:/work/ubuntu-ros2-dev/build/ament_flake8:/work/ubuntu-ros2-dev/install/ament_flake8/lib/python3.10/site-packages:/work/ubuntu-ros2-dev/build/ament_package:/work/ubuntu-ros2-dev/install/ament_package/lib/python3.10/site-packages:/work/ubuntu-ros2-dev/build/ament_lint:/work/ubuntu-ros2-dev/install/ament_lint/lib/python3.10/site-packages /usr/bin/cmake --build /work/ubuntu-ros2-dev/build/foonathan_memory_vendor -- -j8 -l8
[0.619s] Cloning into 'foo_mem-ext'...
[0.619s] [ 12%] [34m[1mCreating directories for 'foo_mem-ext'[0m
[0.619s] [ 25%] [34m[1mPerforming download step (git clone) for 'foo_mem-ext'[0m
[1.830s] HEAD is now at 0f07757 Release 0.7-3
[1.856s] [ 37%] [34m[1mNo update step for 'foo_mem-ext'[0m
[1.871s] [ 50%] [34m[1mNo patch step for 'foo_mem-ext'[0m
[1.880s] [ 62%] [34m[1mPerforming configure step for 'foo_mem-ext'[0m
[1.926s] -- The C compiler identification is GNU 11.4.0
[1.956s] -- The CXX compiler identification is GNU 11.4.0
[1.959s] -- Detecting C compiler ABI info
[1.994s] -- Detecting C compiler ABI info - done
[1.997s] -- Check for working C compiler: /usr/bin/cc - skipped
[1.998s] -- Detecting C compile features
[1.998s] -- Detecting C compile features - done
[1.999s] -- Detecting CXX compiler ABI info
[2.044s] -- Detecting CXX compiler ABI info - done
[2.046s] -- Check for working CXX compiler: /usr/bin/c++ - skipped
[2.046s] -- Detecting CXX compile features
[2.048s] -- Detecting CXX compile features - done
[2.048s] -- Performing Test HAVE_CXX_ATOMIC_NOFLAG
[2.108s] -- Performing Test HAVE_CXX_ATOMIC_NOFLAG - Success
[2.109s] -- Getting container node sizes
[9.922s] -- Configuring done
[9.928s] -- Generating done
[9.929s] -- Build files have been written to: /work/ubuntu-ros2-dev/build/foonathan_memory_vendor/foo_mem-ext-prefix/src/foo_mem-ext-build
[9.955s] [ 75%] [34m[1mPerforming build step for 'foo_mem-ext'[0m
[9.986s] [  4%] [32mBuilding CXX object src/CMakeFiles/foonathan_memory.dir/detail/debug_helpers.cpp.o[0m
[9.987s] [ 13%] [32mBuilding CXX object src/CMakeFiles/foonathan_memory.dir/detail/free_list.cpp.o[0m
[9.987s] [ 18%] [32mBuilding CXX object src/CMakeFiles/foonathan_memory.dir/detail/assert.cpp.o[0m
[9.987s] [ 13%] [32mBuilding CXX object src/CMakeFiles/foonathan_memory.dir/detail/align.cpp.o[0m
[9.991s] [ 27%] [32mBuilding CXX object src/CMakeFiles/foonathan_memory.dir/detail/small_free_list.cpp.o[0m
[9.991s] [ 27%] [32mBuilding CXX object tool/CMakeFiles/foonathan_memory_node_size_debugger.dir/node_size_debugger.cpp.o[0m
[10.011s] [ 31%] [32mBuilding CXX object src/CMakeFiles/foonathan_memory.dir/detail/free_list_array.cpp.o[0m
[10.011s] [ 36%] [32mBuilding CXX object src/CMakeFiles/foonathan_memory.dir/debugging.cpp.o[0m
[10.027s] [ 40%] [32mBuilding CXX object src/CMakeFiles/foonathan_memory.dir/error.cpp.o[0m
[10.033s] [ 45%] [32mBuilding CXX object src/CMakeFiles/foonathan_memory.dir/heap_allocator.cpp.o[0m
[10.098s] [ 50%] [32mBuilding CXX object src/CMakeFiles/foonathan_memory.dir/malloc_allocator.cpp.o[0m
[10.104s] [ 54%] [32mBuilding CXX object src/CMakeFiles/foonathan_memory.dir/memory_arena.cpp.o[0m
[10.113s] [ 59%] [32mBuilding CXX object src/CMakeFiles/foonathan_memory.dir/iteration_allocator.cpp.o[0m
[10.139s] [ 63%] [32mBuilding CXX object src/CMakeFiles/foonathan_memory.dir/memory_pool.cpp.o[0m
[10.179s] [ 68%] [32mBuilding CXX object src/CMakeFiles/foonathan_memory.dir/memory_pool_collection.cpp.o[0m
[10.238s] [ 72%] [32mBuilding CXX object src/CMakeFiles/foonathan_memory.dir/memory_stack.cpp.o[0m
[10.254s] [ 77%] [32mBuilding CXX object src/CMakeFiles/foonathan_memory.dir/new_allocator.cpp.o[0m
[10.323s] [ 81%] [32mBuilding CXX object src/CMakeFiles/foonathan_memory.dir/static_allocator.cpp.o[0m
[10.369s] [ 86%] [32mBuilding CXX object src/CMakeFiles/foonathan_memory.dir/temporary_allocator.cpp.o[0m
[10.373s] [ 90%] [32mBuilding CXX object src/CMakeFiles/foonathan_memory.dir/virtual_memory.cpp.o[0m
[10.633s] [ 95%] [32m[1mLinking CXX static library libfoonathan_memory-0.7.3.a[0m
[10.806s] [ 95%] Built target foonathan_memory
[10.973s] In file included from [01m[K/usr/include/c++/11/bits/stl_algobase.h:64[m[K,
[10.973s]                  from [01m[K/usr/include/c++/11/bits/char_traits.h:39[m[K,
[10.974s]                  from [01m[K/usr/include/c++/11/ios:40[m[K,
[10.974s]                  from [01m[K/usr/include/c++/11/istream:38[m[K,
[10.974s]                  from [01m[K/usr/include/c++/11/fstream:38[m[K,
[10.974s]                  from [01m[K/work/ubuntu-ros2-dev/build/foonathan_memory_vendor/foo_mem-ext-prefix/src/foo_mem-ext/tool/node_size_debugger.cpp:6[m[K:
[10.974s] /usr/include/c++/11/bits/stl_pair.h: In instantiation of ‘[01m[Kconstexpr std::pair<typename std::__strip_reference_wrapper<typename std::decay<_Tp>::type>::__type, typename std::__strip_reference_wrapper<typename std::decay<_Tp2>::type>::__type> std::make_pair(_T1&&, _T2&&) [with _T1 = long double; _T2 = long double; typename std::__strip_reference_wrapper<typename std::decay<_Tp2>::type>::__type = long double; typename std::decay<_Tp2>::type = long double; typename std::__strip_reference_wrapper<typename std::decay<_Tp>::type>::__type = long double; typename std::decay<_Tp>::type = long double][m[K’:
[10.974s] [01m[K/work/ubuntu-ros2-dev/build/foonathan_memory_vendor/foo_mem-ext-prefix/src/foo_mem-ext/tool/node_size_debugger.hpp:205:34:[m[K   required from ‘[01m[Kstd::size_t debug_map::debug() [with T = long double; std::size_t = long unsigned int][m[K’
[10.974s] [01m[K/work/ubuntu-ros2-dev/build/foonathan_memory_vendor/foo_mem-ext-prefix/src/foo_mem-ext/tool/node_size_debugger.hpp:321:38:[m[K   required from ‘[01m[Kstd::size_t debug_single(Debugger) [with T = long double; Debugger = debug_map; std::size_t = long unsigned int][m[K’
[10.974s] [01m[K/work/ubuntu-ros2-dev/build/foonathan_memory_vendor/foo_mem-ext-prefix/src/foo_mem-ext/tool/node_size_debugger.hpp:342:75:[m[K   required from ‘[01m[Knode_size_map debug_impl(Debugger, std::tuple<_UTypes ...>) [with Debugger = debug_map; Types = {char, short int, int, long int, long double}; node_size_map = std::map<long unsigned int, long unsigned int>][m[K’
[10.974s] [01m[K/work/ubuntu-ros2-dev/build/foonathan_memory_vendor/foo_mem-ext-prefix/src/foo_mem-ext/tool/node_size_debugger.hpp:350:40:[m[K   required from ‘[01m[Kdebug_result debug(Debugger) [with Debugger = debug_map][m[K’
[10.974s] [01m[K/work/ubuntu-ros2-dev/build/foonathan_memory_vendor/foo_mem-ext-prefix/src/foo_mem-ext/tool/node_size_debugger.cpp:132:21:[m[K   required from ‘[01m[Kint serialize_impl(const Serializer&) [with Debugger = debug_map; Serializer = simple_serializer][m[K’
[10.974s] [01m[K/work/ubuntu-ros2-dev/build/foonathan_memory_vendor/foo_mem-ext-prefix/src/foo_mem-ext/tool/node_size_debugger.cpp:139:45:[m[K   required from ‘[01m[Kvoid serialize_impl(const Serializer&, std::tuple<_UTypes ...>) [with Serializer = simple_serializer; Debuggers = {debug_forward_list, debug_list, debug_set, debug_multiset, debug_unordered_set, debug_unordered_multiset, debug_map, debug_multimap, debug_unordered_map, debug_unordered_multimap, debug_shared_ptr_stateless, debug_shared_ptr_stateful}][m[K’
[10.974s] [01m[K/work/ubuntu-ros2-dev/build/foonathan_memory_vendor/foo_mem-ext-prefix/src/foo_mem-ext/tool/node_size_debugger.cpp:147:19:[m[K   required from ‘[01m[Kvoid serialize(const Serializer&) [with Serializer = simple_serializer][m[K’
[10.974s] [01m[K/work/ubuntu-ros2-dev/build/foonathan_memory_vendor/foo_mem-ext-prefix/src/foo_mem-ext/tool/node_size_debugger.cpp:202:18:[m[K   required from here
[10.974s] [01m[K/usr/include/c++/11/bits/stl_pair.h:567:5:[m[K [01;36m[Knote: [m[Kparameter passing for argument of type ‘[01m[Kstd::pair<long double, long double>[m[K’ when C++17 is enabled changed to match C++14 in GCC 10.1
[10.974s]   567 |     [01;36m[Kmake_pair[m[K(_T1&& __x, _T2&& __y)
[10.974s]       |     [01;36m[K^~~~~~~~~[m[K
[12.549s] [100%] [32m[1mLinking CXX executable nodesize_dbg[0m
[12.731s] [100%] Built target foonathan_memory_node_size_debugger
[12.771s] [ 87%] [34m[1mPerforming install step for 'foo_mem-ext'[0m
[12.873s] [35m[1mConsolidate compiler generated dependencies of target foonathan_memory_node_size_debugger[0m
[12.880s] [35m[1mConsolidate compiler generated dependencies of target foonathan_memory[0m
[12.910s] [  9%] Built target foonathan_memory_node_size_debugger
[12.931s] [100%] Built target foonathan_memory
[13.004s] [36mInstall the project...[0m
[13.034s] -- Install configuration: ""
[13.034s] -- Installing: /work/ubuntu-ros2-dev/build/foonathan_memory_vendor/foo_mem_ext_prj_install/lib/libfoonathan_memory-0.7.3.a
[13.034s] -- Installing: /work/ubuntu-ros2-dev/build/foonathan_memory_vendor/foo_mem_ext_prj_install/include/foonathan_memory/foonathan/memory/config_impl.hpp
[13.034s] -- Installing: /work/ubuntu-ros2-dev/build/foonathan_memory_vendor/foo_mem_ext_prj_install/include/foonathan_memory/foonathan/memory/detail/container_node_sizes_impl.hpp
[13.034s] -- Installing: /work/ubuntu-ros2-dev/build/foonathan_memory_vendor/foo_mem_ext_prj_install/include/foonathan_memory/foonathan/memory/aligned_allocator.hpp
[13.034s] -- Installing: /work/ubuntu-ros2-dev/build/foonathan_memory_vendor/foo_mem_ext_prj_install/include/foonathan_memory/foonathan/memory/allocator_storage.hpp
[13.034s] -- Installing: /work/ubuntu-ros2-dev/build/foonathan_memory_vendor/foo_mem_ext_prj_install/include/foonathan_memory/foonathan/memory/allocator_traits.hpp
[13.034s] -- Installing: /work/ubuntu-ros2-dev/build/foonathan_memory_vendor/foo_mem_ext_prj_install/include/foonathan_memory/foonathan/memory/config.hpp
[13.034s] -- Installing: /work/ubuntu-ros2-dev/build/foonathan_memory_vendor/foo_mem_ext_prj_install/include/foonathan_memory/foonathan/memory/container.hpp
[13.034s] -- Installing: /work/ubuntu-ros2-dev/build/foonathan_memory_vendor/foo_mem_ext_prj_install/include/foonathan_memory/foonathan/memory/debugging.hpp
[13.034s] -- Installing: /work/ubuntu-ros2-dev/build/foonathan_memory_vendor/foo_mem_ext_prj_install/include/foonathan_memory/foonathan/memory/default_allocator.hpp
[13.034s] -- Installing: /work/ubuntu-ros2-dev/build/foonathan_memory_vendor/foo_mem_ext_prj_install/include/foonathan_memory/foonathan/memory/deleter.hpp
[13.034s] -- Installing: /work/ubuntu-ros2-dev/build/foonathan_memory_vendor/foo_mem_ext_prj_install/include/foonathan_memory/foonathan/memory/error.hpp
[13.034s] -- Installing: /work/ubuntu-ros2-dev/build/foonathan_memory_vendor/foo_mem_ext_prj_install/include/foonathan_memory/foonathan/memory/fallback_allocator.hpp
[13.034s] -- Installing: /work/ubuntu-ros2-dev/build/foonathan_memory_vendor/foo_mem_ext_prj_install/include/foonathan_memory/foonathan/memory/malloc_allocator.hpp
[13.034s] -- Installing: /work/ubuntu-ros2-dev/build/foonathan_memory_vendor/foo_mem_ext_prj_install/include/foonathan_memory/foonathan/memory/heap_allocator.hpp
[13.034s] -- Installing: /work/ubuntu-ros2-dev/build/foonathan_memory_vendor/foo_mem_ext_prj_install/include/foonathan_memory/foonathan/memory/iteration_allocator.hpp
[13.034s] -- Installing: /work/ubuntu-ros2-dev/build/foonathan_memory_vendor/foo_mem_ext_prj_install/include/foonathan_memory/foonathan/memory/joint_allocator.hpp
[13.034s] -- Installing: /work/ubuntu-ros2-dev/build/foonathan_memory_vendor/foo_mem_ext_prj_install/include/foonathan_memory/foonathan/memory/memory_arena.hpp
[13.034s] -- Installing: /work/ubuntu-ros2-dev/build/foonathan_memory_vendor/foo_mem_ext_prj_install/include/foonathan_memory/foonathan/memory/memory_pool.hpp
[13.034s] -- Installing: /work/ubuntu-ros2-dev/build/foonathan_memory_vendor/foo_mem_ext_prj_install/include/foonathan_memory/foonathan/memory/memory_pool_collection.hpp
[13.034s] -- Installing: /work/ubuntu-ros2-dev/build/foonathan_memory_vendor/foo_mem_ext_prj_install/include/foonathan_memory/foonathan/memory/memory_pool_type.hpp
[13.034s] -- Installing: /work/ubuntu-ros2-dev/build/foonathan_memory_vendor/foo_mem_ext_prj_install/include/foonathan_memory/foonathan/memory/memory_resource_adapter.hpp
[13.034s] -- Installing: /work/ubuntu-ros2-dev/build/foonathan_memory_vendor/foo_mem_ext_prj_install/include/foonathan_memory/foonathan/memory/memory_stack.hpp
[13.034s] -- Installing: /work/ubuntu-ros2-dev/build/foonathan_memory_vendor/foo_mem_ext_prj_install/include/foonathan_memory/foonathan/memory/namespace_alias.hpp
[13.035s] -- Installing: /work/ubuntu-ros2-dev/build/foonathan_memory_vendor/foo_mem_ext_prj_install/include/foonathan_memory/foonathan/memory/new_allocator.hpp
[13.035s] -- Installing: /work/ubuntu-ros2-dev/build/foonathan_memory_vendor/foo_mem_ext_prj_install/include/foonathan_memory/foonathan/memory/segregator.hpp
[13.035s] -- Installing: /work/ubuntu-ros2-dev/build/foonathan_memory_vendor/foo_mem_ext_prj_install/include/foonathan_memory/foonathan/memory/smart_ptr.hpp
[13.035s] -- Installing: /work/ubuntu-ros2-dev/build/foonathan_memory_vendor/foo_mem_ext_prj_install/include/foonathan_memory/foonathan/memory/static_allocator.hpp
[13.035s] -- Installing: /work/ubuntu-ros2-dev/build/foonathan_memory_vendor/foo_mem_ext_prj_install/include/foonathan_memory/foonathan/memory/std_allocator.hpp
[13.035s] -- Installing: /work/ubuntu-ros2-dev/build/foonathan_memory_vendor/foo_mem_ext_prj_install/include/foonathan_memory/foonathan/memory/temporary_allocator.hpp
[13.035s] -- Installing: /work/ubuntu-ros2-dev/build/foonathan_memory_vendor/foo_mem_ext_prj_install/include/foonathan_memory/foonathan/memory/threading.hpp
[13.035s] -- Installing: /work/ubuntu-ros2-dev/build/foonathan_memory_vendor/foo_mem_ext_prj_install/include/foonathan_memory/foonathan/memory/tracking.hpp
[13.035s] -- Installing: /work/ubuntu-ros2-dev/build/foonathan_memory_vendor/foo_mem_ext_prj_install/include/foonathan_memory/foonathan/memory/virtual_memory.hpp
[13.035s] -- Installing: /work/ubuntu-ros2-dev/build/foonathan_memory_vendor/foo_mem_ext_prj_install/include/foonathan_memory/foonathan/memory/container_node_sizes_impl.hpp
[13.035s] -- Installing: /work/ubuntu-ros2-dev/build/foonathan_memory_vendor/foo_mem_ext_prj_install/include/foonathan_memory/foonathan/memory/detail/align.hpp
[13.035s] -- Installing: /work/ubuntu-ros2-dev/build/foonathan_memory_vendor/foo_mem_ext_prj_install/include/foonathan_memory/foonathan/memory/detail/assert.hpp
[13.035s] -- Installing: /work/ubuntu-ros2-dev/build/foonathan_memory_vendor/foo_mem_ext_prj_install/include/foonathan_memory/foonathan/memory/detail/container_node_sizes.hpp
[13.036s] -- Installing: /work/ubuntu-ros2-dev/build/foonathan_memory_vendor/foo_mem_ext_prj_install/include/foonathan_memory/foonathan/memory/detail/debug_helpers.hpp
[13.037s] -- Installing: /work/ubuntu-ros2-dev/build/foonathan_memory_vendor/foo_mem_ext_prj_install/include/foonathan_memory/foonathan/memory/detail/ebo_storage.hpp
[13.038s] -- Installing: /work/ubuntu-ros2-dev/build/foonathan_memory_vendor/foo_mem_ext_prj_install/include/foonathan_memory/foonathan/memory/detail/free_list.hpp
[13.038s] -- Installing: /work/ubuntu-ros2-dev/build/foonathan_memory_vendor/foo_mem_ext_prj_install/include/foonathan_memory/foonathan/memory/detail/free_list_array.hpp
[13.038s] -- Installing: /work/ubuntu-ros2-dev/build/foonathan_memory_vendor/foo_mem_ext_prj_install/include/foonathan_memory/foonathan/memory/detail/ilog2.hpp
[13.038s] -- Installing: /work/ubuntu-ros2-dev/build/foonathan_memory_vendor/foo_mem_ext_prj_install/include/foonathan_memory/foonathan/memory/detail/lowlevel_allocator.hpp
[13.038s] -- Installing: /work/ubuntu-ros2-dev/build/foonathan_memory_vendor/foo_mem_ext_prj_install/include/foonathan_memory/foonathan/memory/detail/memory_stack.hpp
[13.038s] -- Installing: /work/ubuntu-ros2-dev/build/foonathan_memory_vendor/foo_mem_ext_prj_install/include/foonathan_memory/foonathan/memory/detail/small_free_list.hpp
[13.038s] -- Installing: /work/ubuntu-ros2-dev/build/foonathan_memory_vendor/foo_mem_ext_prj_install/include/foonathan_memory/foonathan/memory/detail/utility.hpp
[13.038s] -- Installing: /work/ubuntu-ros2-dev/build/foonathan_memory_vendor/foo_mem_ext_prj_install/lib/foonathan_memory/cmake/foonathan_memory-config-version.cmake
[13.039s] -- Installing: /work/ubuntu-ros2-dev/build/foonathan_memory_vendor/foo_mem_ext_prj_install/bin/nodesize_dbg
[13.045s] -- Installing: /work/ubuntu-ros2-dev/build/foonathan_memory_vendor/foo_mem_ext_prj_install/share/foonathan_memory/LICENSE
[13.045s] -- Installing: /work/ubuntu-ros2-dev/build/foonathan_memory_vendor/foo_mem_ext_prj_install/share/foonathan_memory/README.md
[13.046s] -- Installing: /work/ubuntu-ros2-dev/build/foonathan_memory_vendor/foo_mem_ext_prj_install/lib/foonathan_memory/cmake/foonathan_memory-config.cmake
[13.046s] -- Installing: /work/ubuntu-ros2-dev/build/foonathan_memory_vendor/foo_mem_ext_prj_install/lib/foonathan_memory/cmake/foonathan_memory-config-noconfig.cmake
[13.108s] [100%] [34m[1mCompleted 'foo_mem-ext'[0m
[13.214s] [100%] Built target foo_mem-ext
[13.219s] Invoked command in '/work/ubuntu-ros2-dev/build/foonathan_memory_vendor' returned '0': AMENT_PREFIX_PATH=/work/ubuntu-ros2-dev/install/ament_cmake_xmllint:/work/ubuntu-ros2-dev/install/ament_cmake_copyright:/work/ubuntu-ros2-dev/install/ament_cmake_lint_cmake:/work/ubuntu-ros2-dev/install/ament_xmllint:/work/ubuntu-ros2-dev/install/ament_lint_cmake:/work/ubuntu-ros2-dev/install/ament_copyright:/work/ubuntu-ros2-dev/install/ament_cmake_test:/work/ubuntu-ros2-dev/install/ament_pep257:/work/ubuntu-ros2-dev/install/ament_cmake_python:/work/ubuntu-ros2-dev/install/ament_flake8:/work/ubuntu-ros2-dev/install/ament_cmake_core:/work/ubuntu-ros2-dev/install/ament_package:/work/ubuntu-ros2-dev/install/ament_lint CMAKE_PREFIX_PATH=/work/ubuntu-ros2-dev/install/ament_cmake_xmllint:/work/ubuntu-ros2-dev/install/ament_cmake_copyright:/work/ubuntu-ros2-dev/install/ament_cmake_lint_cmake:/work/ubuntu-ros2-dev/install/ament_cmake_test:/work/ubuntu-ros2-dev/install/ament_cmake_python:/work/ubuntu-ros2-dev/install/ament_cmake_core PATH=/work/ubuntu-ros2-dev/install/ament_xmllint/bin:/work/ubuntu-ros2-dev/install/ament_lint_cmake/bin:/work/ubuntu-ros2-dev/install/ament_copyright/bin:/work/ubuntu-ros2-dev/install/ament_pep257/bin:/work/ubuntu-ros2-dev/install/ament_flake8/bin:${PATH} PYTHONPATH=/work/ubuntu-ros2-dev/build/ament_xmllint:/work/ubuntu-ros2-dev/install/ament_xmllint/lib/python3.10/site-packages:/work/ubuntu-ros2-dev/build/ament_lint_cmake:/work/ubuntu-ros2-dev/install/ament_lint_cmake/lib/python3.10/site-packages:/work/ubuntu-ros2-dev/build/ament_copyright:/work/ubuntu-ros2-dev/install/ament_copyright/lib/python3.10/site-packages:/work/ubuntu-ros2-dev/install/ament_cmake_test/lib/python3.10/site-packages:/work/ubuntu-ros2-dev/build/ament_pep257:/work/ubuntu-ros2-dev/install/ament_pep257/lib/python3.10/site-packages:/work/ubuntu-ros2-dev/build/ament_flake8:/work/ubuntu-ros2-dev/install/ament_flake8/lib/python3.10/site-packages:/work/ubuntu-ros2-dev/build/ament_package:/work/ubuntu-ros2-dev/install/ament_package/lib/python3.10/site-packages:/work/ubuntu-ros2-dev/build/ament_lint:/work/ubuntu-ros2-dev/install/ament_lint/lib/python3.10/site-packages /usr/bin/cmake --build /work/ubuntu-ros2-dev/build/foonathan_memory_vendor -- -j8 -l8
[13.325s] Invoking command in '/work/ubuntu-ros2-dev/build/foonathan_memory_vendor': AMENT_PREFIX_PATH=/work/ubuntu-ros2-dev/install/ament_cmake_xmllint:/work/ubuntu-ros2-dev/install/ament_cmake_copyright:/work/ubuntu-ros2-dev/install/ament_cmake_lint_cmake:/work/ubuntu-ros2-dev/install/ament_xmllint:/work/ubuntu-ros2-dev/install/ament_lint_cmake:/work/ubuntu-ros2-dev/install/ament_copyright:/work/ubuntu-ros2-dev/install/ament_cmake_test:/work/ubuntu-ros2-dev/install/ament_pep257:/work/ubuntu-ros2-dev/install/ament_cmake_python:/work/ubuntu-ros2-dev/install/ament_flake8:/work/ubuntu-ros2-dev/install/ament_cmake_core:/work/ubuntu-ros2-dev/install/ament_package:/work/ubuntu-ros2-dev/install/ament_lint CMAKE_PREFIX_PATH=/work/ubuntu-ros2-dev/install/ament_cmake_xmllint:/work/ubuntu-ros2-dev/install/ament_cmake_copyright:/work/ubuntu-ros2-dev/install/ament_cmake_lint_cmake:/work/ubuntu-ros2-dev/install/ament_cmake_test:/work/ubuntu-ros2-dev/install/ament_cmake_python:/work/ubuntu-ros2-dev/install/ament_cmake_core PATH=/work/ubuntu-ros2-dev/install/ament_xmllint/bin:/work/ubuntu-ros2-dev/install/ament_lint_cmake/bin:/work/ubuntu-ros2-dev/install/ament_copyright/bin:/work/ubuntu-ros2-dev/install/ament_pep257/bin:/work/ubuntu-ros2-dev/install/ament_flake8/bin:${PATH} PYTHONPATH=/work/ubuntu-ros2-dev/build/ament_xmllint:/work/ubuntu-ros2-dev/install/ament_xmllint/lib/python3.10/site-packages:/work/ubuntu-ros2-dev/build/ament_lint_cmake:/work/ubuntu-ros2-dev/install/ament_lint_cmake/lib/python3.10/site-packages:/work/ubuntu-ros2-dev/build/ament_copyright:/work/ubuntu-ros2-dev/install/ament_copyright/lib/python3.10/site-packages:/work/ubuntu-ros2-dev/install/ament_cmake_test/lib/python3.10/site-packages:/work/ubuntu-ros2-dev/build/ament_pep257:/work/ubuntu-ros2-dev/install/ament_pep257/lib/python3.10/site-packages:/work/ubuntu-ros2-dev/build/ament_flake8:/work/ubuntu-ros2-dev/install/ament_flake8/lib/python3.10/site-packages:/work/ubuntu-ros2-dev/build/ament_package:/work/ubuntu-ros2-dev/install/ament_package/lib/python3.10/site-packages:/work/ubuntu-ros2-dev/build/ament_lint:/work/ubuntu-ros2-dev/install/ament_lint/lib/python3.10/site-packages /usr/bin/cmake --install /work/ubuntu-ros2-dev/build/foonathan_memory_vendor
[13.334s] -- Install configuration: ""
[13.334s] -- Installing: /work/ubuntu-ros2-dev/install/foonathan_memory_vendor
[13.334s] -- Installing: /work/ubuntu-ros2-dev/install/foonathan_memory_vendor/include
[13.334s] -- Installing: /work/ubuntu-ros2-dev/install/foonathan_memory_vendor/include/foonathan_memory
[13.334s] -- Installing: /work/ubuntu-ros2-dev/install/foonathan_memory_vendor/include/foonathan_memory/foonathan
[13.334s] -- Installing: /work/ubuntu-ros2-dev/install/foonathan_memory_vendor/include/foonathan_memory/foonathan/memory
[13.334s] -- Installing: /work/ubuntu-ros2-dev/install/foonathan_memory_vendor/include/foonathan_memory/foonathan/memory/memory_stack.hpp
[13.334s] -- Installing: /work/ubuntu-ros2-dev/install/foonathan_memory_vendor/include/foonathan_memory/foonathan/memory/container.hpp
[13.334s] -- Installing: /work/ubuntu-ros2-dev/install/foonathan_memory_vendor/include/foonathan_memory/foonathan/memory/heap_allocator.hpp
[13.334s] -- Installing: /work/ubuntu-ros2-dev/install/foonathan_memory_vendor/include/foonathan_memory/foonathan/memory/static_allocator.hpp
[13.334s] -- Installing: /work/ubuntu-ros2-dev/install/foonathan_memory_vendor/include/foonathan_memory/foonathan/memory/new_allocator.hpp
[13.334s] -- Installing: /work/ubuntu-ros2-dev/install/foonathan_memory_vendor/include/foonathan_memory/foonathan/memory/error.hpp
[13.334s] -- Installing: /work/ubuntu-ros2-dev/install/foonathan_memory_vendor/include/foonathan_memory/foonathan/memory/iteration_allocator.hpp
[13.334s] -- Installing: /work/ubuntu-ros2-dev/install/foonathan_memory_vendor/include/foonathan_memory/foonathan/memory/threading.hpp
[13.334s] -- Installing: /work/ubuntu-ros2-dev/install/foonathan_memory_vendor/include/foonathan_memory/foonathan/memory/malloc_allocator.hpp
[13.334s] -- Installing: /work/ubuntu-ros2-dev/install/foonathan_memory_vendor/include/foonathan_memory/foonathan/memory/namespace_alias.hpp
[13.334s] -- Installing: /work/ubuntu-ros2-dev/install/foonathan_memory_vendor/include/foonathan_memory/foonathan/memory/tracking.hpp
[13.334s] -- Installing: /work/ubuntu-ros2-dev/install/foonathan_memory_vendor/include/foonathan_memory/foonathan/memory/memory_pool_type.hpp
[13.334s] -- Installing: /work/ubuntu-ros2-dev/install/foonathan_memory_vendor/include/foonathan_memory/foonathan/memory/memory_resource_adapter.hpp
[13.334s] -- Installing: /work/ubuntu-ros2-dev/install/foonathan_memory_vendor/include/foonathan_memory/foonathan/memory/joint_allocator.hpp
[13.334s] -- Installing: /work/ubuntu-ros2-dev/install/foonathan_memory_vendor/include/foonathan_memory/foonathan/memory/segregator.hpp
[13.334s] -- Installing: /work/ubuntu-ros2-dev/install/foonathan_memory_vendor/include/foonathan_memory/foonathan/memory/fallback_allocator.hpp
[13.334s] -- Installing: /work/ubuntu-ros2-dev/install/foonathan_memory_vendor/include/foonathan_memory/foonathan/memory/std_allocator.hpp
[13.334s] -- Installing: /work/ubuntu-ros2-dev/install/foonathan_memory_vendor/include/foonathan_memory/foonathan/memory/temporary_allocator.hpp
[13.334s] -- Installing: /work/ubuntu-ros2-dev/install/foonathan_memory_vendor/include/foonathan_memory/foonathan/memory/debugging.hpp
[13.334s] -- Installing: /work/ubuntu-ros2-dev/install/foonathan_memory_vendor/include/foonathan_memory/foonathan/memory/virtual_memory.hpp
[13.334s] -- Installing: /work/ubuntu-ros2-dev/install/foonathan_memory_vendor/include/foonathan_memory/foonathan/memory/container_node_sizes_impl.hpp
[13.334s] -- Installing: /work/ubuntu-ros2-dev/install/foonathan_memory_vendor/include/foonathan_memory/foonathan/memory/default_allocator.hpp
[13.335s] -- Installing: /work/ubuntu-ros2-dev/install/foonathan_memory_vendor/include/foonathan_memory/foonathan/memory/memory_pool.hpp
[13.335s] -- Installing: /work/ubuntu-ros2-dev/install/foonathan_memory_vendor/include/foonathan_memory/foonathan/memory/deleter.hpp
[13.335s] -- Installing: /work/ubuntu-ros2-dev/install/foonathan_memory_vendor/include/foonathan_memory/foonathan/memory/allocator_traits.hpp
[13.335s] -- Installing: /work/ubuntu-ros2-dev/install/foonathan_memory_vendor/include/foonathan_memory/foonathan/memory/memory_arena.hpp
[13.335s] -- Installing: /work/ubuntu-ros2-dev/install/foonathan_memory_vendor/include/foonathan_memory/foonathan/memory/config_impl.hpp
[13.335s] -- Installing: /work/ubuntu-ros2-dev/install/foonathan_memory_vendor/include/foonathan_memory/foonathan/memory/memory_pool_collection.hpp
[13.335s] -- Installing: /work/ubuntu-ros2-dev/install/foonathan_memory_vendor/include/foonathan_memory/foonathan/memory/aligned_allocator.hpp
[13.335s] -- Installing: /work/ubuntu-ros2-dev/install/foonathan_memory_vendor/include/foonathan_memory/foonathan/memory/smart_ptr.hpp
[13.335s] -- Installing: /work/ubuntu-ros2-dev/install/foonathan_memory_vendor/include/foonathan_memory/foonathan/memory/allocator_storage.hpp
[13.335s] -- Installing: /work/ubuntu-ros2-dev/install/foonathan_memory_vendor/include/foonathan_memory/foonathan/memory/config.hpp
[13.335s] -- Installing: /work/ubuntu-ros2-dev/install/foonathan_memory_vendor/include/foonathan_memory/foonathan/memory/detail
[13.335s] -- Installing: /work/ubuntu-ros2-dev/install/foonathan_memory_vendor/include/foonathan_memory/foonathan/memory/detail/lowlevel_allocator.hpp
[13.335s] -- Installing: /work/ubuntu-ros2-dev/install/foonathan_memory_vendor/include/foonathan_memory/foonathan/memory/detail/ebo_storage.hpp
[13.335s] -- Installing: /work/ubuntu-ros2-dev/install/foonathan_memory_vendor/include/foonathan_memory/foonathan/memory/detail/utility.hpp
[13.335s] -- Installing: /work/ubuntu-ros2-dev/install/foonathan_memory_vendor/include/foonathan_memory/foonathan/memory/detail/memory_stack.hpp
[13.335s] -- Installing: /work/ubuntu-ros2-dev/install/foonathan_memory_vendor/include/foonathan_memory/foonathan/memory/detail/align.hpp
[13.335s] -- Installing: /work/ubuntu-ros2-dev/install/foonathan_memory_vendor/include/foonathan_memory/foonathan/memory/detail/ilog2.hpp
[13.335s] -- Installing: /work/ubuntu-ros2-dev/install/foonathan_memory_vendor/include/foonathan_memory/foonathan/memory/detail/assert.hpp
[13.335s] -- Installing: /work/ubuntu-ros2-dev/install/foonathan_memory_vendor/include/foonathan_memory/foonathan/memory/detail/free_list.hpp
[13.335s] -- Installing: /work/ubuntu-ros2-dev/install/foonathan_memory_vendor/include/foonathan_memory/foonathan/memory/detail/small_free_list.hpp
[13.335s] -- Installing: /work/ubuntu-ros2-dev/install/foonathan_memory_vendor/include/foonathan_memory/foonathan/memory/detail/debug_helpers.hpp
[13.335s] -- Installing: /work/ubuntu-ros2-dev/install/foonathan_memory_vendor/include/foonathan_memory/foonathan/memory/detail/container_node_sizes.hpp
[13.335s] -- Installing: /work/ubuntu-ros2-dev/install/foonathan_memory_vendor/include/foonathan_memory/foonathan/memory/detail/container_node_sizes_impl.hpp
[13.335s] -- Installing: /work/ubuntu-ros2-dev/install/foonathan_memory_vendor/include/foonathan_memory/foonathan/memory/detail/free_list_array.hpp
[13.335s] -- Installing: /work/ubuntu-ros2-dev/install/foonathan_memory_vendor/share
[13.335s] -- Installing: /work/ubuntu-ros2-dev/install/foonathan_memory_vendor/share/foonathan_memory
[13.335s] -- Installing: /work/ubuntu-ros2-dev/install/foonathan_memory_vendor/share/foonathan_memory/LICENSE
[13.335s] -- Installing: /work/ubuntu-ros2-dev/install/foonathan_memory_vendor/share/foonathan_memory/README.md
[13.335s] -- Installing: /work/ubuntu-ros2-dev/install/foonathan_memory_vendor/bin
[13.335s] -- Installing: /work/ubuntu-ros2-dev/install/foonathan_memory_vendor/bin/nodesize_dbg
[13.335s] -- Installing: /work/ubuntu-ros2-dev/install/foonathan_memory_vendor/lib
[13.335s] -- Installing: /work/ubuntu-ros2-dev/install/foonathan_memory_vendor/lib/libfoonathan_memory-0.7.3.a
[13.335s] -- Installing: /work/ubuntu-ros2-dev/install/foonathan_memory_vendor/lib/foonathan_memory
[13.335s] -- Installing: /work/ubuntu-ros2-dev/install/foonathan_memory_vendor/lib/foonathan_memory/cmake
[13.335s] -- Installing: /work/ubuntu-ros2-dev/install/foonathan_memory_vendor/lib/foonathan_memory/cmake/foonathan_memory-config-noconfig.cmake
[13.335s] -- Installing: /work/ubuntu-ros2-dev/install/foonathan_memory_vendor/lib/foonathan_memory/cmake/foonathan_memory-config-version.cmake
[13.335s] -- Installing: /work/ubuntu-ros2-dev/install/foonathan_memory_vendor/lib/foonathan_memory/cmake/foonathan_memory-config.cmake
[13.335s] -- Installing: /work/ubuntu-ros2-dev/install/foonathan_memory_vendor/share/foonathan_memory_vendor/package.xml
[13.335s] -- Installing: /work/ubuntu-ros2-dev/install/foonathan_memory_vendor/share/foonathan_memory_vendor/cmake/foonathan_memory_vendorConfig.cmake
[13.335s] -- Installing: /work/ubuntu-ros2-dev/install/foonathan_memory_vendor/share/foonathan_memory_vendor/cmake/foonathan_memory_vendorConfig-version.cmake
[13.346s] Invoked command in '/work/ubuntu-ros2-dev/build/foonathan_memory_vendor' returned '0': AMENT_PREFIX_PATH=/work/ubuntu-ros2-dev/install/ament_cmake_xmllint:/work/ubuntu-ros2-dev/install/ament_cmake_copyright:/work/ubuntu-ros2-dev/install/ament_cmake_lint_cmake:/work/ubuntu-ros2-dev/install/ament_xmllint:/work/ubuntu-ros2-dev/install/ament_lint_cmake:/work/ubuntu-ros2-dev/install/ament_copyright:/work/ubuntu-ros2-dev/install/ament_cmake_test:/work/ubuntu-ros2-dev/install/ament_pep257:/work/ubuntu-ros2-dev/install/ament_cmake_python:/work/ubuntu-ros2-dev/install/ament_flake8:/work/ubuntu-ros2-dev/install/ament_cmake_core:/work/ubuntu-ros2-dev/install/ament_package:/work/ubuntu-ros2-dev/install/ament_lint CMAKE_PREFIX_PATH=/work/ubuntu-ros2-dev/install/ament_cmake_xmllint:/work/ubuntu-ros2-dev/install/ament_cmake_copyright:/work/ubuntu-ros2-dev/install/ament_cmake_lint_cmake:/work/ubuntu-ros2-dev/install/ament_cmake_test:/work/ubuntu-ros2-dev/install/ament_cmake_python:/work/ubuntu-ros2-dev/install/ament_cmake_core PATH=/work/ubuntu-ros2-dev/install/ament_xmllint/bin:/work/ubuntu-ros2-dev/install/ament_lint_cmake/bin:/work/ubuntu-ros2-dev/install/ament_copyright/bin:/work/ubuntu-ros2-dev/install/ament_pep257/bin:/work/ubuntu-ros2-dev/install/ament_flake8/bin:${PATH} PYTHONPATH=/work/ubuntu-ros2-dev/build/ament_xmllint:/work/ubuntu-ros2-dev/install/ament_xmllint/lib/python3.10/site-packages:/work/ubuntu-ros2-dev/build/ament_lint_cmake:/work/ubuntu-ros2-dev/install/ament_lint_cmake/lib/python3.10/site-packages:/work/ubuntu-ros2-dev/build/ament_copyright:/work/ubuntu-ros2-dev/install/ament_copyright/lib/python3.10/site-packages:/work/ubuntu-ros2-dev/install/ament_cmake_test/lib/python3.10/site-packages:/work/ubuntu-ros2-dev/build/ament_pep257:/work/ubuntu-ros2-dev/install/ament_pep257/lib/python3.10/site-packages:/work/ubuntu-ros2-dev/build/ament_flake8:/work/ubuntu-ros2-dev/install/ament_flake8/lib/python3.10/site-packages:/work/ubuntu-ros2-dev/build/ament_package:/work/ubuntu-ros2-dev/install/ament_package/lib/python3.10/site-packages:/work/ubuntu-ros2-dev/build/ament_lint:/work/ubuntu-ros2-dev/install/ament_lint/lib/python3.10/site-packages /usr/bin/cmake --install /work/ubuntu-ros2-dev/build/foonathan_memory_vendor
