running develop
running egg_info
creating examples_rclpy_minimal_service.egg-info
writing examples_rclpy_minimal_service.egg-info/PKG-INFO
writing dependency_links to examples_rclpy_minimal_service.egg-info/dependency_links.txt
writing entry points to examples_rclpy_minimal_service.egg-info/entry_points.txt
writing requirements to examples_rclpy_minimal_service.egg-info/requires.txt
writing top-level names to examples_rclpy_minimal_service.egg-info/top_level.txt
writing manifest file 'examples_rclpy_minimal_service.egg-info/SOURCES.txt'
reading manifest file 'examples_rclpy_minimal_service.egg-info/SOURCES.txt'
writing manifest file 'examples_rclpy_minimal_service.egg-info/SOURCES.txt'
running build_ext
Creating /work/ubuntu-ros2-dev/install/examples_rclpy_minimal_service/lib/python3.10/site-packages/examples-rclpy-minimal-service.egg-link (link to .)
Installing service script to /work/ubuntu-ros2-dev/install/examples_rclpy_minimal_service/lib/examples_rclpy_minimal_service
Installing service_member_function script to /work/ubuntu-ros2-dev/install/examples_rclpy_minimal_service/lib/examples_rclpy_minimal_service

Installed /work/ubuntu-ros2-dev/build/examples_rclpy_minimal_service
running symlink_data
creating /work/ubuntu-ros2-dev/install/examples_rclpy_minimal_service/share/ament_index
creating /work/ubuntu-ros2-dev/install/examples_rclpy_minimal_service/share/ament_index/resource_index
creating /work/ubuntu-ros2-dev/install/examples_rclpy_minimal_service/share/ament_index/resource_index/packages
symbolically linking /work/ubuntu-ros2-dev/build/examples_rclpy_minimal_service/resource/examples_rclpy_minimal_service -> /work/ubuntu-ros2-dev/install/examples_rclpy_minimal_service/share/ament_index/resource_index/packages
symbolically linking /work/ubuntu-ros2-dev/build/examples_rclpy_minimal_service/package.xml -> /work/ubuntu-ros2-dev/install/examples_rclpy_minimal_service/share/examples_rclpy_minimal_service
