-- The C compiler identification is GNU 11.4.0
-- The CXX compiler identification is GNU 11.4.0
-- Detecting C compiler ABI info
-- Detecting C compiler ABI info - done
-- Check for working C compiler: /usr/bin/cc - skipped
-- Detecting C compile features
-- Detecting C compile features - done
-- Detecting CXX compiler ABI info
-- Detecting CXX compiler ABI info - done
-- Check for working CXX compiler: /usr/bin/c++ - skipped
-- Detecting CXX compile features
-- Detecting CXX compile features - done
-- Found ament_cmake: 2.5.2 (/work/ubuntu-ros2-dev/install/ament_cmake/share/ament_cmake/cmake)
-- Found Python3: /usr/bin/python3 (found version "3.10.12") found components: Interpreter 
-- Override CMake install command with custom implementation using symlinks instead of copying resources
-- Found example_interfaces: 0.12.0 (/work/ubuntu-ros2-dev/install/example_interfaces/share/example_interfaces/cmake)
-- Found rosidl_generator_c: 4.6.4 (/work/ubuntu-ros2-dev/install/rosidl_generator_c/share/rosidl_generator_c/cmake)
-- Found rosidl_generator_cpp: 4.6.4 (/work/ubuntu-ros2-dev/install/rosidl_generator_cpp/share/rosidl_generator_cpp/cmake)
-- Using all available rosidl_typesupport_c: rosidl_typesupport_fastrtps_c;rosidl_typesupport_introspection_c
-- Using all available rosidl_typesupport_cpp: rosidl_typesupport_introspection_cpp;rosidl_typesupport_fastrtps_cpp
-- Found rcl: 9.2.4 (/work/ubuntu-ros2-dev/install/rcl/share/rcl/cmake)
-- Found rmw_implementation_cmake: 7.3.1 (/work/ubuntu-ros2-dev/install/rmw_implementation_cmake/share/rmw_implementation_cmake/cmake)
-- Found rmw_fastrtps_cpp: 8.4.1 (/work/ubuntu-ros2-dev/install/rmw_fastrtps_cpp/share/rmw_fastrtps_cpp/cmake)
-- Found OpenSSL: /usr/lib/aarch64-linux-gnu/libcrypto.so (found version "3.0.2")  
-- Found FastRTPS: /work/ubuntu-ros2-dev/install/fastrtps/include (Required is at least version "2.13") 
-- Using RMW implementation 'rmw_fastrtps_cpp' as default
-- Found rclcpp: 28.1.5 (/work/ubuntu-ros2-dev/install/rclcpp/share/rclcpp/cmake)
-- Found rclcpp_components: 28.1.5 (/work/ubuntu-ros2-dev/install/rclcpp_components/share/rclcpp_components/cmake)
-- Found std_msgs: 5.3.5 (/work/ubuntu-ros2-dev/install/std_msgs/share/std_msgs/cmake)
-- Setting executor of one_off_timer to rclcpp::executors::SingleThreadedExecutor
-- Setting executor non-default value rclcpp::executors::SingleThreadedExecutor
-- Setting executor of reuse_timer to rclcpp::executors::SingleThreadedExecutor
-- Setting executor non-default value rclcpp::executors::SingleThreadedExecutor
-- Setting executor of list_parameters to rclcpp::executors::SingleThreadedExecutor
-- Setting executor non-default value rclcpp::executors::SingleThreadedExecutor
-- Setting executor of parameter_blackboard to rclcpp::executors::SingleThreadedExecutor
-- Setting executor non-default value rclcpp::executors::SingleThreadedExecutor
-- Setting executor of set_and_get_parameters to rclcpp::executors::SingleThreadedExecutor
-- Setting executor non-default value rclcpp::executors::SingleThreadedExecutor
-- Setting executor of parameter_events_async to rclcpp::executors::SingleThreadedExecutor
-- Setting executor non-default value rclcpp::executors::SingleThreadedExecutor
-- Setting executor of even_parameters_node to rclcpp::executors::SingleThreadedExecutor
-- Setting executor non-default value rclcpp::executors::SingleThreadedExecutor
-- Setting executor of set_parameters_callback to rclcpp::executors::SingleThreadedExecutor
-- Setting executor non-default value rclcpp::executors::SingleThreadedExecutor
-- Setting executor of add_two_ints_server to rclcpp::executors::SingleThreadedExecutor
-- Setting executor non-default value rclcpp::executors::SingleThreadedExecutor
-- Setting executor of add_two_ints_client_async to rclcpp::executors::SingleThreadedExecutor
-- Setting executor non-default value rclcpp::executors::SingleThreadedExecutor
-- Setting executor of introspection_service to rclcpp::executors::SingleThreadedExecutor
-- Setting executor non-default value rclcpp::executors::SingleThreadedExecutor
-- Setting executor of introspection_client to rclcpp::executors::SingleThreadedExecutor
-- Setting executor non-default value rclcpp::executors::SingleThreadedExecutor
-- Setting executor of content_filtering_publisher to rclcpp::executors::SingleThreadedExecutor
-- Setting executor non-default value rclcpp::executors::SingleThreadedExecutor
-- Setting executor of content_filtering_subscriber to rclcpp::executors::SingleThreadedExecutor
-- Setting executor non-default value rclcpp::executors::SingleThreadedExecutor
-- Setting executor of talker to rclcpp::executors::SingleThreadedExecutor
-- Setting executor non-default value rclcpp::executors::SingleThreadedExecutor
-- Setting executor of talker_loaned_message to rclcpp::executors::SingleThreadedExecutor
-- Setting executor non-default value rclcpp::executors::SingleThreadedExecutor
-- Setting executor of talker_serialized_message to rclcpp::executors::SingleThreadedExecutor
-- Setting executor non-default value rclcpp::executors::SingleThreadedExecutor
-- Setting executor of listener to rclcpp::executors::SingleThreadedExecutor
-- Setting executor non-default value rclcpp::executors::SingleThreadedExecutor
-- Setting executor of listener_serialized_message to rclcpp::executors::SingleThreadedExecutor
-- Setting executor non-default value rclcpp::executors::SingleThreadedExecutor
-- Setting executor of listener_best_effort to rclcpp::executors::SingleThreadedExecutor
-- Setting executor non-default value rclcpp::executors::SingleThreadedExecutor
-- Found ament_lint_auto: 0.17.1 (/work/ubuntu-ros2-dev/install/ament_lint_auto/share/ament_lint_auto/cmake)
-- Found python_cmake_module: 0.11.1 (/work/ubuntu-ros2-dev/install/python_cmake_module/share/python_cmake_module/cmake)
-- Found PythonExtra: /usr/bin/python3  
-- Added test 'copyright' to check source files copyright and LICENSE
-- Added test 'cppcheck' to perform static code analysis on C / C++ code
-- Configured cppcheck include dirs: $<BUILD_INTERFACE:/work/ubuntu-ros2-dev/src/ros2/demos/demo_nodes_cpp/include>
-- Configured cppcheck exclude dirs and/or files: 
-- Added test 'cpplint' to check C / C++ code against the Google style
-- Configured cpplint exclude dirs and/or files: 
-- Added test 'flake8' to check Python code syntax and style conventions
-- Configured 'flake8' exclude dirs and/or files: 
-- Added test 'lint_cmake' to check CMake code style
-- Added test 'pep257' to check Python code against some of the docstring style conventions in PEP 257
-- Added test 'uncrustify' to check C / C++ code style
-- Configured uncrustify additional arguments: 
-- Added test 'xmllint' to check XML markup files
-- Configuring done
-- Generating done
-- Build files have been written to: /work/ubuntu-ros2-dev/build/demo_nodes_cpp
[  1%] [32mBuilding CXX object CMakeFiles/allocator_tutorial.dir/src/topics/allocator_tutorial_pmr.cpp.o[0m
[  2%] [32m[1mLinking CXX executable allocator_tutorial[0m
[  2%] Built target allocator_tutorial
[  3%] [32mBuilding CXX object CMakeFiles/use_logger_service.dir/src/logging/use_logger_service.cpp.o[0m
[  4%] [32m[1mLinking CXX executable use_logger_service[0m
[  4%] Built target use_logger_service
[  5%] [32mBuilding CXX object CMakeFiles/one_off_timer_library.dir/src/timers/one_off_timer.cpp.o[0m
[  6%] [32m[1mLinking CXX shared library libone_off_timer_library.so[0m
[  6%] Built target one_off_timer_library
[  7%] [32mBuilding CXX object CMakeFiles/one_off_timer.dir/rclcpp_components/node_main_one_off_timer.cpp.o[0m
[  8%] [32m[1mLinking CXX executable one_off_timer[0m
[  8%] Built target one_off_timer
[  9%] [32mBuilding CXX object CMakeFiles/reuse_timer_library.dir/src/timers/reuse_timer.cpp.o[0m
[ 10%] [32m[1mLinking CXX shared library libreuse_timer_library.so[0m
[ 10%] Built target reuse_timer_library
[ 11%] [32mBuilding CXX object CMakeFiles/reuse_timer.dir/rclcpp_components/node_main_reuse_timer.cpp.o[0m
[ 12%] [32m[1mLinking CXX executable reuse_timer[0m
[ 12%] Built target reuse_timer
[ 13%] [32mBuilding CXX object CMakeFiles/list_parameters_library.dir/src/parameters/list_parameters.cpp.o[0m
[ 14%] [32m[1mLinking CXX shared library liblist_parameters_library.so[0m
[ 15%] [32mBuilding CXX object CMakeFiles/list_parameters.dir/rclcpp_components/node_main_list_parameters.cpp.o[0m
[ 15%] Built target list_parameters_library
[ 16%] [32mBuilding CXX object CMakeFiles/matched_event_detect.dir/src/events/matched_event_detect.cpp.o[0m
[ 17%] [32mBuilding CXX object CMakeFiles/parameter_blackboard_library.dir/src/parameters/parameter_blackboard.cpp.o[0m
[ 18%] [32mBuilding CXX object CMakeFiles/set_and_get_parameters_async.dir/src/parameters/set_and_get_parameters_async.cpp.o[0m
[ 19%] [32mBuilding CXX object CMakeFiles/parameter_event_handler.dir/src/parameters/parameter_event_handler.cpp.o[0m
[ 20%] [32mBuilding CXX object CMakeFiles/parameter_events.dir/src/parameters/parameter_events.cpp.o[0m
[ 21%] [32mBuilding CXX object CMakeFiles/list_parameters_async.dir/src/parameters/list_parameters_async.cpp.o[0m
[ 22%] [32m[1mLinking CXX executable list_parameters[0m
[ 22%] Built target list_parameters
[ 23%] [32m[1mLinking CXX shared library libparameter_blackboard_library.so[0m
[ 23%] Built target parameter_blackboard_library
[ 25%] [32m[1mLinking CXX executable set_and_get_parameters_async[0m
[ 25%] Built target set_and_get_parameters_async
[ 26%] [32m[1mLinking CXX executable list_parameters_async[0m
[ 26%] Built target list_parameters_async
[ 27%] [32m[1mLinking CXX executable matched_event_detect[0m
[ 27%] Built target matched_event_detect
[ 28%] [32m[1mLinking CXX executable parameter_events[0m
[ 29%] [32m[1mLinking CXX executable parameter_event_handler[0m
[ 29%] Built target parameter_events
[ 29%] Built target parameter_event_handler
[ 30%] [32mBuilding CXX object CMakeFiles/even_parameters_node_library.dir/src/parameters/even_parameters_node.cpp.o[0m
[ 31%] [32m[1mLinking CXX shared library libeven_parameters_node_library.so[0m
[ 31%] Built target even_parameters_node_library
[ 32%] [32mBuilding CXX object CMakeFiles/even_parameters_node.dir/rclcpp_components/node_main_even_parameters_node.cpp.o[0m
[ 33%] [32m[1mLinking CXX executable even_parameters_node[0m
[ 33%] Built target even_parameters_node
[ 34%] [32mBuilding CXX object CMakeFiles/set_parameters_callback_library.dir/src/parameters/set_parameters_callback.cpp.o[0m
[ 35%] [32m[1mLinking CXX shared library libset_parameters_callback_library.so[0m
[ 35%] Built target set_parameters_callback_library
[ 36%] [32mBuilding CXX object CMakeFiles/set_parameters_callback.dir/rclcpp_components/node_main_set_parameters_callback.cpp.o[0m
[ 37%] [32m[1mLinking CXX executable set_parameters_callback[0m
[ 37%] Built target set_parameters_callback
[ 38%] [32mBuilding CXX object CMakeFiles/add_two_ints_server_library.dir/src/services/add_two_ints_server.cpp.o[0m
[ 39%] [32m[1mLinking CXX shared library libadd_two_ints_server_library.so[0m
[ 39%] Built target add_two_ints_server_library
[ 40%] [32mBuilding CXX object CMakeFiles/add_two_ints_server.dir/rclcpp_components/node_main_add_two_ints_server.cpp.o[0m
[ 41%] [32m[1mLinking CXX executable add_two_ints_server[0m
[ 41%] Built target add_two_ints_server
[ 42%] [32mBuilding CXX object CMakeFiles/add_two_ints_client_async_library.dir/src/services/add_two_ints_client_async.cpp.o[0m
[ 43%] [32m[1mLinking CXX shared library libadd_two_ints_client_async_library.so[0m
[ 43%] Built target add_two_ints_client_async_library
[ 44%] [32mBuilding CXX object CMakeFiles/add_two_ints_client_async.dir/rclcpp_components/node_main_add_two_ints_client_async.cpp.o[0m
[ 45%] [32m[1mLinking CXX executable add_two_ints_client_async[0m
[ 45%] Built target add_two_ints_client_async
[ 46%] [32mBuilding CXX object CMakeFiles/introspection_service_library.dir/src/services/introspection_service.cpp.o[0m
[ 47%] [32m[1mLinking CXX shared library libintrospection_service_library.so[0m
[ 47%] Built target introspection_service_library
[ 48%] [32mBuilding CXX object CMakeFiles/introspection_service.dir/rclcpp_components/node_main_introspection_service.cpp.o[0m
[ 50%] [32m[1mLinking CXX executable introspection_service[0m
[ 50%] Built target introspection_service
[ 51%] [32mBuilding CXX object CMakeFiles/introspection_client_library.dir/src/services/introspection_client.cpp.o[0m
[ 52%] [32m[1mLinking CXX shared library libintrospection_client_library.so[0m
[ 52%] Built target introspection_client_library
[ 53%] [32mBuilding CXX object CMakeFiles/introspection_client.dir/rclcpp_components/node_main_introspection_client.cpp.o[0m
[ 54%] [32m[1mLinking CXX executable introspection_client[0m
[ 54%] Built target introspection_client
[ 55%] [32mBuilding CXX object CMakeFiles/content_filtering_publisher_library.dir/src/topics/content_filtering_publisher.cpp.o[0m
[ 56%] [32m[1mLinking CXX shared library libcontent_filtering_publisher_library.so[0m
[ 56%] Built target content_filtering_publisher_library
[ 57%] [32mBuilding CXX object CMakeFiles/content_filtering_publisher.dir/rclcpp_components/node_main_content_filtering_publisher.cpp.o[0m
[ 58%] [32m[1mLinking CXX executable content_filtering_publisher[0m
[ 58%] Built target content_filtering_publisher
[ 59%] [32mBuilding CXX object CMakeFiles/content_filtering_subscriber_library.dir/src/topics/content_filtering_subscriber.cpp.o[0m
[ 60%] [32m[1mLinking CXX shared library libcontent_filtering_subscriber_library.so[0m
[ 60%] Built target content_filtering_subscriber_library
[ 61%] [32mBuilding CXX object CMakeFiles/content_filtering_subscriber.dir/rclcpp_components/node_main_content_filtering_subscriber.cpp.o[0m
[ 62%] [32m[1mLinking CXX executable content_filtering_subscriber[0m
[ 62%] Built target content_filtering_subscriber
[ 63%] [32mBuilding CXX object CMakeFiles/talker_library.dir/src/topics/talker.cpp.o[0m
[ 64%] [32m[1mLinking CXX shared library libtalker_library.so[0m
[ 64%] Built target talker_library
[ 65%] [32mBuilding CXX object CMakeFiles/talker.dir/rclcpp_components/node_main_talker.cpp.o[0m
[ 66%] [32m[1mLinking CXX executable talker[0m
[ 66%] Built target talker
[ 67%] [32mBuilding CXX object CMakeFiles/talker_loaned_message_library.dir/src/topics/talker_loaned_message.cpp.o[0m
[ 68%] [32m[1mLinking CXX shared library libtalker_loaned_message_library.so[0m
[ 68%] Built target talker_loaned_message_library
[ 69%] [32mBuilding CXX object CMakeFiles/talker_loaned_message.dir/rclcpp_components/node_main_talker_loaned_message.cpp.o[0m
[ 70%] [32mBuilding CXX object CMakeFiles/talker_serialized_message_library.dir/src/topics/talker_serialized_message.cpp.o[0m
[ 71%] [32m[1mLinking CXX executable talker_loaned_message[0m
[ 71%] Built target talker_loaned_message
[ 72%] [32mBuilding CXX object CMakeFiles/parameter_events_async.dir/rclcpp_components/node_main_parameter_events_async.cpp.o[0m
[ 73%] [32mBuilding CXX object CMakeFiles/parameter_events_async_library.dir/src/parameters/parameter_events_async.cpp.o[0m
[ 75%] [32mBuilding CXX object CMakeFiles/talker_serialized_message.dir/rclcpp_components/node_main_talker_serialized_message.cpp.o[0m
[ 76%] [32mBuilding CXX object CMakeFiles/set_and_get_parameters.dir/rclcpp_components/node_main_set_and_get_parameters.cpp.o[0m
[ 77%] [32mBuilding CXX object CMakeFiles/set_and_get_parameters_library.dir/src/parameters/set_and_get_parameters.cpp.o[0m
[ 78%] [32mBuilding CXX object CMakeFiles/parameter_blackboard.dir/rclcpp_components/node_main_parameter_blackboard.cpp.o[0m
[ 79%] [32m[1mLinking CXX shared library libtalker_serialized_message_library.so[0m
[ 80%] [32m[1mLinking CXX executable parameter_events_async[0m
[ 80%] Built target talker_serialized_message_library
[ 80%] Built target parameter_events_async
[ 81%] [32m[1mLinking CXX executable talker_serialized_message[0m
[ 81%] Built target talker_serialized_message
[ 82%] [32m[1mLinking CXX executable parameter_blackboard[0m
[ 83%] [32m[1mLinking CXX shared library libset_and_get_parameters_library.so[0m
[ 84%] [32m[1mLinking CXX executable set_and_get_parameters[0m
[ 84%] Built target parameter_blackboard
[ 84%] Built target set_and_get_parameters_library
[ 84%] Built target set_and_get_parameters
[ 85%] [32m[1mLinking CXX shared library libparameter_events_async_library.so[0m
[ 85%] Built target parameter_events_async_library
[ 86%] [32mBuilding CXX object CMakeFiles/listener_best_effort.dir/rclcpp_components/node_main_listener_best_effort.cpp.o[0m
[ 87%] [32m[1mLinking CXX executable listener_best_effort[0m
[ 87%] Built target listener_best_effort
[ 88%] [32mBuilding CXX object CMakeFiles/listener_best_effort_library.dir/src/topics/listener_best_effort.cpp.o[0m
[ 89%] [32m[1mLinking CXX shared library liblistener_best_effort_library.so[0m
[ 89%] Built target listener_best_effort_library
[ 90%] [32mBuilding CXX object CMakeFiles/listener_serialized_message.dir/rclcpp_components/node_main_listener_serialized_message.cpp.o[0m
[ 91%] [32m[1mLinking CXX executable listener_serialized_message[0m
[ 91%] Built target listener_serialized_message
[ 92%] [32mBuilding CXX object CMakeFiles/listener_serialized_message_library.dir/src/topics/listener_serialized_message.cpp.o[0m
[ 93%] [32m[1mLinking CXX shared library liblistener_serialized_message_library.so[0m
[ 93%] Built target listener_serialized_message_library
[ 94%] [32mBuilding CXX object CMakeFiles/listener.dir/rclcpp_components/node_main_listener.cpp.o[0m
[ 95%] [32m[1mLinking CXX executable listener[0m
[ 95%] Built target listener
[ 96%] [32mBuilding CXX object CMakeFiles/listener_library.dir/src/topics/listener.cpp.o[0m
[ 97%] [32m[1mLinking CXX shared library liblistener_library.so[0m
[ 97%] Built target listener_library
[ 98%] [32mBuilding CXX object CMakeFiles/add_two_ints_client.dir/src/services/add_two_ints_client.cpp.o[0m
[100%] [32m[1mLinking CXX executable add_two_ints_client[0m
[100%] Built target add_two_ints_client
-- Install configuration: ""
-- Execute custom install script
-- Symlinking: /work/ubuntu-ros2-dev/install/demo_nodes_cpp/lib/demo_nodes_cpp/allocator_tutorial
-- Symlinking: /work/ubuntu-ros2-dev/install/demo_nodes_cpp/lib/demo_nodes_cpp/add_two_ints_client
-- Symlinking: /work/ubuntu-ros2-dev/install/demo_nodes_cpp/lib/demo_nodes_cpp/list_parameters_async
-- Symlinking: /work/ubuntu-ros2-dev/install/demo_nodes_cpp/lib/demo_nodes_cpp/parameter_events
-- Symlinking: /work/ubuntu-ros2-dev/install/demo_nodes_cpp/lib/demo_nodes_cpp/parameter_event_handler
-- Symlinking: /work/ubuntu-ros2-dev/install/demo_nodes_cpp/lib/demo_nodes_cpp/set_and_get_parameters_async
-- Symlinking: /work/ubuntu-ros2-dev/install/demo_nodes_cpp/lib/demo_nodes_cpp/matched_event_detect
-- Symlinking: /work/ubuntu-ros2-dev/install/demo_nodes_cpp/lib/demo_nodes_cpp/use_logger_service
-- Symlinking: /work/ubuntu-ros2-dev/install/demo_nodes_cpp/lib/libone_off_timer_library.so
-- Symlinking: /work/ubuntu-ros2-dev/install/demo_nodes_cpp/lib/demo_nodes_cpp/one_off_timer
-- Symlinking: /work/ubuntu-ros2-dev/install/demo_nodes_cpp/lib/libreuse_timer_library.so
-- Symlinking: /work/ubuntu-ros2-dev/install/demo_nodes_cpp/lib/demo_nodes_cpp/reuse_timer
-- Symlinking: /work/ubuntu-ros2-dev/install/demo_nodes_cpp/lib/liblist_parameters_library.so
-- Symlinking: /work/ubuntu-ros2-dev/install/demo_nodes_cpp/lib/demo_nodes_cpp/list_parameters
-- Symlinking: /work/ubuntu-ros2-dev/install/demo_nodes_cpp/lib/libparameter_blackboard_library.so
-- Symlinking: /work/ubuntu-ros2-dev/install/demo_nodes_cpp/lib/demo_nodes_cpp/parameter_blackboard
-- Symlinking: /work/ubuntu-ros2-dev/install/demo_nodes_cpp/lib/libset_and_get_parameters_library.so
-- Symlinking: /work/ubuntu-ros2-dev/install/demo_nodes_cpp/lib/demo_nodes_cpp/set_and_get_parameters
-- Symlinking: /work/ubuntu-ros2-dev/install/demo_nodes_cpp/lib/libparameter_events_async_library.so
-- Symlinking: /work/ubuntu-ros2-dev/install/demo_nodes_cpp/lib/demo_nodes_cpp/parameter_events_async
-- Symlinking: /work/ubuntu-ros2-dev/install/demo_nodes_cpp/lib/libeven_parameters_node_library.so
-- Symlinking: /work/ubuntu-ros2-dev/install/demo_nodes_cpp/lib/demo_nodes_cpp/even_parameters_node
-- Symlinking: /work/ubuntu-ros2-dev/install/demo_nodes_cpp/lib/libset_parameters_callback_library.so
-- Symlinking: /work/ubuntu-ros2-dev/install/demo_nodes_cpp/lib/demo_nodes_cpp/set_parameters_callback
-- Symlinking: /work/ubuntu-ros2-dev/install/demo_nodes_cpp/lib/libadd_two_ints_server_library.so
-- Symlinking: /work/ubuntu-ros2-dev/install/demo_nodes_cpp/lib/demo_nodes_cpp/add_two_ints_server
-- Symlinking: /work/ubuntu-ros2-dev/install/demo_nodes_cpp/lib/libadd_two_ints_client_async_library.so
-- Symlinking: /work/ubuntu-ros2-dev/install/demo_nodes_cpp/lib/demo_nodes_cpp/add_two_ints_client_async
-- Symlinking: /work/ubuntu-ros2-dev/install/demo_nodes_cpp/lib/libintrospection_service_library.so
-- Symlinking: /work/ubuntu-ros2-dev/install/demo_nodes_cpp/lib/demo_nodes_cpp/introspection_service
-- Symlinking: /work/ubuntu-ros2-dev/install/demo_nodes_cpp/lib/libintrospection_client_library.so
-- Symlinking: /work/ubuntu-ros2-dev/install/demo_nodes_cpp/lib/demo_nodes_cpp/introspection_client
-- Symlinking: /work/ubuntu-ros2-dev/install/demo_nodes_cpp/lib/libcontent_filtering_publisher_library.so
-- Symlinking: /work/ubuntu-ros2-dev/install/demo_nodes_cpp/lib/demo_nodes_cpp/content_filtering_publisher
-- Symlinking: /work/ubuntu-ros2-dev/install/demo_nodes_cpp/lib/libcontent_filtering_subscriber_library.so
-- Symlinking: /work/ubuntu-ros2-dev/install/demo_nodes_cpp/lib/demo_nodes_cpp/content_filtering_subscriber
-- Symlinking: /work/ubuntu-ros2-dev/install/demo_nodes_cpp/lib/libtalker_library.so
-- Symlinking: /work/ubuntu-ros2-dev/install/demo_nodes_cpp/lib/demo_nodes_cpp/talker
-- Symlinking: /work/ubuntu-ros2-dev/install/demo_nodes_cpp/lib/libtalker_loaned_message_library.so
-- Symlinking: /work/ubuntu-ros2-dev/install/demo_nodes_cpp/lib/demo_nodes_cpp/talker_loaned_message
-- Symlinking: /work/ubuntu-ros2-dev/install/demo_nodes_cpp/lib/libtalker_serialized_message_library.so
-- Symlinking: /work/ubuntu-ros2-dev/install/demo_nodes_cpp/lib/demo_nodes_cpp/talker_serialized_message
-- Symlinking: /work/ubuntu-ros2-dev/install/demo_nodes_cpp/lib/liblistener_library.so
-- Symlinking: /work/ubuntu-ros2-dev/install/demo_nodes_cpp/lib/demo_nodes_cpp/listener
-- Symlinking: /work/ubuntu-ros2-dev/install/demo_nodes_cpp/lib/liblistener_serialized_message_library.so
-- Symlinking: /work/ubuntu-ros2-dev/install/demo_nodes_cpp/lib/demo_nodes_cpp/listener_serialized_message
-- Symlinking: /work/ubuntu-ros2-dev/install/demo_nodes_cpp/lib/liblistener_best_effort_library.so
-- Symlinking: /work/ubuntu-ros2-dev/install/demo_nodes_cpp/lib/demo_nodes_cpp/listener_best_effort
-- Symlinking: /work/ubuntu-ros2-dev/install/demo_nodes_cpp/share/demo_nodes_cpp//launch/services/add_two_ints_async_launch.py
-- Symlinking: /work/ubuntu-ros2-dev/install/demo_nodes_cpp/share/demo_nodes_cpp//launch/services/add_two_ints_async_launch.xml
-- Symlinking: /work/ubuntu-ros2-dev/install/demo_nodes_cpp/share/demo_nodes_cpp//launch/services/add_two_ints_launch.py
-- Symlinking: /work/ubuntu-ros2-dev/install/demo_nodes_cpp/share/demo_nodes_cpp//launch/services/add_two_ints_launch.xml
-- Symlinking: /work/ubuntu-ros2-dev/install/demo_nodes_cpp/share/demo_nodes_cpp//launch/services/introspect_services_launch.py
-- Symlinking: /work/ubuntu-ros2-dev/install/demo_nodes_cpp/share/demo_nodes_cpp//launch/topics/talker_listener_best_effort_launch.py
-- Symlinking: /work/ubuntu-ros2-dev/install/demo_nodes_cpp/share/demo_nodes_cpp//launch/topics/talker_listener_best_effort_launch.xml
-- Symlinking: /work/ubuntu-ros2-dev/install/demo_nodes_cpp/share/demo_nodes_cpp//launch/topics/talker_listener_best_effort_launch.yaml
-- Symlinking: /work/ubuntu-ros2-dev/install/demo_nodes_cpp/share/demo_nodes_cpp//launch/topics/talker_listener_launch.py
-- Symlinking: /work/ubuntu-ros2-dev/install/demo_nodes_cpp/share/demo_nodes_cpp//launch/topics/talker_listener_launch.xml
-- Symlinking: /work/ubuntu-ros2-dev/install/demo_nodes_cpp/share/demo_nodes_cpp//launch/topics/talker_listener_launch.yaml
-- Symlinking: /work/ubuntu-ros2-dev/install/demo_nodes_cpp/share/ament_index/resource_index/package_run_dependencies/demo_nodes_cpp
-- Symlinking: /work/ubuntu-ros2-dev/install/demo_nodes_cpp/share/ament_index/resource_index/parent_prefix_path/demo_nodes_cpp
-- Symlinking: /work/ubuntu-ros2-dev/install/demo_nodes_cpp/share/demo_nodes_cpp/environment/ament_prefix_path.sh
-- Symlinking: /work/ubuntu-ros2-dev/install/demo_nodes_cpp/share/demo_nodes_cpp/environment/ament_prefix_path.dsv
-- Symlinking: /work/ubuntu-ros2-dev/install/demo_nodes_cpp/share/demo_nodes_cpp/environment/path.sh
-- Symlinking: /work/ubuntu-ros2-dev/install/demo_nodes_cpp/share/demo_nodes_cpp/environment/path.dsv
-- Symlinking: /work/ubuntu-ros2-dev/install/demo_nodes_cpp/share/demo_nodes_cpp/local_setup.bash
-- Symlinking: /work/ubuntu-ros2-dev/install/demo_nodes_cpp/share/demo_nodes_cpp/local_setup.sh
-- Symlinking: /work/ubuntu-ros2-dev/install/demo_nodes_cpp/share/demo_nodes_cpp/local_setup.zsh
-- Symlinking: /work/ubuntu-ros2-dev/install/demo_nodes_cpp/share/demo_nodes_cpp/local_setup.dsv
-- Symlinking: /work/ubuntu-ros2-dev/install/demo_nodes_cpp/share/demo_nodes_cpp/package.dsv
-- Symlinking: /work/ubuntu-ros2-dev/install/demo_nodes_cpp/share/ament_index/resource_index/packages/demo_nodes_cpp
-- Symlinking: /work/ubuntu-ros2-dev/install/demo_nodes_cpp/share/demo_nodes_cpp/cmake/demo_nodes_cppConfig.cmake
-- Symlinking: /work/ubuntu-ros2-dev/install/demo_nodes_cpp/share/demo_nodes_cpp/cmake/demo_nodes_cppConfig-version.cmake
-- Symlinking: /work/ubuntu-ros2-dev/install/demo_nodes_cpp/share/demo_nodes_cpp/package.xml
