-- The C compiler identification is GNU 11.4.0
-- The CXX compiler identification is GNU 11.4.0
-- Detecting C compiler ABI info
-- Detecting C compiler ABI info - done
-- Check for working C compiler: /usr/bin/cc - skipped
-- Detecting C compile features
-- Detecting C compile features - done
-- Detecting CXX compiler ABI info
-- Detecting CXX compiler ABI info - done
-- Check for working CXX compiler: /usr/bin/c++ - skipped
-- Detecting CXX compile features
-- Detecting CXX compile features - done
-- Found ament_cmake: 2.5.2 (/work/ubuntu-ros2-dev/install/ament_cmake/share/ament_cmake/cmake)
-- Found Python3: /usr/bin/python3 (found version "3.10.12") found components: Interpreter 
-- Override CMake install command with custom implementation using symlinks instead of copying resources
-- Found rclcpp: 28.1.5 (/work/ubuntu-ros2-dev/install/rclcpp/share/rclcpp/cmake)
-- Found rosidl_generator_c: 4.6.4 (/work/ubuntu-ros2-dev/install/rosidl_generator_c/share/rosidl_generator_c/cmake)
-- Found rosidl_generator_cpp: 4.6.4 (/work/ubuntu-ros2-dev/install/rosidl_generator_cpp/share/rosidl_generator_cpp/cmake)
-- Using all available rosidl_typesupport_c: rosidl_typesupport_fastrtps_c;rosidl_typesupport_introspection_c
-- Using all available rosidl_typesupport_cpp: rosidl_typesupport_introspection_cpp;rosidl_typesupport_fastrtps_cpp
-- Found rmw_implementation_cmake: 7.3.1 (/work/ubuntu-ros2-dev/install/rmw_implementation_cmake/share/rmw_implementation_cmake/cmake)
-- Found rmw_fastrtps_cpp: 8.4.1 (/work/ubuntu-ros2-dev/install/rmw_fastrtps_cpp/share/rmw_fastrtps_cpp/cmake)
-- Found OpenSSL: /usr/lib/aarch64-linux-gnu/libcrypto.so (found version "3.0.2")  
-- Found FastRTPS: /work/ubuntu-ros2-dev/install/fastrtps/include (Required is at least version "2.13") 
-- Using RMW implementation 'rmw_fastrtps_cpp' as default
-- Found pendulum_msgs: 0.33.5 (/work/ubuntu-ros2-dev/install/pendulum_msgs/share/pendulum_msgs/cmake)
-- Found rttest: 0.17.0 (/work/ubuntu-ros2-dev/install/rttest/share/rttest/cmake)
-- Found tlsf_cpp: 0.17.0 (/work/ubuntu-ros2-dev/install/tlsf_cpp/share/tlsf_cpp/cmake)
-- Found ament_lint_auto: 0.17.1 (/work/ubuntu-ros2-dev/install/ament_lint_auto/share/ament_lint_auto/cmake)
-- Found python_cmake_module: 0.11.1 (/work/ubuntu-ros2-dev/install/python_cmake_module/share/python_cmake_module/cmake)
-- Found PythonExtra: /usr/bin/python3  
-- Added test 'copyright' to check source files copyright and LICENSE
-- Added test 'cppcheck' to perform static code analysis on C / C++ code
-- Configured cppcheck include dirs: /work/ubuntu-ros2-dev/src/ros2/demos/pendulum_control/include
-- Configured cppcheck exclude dirs and/or files: 
-- Added test 'cpplint' to check C / C++ code against the Google style
-- Configured cpplint exclude dirs and/or files: 
-- Added test 'flake8' to check Python code syntax and style conventions
-- Configured 'flake8' exclude dirs and/or files: 
-- Added test 'lint_cmake' to check CMake code style
-- Added test 'pep257' to check Python code against some of the docstring style conventions in PEP 257
-- Added test 'uncrustify' to check C / C++ code style
-- Configured uncrustify additional arguments: 
-- Added test 'xmllint' to check XML markup files
-- Configuring done
-- Generating done
-- Build files have been written to: /work/ubuntu-ros2-dev/build/pendulum_control
[ 16%] [32mBuilding CXX object CMakeFiles/pendulum_demo.dir/src/pendulum_demo.cpp.o[0m
[ 33%] [32m[1mLinking CXX executable pendulum_demo[0m
[ 33%] Built target pendulum_demo
[ 50%] [32mBuilding CXX object CMakeFiles/pendulum_teleop.dir/src/pendulum_teleop.cpp.o[0m
[ 66%] [32m[1mLinking CXX executable pendulum_teleop[0m
[ 66%] Built target pendulum_teleop
[ 83%] [32mBuilding CXX object CMakeFiles/pendulum_logger.dir/src/pendulum_logger.cpp.o[0m
[100%] [32m[1mLinking CXX executable pendulum_logger[0m
[100%] Built target pendulum_logger
-- Install configuration: ""
-- Execute custom install script
-- Symlinking: /work/ubuntu-ros2-dev/install/pendulum_control/lib/pendulum_control/pendulum_demo
-- Symlinking: /work/ubuntu-ros2-dev/install/pendulum_control/lib/pendulum_control/pendulum_logger
-- Symlinking: /work/ubuntu-ros2-dev/install/pendulum_control/lib/pendulum_control/pendulum_teleop
-- Symlinking: /work/ubuntu-ros2-dev/install/pendulum_control/share/ament_index/resource_index/package_run_dependencies/pendulum_control
-- Symlinking: /work/ubuntu-ros2-dev/install/pendulum_control/share/ament_index/resource_index/parent_prefix_path/pendulum_control
-- Symlinking: /work/ubuntu-ros2-dev/install/pendulum_control/share/pendulum_control/environment/ament_prefix_path.sh
-- Symlinking: /work/ubuntu-ros2-dev/install/pendulum_control/share/pendulum_control/environment/ament_prefix_path.dsv
-- Symlinking: /work/ubuntu-ros2-dev/install/pendulum_control/share/pendulum_control/environment/path.sh
-- Symlinking: /work/ubuntu-ros2-dev/install/pendulum_control/share/pendulum_control/environment/path.dsv
-- Symlinking: /work/ubuntu-ros2-dev/install/pendulum_control/share/pendulum_control/local_setup.bash
-- Symlinking: /work/ubuntu-ros2-dev/install/pendulum_control/share/pendulum_control/local_setup.sh
-- Symlinking: /work/ubuntu-ros2-dev/install/pendulum_control/share/pendulum_control/local_setup.zsh
-- Symlinking: /work/ubuntu-ros2-dev/install/pendulum_control/share/pendulum_control/local_setup.dsv
-- Symlinking: /work/ubuntu-ros2-dev/install/pendulum_control/share/pendulum_control/package.dsv
-- Symlinking: /work/ubuntu-ros2-dev/install/pendulum_control/share/ament_index/resource_index/packages/pendulum_control
-- Symlinking: /work/ubuntu-ros2-dev/install/pendulum_control/share/pendulum_control/cmake/pendulum_controlConfig.cmake
-- Symlinking: /work/ubuntu-ros2-dev/install/pendulum_control/share/pendulum_control/cmake/pendulum_controlConfig-version.cmake
-- Symlinking: /work/ubuntu-ros2-dev/install/pendulum_control/share/pendulum_control/package.xml
