-- The C compiler identification is GNU 11.4.0
-- The CXX compiler identification is GNU 11.4.0
-- Detecting C compiler ABI info
-- Detecting C compiler ABI info - done
-- Check for working C compiler: /usr/bin/cc - skipped
-- Detecting C compile features
-- Detecting C compile features - done
-- Detecting CXX compiler ABI info
-- Detecting CXX compiler ABI info - done
-- Check for working CXX compiler: /usr/bin/c++ - skipped
-- Detecting CXX compile features
-- Detecting CXX compile features - done
-- Found ament_cmake: 2.5.2 (/work/ubuntu-ros2-dev/install/ament_cmake/share/ament_cmake/cmake)
-- Found Python3: /usr/bin/python3 (found version "3.10.12") found components: Interpreter 
-- Override CMake install command with custom implementation using symlinks instead of copying resources
-- Found rosidl_default_generators: 1.6.0 (/work/ubuntu-ros2-dev/install/rosidl_default_generators/share/rosidl_default_generators/cmake)
-- Using all available rosidl_typesupport_c: rosidl_typesupport_fastrtps_c;rosidl_typesupport_introspection_c
-- Using all available rosidl_typesupport_cpp: rosidl_typesupport_introspection_cpp;rosidl_typesupport_fastrtps_cpp
-- Found rosidl_adapter: 4.6.4 (/work/ubuntu-ros2-dev/install/rosidl_adapter/share/rosidl_adapter/cmake)
-- Found ament_cmake_cppcheck: 0.17.1 (/work/ubuntu-ros2-dev/install/ament_cmake_cppcheck/share/ament_cmake_cppcheck/cmake)
-- Found ament_cmake_cpplint: 0.17.1 (/work/ubuntu-ros2-dev/install/ament_cmake_cpplint/share/ament_cmake_cpplint/cmake)
-- Found ament_cmake_uncrustify: 0.17.1 (/work/ubuntu-ros2-dev/install/ament_cmake_uncrustify/share/ament_cmake_uncrustify/cmake)
-- Found ament_cmake_ros: 0.12.0 (/work/ubuntu-ros2-dev/install/ament_cmake_ros/share/ament_cmake_ros/cmake)
-- Using all available rosidl_typesupport_c: rosidl_typesupport_fastrtps_c;rosidl_typesupport_introspection_c
-- Using all available rosidl_typesupport_cpp: rosidl_typesupport_introspection_cpp;rosidl_typesupport_fastrtps_cpp
-- Found python_cmake_module: 0.11.1 (/work/ubuntu-ros2-dev/install/python_cmake_module/share/python_cmake_module/cmake)
-- Found PythonExtra: /usr/bin/python3  
-- Found Python3: /usr/bin/python3 (found version "3.10.12") found components: Interpreter Development NumPy Development.Module Development.Embed 
-- Found ament_cmake_flake8: 0.17.1 (/work/ubuntu-ros2-dev/install/ament_cmake_flake8/share/ament_cmake_flake8/cmake)
-- Found ament_cmake_pep257: 0.17.1 (/work/ubuntu-ros2-dev/install/ament_cmake_pep257/share/ament_cmake_pep257/cmake)
-- Configuring done
-- Generating done
-- Build files have been written to: /work/ubuntu-ros2-dev/build/std_srvs
[  1%] [34m[1mGenerating type hashes for ROS interfaces[0m
[  1%] Built target std_srvs__rosidl_generator_type_description
[  1%] Built target ament_cmake_python_symlink_std_srvs
[  3%] [34m[1mGenerating C code for ROS interfaces[0m
[  5%] [32mBuilding C object CMakeFiles/std_srvs__rosidl_generator_c.dir/rosidl_generator_c/std_srvs/srv/detail/empty__description.c.o[0m
[  7%] [32mBuilding C object CMakeFiles/std_srvs__rosidl_generator_c.dir/rosidl_generator_c/std_srvs/srv/detail/set_bool__type_support.c.o[0m
[  9%] [32mBuilding C object CMakeFiles/std_srvs__rosidl_generator_c.dir/rosidl_generator_c/std_srvs/srv/detail/trigger__description.c.o[0m
[ 11%] [32mBuilding C object CMakeFiles/std_srvs__rosidl_generator_c.dir/rosidl_generator_c/std_srvs/srv/detail/trigger__functions.c.o[0m
[ 12%] [32mBuilding C object CMakeFiles/std_srvs__rosidl_generator_c.dir/rosidl_generator_c/std_srvs/srv/detail/trigger__type_support.c.o[0m
[ 14%] [32mBuilding C object CMakeFiles/std_srvs__rosidl_generator_c.dir/rosidl_generator_c/std_srvs/srv/detail/set_bool__functions.c.o[0m
[ 16%] [32mBuilding C object CMakeFiles/std_srvs__rosidl_generator_c.dir/rosidl_generator_c/std_srvs/srv/detail/set_bool__description.c.o[0m
[ 18%] [32mBuilding C object CMakeFiles/std_srvs__rosidl_generator_c.dir/rosidl_generator_c/std_srvs/srv/detail/empty__type_support.c.o[0m
[ 20%] [32mBuilding C object CMakeFiles/std_srvs__rosidl_generator_c.dir/rosidl_generator_c/std_srvs/srv/detail/empty__functions.c.o[0m
[ 22%] [32m[1mLinking C shared library libstd_srvs__rosidl_generator_c.so[0m
[ 22%] Built target std_srvs__rosidl_generator_c
running egg_info
creating std_srvs.egg-info
writing std_srvs.egg-info/PKG-INFO
writing dependency_links to std_srvs.egg-info/dependency_links.txt
writing top-level names to std_srvs.egg-info/top_level.txt
writing manifest file 'std_srvs.egg-info/SOURCES.txt'
reading manifest file 'std_srvs.egg-info/SOURCES.txt'
writing manifest file 'std_srvs.egg-info/SOURCES.txt'
[ 22%] Built target ament_cmake_python_build_std_srvs_egg
[ 24%] [34m[1mGenerating C type support dispatch for ROS interfaces[0m
[ 25%] [32mBuilding CXX object CMakeFiles/std_srvs__rosidl_typesupport_c.dir/rosidl_typesupport_c/std_srvs/srv/empty__type_support.cpp.o[0m
[ 27%] [32mBuilding CXX object CMakeFiles/std_srvs__rosidl_typesupport_c.dir/rosidl_typesupport_c/std_srvs/srv/trigger__type_support.cpp.o[0m
[ 29%] [32mBuilding CXX object CMakeFiles/std_srvs__rosidl_typesupport_c.dir/rosidl_typesupport_c/std_srvs/srv/set_bool__type_support.cpp.o[0m
[ 31%] [32m[1mLinking CXX shared library libstd_srvs__rosidl_typesupport_c.so[0m
[ 31%] Built target std_srvs__rosidl_typesupport_c
[ 33%] [34m[1mGenerating C introspection for ROS interfaces[0m
[ 35%] [32mBuilding C object CMakeFiles/std_srvs__rosidl_typesupport_introspection_c.dir/rosidl_typesupport_introspection_c/std_srvs/srv/detail/empty__type_support.c.o[0m
[ 37%] [32mBuilding C object CMakeFiles/std_srvs__rosidl_typesupport_introspection_c.dir/rosidl_typesupport_introspection_c/std_srvs/srv/detail/trigger__type_support.c.o[0m
[ 38%] [32mBuilding C object CMakeFiles/std_srvs__rosidl_typesupport_introspection_c.dir/rosidl_typesupport_introspection_c/std_srvs/srv/detail/set_bool__type_support.c.o[0m
[ 40%] [32m[1mLinking C shared library libstd_srvs__rosidl_typesupport_introspection_c.so[0m
[ 40%] Built target std_srvs__rosidl_typesupport_introspection_c
[ 42%] [34m[1mGenerating C type support for eProsima Fast-RTPS[0m
[ 44%] [32mBuilding CXX object CMakeFiles/std_srvs__rosidl_typesupport_fastrtps_c.dir/rosidl_typesupport_fastrtps_c/std_srvs/srv/detail/empty__type_support_c.cpp.o[0m
[ 46%] [32mBuilding CXX object CMakeFiles/std_srvs__rosidl_typesupport_fastrtps_c.dir/rosidl_typesupport_fastrtps_c/std_srvs/srv/detail/trigger__type_support_c.cpp.o[0m
[ 48%] [32mBuilding CXX object CMakeFiles/std_srvs__rosidl_typesupport_fastrtps_c.dir/rosidl_typesupport_fastrtps_c/std_srvs/srv/detail/set_bool__type_support_c.cpp.o[0m
[ 50%] [32m[1mLinking CXX shared library libstd_srvs__rosidl_typesupport_fastrtps_c.so[0m
[ 50%] Built target std_srvs__rosidl_typesupport_fastrtps_c
[ 51%] [34m[1mGenerating C++ code for ROS interfaces[0m
[ 51%] Built target std_srvs__cpp
[ 53%] [34m[1mGenerating C++ type support dispatch for ROS interfaces[0m
[ 55%] [32mBuilding CXX object CMakeFiles/std_srvs__rosidl_typesupport_cpp.dir/rosidl_typesupport_cpp/std_srvs/srv/empty__type_support.cpp.o[0m
[ 57%] [32mBuilding CXX object CMakeFiles/std_srvs__rosidl_typesupport_cpp.dir/rosidl_typesupport_cpp/std_srvs/srv/trigger__type_support.cpp.o[0m
[ 59%] [32mBuilding CXX object CMakeFiles/std_srvs__rosidl_typesupport_cpp.dir/rosidl_typesupport_cpp/std_srvs/srv/set_bool__type_support.cpp.o[0m
[ 61%] [32m[1mLinking CXX shared library libstd_srvs__rosidl_typesupport_cpp.so[0m
[ 61%] Built target std_srvs__rosidl_typesupport_cpp
[ 62%] [34m[1mGenerating C++ type support for eProsima Fast-RTPS[0m
[ 64%] [32mBuilding CXX object CMakeFiles/std_srvs__rosidl_typesupport_fastrtps_cpp.dir/rosidl_typesupport_fastrtps_cpp/std_srvs/srv/detail/dds_fastrtps/empty__type_support.cpp.o[0m
[ 66%] [32mBuilding CXX object CMakeFiles/std_srvs__rosidl_typesupport_fastrtps_cpp.dir/rosidl_typesupport_fastrtps_cpp/std_srvs/srv/detail/dds_fastrtps/trigger__type_support.cpp.o[0m
[ 68%] [32mBuilding CXX object CMakeFiles/std_srvs__rosidl_typesupport_fastrtps_cpp.dir/rosidl_typesupport_fastrtps_cpp/std_srvs/srv/detail/dds_fastrtps/set_bool__type_support.cpp.o[0m
[ 70%] [32m[1mLinking CXX shared library libstd_srvs__rosidl_typesupport_fastrtps_cpp.so[0m
[ 70%] Built target std_srvs__rosidl_typesupport_fastrtps_cpp
[ 72%] [34m[1mGenerating C++ introspection for ROS interfaces[0m
[ 74%] [32mBuilding CXX object CMakeFiles/std_srvs__rosidl_typesupport_introspection_cpp.dir/rosidl_typesupport_introspection_cpp/std_srvs/srv/detail/empty__type_support.cpp.o[0m
[ 75%] [32mBuilding CXX object CMakeFiles/std_srvs__rosidl_typesupport_introspection_cpp.dir/rosidl_typesupport_introspection_cpp/std_srvs/srv/detail/trigger__type_support.cpp.o[0m
[ 77%] [32mBuilding CXX object CMakeFiles/std_srvs__rosidl_typesupport_introspection_cpp.dir/rosidl_typesupport_introspection_cpp/std_srvs/srv/detail/set_bool__type_support.cpp.o[0m
[ 79%] [32m[1mLinking CXX shared library libstd_srvs__rosidl_typesupport_introspection_cpp.so[0m
[ 79%] Built target std_srvs__rosidl_typesupport_introspection_cpp
[ 79%] Built target std_srvs
[ 81%] [34m[1mGenerating Python code for ROS interfaces[0m
[ 81%] Built target std_srvs__py
[ 83%] [32mBuilding C object CMakeFiles/std_srvs__rosidl_generator_py.dir/rosidl_generator_py/std_srvs/srv/_empty_s.c.o[0m
[ 85%] [32mBuilding C object CMakeFiles/std_srvs__rosidl_generator_py.dir/rosidl_generator_py/std_srvs/srv/_trigger_s.c.o[0m
[ 87%] [32mBuilding C object CMakeFiles/std_srvs__rosidl_generator_py.dir/rosidl_generator_py/std_srvs/srv/_set_bool_s.c.o[0m
[ 88%] [32m[1mLinking C shared library libstd_srvs__rosidl_generator_py.so[0m
[ 88%] Built target std_srvs__rosidl_generator_py
[ 90%] [32mBuilding C object CMakeFiles/std_srvs_s__rosidl_typesupport_fastrtps_c.dir/rosidl_generator_py/std_srvs/_std_srvs_s.ep.rosidl_typesupport_fastrtps_c.c.o[0m
[ 92%] [32m[1mLinking C shared module rosidl_generator_py/std_srvs/std_srvs_s__rosidl_typesupport_fastrtps_c.so[0m
[ 92%] Built target std_srvs_s__rosidl_typesupport_fastrtps_c
[ 94%] [32mBuilding C object CMakeFiles/std_srvs_s__rosidl_typesupport_c.dir/rosidl_generator_py/std_srvs/_std_srvs_s.ep.rosidl_typesupport_c.c.o[0m
[ 96%] [32m[1mLinking C shared module rosidl_generator_py/std_srvs/std_srvs_s__rosidl_typesupport_c.so[0m
[ 96%] Built target std_srvs_s__rosidl_typesupport_c
[ 98%] [32mBuilding C object CMakeFiles/std_srvs_s__rosidl_typesupport_introspection_c.dir/rosidl_generator_py/std_srvs/_std_srvs_s.ep.rosidl_typesupport_introspection_c.c.o[0m
[100%] [32m[1mLinking C shared module rosidl_generator_py/std_srvs/std_srvs_s__rosidl_typesupport_introspection_c.so[0m
[100%] Built target std_srvs_s__rosidl_typesupport_introspection_c
-- Install configuration: ""
-- Execute custom install script
-- Symlinking: /work/ubuntu-ros2-dev/install/std_srvs/share/ament_index/resource_index/rosidl_interfaces/std_srvs
-- Symlinking: /work/ubuntu-ros2-dev/install/std_srvs/share/std_srvs/srv/Empty.json
-- Symlinking: /work/ubuntu-ros2-dev/install/std_srvs/share/std_srvs/srv/SetBool.json
-- Symlinking: /work/ubuntu-ros2-dev/install/std_srvs/share/std_srvs/srv/Trigger.json
-- Symlinking: /work/ubuntu-ros2-dev/install/std_srvs/include/std_srvs/std_srvs/msg/rosidl_generator_c__visibility_control.h
-- Symlinking: /work/ubuntu-ros2-dev/install/std_srvs/include/std_srvs/std_srvs/srv/detail/empty__functions.h
-- Symlinking: /work/ubuntu-ros2-dev/install/std_srvs/include/std_srvs/std_srvs/srv/detail/empty__struct.h
-- Symlinking: /work/ubuntu-ros2-dev/install/std_srvs/include/std_srvs/std_srvs/srv/detail/empty__type_support.h
-- Symlinking: /work/ubuntu-ros2-dev/install/std_srvs/include/std_srvs/std_srvs/srv/detail/set_bool__functions.h
-- Symlinking: /work/ubuntu-ros2-dev/install/std_srvs/include/std_srvs/std_srvs/srv/detail/set_bool__struct.h
-- Symlinking: /work/ubuntu-ros2-dev/install/std_srvs/include/std_srvs/std_srvs/srv/detail/set_bool__type_support.h
-- Symlinking: /work/ubuntu-ros2-dev/install/std_srvs/include/std_srvs/std_srvs/srv/detail/trigger__functions.h
-- Symlinking: /work/ubuntu-ros2-dev/install/std_srvs/include/std_srvs/std_srvs/srv/detail/trigger__struct.h
-- Symlinking: /work/ubuntu-ros2-dev/install/std_srvs/include/std_srvs/std_srvs/srv/detail/trigger__type_support.h
-- Symlinking: /work/ubuntu-ros2-dev/install/std_srvs/include/std_srvs/std_srvs/srv/empty.h
-- Symlinking: /work/ubuntu-ros2-dev/install/std_srvs/include/std_srvs/std_srvs/srv/set_bool.h
-- Symlinking: /work/ubuntu-ros2-dev/install/std_srvs/include/std_srvs/std_srvs/srv/trigger.h
-- Symlinking: /work/ubuntu-ros2-dev/install/std_srvs/share/std_srvs/environment/library_path.sh
-- Symlinking: /work/ubuntu-ros2-dev/install/std_srvs/share/std_srvs/environment/library_path.dsv
-- Symlinking: /work/ubuntu-ros2-dev/install/std_srvs/include/std_srvs/std_srvs/msg/rosidl_typesupport_fastrtps_c__visibility_control.h
-- Symlinking: /work/ubuntu-ros2-dev/install/std_srvs/include/std_srvs/std_srvs/srv/detail/empty__rosidl_typesupport_fastrtps_c.h
-- Symlinking: /work/ubuntu-ros2-dev/install/std_srvs/include/std_srvs/std_srvs/srv/detail/set_bool__rosidl_typesupport_fastrtps_c.h
-- Symlinking: /work/ubuntu-ros2-dev/install/std_srvs/include/std_srvs/std_srvs/srv/detail/trigger__rosidl_typesupport_fastrtps_c.h
-- Symlinking: /work/ubuntu-ros2-dev/install/std_srvs/include/std_srvs/std_srvs/msg/rosidl_typesupport_introspection_c__visibility_control.h
-- Symlinking: /work/ubuntu-ros2-dev/install/std_srvs/include/std_srvs/std_srvs/srv/detail/empty__rosidl_typesupport_introspection_c.h
-- Symlinking: /work/ubuntu-ros2-dev/install/std_srvs/include/std_srvs/std_srvs/srv/detail/set_bool__rosidl_typesupport_introspection_c.h
-- Symlinking: /work/ubuntu-ros2-dev/install/std_srvs/include/std_srvs/std_srvs/srv/detail/trigger__rosidl_typesupport_introspection_c.h
-- Symlinking: /work/ubuntu-ros2-dev/install/std_srvs/include/std_srvs/std_srvs/msg/rosidl_generator_cpp__visibility_control.hpp
-- Symlinking: /work/ubuntu-ros2-dev/install/std_srvs/include/std_srvs/std_srvs/srv/detail/empty__builder.hpp
-- Symlinking: /work/ubuntu-ros2-dev/install/std_srvs/include/std_srvs/std_srvs/srv/detail/empty__struct.hpp
-- Symlinking: /work/ubuntu-ros2-dev/install/std_srvs/include/std_srvs/std_srvs/srv/detail/empty__traits.hpp
-- Symlinking: /work/ubuntu-ros2-dev/install/std_srvs/include/std_srvs/std_srvs/srv/detail/empty__type_support.hpp
-- Symlinking: /work/ubuntu-ros2-dev/install/std_srvs/include/std_srvs/std_srvs/srv/detail/set_bool__builder.hpp
-- Symlinking: /work/ubuntu-ros2-dev/install/std_srvs/include/std_srvs/std_srvs/srv/detail/set_bool__struct.hpp
-- Symlinking: /work/ubuntu-ros2-dev/install/std_srvs/include/std_srvs/std_srvs/srv/detail/set_bool__traits.hpp
-- Symlinking: /work/ubuntu-ros2-dev/install/std_srvs/include/std_srvs/std_srvs/srv/detail/set_bool__type_support.hpp
-- Symlinking: /work/ubuntu-ros2-dev/install/std_srvs/include/std_srvs/std_srvs/srv/detail/trigger__builder.hpp
-- Symlinking: /work/ubuntu-ros2-dev/install/std_srvs/include/std_srvs/std_srvs/srv/detail/trigger__struct.hpp
-- Symlinking: /work/ubuntu-ros2-dev/install/std_srvs/include/std_srvs/std_srvs/srv/detail/trigger__traits.hpp
-- Symlinking: /work/ubuntu-ros2-dev/install/std_srvs/include/std_srvs/std_srvs/srv/detail/trigger__type_support.hpp
-- Symlinking: /work/ubuntu-ros2-dev/install/std_srvs/include/std_srvs/std_srvs/srv/empty.hpp
-- Symlinking: /work/ubuntu-ros2-dev/install/std_srvs/include/std_srvs/std_srvs/srv/set_bool.hpp
-- Symlinking: /work/ubuntu-ros2-dev/install/std_srvs/include/std_srvs/std_srvs/srv/trigger.hpp
-- Symlinking: /work/ubuntu-ros2-dev/install/std_srvs/include/std_srvs/std_srvs/srv/detail/empty__rosidl_typesupport_introspection_cpp.hpp
-- Symlinking: /work/ubuntu-ros2-dev/install/std_srvs/include/std_srvs/std_srvs/srv/detail/set_bool__rosidl_typesupport_introspection_cpp.hpp
-- Symlinking: /work/ubuntu-ros2-dev/install/std_srvs/include/std_srvs/std_srvs/srv/detail/trigger__rosidl_typesupport_introspection_cpp.hpp
-- Symlinking: /work/ubuntu-ros2-dev/install/std_srvs/include/std_srvs/std_srvs/msg/rosidl_typesupport_fastrtps_cpp__visibility_control.h
-- Symlinking: /work/ubuntu-ros2-dev/install/std_srvs/include/std_srvs/std_srvs/srv/detail/empty__rosidl_typesupport_fastrtps_cpp.hpp
-- Symlinking: /work/ubuntu-ros2-dev/install/std_srvs/include/std_srvs/std_srvs/srv/detail/set_bool__rosidl_typesupport_fastrtps_cpp.hpp
-- Symlinking: /work/ubuntu-ros2-dev/install/std_srvs/include/std_srvs/std_srvs/srv/detail/trigger__rosidl_typesupport_fastrtps_cpp.hpp
-- Symlinking: /work/ubuntu-ros2-dev/install/std_srvs/share/std_srvs/environment/pythonpath.sh
-- Symlinking: /work/ubuntu-ros2-dev/install/std_srvs/share/std_srvs/environment/pythonpath.dsv
-- Symlinking: /work/ubuntu-ros2-dev/install/std_srvs/lib/python3.10/site-packages/std_srvs-5.3.5-py3.10.egg-info/PKG-INFO
-- Symlinking: /work/ubuntu-ros2-dev/install/std_srvs/lib/python3.10/site-packages/std_srvs-5.3.5-py3.10.egg-info/SOURCES.txt
-- Symlinking: /work/ubuntu-ros2-dev/install/std_srvs/lib/python3.10/site-packages/std_srvs-5.3.5-py3.10.egg-info/dependency_links.txt
-- Symlinking: /work/ubuntu-ros2-dev/install/std_srvs/lib/python3.10/site-packages/std_srvs-5.3.5-py3.10.egg-info/top_level.txt
-- Symlinking: /work/ubuntu-ros2-dev/install/std_srvs/lib/python3.10/site-packages/std_srvs/__init__.py
-- Symlinking: /work/ubuntu-ros2-dev/install/std_srvs/lib/python3.10/site-packages/std_srvs/_std_srvs_s.ep.rosidl_typesupport_c.c
-- Symlinking: /work/ubuntu-ros2-dev/install/std_srvs/lib/python3.10/site-packages/std_srvs/_std_srvs_s.ep.rosidl_typesupport_fastrtps_c.c
-- Symlinking: /work/ubuntu-ros2-dev/install/std_srvs/lib/python3.10/site-packages/std_srvs/_std_srvs_s.ep.rosidl_typesupport_introspection_c.c
-- Symlinking: /work/ubuntu-ros2-dev/install/std_srvs/lib/python3.10/site-packages/std_srvs/srv/__init__.py
-- Symlinking: /work/ubuntu-ros2-dev/install/std_srvs/lib/python3.10/site-packages/std_srvs/srv/_empty.py
-- Symlinking: /work/ubuntu-ros2-dev/install/std_srvs/lib/python3.10/site-packages/std_srvs/srv/_empty_s.c
-- Symlinking: /work/ubuntu-ros2-dev/install/std_srvs/lib/python3.10/site-packages/std_srvs/srv/_set_bool.py
-- Symlinking: /work/ubuntu-ros2-dev/install/std_srvs/lib/python3.10/site-packages/std_srvs/srv/_set_bool_s.c
-- Symlinking: /work/ubuntu-ros2-dev/install/std_srvs/lib/python3.10/site-packages/std_srvs/srv/_trigger.py
-- Symlinking: /work/ubuntu-ros2-dev/install/std_srvs/lib/python3.10/site-packages/std_srvs/srv/_trigger_s.c
-- Symlinking: /work/ubuntu-ros2-dev/install/std_srvs/lib/python3.10/site-packages/std_srvs/std_srvs_s__rosidl_typesupport_c.so
-- Symlinking: /work/ubuntu-ros2-dev/install/std_srvs/lib/python3.10/site-packages/std_srvs/std_srvs_s__rosidl_typesupport_fastrtps_c.so
-- Symlinking: /work/ubuntu-ros2-dev/install/std_srvs/lib/python3.10/site-packages/std_srvs/std_srvs_s__rosidl_typesupport_introspection_c.so
-- Up-to-date symlink: /work/ubuntu-ros2-dev/install/std_srvs/lib/python3.10/site-packages/std_srvs/std_srvs_s__rosidl_typesupport_fastrtps_c.so
-- Up-to-date symlink: /work/ubuntu-ros2-dev/install/std_srvs/lib/python3.10/site-packages/std_srvs/std_srvs_s__rosidl_typesupport_introspection_c.so
-- Up-to-date symlink: /work/ubuntu-ros2-dev/install/std_srvs/lib/python3.10/site-packages/std_srvs/std_srvs_s__rosidl_typesupport_c.so
-- Symlinking: /work/ubuntu-ros2-dev/install/std_srvs/share/std_srvs/srv/Empty.idl
-- Symlinking: /work/ubuntu-ros2-dev/install/std_srvs/share/std_srvs/srv/SetBool.idl
-- Symlinking: /work/ubuntu-ros2-dev/install/std_srvs/share/std_srvs/srv/Trigger.idl
-- Symlinking: /work/ubuntu-ros2-dev/install/std_srvs/share/std_srvs/srv/Empty.srv
-- Symlinking: /work/ubuntu-ros2-dev/install/std_srvs/share/std_srvs/srv/SetBool.srv
-- Symlinking: /work/ubuntu-ros2-dev/install/std_srvs/share/std_srvs/srv/Trigger.srv
-- Symlinking: /work/ubuntu-ros2-dev/install/std_srvs/share/ament_index/resource_index/package_run_dependencies/std_srvs
-- Symlinking: /work/ubuntu-ros2-dev/install/std_srvs/share/ament_index/resource_index/parent_prefix_path/std_srvs
-- Symlinking: /work/ubuntu-ros2-dev/install/std_srvs/share/std_srvs/environment/ament_prefix_path.sh
-- Symlinking: /work/ubuntu-ros2-dev/install/std_srvs/share/std_srvs/environment/ament_prefix_path.dsv
-- Symlinking: /work/ubuntu-ros2-dev/install/std_srvs/share/std_srvs/environment/path.sh
-- Symlinking: /work/ubuntu-ros2-dev/install/std_srvs/share/std_srvs/environment/path.dsv
-- Symlinking: /work/ubuntu-ros2-dev/install/std_srvs/share/std_srvs/local_setup.bash
-- Symlinking: /work/ubuntu-ros2-dev/install/std_srvs/share/std_srvs/local_setup.sh
-- Symlinking: /work/ubuntu-ros2-dev/install/std_srvs/share/std_srvs/local_setup.zsh
-- Symlinking: /work/ubuntu-ros2-dev/install/std_srvs/share/std_srvs/local_setup.dsv
-- Symlinking: /work/ubuntu-ros2-dev/install/std_srvs/share/std_srvs/package.dsv
-- Symlinking: /work/ubuntu-ros2-dev/install/std_srvs/share/ament_index/resource_index/packages/std_srvs
-- Symlinking: /work/ubuntu-ros2-dev/install/std_srvs/share/std_srvs/cmake/rosidl_cmake-extras.cmake
-- Symlinking: /work/ubuntu-ros2-dev/install/std_srvs/share/std_srvs/cmake/ament_cmake_export_dependencies-extras.cmake
-- Symlinking: /work/ubuntu-ros2-dev/install/std_srvs/share/std_srvs/cmake/ament_cmake_export_include_directories-extras.cmake
-- Symlinking: /work/ubuntu-ros2-dev/install/std_srvs/share/std_srvs/cmake/ament_cmake_export_libraries-extras.cmake
-- Symlinking: /work/ubuntu-ros2-dev/install/std_srvs/share/std_srvs/cmake/ament_cmake_export_targets-extras.cmake
-- Symlinking: /work/ubuntu-ros2-dev/install/std_srvs/share/std_srvs/cmake/rosidl_cmake_export_typesupport_targets-extras.cmake
-- Symlinking: /work/ubuntu-ros2-dev/install/std_srvs/share/std_srvs/cmake/rosidl_cmake_export_typesupport_libraries-extras.cmake
-- Symlinking: /work/ubuntu-ros2-dev/install/std_srvs/share/std_srvs/cmake/std_srvsConfig.cmake
-- Symlinking: /work/ubuntu-ros2-dev/install/std_srvs/share/std_srvs/cmake/std_srvsConfig-version.cmake
-- Symlinking: /work/ubuntu-ros2-dev/install/std_srvs/share/std_srvs/package.xml
-- Installing: /work/ubuntu-ros2-dev/install/std_srvs/lib/libstd_srvs__rosidl_generator_c.so
-- Set runtime path of "/work/ubuntu-ros2-dev/install/std_srvs/lib/libstd_srvs__rosidl_generator_c.so" to ""
-- Installing: /work/ubuntu-ros2-dev/install/std_srvs/lib/libstd_srvs__rosidl_typesupport_fastrtps_c.so
-- Set runtime path of "/work/ubuntu-ros2-dev/install/std_srvs/lib/libstd_srvs__rosidl_typesupport_fastrtps_c.so" to ""
-- Installing: /work/ubuntu-ros2-dev/install/std_srvs/lib/libstd_srvs__rosidl_typesupport_introspection_c.so
-- Set runtime path of "/work/ubuntu-ros2-dev/install/std_srvs/lib/libstd_srvs__rosidl_typesupport_introspection_c.so" to ""
-- Installing: /work/ubuntu-ros2-dev/install/std_srvs/lib/libstd_srvs__rosidl_typesupport_c.so
-- Set runtime path of "/work/ubuntu-ros2-dev/install/std_srvs/lib/libstd_srvs__rosidl_typesupport_c.so" to ""
-- Installing: /work/ubuntu-ros2-dev/install/std_srvs/lib/libstd_srvs__rosidl_typesupport_introspection_cpp.so
-- Set runtime path of "/work/ubuntu-ros2-dev/install/std_srvs/lib/libstd_srvs__rosidl_typesupport_introspection_cpp.so" to ""
-- Installing: /work/ubuntu-ros2-dev/install/std_srvs/lib/libstd_srvs__rosidl_typesupport_fastrtps_cpp.so
-- Set runtime path of "/work/ubuntu-ros2-dev/install/std_srvs/lib/libstd_srvs__rosidl_typesupport_fastrtps_cpp.so" to ""
-- Installing: /work/ubuntu-ros2-dev/install/std_srvs/lib/libstd_srvs__rosidl_typesupport_cpp.so
-- Set runtime path of "/work/ubuntu-ros2-dev/install/std_srvs/lib/libstd_srvs__rosidl_typesupport_cpp.so" to ""
Listing '/work/ubuntu-ros2-dev/install/std_srvs/lib/python3.10/site-packages/std_srvs'...
Compiling '/work/ubuntu-ros2-dev/install/std_srvs/lib/python3.10/site-packages/std_srvs/__init__.py'...
Listing '/work/ubuntu-ros2-dev/install/std_srvs/lib/python3.10/site-packages/std_srvs/srv'...
Compiling '/work/ubuntu-ros2-dev/install/std_srvs/lib/python3.10/site-packages/std_srvs/srv/__init__.py'...
Compiling '/work/ubuntu-ros2-dev/install/std_srvs/lib/python3.10/site-packages/std_srvs/srv/_empty.py'...
Compiling '/work/ubuntu-ros2-dev/install/std_srvs/lib/python3.10/site-packages/std_srvs/srv/_set_bool.py'...
Compiling '/work/ubuntu-ros2-dev/install/std_srvs/lib/python3.10/site-packages/std_srvs/srv/_trigger.py'...
-- Installing: /work/ubuntu-ros2-dev/install/std_srvs/lib/libstd_srvs__rosidl_generator_py.so
-- Set runtime path of "/work/ubuntu-ros2-dev/install/std_srvs/lib/libstd_srvs__rosidl_generator_py.so" to ""
-- Installing: /work/ubuntu-ros2-dev/install/std_srvs/share/std_srvs/cmake/export_std_srvs__rosidl_generator_cExport.cmake
-- Installing: /work/ubuntu-ros2-dev/install/std_srvs/share/std_srvs/cmake/export_std_srvs__rosidl_generator_cExport-noconfig.cmake
-- Installing: /work/ubuntu-ros2-dev/install/std_srvs/share/std_srvs/cmake/export_std_srvs__rosidl_typesupport_fastrtps_cExport.cmake
-- Installing: /work/ubuntu-ros2-dev/install/std_srvs/share/std_srvs/cmake/export_std_srvs__rosidl_typesupport_fastrtps_cExport-noconfig.cmake
-- Installing: /work/ubuntu-ros2-dev/install/std_srvs/share/std_srvs/cmake/std_srvs__rosidl_typesupport_introspection_cExport.cmake
-- Installing: /work/ubuntu-ros2-dev/install/std_srvs/share/std_srvs/cmake/std_srvs__rosidl_typesupport_introspection_cExport-noconfig.cmake
-- Installing: /work/ubuntu-ros2-dev/install/std_srvs/share/std_srvs/cmake/std_srvs__rosidl_typesupport_cExport.cmake
-- Installing: /work/ubuntu-ros2-dev/install/std_srvs/share/std_srvs/cmake/std_srvs__rosidl_typesupport_cExport-noconfig.cmake
-- Installing: /work/ubuntu-ros2-dev/install/std_srvs/share/std_srvs/cmake/export_std_srvs__rosidl_generator_cppExport.cmake
-- Installing: /work/ubuntu-ros2-dev/install/std_srvs/share/std_srvs/cmake/std_srvs__rosidl_typesupport_introspection_cppExport.cmake
-- Installing: /work/ubuntu-ros2-dev/install/std_srvs/share/std_srvs/cmake/std_srvs__rosidl_typesupport_introspection_cppExport-noconfig.cmake
-- Installing: /work/ubuntu-ros2-dev/install/std_srvs/share/std_srvs/cmake/export_std_srvs__rosidl_typesupport_fastrtps_cppExport.cmake
-- Installing: /work/ubuntu-ros2-dev/install/std_srvs/share/std_srvs/cmake/export_std_srvs__rosidl_typesupport_fastrtps_cppExport-noconfig.cmake
-- Installing: /work/ubuntu-ros2-dev/install/std_srvs/share/std_srvs/cmake/std_srvs__rosidl_typesupport_cppExport.cmake
-- Installing: /work/ubuntu-ros2-dev/install/std_srvs/share/std_srvs/cmake/std_srvs__rosidl_typesupport_cppExport-noconfig.cmake
-- Installing: /work/ubuntu-ros2-dev/install/std_srvs/share/std_srvs/cmake/export_std_srvs__rosidl_generator_pyExport.cmake
-- Installing: /work/ubuntu-ros2-dev/install/std_srvs/share/std_srvs/cmake/export_std_srvs__rosidl_generator_pyExport-noconfig.cmake
