-- The C compiler identification is GNU 11.4.0
-- The CXX compiler identification is GNU 11.4.0
-- Detecting C compiler ABI info
-- Detecting C compiler ABI info - done
-- Check for working C compiler: /usr/bin/cc - skipped
-- Detecting C compile features
-- Detecting C compile features - done
-- Detecting CXX compiler ABI info
-- Detecting CXX compiler ABI info - done
-- Check for working CXX compiler: /usr/bin/c++ - skipped
-- Detecting CXX compile features
-- Detecting CXX compile features - done
-- Found ament_cmake: 2.5.2 (/work/ubuntu-ros2-dev/install/ament_cmake/share/ament_cmake/cmake)
-- Found Python3: /usr/bin/python3 (found version "3.10.12") found components: Interpreter 
-- Override CMake install command with custom implementation using symlinks instead of copying resources
-- Found orocos_kdl_vendor: 0.5.1 (/work/ubuntu-ros2-dev/install/orocos_kdl_vendor/share/orocos_kdl_vendor/cmake)
-- Found eigen3_cmake_module: 0.3.0 (/work/ubuntu-ros2-dev/install/eigen3_cmake_module/share/eigen3_cmake_module/cmake)
-- Found Eigen3: TRUE (found version "3.4.0") 
-- Ensuring Eigen3 include directory is part of orocos-kdl CMake target
-- Found tf2: 0.36.5 (/work/ubuntu-ros2-dev/install/tf2/share/tf2/cmake)
-- Found rosidl_generator_c: 4.6.4 (/work/ubuntu-ros2-dev/install/rosidl_generator_c/share/rosidl_generator_c/cmake)
-- Found rosidl_generator_cpp: 4.6.4 (/work/ubuntu-ros2-dev/install/rosidl_generator_cpp/share/rosidl_generator_cpp/cmake)
-- Using all available rosidl_typesupport_c: rosidl_typesupport_fastrtps_c;rosidl_typesupport_introspection_c
-- Using all available rosidl_typesupport_cpp: rosidl_typesupport_introspection_cpp;rosidl_typesupport_fastrtps_cpp
-- Found ament_lint_auto: 0.17.1 (/work/ubuntu-ros2-dev/install/ament_lint_auto/share/ament_lint_auto/cmake)
-- Found gtest sources under '/work/ubuntu-ros2-dev/install/gtest_vendor/src/gtest_vendor': C++ tests using 'Google Test' will be built
-- Looking for pthread.h
-- Looking for pthread.h - found
-- Performing Test CMAKE_HAVE_LIBC_PTHREAD
-- Performing Test CMAKE_HAVE_LIBC_PTHREAD - Success
-- Found Threads: TRUE  
-- Added test 'copyright' to check source files copyright and LICENSE
-- Added test 'cppcheck' to perform static code analysis on C / C++ code
-- Configured cppcheck include dirs: $<BUILD_INTERFACE:/work/ubuntu-ros2-dev/src/ros2/geometry2/tf2_eigen_kdl/include>
-- Configured cppcheck exclude dirs and/or files: 
-- Added test 'cpplint' to check C / C++ code against the Google style
-- Configured cpplint exclude dirs and/or files: 
-- Added test 'lint_cmake' to check CMake code style
-- Added test 'uncrustify' to check C / C++ code style
-- Configured uncrustify additional arguments: 
-- Added test 'xmllint' to check XML markup files
-- Configuring done
-- Generating done
-- Build files have been written to: /work/ubuntu-ros2-dev/build/tf2_eigen_kdl
[ 12%] [32mBuilding CXX object CMakeFiles/tf2_eigen_kdl.dir/src/tf2_eigen_kdl.cpp.o[0m
[ 25%] [32m[1mLinking CXX shared library libtf2_eigen_kdl.so[0m
[ 25%] Built target tf2_eigen_kdl
[ 37%] [32mBuilding CXX object gtest/CMakeFiles/gtest_main.dir/src/gtest_main.cc.o[0m
[ 50%] [32m[1mLinking CXX static library libgtest_main.a[0m
[ 50%] Built target gtest_main
[ 62%] [32mBuilding CXX object gtest/CMakeFiles/gtest.dir/src/gtest-all.cc.o[0m
[ 75%] [32m[1mLinking CXX static library libgtest.a[0m
[ 75%] Built target gtest
[ 87%] [32mBuilding CXX object CMakeFiles/tf2_eigen_kdl_test.dir/test/tf2_eigen_kdl_test.cpp.o[0m
[100%] [32m[1mLinking CXX executable tf2_eigen_kdl_test[0m
[100%] Built target tf2_eigen_kdl_test
-- Install configuration: ""
-- Execute custom install script
-- Symlinking: /work/ubuntu-ros2-dev/install/tf2_eigen_kdl/include/tf2_eigen_kdl/tf2_eigen_kdl/tf2_eigen_kdl.hpp
-- Symlinking: /work/ubuntu-ros2-dev/install/tf2_eigen_kdl/include/tf2_eigen_kdl/tf2_eigen_kdl/visibility_control.h
-- Symlinking: /work/ubuntu-ros2-dev/install/tf2_eigen_kdl/share/tf2_eigen_kdl/environment/library_path.sh
-- Symlinking: /work/ubuntu-ros2-dev/install/tf2_eigen_kdl/share/tf2_eigen_kdl/environment/library_path.dsv
-- Symlinking: /work/ubuntu-ros2-dev/install/tf2_eigen_kdl/share/ament_index/resource_index/package_run_dependencies/tf2_eigen_kdl
-- Symlinking: /work/ubuntu-ros2-dev/install/tf2_eigen_kdl/share/ament_index/resource_index/parent_prefix_path/tf2_eigen_kdl
-- Symlinking: /work/ubuntu-ros2-dev/install/tf2_eigen_kdl/share/tf2_eigen_kdl/environment/ament_prefix_path.sh
-- Symlinking: /work/ubuntu-ros2-dev/install/tf2_eigen_kdl/share/tf2_eigen_kdl/environment/ament_prefix_path.dsv
-- Symlinking: /work/ubuntu-ros2-dev/install/tf2_eigen_kdl/share/tf2_eigen_kdl/environment/path.sh
-- Symlinking: /work/ubuntu-ros2-dev/install/tf2_eigen_kdl/share/tf2_eigen_kdl/environment/path.dsv
-- Symlinking: /work/ubuntu-ros2-dev/install/tf2_eigen_kdl/share/tf2_eigen_kdl/local_setup.bash
-- Symlinking: /work/ubuntu-ros2-dev/install/tf2_eigen_kdl/share/tf2_eigen_kdl/local_setup.sh
-- Symlinking: /work/ubuntu-ros2-dev/install/tf2_eigen_kdl/share/tf2_eigen_kdl/local_setup.zsh
-- Symlinking: /work/ubuntu-ros2-dev/install/tf2_eigen_kdl/share/tf2_eigen_kdl/local_setup.dsv
-- Symlinking: /work/ubuntu-ros2-dev/install/tf2_eigen_kdl/share/tf2_eigen_kdl/package.dsv
-- Symlinking: /work/ubuntu-ros2-dev/install/tf2_eigen_kdl/share/ament_index/resource_index/packages/tf2_eigen_kdl
-- Symlinking: /work/ubuntu-ros2-dev/install/tf2_eigen_kdl/share/tf2_eigen_kdl/cmake/ament_cmake_export_dependencies-extras.cmake
-- Symlinking: /work/ubuntu-ros2-dev/install/tf2_eigen_kdl/share/tf2_eigen_kdl/cmake/ament_cmake_export_include_directories-extras.cmake
-- Symlinking: /work/ubuntu-ros2-dev/install/tf2_eigen_kdl/share/tf2_eigen_kdl/cmake/ament_cmake_export_libraries-extras.cmake
-- Symlinking: /work/ubuntu-ros2-dev/install/tf2_eigen_kdl/share/tf2_eigen_kdl/cmake/ament_cmake_export_targets-extras.cmake
-- Symlinking: /work/ubuntu-ros2-dev/install/tf2_eigen_kdl/share/tf2_eigen_kdl/cmake/tf2_eigen_kdlConfig.cmake
-- Symlinking: /work/ubuntu-ros2-dev/install/tf2_eigen_kdl/share/tf2_eigen_kdl/cmake/tf2_eigen_kdlConfig-version.cmake
-- Symlinking: /work/ubuntu-ros2-dev/install/tf2_eigen_kdl/share/tf2_eigen_kdl/package.xml
-- Installing: /work/ubuntu-ros2-dev/install/tf2_eigen_kdl/lib/libtf2_eigen_kdl.so
-- Set runtime path of "/work/ubuntu-ros2-dev/install/tf2_eigen_kdl/lib/libtf2_eigen_kdl.so" to ""
-- Installing: /work/ubuntu-ros2-dev/install/tf2_eigen_kdl/share/tf2_eigen_kdl/cmake/export_tf2_eigen_kdlExport.cmake
-- Installing: /work/ubuntu-ros2-dev/install/tf2_eigen_kdl/share/tf2_eigen_kdl/cmake/export_tf2_eigen_kdlExport-noconfig.cmake
