[0.333s] Invoking command in '/work/ubuntu-ros2-dev/build/tracetools_read': AMENT_PREFIX_PATH=/work/ubuntu-ros2-dev/install/ament_xmllint:/work/ubuntu-ros2-dev/install/ament_copyright:/work/ubuntu-ros2-dev/install/ament_pep257:/work/ubuntu-ros2-dev/install/ament_mypy:/work/ubuntu-ros2-dev/install/ament_flake8:/work/ubuntu-ros2-dev/install/ament_lint PATH=/work/ubuntu-ros2-dev/install/ament_xmllint/bin:/work/ubuntu-ros2-dev/install/ament_copyright/bin:/work/ubuntu-ros2-dev/install/ament_pep257/bin:/work/ubuntu-ros2-dev/install/ament_mypy/bin:/work/ubuntu-ros2-dev/install/ament_flake8/bin:${PATH} PYTHONPATH=/work/ubuntu-ros2-dev/build/tracetools_read/prefix_override:/usr/lib/python3/dist-packages/colcon_core/task/python/colcon_distutils_commands:/work/ubuntu-ros2-dev/install/tracetools_read/lib/python3.10/site-packages:/work/ubuntu-ros2-dev/build/ament_xmllint:/work/ubuntu-ros2-dev/install/ament_xmllint/lib/python3.10/site-packages:/work/ubuntu-ros2-dev/build/ament_copyright:/work/ubuntu-ros2-dev/install/ament_copyright/lib/python3.10/site-packages:/work/ubuntu-ros2-dev/build/ament_pep257:/work/ubuntu-ros2-dev/install/ament_pep257/lib/python3.10/site-packages:/work/ubuntu-ros2-dev/build/ament_mypy:/work/ubuntu-ros2-dev/install/ament_mypy/lib/python3.10/site-packages:/work/ubuntu-ros2-dev/build/ament_flake8:/work/ubuntu-ros2-dev/install/ament_flake8/lib/python3.10/site-packages:/work/ubuntu-ros2-dev/build/ament_lint:/work/ubuntu-ros2-dev/install/ament_lint/lib/python3.10/site-packages /usr/bin/python3 -W ignore:setup.py install is deprecated setup.py develop --editable --build-directory /work/ubuntu-ros2-dev/build/tracetools_read/build --no-deps symlink_data
[0.488s] running develop
[0.488s] /usr/lib/python3/dist-packages/setuptools/command/easy_install.py:158: EasyInstallDeprecationWarning: easy_install command is deprecated. Use build and pip and other standards-based tools.
[0.488s]   warnings.warn(
[0.539s] running egg_info
[0.539s] creating tracetools_read.egg-info
[0.539s] writing tracetools_read.egg-info/PKG-INFO
[0.539s] writing dependency_links to tracetools_read.egg-info/dependency_links.txt
[0.539s] writing requirements to tracetools_read.egg-info/requires.txt
[0.539s] writing top-level names to tracetools_read.egg-info/top_level.txt
[0.539s] writing manifest file 'tracetools_read.egg-info/SOURCES.txt'
[0.540s] reading manifest file 'tracetools_read.egg-info/SOURCES.txt'
[0.540s] writing manifest file 'tracetools_read.egg-info/SOURCES.txt'
[0.541s] running build_ext
[0.541s] Creating /work/ubuntu-ros2-dev/install/tracetools_read/lib/python3.10/site-packages/tracetools-read.egg-link (link to .)
[0.542s] 
[0.542s] Installed /work/ubuntu-ros2-dev/build/tracetools_read
[0.542s] running symlink_data
[0.542s] symbolically linking /work/ubuntu-ros2-dev/build/tracetools_read/package.xml -> /work/ubuntu-ros2-dev/install/tracetools_read/share/tracetools_read
[0.542s] creating /work/ubuntu-ros2-dev/install/tracetools_read/share/ament_index
[0.542s] creating /work/ubuntu-ros2-dev/install/tracetools_read/share/ament_index/resource_index
[0.542s] creating /work/ubuntu-ros2-dev/install/tracetools_read/share/ament_index/resource_index/packages
[0.542s] symbolically linking /work/ubuntu-ros2-dev/build/tracetools_read/resource/tracetools_read -> /work/ubuntu-ros2-dev/install/tracetools_read/share/ament_index/resource_index/packages
[0.674s] Invoked command in '/work/ubuntu-ros2-dev/build/tracetools_read' returned '0': AMENT_PREFIX_PATH=/work/ubuntu-ros2-dev/install/ament_xmllint:/work/ubuntu-ros2-dev/install/ament_copyright:/work/ubuntu-ros2-dev/install/ament_pep257:/work/ubuntu-ros2-dev/install/ament_mypy:/work/ubuntu-ros2-dev/install/ament_flake8:/work/ubuntu-ros2-dev/install/ament_lint PATH=/work/ubuntu-ros2-dev/install/ament_xmllint/bin:/work/ubuntu-ros2-dev/install/ament_copyright/bin:/work/ubuntu-ros2-dev/install/ament_pep257/bin:/work/ubuntu-ros2-dev/install/ament_mypy/bin:/work/ubuntu-ros2-dev/install/ament_flake8/bin:${PATH} PYTHONPATH=/work/ubuntu-ros2-dev/build/tracetools_read/prefix_override:/usr/lib/python3/dist-packages/colcon_core/task/python/colcon_distutils_commands:/work/ubuntu-ros2-dev/install/tracetools_read/lib/python3.10/site-packages:/work/ubuntu-ros2-dev/build/ament_xmllint:/work/ubuntu-ros2-dev/install/ament_xmllint/lib/python3.10/site-packages:/work/ubuntu-ros2-dev/build/ament_copyright:/work/ubuntu-ros2-dev/install/ament_copyright/lib/python3.10/site-packages:/work/ubuntu-ros2-dev/build/ament_pep257:/work/ubuntu-ros2-dev/install/ament_pep257/lib/python3.10/site-packages:/work/ubuntu-ros2-dev/build/ament_mypy:/work/ubuntu-ros2-dev/install/ament_mypy/lib/python3.10/site-packages:/work/ubuntu-ros2-dev/build/ament_flake8:/work/ubuntu-ros2-dev/install/ament_flake8/lib/python3.10/site-packages:/work/ubuntu-ros2-dev/build/ament_lint:/work/ubuntu-ros2-dev/install/ament_lint/lib/python3.10/site-packages /usr/bin/python3 -W ignore:setup.py install is deprecated setup.py develop --editable --build-directory /work/ubuntu-ros2-dev/build/tracetools_read/build --no-deps symlink_data
