[0.009s] Invoking command in '/work/ubuntu-ros2-dev/build/gmock_vendor': CMAKE_PREFIX_PATH=/work/ubuntu-ros2-dev/install/gtest_vendor PKG_CONFIG_PATH=/work/ubuntu-ros2-dev/install/gtest_vendor/lib/aarch64-linux-gnu/pkgconfig:/work/ubuntu-ros2-dev/install/gtest_vendor/lib/pkgconfig /usr/bin/cmake /work/ubuntu-ros2-dev/src/ament/googletest/googlemock -DCMAKE_INSTALL_PREFIX=/work/ubuntu-ros2-dev/install/gmock_vendor
[0.015s] -- Configuring done
[0.015s] -- Generating done
[0.015s] -- Build files have been written to: /work/ubuntu-ros2-dev/build/gmock_vendor
[0.017s] Invoked command in '/work/ubuntu-ros2-dev/build/gmock_vendor' returned '0': CMAKE_PREFIX_PATH=/work/ubuntu-ros2-dev/install/gtest_vendor PKG_CONFIG_PATH=/work/ubuntu-ros2-dev/install/gtest_vendor/lib/aarch64-linux-gnu/pkgconfig:/work/ubuntu-ros2-dev/install/gtest_vendor/lib/pkgconfig /usr/bin/cmake /work/ubuntu-ros2-dev/src/ament/googletest/googlemock -DCMAKE_INSTALL_PREFIX=/work/ubuntu-ros2-dev/install/gmock_vendor
[0.018s] Invoking command in '/work/ubuntu-ros2-dev/build/gmock_vendor': CMAKE_PREFIX_PATH=/work/ubuntu-ros2-dev/install/gtest_vendor PKG_CONFIG_PATH=/work/ubuntu-ros2-dev/install/gtest_vendor/lib/aarch64-linux-gnu/pkgconfig:/work/ubuntu-ros2-dev/install/gtest_vendor/lib/pkgconfig /usr/bin/cmake --build /work/ubuntu-ros2-dev/build/gmock_vendor -- -j8 -l8
[0.052s] Invoked command in '/work/ubuntu-ros2-dev/build/gmock_vendor' returned '0': CMAKE_PREFIX_PATH=/work/ubuntu-ros2-dev/install/gtest_vendor PKG_CONFIG_PATH=/work/ubuntu-ros2-dev/install/gtest_vendor/lib/aarch64-linux-gnu/pkgconfig:/work/ubuntu-ros2-dev/install/gtest_vendor/lib/pkgconfig /usr/bin/cmake --build /work/ubuntu-ros2-dev/build/gmock_vendor -- -j8 -l8
[0.065s] Invoking command in '/work/ubuntu-ros2-dev/build/gmock_vendor': CMAKE_PREFIX_PATH=/work/ubuntu-ros2-dev/install/gtest_vendor PKG_CONFIG_PATH=/work/ubuntu-ros2-dev/install/gtest_vendor/lib/aarch64-linux-gnu/pkgconfig:/work/ubuntu-ros2-dev/install/gtest_vendor/lib/pkgconfig /usr/bin/cmake --install /work/ubuntu-ros2-dev/build/gmock_vendor
[0.070s] -- Install configuration: ""
[0.070s] -- Installing: /work/ubuntu-ros2-dev/install/gmock_vendor/share/gmock_vendor/cmake/gmock_vendorConfig.cmake
[0.070s] -- Installing: /work/ubuntu-ros2-dev/install/gmock_vendor/share/gmock_vendor/package.xml
[0.070s] -- Installing: /work/ubuntu-ros2-dev/install/gmock_vendor/src/gmock_vendor/CMakeLists.txt
[0.070s] -- Installing: /work/ubuntu-ros2-dev/install/gmock_vendor/src/gmock_vendor/include/gmock
[0.070s] -- Installing: /work/ubuntu-ros2-dev/install/gmock_vendor/src/gmock_vendor/include/gmock/gmock-function-mocker.h
[0.070s] -- Installing: /work/ubuntu-ros2-dev/install/gmock_vendor/src/gmock_vendor/include/gmock/internal
[0.070s] -- Installing: /work/ubuntu-ros2-dev/install/gmock_vendor/src/gmock_vendor/include/gmock/internal/custom
[0.070s] -- Installing: /work/ubuntu-ros2-dev/install/gmock_vendor/src/gmock_vendor/include/gmock/internal/custom/gmock-generated-actions.h
[0.071s] -- Installing: /work/ubuntu-ros2-dev/install/gmock_vendor/src/gmock_vendor/include/gmock/internal/custom/gmock-matchers.h
[0.071s] -- Installing: /work/ubuntu-ros2-dev/install/gmock_vendor/src/gmock_vendor/include/gmock/internal/custom/README.md
[0.071s] -- Installing: /work/ubuntu-ros2-dev/install/gmock_vendor/src/gmock_vendor/include/gmock/internal/custom/gmock-port.h
[0.071s] -- Installing: /work/ubuntu-ros2-dev/install/gmock_vendor/src/gmock_vendor/include/gmock/internal/gmock-internal-utils.h
[0.071s] -- Installing: /work/ubuntu-ros2-dev/install/gmock_vendor/src/gmock_vendor/include/gmock/internal/gmock-port.h
[0.071s] -- Installing: /work/ubuntu-ros2-dev/install/gmock_vendor/src/gmock_vendor/include/gmock/internal/gmock-pp.h
[0.071s] -- Installing: /work/ubuntu-ros2-dev/install/gmock_vendor/src/gmock_vendor/include/gmock/gmock-cardinalities.h
[0.072s] -- Installing: /work/ubuntu-ros2-dev/install/gmock_vendor/src/gmock_vendor/include/gmock/gmock-spec-builders.h
[0.072s] -- Installing: /work/ubuntu-ros2-dev/install/gmock_vendor/src/gmock_vendor/include/gmock/gmock-actions.h
[0.072s] -- Installing: /work/ubuntu-ros2-dev/install/gmock_vendor/src/gmock_vendor/include/gmock/gmock-more-matchers.h
[0.072s] -- Installing: /work/ubuntu-ros2-dev/install/gmock_vendor/src/gmock_vendor/include/gmock/gmock.h
[0.072s] -- Installing: /work/ubuntu-ros2-dev/install/gmock_vendor/src/gmock_vendor/include/gmock/gmock-matchers.h
[0.072s] -- Installing: /work/ubuntu-ros2-dev/install/gmock_vendor/src/gmock_vendor/include/gmock/gmock-nice-strict.h
[0.072s] -- Installing: /work/ubuntu-ros2-dev/install/gmock_vendor/src/gmock_vendor/include/gmock/gmock-more-actions.h
[0.072s] -- Installing: /work/ubuntu-ros2-dev/install/gmock_vendor/src/gmock_vendor/src
[0.073s] -- Installing: /work/ubuntu-ros2-dev/install/gmock_vendor/src/gmock_vendor/src/gmock.cc
[0.073s] -- Installing: /work/ubuntu-ros2-dev/install/gmock_vendor/src/gmock_vendor/src/gmock-cardinalities.cc
[0.073s] -- Installing: /work/ubuntu-ros2-dev/install/gmock_vendor/src/gmock_vendor/src/gmock_main.cc
[0.073s] -- Installing: /work/ubuntu-ros2-dev/install/gmock_vendor/src/gmock_vendor/src/gmock-internal-utils.cc
[0.073s] -- Installing: /work/ubuntu-ros2-dev/install/gmock_vendor/src/gmock_vendor/src/gmock-matchers.cc
[0.073s] -- Installing: /work/ubuntu-ros2-dev/install/gmock_vendor/src/gmock_vendor/src/gmock-all.cc
[0.073s] -- Installing: /work/ubuntu-ros2-dev/install/gmock_vendor/src/gmock_vendor/src/gmock-spec-builders.cc
[0.074s] Invoked command in '/work/ubuntu-ros2-dev/build/gmock_vendor' returned '0': CMAKE_PREFIX_PATH=/work/ubuntu-ros2-dev/install/gtest_vendor PKG_CONFIG_PATH=/work/ubuntu-ros2-dev/install/gtest_vendor/lib/aarch64-linux-gnu/pkgconfig:/work/ubuntu-ros2-dev/install/gtest_vendor/lib/pkgconfig /usr/bin/cmake --install /work/ubuntu-ros2-dev/build/gmock_vendor
