-- The C compiler identification is GNU 11.4.0
-- The CXX compiler identification is GNU 11.4.0
-- Detecting C compiler ABI info
-- Detecting C compiler ABI info - done
-- Check for working C compiler: /usr/bin/cc - skipped
-- Detecting C compile features
-- Detecting C compile features - done
-- Detecting CXX compiler ABI info
-- Detecting CXX compiler ABI info - done
-- Check for working CXX compiler: /usr/bin/c++ - skipped
-- Detecting CXX compile features
-- Detecting CXX compile features - done
-- Found ament_cmake: 2.5.2 (/work/ubuntu-ros2-dev/install/ament_cmake/share/ament_cmake/cmake)
-- Found Python3: /usr/bin/python3 (found version "3.10.12") found components: Interpreter 
-- Override CMake install command with custom implementation using symlinks instead of copying resources
-- Found ament_cmake_vendor_package: 2.5.2 (/work/ubuntu-ros2-dev/install/ament_cmake_vendor_package/share/ament_cmake_vendor_package/cmake)
-- Skipping vendor package build for 'sqlite3_vendor', which is already satisfied
-- Configuring done
-- Generating done
-- Build files have been written to: /work/ubuntu-ros2-dev/build/sqlite3_vendor
-- Install configuration: ""
-- Execute custom install script
-- Symlinking: /work/ubuntu-ros2-dev/install/sqlite3_vendor/share/sqlite3_vendor/cmake/Modules/FindSQLite3.cmake
-- Symlinking: /work/ubuntu-ros2-dev/install/sqlite3_vendor/share/ament_index/resource_index/package_run_dependencies/sqlite3_vendor
-- Symlinking: /work/ubuntu-ros2-dev/install/sqlite3_vendor/share/ament_index/resource_index/parent_prefix_path/sqlite3_vendor
-- Symlinking: /work/ubuntu-ros2-dev/install/sqlite3_vendor/share/sqlite3_vendor/environment/ament_prefix_path.sh
-- Symlinking: /work/ubuntu-ros2-dev/install/sqlite3_vendor/share/sqlite3_vendor/environment/ament_prefix_path.dsv
-- Symlinking: /work/ubuntu-ros2-dev/install/sqlite3_vendor/share/sqlite3_vendor/environment/path.sh
-- Symlinking: /work/ubuntu-ros2-dev/install/sqlite3_vendor/share/sqlite3_vendor/environment/path.dsv
-- Symlinking: /work/ubuntu-ros2-dev/install/sqlite3_vendor/share/sqlite3_vendor/local_setup.bash
-- Symlinking: /work/ubuntu-ros2-dev/install/sqlite3_vendor/share/sqlite3_vendor/local_setup.sh
-- Symlinking: /work/ubuntu-ros2-dev/install/sqlite3_vendor/share/sqlite3_vendor/local_setup.zsh
-- Symlinking: /work/ubuntu-ros2-dev/install/sqlite3_vendor/share/sqlite3_vendor/local_setup.dsv
-- Symlinking: /work/ubuntu-ros2-dev/install/sqlite3_vendor/share/sqlite3_vendor/package.dsv
-- Symlinking: /work/ubuntu-ros2-dev/install/sqlite3_vendor/share/ament_index/resource_index/packages/sqlite3_vendor
-- Symlinking: /work/ubuntu-ros2-dev/install/sqlite3_vendor/share/sqlite3_vendor/cmake/sqlite3_vendor-extras.cmake
-- Symlinking: /work/ubuntu-ros2-dev/install/sqlite3_vendor/share/sqlite3_vendor/cmake/sqlite3_vendorConfig.cmake
-- Symlinking: /work/ubuntu-ros2-dev/install/sqlite3_vendor/share/sqlite3_vendor/cmake/sqlite3_vendorConfig-version.cmake
-- Symlinking: /work/ubuntu-ros2-dev/install/sqlite3_vendor/share/sqlite3_vendor/package.xml
