running develop
/usr/lib/python3/dist-packages/setuptools/command/easy_install.py:158: EasyInstallDeprecationWarning: easy_install command is deprecated. Use build and pip and other standards-based tools.
  warnings.warn(
running egg_info
creating ament_cppcheck.egg-info
writing ament_cppcheck.egg-info/PKG-INFO
writing dependency_links to ament_cppcheck.egg-info/dependency_links.txt
writing entry points to ament_cppcheck.egg-info/entry_points.txt
writing requirements to ament_cppcheck.egg-info/requires.txt
writing top-level names to ament_cppcheck.egg-info/top_level.txt
writing manifest file 'ament_cppcheck.egg-info/SOURCES.txt'
reading manifest file 'ament_cppcheck.egg-info/SOURCES.txt'
writing manifest file 'ament_cppcheck.egg-info/SOURCES.txt'
running build_ext
Creating /work/ubuntu-ros2-dev/install/ament_cppcheck/lib/python3.10/site-packages/ament-cppcheck.egg-link (link to .)
Installing ament_cppcheck script to /work/ubuntu-ros2-dev/install/ament_cppcheck/bin

Installed /work/ubuntu-ros2-dev/build/ament_cppcheck
running symlink_data
symbolically linking /work/ubuntu-ros2-dev/build/ament_cppcheck/package.xml -> /work/ubuntu-ros2-dev/install/ament_cppcheck/share/ament_cppcheck
creating /work/ubuntu-ros2-dev/install/ament_cppcheck/share/ament_index
creating /work/ubuntu-ros2-dev/install/ament_cppcheck/share/ament_index/resource_index
creating /work/ubuntu-ros2-dev/install/ament_cppcheck/share/ament_index/resource_index/packages
symbolically linking /work/ubuntu-ros2-dev/build/ament_cppcheck/resource/ament_cppcheck -> /work/ubuntu-ros2-dev/install/ament_cppcheck/share/ament_index/resource_index/packages
