-- The C compiler identification is GNU 11.4.0
-- The CXX compiler identification is GNU 11.4.0
-- Detecting C compiler ABI info
-- Detecting C compiler ABI info - done
-- Check for working C compiler: /usr/bin/cc - skipped
-- Detecting C compile features
-- Detecting C compile features - done
-- Detecting CXX compiler ABI info
-- Detecting CXX compiler ABI info - done
-- Check for working CXX compiler: /usr/bin/c++ - skipped
-- Detecting CXX compile features
-- Detecting CXX compile features - done
-- Found ament_cmake_ros: 0.12.0 (/work/ubuntu-ros2-dev/install/ament_cmake_ros/share/ament_cmake_ros/cmake)
-- Found Python3: /usr/bin/python3 (found version "3.10.12") found components: Interpreter 
-- Override CMake install command with custom implementation using symlinks instead of copying resources
-- Found ament_index_cpp: 1.8.1 (/work/ubuntu-ros2-dev/install/ament_index_cpp/share/ament_index_cpp/cmake)
-- Found camera_calibration_parsers: 5.1.5 (/work/ubuntu-ros2-dev/install/camera_calibration_parsers/share/camera_calibration_parsers/cmake)
-- Found rosidl_generator_c: 4.6.4 (/work/ubuntu-ros2-dev/install/rosidl_generator_c/share/rosidl_generator_c/cmake)
-- Found rosidl_generator_cpp: 4.6.4 (/work/ubuntu-ros2-dev/install/rosidl_generator_cpp/share/rosidl_generator_cpp/cmake)
-- Using all available rosidl_typesupport_c: rosidl_typesupport_fastrtps_c;rosidl_typesupport_introspection_c
-- Using all available rosidl_typesupport_cpp: rosidl_typesupport_introspection_cpp;rosidl_typesupport_fastrtps_cpp
-- Found rmw_implementation_cmake: 7.3.1 (/work/ubuntu-ros2-dev/install/rmw_implementation_cmake/share/rmw_implementation_cmake/cmake)
-- Found rmw_fastrtps_cpp: 8.4.1 (/work/ubuntu-ros2-dev/install/rmw_fastrtps_cpp/share/rmw_fastrtps_cpp/cmake)
-- Found OpenSSL: /usr/lib/aarch64-linux-gnu/libcrypto.so (found version "3.0.2")  
-- Found FastRTPS: /work/ubuntu-ros2-dev/install/fastrtps/include (Required is at least version "2.13") 
-- Using RMW implementation 'rmw_fastrtps_cpp' as default
-- Setting yaml-cpp_DIR to: '/work/ubuntu-ros2-dev/install/yaml_cpp_vendor/share/yaml_cpp_vendor/cmake/../../../opt/yaml_cpp_vendor/share/cmake/yaml-cpp'
-- Found rclcpp_lifecycle: 28.1.5 (/work/ubuntu-ros2-dev/install/rclcpp_lifecycle/share/rclcpp_lifecycle/cmake)
-- Found ament_cmake_cpplint: 0.17.1 (/work/ubuntu-ros2-dev/install/ament_cmake_cpplint/share/ament_cmake_cpplint/cmake)
-- Found ament_cmake_lint_cmake: 0.17.1 (/work/ubuntu-ros2-dev/install/ament_cmake_lint_cmake/share/ament_cmake_lint_cmake/cmake)
-- Found ament_cmake_uncrustify: 0.17.1 (/work/ubuntu-ros2-dev/install/ament_cmake_uncrustify/share/ament_cmake_uncrustify/cmake)
-- Configuring done
-- Generating done
-- Build files have been written to: /work/ubuntu-ros2-dev/build/camera_info_manager
[ 50%] [32mBuilding CXX object CMakeFiles/camera_info_manager.dir/src/camera_info_manager.cpp.o[0m
[100%] [32m[1mLinking CXX shared library libcamera_info_manager.so[0m
[100%] Built target camera_info_manager
-- Install configuration: ""
-- Execute custom install script
-- Symlinking: /work/ubuntu-ros2-dev/install/camera_info_manager/include/camera_info_manager/camera_info_manager/camera_info_manager.hpp
-- Symlinking: /work/ubuntu-ros2-dev/install/camera_info_manager/include/camera_info_manager/camera_info_manager/visibility_control.h
-- Symlinking: /work/ubuntu-ros2-dev/install/camera_info_manager/share/ament_index/resource_index/package_run_dependencies/camera_info_manager
-- Symlinking: /work/ubuntu-ros2-dev/install/camera_info_manager/share/ament_index/resource_index/parent_prefix_path/camera_info_manager
-- Symlinking: /work/ubuntu-ros2-dev/install/camera_info_manager/share/camera_info_manager/environment/ament_prefix_path.sh
-- Symlinking: /work/ubuntu-ros2-dev/install/camera_info_manager/share/camera_info_manager/environment/ament_prefix_path.dsv
-- Symlinking: /work/ubuntu-ros2-dev/install/camera_info_manager/share/camera_info_manager/environment/path.sh
-- Symlinking: /work/ubuntu-ros2-dev/install/camera_info_manager/share/camera_info_manager/environment/path.dsv
-- Symlinking: /work/ubuntu-ros2-dev/install/camera_info_manager/share/camera_info_manager/local_setup.bash
-- Symlinking: /work/ubuntu-ros2-dev/install/camera_info_manager/share/camera_info_manager/local_setup.sh
-- Symlinking: /work/ubuntu-ros2-dev/install/camera_info_manager/share/camera_info_manager/local_setup.zsh
-- Symlinking: /work/ubuntu-ros2-dev/install/camera_info_manager/share/camera_info_manager/local_setup.dsv
-- Symlinking: /work/ubuntu-ros2-dev/install/camera_info_manager/share/camera_info_manager/package.dsv
-- Symlinking: /work/ubuntu-ros2-dev/install/camera_info_manager/share/ament_index/resource_index/packages/camera_info_manager
-- Symlinking: /work/ubuntu-ros2-dev/install/camera_info_manager/share/camera_info_manager/cmake/ament_cmake_export_dependencies-extras.cmake
-- Symlinking: /work/ubuntu-ros2-dev/install/camera_info_manager/share/camera_info_manager/cmake/ament_cmake_export_targets-extras.cmake
-- Symlinking: /work/ubuntu-ros2-dev/install/camera_info_manager/share/camera_info_manager/cmake/camera_info_managerConfig.cmake
-- Symlinking: /work/ubuntu-ros2-dev/install/camera_info_manager/share/camera_info_manager/cmake/camera_info_managerConfig-version.cmake
-- Symlinking: /work/ubuntu-ros2-dev/install/camera_info_manager/share/camera_info_manager/package.xml
-- Installing: /work/ubuntu-ros2-dev/install/camera_info_manager/lib/libcamera_info_manager.so
-- Set runtime path of "/work/ubuntu-ros2-dev/install/camera_info_manager/lib/libcamera_info_manager.so" to ""
-- Installing: /work/ubuntu-ros2-dev/install/camera_info_manager/share/camera_info_manager/cmake/export_camera_info_managerExport.cmake
-- Installing: /work/ubuntu-ros2-dev/install/camera_info_manager/share/camera_info_manager/cmake/export_camera_info_managerExport-noconfig.cmake
