-- The C compiler identification is GNU 11.4.0
-- The CXX compiler identification is GNU 11.4.0
-- Detecting C compiler ABI info
-- Detecting C compiler ABI info - done
-- Check for working C compiler: /usr/bin/cc - skipped
-- Detecting C compile features
-- Detecting C compile features - done
-- Detecting CXX compiler ABI info
-- Detecting CXX compiler ABI info - done
-- Check for working CXX compiler: /usr/bin/c++ - skipped
-- Detecting CXX compile features
-- Detecting CXX compile features - done
-- Found ament_cmake_python: 2.5.2 (/work/ubuntu-ros2-dev/install/ament_cmake_python/share/ament_cmake_python/cmake)
-- Found ament_cmake_ros: 0.12.0 (/work/ubuntu-ros2-dev/install/ament_cmake_ros/share/ament_cmake_ros/cmake)
-- Found Python3: /usr/bin/python3 (found version "3.10.12") found components: Interpreter 
-- Override CMake install command with custom implementation using symlinks instead of copying resources
-- Found rosidl_runtime_cpp: 4.6.4 (/work/ubuntu-ros2-dev/install/rosidl_runtime_cpp/share/rosidl_runtime_cpp/cmake)
-- Found rosidl_typesupport_introspection_c: 4.6.4 (/work/ubuntu-ros2-dev/install/rosidl_typesupport_introspection_c/share/rosidl_typesupport_introspection_c/cmake)
-- Found ament_lint_auto: 0.17.1 (/work/ubuntu-ros2-dev/install/ament_lint_auto/share/ament_lint_auto/cmake)
-- Added test 'copyright' to check source files copyright and LICENSE
-- Added test 'cppcheck' to perform static code analysis on C / C++ code
-- Configured cppcheck include dirs: $<BUILD_INTERFACE:/work/ubuntu-ros2-dev/src/ros2/rosidl/rosidl_typesupport_introspection_cpp/include>
-- Configured cppcheck exclude dirs and/or files: 
-- Added test 'cpplint' to check C / C++ code against the Google style
-- Configured cpplint exclude dirs and/or files: 
-- Added test 'flake8' to check Python code syntax and style conventions
-- Configured 'flake8' exclude dirs and/or files: 
-- Added test 'lint_cmake' to check CMake code style
-- Added test 'pep257' to check Python code against some of the docstring style conventions in PEP 257
-- Added test 'uncrustify' to check C / C++ code style
-- Configured uncrustify additional arguments: 
-- Added test 'xmllint' to check XML markup files
-- Configuring done
-- Generating done
-- Build files have been written to: /work/ubuntu-ros2-dev/build/rosidl_typesupport_introspection_cpp
[  0%] Built target ament_cmake_python_symlink_rosidl_typesupport_introspection_cpp_setup
[ 50%] [32mBuilding CXX object CMakeFiles/rosidl_typesupport_introspection_cpp.dir/src/identifier.cpp.o[0m
[100%] [32m[1mLinking CXX shared library librosidl_typesupport_introspection_cpp.so[0m
[100%] Built target rosidl_typesupport_introspection_cpp
[100%] Built target ament_cmake_python_symlink_rosidl_typesupport_introspection_cpp
running egg_info
creating rosidl_typesupport_introspection_cpp.egg-info
writing rosidl_typesupport_introspection_cpp.egg-info/PKG-INFO
writing dependency_links to rosidl_typesupport_introspection_cpp.egg-info/dependency_links.txt
writing entry points to rosidl_typesupport_introspection_cpp.egg-info/entry_points.txt
writing top-level names to rosidl_typesupport_introspection_cpp.egg-info/top_level.txt
writing manifest file 'rosidl_typesupport_introspection_cpp.egg-info/SOURCES.txt'
reading manifest file 'rosidl_typesupport_introspection_cpp.egg-info/SOURCES.txt'
writing manifest file 'rosidl_typesupport_introspection_cpp.egg-info/SOURCES.txt'
[100%] Built target ament_cmake_python_build_rosidl_typesupport_introspection_cpp_egg
-- Install configuration: ""
-- Execute custom install script
-- Symlinking: /work/ubuntu-ros2-dev/install/rosidl_typesupport_introspection_cpp/share/rosidl_typesupport_introspection_cpp/environment/pythonpath.sh
-- Symlinking: /work/ubuntu-ros2-dev/install/rosidl_typesupport_introspection_cpp/share/rosidl_typesupport_introspection_cpp/environment/pythonpath.dsv
-- Symlinking: /work/ubuntu-ros2-dev/install/rosidl_typesupport_introspection_cpp/lib/python3.10/site-packages/rosidl_typesupport_introspection_cpp-4.6.4-py3.10.egg-info/PKG-INFO
-- Symlinking: /work/ubuntu-ros2-dev/install/rosidl_typesupport_introspection_cpp/lib/python3.10/site-packages/rosidl_typesupport_introspection_cpp-4.6.4-py3.10.egg-info/SOURCES.txt
-- Symlinking: /work/ubuntu-ros2-dev/install/rosidl_typesupport_introspection_cpp/lib/python3.10/site-packages/rosidl_typesupport_introspection_cpp-4.6.4-py3.10.egg-info/dependency_links.txt
-- Symlinking: /work/ubuntu-ros2-dev/install/rosidl_typesupport_introspection_cpp/lib/python3.10/site-packages/rosidl_typesupport_introspection_cpp-4.6.4-py3.10.egg-info/entry_points.txt
-- Symlinking: /work/ubuntu-ros2-dev/install/rosidl_typesupport_introspection_cpp/lib/python3.10/site-packages/rosidl_typesupport_introspection_cpp-4.6.4-py3.10.egg-info/top_level.txt
-- Symlinking: /work/ubuntu-ros2-dev/install/rosidl_typesupport_introspection_cpp/lib/python3.10/site-packages/rosidl_typesupport_introspection_cpp/__init__.py
-- Symlinking: /work/ubuntu-ros2-dev/install/rosidl_typesupport_introspection_cpp/lib/python3.10/site-packages/rosidl_typesupport_introspection_cpp/cli.py
-- Symlinking: /work/ubuntu-ros2-dev/install/rosidl_typesupport_introspection_cpp/share/rosidl_typesupport_introspection_cpp/environment/library_path.sh
-- Symlinking: /work/ubuntu-ros2-dev/install/rosidl_typesupport_introspection_cpp/share/rosidl_typesupport_introspection_cpp/environment/library_path.dsv
-- Symlinking: /work/ubuntu-ros2-dev/install/rosidl_typesupport_introspection_cpp/share/ament_index/resource_index/rosidl_typesupport_cpp/rosidl_typesupport_introspection_cpp
-- Symlinking: /work/ubuntu-ros2-dev/install/rosidl_typesupport_introspection_cpp/share/ament_index/resource_index/rosidl_runtime_packages/rosidl_typesupport_introspection_cpp
-- Symlinking: /work/ubuntu-ros2-dev/install/rosidl_typesupport_introspection_cpp/share/ament_index/resource_index/package_run_dependencies/rosidl_typesupport_introspection_cpp
-- Symlinking: /work/ubuntu-ros2-dev/install/rosidl_typesupport_introspection_cpp/share/ament_index/resource_index/parent_prefix_path/rosidl_typesupport_introspection_cpp
-- Symlinking: /work/ubuntu-ros2-dev/install/rosidl_typesupport_introspection_cpp/share/rosidl_typesupport_introspection_cpp/environment/ament_prefix_path.sh
-- Symlinking: /work/ubuntu-ros2-dev/install/rosidl_typesupport_introspection_cpp/share/rosidl_typesupport_introspection_cpp/environment/ament_prefix_path.dsv
-- Symlinking: /work/ubuntu-ros2-dev/install/rosidl_typesupport_introspection_cpp/share/rosidl_typesupport_introspection_cpp/environment/path.sh
-- Symlinking: /work/ubuntu-ros2-dev/install/rosidl_typesupport_introspection_cpp/share/rosidl_typesupport_introspection_cpp/environment/path.dsv
-- Symlinking: /work/ubuntu-ros2-dev/install/rosidl_typesupport_introspection_cpp/share/rosidl_typesupport_introspection_cpp/local_setup.bash
-- Symlinking: /work/ubuntu-ros2-dev/install/rosidl_typesupport_introspection_cpp/share/rosidl_typesupport_introspection_cpp/local_setup.sh
-- Symlinking: /work/ubuntu-ros2-dev/install/rosidl_typesupport_introspection_cpp/share/rosidl_typesupport_introspection_cpp/local_setup.zsh
-- Symlinking: /work/ubuntu-ros2-dev/install/rosidl_typesupport_introspection_cpp/share/rosidl_typesupport_introspection_cpp/local_setup.dsv
-- Symlinking: /work/ubuntu-ros2-dev/install/rosidl_typesupport_introspection_cpp/share/rosidl_typesupport_introspection_cpp/package.dsv
-- Symlinking: /work/ubuntu-ros2-dev/install/rosidl_typesupport_introspection_cpp/share/ament_index/resource_index/packages/rosidl_typesupport_introspection_cpp
-- Symlinking: /work/ubuntu-ros2-dev/install/rosidl_typesupport_introspection_cpp/share/rosidl_typesupport_introspection_cpp/cmake/rosidl_typesupport_introspection_cpp-extras.cmake
-- Symlinking: /work/ubuntu-ros2-dev/install/rosidl_typesupport_introspection_cpp/share/rosidl_typesupport_introspection_cpp/cmake/ament_cmake_export_dependencies-extras.cmake
-- Symlinking: /work/ubuntu-ros2-dev/install/rosidl_typesupport_introspection_cpp/share/rosidl_typesupport_introspection_cpp/cmake/ament_cmake_export_include_directories-extras.cmake
-- Symlinking: /work/ubuntu-ros2-dev/install/rosidl_typesupport_introspection_cpp/share/rosidl_typesupport_introspection_cpp/cmake/ament_cmake_export_libraries-extras.cmake
-- Symlinking: /work/ubuntu-ros2-dev/install/rosidl_typesupport_introspection_cpp/share/rosidl_typesupport_introspection_cpp/cmake/ament_cmake_export_targets-extras.cmake
-- Symlinking: /work/ubuntu-ros2-dev/install/rosidl_typesupport_introspection_cpp/share/rosidl_typesupport_introspection_cpp/cmake/rosidl_typesupport_introspection_cppConfig.cmake
-- Symlinking: /work/ubuntu-ros2-dev/install/rosidl_typesupport_introspection_cpp/share/rosidl_typesupport_introspection_cpp/cmake/rosidl_typesupport_introspection_cppConfig-version.cmake
-- Symlinking: /work/ubuntu-ros2-dev/install/rosidl_typesupport_introspection_cpp/share/rosidl_typesupport_introspection_cpp/package.xml
-- Symlinking: /work/ubuntu-ros2-dev/install/rosidl_typesupport_introspection_cpp/lib/rosidl_typesupport_introspection_cpp/rosidl_typesupport_introspection_cpp
-- Symlinking: /work/ubuntu-ros2-dev/install/rosidl_typesupport_introspection_cpp/share/rosidl_typesupport_introspection_cpp/cmake/rosidl_typesupport_introspection_cpp_generate_interfaces.cmake
-- Symlinking: /work/ubuntu-ros2-dev/install/rosidl_typesupport_introspection_cpp/share/rosidl_typesupport_introspection_cpp/resource/idl__rosidl_typesupport_introspection_cpp.hpp.em
-- Symlinking: /work/ubuntu-ros2-dev/install/rosidl_typesupport_introspection_cpp/share/rosidl_typesupport_introspection_cpp/resource/idl__type_support.cpp.em
-- Symlinking: /work/ubuntu-ros2-dev/install/rosidl_typesupport_introspection_cpp/share/rosidl_typesupport_introspection_cpp/resource/msg__rosidl_typesupport_introspection_cpp.hpp.em
-- Symlinking: /work/ubuntu-ros2-dev/install/rosidl_typesupport_introspection_cpp/share/rosidl_typesupport_introspection_cpp/resource/msg__type_support.cpp.em
-- Symlinking: /work/ubuntu-ros2-dev/install/rosidl_typesupport_introspection_cpp/share/rosidl_typesupport_introspection_cpp/resource/srv__rosidl_typesupport_introspection_cpp.hpp.em
-- Symlinking: /work/ubuntu-ros2-dev/install/rosidl_typesupport_introspection_cpp/share/rosidl_typesupport_introspection_cpp/resource/srv__type_support.cpp.em
-- Symlinking: /work/ubuntu-ros2-dev/install/rosidl_typesupport_introspection_cpp/include/rosidl_typesupport_introspection_cpp/rosidl_typesupport_introspection_cpp/field_types.hpp
-- Symlinking: /work/ubuntu-ros2-dev/install/rosidl_typesupport_introspection_cpp/include/rosidl_typesupport_introspection_cpp/rosidl_typesupport_introspection_cpp/identifier.hpp
-- Symlinking: /work/ubuntu-ros2-dev/install/rosidl_typesupport_introspection_cpp/include/rosidl_typesupport_introspection_cpp/rosidl_typesupport_introspection_cpp/message_introspection.hpp
-- Symlinking: /work/ubuntu-ros2-dev/install/rosidl_typesupport_introspection_cpp/include/rosidl_typesupport_introspection_cpp/rosidl_typesupport_introspection_cpp/message_type_support_decl.hpp
-- Symlinking: /work/ubuntu-ros2-dev/install/rosidl_typesupport_introspection_cpp/include/rosidl_typesupport_introspection_cpp/rosidl_typesupport_introspection_cpp/service_introspection.hpp
-- Symlinking: /work/ubuntu-ros2-dev/install/rosidl_typesupport_introspection_cpp/include/rosidl_typesupport_introspection_cpp/rosidl_typesupport_introspection_cpp/service_type_support_decl.hpp
-- Symlinking: /work/ubuntu-ros2-dev/install/rosidl_typesupport_introspection_cpp/include/rosidl_typesupport_introspection_cpp/rosidl_typesupport_introspection_cpp/visibility_control.h
Listing '/work/ubuntu-ros2-dev/install/rosidl_typesupport_introspection_cpp/lib/python3.10/site-packages/rosidl_typesupport_introspection_cpp'...
Compiling '/work/ubuntu-ros2-dev/install/rosidl_typesupport_introspection_cpp/lib/python3.10/site-packages/rosidl_typesupport_introspection_cpp/__init__.py'...
Compiling '/work/ubuntu-ros2-dev/install/rosidl_typesupport_introspection_cpp/lib/python3.10/site-packages/rosidl_typesupport_introspection_cpp/cli.py'...
-- Installing: /work/ubuntu-ros2-dev/install/rosidl_typesupport_introspection_cpp/share/rosidl_typesupport_introspection_cpp/cmake/rosidl_typesupport_introspection_cppExport.cmake
-- Installing: /work/ubuntu-ros2-dev/install/rosidl_typesupport_introspection_cpp/share/rosidl_typesupport_introspection_cpp/cmake/rosidl_typesupport_introspection_cppExport-noconfig.cmake
-- Installing: /work/ubuntu-ros2-dev/install/rosidl_typesupport_introspection_cpp/lib/librosidl_typesupport_introspection_cpp.so
-- Set runtime path of "/work/ubuntu-ros2-dev/install/rosidl_typesupport_introspection_cpp/lib/librosidl_typesupport_introspection_cpp.so" to ""
