-- The CXX compiler identification is GNU 11.4.0
-- Detecting CXX compiler ABI info
-- Detecting CXX compiler ABI info - done
-- Check for working CXX compiler: /usr/bin/c++ - skipped
-- Detecting CXX compile features
-- Detecting CXX compile features - done
-- Found ament_cmake: 2.5.2 (/work/ubuntu-ros2-dev/install/ament_cmake/share/ament_cmake/cmake)
-- Found Python3: /usr/bin/python3 (found version "3.10.12") found components: Interpreter 
-- Override CMake install command with custom implementation using symlinks instead of copying resources
-- Found ament_cmake_vendor_package: 2.5.2 (/work/ubuntu-ros2-dev/install/ament_cmake_vendor_package/share/ament_cmake_vendor_package/cmake)
-- Performing Test HAS_FLTO
-- Performing Test HAS_FLTO - Success
-- Skipping vendor package build for 'pybind11_vendor', which is already satisfied
-- Configuring done
-- Generating done
-- Build files have been written to: /work/ubuntu-ros2-dev/build/pybind11_vendor
-- Install configuration: ""
-- Execute custom install script
-- Symlinking: /work/ubuntu-ros2-dev/install/pybind11_vendor/share/ament_index/resource_index/package_run_dependencies/pybind11_vendor
-- Symlinking: /work/ubuntu-ros2-dev/install/pybind11_vendor/share/ament_index/resource_index/parent_prefix_path/pybind11_vendor
-- Symlinking: /work/ubuntu-ros2-dev/install/pybind11_vendor/share/pybind11_vendor/environment/ament_prefix_path.sh
-- Symlinking: /work/ubuntu-ros2-dev/install/pybind11_vendor/share/pybind11_vendor/environment/ament_prefix_path.dsv
-- Symlinking: /work/ubuntu-ros2-dev/install/pybind11_vendor/share/pybind11_vendor/environment/path.sh
-- Symlinking: /work/ubuntu-ros2-dev/install/pybind11_vendor/share/pybind11_vendor/environment/path.dsv
-- Symlinking: /work/ubuntu-ros2-dev/install/pybind11_vendor/share/pybind11_vendor/local_setup.bash
-- Symlinking: /work/ubuntu-ros2-dev/install/pybind11_vendor/share/pybind11_vendor/local_setup.sh
-- Symlinking: /work/ubuntu-ros2-dev/install/pybind11_vendor/share/pybind11_vendor/local_setup.zsh
-- Symlinking: /work/ubuntu-ros2-dev/install/pybind11_vendor/share/pybind11_vendor/local_setup.dsv
-- Symlinking: /work/ubuntu-ros2-dev/install/pybind11_vendor/share/pybind11_vendor/package.dsv
-- Symlinking: /work/ubuntu-ros2-dev/install/pybind11_vendor/share/ament_index/resource_index/packages/pybind11_vendor
-- Symlinking: /work/ubuntu-ros2-dev/install/pybind11_vendor/share/pybind11_vendor/cmake/pybind11_vendor-extras.cmake
-- Symlinking: /work/ubuntu-ros2-dev/install/pybind11_vendor/share/pybind11_vendor/cmake/pybind11_vendorConfig.cmake
-- Symlinking: /work/ubuntu-ros2-dev/install/pybind11_vendor/share/pybind11_vendor/cmake/pybind11_vendorConfig-version.cmake
-- Symlinking: /work/ubuntu-ros2-dev/install/pybind11_vendor/share/pybind11_vendor/package.xml
