[0.220s] Invoking command in '/work/ubuntu-ros2-dev/build/shared_queues_vendor': AMENT_PREFIX_PATH=/work/ubuntu-ros2-dev/install/ament_cmake:/work/ubuntu-ros2-dev/install/ament_cmake_gen_version_h:/work/ubuntu-ros2-dev/install/ament_cmake_gtest:/work/ubuntu-ros2-dev/install/ament_cmake_test:/work/ubuntu-ros2-dev/install/ament_cmake_target_dependencies:/work/ubuntu-ros2-dev/install/ament_cmake_export_targets:/work/ubuntu-ros2-dev/install/ament_cmake_export_interfaces:/work/ubuntu-ros2-dev/install/ament_cmake_export_dependencies:/work/ubuntu-ros2-dev/install/ament_cmake_version:/work/ubuntu-ros2-dev/install/ament_cmake_python:/work/ubuntu-ros2-dev/install/ament_cmake_libraries:/work/ubuntu-ros2-dev/install/ament_cmake_include_directories:/work/ubuntu-ros2-dev/install/ament_cmake_export_link_flags:/work/ubuntu-ros2-dev/install/ament_cmake_export_libraries:/work/ubuntu-ros2-dev/install/ament_cmake_export_include_directories:/work/ubuntu-ros2-dev/install/ament_cmake_export_definitions:/work/ubuntu-ros2-dev/install/ament_cmake_core:/work/ubuntu-ros2-dev/install/ament_package CMAKE_PREFIX_PATH=/work/ubuntu-ros2-dev/install/ament_cmake:/work/ubuntu-ros2-dev/install/ament_cmake_gen_version_h:/work/ubuntu-ros2-dev/install/ament_cmake_gtest:/work/ubuntu-ros2-dev/install/ament_cmake_test:/work/ubuntu-ros2-dev/install/ament_cmake_target_dependencies:/work/ubuntu-ros2-dev/install/ament_cmake_export_targets:/work/ubuntu-ros2-dev/install/ament_cmake_export_interfaces:/work/ubuntu-ros2-dev/install/ament_cmake_export_dependencies:/work/ubuntu-ros2-dev/install/ament_cmake_version:/work/ubuntu-ros2-dev/install/ament_cmake_python:/work/ubuntu-ros2-dev/install/ament_cmake_libraries:/work/ubuntu-ros2-dev/install/ament_cmake_include_directories:/work/ubuntu-ros2-dev/install/ament_cmake_export_link_flags:/work/ubuntu-ros2-dev/install/ament_cmake_export_libraries:/work/ubuntu-ros2-dev/install/ament_cmake_export_include_directories:/work/ubuntu-ros2-dev/install/ament_cmake_export_definitions:/work/ubuntu-ros2-dev/install/ament_cmake_core:/work/ubuntu-ros2-dev/install/gtest_vendor PKG_CONFIG_PATH=/work/ubuntu-ros2-dev/install/gtest_vendor/lib/aarch64-linux-gnu/pkgconfig:/work/ubuntu-ros2-dev/install/gtest_vendor/lib/pkgconfig PYTHONPATH=/work/ubuntu-ros2-dev/install/ament_cmake_test/lib/python3.10/site-packages:/work/ubuntu-ros2-dev/build/ament_package:/work/ubuntu-ros2-dev/install/ament_package/lib/python3.10/site-packages /usr/bin/cmake /work/ubuntu-ros2-dev/src/ros2/rosbag2/shared_queues_vendor -DAMENT_CMAKE_SYMLINK_INSTALL=1 -DCMAKE_INSTALL_PREFIX=/work/ubuntu-ros2-dev/install/shared_queues_vendor
[0.924s] -- The C compiler identification is GNU 11.4.0
[0.925s] -- The CXX compiler identification is GNU 11.4.0
[0.925s] -- Detecting C compiler ABI info
[0.925s] -- Detecting C compiler ABI info - done
[0.925s] -- Check for working C compiler: /usr/bin/cc - skipped
[0.925s] -- Detecting C compile features
[0.925s] -- Detecting C compile features - done
[0.925s] -- Detecting CXX compiler ABI info
[0.925s] -- Detecting CXX compiler ABI info - done
[0.925s] -- Check for working CXX compiler: /usr/bin/c++ - skipped
[0.925s] -- Detecting CXX compile features
[0.925s] -- Detecting CXX compile features - done
[0.925s] -- Found ament_cmake: 2.5.2 (/work/ubuntu-ros2-dev/install/ament_cmake/share/ament_cmake/cmake)
[0.925s] -- Found Python3: /usr/bin/python3 (found version "3.10.12") found components: Interpreter 
[0.962s] -- Override CMake install command with custom implementation using symlinks instead of copying resources
[1.088s] -- Configuring done
[1.091s] -- Generating done
[1.092s] -- Build files have been written to: /work/ubuntu-ros2-dev/build/shared_queues_vendor
[1.095s] Invoked command in '/work/ubuntu-ros2-dev/build/shared_queues_vendor' returned '0': AMENT_PREFIX_PATH=/work/ubuntu-ros2-dev/install/ament_cmake:/work/ubuntu-ros2-dev/install/ament_cmake_gen_version_h:/work/ubuntu-ros2-dev/install/ament_cmake_gtest:/work/ubuntu-ros2-dev/install/ament_cmake_test:/work/ubuntu-ros2-dev/install/ament_cmake_target_dependencies:/work/ubuntu-ros2-dev/install/ament_cmake_export_targets:/work/ubuntu-ros2-dev/install/ament_cmake_export_interfaces:/work/ubuntu-ros2-dev/install/ament_cmake_export_dependencies:/work/ubuntu-ros2-dev/install/ament_cmake_version:/work/ubuntu-ros2-dev/install/ament_cmake_python:/work/ubuntu-ros2-dev/install/ament_cmake_libraries:/work/ubuntu-ros2-dev/install/ament_cmake_include_directories:/work/ubuntu-ros2-dev/install/ament_cmake_export_link_flags:/work/ubuntu-ros2-dev/install/ament_cmake_export_libraries:/work/ubuntu-ros2-dev/install/ament_cmake_export_include_directories:/work/ubuntu-ros2-dev/install/ament_cmake_export_definitions:/work/ubuntu-ros2-dev/install/ament_cmake_core:/work/ubuntu-ros2-dev/install/ament_package CMAKE_PREFIX_PATH=/work/ubuntu-ros2-dev/install/ament_cmake:/work/ubuntu-ros2-dev/install/ament_cmake_gen_version_h:/work/ubuntu-ros2-dev/install/ament_cmake_gtest:/work/ubuntu-ros2-dev/install/ament_cmake_test:/work/ubuntu-ros2-dev/install/ament_cmake_target_dependencies:/work/ubuntu-ros2-dev/install/ament_cmake_export_targets:/work/ubuntu-ros2-dev/install/ament_cmake_export_interfaces:/work/ubuntu-ros2-dev/install/ament_cmake_export_dependencies:/work/ubuntu-ros2-dev/install/ament_cmake_version:/work/ubuntu-ros2-dev/install/ament_cmake_python:/work/ubuntu-ros2-dev/install/ament_cmake_libraries:/work/ubuntu-ros2-dev/install/ament_cmake_include_directories:/work/ubuntu-ros2-dev/install/ament_cmake_export_link_flags:/work/ubuntu-ros2-dev/install/ament_cmake_export_libraries:/work/ubuntu-ros2-dev/install/ament_cmake_export_include_directories:/work/ubuntu-ros2-dev/install/ament_cmake_export_definitions:/work/ubuntu-ros2-dev/install/ament_cmake_core:/work/ubuntu-ros2-dev/install/gtest_vendor PKG_CONFIG_PATH=/work/ubuntu-ros2-dev/install/gtest_vendor/lib/aarch64-linux-gnu/pkgconfig:/work/ubuntu-ros2-dev/install/gtest_vendor/lib/pkgconfig PYTHONPATH=/work/ubuntu-ros2-dev/install/ament_cmake_test/lib/python3.10/site-packages:/work/ubuntu-ros2-dev/build/ament_package:/work/ubuntu-ros2-dev/install/ament_package/lib/python3.10/site-packages /usr/bin/cmake /work/ubuntu-ros2-dev/src/ros2/rosbag2/shared_queues_vendor -DAMENT_CMAKE_SYMLINK_INSTALL=1 -DCMAKE_INSTALL_PREFIX=/work/ubuntu-ros2-dev/install/shared_queues_vendor
[1.095s] Invoking command in '/work/ubuntu-ros2-dev/build/shared_queues_vendor': AMENT_PREFIX_PATH=/work/ubuntu-ros2-dev/install/ament_cmake:/work/ubuntu-ros2-dev/install/ament_cmake_gen_version_h:/work/ubuntu-ros2-dev/install/ament_cmake_gtest:/work/ubuntu-ros2-dev/install/ament_cmake_test:/work/ubuntu-ros2-dev/install/ament_cmake_target_dependencies:/work/ubuntu-ros2-dev/install/ament_cmake_export_targets:/work/ubuntu-ros2-dev/install/ament_cmake_export_interfaces:/work/ubuntu-ros2-dev/install/ament_cmake_export_dependencies:/work/ubuntu-ros2-dev/install/ament_cmake_version:/work/ubuntu-ros2-dev/install/ament_cmake_python:/work/ubuntu-ros2-dev/install/ament_cmake_libraries:/work/ubuntu-ros2-dev/install/ament_cmake_include_directories:/work/ubuntu-ros2-dev/install/ament_cmake_export_link_flags:/work/ubuntu-ros2-dev/install/ament_cmake_export_libraries:/work/ubuntu-ros2-dev/install/ament_cmake_export_include_directories:/work/ubuntu-ros2-dev/install/ament_cmake_export_definitions:/work/ubuntu-ros2-dev/install/ament_cmake_core:/work/ubuntu-ros2-dev/install/ament_package CMAKE_PREFIX_PATH=/work/ubuntu-ros2-dev/install/ament_cmake:/work/ubuntu-ros2-dev/install/ament_cmake_gen_version_h:/work/ubuntu-ros2-dev/install/ament_cmake_gtest:/work/ubuntu-ros2-dev/install/ament_cmake_test:/work/ubuntu-ros2-dev/install/ament_cmake_target_dependencies:/work/ubuntu-ros2-dev/install/ament_cmake_export_targets:/work/ubuntu-ros2-dev/install/ament_cmake_export_interfaces:/work/ubuntu-ros2-dev/install/ament_cmake_export_dependencies:/work/ubuntu-ros2-dev/install/ament_cmake_version:/work/ubuntu-ros2-dev/install/ament_cmake_python:/work/ubuntu-ros2-dev/install/ament_cmake_libraries:/work/ubuntu-ros2-dev/install/ament_cmake_include_directories:/work/ubuntu-ros2-dev/install/ament_cmake_export_link_flags:/work/ubuntu-ros2-dev/install/ament_cmake_export_libraries:/work/ubuntu-ros2-dev/install/ament_cmake_export_include_directories:/work/ubuntu-ros2-dev/install/ament_cmake_export_definitions:/work/ubuntu-ros2-dev/install/ament_cmake_core:/work/ubuntu-ros2-dev/install/gtest_vendor PKG_CONFIG_PATH=/work/ubuntu-ros2-dev/install/gtest_vendor/lib/aarch64-linux-gnu/pkgconfig:/work/ubuntu-ros2-dev/install/gtest_vendor/lib/pkgconfig PYTHONPATH=/work/ubuntu-ros2-dev/install/ament_cmake_test/lib/python3.10/site-packages:/work/ubuntu-ros2-dev/build/ament_package:/work/ubuntu-ros2-dev/install/ament_package/lib/python3.10/site-packages /usr/bin/cmake --build /work/ubuntu-ros2-dev/build/shared_queues_vendor -- -j8 -l8
[1.447s] [ 12%] [34m[1mCreating directories for 'ext-singleproducerconsumer'[0m
[1.447s] [ 25%] [34m[1mPerforming download step (download, verify and extract) for 'ext-singleproducerconsumer'[0m
[1.447s] -- Downloading...
[1.447s]    dst='/work/ubuntu-ros2-dev/build/shared_queues_vendor/download/ef7dfbf553288064347d51b8ac335f1ca489032a.zip'
[1.447s]    timeout='60 seconds'
[1.447s]    inactivity timeout='none'
[1.447s] -- Using src='https://github.com/cameron314/readerwriterqueue/archive/ef7dfbf553288064347d51b8ac335f1ca489032a.zip'
[1.978s] -- verifying file...
[1.978s]        file='/work/ubuntu-ros2-dev/build/shared_queues_vendor/download/ef7dfbf553288064347d51b8ac335f1ca489032a.zip'
[1.978s] -- Downloading... done
[2.053s] -- extracting...
[2.053s]      src='/work/ubuntu-ros2-dev/build/shared_queues_vendor/download/ef7dfbf553288064347d51b8ac335f1ca489032a.zip'
[2.053s]      dst='/work/ubuntu-ros2-dev/build/shared_queues_vendor/singleproducerconsumer/src/ext-singleproducerconsumer'
[2.053s] -- extracting... [tar xfz]
[2.076s] -- extracting... [analysis]
[2.077s] -- extracting... [rename]
[2.077s] -- extracting... [clean up]
[2.077s] -- extracting... done
[2.110s] [ 37%] [34m[1mNo update step for 'ext-singleproducerconsumer'[0m
[2.165s] [ 50%] [34m[1mNo patch step for 'ext-singleproducerconsumer'[0m
[2.232s] [ 62%] [34m[1mNo configure step for 'ext-singleproducerconsumer'[0m
[2.316s] [ 75%] [34m[1mNo build step for 'ext-singleproducerconsumer'[0m
[2.401s] [ 87%] [34m[1mNo install step for 'ext-singleproducerconsumer'[0m
[2.434s] [100%] [34m[1mCompleted 'ext-singleproducerconsumer'[0m
[2.484s] [100%] Built target ext-singleproducerconsumer
[2.516s] Invoked command in '/work/ubuntu-ros2-dev/build/shared_queues_vendor' returned '0': AMENT_PREFIX_PATH=/work/ubuntu-ros2-dev/install/ament_cmake:/work/ubuntu-ros2-dev/install/ament_cmake_gen_version_h:/work/ubuntu-ros2-dev/install/ament_cmake_gtest:/work/ubuntu-ros2-dev/install/ament_cmake_test:/work/ubuntu-ros2-dev/install/ament_cmake_target_dependencies:/work/ubuntu-ros2-dev/install/ament_cmake_export_targets:/work/ubuntu-ros2-dev/install/ament_cmake_export_interfaces:/work/ubuntu-ros2-dev/install/ament_cmake_export_dependencies:/work/ubuntu-ros2-dev/install/ament_cmake_version:/work/ubuntu-ros2-dev/install/ament_cmake_python:/work/ubuntu-ros2-dev/install/ament_cmake_libraries:/work/ubuntu-ros2-dev/install/ament_cmake_include_directories:/work/ubuntu-ros2-dev/install/ament_cmake_export_link_flags:/work/ubuntu-ros2-dev/install/ament_cmake_export_libraries:/work/ubuntu-ros2-dev/install/ament_cmake_export_include_directories:/work/ubuntu-ros2-dev/install/ament_cmake_export_definitions:/work/ubuntu-ros2-dev/install/ament_cmake_core:/work/ubuntu-ros2-dev/install/ament_package CMAKE_PREFIX_PATH=/work/ubuntu-ros2-dev/install/ament_cmake:/work/ubuntu-ros2-dev/install/ament_cmake_gen_version_h:/work/ubuntu-ros2-dev/install/ament_cmake_gtest:/work/ubuntu-ros2-dev/install/ament_cmake_test:/work/ubuntu-ros2-dev/install/ament_cmake_target_dependencies:/work/ubuntu-ros2-dev/install/ament_cmake_export_targets:/work/ubuntu-ros2-dev/install/ament_cmake_export_interfaces:/work/ubuntu-ros2-dev/install/ament_cmake_export_dependencies:/work/ubuntu-ros2-dev/install/ament_cmake_version:/work/ubuntu-ros2-dev/install/ament_cmake_python:/work/ubuntu-ros2-dev/install/ament_cmake_libraries:/work/ubuntu-ros2-dev/install/ament_cmake_include_directories:/work/ubuntu-ros2-dev/install/ament_cmake_export_link_flags:/work/ubuntu-ros2-dev/install/ament_cmake_export_libraries:/work/ubuntu-ros2-dev/install/ament_cmake_export_include_directories:/work/ubuntu-ros2-dev/install/ament_cmake_export_definitions:/work/ubuntu-ros2-dev/install/ament_cmake_core:/work/ubuntu-ros2-dev/install/gtest_vendor PKG_CONFIG_PATH=/work/ubuntu-ros2-dev/install/gtest_vendor/lib/aarch64-linux-gnu/pkgconfig:/work/ubuntu-ros2-dev/install/gtest_vendor/lib/pkgconfig PYTHONPATH=/work/ubuntu-ros2-dev/install/ament_cmake_test/lib/python3.10/site-packages:/work/ubuntu-ros2-dev/build/ament_package:/work/ubuntu-ros2-dev/install/ament_package/lib/python3.10/site-packages /usr/bin/cmake --build /work/ubuntu-ros2-dev/build/shared_queues_vendor -- -j8 -l8
[2.533s] Invoking command in '/work/ubuntu-ros2-dev/build/shared_queues_vendor': AMENT_PREFIX_PATH=/work/ubuntu-ros2-dev/install/ament_cmake:/work/ubuntu-ros2-dev/install/ament_cmake_gen_version_h:/work/ubuntu-ros2-dev/install/ament_cmake_gtest:/work/ubuntu-ros2-dev/install/ament_cmake_test:/work/ubuntu-ros2-dev/install/ament_cmake_target_dependencies:/work/ubuntu-ros2-dev/install/ament_cmake_export_targets:/work/ubuntu-ros2-dev/install/ament_cmake_export_interfaces:/work/ubuntu-ros2-dev/install/ament_cmake_export_dependencies:/work/ubuntu-ros2-dev/install/ament_cmake_version:/work/ubuntu-ros2-dev/install/ament_cmake_python:/work/ubuntu-ros2-dev/install/ament_cmake_libraries:/work/ubuntu-ros2-dev/install/ament_cmake_include_directories:/work/ubuntu-ros2-dev/install/ament_cmake_export_link_flags:/work/ubuntu-ros2-dev/install/ament_cmake_export_libraries:/work/ubuntu-ros2-dev/install/ament_cmake_export_include_directories:/work/ubuntu-ros2-dev/install/ament_cmake_export_definitions:/work/ubuntu-ros2-dev/install/ament_cmake_core:/work/ubuntu-ros2-dev/install/ament_package CMAKE_PREFIX_PATH=/work/ubuntu-ros2-dev/install/ament_cmake:/work/ubuntu-ros2-dev/install/ament_cmake_gen_version_h:/work/ubuntu-ros2-dev/install/ament_cmake_gtest:/work/ubuntu-ros2-dev/install/ament_cmake_test:/work/ubuntu-ros2-dev/install/ament_cmake_target_dependencies:/work/ubuntu-ros2-dev/install/ament_cmake_export_targets:/work/ubuntu-ros2-dev/install/ament_cmake_export_interfaces:/work/ubuntu-ros2-dev/install/ament_cmake_export_dependencies:/work/ubuntu-ros2-dev/install/ament_cmake_version:/work/ubuntu-ros2-dev/install/ament_cmake_python:/work/ubuntu-ros2-dev/install/ament_cmake_libraries:/work/ubuntu-ros2-dev/install/ament_cmake_include_directories:/work/ubuntu-ros2-dev/install/ament_cmake_export_link_flags:/work/ubuntu-ros2-dev/install/ament_cmake_export_libraries:/work/ubuntu-ros2-dev/install/ament_cmake_export_include_directories:/work/ubuntu-ros2-dev/install/ament_cmake_export_definitions:/work/ubuntu-ros2-dev/install/ament_cmake_core:/work/ubuntu-ros2-dev/install/gtest_vendor PKG_CONFIG_PATH=/work/ubuntu-ros2-dev/install/gtest_vendor/lib/aarch64-linux-gnu/pkgconfig:/work/ubuntu-ros2-dev/install/gtest_vendor/lib/pkgconfig PYTHONPATH=/work/ubuntu-ros2-dev/install/ament_cmake_test/lib/python3.10/site-packages:/work/ubuntu-ros2-dev/build/ament_package:/work/ubuntu-ros2-dev/install/ament_package/lib/python3.10/site-packages /usr/bin/cmake --install /work/ubuntu-ros2-dev/build/shared_queues_vendor
[2.607s] -- Install configuration: ""
[2.607s] -- Execute custom install script
[2.607s] -- Symlinking: /work/ubuntu-ros2-dev/install/shared_queues_vendor/include/moodycamel/atomicops.h
[2.607s] -- Symlinking: /work/ubuntu-ros2-dev/install/shared_queues_vendor/include/moodycamel/readerwriterqueue.h
[2.607s] -- Symlinking: /work/ubuntu-ros2-dev/install/shared_queues_vendor/share/ament_index/resource_index/package_run_dependencies/shared_queues_vendor
[2.607s] -- Symlinking: /work/ubuntu-ros2-dev/install/shared_queues_vendor/share/ament_index/resource_index/parent_prefix_path/shared_queues_vendor
[2.607s] -- Symlinking: /work/ubuntu-ros2-dev/install/shared_queues_vendor/share/shared_queues_vendor/environment/ament_prefix_path.sh
[2.607s] -- Symlinking: /work/ubuntu-ros2-dev/install/shared_queues_vendor/share/shared_queues_vendor/environment/ament_prefix_path.dsv
[2.608s] -- Symlinking: /work/ubuntu-ros2-dev/install/shared_queues_vendor/share/shared_queues_vendor/environment/path.sh
[2.608s] -- Symlinking: /work/ubuntu-ros2-dev/install/shared_queues_vendor/share/shared_queues_vendor/environment/path.dsv
[2.608s] -- Symlinking: /work/ubuntu-ros2-dev/install/shared_queues_vendor/share/shared_queues_vendor/local_setup.bash
[2.608s] -- Symlinking: /work/ubuntu-ros2-dev/install/shared_queues_vendor/share/shared_queues_vendor/local_setup.sh
[2.608s] -- Symlinking: /work/ubuntu-ros2-dev/install/shared_queues_vendor/share/shared_queues_vendor/local_setup.zsh
[2.608s] -- Symlinking: /work/ubuntu-ros2-dev/install/shared_queues_vendor/share/shared_queues_vendor/local_setup.dsv
[2.612s] -- Symlinking: /work/ubuntu-ros2-dev/install/shared_queues_vendor/share/shared_queues_vendor/package.dsv
[2.616s] -- Symlinking: /work/ubuntu-ros2-dev/install/shared_queues_vendor/share/ament_index/resource_index/packages/shared_queues_vendor
[2.620s] -- Symlinking: /work/ubuntu-ros2-dev/install/shared_queues_vendor/share/shared_queues_vendor/cmake/ament_cmake_export_include_directories-extras.cmake
[2.624s] -- Symlinking: /work/ubuntu-ros2-dev/install/shared_queues_vendor/share/shared_queues_vendor/cmake/ament_cmake_export_targets-extras.cmake
[2.633s] -- Symlinking: /work/ubuntu-ros2-dev/install/shared_queues_vendor/share/shared_queues_vendor/cmake/shared_queues_vendorConfig.cmake
[2.633s] -- Symlinking: /work/ubuntu-ros2-dev/install/shared_queues_vendor/share/shared_queues_vendor/cmake/shared_queues_vendorConfig-version.cmake
[2.636s] -- Symlinking: /work/ubuntu-ros2-dev/install/shared_queues_vendor/share/shared_queues_vendor/package.xml
[2.640s] -- Installing: /work/ubuntu-ros2-dev/install/shared_queues_vendor/share/shared_queues_vendor/cmake/export_shared_queues_vendorExport.cmake
[2.641s] Invoked command in '/work/ubuntu-ros2-dev/build/shared_queues_vendor' returned '0': AMENT_PREFIX_PATH=/work/ubuntu-ros2-dev/install/ament_cmake:/work/ubuntu-ros2-dev/install/ament_cmake_gen_version_h:/work/ubuntu-ros2-dev/install/ament_cmake_gtest:/work/ubuntu-ros2-dev/install/ament_cmake_test:/work/ubuntu-ros2-dev/install/ament_cmake_target_dependencies:/work/ubuntu-ros2-dev/install/ament_cmake_export_targets:/work/ubuntu-ros2-dev/install/ament_cmake_export_interfaces:/work/ubuntu-ros2-dev/install/ament_cmake_export_dependencies:/work/ubuntu-ros2-dev/install/ament_cmake_version:/work/ubuntu-ros2-dev/install/ament_cmake_python:/work/ubuntu-ros2-dev/install/ament_cmake_libraries:/work/ubuntu-ros2-dev/install/ament_cmake_include_directories:/work/ubuntu-ros2-dev/install/ament_cmake_export_link_flags:/work/ubuntu-ros2-dev/install/ament_cmake_export_libraries:/work/ubuntu-ros2-dev/install/ament_cmake_export_include_directories:/work/ubuntu-ros2-dev/install/ament_cmake_export_definitions:/work/ubuntu-ros2-dev/install/ament_cmake_core:/work/ubuntu-ros2-dev/install/ament_package CMAKE_PREFIX_PATH=/work/ubuntu-ros2-dev/install/ament_cmake:/work/ubuntu-ros2-dev/install/ament_cmake_gen_version_h:/work/ubuntu-ros2-dev/install/ament_cmake_gtest:/work/ubuntu-ros2-dev/install/ament_cmake_test:/work/ubuntu-ros2-dev/install/ament_cmake_target_dependencies:/work/ubuntu-ros2-dev/install/ament_cmake_export_targets:/work/ubuntu-ros2-dev/install/ament_cmake_export_interfaces:/work/ubuntu-ros2-dev/install/ament_cmake_export_dependencies:/work/ubuntu-ros2-dev/install/ament_cmake_version:/work/ubuntu-ros2-dev/install/ament_cmake_python:/work/ubuntu-ros2-dev/install/ament_cmake_libraries:/work/ubuntu-ros2-dev/install/ament_cmake_include_directories:/work/ubuntu-ros2-dev/install/ament_cmake_export_link_flags:/work/ubuntu-ros2-dev/install/ament_cmake_export_libraries:/work/ubuntu-ros2-dev/install/ament_cmake_export_include_directories:/work/ubuntu-ros2-dev/install/ament_cmake_export_definitions:/work/ubuntu-ros2-dev/install/ament_cmake_core:/work/ubuntu-ros2-dev/install/gtest_vendor PKG_CONFIG_PATH=/work/ubuntu-ros2-dev/install/gtest_vendor/lib/aarch64-linux-gnu/pkgconfig:/work/ubuntu-ros2-dev/install/gtest_vendor/lib/pkgconfig PYTHONPATH=/work/ubuntu-ros2-dev/install/ament_cmake_test/lib/python3.10/site-packages:/work/ubuntu-ros2-dev/build/ament_package:/work/ubuntu-ros2-dev/install/ament_package/lib/python3.10/site-packages /usr/bin/cmake --install /work/ubuntu-ros2-dev/build/shared_queues_vendor
