[0.014s] Invoking command in '/work/ubuntu-ros2-dev/build/ament_cmake_version': AMENT_PREFIX_PATH=/work/ubuntu-ros2-dev/install/ament_cmake_core:/work/ubuntu-ros2-dev/install/ament_package CMAKE_PREFIX_PATH=/work/ubuntu-ros2-dev/install/ament_cmake_core PYTHONPATH=/work/ubuntu-ros2-dev/build/ament_package:/work/ubuntu-ros2-dev/install/ament_package/lib/python3.10/site-packages /usr/bin/cmake /work/ubuntu-ros2-dev/src/ament/ament_cmake/ament_cmake_version -DAMENT_CMAKE_SYMLINK_INSTALL=1 -DCMAKE_INSTALL_PREFIX=/work/ubuntu-ros2-dev/install/ament_cmake_version
[0.034s] -- Found ament_cmake_core: 2.5.2 (/work/ubuntu-ros2-dev/install/ament_cmake_core/share/ament_cmake_core/cmake)
[0.128s] -- Found Python3: /usr/bin/python3 (found version "3.10.12") found components: Interpreter 
[0.158s] -- Override CMake install command with custom implementation using symlinks instead of copying resources
[0.197s] -- Configuring done
[0.197s] -- Generating done
[0.197s] -- Build files have been written to: /work/ubuntu-ros2-dev/build/ament_cmake_version
[0.212s] Invoked command in '/work/ubuntu-ros2-dev/build/ament_cmake_version' returned '0': AMENT_PREFIX_PATH=/work/ubuntu-ros2-dev/install/ament_cmake_core:/work/ubuntu-ros2-dev/install/ament_package CMAKE_PREFIX_PATH=/work/ubuntu-ros2-dev/install/ament_cmake_core PYTHONPATH=/work/ubuntu-ros2-dev/build/ament_package:/work/ubuntu-ros2-dev/install/ament_package/lib/python3.10/site-packages /usr/bin/cmake /work/ubuntu-ros2-dev/src/ament/ament_cmake/ament_cmake_version -DAMENT_CMAKE_SYMLINK_INSTALL=1 -DCMAKE_INSTALL_PREFIX=/work/ubuntu-ros2-dev/install/ament_cmake_version
[0.213s] Invoking command in '/work/ubuntu-ros2-dev/build/ament_cmake_version': AMENT_PREFIX_PATH=/work/ubuntu-ros2-dev/install/ament_cmake_core:/work/ubuntu-ros2-dev/install/ament_package CMAKE_PREFIX_PATH=/work/ubuntu-ros2-dev/install/ament_cmake_core PYTHONPATH=/work/ubuntu-ros2-dev/build/ament_package:/work/ubuntu-ros2-dev/install/ament_package/lib/python3.10/site-packages /usr/bin/cmake --build /work/ubuntu-ros2-dev/build/ament_cmake_version -- -j8 -l8
[0.325s] Invoked command in '/work/ubuntu-ros2-dev/build/ament_cmake_version' returned '0': AMENT_PREFIX_PATH=/work/ubuntu-ros2-dev/install/ament_cmake_core:/work/ubuntu-ros2-dev/install/ament_package CMAKE_PREFIX_PATH=/work/ubuntu-ros2-dev/install/ament_cmake_core PYTHONPATH=/work/ubuntu-ros2-dev/build/ament_package:/work/ubuntu-ros2-dev/install/ament_package/lib/python3.10/site-packages /usr/bin/cmake --build /work/ubuntu-ros2-dev/build/ament_cmake_version -- -j8 -l8
[0.338s] Invoking command in '/work/ubuntu-ros2-dev/build/ament_cmake_version': AMENT_PREFIX_PATH=/work/ubuntu-ros2-dev/install/ament_cmake_core:/work/ubuntu-ros2-dev/install/ament_package CMAKE_PREFIX_PATH=/work/ubuntu-ros2-dev/install/ament_cmake_core PYTHONPATH=/work/ubuntu-ros2-dev/build/ament_package:/work/ubuntu-ros2-dev/install/ament_package/lib/python3.10/site-packages /usr/bin/cmake --install /work/ubuntu-ros2-dev/build/ament_cmake_version
[0.362s] -- Install configuration: ""
[0.363s] -- Execute custom install script
[0.363s] -- Symlinking: /work/ubuntu-ros2-dev/install/ament_cmake_version/share/ament_index/resource_index/package_run_dependencies/ament_cmake_version
[0.364s] -- Symlinking: /work/ubuntu-ros2-dev/install/ament_cmake_version/share/ament_index/resource_index/parent_prefix_path/ament_cmake_version
[0.364s] -- Symlinking: /work/ubuntu-ros2-dev/install/ament_cmake_version/share/ament_cmake_version/environment/ament_prefix_path.sh
[0.364s] -- Symlinking: /work/ubuntu-ros2-dev/install/ament_cmake_version/share/ament_cmake_version/environment/ament_prefix_path.dsv
[0.364s] -- Symlinking: /work/ubuntu-ros2-dev/install/ament_cmake_version/share/ament_cmake_version/environment/path.sh
[0.364s] -- Symlinking: /work/ubuntu-ros2-dev/install/ament_cmake_version/share/ament_cmake_version/environment/path.dsv
[0.366s] -- Symlinking: /work/ubuntu-ros2-dev/install/ament_cmake_version/share/ament_cmake_version/local_setup.bash
[0.370s] -- Symlinking: /work/ubuntu-ros2-dev/install/ament_cmake_version/share/ament_cmake_version/local_setup.sh
[0.373s] -- Symlinking: /work/ubuntu-ros2-dev/install/ament_cmake_version/share/ament_cmake_version/local_setup.zsh
[0.376s] -- Symlinking: /work/ubuntu-ros2-dev/install/ament_cmake_version/share/ament_cmake_version/local_setup.dsv
[0.379s] -- Symlinking: /work/ubuntu-ros2-dev/install/ament_cmake_version/share/ament_cmake_version/package.dsv
[0.385s] -- Symlinking: /work/ubuntu-ros2-dev/install/ament_cmake_version/share/ament_index/resource_index/packages/ament_cmake_version
[0.394s] -- Symlinking: /work/ubuntu-ros2-dev/install/ament_cmake_version/share/ament_cmake_version/cmake/ament_cmake_version-extras.cmake
[0.394s] -- Symlinking: /work/ubuntu-ros2-dev/install/ament_cmake_version/share/ament_cmake_version/cmake/ament_cmake_versionConfig.cmake
[0.397s] -- Symlinking: /work/ubuntu-ros2-dev/install/ament_cmake_version/share/ament_cmake_version/cmake/ament_cmake_versionConfig-version.cmake
[0.402s] -- Symlinking: /work/ubuntu-ros2-dev/install/ament_cmake_version/share/ament_cmake_version/package.xml
[0.405s] -- Symlinking: /work/ubuntu-ros2-dev/install/ament_cmake_version/share/ament_cmake_version/cmake/ament_export_development_version_if_higher_than_manifest.cmake
[0.410s] Invoked command in '/work/ubuntu-ros2-dev/build/ament_cmake_version' returned '0': AMENT_PREFIX_PATH=/work/ubuntu-ros2-dev/install/ament_cmake_core:/work/ubuntu-ros2-dev/install/ament_package CMAKE_PREFIX_PATH=/work/ubuntu-ros2-dev/install/ament_cmake_core PYTHONPATH=/work/ubuntu-ros2-dev/build/ament_package:/work/ubuntu-ros2-dev/install/ament_package/lib/python3.10/site-packages /usr/bin/cmake --install /work/ubuntu-ros2-dev/build/ament_cmake_version
