running develop
/usr/lib/python3/dist-packages/setuptools/command/easy_install.py:158: EasyInstallDeprecationWarning: easy_install command is deprecated. Use build and pip and other standards-based tools.
  warnings.warn(
running egg_info
creating ament_pycodestyle.egg-info
writing ament_pycodestyle.egg-info/PKG-INFO
writing dependency_links to ament_pycodestyle.egg-info/dependency_links.txt
writing entry points to ament_pycodestyle.egg-info/entry_points.txt
writing requirements to ament_pycodestyle.egg-info/requires.txt
writing top-level names to ament_pycodestyle.egg-info/top_level.txt
writing manifest file 'ament_pycodestyle.egg-info/SOURCES.txt'
reading manifest file 'ament_pycodestyle.egg-info/SOURCES.txt'
writing manifest file 'ament_pycodestyle.egg-info/SOURCES.txt'
running build_ext
Creating /work/ubuntu-ros2-dev/install/ament_pycodestyle/lib/python3.10/site-packages/ament-pycodestyle.egg-link (link to .)
Installing ament_pycodestyle script to /work/ubuntu-ros2-dev/install/ament_pycodestyle/bin

Installed /work/ubuntu-ros2-dev/build/ament_pycodestyle
running symlink_data
symbolically linking /work/ubuntu-ros2-dev/build/ament_pycodestyle/package.xml -> /work/ubuntu-ros2-dev/install/ament_pycodestyle/share/ament_pycodestyle
creating /work/ubuntu-ros2-dev/install/ament_pycodestyle/share/ament_index
creating /work/ubuntu-ros2-dev/install/ament_pycodestyle/share/ament_index/resource_index
creating /work/ubuntu-ros2-dev/install/ament_pycodestyle/share/ament_index/resource_index/packages
symbolically linking /work/ubuntu-ros2-dev/build/ament_pycodestyle/resource/ament_pycodestyle -> /work/ubuntu-ros2-dev/install/ament_pycodestyle/share/ament_index/resource_index/packages
