[0.587s] Invoking command in '/work/ubuntu-ros2-dev/build/ament_pycodestyle': PYTHONPATH=/work/ubuntu-ros2-dev/build/ament_pycodestyle/prefix_override:/usr/lib/python3/dist-packages/colcon_core/task/python/colcon_distutils_commands:/work/ubuntu-ros2-dev/install/ament_pycodestyle/lib/python3.10/site-packages: /usr/bin/python3 -W ignore:setup.py install is deprecated setup.py develop --editable --build-directory /work/ubuntu-ros2-dev/build/ament_pycodestyle/build --no-deps symlink_data
[0.703s] running develop
[0.704s] /usr/lib/python3/dist-packages/setuptools/command/easy_install.py:158: EasyInstallDeprecationWarning: easy_install command is deprecated. Use build and pip and other standards-based tools.
[0.704s]   warnings.warn(
[0.761s] running egg_info
[0.761s] creating ament_pycodestyle.egg-info
[0.761s] writing ament_pycodestyle.egg-info/PKG-INFO
[0.761s] writing dependency_links to ament_pycodestyle.egg-info/dependency_links.txt
[0.761s] writing entry points to ament_pycodestyle.egg-info/entry_points.txt
[0.761s] writing requirements to ament_pycodestyle.egg-info/requires.txt
[0.761s] writing top-level names to ament_pycodestyle.egg-info/top_level.txt
[0.761s] writing manifest file 'ament_pycodestyle.egg-info/SOURCES.txt'
[0.761s] reading manifest file 'ament_pycodestyle.egg-info/SOURCES.txt'
[0.761s] writing manifest file 'ament_pycodestyle.egg-info/SOURCES.txt'
[0.761s] running build_ext
[0.762s] Creating /work/ubuntu-ros2-dev/install/ament_pycodestyle/lib/python3.10/site-packages/ament-pycodestyle.egg-link (link to .)
[0.762s] Installing ament_pycodestyle script to /work/ubuntu-ros2-dev/install/ament_pycodestyle/bin
[0.762s] 
[0.762s] Installed /work/ubuntu-ros2-dev/build/ament_pycodestyle
[0.762s] running symlink_data
[0.762s] symbolically linking /work/ubuntu-ros2-dev/build/ament_pycodestyle/package.xml -> /work/ubuntu-ros2-dev/install/ament_pycodestyle/share/ament_pycodestyle
[0.762s] creating /work/ubuntu-ros2-dev/install/ament_pycodestyle/share/ament_index
[0.762s] creating /work/ubuntu-ros2-dev/install/ament_pycodestyle/share/ament_index/resource_index
[0.762s] creating /work/ubuntu-ros2-dev/install/ament_pycodestyle/share/ament_index/resource_index/packages
[0.762s] symbolically linking /work/ubuntu-ros2-dev/build/ament_pycodestyle/resource/ament_pycodestyle -> /work/ubuntu-ros2-dev/install/ament_pycodestyle/share/ament_index/resource_index/packages
[0.930s] Invoked command in '/work/ubuntu-ros2-dev/build/ament_pycodestyle' returned '0': PYTHONPATH=/work/ubuntu-ros2-dev/build/ament_pycodestyle/prefix_override:/usr/lib/python3/dist-packages/colcon_core/task/python/colcon_distutils_commands:/work/ubuntu-ros2-dev/install/ament_pycodestyle/lib/python3.10/site-packages: /usr/bin/python3 -W ignore:setup.py install is deprecated setup.py develop --editable --build-directory /work/ubuntu-ros2-dev/build/ament_pycodestyle/build --no-deps symlink_data
