[0.014s] Invoking command in '/work/ubuntu-ros2-dev/build/ament_cmake_python': AMENT_PREFIX_PATH=/work/ubuntu-ros2-dev/install/ament_cmake_core:/work/ubuntu-ros2-dev/install/ament_package CMAKE_PREFIX_PATH=/work/ubuntu-ros2-dev/install/ament_cmake_core PYTHONPATH=/work/ubuntu-ros2-dev/build/ament_package:/work/ubuntu-ros2-dev/install/ament_package/lib/python3.10/site-packages /usr/bin/cmake /work/ubuntu-ros2-dev/src/ament/ament_cmake/ament_cmake_python -DAMENT_CMAKE_SYMLINK_INSTALL=1 -DCMAKE_INSTALL_PREFIX=/work/ubuntu-ros2-dev/install/ament_cmake_python
[0.037s] -- Found ament_cmake_core: 2.5.2 (/work/ubuntu-ros2-dev/install/ament_cmake_core/share/ament_cmake_core/cmake)
[0.143s] -- Found Python3: /usr/bin/python3 (found version "3.10.12") found components: Interpreter 
[0.181s] -- Override CMake install command with custom implementation using symlinks instead of copying resources
[0.223s] -- Configuring done
[0.225s] -- Generating done
[0.225s] -- Build files have been written to: /work/ubuntu-ros2-dev/build/ament_cmake_python
[0.229s] Invoked command in '/work/ubuntu-ros2-dev/build/ament_cmake_python' returned '0': AMENT_PREFIX_PATH=/work/ubuntu-ros2-dev/install/ament_cmake_core:/work/ubuntu-ros2-dev/install/ament_package CMAKE_PREFIX_PATH=/work/ubuntu-ros2-dev/install/ament_cmake_core PYTHONPATH=/work/ubuntu-ros2-dev/build/ament_package:/work/ubuntu-ros2-dev/install/ament_package/lib/python3.10/site-packages /usr/bin/cmake /work/ubuntu-ros2-dev/src/ament/ament_cmake/ament_cmake_python -DAMENT_CMAKE_SYMLINK_INSTALL=1 -DCMAKE_INSTALL_PREFIX=/work/ubuntu-ros2-dev/install/ament_cmake_python
[0.230s] Invoking command in '/work/ubuntu-ros2-dev/build/ament_cmake_python': AMENT_PREFIX_PATH=/work/ubuntu-ros2-dev/install/ament_cmake_core:/work/ubuntu-ros2-dev/install/ament_package CMAKE_PREFIX_PATH=/work/ubuntu-ros2-dev/install/ament_cmake_core PYTHONPATH=/work/ubuntu-ros2-dev/build/ament_package:/work/ubuntu-ros2-dev/install/ament_package/lib/python3.10/site-packages /usr/bin/cmake --build /work/ubuntu-ros2-dev/build/ament_cmake_python -- -j8 -l8
[0.252s] Invoked command in '/work/ubuntu-ros2-dev/build/ament_cmake_python' returned '0': AMENT_PREFIX_PATH=/work/ubuntu-ros2-dev/install/ament_cmake_core:/work/ubuntu-ros2-dev/install/ament_package CMAKE_PREFIX_PATH=/work/ubuntu-ros2-dev/install/ament_cmake_core PYTHONPATH=/work/ubuntu-ros2-dev/build/ament_package:/work/ubuntu-ros2-dev/install/ament_package/lib/python3.10/site-packages /usr/bin/cmake --build /work/ubuntu-ros2-dev/build/ament_cmake_python -- -j8 -l8
[0.262s] Invoking command in '/work/ubuntu-ros2-dev/build/ament_cmake_python': AMENT_PREFIX_PATH=/work/ubuntu-ros2-dev/install/ament_cmake_core:/work/ubuntu-ros2-dev/install/ament_package CMAKE_PREFIX_PATH=/work/ubuntu-ros2-dev/install/ament_cmake_core PYTHONPATH=/work/ubuntu-ros2-dev/build/ament_package:/work/ubuntu-ros2-dev/install/ament_package/lib/python3.10/site-packages /usr/bin/cmake --install /work/ubuntu-ros2-dev/build/ament_cmake_python
[0.265s] -- Install configuration: ""
[0.265s] -- Execute custom install script
[0.266s] -- Symlinking: /work/ubuntu-ros2-dev/install/ament_cmake_python/share/ament_index/resource_index/package_run_dependencies/ament_cmake_python
[0.269s] -- Symlinking: /work/ubuntu-ros2-dev/install/ament_cmake_python/share/ament_index/resource_index/parent_prefix_path/ament_cmake_python
[0.277s] -- Symlinking: /work/ubuntu-ros2-dev/install/ament_cmake_python/share/ament_cmake_python/environment/ament_prefix_path.sh
[0.287s] -- Symlinking: /work/ubuntu-ros2-dev/install/ament_cmake_python/share/ament_cmake_python/environment/ament_prefix_path.dsv
[0.307s] -- Symlinking: /work/ubuntu-ros2-dev/install/ament_cmake_python/share/ament_cmake_python/environment/path.sh
[0.307s] -- Symlinking: /work/ubuntu-ros2-dev/install/ament_cmake_python/share/ament_cmake_python/environment/path.dsv
[0.310s] -- Symlinking: /work/ubuntu-ros2-dev/install/ament_cmake_python/share/ament_cmake_python/local_setup.bash
[0.314s] -- Symlinking: /work/ubuntu-ros2-dev/install/ament_cmake_python/share/ament_cmake_python/local_setup.sh
[0.319s] -- Symlinking: /work/ubuntu-ros2-dev/install/ament_cmake_python/share/ament_cmake_python/local_setup.zsh
[0.323s] -- Symlinking: /work/ubuntu-ros2-dev/install/ament_cmake_python/share/ament_cmake_python/local_setup.dsv
[0.327s] -- Symlinking: /work/ubuntu-ros2-dev/install/ament_cmake_python/share/ament_cmake_python/package.dsv
[0.330s] -- Symlinking: /work/ubuntu-ros2-dev/install/ament_cmake_python/share/ament_index/resource_index/packages/ament_cmake_python
[0.340s] -- Symlinking: /work/ubuntu-ros2-dev/install/ament_cmake_python/share/ament_cmake_python/cmake/ament_cmake_python-extras.cmake
[0.340s] -- Symlinking: /work/ubuntu-ros2-dev/install/ament_cmake_python/share/ament_cmake_python/cmake/ament_cmake_pythonConfig.cmake
[0.344s] -- Symlinking: /work/ubuntu-ros2-dev/install/ament_cmake_python/share/ament_cmake_python/cmake/ament_cmake_pythonConfig-version.cmake
[0.347s] -- Symlinking: /work/ubuntu-ros2-dev/install/ament_cmake_python/share/ament_cmake_python/package.xml
[0.350s] -- Symlinking: /work/ubuntu-ros2-dev/install/ament_cmake_python/share/ament_cmake_python/cmake/ament_get_python_install_dir.cmake
[0.357s] -- Symlinking: /work/ubuntu-ros2-dev/install/ament_cmake_python/share/ament_cmake_python/cmake/ament_python_install_module.cmake
[0.357s] -- Symlinking: /work/ubuntu-ros2-dev/install/ament_cmake_python/share/ament_cmake_python/cmake/ament_python_install_package.cmake
[0.378s] Invoked command in '/work/ubuntu-ros2-dev/build/ament_cmake_python' returned '0': AMENT_PREFIX_PATH=/work/ubuntu-ros2-dev/install/ament_cmake_core:/work/ubuntu-ros2-dev/install/ament_package CMAKE_PREFIX_PATH=/work/ubuntu-ros2-dev/install/ament_cmake_core PYTHONPATH=/work/ubuntu-ros2-dev/build/ament_package:/work/ubuntu-ros2-dev/install/ament_package/lib/python3.10/site-packages /usr/bin/cmake --install /work/ubuntu-ros2-dev/build/ament_cmake_python
