running develop
/usr/lib/python3/dist-packages/setuptools/command/easy_install.py:158: EasyInstallDeprecationWarning: easy_install command is deprecated. Use build and pip and other standards-based tools.
  warnings.warn(
running egg_info
creating src/rqt_graph.egg-info
writing src/rqt_graph.egg-info/PKG-INFO
writing dependency_links to src/rqt_graph.egg-info/dependency_links.txt
writing entry points to src/rqt_graph.egg-info/entry_points.txt
writing requirements to src/rqt_graph.egg-info/requires.txt
writing top-level names to src/rqt_graph.egg-info/top_level.txt
writing manifest file 'src/rqt_graph.egg-info/SOURCES.txt'
reading manifest file 'src/rqt_graph.egg-info/SOURCES.txt'
writing manifest file 'src/rqt_graph.egg-info/SOURCES.txt'
running build_ext
Creating /work/ubuntu-ros2-dev/install/rqt_graph/lib/python3.10/site-packages/rqt-graph.egg-link (link to src)
Installing rqt_graph script to /work/ubuntu-ros2-dev/install/rqt_graph/bin

Installed /work/ubuntu-ros2-dev/build/rqt_graph/src
running symlink_data
creating /work/ubuntu-ros2-dev/install/rqt_graph/share/ament_index
creating /work/ubuntu-ros2-dev/install/rqt_graph/share/ament_index/resource_index
creating /work/ubuntu-ros2-dev/install/rqt_graph/share/ament_index/resource_index/packages
symbolically linking /work/ubuntu-ros2-dev/build/rqt_graph/resource/rqt_graph -> /work/ubuntu-ros2-dev/install/rqt_graph/share/ament_index/resource_index/packages
creating /work/ubuntu-ros2-dev/install/rqt_graph/share/rqt_graph/resource
symbolically linking /work/ubuntu-ros2-dev/build/rqt_graph/resource/RosGraph.ui -> /work/ubuntu-ros2-dev/install/rqt_graph/share/rqt_graph/resource
symbolically linking /work/ubuntu-ros2-dev/build/rqt_graph/package.xml -> /work/ubuntu-ros2-dev/install/rqt_graph/share/rqt_graph
symbolically linking /work/ubuntu-ros2-dev/build/rqt_graph/plugin.xml -> /work/ubuntu-ros2-dev/install/rqt_graph/share/rqt_graph
creating /work/ubuntu-ros2-dev/install/rqt_graph/lib/rqt_graph
symbolically linking /work/ubuntu-ros2-dev/build/rqt_graph/scripts/rqt_graph -> /work/ubuntu-ros2-dev/install/rqt_graph/lib/rqt_graph
