-- Found ament_cmake_core: 2.5.2 (/work/ubuntu-ros2-dev/install/ament_cmake_core/share/ament_cmake_core/cmake)
-- Found Python3: /usr/bin/python3 (found version "3.10.12") found components: Interpreter 
-- Override CMake install command with custom implementation using symlinks instead of copying resources
-- Found ament_cmake_export_dependencies: 2.5.2 (/work/ubuntu-ros2-dev/install/ament_cmake_export_dependencies/share/ament_cmake_export_dependencies/cmake)
-- Configuring done
-- Generating done
-- Build files have been written to: /work/ubuntu-ros2-dev/build/ament_lint_common
-- Install configuration: ""
-- Execute custom install script
-- Symlinking: /work/ubuntu-ros2-dev/install/ament_lint_common/share/ament_index/resource_index/package_run_dependencies/ament_lint_common
-- Symlinking: /work/ubuntu-ros2-dev/install/ament_lint_common/share/ament_index/resource_index/parent_prefix_path/ament_lint_common
-- Symlinking: /work/ubuntu-ros2-dev/install/ament_lint_common/share/ament_lint_common/environment/ament_prefix_path.sh
-- Symlinking: /work/ubuntu-ros2-dev/install/ament_lint_common/share/ament_lint_common/environment/ament_prefix_path.dsv
-- Symlinking: /work/ubuntu-ros2-dev/install/ament_lint_common/share/ament_lint_common/environment/path.sh
-- Symlinking: /work/ubuntu-ros2-dev/install/ament_lint_common/share/ament_lint_common/environment/path.dsv
-- Symlinking: /work/ubuntu-ros2-dev/install/ament_lint_common/share/ament_lint_common/local_setup.bash
-- Symlinking: /work/ubuntu-ros2-dev/install/ament_lint_common/share/ament_lint_common/local_setup.sh
-- Symlinking: /work/ubuntu-ros2-dev/install/ament_lint_common/share/ament_lint_common/local_setup.zsh
-- Symlinking: /work/ubuntu-ros2-dev/install/ament_lint_common/share/ament_lint_common/local_setup.dsv
-- Symlinking: /work/ubuntu-ros2-dev/install/ament_lint_common/share/ament_lint_common/package.dsv
-- Symlinking: /work/ubuntu-ros2-dev/install/ament_lint_common/share/ament_index/resource_index/packages/ament_lint_common
-- Symlinking: /work/ubuntu-ros2-dev/install/ament_lint_common/share/ament_lint_common/cmake/ament_cmake_export_dependencies-extras.cmake
-- Symlinking: /work/ubuntu-ros2-dev/install/ament_lint_common/share/ament_lint_common/cmake/ament_lint_commonConfig.cmake
-- Symlinking: /work/ubuntu-ros2-dev/install/ament_lint_common/share/ament_lint_common/cmake/ament_lint_commonConfig-version.cmake
-- Symlinking: /work/ubuntu-ros2-dev/install/ament_lint_common/share/ament_lint_common/package.xml
