[0.401s] Invoking command in '/work/ubuntu-ros2-dev/build/launch_yaml': AMENT_PREFIX_PATH=/work/ubuntu-ros2-dev/install/launch:/work/ubuntu-ros2-dev/install/ament_index_python:/work/ubuntu-ros2-dev/install/ament_copyright:/work/ubuntu-ros2-dev/install/ament_pep257:/work/ubuntu-ros2-dev/install/ament_mypy:/work/ubuntu-ros2-dev/install/ament_flake8:/work/ubuntu-ros2-dev/install/osrf_pycommon:/work/ubuntu-ros2-dev/install/ament_lint PATH=/work/ubuntu-ros2-dev/install/ament_index_python/bin:/work/ubuntu-ros2-dev/install/ament_copyright/bin:/work/ubuntu-ros2-dev/install/ament_pep257/bin:/work/ubuntu-ros2-dev/install/ament_mypy/bin:/work/ubuntu-ros2-dev/install/ament_flake8/bin:${PATH} PYTHONPATH=/work/ubuntu-ros2-dev/build/launch_yaml/prefix_override:/usr/lib/python3/dist-packages/colcon_core/task/python/colcon_distutils_commands:/work/ubuntu-ros2-dev/install/launch_yaml/lib/python3.10/site-packages:/work/ubuntu-ros2-dev/build/launch:/work/ubuntu-ros2-dev/install/launch/lib/python3.10/site-packages:/work/ubuntu-ros2-dev/build/ament_index_python:/work/ubuntu-ros2-dev/install/ament_index_python/lib/python3.10/site-packages:/work/ubuntu-ros2-dev/build/ament_copyright:/work/ubuntu-ros2-dev/install/ament_copyright/lib/python3.10/site-packages:/work/ubuntu-ros2-dev/build/ament_pep257:/work/ubuntu-ros2-dev/install/ament_pep257/lib/python3.10/site-packages:/work/ubuntu-ros2-dev/build/ament_mypy:/work/ubuntu-ros2-dev/install/ament_mypy/lib/python3.10/site-packages:/work/ubuntu-ros2-dev/build/ament_flake8:/work/ubuntu-ros2-dev/install/ament_flake8/lib/python3.10/site-packages:/work/ubuntu-ros2-dev/build/osrf_pycommon:/work/ubuntu-ros2-dev/install/osrf_pycommon/lib/python3.10/site-packages:/work/ubuntu-ros2-dev/build/ament_lint:/work/ubuntu-ros2-dev/install/ament_lint/lib/python3.10/site-packages /usr/bin/python3 -W ignore:setup.py install is deprecated setup.py develop --editable --build-directory /work/ubuntu-ros2-dev/build/launch_yaml/build --no-deps symlink_data
[0.523s] running develop
[0.523s] /usr/lib/python3/dist-packages/setuptools/command/easy_install.py:158: EasyInstallDeprecationWarning: easy_install command is deprecated. Use build and pip and other standards-based tools.
[0.523s]   warnings.warn(
[0.609s] running egg_info
[0.609s] creating launch_yaml.egg-info
[0.609s] writing launch_yaml.egg-info/PKG-INFO
[0.609s] writing dependency_links to launch_yaml.egg-info/dependency_links.txt
[0.609s] writing entry points to launch_yaml.egg-info/entry_points.txt
[0.609s] writing requirements to launch_yaml.egg-info/requires.txt
[0.609s] writing top-level names to launch_yaml.egg-info/top_level.txt
[0.609s] writing manifest file 'launch_yaml.egg-info/SOURCES.txt'
[0.610s] reading manifest file 'launch_yaml.egg-info/SOURCES.txt'
[0.610s] writing manifest file 'launch_yaml.egg-info/SOURCES.txt'
[0.613s] running build_ext
[0.613s] Creating /work/ubuntu-ros2-dev/install/launch_yaml/lib/python3.10/site-packages/launch-yaml.egg-link (link to .)
[0.613s] 
[0.613s] Installed /work/ubuntu-ros2-dev/build/launch_yaml
[0.613s] running symlink_data
[0.613s] symbolically linking /work/ubuntu-ros2-dev/build/launch_yaml/package.xml -> /work/ubuntu-ros2-dev/install/launch_yaml/share/launch_yaml
[0.613s] creating /work/ubuntu-ros2-dev/install/launch_yaml/share/ament_index
[0.613s] creating /work/ubuntu-ros2-dev/install/launch_yaml/share/ament_index/resource_index
[0.613s] creating /work/ubuntu-ros2-dev/install/launch_yaml/share/ament_index/resource_index/packages
[0.613s] symbolically linking /work/ubuntu-ros2-dev/build/launch_yaml/resource/launch_yaml -> /work/ubuntu-ros2-dev/install/launch_yaml/share/ament_index/resource_index/packages
[0.649s] Invoked command in '/work/ubuntu-ros2-dev/build/launch_yaml' returned '0': AMENT_PREFIX_PATH=/work/ubuntu-ros2-dev/install/launch:/work/ubuntu-ros2-dev/install/ament_index_python:/work/ubuntu-ros2-dev/install/ament_copyright:/work/ubuntu-ros2-dev/install/ament_pep257:/work/ubuntu-ros2-dev/install/ament_mypy:/work/ubuntu-ros2-dev/install/ament_flake8:/work/ubuntu-ros2-dev/install/osrf_pycommon:/work/ubuntu-ros2-dev/install/ament_lint PATH=/work/ubuntu-ros2-dev/install/ament_index_python/bin:/work/ubuntu-ros2-dev/install/ament_copyright/bin:/work/ubuntu-ros2-dev/install/ament_pep257/bin:/work/ubuntu-ros2-dev/install/ament_mypy/bin:/work/ubuntu-ros2-dev/install/ament_flake8/bin:${PATH} PYTHONPATH=/work/ubuntu-ros2-dev/build/launch_yaml/prefix_override:/usr/lib/python3/dist-packages/colcon_core/task/python/colcon_distutils_commands:/work/ubuntu-ros2-dev/install/launch_yaml/lib/python3.10/site-packages:/work/ubuntu-ros2-dev/build/launch:/work/ubuntu-ros2-dev/install/launch/lib/python3.10/site-packages:/work/ubuntu-ros2-dev/build/ament_index_python:/work/ubuntu-ros2-dev/install/ament_index_python/lib/python3.10/site-packages:/work/ubuntu-ros2-dev/build/ament_copyright:/work/ubuntu-ros2-dev/install/ament_copyright/lib/python3.10/site-packages:/work/ubuntu-ros2-dev/build/ament_pep257:/work/ubuntu-ros2-dev/install/ament_pep257/lib/python3.10/site-packages:/work/ubuntu-ros2-dev/build/ament_mypy:/work/ubuntu-ros2-dev/install/ament_mypy/lib/python3.10/site-packages:/work/ubuntu-ros2-dev/build/ament_flake8:/work/ubuntu-ros2-dev/install/ament_flake8/lib/python3.10/site-packages:/work/ubuntu-ros2-dev/build/osrf_pycommon:/work/ubuntu-ros2-dev/install/osrf_pycommon/lib/python3.10/site-packages:/work/ubuntu-ros2-dev/build/ament_lint:/work/ubuntu-ros2-dev/install/ament_lint/lib/python3.10/site-packages /usr/bin/python3 -W ignore:setup.py install is deprecated setup.py develop --editable --build-directory /work/ubuntu-ros2-dev/build/launch_yaml/build --no-deps symlink_data
