-- The C compiler identification is GNU 11.4.0
-- The CXX compiler identification is GNU 11.4.0
-- Detecting C compiler ABI info
-- Detecting C compiler ABI info - done
-- Check for working C compiler: /usr/bin/cc - skipped
-- Detecting C compile features
-- Detecting C compile features - done
-- Detecting CXX compiler ABI info
-- Detecting CXX compiler ABI info - done
-- Check for working CXX compiler: /usr/bin/c++ - skipped
-- Detecting CXX compile features
-- Detecting CXX compile features - done
-- Found ament_cmake_ros: 0.12.0 (/work/ubuntu-ros2-dev/install/ament_cmake_ros/share/ament_cmake_ros/cmake)
-- Found Python3: /usr/bin/python3 (found version "3.10.12") found components: Interpreter 
-- Override CMake install command with custom implementation using symlinks instead of copying resources
-- Found rcutils: 6.7.2 (/work/ubuntu-ros2-dev/install/rcutils/share/rcutils/cmake)
-- Found rosidl_dynamic_typesupport: 0.1.2 (/work/ubuntu-ros2-dev/install/rosidl_dynamic_typesupport/share/rosidl_dynamic_typesupport/cmake)
-- Found fastrtps_cmake_module: 3.6.0 (/work/ubuntu-ros2-dev/install/fastrtps_cmake_module/share/fastrtps_cmake_module/cmake)
-- Found OpenSSL: /usr/lib/aarch64-linux-gnu/libcrypto.so (found version "3.0.2")  
-- Found FastRTPS: /work/ubuntu-ros2-dev/install/fastrtps/include (Required is at least version "2.3") 
-- Configuring done
-- Generating done
-- Build files have been written to: /work/ubuntu-ros2-dev/build/rosidl_dynamic_typesupport_fastrtps
/usr/bin/cmake -S/work/ubuntu-ros2-dev/src/ros2/rosidl_dynamic_typesupport_fastrtps -B/work/ubuntu-ros2-dev/build/rosidl_dynamic_typesupport_fastrtps --check-build-system CMakeFiles/Makefile.cmake 0
/usr/bin/cmake -E cmake_progress_start /work/ubuntu-ros2-dev/build/rosidl_dynamic_typesupport_fastrtps/CMakeFiles /work/ubuntu-ros2-dev/build/rosidl_dynamic_typesupport_fastrtps//CMakeFiles/progress.marks
/usr/bin/gmake  -f CMakeFiles/Makefile2 all
gmake[1]: Entering directory '/work/ubuntu-ros2-dev/build/rosidl_dynamic_typesupport_fastrtps'
/usr/bin/gmake  -f CMakeFiles/rosidl_dynamic_typesupport_fastrtps.dir/build.make CMakeFiles/rosidl_dynamic_typesupport_fastrtps.dir/depend
gmake[2]: Entering directory '/work/ubuntu-ros2-dev/build/rosidl_dynamic_typesupport_fastrtps'
cd /work/ubuntu-ros2-dev/build/rosidl_dynamic_typesupport_fastrtps && /usr/bin/cmake -E cmake_depends "Unix Makefiles" /work/ubuntu-ros2-dev/src/ros2/rosidl_dynamic_typesupport_fastrtps /work/ubuntu-ros2-dev/src/ros2/rosidl_dynamic_typesupport_fastrtps /work/ubuntu-ros2-dev/build/rosidl_dynamic_typesupport_fastrtps /work/ubuntu-ros2-dev/build/rosidl_dynamic_typesupport_fastrtps /work/ubuntu-ros2-dev/build/rosidl_dynamic_typesupport_fastrtps/CMakeFiles/rosidl_dynamic_typesupport_fastrtps.dir/DependInfo.cmake --color=
gmake[2]: Leaving directory '/work/ubuntu-ros2-dev/build/rosidl_dynamic_typesupport_fastrtps'
/usr/bin/gmake  -f CMakeFiles/rosidl_dynamic_typesupport_fastrtps.dir/build.make CMakeFiles/rosidl_dynamic_typesupport_fastrtps.dir/build
gmake[2]: Entering directory '/work/ubuntu-ros2-dev/build/rosidl_dynamic_typesupport_fastrtps'
[ 14%] [32mBuilding CXX object CMakeFiles/rosidl_dynamic_typesupport_fastrtps.dir/src/detail/fastrtps_dynamic_data.cpp.o[0m
/usr/bin/c++ -DFASTCDR_DYN_LINK -DFASTRTPS_DYN_LINK -DFOONATHAN_MEMORY=1 -DFOONATHAN_MEMORY_VERSION_MAJOR=0 -DFOONATHAN_MEMORY_VERSION_MINOR=7 -DFOONATHAN_MEMORY_VERSION_PATCH=3 -DRCUTILS_ENABLE_FAULT_INJECTION -DROS_PACKAGE_NAME=\"rosidl_dynamic_typesupport_fastrtps\" -Drosidl_dynamic_typesupport_fastrtps_EXPORTS -I/work/ubuntu-ros2-dev/src/ros2/rosidl_dynamic_typesupport_fastrtps/include -isystem /work/ubuntu-ros2-dev/install/rosidl_dynamic_typesupport/include/rosidl_dynamic_typesupport -isystem /work/ubuntu-ros2-dev/install/rcutils/include/rcutils -isystem /work/ubuntu-ros2-dev/install/rosidl_runtime_c/include/rosidl_runtime_c -isystem /work/ubuntu-ros2-dev/install/rosidl_typesupport_interface/include/rosidl_typesupport_interface -isystem /work/ubuntu-ros2-dev/install/fastcdr/include -isystem /work/ubuntu-ros2-dev/install/fastrtps/include -isystem /work/ubuntu-ros2-dev/install/foonathan_memory_vendor/include/foonathan_memory -fPIC -Wall -Wextra -Wpedantic -MD -MT CMakeFiles/rosidl_dynamic_typesupport_fastrtps.dir/src/detail/fastrtps_dynamic_data.cpp.o -MF CMakeFiles/rosidl_dynamic_typesupport_fastrtps.dir/src/detail/fastrtps_dynamic_data.cpp.o.d -o CMakeFiles/rosidl_dynamic_typesupport_fastrtps.dir/src/detail/fastrtps_dynamic_data.cpp.o -c /work/ubuntu-ros2-dev/src/ros2/rosidl_dynamic_typesupport_fastrtps/src/detail/fastrtps_dynamic_data.cpp
[ 28%] [32mBuilding CXX object CMakeFiles/rosidl_dynamic_typesupport_fastrtps.dir/src/serialization_support.cpp.o[0m
/usr/bin/c++ -DFASTCDR_DYN_LINK -DFASTRTPS_DYN_LINK -DFOONATHAN_MEMORY=1 -DFOONATHAN_MEMORY_VERSION_MAJOR=0 -DFOONATHAN_MEMORY_VERSION_MINOR=7 -DFOONATHAN_MEMORY_VERSION_PATCH=3 -DRCUTILS_ENABLE_FAULT_INJECTION -DROS_PACKAGE_NAME=\"rosidl_dynamic_typesupport_fastrtps\" -Drosidl_dynamic_typesupport_fastrtps_EXPORTS -I/work/ubuntu-ros2-dev/src/ros2/rosidl_dynamic_typesupport_fastrtps/include -isystem /work/ubuntu-ros2-dev/install/rosidl_dynamic_typesupport/include/rosidl_dynamic_typesupport -isystem /work/ubuntu-ros2-dev/install/rcutils/include/rcutils -isystem /work/ubuntu-ros2-dev/install/rosidl_runtime_c/include/rosidl_runtime_c -isystem /work/ubuntu-ros2-dev/install/rosidl_typesupport_interface/include/rosidl_typesupport_interface -isystem /work/ubuntu-ros2-dev/install/fastcdr/include -isystem /work/ubuntu-ros2-dev/install/fastrtps/include -isystem /work/ubuntu-ros2-dev/install/foonathan_memory_vendor/include/foonathan_memory -fPIC -Wall -Wextra -Wpedantic -MD -MT CMakeFiles/rosidl_dynamic_typesupport_fastrtps.dir/src/serialization_support.cpp.o -MF CMakeFiles/rosidl_dynamic_typesupport_fastrtps.dir/src/serialization_support.cpp.o.d -o CMakeFiles/rosidl_dynamic_typesupport_fastrtps.dir/src/serialization_support.cpp.o -c /work/ubuntu-ros2-dev/src/ros2/rosidl_dynamic_typesupport_fastrtps/src/serialization_support.cpp
[ 42%] [32mBuilding CXX object CMakeFiles/rosidl_dynamic_typesupport_fastrtps.dir/src/identifier.cpp.o[0m
/usr/bin/c++ -DFASTCDR_DYN_LINK -DFASTRTPS_DYN_LINK -DFOONATHAN_MEMORY=1 -DFOONATHAN_MEMORY_VERSION_MAJOR=0 -DFOONATHAN_MEMORY_VERSION_MINOR=7 -DFOONATHAN_MEMORY_VERSION_PATCH=3 -DRCUTILS_ENABLE_FAULT_INJECTION -DROS_PACKAGE_NAME=\"rosidl_dynamic_typesupport_fastrtps\" -Drosidl_dynamic_typesupport_fastrtps_EXPORTS -I/work/ubuntu-ros2-dev/src/ros2/rosidl_dynamic_typesupport_fastrtps/include -isystem /work/ubuntu-ros2-dev/install/rosidl_dynamic_typesupport/include/rosidl_dynamic_typesupport -isystem /work/ubuntu-ros2-dev/install/rcutils/include/rcutils -isystem /work/ubuntu-ros2-dev/install/rosidl_runtime_c/include/rosidl_runtime_c -isystem /work/ubuntu-ros2-dev/install/rosidl_typesupport_interface/include/rosidl_typesupport_interface -isystem /work/ubuntu-ros2-dev/install/fastcdr/include -isystem /work/ubuntu-ros2-dev/install/fastrtps/include -isystem /work/ubuntu-ros2-dev/install/foonathan_memory_vendor/include/foonathan_memory -fPIC -Wall -Wextra -Wpedantic -MD -MT CMakeFiles/rosidl_dynamic_typesupport_fastrtps.dir/src/identifier.cpp.o -MF CMakeFiles/rosidl_dynamic_typesupport_fastrtps.dir/src/identifier.cpp.o.d -o CMakeFiles/rosidl_dynamic_typesupport_fastrtps.dir/src/identifier.cpp.o -c /work/ubuntu-ros2-dev/src/ros2/rosidl_dynamic_typesupport_fastrtps/src/identifier.cpp
[ 57%] [32mBuilding CXX object CMakeFiles/rosidl_dynamic_typesupport_fastrtps.dir/src/detail/utils.cpp.o[0m
/usr/bin/c++ -DFASTCDR_DYN_LINK -DFASTRTPS_DYN_LINK -DFOONATHAN_MEMORY=1 -DFOONATHAN_MEMORY_VERSION_MAJOR=0 -DFOONATHAN_MEMORY_VERSION_MINOR=7 -DFOONATHAN_MEMORY_VERSION_PATCH=3 -DRCUTILS_ENABLE_FAULT_INJECTION -DROS_PACKAGE_NAME=\"rosidl_dynamic_typesupport_fastrtps\" -Drosidl_dynamic_typesupport_fastrtps_EXPORTS -I/work/ubuntu-ros2-dev/src/ros2/rosidl_dynamic_typesupport_fastrtps/include -isystem /work/ubuntu-ros2-dev/install/rosidl_dynamic_typesupport/include/rosidl_dynamic_typesupport -isystem /work/ubuntu-ros2-dev/install/rcutils/include/rcutils -isystem /work/ubuntu-ros2-dev/install/rosidl_runtime_c/include/rosidl_runtime_c -isystem /work/ubuntu-ros2-dev/install/rosidl_typesupport_interface/include/rosidl_typesupport_interface -isystem /work/ubuntu-ros2-dev/install/fastcdr/include -isystem /work/ubuntu-ros2-dev/install/fastrtps/include -isystem /work/ubuntu-ros2-dev/install/foonathan_memory_vendor/include/foonathan_memory -fPIC -Wall -Wextra -Wpedantic -MD -MT CMakeFiles/rosidl_dynamic_typesupport_fastrtps.dir/src/detail/utils.cpp.o -MF CMakeFiles/rosidl_dynamic_typesupport_fastrtps.dir/src/detail/utils.cpp.o.d -o CMakeFiles/rosidl_dynamic_typesupport_fastrtps.dir/src/detail/utils.cpp.o -c /work/ubuntu-ros2-dev/src/ros2/rosidl_dynamic_typesupport_fastrtps/src/detail/utils.cpp
[ 71%] [32mBuilding CXX object CMakeFiles/rosidl_dynamic_typesupport_fastrtps.dir/src/detail/fastrtps_serialization_support.cpp.o[0m
/usr/bin/c++ -DFASTCDR_DYN_LINK -DFASTRTPS_DYN_LINK -DFOONATHAN_MEMORY=1 -DFOONATHAN_MEMORY_VERSION_MAJOR=0 -DFOONATHAN_MEMORY_VERSION_MINOR=7 -DFOONATHAN_MEMORY_VERSION_PATCH=3 -DRCUTILS_ENABLE_FAULT_INJECTION -DROS_PACKAGE_NAME=\"rosidl_dynamic_typesupport_fastrtps\" -Drosidl_dynamic_typesupport_fastrtps_EXPORTS -I/work/ubuntu-ros2-dev/src/ros2/rosidl_dynamic_typesupport_fastrtps/include -isystem /work/ubuntu-ros2-dev/install/rosidl_dynamic_typesupport/include/rosidl_dynamic_typesupport -isystem /work/ubuntu-ros2-dev/install/rcutils/include/rcutils -isystem /work/ubuntu-ros2-dev/install/rosidl_runtime_c/include/rosidl_runtime_c -isystem /work/ubuntu-ros2-dev/install/rosidl_typesupport_interface/include/rosidl_typesupport_interface -isystem /work/ubuntu-ros2-dev/install/fastcdr/include -isystem /work/ubuntu-ros2-dev/install/fastrtps/include -isystem /work/ubuntu-ros2-dev/install/foonathan_memory_vendor/include/foonathan_memory -fPIC -Wall -Wextra -Wpedantic -MD -MT CMakeFiles/rosidl_dynamic_typesupport_fastrtps.dir/src/detail/fastrtps_serialization_support.cpp.o -MF CMakeFiles/rosidl_dynamic_typesupport_fastrtps.dir/src/detail/fastrtps_serialization_support.cpp.o.d -o CMakeFiles/rosidl_dynamic_typesupport_fastrtps.dir/src/detail/fastrtps_serialization_support.cpp.o -c /work/ubuntu-ros2-dev/src/ros2/rosidl_dynamic_typesupport_fastrtps/src/detail/fastrtps_serialization_support.cpp
[ 85%] [32mBuilding CXX object CMakeFiles/rosidl_dynamic_typesupport_fastrtps.dir/src/detail/fastrtps_dynamic_type.cpp.o[0m
/usr/bin/c++ -DFASTCDR_DYN_LINK -DFASTRTPS_DYN_LINK -DFOONATHAN_MEMORY=1 -DFOONATHAN_MEMORY_VERSION_MAJOR=0 -DFOONATHAN_MEMORY_VERSION_MINOR=7 -DFOONATHAN_MEMORY_VERSION_PATCH=3 -DRCUTILS_ENABLE_FAULT_INJECTION -DROS_PACKAGE_NAME=\"rosidl_dynamic_typesupport_fastrtps\" -Drosidl_dynamic_typesupport_fastrtps_EXPORTS -I/work/ubuntu-ros2-dev/src/ros2/rosidl_dynamic_typesupport_fastrtps/include -isystem /work/ubuntu-ros2-dev/install/rosidl_dynamic_typesupport/include/rosidl_dynamic_typesupport -isystem /work/ubuntu-ros2-dev/install/rcutils/include/rcutils -isystem /work/ubuntu-ros2-dev/install/rosidl_runtime_c/include/rosidl_runtime_c -isystem /work/ubuntu-ros2-dev/install/rosidl_typesupport_interface/include/rosidl_typesupport_interface -isystem /work/ubuntu-ros2-dev/install/fastcdr/include -isystem /work/ubuntu-ros2-dev/install/fastrtps/include -isystem /work/ubuntu-ros2-dev/install/foonathan_memory_vendor/include/foonathan_memory -fPIC -Wall -Wextra -Wpedantic -MD -MT CMakeFiles/rosidl_dynamic_typesupport_fastrtps.dir/src/detail/fastrtps_dynamic_type.cpp.o -MF CMakeFiles/rosidl_dynamic_typesupport_fastrtps.dir/src/detail/fastrtps_dynamic_type.cpp.o.d -o CMakeFiles/rosidl_dynamic_typesupport_fastrtps.dir/src/detail/fastrtps_dynamic_type.cpp.o -c /work/ubuntu-ros2-dev/src/ros2/rosidl_dynamic_typesupport_fastrtps/src/detail/fastrtps_dynamic_type.cpp
[100%] [32m[1mLinking CXX shared library librosidl_dynamic_typesupport_fastrtps.so[0m
/usr/bin/cmake -E cmake_link_script CMakeFiles/rosidl_dynamic_typesupport_fastrtps.dir/link.txt --verbose=1
/usr/bin/c++ -fPIC -shared -Wl,-soname,librosidl_dynamic_typesupport_fastrtps.so -o librosidl_dynamic_typesupport_fastrtps.so CMakeFiles/rosidl_dynamic_typesupport_fastrtps.dir/src/detail/fastrtps_dynamic_data.cpp.o CMakeFiles/rosidl_dynamic_typesupport_fastrtps.dir/src/detail/fastrtps_dynamic_type.cpp.o CMakeFiles/rosidl_dynamic_typesupport_fastrtps.dir/src/detail/fastrtps_serialization_support.cpp.o CMakeFiles/rosidl_dynamic_typesupport_fastrtps.dir/src/detail/utils.cpp.o CMakeFiles/rosidl_dynamic_typesupport_fastrtps.dir/src/identifier.cpp.o CMakeFiles/rosidl_dynamic_typesupport_fastrtps.dir/src/serialization_support.cpp.o  -Wl,-rpath,/work/ubuntu-ros2-dev/install/rosidl_dynamic_typesupport/lib:/work/ubuntu-ros2-dev/install/fastrtps/lib:/work/ubuntu-ros2-dev/install/rosidl_runtime_c/lib:/work/ubuntu-ros2-dev/install/rcutils/lib:/work/ubuntu-ros2-dev/install/fastcdr/lib: /work/ubuntu-ros2-dev/install/rosidl_dynamic_typesupport/lib/librosidl_dynamic_typesupport.so /work/ubuntu-ros2-dev/install/fastrtps/lib/libfastrtps.so.2.14.3 /work/ubuntu-ros2-dev/install/rosidl_runtime_c/lib/librosidl_runtime_c.so /work/ubuntu-ros2-dev/install/rcutils/lib/librcutils.so /work/ubuntu-ros2-dev/install/fastcdr/lib/libfastcdr.so.2.2.5 /work/ubuntu-ros2-dev/install/foonathan_memory_vendor/lib/libfoonathan_memory-0.7.3.a -lpthread /usr/lib/aarch64-linux-gnu/libtinyxml2.so -lpthread /usr/lib/aarch64-linux-gnu/libtinyxml2.so -ldl /usr/lib/aarch64-linux-gnu/libssl.so /usr/lib/aarch64-linux-gnu/libcrypto.so -lrt 
gmake[2]: Leaving directory '/work/ubuntu-ros2-dev/build/rosidl_dynamic_typesupport_fastrtps'
[100%] Built target rosidl_dynamic_typesupport_fastrtps
gmake[1]: Leaving directory '/work/ubuntu-ros2-dev/build/rosidl_dynamic_typesupport_fastrtps'
/usr/bin/cmake -E cmake_progress_start /work/ubuntu-ros2-dev/build/rosidl_dynamic_typesupport_fastrtps/CMakeFiles 0
-- Install configuration: ""
-- Execute custom install script
-- Symlinking: /work/ubuntu-ros2-dev/install/rosidl_dynamic_typesupport_fastrtps/include/rosidl_dynamic_typesupport_fastrtps/rosidl_dynamic_typesupport_fastrtps/identifier.h
-- Symlinking: /work/ubuntu-ros2-dev/install/rosidl_dynamic_typesupport_fastrtps/include/rosidl_dynamic_typesupport_fastrtps/rosidl_dynamic_typesupport_fastrtps/serialization_support.h
-- Symlinking: /work/ubuntu-ros2-dev/install/rosidl_dynamic_typesupport_fastrtps/include/rosidl_dynamic_typesupport_fastrtps/rosidl_dynamic_typesupport_fastrtps/visibility_control.h
-- Symlinking: /work/ubuntu-ros2-dev/install/rosidl_dynamic_typesupport_fastrtps/share/rosidl_dynamic_typesupport_fastrtps/environment/library_path.sh
-- Symlinking: /work/ubuntu-ros2-dev/install/rosidl_dynamic_typesupport_fastrtps/share/rosidl_dynamic_typesupport_fastrtps/environment/library_path.dsv
-- Symlinking: /work/ubuntu-ros2-dev/install/rosidl_dynamic_typesupport_fastrtps/share/ament_index/resource_index/package_run_dependencies/rosidl_dynamic_typesupport_fastrtps
-- Symlinking: /work/ubuntu-ros2-dev/install/rosidl_dynamic_typesupport_fastrtps/share/ament_index/resource_index/parent_prefix_path/rosidl_dynamic_typesupport_fastrtps
-- Symlinking: /work/ubuntu-ros2-dev/install/rosidl_dynamic_typesupport_fastrtps/share/rosidl_dynamic_typesupport_fastrtps/environment/ament_prefix_path.sh
-- Symlinking: /work/ubuntu-ros2-dev/install/rosidl_dynamic_typesupport_fastrtps/share/rosidl_dynamic_typesupport_fastrtps/environment/ament_prefix_path.dsv
-- Symlinking: /work/ubuntu-ros2-dev/install/rosidl_dynamic_typesupport_fastrtps/share/rosidl_dynamic_typesupport_fastrtps/environment/path.sh
-- Symlinking: /work/ubuntu-ros2-dev/install/rosidl_dynamic_typesupport_fastrtps/share/rosidl_dynamic_typesupport_fastrtps/environment/path.dsv
-- Symlinking: /work/ubuntu-ros2-dev/install/rosidl_dynamic_typesupport_fastrtps/share/rosidl_dynamic_typesupport_fastrtps/local_setup.bash
-- Symlinking: /work/ubuntu-ros2-dev/install/rosidl_dynamic_typesupport_fastrtps/share/rosidl_dynamic_typesupport_fastrtps/local_setup.sh
-- Symlinking: /work/ubuntu-ros2-dev/install/rosidl_dynamic_typesupport_fastrtps/share/rosidl_dynamic_typesupport_fastrtps/local_setup.zsh
-- Symlinking: /work/ubuntu-ros2-dev/install/rosidl_dynamic_typesupport_fastrtps/share/rosidl_dynamic_typesupport_fastrtps/local_setup.dsv
-- Symlinking: /work/ubuntu-ros2-dev/install/rosidl_dynamic_typesupport_fastrtps/share/rosidl_dynamic_typesupport_fastrtps/package.dsv
-- Symlinking: /work/ubuntu-ros2-dev/install/rosidl_dynamic_typesupport_fastrtps/share/ament_index/resource_index/packages/rosidl_dynamic_typesupport_fastrtps
-- Symlinking: /work/ubuntu-ros2-dev/install/rosidl_dynamic_typesupport_fastrtps/share/rosidl_dynamic_typesupport_fastrtps/cmake/ament_cmake_export_targets-extras.cmake
-- Symlinking: /work/ubuntu-ros2-dev/install/rosidl_dynamic_typesupport_fastrtps/share/rosidl_dynamic_typesupport_fastrtps/cmake/ament_cmake_export_dependencies-extras.cmake
-- Symlinking: /work/ubuntu-ros2-dev/install/rosidl_dynamic_typesupport_fastrtps/share/rosidl_dynamic_typesupport_fastrtps/cmake/rosidl_dynamic_typesupport_fastrtpsConfig.cmake
-- Symlinking: /work/ubuntu-ros2-dev/install/rosidl_dynamic_typesupport_fastrtps/share/rosidl_dynamic_typesupport_fastrtps/cmake/rosidl_dynamic_typesupport_fastrtpsConfig-version.cmake
-- Symlinking: /work/ubuntu-ros2-dev/install/rosidl_dynamic_typesupport_fastrtps/share/rosidl_dynamic_typesupport_fastrtps/package.xml
-- Installing: /work/ubuntu-ros2-dev/install/rosidl_dynamic_typesupport_fastrtps/lib/librosidl_dynamic_typesupport_fastrtps.so
-- Set runtime path of "/work/ubuntu-ros2-dev/install/rosidl_dynamic_typesupport_fastrtps/lib/librosidl_dynamic_typesupport_fastrtps.so" to ""
-- Installing: /work/ubuntu-ros2-dev/install/rosidl_dynamic_typesupport_fastrtps/share/rosidl_dynamic_typesupport_fastrtps/cmake/rosidl_dynamic_typesupport_fastrtps-exportExport.cmake
-- Installing: /work/ubuntu-ros2-dev/install/rosidl_dynamic_typesupport_fastrtps/share/rosidl_dynamic_typesupport_fastrtps/cmake/rosidl_dynamic_typesupport_fastrtps-exportExport-noconfig.cmake
