running develop
/usr/lib/python3/dist-packages/setuptools/command/easy_install.py:158: EasyInstallDeprecationWarning: easy_install command is deprecated. Use build and pip and other standards-based tools.
  warnings.warn(
running egg_info
creating src/rqt_bag_plugins.egg-info
writing src/rqt_bag_plugins.egg-info/PKG-INFO
writing dependency_links to src/rqt_bag_plugins.egg-info/dependency_links.txt
writing requirements to src/rqt_bag_plugins.egg-info/requires.txt
writing top-level names to src/rqt_bag_plugins.egg-info/top_level.txt
writing manifest file 'src/rqt_bag_plugins.egg-info/SOURCES.txt'
reading manifest file 'src/rqt_bag_plugins.egg-info/SOURCES.txt'
writing manifest file 'src/rqt_bag_plugins.egg-info/SOURCES.txt'
running build_ext
Creating /work/ubuntu-ros2-dev/install/rqt_bag_plugins/lib/python3.10/site-packages/rqt-bag-plugins.egg-link (link to src)

Installed /work/ubuntu-ros2-dev/build/rqt_bag_plugins/src
running symlink_data
creating /work/ubuntu-ros2-dev/install/rqt_bag_plugins/share/rqt_bag_plugins/resource
symbolically linking /work/ubuntu-ros2-dev/build/rqt_bag_plugins/resource/plot.ui -> /work/ubuntu-ros2-dev/install/rqt_bag_plugins/share/rqt_bag_plugins/resource
symbolically linking /work/ubuntu-ros2-dev/build/rqt_bag_plugins/plugin.xml -> /work/ubuntu-ros2-dev/install/rqt_bag_plugins/share/rqt_bag_plugins
creating /work/ubuntu-ros2-dev/install/rqt_bag_plugins/share/ament_index
creating /work/ubuntu-ros2-dev/install/rqt_bag_plugins/share/ament_index/resource_index
creating /work/ubuntu-ros2-dev/install/rqt_bag_plugins/share/ament_index/resource_index/packages
symbolically linking /work/ubuntu-ros2-dev/build/rqt_bag_plugins/resource/rqt_bag_plugins -> /work/ubuntu-ros2-dev/install/rqt_bag_plugins/share/ament_index/resource_index/packages
symbolically linking /work/ubuntu-ros2-dev/build/rqt_bag_plugins/package.xml -> /work/ubuntu-ros2-dev/install/rqt_bag_plugins/share/rqt_bag_plugins
