-- The CXX compiler identification is GNU 11.4.0
-- The C compiler identification is GNU 11.4.0
-- Detecting CXX compiler ABI info
-- Detecting CXX compiler ABI info - done
-- Check for working CXX compiler: /usr/bin/c++ - skipped
-- Detecting CXX compile features
-- Detecting CXX compile features - done
-- Detecting C compiler ABI info
-- Detecting C compiler ABI info - done
-- Check for working C compiler: /usr/bin/cc - skipped
-- Detecting C compile features
-- Detecting C compile features - done
-- urdfdom version 4.0.1
-- Performing Test HAS_VISIBILITY
-- Performing Test HAS_VISIBILITY - Success
-- Found TinyXML2: /usr/lib/aarch64-linux-gnu/libtinyxml2.so  
-- Configuration successful. Type make to compile urdfdom
-- Configuring done
-- Generating done
-- Build files have been written to: /work/ubuntu-ros2-dev/build/urdfdom
[  2%] [32mBuilding CXX object urdf_parser/CMakeFiles/urdfdom_world.dir/src/pose.cpp.o[0m
[  5%] [32mBuilding CXX object urdf_parser/CMakeFiles/urdfdom_world.dir/src/world.cpp.o[0m
[  8%] [32mBuilding CXX object urdf_parser/CMakeFiles/urdfdom_world.dir/src/joint.cpp.o[0m
[ 11%] [32mBuilding CXX object urdf_parser/CMakeFiles/urdfdom_world.dir/src/link.cpp.o[0m
[ 14%] [32mBuilding CXX object urdf_parser/CMakeFiles/urdfdom_world.dir/src/model.cpp.o[0m
[ 17%] [32m[1mLinking CXX shared library ../lib/liburdfdom_world.so[0m
[ 17%] Built target urdfdom_world
[ 20%] [32mBuilding CXX object urdf_parser/test/CMakeFiles/gtest.dir/gtest/src/gtest-all.cc.o[0m
[ 23%] [32mBuilding CXX object urdf_parser/CMakeFiles/urdfdom_model_state.dir/src/twist.cpp.o[0m
[ 26%] [32mBuilding CXX object urdf_parser/CMakeFiles/urdfdom_model_state.dir/src/urdf_model_state.cpp.o[0m
[ 29%] [32m[1mLinking CXX shared library ../lib/liburdfdom_model_state.so[0m
[ 29%] Built target urdfdom_model_state
[ 32%] [32mBuilding CXX object urdf_parser/CMakeFiles/urdfdom_model.dir/src/model.cpp.o[0m
[ 35%] [32mBuilding CXX object urdf_parser/CMakeFiles/urdfdom_model.dir/src/pose.cpp.o[0m
[ 38%] [32mBuilding CXX object urdf_parser/CMakeFiles/urdfdom_model.dir/src/joint.cpp.o[0m
[ 41%] [32mBuilding CXX object urdf_parser/CMakeFiles/urdfdom_model.dir/src/link.cpp.o[0m
[ 44%] [32m[1mLinking CXX shared library ../lib/liburdfdom_model.so[0m
[ 44%] Built target urdfdom_model
[ 47%] [32m[1mLinking CXX static library ../../lib/libgtest.a[0m
[ 47%] Built target gtest
[ 50%] [32mBuilding CXX object urdf_parser/CMakeFiles/urdf_mem_test.dir/test/memtest.cpp.o[0m
[ 52%] [32m[1mLinking CXX executable ../bin/urdf_mem_test[0m
[ 52%] Built target urdf_mem_test
[ 55%] [32mBuilding CXX object urdf_parser/test/CMakeFiles/gtest_main.dir/gtest/src/gtest_main.cc.o[0m
[ 58%] [32m[1mLinking CXX static library ../../lib/libgtest_main.a[0m
[ 58%] Built target gtest_main
[ 61%] [32mBuilding CXX object urdf_parser/CMakeFiles/urdf_to_graphviz.dir/src/urdf_to_graphviz.cpp.o[0m
[ 64%] [32m[1mLinking CXX executable ../bin/urdf_to_graphviz[0m
[ 64%] Built target urdf_to_graphviz
[ 67%] [32mBuilding CXX object urdf_parser/test/CMakeFiles/urdf_version_test.dir/urdf_version_test.cpp.o[0m
[ 70%] [32m[1mLinking CXX executable ../../bin/urdf_version_test[0m
[ 70%] Built target urdf_version_test
[ 73%] [32mBuilding CXX object urdf_parser/test/CMakeFiles/urdf_unit_test.dir/urdf_unit_test.cpp.o[0m
[ 76%] [32m[1mLinking CXX executable ../../bin/urdf_unit_test[0m
[ 76%] Built target urdf_unit_test
[ 79%] [32mBuilding CXX object urdf_parser/test/CMakeFiles/urdf_double_convert.dir/urdf_double_convert.cpp.o[0m
[ 82%] [32m[1mLinking CXX executable ../../bin/urdf_double_convert[0m
[ 82%] Built target urdf_double_convert
[ 85%] [32mBuilding CXX object urdf_parser/CMakeFiles/urdf_to_graphiz.dir/src/urdf_to_graphviz.cpp.o[0m
[ 88%] [32m[1mLinking CXX executable ../bin/urdf_to_graphiz[0m
[ 88%] Built target urdf_to_graphiz
[ 91%] [32mBuilding CXX object urdf_parser/CMakeFiles/check_urdf.dir/src/check_urdf.cpp.o[0m
[ 94%] [32m[1mLinking CXX executable ../bin/check_urdf[0m
[ 94%] Built target check_urdf
[ 97%] [32mBuilding CXX object urdf_parser/CMakeFiles/urdfdom_sensor.dir/src/urdf_sensor.cpp.o[0m
[100%] [32m[1mLinking CXX shared library ../lib/liburdfdom_sensor.so[0m
[100%] Built target urdfdom_sensor
-- Install configuration: "Release"
-- Installing: /work/ubuntu-ros2-dev/install/urdfdom/lib/urdfdom/cmake/urdfdom-config.cmake
-- Installing: /work/ubuntu-ros2-dev/install/urdfdom/lib/urdfdom/cmake/urdfdom-configVersion.cmake
-- Installing: /work/ubuntu-ros2-dev/install/urdfdom/share/urdfdom/package.xml
-- Installing: /work/ubuntu-ros2-dev/install/urdfdom/lib/pkgconfig/urdfdom.pc
-- Installing: /work/ubuntu-ros2-dev/install/urdfdom/bin/check_urdf
-- Set runtime path of "/work/ubuntu-ros2-dev/install/urdfdom/bin/check_urdf" to ""
-- Installing: /work/ubuntu-ros2-dev/install/urdfdom/bin/urdf_to_graphiz
-- Set runtime path of "/work/ubuntu-ros2-dev/install/urdfdom/bin/urdf_to_graphiz" to ""
-- Installing: /work/ubuntu-ros2-dev/install/urdfdom/bin/urdf_to_graphviz
-- Set runtime path of "/work/ubuntu-ros2-dev/install/urdfdom/bin/urdf_to_graphviz" to ""
-- Installing: /work/ubuntu-ros2-dev/install/urdfdom/bin/urdf_mem_test
-- Set runtime path of "/work/ubuntu-ros2-dev/install/urdfdom/bin/urdf_mem_test" to ""
-- Installing: /work/ubuntu-ros2-dev/install/urdfdom/lib/liburdfdom_model.so.4.0
-- Installing: /work/ubuntu-ros2-dev/install/urdfdom/lib/liburdfdom_model.so
-- Installing: /work/ubuntu-ros2-dev/install/urdfdom/lib/liburdfdom_world.so.4.0
-- Installing: /work/ubuntu-ros2-dev/install/urdfdom/lib/liburdfdom_world.so
-- Installing: /work/ubuntu-ros2-dev/install/urdfdom/lib/liburdfdom_sensor.so.4.0
-- Set runtime path of "/work/ubuntu-ros2-dev/install/urdfdom/lib/liburdfdom_sensor.so.4.0" to ""
-- Installing: /work/ubuntu-ros2-dev/install/urdfdom/lib/liburdfdom_sensor.so
-- Installing: /work/ubuntu-ros2-dev/install/urdfdom/lib/liburdfdom_model_state.so.4.0
-- Installing: /work/ubuntu-ros2-dev/install/urdfdom/lib/liburdfdom_model_state.so
-- Installing: /work/ubuntu-ros2-dev/install/urdfdom/lib/urdfdom/cmake/urdfdomExport.cmake
-- Installing: /work/ubuntu-ros2-dev/install/urdfdom/lib/urdfdom/cmake/urdfdomExport-release.cmake
-- Installing: /work/ubuntu-ros2-dev/install/urdfdom/include/urdfdom/urdf_parser
-- Installing: /work/ubuntu-ros2-dev/install/urdfdom/include/urdfdom/urdf_parser/urdf_parser.h
-- Installing: /work/ubuntu-ros2-dev/install/urdfdom/include/urdfdom/urdf_parser/exportdecl.h
