/usr/lib/python3/dist-packages/setuptools/command/easy_install.py:158: EasyInstallDeprecationWarning: easy_install command is deprecated. Use build and pip and other standards-based tools.
  warnings.warn(
running develop
running egg_info
creating ament_clang_tidy.egg-info
writing ament_clang_tidy.egg-info/PKG-INFO
writing dependency_links to ament_clang_tidy.egg-info/dependency_links.txt
writing entry points to ament_clang_tidy.egg-info/entry_points.txt
writing requirements to ament_clang_tidy.egg-info/requires.txt
writing top-level names to ament_clang_tidy.egg-info/top_level.txt
writing manifest file 'ament_clang_tidy.egg-info/SOURCES.txt'
reading manifest file 'ament_clang_tidy.egg-info/SOURCES.txt'
writing manifest file 'ament_clang_tidy.egg-info/SOURCES.txt'
running build_ext
Creating /work/ubuntu-ros2-dev/install/ament_clang_tidy/lib/python3.10/site-packages/ament-clang-tidy.egg-link (link to .)
Installing ament_clang_tidy script to /work/ubuntu-ros2-dev/install/ament_clang_tidy/bin

Installed /work/ubuntu-ros2-dev/build/ament_clang_tidy
running symlink_data
symbolically linking /work/ubuntu-ros2-dev/build/ament_clang_tidy/package.xml -> /work/ubuntu-ros2-dev/install/ament_clang_tidy/share/ament_clang_tidy
creating /work/ubuntu-ros2-dev/install/ament_clang_tidy/share/ament_index
creating /work/ubuntu-ros2-dev/install/ament_clang_tidy/share/ament_index/resource_index
creating /work/ubuntu-ros2-dev/install/ament_clang_tidy/share/ament_index/resource_index/packages
symbolically linking /work/ubuntu-ros2-dev/build/ament_clang_tidy/resource/ament_clang_tidy -> /work/ubuntu-ros2-dev/install/ament_clang_tidy/share/ament_index/resource_index/packages
