-- The C compiler identification is GNU 11.4.0
-- The CXX compiler identification is GNU 11.4.0
-- Detecting C compiler ABI info
-- Detecting C compiler ABI info - done
-- Check for working C compiler: /usr/bin/cc - skipped
-- Detecting C compile features
-- Detecting C compile features - done
-- Detecting CXX compiler ABI info
-- Detecting CXX compiler ABI info - done
-- Check for working CXX compiler: /usr/bin/c++ - skipped
-- Detecting CXX compile features
-- Detecting CXX compile features - done
-- Found ament_cmake: 2.5.2 (/work/ubuntu-ros2-dev/install/ament_cmake/share/ament_cmake/cmake)
-- Found Python3: /usr/bin/python3 (found version "3.10.12") found components: Interpreter 
-- Override CMake install command with custom implementation using symlinks instead of copying resources
-- Found builtin_interfaces: 2.0.2 (/work/ubuntu-ros2-dev/install/builtin_interfaces/share/builtin_interfaces/cmake)
-- Found rosidl_generator_c: 4.6.4 (/work/ubuntu-ros2-dev/install/rosidl_generator_c/share/rosidl_generator_c/cmake)
-- Found rosidl_generator_cpp: 4.6.4 (/work/ubuntu-ros2-dev/install/rosidl_generator_cpp/share/rosidl_generator_cpp/cmake)
-- Using all available rosidl_typesupport_c: rosidl_typesupport_fastrtps_c;rosidl_typesupport_introspection_c
-- Using all available rosidl_typesupport_cpp: rosidl_typesupport_introspection_cpp;rosidl_typesupport_fastrtps_cpp
-- Found rclcpp: 28.1.5 (/work/ubuntu-ros2-dev/install/rclcpp/share/rclcpp/cmake)
-- Found rmw_implementation_cmake: 7.3.1 (/work/ubuntu-ros2-dev/install/rmw_implementation_cmake/share/rmw_implementation_cmake/cmake)
-- Found rmw_fastrtps_cpp: 8.4.1 (/work/ubuntu-ros2-dev/install/rmw_fastrtps_cpp/share/rmw_fastrtps_cpp/cmake)
-- Found OpenSSL: /usr/lib/aarch64-linux-gnu/libcrypto.so (found version "3.0.2")  
-- Found FastRTPS: /work/ubuntu-ros2-dev/install/fastrtps/include (Required is at least version "2.13") 
-- Using RMW implementation 'rmw_fastrtps_cpp' as default
-- Found sensor_msgs: 5.3.5 (/work/ubuntu-ros2-dev/install/sensor_msgs/share/sensor_msgs/cmake)
-- Found OpenCV: /usr (found version "4.5.4") found components: core highgui imgproc videoio 
-- Found ament_lint_auto: 0.17.1 (/work/ubuntu-ros2-dev/install/ament_lint_auto/share/ament_lint_auto/cmake)
-- Found python_cmake_module: 0.11.1 (/work/ubuntu-ros2-dev/install/python_cmake_module/share/python_cmake_module/cmake)
-- Found PythonExtra: /usr/bin/python3  
-- Added test 'copyright' to check source files copyright and LICENSE
-- Added test 'cppcheck' to perform static code analysis on C / C++ code
-- Configured cppcheck include dirs: /work/ubuntu-ros2-dev/src/ros2/demos/intra_process_demo/include
-- Configured cppcheck exclude dirs and/or files: 
-- Added test 'cpplint' to check C / C++ code against the Google style
-- Configured cpplint exclude dirs and/or files: 
-- Added test 'lint_cmake' to check CMake code style
-- Added test 'uncrustify' to check C / C++ code style
-- Configured uncrustify additional arguments: 
-- Added test 'xmllint' to check XML markup files
-- Configuring done
-- Generating done
-- Build files have been written to: /work/ubuntu-ros2-dev/build/intra_process_demo
[  7%] [32mBuilding CXX object CMakeFiles/two_node_pipeline.dir/src/two_node_pipeline/two_node_pipeline.cpp.o[0m
[ 14%] [32m[1mLinking CXX executable two_node_pipeline[0m
[ 14%] Built target two_node_pipeline
[ 21%] [32mBuilding CXX object CMakeFiles/image_view_node.dir/src/image_pipeline/image_view_node.cpp.o[0m
[ 28%] [32m[1mLinking CXX executable image_view_node[0m
[ 28%] Built target image_view_node
[ 35%] [32mBuilding CXX object CMakeFiles/watermark_node.dir/src/image_pipeline/watermark_node.cpp.o[0m
[ 42%] [32m[1mLinking CXX executable watermark_node[0m
[ 42%] Built target watermark_node
[ 50%] [32mBuilding CXX object CMakeFiles/camera_node.dir/src/image_pipeline/camera_node.cpp.o[0m
[ 57%] [32m[1mLinking CXX executable camera_node[0m
[ 57%] Built target camera_node
[ 64%] [32mBuilding CXX object CMakeFiles/image_pipeline_with_two_image_view.dir/src/image_pipeline/image_pipeline_with_two_image_view.cpp.o[0m
[ 71%] [32m[1mLinking CXX executable image_pipeline_with_two_image_view[0m
[ 71%] Built target image_pipeline_with_two_image_view
[ 78%] [32mBuilding CXX object CMakeFiles/image_pipeline_all_in_one.dir/src/image_pipeline/image_pipeline_all_in_one.cpp.o[0m
[ 85%] [32m[1mLinking CXX executable image_pipeline_all_in_one[0m
[ 85%] Built target image_pipeline_all_in_one
[ 92%] [32mBuilding CXX object CMakeFiles/cyclic_pipeline.dir/src/cyclic_pipeline/cyclic_pipeline.cpp.o[0m
[100%] [32m[1mLinking CXX executable cyclic_pipeline[0m
[100%] Built target cyclic_pipeline
-- Install configuration: ""
-- Execute custom install script
-- Symlinking: /work/ubuntu-ros2-dev/install/intra_process_demo/lib/intra_process_demo/two_node_pipeline
-- Symlinking: /work/ubuntu-ros2-dev/install/intra_process_demo/lib/intra_process_demo/cyclic_pipeline
-- Symlinking: /work/ubuntu-ros2-dev/install/intra_process_demo/lib/intra_process_demo/image_pipeline_all_in_one
-- Symlinking: /work/ubuntu-ros2-dev/install/intra_process_demo/lib/intra_process_demo/image_pipeline_with_two_image_view
-- Symlinking: /work/ubuntu-ros2-dev/install/intra_process_demo/lib/intra_process_demo/camera_node
-- Symlinking: /work/ubuntu-ros2-dev/install/intra_process_demo/lib/intra_process_demo/watermark_node
-- Symlinking: /work/ubuntu-ros2-dev/install/intra_process_demo/lib/intra_process_demo/image_view_node
-- Symlinking: /work/ubuntu-ros2-dev/install/intra_process_demo/include/intra_process_demo/image_pipeline/camera_node.hpp
-- Symlinking: /work/ubuntu-ros2-dev/install/intra_process_demo/include/intra_process_demo/image_pipeline/common.hpp
-- Symlinking: /work/ubuntu-ros2-dev/install/intra_process_demo/include/intra_process_demo/image_pipeline/image_view_node.hpp
-- Symlinking: /work/ubuntu-ros2-dev/install/intra_process_demo/include/intra_process_demo/image_pipeline/watermark_node.hpp
-- Symlinking: /work/ubuntu-ros2-dev/install/intra_process_demo/share/ament_index/resource_index/package_run_dependencies/intra_process_demo
-- Symlinking: /work/ubuntu-ros2-dev/install/intra_process_demo/share/ament_index/resource_index/parent_prefix_path/intra_process_demo
-- Symlinking: /work/ubuntu-ros2-dev/install/intra_process_demo/share/intra_process_demo/environment/ament_prefix_path.sh
-- Symlinking: /work/ubuntu-ros2-dev/install/intra_process_demo/share/intra_process_demo/environment/ament_prefix_path.dsv
-- Symlinking: /work/ubuntu-ros2-dev/install/intra_process_demo/share/intra_process_demo/environment/path.sh
-- Symlinking: /work/ubuntu-ros2-dev/install/intra_process_demo/share/intra_process_demo/environment/path.dsv
-- Symlinking: /work/ubuntu-ros2-dev/install/intra_process_demo/share/intra_process_demo/local_setup.bash
-- Symlinking: /work/ubuntu-ros2-dev/install/intra_process_demo/share/intra_process_demo/local_setup.sh
-- Symlinking: /work/ubuntu-ros2-dev/install/intra_process_demo/share/intra_process_demo/local_setup.zsh
-- Symlinking: /work/ubuntu-ros2-dev/install/intra_process_demo/share/intra_process_demo/local_setup.dsv
-- Symlinking: /work/ubuntu-ros2-dev/install/intra_process_demo/share/intra_process_demo/package.dsv
-- Symlinking: /work/ubuntu-ros2-dev/install/intra_process_demo/share/ament_index/resource_index/packages/intra_process_demo
-- Symlinking: /work/ubuntu-ros2-dev/install/intra_process_demo/share/intra_process_demo/cmake/ament_cmake_export_include_directories-extras.cmake
-- Symlinking: /work/ubuntu-ros2-dev/install/intra_process_demo/share/intra_process_demo/cmake/intra_process_demoConfig.cmake
-- Symlinking: /work/ubuntu-ros2-dev/install/intra_process_demo/share/intra_process_demo/cmake/intra_process_demoConfig-version.cmake
-- Symlinking: /work/ubuntu-ros2-dev/install/intra_process_demo/share/intra_process_demo/package.xml
