-- The C compiler identification is GNU 11.4.0
-- The CXX compiler identification is GNU 11.4.0
-- Detecting C compiler ABI info
-- Detecting C compiler ABI info - done
-- Check for working C compiler: /usr/bin/cc - skipped
-- Detecting C compile features
-- Detecting C compile features - done
-- Detecting CXX compiler ABI info
-- Detecting CXX compiler ABI info - done
-- Check for working CXX compiler: /usr/bin/c++ - skipped
-- Detecting CXX compile features
-- Detecting CXX compile features - done
-- Found ament_cmake_ros: 0.12.0 (/work/ubuntu-ros2-dev/install/ament_cmake_ros/share/ament_cmake_ros/cmake)
-- Found Python3: /usr/bin/python3 (found version "3.10.12") found components: Interpreter 
-- Override CMake install command with custom implementation using symlinks instead of copying resources
-- Found orocos_kdl_vendor: 0.5.1 (/work/ubuntu-ros2-dev/install/orocos_kdl_vendor/share/orocos_kdl_vendor/cmake)
-- Found eigen3_cmake_module: 0.3.0 (/work/ubuntu-ros2-dev/install/eigen3_cmake_module/share/eigen3_cmake_module/cmake)
-- Found Eigen3: TRUE (found version "3.4.0") 
-- Ensuring Eigen3 include directory is part of orocos-kdl CMake target
-- Found urdf: 2.10.0 (/work/ubuntu-ros2-dev/install/urdf/share/urdf/cmake)
-- Found ament_lint_auto: 0.17.1 (/work/ubuntu-ros2-dev/install/ament_lint_auto/share/ament_lint_auto/cmake)
-- Found gtest sources under '/work/ubuntu-ros2-dev/install/gtest_vendor/src/gtest_vendor': C++ tests using 'Google Test' will be built
-- Looking for pthread.h
-- Looking for pthread.h - found
-- Performing Test CMAKE_HAVE_LIBC_PTHREAD
-- Performing Test CMAKE_HAVE_LIBC_PTHREAD - Success
-- Found Threads: TRUE  
-- Added test 'copyright' to check source files copyright and LICENSE
-- Added test 'cppcheck' to perform static code analysis on C / C++ code
-- Configured cppcheck include dirs: $<BUILD_INTERFACE:/work/ubuntu-ros2-dev/src/ros/kdl_parser/kdl_parser/include>
-- Configured cppcheck exclude dirs and/or files: 
-- Added test 'cpplint' to check C / C++ code against the Google style
-- Configured cpplint exclude dirs and/or files: 
-- Added test 'lint_cmake' to check CMake code style
-- Added test 'uncrustify' to check C / C++ code style
-- Configured uncrustify additional arguments: 
-- Added test 'xmllint' to check XML markup files
-- Configuring done
-- Generating done
-- Build files have been written to: /work/ubuntu-ros2-dev/build/kdl_parser
[ 10%] [32mBuilding CXX object CMakeFiles/kdl_parser.dir/src/kdl_parser.cpp.o[0m
[ 20%] [32m[1mLinking CXX shared library libkdl_parser.so[0m
[ 20%] Built target kdl_parser
[ 30%] [32mBuilding CXX object gtest/CMakeFiles/gtest_main.dir/src/gtest_main.cc.o[0m
[ 40%] [32m[1mLinking CXX static library libgtest_main.a[0m
[ 40%] Built target gtest_main
[ 50%] [32mBuilding CXX object gtest/CMakeFiles/gtest.dir/src/gtest-all.cc.o[0m
[ 60%] [32m[1mLinking CXX static library libgtest.a[0m
[ 60%] Built target gtest
[ 70%] [32mBuilding CXX object CMakeFiles/test_inertia_rpy.dir/test/test_inertia_rpy.cpp.o[0m
[ 80%] [32m[1mLinking CXX executable test_inertia_rpy[0m
[ 80%] Built target test_inertia_rpy
[ 90%] [32mBuilding CXX object CMakeFiles/test_kdl_parser.dir/test/test_kdl_parser.cpp.o[0m
[100%] [32m[1mLinking CXX executable test_kdl_parser[0m
[100%] Built target test_kdl_parser
-- Install configuration: ""
-- Execute custom install script
-- Symlinking: /work/ubuntu-ros2-dev/install/kdl_parser/include/kdl_parser/kdl_parser/kdl_parser.hpp
-- Symlinking: /work/ubuntu-ros2-dev/install/kdl_parser/include/kdl_parser/kdl_parser/visibility_control.hpp
-- Symlinking: /work/ubuntu-ros2-dev/install/kdl_parser/share/ament_index/resource_index/package_run_dependencies/kdl_parser
-- Symlinking: /work/ubuntu-ros2-dev/install/kdl_parser/share/ament_index/resource_index/parent_prefix_path/kdl_parser
-- Symlinking: /work/ubuntu-ros2-dev/install/kdl_parser/share/kdl_parser/environment/ament_prefix_path.sh
-- Symlinking: /work/ubuntu-ros2-dev/install/kdl_parser/share/kdl_parser/environment/ament_prefix_path.dsv
-- Symlinking: /work/ubuntu-ros2-dev/install/kdl_parser/share/kdl_parser/environment/path.sh
-- Symlinking: /work/ubuntu-ros2-dev/install/kdl_parser/share/kdl_parser/environment/path.dsv
-- Symlinking: /work/ubuntu-ros2-dev/install/kdl_parser/share/kdl_parser/local_setup.bash
-- Symlinking: /work/ubuntu-ros2-dev/install/kdl_parser/share/kdl_parser/local_setup.sh
-- Symlinking: /work/ubuntu-ros2-dev/install/kdl_parser/share/kdl_parser/local_setup.zsh
-- Symlinking: /work/ubuntu-ros2-dev/install/kdl_parser/share/kdl_parser/local_setup.dsv
-- Symlinking: /work/ubuntu-ros2-dev/install/kdl_parser/share/kdl_parser/package.dsv
-- Symlinking: /work/ubuntu-ros2-dev/install/kdl_parser/share/ament_index/resource_index/packages/kdl_parser
-- Symlinking: /work/ubuntu-ros2-dev/install/kdl_parser/share/kdl_parser/cmake/ament_cmake_export_dependencies-extras.cmake
-- Symlinking: /work/ubuntu-ros2-dev/install/kdl_parser/share/kdl_parser/cmake/ament_cmake_export_targets-extras.cmake
-- Symlinking: /work/ubuntu-ros2-dev/install/kdl_parser/share/kdl_parser/cmake/kdl_parserConfig.cmake
-- Symlinking: /work/ubuntu-ros2-dev/install/kdl_parser/share/kdl_parser/cmake/kdl_parserConfig-version.cmake
-- Symlinking: /work/ubuntu-ros2-dev/install/kdl_parser/share/kdl_parser/package.xml
-- Installing: /work/ubuntu-ros2-dev/install/kdl_parser/lib/libkdl_parser.so
-- Set runtime path of "/work/ubuntu-ros2-dev/install/kdl_parser/lib/libkdl_parser.so" to ""
-- Installing: /work/ubuntu-ros2-dev/install/kdl_parser/share/kdl_parser/cmake/export_kdl_parserExport.cmake
-- Installing: /work/ubuntu-ros2-dev/install/kdl_parser/share/kdl_parser/cmake/export_kdl_parserExport-noconfig.cmake
