-- Found ament_cmake: 2.5.2 (/work/ubuntu-ros2-dev/install/ament_cmake/share/ament_cmake/cmake)
-- Found Python3: /usr/bin/python3 (found version "3.10.12") found components: Interpreter 
-- Override CMake install command with custom implementation using symlinks instead of copying resources
-- Found ament_lint_auto: 0.17.1 (/work/ubuntu-ros2-dev/install/ament_lint_auto/share/ament_lint_auto/cmake)
-- Added test 'copyright' to check source files copyright and LICENSE
-- Added test 'flake8' to check Python code syntax and style conventions
-- Configured 'flake8' exclude dirs and/or files: 
-- Added test 'lint_cmake' to check CMake code style
-- Added test 'pep257' to check Python code against some of the docstring style conventions in PEP 257
-- Added test 'xmllint' to check XML markup files
-- Configuring done
-- Generating done
-- Build files have been written to: /work/ubuntu-ros2-dev/build/ament_cmake_ros
-- Install configuration: ""
-- Execute custom install script
-- Symlinking: /work/ubuntu-ros2-dev/install/ament_cmake_ros/share/ament_index/resource_index/package_run_dependencies/ament_cmake_ros
-- Symlinking: /work/ubuntu-ros2-dev/install/ament_cmake_ros/share/ament_index/resource_index/parent_prefix_path/ament_cmake_ros
-- Symlinking: /work/ubuntu-ros2-dev/install/ament_cmake_ros/share/ament_cmake_ros/environment/ament_prefix_path.sh
-- Symlinking: /work/ubuntu-ros2-dev/install/ament_cmake_ros/share/ament_cmake_ros/environment/ament_prefix_path.dsv
-- Symlinking: /work/ubuntu-ros2-dev/install/ament_cmake_ros/share/ament_cmake_ros/environment/path.sh
-- Symlinking: /work/ubuntu-ros2-dev/install/ament_cmake_ros/share/ament_cmake_ros/environment/path.dsv
-- Symlinking: /work/ubuntu-ros2-dev/install/ament_cmake_ros/share/ament_cmake_ros/local_setup.bash
-- Symlinking: /work/ubuntu-ros2-dev/install/ament_cmake_ros/share/ament_cmake_ros/local_setup.sh
-- Symlinking: /work/ubuntu-ros2-dev/install/ament_cmake_ros/share/ament_cmake_ros/local_setup.zsh
-- Symlinking: /work/ubuntu-ros2-dev/install/ament_cmake_ros/share/ament_cmake_ros/local_setup.dsv
-- Symlinking: /work/ubuntu-ros2-dev/install/ament_cmake_ros/share/ament_cmake_ros/package.dsv
-- Symlinking: /work/ubuntu-ros2-dev/install/ament_cmake_ros/share/ament_index/resource_index/packages/ament_cmake_ros
-- Symlinking: /work/ubuntu-ros2-dev/install/ament_cmake_ros/share/ament_cmake_ros/cmake/ament_cmake_ros-extras.cmake
-- Symlinking: /work/ubuntu-ros2-dev/install/ament_cmake_ros/share/ament_cmake_ros/cmake/ament_cmake_export_dependencies-extras.cmake
-- Symlinking: /work/ubuntu-ros2-dev/install/ament_cmake_ros/share/ament_cmake_ros/cmake/ament_cmake_rosConfig.cmake
-- Symlinking: /work/ubuntu-ros2-dev/install/ament_cmake_ros/share/ament_cmake_ros/cmake/ament_cmake_rosConfig-version.cmake
-- Symlinking: /work/ubuntu-ros2-dev/install/ament_cmake_ros/share/ament_cmake_ros/package.xml
-- Symlinking: /work/ubuntu-ros2-dev/install/ament_cmake_ros/share/ament_cmake_ros/cmake/ament_add_ros_isolated_gmock.cmake
-- Symlinking: /work/ubuntu-ros2-dev/install/ament_cmake_ros/share/ament_cmake_ros/cmake/ament_add_ros_isolated_gtest.cmake
-- Symlinking: /work/ubuntu-ros2-dev/install/ament_cmake_ros/share/ament_cmake_ros/cmake/ament_add_ros_isolated_pytest.cmake
-- Symlinking: /work/ubuntu-ros2-dev/install/ament_cmake_ros/share/ament_cmake_ros/cmake/build_shared_libs.cmake
-- Symlinking: /work/ubuntu-ros2-dev/install/ament_cmake_ros/share/ament_cmake_ros/cmake/run_test_isolated.py
