-- The C compiler identification is GNU 11.4.0
-- The CXX compiler identification is GNU 11.4.0
-- Detecting C compiler ABI info
-- Detecting C compiler ABI info - done
-- Check for working C compiler: /usr/bin/cc - skipped
-- Detecting C compile features
-- Detecting C compile features - done
-- Detecting CXX compiler ABI info
-- Detecting CXX compiler ABI info - done
-- Check for working CXX compiler: /usr/bin/c++ - skipped
-- Detecting CXX compile features
-- Detecting CXX compile features - done
-- Found ament_cmake: 2.5.2 (/work/ubuntu-ros2-dev/install/ament_cmake/share/ament_cmake/cmake)
-- Found Python3: /usr/bin/python3 (found version "3.10.12") found components: Interpreter 
-- Override CMake install command with custom implementation using symlinks instead of copying resources
-- Found builtin_interfaces: 2.0.2 (/work/ubuntu-ros2-dev/install/builtin_interfaces/share/builtin_interfaces/cmake)
-- Found rosidl_generator_c: 4.6.4 (/work/ubuntu-ros2-dev/install/rosidl_generator_c/share/rosidl_generator_c/cmake)
-- Found rosidl_generator_cpp: 4.6.4 (/work/ubuntu-ros2-dev/install/rosidl_generator_cpp/share/rosidl_generator_cpp/cmake)
-- Using all available rosidl_typesupport_c: rosidl_typesupport_fastrtps_c;rosidl_typesupport_introspection_c
-- Using all available rosidl_typesupport_cpp: rosidl_typesupport_introspection_cpp;rosidl_typesupport_fastrtps_cpp
-- Found geometry_msgs: 5.3.5 (/work/ubuntu-ros2-dev/install/geometry_msgs/share/geometry_msgs/cmake)
-- Found orocos_kdl_vendor: 0.5.1 (/work/ubuntu-ros2-dev/install/orocos_kdl_vendor/share/orocos_kdl_vendor/cmake)
-- Found eigen3_cmake_module: 0.3.0 (/work/ubuntu-ros2-dev/install/eigen3_cmake_module/share/eigen3_cmake_module/cmake)
-- Found Eigen3: TRUE (found version "3.4.0") 
-- Ensuring Eigen3 include directory is part of orocos-kdl CMake target
-- Found tf2: 0.36.5 (/work/ubuntu-ros2-dev/install/tf2/share/tf2/cmake)
-- Found tf2_ros: 0.36.5 (/work/ubuntu-ros2-dev/install/tf2_ros/share/tf2_ros/cmake)
-- Found rmw_implementation_cmake: 7.3.1 (/work/ubuntu-ros2-dev/install/rmw_implementation_cmake/share/rmw_implementation_cmake/cmake)
-- Found rmw_fastrtps_cpp: 8.4.1 (/work/ubuntu-ros2-dev/install/rmw_fastrtps_cpp/share/rmw_fastrtps_cpp/cmake)
-- Found OpenSSL: /usr/lib/aarch64-linux-gnu/libcrypto.so (found version "3.0.2")  
-- Found FastRTPS: /work/ubuntu-ros2-dev/install/fastrtps/include (Required is at least version "2.13") 
-- Using RMW implementation 'rmw_fastrtps_cpp' as default
-- Found ament_cmake_gtest: 2.5.2 (/work/ubuntu-ros2-dev/install/ament_cmake_gtest/share/ament_cmake_gtest/cmake)
-- Found gtest sources under '/work/ubuntu-ros2-dev/install/gtest_vendor/src/gtest_vendor': C++ tests using 'Google Test' will be built
-- Looking for pthread.h
-- Looking for pthread.h - found
-- Performing Test CMAKE_HAVE_LIBC_PTHREAD
-- Performing Test CMAKE_HAVE_LIBC_PTHREAD - Success
-- Found Threads: TRUE  
-- Configuring done
-- Generating done
-- Build files have been written to: /work/ubuntu-ros2-dev/build/tf2_kdl
[  0%] Built target ament_cmake_python_symlink_tf2_kdl
[ 16%] [32mBuilding CXX object gtest/CMakeFiles/gtest.dir/src/gtest-all.cc.o[0m
[ 33%] [32m[1mLinking CXX static library libgtest.a[0m
[ 33%] Built target gtest
running egg_info
creating tf2_kdl.egg-info
writing tf2_kdl.egg-info/PKG-INFO
writing dependency_links to tf2_kdl.egg-info/dependency_links.txt
writing top-level names to tf2_kdl.egg-info/top_level.txt
writing manifest file 'tf2_kdl.egg-info/SOURCES.txt'
reading manifest file 'tf2_kdl.egg-info/SOURCES.txt'
writing manifest file 'tf2_kdl.egg-info/SOURCES.txt'
[ 33%] Built target ament_cmake_python_build_tf2_kdl_egg
[ 50%] [32mBuilding CXX object gtest/CMakeFiles/gtest_main.dir/src/gtest_main.cc.o[0m
[ 66%] [32m[1mLinking CXX static library libgtest_main.a[0m
[ 66%] Built target gtest_main
[ 83%] [32mBuilding CXX object CMakeFiles/test_kdl.dir/test/test_tf2_kdl.cpp.o[0m
[100%] [32m[1mLinking CXX executable test_kdl[0m
[100%] Built target test_kdl
-- Install configuration: ""
-- Execute custom install script
-- Symlinking: /work/ubuntu-ros2-dev/install/tf2_kdl/share/tf2_kdl/environment/pythonpath.sh
-- Symlinking: /work/ubuntu-ros2-dev/install/tf2_kdl/share/tf2_kdl/environment/pythonpath.dsv
-- Symlinking: /work/ubuntu-ros2-dev/install/tf2_kdl/lib/python3.10/site-packages/tf2_kdl-0.36.5-py3.10.egg-info/PKG-INFO
-- Symlinking: /work/ubuntu-ros2-dev/install/tf2_kdl/lib/python3.10/site-packages/tf2_kdl-0.36.5-py3.10.egg-info/SOURCES.txt
-- Symlinking: /work/ubuntu-ros2-dev/install/tf2_kdl/lib/python3.10/site-packages/tf2_kdl-0.36.5-py3.10.egg-info/dependency_links.txt
-- Symlinking: /work/ubuntu-ros2-dev/install/tf2_kdl/lib/python3.10/site-packages/tf2_kdl-0.36.5-py3.10.egg-info/top_level.txt
-- Symlinking: /work/ubuntu-ros2-dev/install/tf2_kdl/lib/python3.10/site-packages/tf2_kdl/__init__.py
-- Symlinking: /work/ubuntu-ros2-dev/install/tf2_kdl/lib/python3.10/site-packages/tf2_kdl/tf2_kdl.py
-- Symlinking: /work/ubuntu-ros2-dev/install/tf2_kdl/include/tf2_kdl/tf2_kdl/tf2_kdl.hpp
-- Symlinking: /work/ubuntu-ros2-dev/install/tf2_kdl/share/ament_index/resource_index/package_run_dependencies/tf2_kdl
-- Symlinking: /work/ubuntu-ros2-dev/install/tf2_kdl/share/ament_index/resource_index/parent_prefix_path/tf2_kdl
-- Symlinking: /work/ubuntu-ros2-dev/install/tf2_kdl/share/tf2_kdl/environment/ament_prefix_path.sh
-- Symlinking: /work/ubuntu-ros2-dev/install/tf2_kdl/share/tf2_kdl/environment/ament_prefix_path.dsv
-- Symlinking: /work/ubuntu-ros2-dev/install/tf2_kdl/share/tf2_kdl/environment/path.sh
-- Symlinking: /work/ubuntu-ros2-dev/install/tf2_kdl/share/tf2_kdl/environment/path.dsv
-- Symlinking: /work/ubuntu-ros2-dev/install/tf2_kdl/share/tf2_kdl/local_setup.bash
-- Symlinking: /work/ubuntu-ros2-dev/install/tf2_kdl/share/tf2_kdl/local_setup.sh
-- Symlinking: /work/ubuntu-ros2-dev/install/tf2_kdl/share/tf2_kdl/local_setup.zsh
-- Symlinking: /work/ubuntu-ros2-dev/install/tf2_kdl/share/tf2_kdl/local_setup.dsv
-- Symlinking: /work/ubuntu-ros2-dev/install/tf2_kdl/share/tf2_kdl/package.dsv
-- Symlinking: /work/ubuntu-ros2-dev/install/tf2_kdl/share/ament_index/resource_index/packages/tf2_kdl
-- Symlinking: /work/ubuntu-ros2-dev/install/tf2_kdl/share/tf2_kdl/cmake/ament_cmake_export_include_directories-extras.cmake
-- Symlinking: /work/ubuntu-ros2-dev/install/tf2_kdl/share/tf2_kdl/cmake/ament_cmake_export_targets-extras.cmake
-- Symlinking: /work/ubuntu-ros2-dev/install/tf2_kdl/share/tf2_kdl/cmake/ament_cmake_export_dependencies-extras.cmake
-- Symlinking: /work/ubuntu-ros2-dev/install/tf2_kdl/share/tf2_kdl/cmake/tf2_kdlConfig.cmake
-- Symlinking: /work/ubuntu-ros2-dev/install/tf2_kdl/share/tf2_kdl/cmake/tf2_kdlConfig-version.cmake
-- Symlinking: /work/ubuntu-ros2-dev/install/tf2_kdl/share/tf2_kdl/package.xml
Listing '/work/ubuntu-ros2-dev/install/tf2_kdl/lib/python3.10/site-packages/tf2_kdl'...
Compiling '/work/ubuntu-ros2-dev/install/tf2_kdl/lib/python3.10/site-packages/tf2_kdl/__init__.py'...
Compiling '/work/ubuntu-ros2-dev/install/tf2_kdl/lib/python3.10/site-packages/tf2_kdl/tf2_kdl.py'...
-- Installing: /work/ubuntu-ros2-dev/install/tf2_kdl/share/tf2_kdl/cmake/export_tf2_kdlExport.cmake
