[0.013s] Invoking command in '/work/ubuntu-ros2-dev/build/ament_cmake_export_link_flags': AMENT_PREFIX_PATH=/work/ubuntu-ros2-dev/install/ament_cmake_core:/work/ubuntu-ros2-dev/install/ament_package CMAKE_PREFIX_PATH=/work/ubuntu-ros2-dev/install/ament_cmake_core PYTHONPATH=/work/ubuntu-ros2-dev/build/ament_package:/work/ubuntu-ros2-dev/install/ament_package/lib/python3.10/site-packages /usr/bin/cmake /work/ubuntu-ros2-dev/src/ament/ament_cmake/ament_cmake_export_link_flags -DAMENT_CMAKE_SYMLINK_INSTALL=1 -DCMAKE_INSTALL_PREFIX=/work/ubuntu-ros2-dev/install/ament_cmake_export_link_flags
[0.023s] -- Found ament_cmake_core: 2.5.2 (/work/ubuntu-ros2-dev/install/ament_cmake_core/share/ament_cmake_core/cmake)
[0.138s] -- Found Python3: /usr/bin/python3 (found version "3.10.12") found components: Interpreter 
[0.170s] -- Override CMake install command with custom implementation using symlinks instead of copying resources
[0.201s] -- Configuring done
[0.203s] -- Generating done
[0.203s] -- Build files have been written to: /work/ubuntu-ros2-dev/build/ament_cmake_export_link_flags
[0.207s] Invoked command in '/work/ubuntu-ros2-dev/build/ament_cmake_export_link_flags' returned '0': AMENT_PREFIX_PATH=/work/ubuntu-ros2-dev/install/ament_cmake_core:/work/ubuntu-ros2-dev/install/ament_package CMAKE_PREFIX_PATH=/work/ubuntu-ros2-dev/install/ament_cmake_core PYTHONPATH=/work/ubuntu-ros2-dev/build/ament_package:/work/ubuntu-ros2-dev/install/ament_package/lib/python3.10/site-packages /usr/bin/cmake /work/ubuntu-ros2-dev/src/ament/ament_cmake/ament_cmake_export_link_flags -DAMENT_CMAKE_SYMLINK_INSTALL=1 -DCMAKE_INSTALL_PREFIX=/work/ubuntu-ros2-dev/install/ament_cmake_export_link_flags
[0.207s] Invoking command in '/work/ubuntu-ros2-dev/build/ament_cmake_export_link_flags': AMENT_PREFIX_PATH=/work/ubuntu-ros2-dev/install/ament_cmake_core:/work/ubuntu-ros2-dev/install/ament_package CMAKE_PREFIX_PATH=/work/ubuntu-ros2-dev/install/ament_cmake_core PYTHONPATH=/work/ubuntu-ros2-dev/build/ament_package:/work/ubuntu-ros2-dev/install/ament_package/lib/python3.10/site-packages /usr/bin/cmake --build /work/ubuntu-ros2-dev/build/ament_cmake_export_link_flags -- -j8 -l8
[0.235s] Invoked command in '/work/ubuntu-ros2-dev/build/ament_cmake_export_link_flags' returned '0': AMENT_PREFIX_PATH=/work/ubuntu-ros2-dev/install/ament_cmake_core:/work/ubuntu-ros2-dev/install/ament_package CMAKE_PREFIX_PATH=/work/ubuntu-ros2-dev/install/ament_cmake_core PYTHONPATH=/work/ubuntu-ros2-dev/build/ament_package:/work/ubuntu-ros2-dev/install/ament_package/lib/python3.10/site-packages /usr/bin/cmake --build /work/ubuntu-ros2-dev/build/ament_cmake_export_link_flags -- -j8 -l8
[0.245s] Invoking command in '/work/ubuntu-ros2-dev/build/ament_cmake_export_link_flags': AMENT_PREFIX_PATH=/work/ubuntu-ros2-dev/install/ament_cmake_core:/work/ubuntu-ros2-dev/install/ament_package CMAKE_PREFIX_PATH=/work/ubuntu-ros2-dev/install/ament_cmake_core PYTHONPATH=/work/ubuntu-ros2-dev/build/ament_package:/work/ubuntu-ros2-dev/install/ament_package/lib/python3.10/site-packages /usr/bin/cmake --install /work/ubuntu-ros2-dev/build/ament_cmake_export_link_flags
[0.326s] -- Install configuration: ""
[0.326s] -- Execute custom install script
[0.326s] -- Symlinking: /work/ubuntu-ros2-dev/install/ament_cmake_export_link_flags/share/ament_index/resource_index/package_run_dependencies/ament_cmake_export_link_flags
[0.326s] -- Symlinking: /work/ubuntu-ros2-dev/install/ament_cmake_export_link_flags/share/ament_index/resource_index/parent_prefix_path/ament_cmake_export_link_flags
[0.326s] -- Symlinking: /work/ubuntu-ros2-dev/install/ament_cmake_export_link_flags/share/ament_cmake_export_link_flags/environment/ament_prefix_path.sh
[0.326s] -- Symlinking: /work/ubuntu-ros2-dev/install/ament_cmake_export_link_flags/share/ament_cmake_export_link_flags/environment/ament_prefix_path.dsv
[0.326s] -- Symlinking: /work/ubuntu-ros2-dev/install/ament_cmake_export_link_flags/share/ament_cmake_export_link_flags/environment/path.sh
[0.326s] -- Symlinking: /work/ubuntu-ros2-dev/install/ament_cmake_export_link_flags/share/ament_cmake_export_link_flags/environment/path.dsv
[0.327s] -- Symlinking: /work/ubuntu-ros2-dev/install/ament_cmake_export_link_flags/share/ament_cmake_export_link_flags/local_setup.bash
[0.327s] -- Symlinking: /work/ubuntu-ros2-dev/install/ament_cmake_export_link_flags/share/ament_cmake_export_link_flags/local_setup.sh
[0.327s] -- Symlinking: /work/ubuntu-ros2-dev/install/ament_cmake_export_link_flags/share/ament_cmake_export_link_flags/local_setup.zsh
[0.327s] -- Symlinking: /work/ubuntu-ros2-dev/install/ament_cmake_export_link_flags/share/ament_cmake_export_link_flags/local_setup.dsv
[0.327s] -- Symlinking: /work/ubuntu-ros2-dev/install/ament_cmake_export_link_flags/share/ament_cmake_export_link_flags/package.dsv
[0.327s] -- Symlinking: /work/ubuntu-ros2-dev/install/ament_cmake_export_link_flags/share/ament_index/resource_index/packages/ament_cmake_export_link_flags
[0.327s] -- Symlinking: /work/ubuntu-ros2-dev/install/ament_cmake_export_link_flags/share/ament_cmake_export_link_flags/cmake/ament_cmake_export_link_flags-extras.cmake
[0.327s] -- Symlinking: /work/ubuntu-ros2-dev/install/ament_cmake_export_link_flags/share/ament_cmake_export_link_flags/cmake/ament_cmake_export_link_flagsConfig.cmake
[0.327s] -- Symlinking: /work/ubuntu-ros2-dev/install/ament_cmake_export_link_flags/share/ament_cmake_export_link_flags/cmake/ament_cmake_export_link_flagsConfig-version.cmake
[0.327s] -- Symlinking: /work/ubuntu-ros2-dev/install/ament_cmake_export_link_flags/share/ament_cmake_export_link_flags/package.xml
[0.327s] -- Symlinking: /work/ubuntu-ros2-dev/install/ament_cmake_export_link_flags/share/ament_cmake_export_link_flags/cmake/ament_cmake_export_link_flags-extras.cmake.in
[0.327s] -- Symlinking: /work/ubuntu-ros2-dev/install/ament_cmake_export_link_flags/share/ament_cmake_export_link_flags/cmake/ament_cmake_export_link_flags_package_hook.cmake
[0.328s] -- Symlinking: /work/ubuntu-ros2-dev/install/ament_cmake_export_link_flags/share/ament_cmake_export_link_flags/cmake/ament_export_link_flags.cmake
[0.335s] Invoked command in '/work/ubuntu-ros2-dev/build/ament_cmake_export_link_flags' returned '0': AMENT_PREFIX_PATH=/work/ubuntu-ros2-dev/install/ament_cmake_core:/work/ubuntu-ros2-dev/install/ament_package CMAKE_PREFIX_PATH=/work/ubuntu-ros2-dev/install/ament_cmake_core PYTHONPATH=/work/ubuntu-ros2-dev/build/ament_package:/work/ubuntu-ros2-dev/install/ament_package/lib/python3.10/site-packages /usr/bin/cmake --install /work/ubuntu-ros2-dev/build/ament_cmake_export_link_flags
