[0.061s] Invoking command in '/work/ubuntu-ros2-dev/build/rcutils': AMENT_PREFIX_PATH=/work/ubuntu-ros2-dev/install/launch_testing_ament_cmake:/work/ubuntu-ros2-dev/install/python_cmake_module:/work/ubuntu-ros2-dev/install/performance_test_fixture:/work/ubuntu-ros2-dev/install/mimick_vendor:/work/ubuntu-ros2-dev/install/ament_cmake_ros:/work/ubuntu-ros2-dev/install/ament_lint_common:/work/ubuntu-ros2-dev/install/ament_cmake_uncrustify:/work/ubuntu-ros2-dev/install/ament_uncrustify:/work/ubuntu-ros2-dev/install/uncrustify_vendor:/work/ubuntu-ros2-dev/install/launch_testing:/work/ubuntu-ros2-dev/install/ament_cmake_xmllint:/work/ubuntu-ros2-dev/install/ament_cmake_pep257:/work/ubuntu-ros2-dev/install/ament_cmake_flake8:/work/ubuntu-ros2-dev/install/ament_cmake_cpplint:/work/ubuntu-ros2-dev/install/ament_cmake_cppcheck:/work/ubuntu-ros2-dev/install/launch_yaml:/work/ubuntu-ros2-dev/install/launch_xml:/work/ubuntu-ros2-dev/install/ament_cmake_copyright:/work/ubuntu-ros2-dev/install/ament_cmake:/work/ubuntu-ros2-dev/install/launch:/work/ubuntu-ros2-dev/install/ament_cmake_lint_cmake:/work/ubuntu-ros2-dev/install/ament_cmake_gmock:/work/ubuntu-ros2-dev/install/ament_cmake_gen_version_h:/work/ubuntu-ros2-dev/install/domain_coordinator:/work/ubuntu-ros2-dev/install/ament_xmllint:/work/ubuntu-ros2-dev/install/ament_lint_cmake:/work/ubuntu-ros2-dev/install/ament_lint_auto:/work/ubuntu-ros2-dev/install/ament_index_python:/work/ubuntu-ros2-dev/install/ament_cpplint:/work/ubuntu-ros2-dev/install/ament_cppcheck:/work/ubuntu-ros2-dev/install/ament_cmake_vendor_package:/work/ubuntu-ros2-dev/install/ament_cmake_pytest:/work/ubuntu-ros2-dev/install/ament_cmake_gtest:/work/ubuntu-ros2-dev/install/ament_cmake_google_benchmark:/work/ubuntu-ros2-dev/install/ament_copyright:/work/ubuntu-ros2-dev/install/ament_cmake_test:/work/ubuntu-ros2-dev/install/ament_cmake_target_dependencies:/work/ubuntu-ros2-dev/install/ament_cmake_export_targets:/work/ubuntu-ros2-dev/install/ament_cmake_export_interfaces:/work/ubuntu-ros2-dev/install/ament_cmake_export_dependencies:/work/ubuntu-ros2-dev/install/ament_pep257:/work/ubuntu-ros2-dev/install/ament_mypy:/work/ubuntu-ros2-dev/install/ament_cmake_version:/work/ubuntu-ros2-dev/install/ament_cmake_python:/work/ubuntu-ros2-dev/install/ament_cmake_libraries:/work/ubuntu-ros2-dev/install/ament_cmake_include_directories:/work/ubuntu-ros2-dev/install/ament_cmake_export_link_flags:/work/ubuntu-ros2-dev/install/ament_cmake_export_libraries:/work/ubuntu-ros2-dev/install/ament_cmake_export_include_directories:/work/ubuntu-ros2-dev/install/ament_cmake_export_definitions:/work/ubuntu-ros2-dev/install/ament_flake8:/work/ubuntu-ros2-dev/install/ament_cmake_core:/work/ubuntu-ros2-dev/install/osrf_pycommon:/work/ubuntu-ros2-dev/install/ament_pycodestyle:/work/ubuntu-ros2-dev/install/ament_package:/work/ubuntu-ros2-dev/install/ament_lint CMAKE_PREFIX_PATH=/work/ubuntu-ros2-dev/install/launch_testing_ament_cmake:/work/ubuntu-ros2-dev/install/python_cmake_module:/work/ubuntu-ros2-dev/install/performance_test_fixture:/work/ubuntu-ros2-dev/install/mimick_vendor:/work/ubuntu-ros2-dev/install/ament_cmake_ros:/work/ubuntu-ros2-dev/install/ament_lint_common:/work/ubuntu-ros2-dev/install/ament_cmake_uncrustify:/work/ubuntu-ros2-dev/install/uncrustify_vendor:/work/ubuntu-ros2-dev/install/ament_cmake_xmllint:/work/ubuntu-ros2-dev/install/ament_cmake_pep257:/work/ubuntu-ros2-dev/install/ament_cmake_flake8:/work/ubuntu-ros2-dev/install/ament_cmake_cpplint:/work/ubuntu-ros2-dev/install/ament_cmake_cppcheck:/work/ubuntu-ros2-dev/install/ament_cmake_copyright:/work/ubuntu-ros2-dev/install/ament_cmake:/work/ubuntu-ros2-dev/install/ament_cmake_lint_cmake:/work/ubuntu-ros2-dev/install/ament_cmake_gmock:/work/ubuntu-ros2-dev/install/ament_cmake_gen_version_h:/work/ubuntu-ros2-dev/install/ament_lint_auto:/work/ubuntu-ros2-dev/install/ament_cmake_vendor_package:/work/ubuntu-ros2-dev/install/ament_cmake_pytest:/work/ubuntu-ros2-dev/install/ament_cmake_gtest:/work/ubuntu-ros2-dev/install/ament_cmake_google_benchmark:/work/ubuntu-ros2-dev/install/ament_cmake_test:/work/ubuntu-ros2-dev/install/ament_cmake_target_dependencies:/work/ubuntu-ros2-dev/install/ament_cmake_export_targets:/work/ubuntu-ros2-dev/install/ament_cmake_export_interfaces:/work/ubuntu-ros2-dev/install/ament_cmake_export_dependencies:/work/ubuntu-ros2-dev/install/ament_cmake_version:/work/ubuntu-ros2-dev/install/ament_cmake_python:/work/ubuntu-ros2-dev/install/ament_cmake_libraries:/work/ubuntu-ros2-dev/install/ament_cmake_include_directories:/work/ubuntu-ros2-dev/install/ament_cmake_export_link_flags:/work/ubuntu-ros2-dev/install/ament_cmake_export_libraries:/work/ubuntu-ros2-dev/install/ament_cmake_export_include_directories:/work/ubuntu-ros2-dev/install/ament_cmake_export_definitions:/work/ubuntu-ros2-dev/install/gmock_vendor:/work/ubuntu-ros2-dev/install/ament_cmake_core:/work/ubuntu-ros2-dev/install/osrf_testing_tools_cpp:/work/ubuntu-ros2-dev/install/gtest_vendor:/work/ubuntu-ros2-dev/install/google_benchmark_vendor LD_LIBRARY_PATH=/work/ubuntu-ros2-dev/install/performance_test_fixture/lib:/work/ubuntu-ros2-dev/install/mimick_vendor/opt/mimick_vendor/lib:/work/ubuntu-ros2-dev/install/osrf_testing_tools_cpp/lib:/work/ubuntu-ros2-dev/install/google_benchmark_vendor/lib PATH=/work/ubuntu-ros2-dev/install/ament_uncrustify/bin:/work/ubuntu-ros2-dev/install/uncrustify_vendor/opt/uncrustify_vendor/bin:/work/ubuntu-ros2-dev/install/launch_testing/bin:/work/ubuntu-ros2-dev/install/ament_xmllint/bin:/work/ubuntu-ros2-dev/install/ament_lint_cmake/bin:/work/ubuntu-ros2-dev/install/ament_index_python/bin:/work/ubuntu-ros2-dev/install/ament_cpplint/bin:/work/ubuntu-ros2-dev/install/ament_cppcheck/bin:/work/ubuntu-ros2-dev/install/ament_copyright/bin:/work/ubuntu-ros2-dev/install/ament_pep257/bin:/work/ubuntu-ros2-dev/install/ament_mypy/bin:/work/ubuntu-ros2-dev/install/ament_flake8/bin:/work/ubuntu-ros2-dev/install/ament_pycodestyle/bin:${PATH} PKG_CONFIG_PATH=/work/ubuntu-ros2-dev/install/gmock_vendor/lib/aarch64-linux-gnu/pkgconfig:/work/ubuntu-ros2-dev/install/gmock_vendor/lib/pkgconfig:/work/ubuntu-ros2-dev/install/osrf_testing_tools_cpp/lib/aarch64-linux-gnu/pkgconfig:/work/ubuntu-ros2-dev/install/osrf_testing_tools_cpp/lib/pkgconfig:/work/ubuntu-ros2-dev/install/gtest_vendor/lib/aarch64-linux-gnu/pkgconfig:/work/ubuntu-ros2-dev/install/gtest_vendor/lib/pkgconfig:/work/ubuntu-ros2-dev/install/google_benchmark_vendor/lib/aarch64-linux-gnu/pkgconfig:/work/ubuntu-ros2-dev/install/google_benchmark_vendor/lib/pkgconfig PYTHONPATH=/work/ubuntu-ros2-dev/build/ament_uncrustify:/work/ubuntu-ros2-dev/install/ament_uncrustify/lib/python3.10/site-packages:/work/ubuntu-ros2-dev/build/launch_testing:/work/ubuntu-ros2-dev/install/launch_testing/lib/python3.10/site-packages:/work/ubuntu-ros2-dev/build/launch_yaml:/work/ubuntu-ros2-dev/install/launch_yaml/lib/python3.10/site-packages:/work/ubuntu-ros2-dev/build/launch_xml:/work/ubuntu-ros2-dev/install/launch_xml/lib/python3.10/site-packages:/work/ubuntu-ros2-dev/build/launch:/work/ubuntu-ros2-dev/install/launch/lib/python3.10/site-packages:/work/ubuntu-ros2-dev/build/domain_coordinator:/work/ubuntu-ros2-dev/install/domain_coordinator/lib/python3.10/site-packages:/work/ubuntu-ros2-dev/build/ament_xmllint:/work/ubuntu-ros2-dev/install/ament_xmllint/lib/python3.10/site-packages:/work/ubuntu-ros2-dev/build/ament_lint_cmake:/work/ubuntu-ros2-dev/install/ament_lint_cmake/lib/python3.10/site-packages:/work/ubuntu-ros2-dev/build/ament_index_python:/work/ubuntu-ros2-dev/install/ament_index_python/lib/python3.10/site-packages:/work/ubuntu-ros2-dev/build/ament_cpplint:/work/ubuntu-ros2-dev/install/ament_cpplint/lib/python3.10/site-packages:/work/ubuntu-ros2-dev/build/ament_cppcheck:/work/ubuntu-ros2-dev/install/ament_cppcheck/lib/python3.10/site-packages:/work/ubuntu-ros2-dev/install/ament_cmake_google_benchmark/lib/python3.10/site-packages:/work/ubuntu-ros2-dev/build/ament_copyright:/work/ubuntu-ros2-dev/install/ament_copyright/lib/python3.10/site-packages:/work/ubuntu-ros2-dev/install/ament_cmake_test/lib/python3.10/site-packages:/work/ubuntu-ros2-dev/build/ament_pep257:/work/ubuntu-ros2-dev/install/ament_pep257/lib/python3.10/site-packages:/work/ubuntu-ros2-dev/build/ament_mypy:/work/ubuntu-ros2-dev/install/ament_mypy/lib/python3.10/site-packages:/work/ubuntu-ros2-dev/build/ament_flake8:/work/ubuntu-ros2-dev/install/ament_flake8/lib/python3.10/site-packages:/work/ubuntu-ros2-dev/build/osrf_pycommon:/work/ubuntu-ros2-dev/install/osrf_pycommon/lib/python3.10/site-packages:/work/ubuntu-ros2-dev/build/ament_pycodestyle:/work/ubuntu-ros2-dev/install/ament_pycodestyle/lib/python3.10/site-packages:/work/ubuntu-ros2-dev/build/ament_package:/work/ubuntu-ros2-dev/install/ament_package/lib/python3.10/site-packages:/work/ubuntu-ros2-dev/build/ament_lint:/work/ubuntu-ros2-dev/install/ament_lint/lib/python3.10/site-packages /usr/bin/cmake /work/ubuntu-ros2-dev/src/ros2/rcutils -DAMENT_CMAKE_SYMLINK_INSTALL=1 -DCMAKE_INSTALL_PREFIX=/work/ubuntu-ros2-dev/install/rcutils
[0.474s] -- The C compiler identification is GNU 11.4.0
[0.474s] -- The CXX compiler identification is GNU 11.4.0
[0.474s] -- Detecting C compiler ABI info
[0.474s] -- Detecting C compiler ABI info - done
[0.474s] -- Check for working C compiler: /usr/bin/cc - skipped
[0.474s] -- Detecting C compile features
[0.474s] -- Detecting C compile features - done
[0.474s] -- Detecting CXX compiler ABI info
[0.474s] -- Detecting CXX compiler ABI info - done
[0.474s] -- Check for working CXX compiler: /usr/bin/c++ - skipped
[0.474s] -- Detecting CXX compile features
[0.474s] -- Detecting CXX compile features - done
[0.474s] -- Found ament_cmake_python: 2.5.2 (/work/ubuntu-ros2-dev/install/ament_cmake_python/share/ament_cmake_python/cmake)
[0.474s] -- Found ament_cmake_ros: 0.12.0 (/work/ubuntu-ros2-dev/install/ament_cmake_ros/share/ament_cmake_ros/cmake)
[0.494s] -- Found Python3: /usr/bin/python3 (found version "3.10.12") found components: Interpreter 
[0.545s] -- Override CMake install command with custom implementation using symlinks instead of copying resources
[0.690s] -- Performing Test USES_GLIBC
[0.739s] -- Performing Test USES_GLIBC - Success
[0.740s] -- Found performance_test_fixture: 0.2.1 (/work/ubuntu-ros2-dev/install/performance_test_fixture/share/performance_test_fixture/cmake)
[0.840s] -- Found ament_lint_auto: 0.17.1 (/work/ubuntu-ros2-dev/install/ament_lint_auto/share/ament_lint_auto/cmake)
[0.936s] -- Found python_cmake_module: 0.11.1 (/work/ubuntu-ros2-dev/install/python_cmake_module/share/python_cmake_module/cmake)
[0.986s] -- Found PythonExtra: /usr/bin/python3  
[0.987s] -- Looking for __atomic_load_8 in atomic
[1.052s] -- Looking for __atomic_load_8 in atomic - found
[1.060s] -- Found gtest sources under '/work/ubuntu-ros2-dev/install/gtest_vendor/src/gtest_vendor': C++ tests using 'Google Test' will be built
[1.062s] -- Found Threads: TRUE  
[1.066s] -- Found gmock sources under '/work/ubuntu-ros2-dev/install/gmock_vendor/src/gmock_vendor': C++ tests using 'Google Mock' will be built
[1.088s] -- Performing Test is_no_as_needed_supported
[1.186s] -- Performing Test is_no_as_needed_supported - Success
[1.204s] -- Performance tests are disabled by default, so Google Benchmark tests will be skipped. To enable these tests, set the CMake variable 'AMENT_RUN_PERFORMANCE_TESTS'.
[1.208s] -- Added test 'copyright' to check source files copyright and LICENSE
[1.215s] -- Added test 'cpplint' to check C / C++ code against the Google style
[1.215s] -- Configured cpplint exclude dirs and/or files: 
[1.215s] -- Added test 'flake8' to check Python code syntax and style conventions
[1.216s] -- Configured 'flake8' exclude dirs and/or files: 
[1.218s] -- Added test 'lint_cmake' to check CMake code style
[1.219s] -- Added test 'pep257' to check Python code against some of the docstring style conventions in PEP 257
[1.226s] -- Added test 'uncrustify' to check C / C++ code style
[1.226s] -- Configured uncrustify additional arguments: 
[1.227s] -- Added test 'xmllint' to check XML markup files
[1.232s] -- Configuring done
[1.271s] -- Generating done
[1.274s] -- Build files have been written to: /work/ubuntu-ros2-dev/build/rcutils
[1.286s] Invoked command in '/work/ubuntu-ros2-dev/build/rcutils' returned '0': AMENT_PREFIX_PATH=/work/ubuntu-ros2-dev/install/launch_testing_ament_cmake:/work/ubuntu-ros2-dev/install/python_cmake_module:/work/ubuntu-ros2-dev/install/performance_test_fixture:/work/ubuntu-ros2-dev/install/mimick_vendor:/work/ubuntu-ros2-dev/install/ament_cmake_ros:/work/ubuntu-ros2-dev/install/ament_lint_common:/work/ubuntu-ros2-dev/install/ament_cmake_uncrustify:/work/ubuntu-ros2-dev/install/ament_uncrustify:/work/ubuntu-ros2-dev/install/uncrustify_vendor:/work/ubuntu-ros2-dev/install/launch_testing:/work/ubuntu-ros2-dev/install/ament_cmake_xmllint:/work/ubuntu-ros2-dev/install/ament_cmake_pep257:/work/ubuntu-ros2-dev/install/ament_cmake_flake8:/work/ubuntu-ros2-dev/install/ament_cmake_cpplint:/work/ubuntu-ros2-dev/install/ament_cmake_cppcheck:/work/ubuntu-ros2-dev/install/launch_yaml:/work/ubuntu-ros2-dev/install/launch_xml:/work/ubuntu-ros2-dev/install/ament_cmake_copyright:/work/ubuntu-ros2-dev/install/ament_cmake:/work/ubuntu-ros2-dev/install/launch:/work/ubuntu-ros2-dev/install/ament_cmake_lint_cmake:/work/ubuntu-ros2-dev/install/ament_cmake_gmock:/work/ubuntu-ros2-dev/install/ament_cmake_gen_version_h:/work/ubuntu-ros2-dev/install/domain_coordinator:/work/ubuntu-ros2-dev/install/ament_xmllint:/work/ubuntu-ros2-dev/install/ament_lint_cmake:/work/ubuntu-ros2-dev/install/ament_lint_auto:/work/ubuntu-ros2-dev/install/ament_index_python:/work/ubuntu-ros2-dev/install/ament_cpplint:/work/ubuntu-ros2-dev/install/ament_cppcheck:/work/ubuntu-ros2-dev/install/ament_cmake_vendor_package:/work/ubuntu-ros2-dev/install/ament_cmake_pytest:/work/ubuntu-ros2-dev/install/ament_cmake_gtest:/work/ubuntu-ros2-dev/install/ament_cmake_google_benchmark:/work/ubuntu-ros2-dev/install/ament_copyright:/work/ubuntu-ros2-dev/install/ament_cmake_test:/work/ubuntu-ros2-dev/install/ament_cmake_target_dependencies:/work/ubuntu-ros2-dev/install/ament_cmake_export_targets:/work/ubuntu-ros2-dev/install/ament_cmake_export_interfaces:/work/ubuntu-ros2-dev/install/ament_cmake_export_dependencies:/work/ubuntu-ros2-dev/install/ament_pep257:/work/ubuntu-ros2-dev/install/ament_mypy:/work/ubuntu-ros2-dev/install/ament_cmake_version:/work/ubuntu-ros2-dev/install/ament_cmake_python:/work/ubuntu-ros2-dev/install/ament_cmake_libraries:/work/ubuntu-ros2-dev/install/ament_cmake_include_directories:/work/ubuntu-ros2-dev/install/ament_cmake_export_link_flags:/work/ubuntu-ros2-dev/install/ament_cmake_export_libraries:/work/ubuntu-ros2-dev/install/ament_cmake_export_include_directories:/work/ubuntu-ros2-dev/install/ament_cmake_export_definitions:/work/ubuntu-ros2-dev/install/ament_flake8:/work/ubuntu-ros2-dev/install/ament_cmake_core:/work/ubuntu-ros2-dev/install/osrf_pycommon:/work/ubuntu-ros2-dev/install/ament_pycodestyle:/work/ubuntu-ros2-dev/install/ament_package:/work/ubuntu-ros2-dev/install/ament_lint CMAKE_PREFIX_PATH=/work/ubuntu-ros2-dev/install/launch_testing_ament_cmake:/work/ubuntu-ros2-dev/install/python_cmake_module:/work/ubuntu-ros2-dev/install/performance_test_fixture:/work/ubuntu-ros2-dev/install/mimick_vendor:/work/ubuntu-ros2-dev/install/ament_cmake_ros:/work/ubuntu-ros2-dev/install/ament_lint_common:/work/ubuntu-ros2-dev/install/ament_cmake_uncrustify:/work/ubuntu-ros2-dev/install/uncrustify_vendor:/work/ubuntu-ros2-dev/install/ament_cmake_xmllint:/work/ubuntu-ros2-dev/install/ament_cmake_pep257:/work/ubuntu-ros2-dev/install/ament_cmake_flake8:/work/ubuntu-ros2-dev/install/ament_cmake_cpplint:/work/ubuntu-ros2-dev/install/ament_cmake_cppcheck:/work/ubuntu-ros2-dev/install/ament_cmake_copyright:/work/ubuntu-ros2-dev/install/ament_cmake:/work/ubuntu-ros2-dev/install/ament_cmake_lint_cmake:/work/ubuntu-ros2-dev/install/ament_cmake_gmock:/work/ubuntu-ros2-dev/install/ament_cmake_gen_version_h:/work/ubuntu-ros2-dev/install/ament_lint_auto:/work/ubuntu-ros2-dev/install/ament_cmake_vendor_package:/work/ubuntu-ros2-dev/install/ament_cmake_pytest:/work/ubuntu-ros2-dev/install/ament_cmake_gtest:/work/ubuntu-ros2-dev/install/ament_cmake_google_benchmark:/work/ubuntu-ros2-dev/install/ament_cmake_test:/work/ubuntu-ros2-dev/install/ament_cmake_target_dependencies:/work/ubuntu-ros2-dev/install/ament_cmake_export_targets:/work/ubuntu-ros2-dev/install/ament_cmake_export_interfaces:/work/ubuntu-ros2-dev/install/ament_cmake_export_dependencies:/work/ubuntu-ros2-dev/install/ament_cmake_version:/work/ubuntu-ros2-dev/install/ament_cmake_python:/work/ubuntu-ros2-dev/install/ament_cmake_libraries:/work/ubuntu-ros2-dev/install/ament_cmake_include_directories:/work/ubuntu-ros2-dev/install/ament_cmake_export_link_flags:/work/ubuntu-ros2-dev/install/ament_cmake_export_libraries:/work/ubuntu-ros2-dev/install/ament_cmake_export_include_directories:/work/ubuntu-ros2-dev/install/ament_cmake_export_definitions:/work/ubuntu-ros2-dev/install/gmock_vendor:/work/ubuntu-ros2-dev/install/ament_cmake_core:/work/ubuntu-ros2-dev/install/osrf_testing_tools_cpp:/work/ubuntu-ros2-dev/install/gtest_vendor:/work/ubuntu-ros2-dev/install/google_benchmark_vendor LD_LIBRARY_PATH=/work/ubuntu-ros2-dev/install/performance_test_fixture/lib:/work/ubuntu-ros2-dev/install/mimick_vendor/opt/mimick_vendor/lib:/work/ubuntu-ros2-dev/install/osrf_testing_tools_cpp/lib:/work/ubuntu-ros2-dev/install/google_benchmark_vendor/lib PATH=/work/ubuntu-ros2-dev/install/ament_uncrustify/bin:/work/ubuntu-ros2-dev/install/uncrustify_vendor/opt/uncrustify_vendor/bin:/work/ubuntu-ros2-dev/install/launch_testing/bin:/work/ubuntu-ros2-dev/install/ament_xmllint/bin:/work/ubuntu-ros2-dev/install/ament_lint_cmake/bin:/work/ubuntu-ros2-dev/install/ament_index_python/bin:/work/ubuntu-ros2-dev/install/ament_cpplint/bin:/work/ubuntu-ros2-dev/install/ament_cppcheck/bin:/work/ubuntu-ros2-dev/install/ament_copyright/bin:/work/ubuntu-ros2-dev/install/ament_pep257/bin:/work/ubuntu-ros2-dev/install/ament_mypy/bin:/work/ubuntu-ros2-dev/install/ament_flake8/bin:/work/ubuntu-ros2-dev/install/ament_pycodestyle/bin:${PATH} PKG_CONFIG_PATH=/work/ubuntu-ros2-dev/install/gmock_vendor/lib/aarch64-linux-gnu/pkgconfig:/work/ubuntu-ros2-dev/install/gmock_vendor/lib/pkgconfig:/work/ubuntu-ros2-dev/install/osrf_testing_tools_cpp/lib/aarch64-linux-gnu/pkgconfig:/work/ubuntu-ros2-dev/install/osrf_testing_tools_cpp/lib/pkgconfig:/work/ubuntu-ros2-dev/install/gtest_vendor/lib/aarch64-linux-gnu/pkgconfig:/work/ubuntu-ros2-dev/install/gtest_vendor/lib/pkgconfig:/work/ubuntu-ros2-dev/install/google_benchmark_vendor/lib/aarch64-linux-gnu/pkgconfig:/work/ubuntu-ros2-dev/install/google_benchmark_vendor/lib/pkgconfig PYTHONPATH=/work/ubuntu-ros2-dev/build/ament_uncrustify:/work/ubuntu-ros2-dev/install/ament_uncrustify/lib/python3.10/site-packages:/work/ubuntu-ros2-dev/build/launch_testing:/work/ubuntu-ros2-dev/install/launch_testing/lib/python3.10/site-packages:/work/ubuntu-ros2-dev/build/launch_yaml:/work/ubuntu-ros2-dev/install/launch_yaml/lib/python3.10/site-packages:/work/ubuntu-ros2-dev/build/launch_xml:/work/ubuntu-ros2-dev/install/launch_xml/lib/python3.10/site-packages:/work/ubuntu-ros2-dev/build/launch:/work/ubuntu-ros2-dev/install/launch/lib/python3.10/site-packages:/work/ubuntu-ros2-dev/build/domain_coordinator:/work/ubuntu-ros2-dev/install/domain_coordinator/lib/python3.10/site-packages:/work/ubuntu-ros2-dev/build/ament_xmllint:/work/ubuntu-ros2-dev/install/ament_xmllint/lib/python3.10/site-packages:/work/ubuntu-ros2-dev/build/ament_lint_cmake:/work/ubuntu-ros2-dev/install/ament_lint_cmake/lib/python3.10/site-packages:/work/ubuntu-ros2-dev/build/ament_index_python:/work/ubuntu-ros2-dev/install/ament_index_python/lib/python3.10/site-packages:/work/ubuntu-ros2-dev/build/ament_cpplint:/work/ubuntu-ros2-dev/install/ament_cpplint/lib/python3.10/site-packages:/work/ubuntu-ros2-dev/build/ament_cppcheck:/work/ubuntu-ros2-dev/install/ament_cppcheck/lib/python3.10/site-packages:/work/ubuntu-ros2-dev/install/ament_cmake_google_benchmark/lib/python3.10/site-packages:/work/ubuntu-ros2-dev/build/ament_copyright:/work/ubuntu-ros2-dev/install/ament_copyright/lib/python3.10/site-packages:/work/ubuntu-ros2-dev/install/ament_cmake_test/lib/python3.10/site-packages:/work/ubuntu-ros2-dev/build/ament_pep257:/work/ubuntu-ros2-dev/install/ament_pep257/lib/python3.10/site-packages:/work/ubuntu-ros2-dev/build/ament_mypy:/work/ubuntu-ros2-dev/install/ament_mypy/lib/python3.10/site-packages:/work/ubuntu-ros2-dev/build/ament_flake8:/work/ubuntu-ros2-dev/install/ament_flake8/lib/python3.10/site-packages:/work/ubuntu-ros2-dev/build/osrf_pycommon:/work/ubuntu-ros2-dev/install/osrf_pycommon/lib/python3.10/site-packages:/work/ubuntu-ros2-dev/build/ament_pycodestyle:/work/ubuntu-ros2-dev/install/ament_pycodestyle/lib/python3.10/site-packages:/work/ubuntu-ros2-dev/build/ament_package:/work/ubuntu-ros2-dev/install/ament_package/lib/python3.10/site-packages:/work/ubuntu-ros2-dev/build/ament_lint:/work/ubuntu-ros2-dev/install/ament_lint/lib/python3.10/site-packages /usr/bin/cmake /work/ubuntu-ros2-dev/src/ros2/rcutils -DAMENT_CMAKE_SYMLINK_INSTALL=1 -DCMAKE_INSTALL_PREFIX=/work/ubuntu-ros2-dev/install/rcutils
[1.286s] Invoking command in '/work/ubuntu-ros2-dev/build/rcutils': AMENT_PREFIX_PATH=/work/ubuntu-ros2-dev/install/launch_testing_ament_cmake:/work/ubuntu-ros2-dev/install/python_cmake_module:/work/ubuntu-ros2-dev/install/performance_test_fixture:/work/ubuntu-ros2-dev/install/mimick_vendor:/work/ubuntu-ros2-dev/install/ament_cmake_ros:/work/ubuntu-ros2-dev/install/ament_lint_common:/work/ubuntu-ros2-dev/install/ament_cmake_uncrustify:/work/ubuntu-ros2-dev/install/ament_uncrustify:/work/ubuntu-ros2-dev/install/uncrustify_vendor:/work/ubuntu-ros2-dev/install/launch_testing:/work/ubuntu-ros2-dev/install/ament_cmake_xmllint:/work/ubuntu-ros2-dev/install/ament_cmake_pep257:/work/ubuntu-ros2-dev/install/ament_cmake_flake8:/work/ubuntu-ros2-dev/install/ament_cmake_cpplint:/work/ubuntu-ros2-dev/install/ament_cmake_cppcheck:/work/ubuntu-ros2-dev/install/launch_yaml:/work/ubuntu-ros2-dev/install/launch_xml:/work/ubuntu-ros2-dev/install/ament_cmake_copyright:/work/ubuntu-ros2-dev/install/ament_cmake:/work/ubuntu-ros2-dev/install/launch:/work/ubuntu-ros2-dev/install/ament_cmake_lint_cmake:/work/ubuntu-ros2-dev/install/ament_cmake_gmock:/work/ubuntu-ros2-dev/install/ament_cmake_gen_version_h:/work/ubuntu-ros2-dev/install/domain_coordinator:/work/ubuntu-ros2-dev/install/ament_xmllint:/work/ubuntu-ros2-dev/install/ament_lint_cmake:/work/ubuntu-ros2-dev/install/ament_lint_auto:/work/ubuntu-ros2-dev/install/ament_index_python:/work/ubuntu-ros2-dev/install/ament_cpplint:/work/ubuntu-ros2-dev/install/ament_cppcheck:/work/ubuntu-ros2-dev/install/ament_cmake_vendor_package:/work/ubuntu-ros2-dev/install/ament_cmake_pytest:/work/ubuntu-ros2-dev/install/ament_cmake_gtest:/work/ubuntu-ros2-dev/install/ament_cmake_google_benchmark:/work/ubuntu-ros2-dev/install/ament_copyright:/work/ubuntu-ros2-dev/install/ament_cmake_test:/work/ubuntu-ros2-dev/install/ament_cmake_target_dependencies:/work/ubuntu-ros2-dev/install/ament_cmake_export_targets:/work/ubuntu-ros2-dev/install/ament_cmake_export_interfaces:/work/ubuntu-ros2-dev/install/ament_cmake_export_dependencies:/work/ubuntu-ros2-dev/install/ament_pep257:/work/ubuntu-ros2-dev/install/ament_mypy:/work/ubuntu-ros2-dev/install/ament_cmake_version:/work/ubuntu-ros2-dev/install/ament_cmake_python:/work/ubuntu-ros2-dev/install/ament_cmake_libraries:/work/ubuntu-ros2-dev/install/ament_cmake_include_directories:/work/ubuntu-ros2-dev/install/ament_cmake_export_link_flags:/work/ubuntu-ros2-dev/install/ament_cmake_export_libraries:/work/ubuntu-ros2-dev/install/ament_cmake_export_include_directories:/work/ubuntu-ros2-dev/install/ament_cmake_export_definitions:/work/ubuntu-ros2-dev/install/ament_flake8:/work/ubuntu-ros2-dev/install/ament_cmake_core:/work/ubuntu-ros2-dev/install/osrf_pycommon:/work/ubuntu-ros2-dev/install/ament_pycodestyle:/work/ubuntu-ros2-dev/install/ament_package:/work/ubuntu-ros2-dev/install/ament_lint CMAKE_PREFIX_PATH=/work/ubuntu-ros2-dev/install/launch_testing_ament_cmake:/work/ubuntu-ros2-dev/install/python_cmake_module:/work/ubuntu-ros2-dev/install/performance_test_fixture:/work/ubuntu-ros2-dev/install/mimick_vendor:/work/ubuntu-ros2-dev/install/ament_cmake_ros:/work/ubuntu-ros2-dev/install/ament_lint_common:/work/ubuntu-ros2-dev/install/ament_cmake_uncrustify:/work/ubuntu-ros2-dev/install/uncrustify_vendor:/work/ubuntu-ros2-dev/install/ament_cmake_xmllint:/work/ubuntu-ros2-dev/install/ament_cmake_pep257:/work/ubuntu-ros2-dev/install/ament_cmake_flake8:/work/ubuntu-ros2-dev/install/ament_cmake_cpplint:/work/ubuntu-ros2-dev/install/ament_cmake_cppcheck:/work/ubuntu-ros2-dev/install/ament_cmake_copyright:/work/ubuntu-ros2-dev/install/ament_cmake:/work/ubuntu-ros2-dev/install/ament_cmake_lint_cmake:/work/ubuntu-ros2-dev/install/ament_cmake_gmock:/work/ubuntu-ros2-dev/install/ament_cmake_gen_version_h:/work/ubuntu-ros2-dev/install/ament_lint_auto:/work/ubuntu-ros2-dev/install/ament_cmake_vendor_package:/work/ubuntu-ros2-dev/install/ament_cmake_pytest:/work/ubuntu-ros2-dev/install/ament_cmake_gtest:/work/ubuntu-ros2-dev/install/ament_cmake_google_benchmark:/work/ubuntu-ros2-dev/install/ament_cmake_test:/work/ubuntu-ros2-dev/install/ament_cmake_target_dependencies:/work/ubuntu-ros2-dev/install/ament_cmake_export_targets:/work/ubuntu-ros2-dev/install/ament_cmake_export_interfaces:/work/ubuntu-ros2-dev/install/ament_cmake_export_dependencies:/work/ubuntu-ros2-dev/install/ament_cmake_version:/work/ubuntu-ros2-dev/install/ament_cmake_python:/work/ubuntu-ros2-dev/install/ament_cmake_libraries:/work/ubuntu-ros2-dev/install/ament_cmake_include_directories:/work/ubuntu-ros2-dev/install/ament_cmake_export_link_flags:/work/ubuntu-ros2-dev/install/ament_cmake_export_libraries:/work/ubuntu-ros2-dev/install/ament_cmake_export_include_directories:/work/ubuntu-ros2-dev/install/ament_cmake_export_definitions:/work/ubuntu-ros2-dev/install/gmock_vendor:/work/ubuntu-ros2-dev/install/ament_cmake_core:/work/ubuntu-ros2-dev/install/osrf_testing_tools_cpp:/work/ubuntu-ros2-dev/install/gtest_vendor:/work/ubuntu-ros2-dev/install/google_benchmark_vendor LD_LIBRARY_PATH=/work/ubuntu-ros2-dev/install/performance_test_fixture/lib:/work/ubuntu-ros2-dev/install/mimick_vendor/opt/mimick_vendor/lib:/work/ubuntu-ros2-dev/install/osrf_testing_tools_cpp/lib:/work/ubuntu-ros2-dev/install/google_benchmark_vendor/lib PATH=/work/ubuntu-ros2-dev/install/ament_uncrustify/bin:/work/ubuntu-ros2-dev/install/uncrustify_vendor/opt/uncrustify_vendor/bin:/work/ubuntu-ros2-dev/install/launch_testing/bin:/work/ubuntu-ros2-dev/install/ament_xmllint/bin:/work/ubuntu-ros2-dev/install/ament_lint_cmake/bin:/work/ubuntu-ros2-dev/install/ament_index_python/bin:/work/ubuntu-ros2-dev/install/ament_cpplint/bin:/work/ubuntu-ros2-dev/install/ament_cppcheck/bin:/work/ubuntu-ros2-dev/install/ament_copyright/bin:/work/ubuntu-ros2-dev/install/ament_pep257/bin:/work/ubuntu-ros2-dev/install/ament_mypy/bin:/work/ubuntu-ros2-dev/install/ament_flake8/bin:/work/ubuntu-ros2-dev/install/ament_pycodestyle/bin:${PATH} PKG_CONFIG_PATH=/work/ubuntu-ros2-dev/install/gmock_vendor/lib/aarch64-linux-gnu/pkgconfig:/work/ubuntu-ros2-dev/install/gmock_vendor/lib/pkgconfig:/work/ubuntu-ros2-dev/install/osrf_testing_tools_cpp/lib/aarch64-linux-gnu/pkgconfig:/work/ubuntu-ros2-dev/install/osrf_testing_tools_cpp/lib/pkgconfig:/work/ubuntu-ros2-dev/install/gtest_vendor/lib/aarch64-linux-gnu/pkgconfig:/work/ubuntu-ros2-dev/install/gtest_vendor/lib/pkgconfig:/work/ubuntu-ros2-dev/install/google_benchmark_vendor/lib/aarch64-linux-gnu/pkgconfig:/work/ubuntu-ros2-dev/install/google_benchmark_vendor/lib/pkgconfig PYTHONPATH=/work/ubuntu-ros2-dev/build/ament_uncrustify:/work/ubuntu-ros2-dev/install/ament_uncrustify/lib/python3.10/site-packages:/work/ubuntu-ros2-dev/build/launch_testing:/work/ubuntu-ros2-dev/install/launch_testing/lib/python3.10/site-packages:/work/ubuntu-ros2-dev/build/launch_yaml:/work/ubuntu-ros2-dev/install/launch_yaml/lib/python3.10/site-packages:/work/ubuntu-ros2-dev/build/launch_xml:/work/ubuntu-ros2-dev/install/launch_xml/lib/python3.10/site-packages:/work/ubuntu-ros2-dev/build/launch:/work/ubuntu-ros2-dev/install/launch/lib/python3.10/site-packages:/work/ubuntu-ros2-dev/build/domain_coordinator:/work/ubuntu-ros2-dev/install/domain_coordinator/lib/python3.10/site-packages:/work/ubuntu-ros2-dev/build/ament_xmllint:/work/ubuntu-ros2-dev/install/ament_xmllint/lib/python3.10/site-packages:/work/ubuntu-ros2-dev/build/ament_lint_cmake:/work/ubuntu-ros2-dev/install/ament_lint_cmake/lib/python3.10/site-packages:/work/ubuntu-ros2-dev/build/ament_index_python:/work/ubuntu-ros2-dev/install/ament_index_python/lib/python3.10/site-packages:/work/ubuntu-ros2-dev/build/ament_cpplint:/work/ubuntu-ros2-dev/install/ament_cpplint/lib/python3.10/site-packages:/work/ubuntu-ros2-dev/build/ament_cppcheck:/work/ubuntu-ros2-dev/install/ament_cppcheck/lib/python3.10/site-packages:/work/ubuntu-ros2-dev/install/ament_cmake_google_benchmark/lib/python3.10/site-packages:/work/ubuntu-ros2-dev/build/ament_copyright:/work/ubuntu-ros2-dev/install/ament_copyright/lib/python3.10/site-packages:/work/ubuntu-ros2-dev/install/ament_cmake_test/lib/python3.10/site-packages:/work/ubuntu-ros2-dev/build/ament_pep257:/work/ubuntu-ros2-dev/install/ament_pep257/lib/python3.10/site-packages:/work/ubuntu-ros2-dev/build/ament_mypy:/work/ubuntu-ros2-dev/install/ament_mypy/lib/python3.10/site-packages:/work/ubuntu-ros2-dev/build/ament_flake8:/work/ubuntu-ros2-dev/install/ament_flake8/lib/python3.10/site-packages:/work/ubuntu-ros2-dev/build/osrf_pycommon:/work/ubuntu-ros2-dev/install/osrf_pycommon/lib/python3.10/site-packages:/work/ubuntu-ros2-dev/build/ament_pycodestyle:/work/ubuntu-ros2-dev/install/ament_pycodestyle/lib/python3.10/site-packages:/work/ubuntu-ros2-dev/build/ament_package:/work/ubuntu-ros2-dev/install/ament_package/lib/python3.10/site-packages:/work/ubuntu-ros2-dev/build/ament_lint:/work/ubuntu-ros2-dev/install/ament_lint/lib/python3.10/site-packages /usr/bin/cmake --build /work/ubuntu-ros2-dev/build/rcutils -- -j8 -l8
[1.334s] [  0%] Built target ament_cmake_python_symlink_rcutils
[1.350s] [  0%] [32mBuilding C object CMakeFiles/dummy_shared_library_in_load_paths.dir/test/dummy_shared_library/dummy_shared_library.c.o[0m
[1.373s] [  1%] [32m[1mLinking C shared library test_libraries/libdummy_shared_library_in_load_paths.so[0m
[1.395s] [  1%] Built target dummy_shared_library_in_load_paths
[1.412s] [  2%] [32mBuilding C object CMakeFiles/dummy_shared_library_preloaded.dir/test/dummy_shared_library/dummy_shared_library.c.o[0m
[1.430s] [  2%] [32m[1mLinking C shared library test_libraries/libdummy_shared_library_preloaded.so[0m
[1.455s] [  2%] Built target dummy_shared_library_preloaded
[1.587s] running egg_info
[1.588s] creating rcutils.egg-info
[1.588s] writing rcutils.egg-info/PKG-INFO
[1.588s] writing dependency_links to rcutils.egg-info/dependency_links.txt
[1.588s] writing top-level names to rcutils.egg-info/top_level.txt
[1.588s] writing manifest file 'rcutils.egg-info/SOURCES.txt'
[1.589s] reading manifest file 'rcutils.egg-info/SOURCES.txt'
[1.590s] writing manifest file 'rcutils.egg-info/SOURCES.txt'
[1.607s] [  2%] Built target ament_cmake_python_build_rcutils_egg
[1.617s] [  3%] [32mBuilding C object CMakeFiles/dummy_shared_library_in_run_paths.dir/test/dummy_shared_library/dummy_shared_library.c.o[0m
[1.631s] [  4%] [32m[1mLinking C shared library libdummy_shared_library_in_run_paths.so[0m
[1.651s] [  4%] Built target dummy_shared_library_in_run_paths
[1.666s] [  5%] [32mBuilding CXX object gmock/CMakeFiles/gmock.dir/work/ubuntu-ros2-dev/install/gtest_vendor/src/gtest_vendor/src/gtest-all.cc.o[0m
[3.853s] [  6%] [32mBuilding CXX object gmock/CMakeFiles/gmock.dir/src/gmock-all.cc.o[0m
[4.800s] [  7%] [32m[1mLinking CXX static library libgmock.a[0m
[4.857s] [  7%] Built target gmock
[4.867s] [  7%] [32mBuilding CXX object gmock/CMakeFiles/gmock_main.dir/src/gmock_main.cc.o[0m
[5.459s] [  8%] [32m[1mLinking CXX static library libgmock_main.a[0m
[5.502s] [  8%] Built target gmock_main
[5.516s] [  9%] [32mBuilding CXX object gtest/CMakeFiles/gtest.dir/src/gtest-all.cc.o[0m
[7.623s] [ 10%] [32m[1mLinking CXX static library libgtest.a[0m
[7.700s] [ 10%] Built target gtest
[7.713s] [ 11%] [32mBuilding CXX object CMakeFiles/test_error_handling_helpers.dir/test/test_error_handling_helpers.cpp.o[0m
[8.556s] [ 12%] [32m[1mLinking CXX executable test_error_handling_helpers[0m
[8.685s] [ 12%] Built target test_error_handling_helpers
[8.701s] [ 13%] [32mBuilding CXX object gtest/CMakeFiles/gtest_main.dir/src/gtest_main.cc.o[0m
[9.190s] [ 13%] [32m[1mLinking CXX static library libgtest_main.a[0m
[9.232s] [ 13%] Built target gtest_main
[9.238s] [ 14%] [34m[1mExpanding logging_macros.h.em[0m
[9.319s] [ 15%] [32mBuilding C object CMakeFiles/rcutils.dir/src/allocator.c.o[0m
[9.349s] [ 15%] [32mBuilding C object CMakeFiles/rcutils.dir/src/find.c.o[0m
[9.389s] [ 16%] [32mBuilding C object CMakeFiles/rcutils.dir/src/format_string.c.o[0m
[9.418s] [ 17%] [32mBuilding C object CMakeFiles/rcutils.dir/src/hash_map.c.o[0m
[9.460s] [ 18%] [32mBuilding C object CMakeFiles/rcutils.dir/src/logging.c.o[0m
[9.518s] [ 19%] [32mBuilding C object CMakeFiles/rcutils.dir/src/process.c.o[0m
[9.544s] [ 19%] [32mBuilding C object CMakeFiles/rcutils.dir/src/qsort.c.o[0m
[9.571s] [ 20%] [32mBuilding C object CMakeFiles/rcutils.dir/src/repl_str.c.o[0m
[9.597s] [ 21%] [32mBuilding C object CMakeFiles/rcutils.dir/src/sha256.c.o[0m
[9.621s] [ 22%] [32mBuilding C object CMakeFiles/rcutils.dir/src/shared_library.c.o[0m
[9.654s] [ 22%] [32mBuilding C object CMakeFiles/rcutils.dir/src/snprintf.c.o[0m
[9.676s] [ 23%] [32mBuilding C object CMakeFiles/rcutils.dir/src/split.c.o[0m
[9.706s] [ 24%] [32mBuilding C object CMakeFiles/rcutils.dir/src/strcasecmp.c.o[0m
[9.733s] [ 25%] [32mBuilding C object CMakeFiles/rcutils.dir/src/strdup.c.o[0m
[9.761s] [ 26%] [32mBuilding C object CMakeFiles/rcutils.dir/src/strerror.c.o[0m
[9.779s] [ 26%] [32mBuilding C object CMakeFiles/rcutils.dir/src/string_array.c.o[0m
[9.808s] [ 27%] [32mBuilding C object CMakeFiles/rcutils.dir/src/string_map.c.o[0m
[9.844s] [ 28%] [32mBuilding C object CMakeFiles/rcutils.dir/src/testing/fault_injection.c.o[0m
[9.862s] [ 29%] [32mBuilding C object CMakeFiles/rcutils.dir/src/time.c.o[0m
[9.883s] [ 29%] [32mBuilding C object CMakeFiles/rcutils.dir/src/time_unix.c.o[0m
[9.916s] [ 30%] [32mBuilding C object CMakeFiles/rcutils.dir/src/uint8_array.c.o[0m
[9.938s] [ 31%] [32mBuilding C object CMakeFiles/rcutils.dir/src/filesystem.c.o[0m
[9.970s] [ 32%] [32mBuilding C object CMakeFiles/rcutils.dir/src/error_handling.c.o[0m
[9.998s] [ 33%] [32mBuilding C object CMakeFiles/rcutils.dir/src/env.c.o[0m
[10.020s] [ 34%] [32mBuilding C object CMakeFiles/rcutils.dir/src/cmdline_parser.c.o[0m
[10.036s] [ 34%] [32mBuilding C object CMakeFiles/rcutils.dir/src/char_array.c.o[0m
[10.059s] [ 35%] [32mBuilding C object CMakeFiles/rcutils.dir/src/array_list.c.o[0m
[10.082s] [ 36%] [32m[1mLinking C shared library librcutils.so[0m
[10.104s] [ 36%] Built target rcutils
[10.113s] [ 37%] [32mBuilding CXX object CMakeFiles/test_logging.dir/test/test_logging.cpp.o[0m
[10.745s] [ 38%] [32m[1mLinking CXX executable test_logging[0m
[10.835s] [ 38%] Built target test_logging
[10.845s] [ 39%] [32mBuilding CXX object CMakeFiles/test_error_handling.dir/test/test_error_handling.cpp.o[0m
[11.702s] [ 40%] [32m[1mLinking CXX executable test_error_handling[0m
[11.820s] [ 40%] Built target test_error_handling
[11.836s] [ 41%] [32mBuilding CXX object CMakeFiles/test_split.dir/test/test_split.cpp.o[0m
[12.375s] [ 42%] [32m[1mLinking CXX executable test_split[0m
[12.473s] [ 42%] Built target test_split
[12.484s] [ 43%] [32mBuilding CXX object CMakeFiles/test_find.dir/test/test_find.cpp.o[0m
[13.033s] [ 44%] [32m[1mLinking CXX executable test_find[0m
[13.126s] [ 44%] Built target test_find
[13.138s] [ 44%] [32mBuilding CXX object CMakeFiles/test_strerror.dir/test/test_strerror.cpp.o[0m
[13.623s] [ 45%] [32m[1mLinking CXX executable test_strerror[0m
[13.717s] [ 45%] Built target test_strerror
[13.729s] [ 46%] [32mBuilding CXX object CMakeFiles/test_string_array.dir/test/test_string_array.cpp.o[0m
[14.293s] [ 47%] [32m[1mLinking CXX executable test_string_array[0m
[14.381s] [ 47%] Built target test_string_array
[14.397s] [ 48%] [32mBuilding CXX object CMakeFiles/test_env.dir/test/test_env.cpp.o[0m
[14.870s] [ 48%] [32m[1mLinking CXX executable test_env[0m
[14.958s] [ 48%] Built target test_env
[14.968s] [ 48%] [32mBuilding CXX object CMakeFiles/test_filesystem.dir/test/test_filesystem.cpp.o[0m
[15.996s] [ 49%] [32m[1mLinking CXX executable test_filesystem[0m
[16.122s] [ 49%] Built target test_filesystem
[16.132s] [ 50%] [32mBuilding CXX object CMakeFiles/test_strdup.dir/test/test_strdup.cpp.o[0m
[16.635s] [ 51%] [32m[1mLinking CXX executable test_strdup[0m
[16.727s] [ 51%] Built target test_strdup
[16.736s] [ 51%] [32mBuilding CXX object CMakeFiles/test_format_string.dir/test/test_format_string.cpp.o[0m
[17.193s] [ 52%] [32m[1mLinking CXX executable test_format_string[0m
[17.291s] [ 52%] Built target test_format_string
[17.303s] [ 53%] [32mBuilding CXX object CMakeFiles/test_string_map.dir/test/test_string_map.cpp.o[0m
[18.216s] [ 53%] [32m[1mLinking CXX executable test_string_map[0m
[18.314s] [ 53%] Built target test_string_map
[18.326s] [ 54%] [32mBuilding CXX object CMakeFiles/test_isalnum_no_locale.dir/test/test_isalnum_no_locale.cpp.o[0m
[18.862s] [ 54%] [32m[1mLinking CXX executable test_isalnum_no_locale[0m
[18.969s] [ 54%] Built target test_isalnum_no_locale
[18.986s] [ 54%] [32mBuilding CXX object CMakeFiles/test_repl_str.dir/test/test_repl_str.cpp.o[0m
[19.544s] [ 55%] [32m[1mLinking CXX executable test_repl_str[0m
[19.639s] [ 55%] Built target test_repl_str
[19.651s] [ 56%] [32mBuilding CXX object CMakeFiles/test_sha256.dir/test/test_sha256.cpp.o[0m
[20.116s] [ 57%] [32m[1mLinking CXX executable test_sha256[0m
[20.203s] [ 57%] Built target test_sha256
[20.213s] [ 58%] [32mBuilding CXX object CMakeFiles/test_shared_library_in_run_paths.dir/test/test_shared_library.cpp.o[0m
[20.713s] [ 59%] [32m[1mLinking CXX executable test_shared_library_in_run_paths[0m
[20.799s] [ 59%] Built target test_shared_library_in_run_paths
[20.810s] [ 60%] [32mBuilding CXX object CMakeFiles/test_shared_library_in_load_paths.dir/test/test_shared_library.cpp.o[0m
[21.303s] [ 60%] [32m[1mLinking CXX executable test_shared_library_in_load_paths[0m
[21.410s] [ 60%] Built target test_shared_library_in_load_paths
[21.445s] [ 61%] [32mBuilding CXX object CMakeFiles/test_shared_library_preloaded.dir/test/test_shared_library.cpp.o[0m
[22.384s] [ 61%] [32m[1mLinking CXX executable test_shared_library_preloaded[0m
[22.496s] [ 62%] [32mBuilding CXX object CMakeFiles/test_time.dir/test/test_time.cpp.o[0m
[22.677s] [ 62%] Built target test_shared_library_preloaded
[22.741s] [ 63%] [32mBuilding C object CMakeFiles/test_atomics_executable.dir/test/test_atomics.c.o[0m
[22.789s] [ 63%] [32mBuilding CXX object CMakeFiles/test_char_array.dir/test/test_char_array.cpp.o[0m
[22.838s] [ 64%] [32m[1mLinking C executable test_atomics_executable[0m
[22.934s] [ 64%] Built target test_atomics_executable
[23.060s] [ 65%] [32mBuilding CXX object CMakeFiles/test_snprintf.dir/test/test_snprintf.cpp.o[0m
[23.774s] [ 66%] [32m[1mLinking CXX executable test_time[0m
[23.902s] [ 67%] [32m[1mLinking CXX executable test_char_array[0m
[24.122s] [ 67%] Built target test_time
[24.169s] [ 67%] [32mBuilding CXX object CMakeFiles/test_strcasecmp.dir/test/test_strcasecmp.cpp.o[0m
[24.221s] [ 67%] Built target test_char_array
[24.227s] [ 68%] [32mBuilding CXX object CMakeFiles/test_allocator.dir/test/test_allocator.cpp.o[0m
[24.271s] [ 69%] [32mBuilding CXX object CMakeFiles/test_uint8_array.dir/test/test_uint8_array.cpp.o[0m
[24.349s] [ 70%] [32m[1mLinking CXX executable test_snprintf[0m
[24.674s] [ 70%] Built target test_snprintf
[24.763s] [ 70%] [32mBuilding CXX object CMakeFiles/test_array_list.dir/test/test_array_list.cpp.o[0m
[24.829s] [ 71%] [32mBuilding C object CMakeFiles/test_logging_macros_c.dir/test/test_logging_macros.c.o[0m
[24.986s] [ 72%] [32m[1mLinking C executable test_logging_macros_c[0m
[25.097s] [ 72%] Built target test_logging_macros_c
[25.203s] [ 73%] [32mBuilding CXX object CMakeFiles/test_hash_map.dir/test/test_hash_map.cpp.o[0m
[25.547s] [ 74%] [32m[1mLinking CXX executable test_strcasecmp[0m
[25.858s] [ 75%] [32m[1mLinking CXX executable test_uint8_array[0m
[26.075s] [ 75%] Built target test_strcasecmp
[26.126s] [ 76%] [32mBuilding CXX object CMakeFiles/test_cmdline_parser.dir/test/test_cmdline_parser.cpp.o[0m
[26.209s] [ 77%] [32mBuilding CXX object CMakeFiles/test_logging_macros.dir/test/test_logging_macros.cpp.o[0m
[26.340s] [ 78%] [32m[1mLinking CXX executable test_allocator[0m
[26.407s] [ 78%] Built target test_uint8_array
[26.610s] [ 79%] [32m[1mLinking CXX executable test_array_list[0m
[26.736s] [ 79%] Built target test_allocator
[26.742s] [ 79%] Built target test_array_list
[27.214s] [ 80%] [32m[1mLinking CXX executable test_hash_map[0m
[27.658s] [ 81%] [32m[1mLinking CXX executable test_cmdline_parser[0m
[27.662s] [ 81%] Built target test_hash_map
[27.802s] [ 81%] Built target test_cmdline_parser
[28.257s] [ 82%] [32m[1mLinking CXX executable test_logging_macros[0m
[28.388s] [ 82%] Built target test_logging_macros
[28.410s] [ 83%] [32mBuilding CXX object CMakeFiles/test_logging_bad_env3.dir/test/test_logging_bad_env.cpp.o[0m
[28.944s] [ 84%] [32m[1mLinking CXX executable test_logging_bad_env3[0m
[29.041s] [ 84%] Built target test_logging_bad_env3
[29.052s] [ 85%] [32mBuilding CXX object CMakeFiles/test_logging_enable_for.dir/test/test_logging_enable_for.cpp.o[0m
[29.619s] [ 86%] [32m[1mLinking CXX executable test_logging_enable_for[0m
[29.710s] [ 86%] Built target test_logging_enable_for
[29.721s] [ 86%] [32mBuilding CXX object CMakeFiles/test_logging_console_output_handler.dir/test/test_logging_console_output_handler.cpp.o[0m
[30.194s] [ 87%] [32m[1mLinking CXX executable test_logging_console_output_handler[0m
[30.289s] [ 87%] Built target test_logging_console_output_handler
[30.300s] [ 87%] [32mBuilding CXX object CMakeFiles/test_macros.dir/test/test_macros.cpp.o[0m
[30.828s] [ 88%] [32m[1mLinking CXX executable test_macros[0m
[30.930s] [ 88%] Built target test_macros
[30.942s] [ 89%] [32mBuilding CXX object CMakeFiles/benchmark_logging.dir/test/benchmark/benchmark_logging.cpp.o[0m
[31.233s] [ 90%] [32m[1mLinking CXX executable benchmark_logging[0m
[31.280s] [ 90%] Built target benchmark_logging
[31.293s] [ 90%] [32mBuilding CXX object CMakeFiles/benchmark_err_handle.dir/test/benchmark/benchmark_error_handling.cpp.o[0m
[31.543s] [ 91%] [32m[1mLinking CXX executable benchmark_err_handle[0m
[31.587s] [ 91%] Built target benchmark_err_handle
[31.597s] [ 92%] [32mBuilding CXX object CMakeFiles/test_logging_bad_env2.dir/test/test_logging_bad_env.cpp.o[0m
[32.143s] [ 93%] [32m[1mLinking CXX executable test_logging_bad_env2[0m
[32.235s] [ 93%] Built target test_logging_bad_env2
[32.247s] [ 94%] [32mBuilding CXX object CMakeFiles/test_logging_bad_env.dir/test/test_logging_bad_env.cpp.o[0m
[32.737s] [ 94%] [32m[1mLinking CXX executable test_logging_bad_env[0m
[32.839s] [ 94%] Built target test_logging_bad_env
[32.853s] [ 94%] [32mBuilding CXX object CMakeFiles/test_logging_custom_env2.dir/test/test_logging_custom_env.cpp.o[0m
[33.477s] [ 95%] [32m[1mLinking CXX executable test_logging_custom_env2[0m
[33.564s] [ 95%] Built target test_logging_custom_env2
[33.574s] [ 96%] [32mBuilding CXX object CMakeFiles/test_logging_custom_env.dir/test/test_logging_custom_env.cpp.o[0m
[34.088s] [ 97%] [32m[1mLinking CXX executable test_logging_custom_env[0m
[34.183s] [ 97%] Built target test_logging_custom_env
[34.193s] [ 98%] [32mBuilding CXX object CMakeFiles/test_process.dir/test/test_process.cpp.o[0m
[34.636s] [ 99%] [32m[1mLinking CXX executable test_process[0m
[34.722s] [ 99%] Built target test_process
[34.732s] [100%] [32mBuilding CXX object CMakeFiles/test_logging_long_messages.dir/test/test_logging_long_messages.cpp.o[0m
[34.852s] [100%] [32m[1mLinking CXX executable test_logging_long_messages[0m
[34.892s] [100%] Built target test_logging_long_messages
[34.902s] Invoked command in '/work/ubuntu-ros2-dev/build/rcutils' returned '0': AMENT_PREFIX_PATH=/work/ubuntu-ros2-dev/install/launch_testing_ament_cmake:/work/ubuntu-ros2-dev/install/python_cmake_module:/work/ubuntu-ros2-dev/install/performance_test_fixture:/work/ubuntu-ros2-dev/install/mimick_vendor:/work/ubuntu-ros2-dev/install/ament_cmake_ros:/work/ubuntu-ros2-dev/install/ament_lint_common:/work/ubuntu-ros2-dev/install/ament_cmake_uncrustify:/work/ubuntu-ros2-dev/install/ament_uncrustify:/work/ubuntu-ros2-dev/install/uncrustify_vendor:/work/ubuntu-ros2-dev/install/launch_testing:/work/ubuntu-ros2-dev/install/ament_cmake_xmllint:/work/ubuntu-ros2-dev/install/ament_cmake_pep257:/work/ubuntu-ros2-dev/install/ament_cmake_flake8:/work/ubuntu-ros2-dev/install/ament_cmake_cpplint:/work/ubuntu-ros2-dev/install/ament_cmake_cppcheck:/work/ubuntu-ros2-dev/install/launch_yaml:/work/ubuntu-ros2-dev/install/launch_xml:/work/ubuntu-ros2-dev/install/ament_cmake_copyright:/work/ubuntu-ros2-dev/install/ament_cmake:/work/ubuntu-ros2-dev/install/launch:/work/ubuntu-ros2-dev/install/ament_cmake_lint_cmake:/work/ubuntu-ros2-dev/install/ament_cmake_gmock:/work/ubuntu-ros2-dev/install/ament_cmake_gen_version_h:/work/ubuntu-ros2-dev/install/domain_coordinator:/work/ubuntu-ros2-dev/install/ament_xmllint:/work/ubuntu-ros2-dev/install/ament_lint_cmake:/work/ubuntu-ros2-dev/install/ament_lint_auto:/work/ubuntu-ros2-dev/install/ament_index_python:/work/ubuntu-ros2-dev/install/ament_cpplint:/work/ubuntu-ros2-dev/install/ament_cppcheck:/work/ubuntu-ros2-dev/install/ament_cmake_vendor_package:/work/ubuntu-ros2-dev/install/ament_cmake_pytest:/work/ubuntu-ros2-dev/install/ament_cmake_gtest:/work/ubuntu-ros2-dev/install/ament_cmake_google_benchmark:/work/ubuntu-ros2-dev/install/ament_copyright:/work/ubuntu-ros2-dev/install/ament_cmake_test:/work/ubuntu-ros2-dev/install/ament_cmake_target_dependencies:/work/ubuntu-ros2-dev/install/ament_cmake_export_targets:/work/ubuntu-ros2-dev/install/ament_cmake_export_interfaces:/work/ubuntu-ros2-dev/install/ament_cmake_export_dependencies:/work/ubuntu-ros2-dev/install/ament_pep257:/work/ubuntu-ros2-dev/install/ament_mypy:/work/ubuntu-ros2-dev/install/ament_cmake_version:/work/ubuntu-ros2-dev/install/ament_cmake_python:/work/ubuntu-ros2-dev/install/ament_cmake_libraries:/work/ubuntu-ros2-dev/install/ament_cmake_include_directories:/work/ubuntu-ros2-dev/install/ament_cmake_export_link_flags:/work/ubuntu-ros2-dev/install/ament_cmake_export_libraries:/work/ubuntu-ros2-dev/install/ament_cmake_export_include_directories:/work/ubuntu-ros2-dev/install/ament_cmake_export_definitions:/work/ubuntu-ros2-dev/install/ament_flake8:/work/ubuntu-ros2-dev/install/ament_cmake_core:/work/ubuntu-ros2-dev/install/osrf_pycommon:/work/ubuntu-ros2-dev/install/ament_pycodestyle:/work/ubuntu-ros2-dev/install/ament_package:/work/ubuntu-ros2-dev/install/ament_lint CMAKE_PREFIX_PATH=/work/ubuntu-ros2-dev/install/launch_testing_ament_cmake:/work/ubuntu-ros2-dev/install/python_cmake_module:/work/ubuntu-ros2-dev/install/performance_test_fixture:/work/ubuntu-ros2-dev/install/mimick_vendor:/work/ubuntu-ros2-dev/install/ament_cmake_ros:/work/ubuntu-ros2-dev/install/ament_lint_common:/work/ubuntu-ros2-dev/install/ament_cmake_uncrustify:/work/ubuntu-ros2-dev/install/uncrustify_vendor:/work/ubuntu-ros2-dev/install/ament_cmake_xmllint:/work/ubuntu-ros2-dev/install/ament_cmake_pep257:/work/ubuntu-ros2-dev/install/ament_cmake_flake8:/work/ubuntu-ros2-dev/install/ament_cmake_cpplint:/work/ubuntu-ros2-dev/install/ament_cmake_cppcheck:/work/ubuntu-ros2-dev/install/ament_cmake_copyright:/work/ubuntu-ros2-dev/install/ament_cmake:/work/ubuntu-ros2-dev/install/ament_cmake_lint_cmake:/work/ubuntu-ros2-dev/install/ament_cmake_gmock:/work/ubuntu-ros2-dev/install/ament_cmake_gen_version_h:/work/ubuntu-ros2-dev/install/ament_lint_auto:/work/ubuntu-ros2-dev/install/ament_cmake_vendor_package:/work/ubuntu-ros2-dev/install/ament_cmake_pytest:/work/ubuntu-ros2-dev/install/ament_cmake_gtest:/work/ubuntu-ros2-dev/install/ament_cmake_google_benchmark:/work/ubuntu-ros2-dev/install/ament_cmake_test:/work/ubuntu-ros2-dev/install/ament_cmake_target_dependencies:/work/ubuntu-ros2-dev/install/ament_cmake_export_targets:/work/ubuntu-ros2-dev/install/ament_cmake_export_interfaces:/work/ubuntu-ros2-dev/install/ament_cmake_export_dependencies:/work/ubuntu-ros2-dev/install/ament_cmake_version:/work/ubuntu-ros2-dev/install/ament_cmake_python:/work/ubuntu-ros2-dev/install/ament_cmake_libraries:/work/ubuntu-ros2-dev/install/ament_cmake_include_directories:/work/ubuntu-ros2-dev/install/ament_cmake_export_link_flags:/work/ubuntu-ros2-dev/install/ament_cmake_export_libraries:/work/ubuntu-ros2-dev/install/ament_cmake_export_include_directories:/work/ubuntu-ros2-dev/install/ament_cmake_export_definitions:/work/ubuntu-ros2-dev/install/gmock_vendor:/work/ubuntu-ros2-dev/install/ament_cmake_core:/work/ubuntu-ros2-dev/install/osrf_testing_tools_cpp:/work/ubuntu-ros2-dev/install/gtest_vendor:/work/ubuntu-ros2-dev/install/google_benchmark_vendor LD_LIBRARY_PATH=/work/ubuntu-ros2-dev/install/performance_test_fixture/lib:/work/ubuntu-ros2-dev/install/mimick_vendor/opt/mimick_vendor/lib:/work/ubuntu-ros2-dev/install/osrf_testing_tools_cpp/lib:/work/ubuntu-ros2-dev/install/google_benchmark_vendor/lib PATH=/work/ubuntu-ros2-dev/install/ament_uncrustify/bin:/work/ubuntu-ros2-dev/install/uncrustify_vendor/opt/uncrustify_vendor/bin:/work/ubuntu-ros2-dev/install/launch_testing/bin:/work/ubuntu-ros2-dev/install/ament_xmllint/bin:/work/ubuntu-ros2-dev/install/ament_lint_cmake/bin:/work/ubuntu-ros2-dev/install/ament_index_python/bin:/work/ubuntu-ros2-dev/install/ament_cpplint/bin:/work/ubuntu-ros2-dev/install/ament_cppcheck/bin:/work/ubuntu-ros2-dev/install/ament_copyright/bin:/work/ubuntu-ros2-dev/install/ament_pep257/bin:/work/ubuntu-ros2-dev/install/ament_mypy/bin:/work/ubuntu-ros2-dev/install/ament_flake8/bin:/work/ubuntu-ros2-dev/install/ament_pycodestyle/bin:${PATH} PKG_CONFIG_PATH=/work/ubuntu-ros2-dev/install/gmock_vendor/lib/aarch64-linux-gnu/pkgconfig:/work/ubuntu-ros2-dev/install/gmock_vendor/lib/pkgconfig:/work/ubuntu-ros2-dev/install/osrf_testing_tools_cpp/lib/aarch64-linux-gnu/pkgconfig:/work/ubuntu-ros2-dev/install/osrf_testing_tools_cpp/lib/pkgconfig:/work/ubuntu-ros2-dev/install/gtest_vendor/lib/aarch64-linux-gnu/pkgconfig:/work/ubuntu-ros2-dev/install/gtest_vendor/lib/pkgconfig:/work/ubuntu-ros2-dev/install/google_benchmark_vendor/lib/aarch64-linux-gnu/pkgconfig:/work/ubuntu-ros2-dev/install/google_benchmark_vendor/lib/pkgconfig PYTHONPATH=/work/ubuntu-ros2-dev/build/ament_uncrustify:/work/ubuntu-ros2-dev/install/ament_uncrustify/lib/python3.10/site-packages:/work/ubuntu-ros2-dev/build/launch_testing:/work/ubuntu-ros2-dev/install/launch_testing/lib/python3.10/site-packages:/work/ubuntu-ros2-dev/build/launch_yaml:/work/ubuntu-ros2-dev/install/launch_yaml/lib/python3.10/site-packages:/work/ubuntu-ros2-dev/build/launch_xml:/work/ubuntu-ros2-dev/install/launch_xml/lib/python3.10/site-packages:/work/ubuntu-ros2-dev/build/launch:/work/ubuntu-ros2-dev/install/launch/lib/python3.10/site-packages:/work/ubuntu-ros2-dev/build/domain_coordinator:/work/ubuntu-ros2-dev/install/domain_coordinator/lib/python3.10/site-packages:/work/ubuntu-ros2-dev/build/ament_xmllint:/work/ubuntu-ros2-dev/install/ament_xmllint/lib/python3.10/site-packages:/work/ubuntu-ros2-dev/build/ament_lint_cmake:/work/ubuntu-ros2-dev/install/ament_lint_cmake/lib/python3.10/site-packages:/work/ubuntu-ros2-dev/build/ament_index_python:/work/ubuntu-ros2-dev/install/ament_index_python/lib/python3.10/site-packages:/work/ubuntu-ros2-dev/build/ament_cpplint:/work/ubuntu-ros2-dev/install/ament_cpplint/lib/python3.10/site-packages:/work/ubuntu-ros2-dev/build/ament_cppcheck:/work/ubuntu-ros2-dev/install/ament_cppcheck/lib/python3.10/site-packages:/work/ubuntu-ros2-dev/install/ament_cmake_google_benchmark/lib/python3.10/site-packages:/work/ubuntu-ros2-dev/build/ament_copyright:/work/ubuntu-ros2-dev/install/ament_copyright/lib/python3.10/site-packages:/work/ubuntu-ros2-dev/install/ament_cmake_test/lib/python3.10/site-packages:/work/ubuntu-ros2-dev/build/ament_pep257:/work/ubuntu-ros2-dev/install/ament_pep257/lib/python3.10/site-packages:/work/ubuntu-ros2-dev/build/ament_mypy:/work/ubuntu-ros2-dev/install/ament_mypy/lib/python3.10/site-packages:/work/ubuntu-ros2-dev/build/ament_flake8:/work/ubuntu-ros2-dev/install/ament_flake8/lib/python3.10/site-packages:/work/ubuntu-ros2-dev/build/osrf_pycommon:/work/ubuntu-ros2-dev/install/osrf_pycommon/lib/python3.10/site-packages:/work/ubuntu-ros2-dev/build/ament_pycodestyle:/work/ubuntu-ros2-dev/install/ament_pycodestyle/lib/python3.10/site-packages:/work/ubuntu-ros2-dev/build/ament_package:/work/ubuntu-ros2-dev/install/ament_package/lib/python3.10/site-packages:/work/ubuntu-ros2-dev/build/ament_lint:/work/ubuntu-ros2-dev/install/ament_lint/lib/python3.10/site-packages /usr/bin/cmake --build /work/ubuntu-ros2-dev/build/rcutils -- -j8 -l8
[34.976s] Invoking command in '/work/ubuntu-ros2-dev/build/rcutils': AMENT_PREFIX_PATH=/work/ubuntu-ros2-dev/install/launch_testing_ament_cmake:/work/ubuntu-ros2-dev/install/python_cmake_module:/work/ubuntu-ros2-dev/install/performance_test_fixture:/work/ubuntu-ros2-dev/install/mimick_vendor:/work/ubuntu-ros2-dev/install/ament_cmake_ros:/work/ubuntu-ros2-dev/install/ament_lint_common:/work/ubuntu-ros2-dev/install/ament_cmake_uncrustify:/work/ubuntu-ros2-dev/install/ament_uncrustify:/work/ubuntu-ros2-dev/install/uncrustify_vendor:/work/ubuntu-ros2-dev/install/launch_testing:/work/ubuntu-ros2-dev/install/ament_cmake_xmllint:/work/ubuntu-ros2-dev/install/ament_cmake_pep257:/work/ubuntu-ros2-dev/install/ament_cmake_flake8:/work/ubuntu-ros2-dev/install/ament_cmake_cpplint:/work/ubuntu-ros2-dev/install/ament_cmake_cppcheck:/work/ubuntu-ros2-dev/install/launch_yaml:/work/ubuntu-ros2-dev/install/launch_xml:/work/ubuntu-ros2-dev/install/ament_cmake_copyright:/work/ubuntu-ros2-dev/install/ament_cmake:/work/ubuntu-ros2-dev/install/launch:/work/ubuntu-ros2-dev/install/ament_cmake_lint_cmake:/work/ubuntu-ros2-dev/install/ament_cmake_gmock:/work/ubuntu-ros2-dev/install/ament_cmake_gen_version_h:/work/ubuntu-ros2-dev/install/domain_coordinator:/work/ubuntu-ros2-dev/install/ament_xmllint:/work/ubuntu-ros2-dev/install/ament_lint_cmake:/work/ubuntu-ros2-dev/install/ament_lint_auto:/work/ubuntu-ros2-dev/install/ament_index_python:/work/ubuntu-ros2-dev/install/ament_cpplint:/work/ubuntu-ros2-dev/install/ament_cppcheck:/work/ubuntu-ros2-dev/install/ament_cmake_vendor_package:/work/ubuntu-ros2-dev/install/ament_cmake_pytest:/work/ubuntu-ros2-dev/install/ament_cmake_gtest:/work/ubuntu-ros2-dev/install/ament_cmake_google_benchmark:/work/ubuntu-ros2-dev/install/ament_copyright:/work/ubuntu-ros2-dev/install/ament_cmake_test:/work/ubuntu-ros2-dev/install/ament_cmake_target_dependencies:/work/ubuntu-ros2-dev/install/ament_cmake_export_targets:/work/ubuntu-ros2-dev/install/ament_cmake_export_interfaces:/work/ubuntu-ros2-dev/install/ament_cmake_export_dependencies:/work/ubuntu-ros2-dev/install/ament_pep257:/work/ubuntu-ros2-dev/install/ament_mypy:/work/ubuntu-ros2-dev/install/ament_cmake_version:/work/ubuntu-ros2-dev/install/ament_cmake_python:/work/ubuntu-ros2-dev/install/ament_cmake_libraries:/work/ubuntu-ros2-dev/install/ament_cmake_include_directories:/work/ubuntu-ros2-dev/install/ament_cmake_export_link_flags:/work/ubuntu-ros2-dev/install/ament_cmake_export_libraries:/work/ubuntu-ros2-dev/install/ament_cmake_export_include_directories:/work/ubuntu-ros2-dev/install/ament_cmake_export_definitions:/work/ubuntu-ros2-dev/install/ament_flake8:/work/ubuntu-ros2-dev/install/ament_cmake_core:/work/ubuntu-ros2-dev/install/osrf_pycommon:/work/ubuntu-ros2-dev/install/ament_pycodestyle:/work/ubuntu-ros2-dev/install/ament_package:/work/ubuntu-ros2-dev/install/ament_lint CMAKE_PREFIX_PATH=/work/ubuntu-ros2-dev/install/launch_testing_ament_cmake:/work/ubuntu-ros2-dev/install/python_cmake_module:/work/ubuntu-ros2-dev/install/performance_test_fixture:/work/ubuntu-ros2-dev/install/mimick_vendor:/work/ubuntu-ros2-dev/install/ament_cmake_ros:/work/ubuntu-ros2-dev/install/ament_lint_common:/work/ubuntu-ros2-dev/install/ament_cmake_uncrustify:/work/ubuntu-ros2-dev/install/uncrustify_vendor:/work/ubuntu-ros2-dev/install/ament_cmake_xmllint:/work/ubuntu-ros2-dev/install/ament_cmake_pep257:/work/ubuntu-ros2-dev/install/ament_cmake_flake8:/work/ubuntu-ros2-dev/install/ament_cmake_cpplint:/work/ubuntu-ros2-dev/install/ament_cmake_cppcheck:/work/ubuntu-ros2-dev/install/ament_cmake_copyright:/work/ubuntu-ros2-dev/install/ament_cmake:/work/ubuntu-ros2-dev/install/ament_cmake_lint_cmake:/work/ubuntu-ros2-dev/install/ament_cmake_gmock:/work/ubuntu-ros2-dev/install/ament_cmake_gen_version_h:/work/ubuntu-ros2-dev/install/ament_lint_auto:/work/ubuntu-ros2-dev/install/ament_cmake_vendor_package:/work/ubuntu-ros2-dev/install/ament_cmake_pytest:/work/ubuntu-ros2-dev/install/ament_cmake_gtest:/work/ubuntu-ros2-dev/install/ament_cmake_google_benchmark:/work/ubuntu-ros2-dev/install/ament_cmake_test:/work/ubuntu-ros2-dev/install/ament_cmake_target_dependencies:/work/ubuntu-ros2-dev/install/ament_cmake_export_targets:/work/ubuntu-ros2-dev/install/ament_cmake_export_interfaces:/work/ubuntu-ros2-dev/install/ament_cmake_export_dependencies:/work/ubuntu-ros2-dev/install/ament_cmake_version:/work/ubuntu-ros2-dev/install/ament_cmake_python:/work/ubuntu-ros2-dev/install/ament_cmake_libraries:/work/ubuntu-ros2-dev/install/ament_cmake_include_directories:/work/ubuntu-ros2-dev/install/ament_cmake_export_link_flags:/work/ubuntu-ros2-dev/install/ament_cmake_export_libraries:/work/ubuntu-ros2-dev/install/ament_cmake_export_include_directories:/work/ubuntu-ros2-dev/install/ament_cmake_export_definitions:/work/ubuntu-ros2-dev/install/gmock_vendor:/work/ubuntu-ros2-dev/install/ament_cmake_core:/work/ubuntu-ros2-dev/install/osrf_testing_tools_cpp:/work/ubuntu-ros2-dev/install/gtest_vendor:/work/ubuntu-ros2-dev/install/google_benchmark_vendor LD_LIBRARY_PATH=/work/ubuntu-ros2-dev/install/performance_test_fixture/lib:/work/ubuntu-ros2-dev/install/mimick_vendor/opt/mimick_vendor/lib:/work/ubuntu-ros2-dev/install/osrf_testing_tools_cpp/lib:/work/ubuntu-ros2-dev/install/google_benchmark_vendor/lib PATH=/work/ubuntu-ros2-dev/install/ament_uncrustify/bin:/work/ubuntu-ros2-dev/install/uncrustify_vendor/opt/uncrustify_vendor/bin:/work/ubuntu-ros2-dev/install/launch_testing/bin:/work/ubuntu-ros2-dev/install/ament_xmllint/bin:/work/ubuntu-ros2-dev/install/ament_lint_cmake/bin:/work/ubuntu-ros2-dev/install/ament_index_python/bin:/work/ubuntu-ros2-dev/install/ament_cpplint/bin:/work/ubuntu-ros2-dev/install/ament_cppcheck/bin:/work/ubuntu-ros2-dev/install/ament_copyright/bin:/work/ubuntu-ros2-dev/install/ament_pep257/bin:/work/ubuntu-ros2-dev/install/ament_mypy/bin:/work/ubuntu-ros2-dev/install/ament_flake8/bin:/work/ubuntu-ros2-dev/install/ament_pycodestyle/bin:${PATH} PKG_CONFIG_PATH=/work/ubuntu-ros2-dev/install/gmock_vendor/lib/aarch64-linux-gnu/pkgconfig:/work/ubuntu-ros2-dev/install/gmock_vendor/lib/pkgconfig:/work/ubuntu-ros2-dev/install/osrf_testing_tools_cpp/lib/aarch64-linux-gnu/pkgconfig:/work/ubuntu-ros2-dev/install/osrf_testing_tools_cpp/lib/pkgconfig:/work/ubuntu-ros2-dev/install/gtest_vendor/lib/aarch64-linux-gnu/pkgconfig:/work/ubuntu-ros2-dev/install/gtest_vendor/lib/pkgconfig:/work/ubuntu-ros2-dev/install/google_benchmark_vendor/lib/aarch64-linux-gnu/pkgconfig:/work/ubuntu-ros2-dev/install/google_benchmark_vendor/lib/pkgconfig PYTHONPATH=/work/ubuntu-ros2-dev/build/ament_uncrustify:/work/ubuntu-ros2-dev/install/ament_uncrustify/lib/python3.10/site-packages:/work/ubuntu-ros2-dev/build/launch_testing:/work/ubuntu-ros2-dev/install/launch_testing/lib/python3.10/site-packages:/work/ubuntu-ros2-dev/build/launch_yaml:/work/ubuntu-ros2-dev/install/launch_yaml/lib/python3.10/site-packages:/work/ubuntu-ros2-dev/build/launch_xml:/work/ubuntu-ros2-dev/install/launch_xml/lib/python3.10/site-packages:/work/ubuntu-ros2-dev/build/launch:/work/ubuntu-ros2-dev/install/launch/lib/python3.10/site-packages:/work/ubuntu-ros2-dev/build/domain_coordinator:/work/ubuntu-ros2-dev/install/domain_coordinator/lib/python3.10/site-packages:/work/ubuntu-ros2-dev/build/ament_xmllint:/work/ubuntu-ros2-dev/install/ament_xmllint/lib/python3.10/site-packages:/work/ubuntu-ros2-dev/build/ament_lint_cmake:/work/ubuntu-ros2-dev/install/ament_lint_cmake/lib/python3.10/site-packages:/work/ubuntu-ros2-dev/build/ament_index_python:/work/ubuntu-ros2-dev/install/ament_index_python/lib/python3.10/site-packages:/work/ubuntu-ros2-dev/build/ament_cpplint:/work/ubuntu-ros2-dev/install/ament_cpplint/lib/python3.10/site-packages:/work/ubuntu-ros2-dev/build/ament_cppcheck:/work/ubuntu-ros2-dev/install/ament_cppcheck/lib/python3.10/site-packages:/work/ubuntu-ros2-dev/install/ament_cmake_google_benchmark/lib/python3.10/site-packages:/work/ubuntu-ros2-dev/build/ament_copyright:/work/ubuntu-ros2-dev/install/ament_copyright/lib/python3.10/site-packages:/work/ubuntu-ros2-dev/install/ament_cmake_test/lib/python3.10/site-packages:/work/ubuntu-ros2-dev/build/ament_pep257:/work/ubuntu-ros2-dev/install/ament_pep257/lib/python3.10/site-packages:/work/ubuntu-ros2-dev/build/ament_mypy:/work/ubuntu-ros2-dev/install/ament_mypy/lib/python3.10/site-packages:/work/ubuntu-ros2-dev/build/ament_flake8:/work/ubuntu-ros2-dev/install/ament_flake8/lib/python3.10/site-packages:/work/ubuntu-ros2-dev/build/osrf_pycommon:/work/ubuntu-ros2-dev/install/osrf_pycommon/lib/python3.10/site-packages:/work/ubuntu-ros2-dev/build/ament_pycodestyle:/work/ubuntu-ros2-dev/install/ament_pycodestyle/lib/python3.10/site-packages:/work/ubuntu-ros2-dev/build/ament_package:/work/ubuntu-ros2-dev/install/ament_package/lib/python3.10/site-packages:/work/ubuntu-ros2-dev/build/ament_lint:/work/ubuntu-ros2-dev/install/ament_lint/lib/python3.10/site-packages /usr/bin/cmake --install /work/ubuntu-ros2-dev/build/rcutils
[35.119s] -- Install configuration: ""
[35.119s] -- Execute custom install script
[35.119s] -- Symlinking: /work/ubuntu-ros2-dev/install/rcutils/share/rcutils/environment/pythonpath.sh
[35.119s] -- Symlinking: /work/ubuntu-ros2-dev/install/rcutils/share/rcutils/environment/pythonpath.dsv
[35.119s] -- Symlinking: /work/ubuntu-ros2-dev/install/rcutils/lib/python3.10/site-packages/rcutils-6.7.2-py3.10.egg-info/PKG-INFO
[35.119s] -- Symlinking: /work/ubuntu-ros2-dev/install/rcutils/lib/python3.10/site-packages/rcutils-6.7.2-py3.10.egg-info/SOURCES.txt
[35.119s] -- Symlinking: /work/ubuntu-ros2-dev/install/rcutils/lib/python3.10/site-packages/rcutils-6.7.2-py3.10.egg-info/dependency_links.txt
[35.119s] -- Symlinking: /work/ubuntu-ros2-dev/install/rcutils/lib/python3.10/site-packages/rcutils-6.7.2-py3.10.egg-info/top_level.txt
[35.119s] -- Symlinking: /work/ubuntu-ros2-dev/install/rcutils/lib/python3.10/site-packages/rcutils/__init__.py
[35.120s] -- Symlinking: /work/ubuntu-ros2-dev/install/rcutils/lib/python3.10/site-packages/rcutils/logging.py
[35.120s] -- Symlinking: /work/ubuntu-ros2-dev/install/rcutils/share/rcutils/environment/library_path.sh
[35.120s] -- Symlinking: /work/ubuntu-ros2-dev/install/rcutils/share/rcutils/environment/library_path.dsv
[35.120s] -- Symlinking: /work/ubuntu-ros2-dev/install/rcutils/share/ament_index/resource_index/package_run_dependencies/rcutils
[35.120s] -- Symlinking: /work/ubuntu-ros2-dev/install/rcutils/share/ament_index/resource_index/parent_prefix_path/rcutils
[35.120s] -- Symlinking: /work/ubuntu-ros2-dev/install/rcutils/share/rcutils/environment/ament_prefix_path.sh
[35.120s] -- Symlinking: /work/ubuntu-ros2-dev/install/rcutils/share/rcutils/environment/ament_prefix_path.dsv
[35.120s] -- Symlinking: /work/ubuntu-ros2-dev/install/rcutils/share/rcutils/environment/path.sh
[35.120s] -- Symlinking: /work/ubuntu-ros2-dev/install/rcutils/share/rcutils/environment/path.dsv
[35.120s] -- Symlinking: /work/ubuntu-ros2-dev/install/rcutils/share/rcutils/local_setup.bash
[35.120s] -- Symlinking: /work/ubuntu-ros2-dev/install/rcutils/share/rcutils/local_setup.sh
[35.120s] -- Symlinking: /work/ubuntu-ros2-dev/install/rcutils/share/rcutils/local_setup.zsh
[35.120s] -- Symlinking: /work/ubuntu-ros2-dev/install/rcutils/share/rcutils/local_setup.dsv
[35.120s] -- Symlinking: /work/ubuntu-ros2-dev/install/rcutils/share/rcutils/package.dsv
[35.120s] -- Symlinking: /work/ubuntu-ros2-dev/install/rcutils/share/ament_index/resource_index/packages/rcutils
[35.120s] -- Symlinking: /work/ubuntu-ros2-dev/install/rcutils/share/rcutils/cmake/ament_cmake_export_link_flags-extras.cmake
[35.120s] -- Symlinking: /work/ubuntu-ros2-dev/install/rcutils/share/rcutils/cmake/ament_cmake_export_include_directories-extras.cmake
[35.120s] -- Symlinking: /work/ubuntu-ros2-dev/install/rcutils/share/rcutils/cmake/ament_cmake_export_libraries-extras.cmake
[35.120s] -- Symlinking: /work/ubuntu-ros2-dev/install/rcutils/share/rcutils/cmake/ament_cmake_export_targets-extras.cmake
[35.120s] -- Symlinking: /work/ubuntu-ros2-dev/install/rcutils/share/rcutils/cmake/ament_cmake_export_dependencies-extras.cmake
[35.121s] -- Symlinking: /work/ubuntu-ros2-dev/install/rcutils/share/rcutils/cmake/rcutilsConfig.cmake
[35.121s] -- Symlinking: /work/ubuntu-ros2-dev/install/rcutils/share/rcutils/cmake/rcutilsConfig-version.cmake
[35.121s] -- Symlinking: /work/ubuntu-ros2-dev/install/rcutils/share/rcutils/package.xml
[35.123s] -- Symlinking: /work/ubuntu-ros2-dev/install/rcutils/include/rcutils/rcutils/allocator.h
[35.128s] -- Symlinking: /work/ubuntu-ros2-dev/install/rcutils/include/rcutils/rcutils/cmdline_parser.h
[35.135s] -- Symlinking: /work/ubuntu-ros2-dev/install/rcutils/include/rcutils/rcutils/env.h
[35.139s] -- Symlinking: /work/ubuntu-ros2-dev/install/rcutils/include/rcutils/rcutils/error_handling.h
[35.147s] -- Symlinking: /work/ubuntu-ros2-dev/install/rcutils/include/rcutils/rcutils/filesystem.h
[35.155s] -- Symlinking: /work/ubuntu-ros2-dev/install/rcutils/include/rcutils/rcutils/find.h
[35.161s] -- Symlinking: /work/ubuntu-ros2-dev/install/rcutils/include/rcutils/rcutils/format_string.h
[35.166s] -- Symlinking: /work/ubuntu-ros2-dev/install/rcutils/include/rcutils/rcutils/isalnum_no_locale.h
[35.173s] -- Symlinking: /work/ubuntu-ros2-dev/install/rcutils/include/rcutils/rcutils/logging.h
[35.180s] -- Symlinking: /work/ubuntu-ros2-dev/install/rcutils/include/rcutils/rcutils/macros.h
[35.184s] -- Symlinking: /work/ubuntu-ros2-dev/install/rcutils/include/rcutils/rcutils/process.h
[35.188s] -- Symlinking: /work/ubuntu-ros2-dev/install/rcutils/include/rcutils/rcutils/qsort.h
[35.192s] -- Symlinking: /work/ubuntu-ros2-dev/install/rcutils/include/rcutils/rcutils/repl_str.h
[35.198s] -- Symlinking: /work/ubuntu-ros2-dev/install/rcutils/include/rcutils/rcutils/sha256.h
[35.202s] -- Symlinking: /work/ubuntu-ros2-dev/install/rcutils/include/rcutils/rcutils/shared_library.h
[35.206s] -- Symlinking: /work/ubuntu-ros2-dev/install/rcutils/include/rcutils/rcutils/snprintf.h
[35.210s] -- Symlinking: /work/ubuntu-ros2-dev/install/rcutils/include/rcutils/rcutils/split.h
[35.215s] -- Symlinking: /work/ubuntu-ros2-dev/install/rcutils/include/rcutils/rcutils/stdatomic_helper.h
[35.225s] -- Symlinking: /work/ubuntu-ros2-dev/install/rcutils/include/rcutils/rcutils/stdatomic_helper/gcc/stdatomic.h
[35.231s] -- Symlinking: /work/ubuntu-ros2-dev/install/rcutils/include/rcutils/rcutils/stdatomic_helper/win32/stdatomic.h
[35.236s] -- Symlinking: /work/ubuntu-ros2-dev/install/rcutils/include/rcutils/rcutils/strcasecmp.h
[35.240s] -- Symlinking: /work/ubuntu-ros2-dev/install/rcutils/include/rcutils/rcutils/strdup.h
[35.247s] -- Symlinking: /work/ubuntu-ros2-dev/install/rcutils/include/rcutils/rcutils/strerror.h
[35.251s] -- Symlinking: /work/ubuntu-ros2-dev/install/rcutils/include/rcutils/rcutils/testing/fault_injection.h
[35.258s] -- Symlinking: /work/ubuntu-ros2-dev/install/rcutils/include/rcutils/rcutils/time.h
[35.265s] -- Symlinking: /work/ubuntu-ros2-dev/install/rcutils/include/rcutils/rcutils/types.h
[35.269s] -- Symlinking: /work/ubuntu-ros2-dev/install/rcutils/include/rcutils/rcutils/types/array_list.h
[35.273s] -- Symlinking: /work/ubuntu-ros2-dev/install/rcutils/include/rcutils/rcutils/types/char_array.h
[35.277s] -- Symlinking: /work/ubuntu-ros2-dev/install/rcutils/include/rcutils/rcutils/types/hash_map.h
[35.281s] -- Symlinking: /work/ubuntu-ros2-dev/install/rcutils/include/rcutils/rcutils/types/rcutils_ret.h
[35.286s] -- Symlinking: /work/ubuntu-ros2-dev/install/rcutils/include/rcutils/rcutils/types/string_array.h
[35.291s] -- Symlinking: /work/ubuntu-ros2-dev/install/rcutils/include/rcutils/rcutils/types/string_map.h
[35.296s] -- Symlinking: /work/ubuntu-ros2-dev/install/rcutils/include/rcutils/rcutils/types/uint8_array.h
[35.300s] -- Symlinking: /work/ubuntu-ros2-dev/install/rcutils/include/rcutils/rcutils/visibility_control.h
[35.305s] -- Symlinking: /work/ubuntu-ros2-dev/install/rcutils/include/rcutils/rcutils/visibility_control_macros.h
[35.309s] -- Symlinking: /work/ubuntu-ros2-dev/install/rcutils/include/rcutils/rcutils/logging_macros.h
[35.345s] Listing '/work/ubuntu-ros2-dev/install/rcutils/lib/python3.10/site-packages/rcutils'...
[35.345s] Compiling '/work/ubuntu-ros2-dev/install/rcutils/lib/python3.10/site-packages/rcutils/__init__.py'...
[35.345s] Compiling '/work/ubuntu-ros2-dev/install/rcutils/lib/python3.10/site-packages/rcutils/logging.py'...
[35.348s] -- Installing: /work/ubuntu-ros2-dev/install/rcutils/lib/librcutils.so
[35.349s] -- Installing: /work/ubuntu-ros2-dev/install/rcutils/share/rcutils/cmake/rcutilsExport.cmake
[35.349s] -- Installing: /work/ubuntu-ros2-dev/install/rcutils/share/rcutils/cmake/rcutilsExport-noconfig.cmake
[35.353s] Invoked command in '/work/ubuntu-ros2-dev/build/rcutils' returned '0': AMENT_PREFIX_PATH=/work/ubuntu-ros2-dev/install/launch_testing_ament_cmake:/work/ubuntu-ros2-dev/install/python_cmake_module:/work/ubuntu-ros2-dev/install/performance_test_fixture:/work/ubuntu-ros2-dev/install/mimick_vendor:/work/ubuntu-ros2-dev/install/ament_cmake_ros:/work/ubuntu-ros2-dev/install/ament_lint_common:/work/ubuntu-ros2-dev/install/ament_cmake_uncrustify:/work/ubuntu-ros2-dev/install/ament_uncrustify:/work/ubuntu-ros2-dev/install/uncrustify_vendor:/work/ubuntu-ros2-dev/install/launch_testing:/work/ubuntu-ros2-dev/install/ament_cmake_xmllint:/work/ubuntu-ros2-dev/install/ament_cmake_pep257:/work/ubuntu-ros2-dev/install/ament_cmake_flake8:/work/ubuntu-ros2-dev/install/ament_cmake_cpplint:/work/ubuntu-ros2-dev/install/ament_cmake_cppcheck:/work/ubuntu-ros2-dev/install/launch_yaml:/work/ubuntu-ros2-dev/install/launch_xml:/work/ubuntu-ros2-dev/install/ament_cmake_copyright:/work/ubuntu-ros2-dev/install/ament_cmake:/work/ubuntu-ros2-dev/install/launch:/work/ubuntu-ros2-dev/install/ament_cmake_lint_cmake:/work/ubuntu-ros2-dev/install/ament_cmake_gmock:/work/ubuntu-ros2-dev/install/ament_cmake_gen_version_h:/work/ubuntu-ros2-dev/install/domain_coordinator:/work/ubuntu-ros2-dev/install/ament_xmllint:/work/ubuntu-ros2-dev/install/ament_lint_cmake:/work/ubuntu-ros2-dev/install/ament_lint_auto:/work/ubuntu-ros2-dev/install/ament_index_python:/work/ubuntu-ros2-dev/install/ament_cpplint:/work/ubuntu-ros2-dev/install/ament_cppcheck:/work/ubuntu-ros2-dev/install/ament_cmake_vendor_package:/work/ubuntu-ros2-dev/install/ament_cmake_pytest:/work/ubuntu-ros2-dev/install/ament_cmake_gtest:/work/ubuntu-ros2-dev/install/ament_cmake_google_benchmark:/work/ubuntu-ros2-dev/install/ament_copyright:/work/ubuntu-ros2-dev/install/ament_cmake_test:/work/ubuntu-ros2-dev/install/ament_cmake_target_dependencies:/work/ubuntu-ros2-dev/install/ament_cmake_export_targets:/work/ubuntu-ros2-dev/install/ament_cmake_export_interfaces:/work/ubuntu-ros2-dev/install/ament_cmake_export_dependencies:/work/ubuntu-ros2-dev/install/ament_pep257:/work/ubuntu-ros2-dev/install/ament_mypy:/work/ubuntu-ros2-dev/install/ament_cmake_version:/work/ubuntu-ros2-dev/install/ament_cmake_python:/work/ubuntu-ros2-dev/install/ament_cmake_libraries:/work/ubuntu-ros2-dev/install/ament_cmake_include_directories:/work/ubuntu-ros2-dev/install/ament_cmake_export_link_flags:/work/ubuntu-ros2-dev/install/ament_cmake_export_libraries:/work/ubuntu-ros2-dev/install/ament_cmake_export_include_directories:/work/ubuntu-ros2-dev/install/ament_cmake_export_definitions:/work/ubuntu-ros2-dev/install/ament_flake8:/work/ubuntu-ros2-dev/install/ament_cmake_core:/work/ubuntu-ros2-dev/install/osrf_pycommon:/work/ubuntu-ros2-dev/install/ament_pycodestyle:/work/ubuntu-ros2-dev/install/ament_package:/work/ubuntu-ros2-dev/install/ament_lint CMAKE_PREFIX_PATH=/work/ubuntu-ros2-dev/install/launch_testing_ament_cmake:/work/ubuntu-ros2-dev/install/python_cmake_module:/work/ubuntu-ros2-dev/install/performance_test_fixture:/work/ubuntu-ros2-dev/install/mimick_vendor:/work/ubuntu-ros2-dev/install/ament_cmake_ros:/work/ubuntu-ros2-dev/install/ament_lint_common:/work/ubuntu-ros2-dev/install/ament_cmake_uncrustify:/work/ubuntu-ros2-dev/install/uncrustify_vendor:/work/ubuntu-ros2-dev/install/ament_cmake_xmllint:/work/ubuntu-ros2-dev/install/ament_cmake_pep257:/work/ubuntu-ros2-dev/install/ament_cmake_flake8:/work/ubuntu-ros2-dev/install/ament_cmake_cpplint:/work/ubuntu-ros2-dev/install/ament_cmake_cppcheck:/work/ubuntu-ros2-dev/install/ament_cmake_copyright:/work/ubuntu-ros2-dev/install/ament_cmake:/work/ubuntu-ros2-dev/install/ament_cmake_lint_cmake:/work/ubuntu-ros2-dev/install/ament_cmake_gmock:/work/ubuntu-ros2-dev/install/ament_cmake_gen_version_h:/work/ubuntu-ros2-dev/install/ament_lint_auto:/work/ubuntu-ros2-dev/install/ament_cmake_vendor_package:/work/ubuntu-ros2-dev/install/ament_cmake_pytest:/work/ubuntu-ros2-dev/install/ament_cmake_gtest:/work/ubuntu-ros2-dev/install/ament_cmake_google_benchmark:/work/ubuntu-ros2-dev/install/ament_cmake_test:/work/ubuntu-ros2-dev/install/ament_cmake_target_dependencies:/work/ubuntu-ros2-dev/install/ament_cmake_export_targets:/work/ubuntu-ros2-dev/install/ament_cmake_export_interfaces:/work/ubuntu-ros2-dev/install/ament_cmake_export_dependencies:/work/ubuntu-ros2-dev/install/ament_cmake_version:/work/ubuntu-ros2-dev/install/ament_cmake_python:/work/ubuntu-ros2-dev/install/ament_cmake_libraries:/work/ubuntu-ros2-dev/install/ament_cmake_include_directories:/work/ubuntu-ros2-dev/install/ament_cmake_export_link_flags:/work/ubuntu-ros2-dev/install/ament_cmake_export_libraries:/work/ubuntu-ros2-dev/install/ament_cmake_export_include_directories:/work/ubuntu-ros2-dev/install/ament_cmake_export_definitions:/work/ubuntu-ros2-dev/install/gmock_vendor:/work/ubuntu-ros2-dev/install/ament_cmake_core:/work/ubuntu-ros2-dev/install/osrf_testing_tools_cpp:/work/ubuntu-ros2-dev/install/gtest_vendor:/work/ubuntu-ros2-dev/install/google_benchmark_vendor LD_LIBRARY_PATH=/work/ubuntu-ros2-dev/install/performance_test_fixture/lib:/work/ubuntu-ros2-dev/install/mimick_vendor/opt/mimick_vendor/lib:/work/ubuntu-ros2-dev/install/osrf_testing_tools_cpp/lib:/work/ubuntu-ros2-dev/install/google_benchmark_vendor/lib PATH=/work/ubuntu-ros2-dev/install/ament_uncrustify/bin:/work/ubuntu-ros2-dev/install/uncrustify_vendor/opt/uncrustify_vendor/bin:/work/ubuntu-ros2-dev/install/launch_testing/bin:/work/ubuntu-ros2-dev/install/ament_xmllint/bin:/work/ubuntu-ros2-dev/install/ament_lint_cmake/bin:/work/ubuntu-ros2-dev/install/ament_index_python/bin:/work/ubuntu-ros2-dev/install/ament_cpplint/bin:/work/ubuntu-ros2-dev/install/ament_cppcheck/bin:/work/ubuntu-ros2-dev/install/ament_copyright/bin:/work/ubuntu-ros2-dev/install/ament_pep257/bin:/work/ubuntu-ros2-dev/install/ament_mypy/bin:/work/ubuntu-ros2-dev/install/ament_flake8/bin:/work/ubuntu-ros2-dev/install/ament_pycodestyle/bin:${PATH} PKG_CONFIG_PATH=/work/ubuntu-ros2-dev/install/gmock_vendor/lib/aarch64-linux-gnu/pkgconfig:/work/ubuntu-ros2-dev/install/gmock_vendor/lib/pkgconfig:/work/ubuntu-ros2-dev/install/osrf_testing_tools_cpp/lib/aarch64-linux-gnu/pkgconfig:/work/ubuntu-ros2-dev/install/osrf_testing_tools_cpp/lib/pkgconfig:/work/ubuntu-ros2-dev/install/gtest_vendor/lib/aarch64-linux-gnu/pkgconfig:/work/ubuntu-ros2-dev/install/gtest_vendor/lib/pkgconfig:/work/ubuntu-ros2-dev/install/google_benchmark_vendor/lib/aarch64-linux-gnu/pkgconfig:/work/ubuntu-ros2-dev/install/google_benchmark_vendor/lib/pkgconfig PYTHONPATH=/work/ubuntu-ros2-dev/build/ament_uncrustify:/work/ubuntu-ros2-dev/install/ament_uncrustify/lib/python3.10/site-packages:/work/ubuntu-ros2-dev/build/launch_testing:/work/ubuntu-ros2-dev/install/launch_testing/lib/python3.10/site-packages:/work/ubuntu-ros2-dev/build/launch_yaml:/work/ubuntu-ros2-dev/install/launch_yaml/lib/python3.10/site-packages:/work/ubuntu-ros2-dev/build/launch_xml:/work/ubuntu-ros2-dev/install/launch_xml/lib/python3.10/site-packages:/work/ubuntu-ros2-dev/build/launch:/work/ubuntu-ros2-dev/install/launch/lib/python3.10/site-packages:/work/ubuntu-ros2-dev/build/domain_coordinator:/work/ubuntu-ros2-dev/install/domain_coordinator/lib/python3.10/site-packages:/work/ubuntu-ros2-dev/build/ament_xmllint:/work/ubuntu-ros2-dev/install/ament_xmllint/lib/python3.10/site-packages:/work/ubuntu-ros2-dev/build/ament_lint_cmake:/work/ubuntu-ros2-dev/install/ament_lint_cmake/lib/python3.10/site-packages:/work/ubuntu-ros2-dev/build/ament_index_python:/work/ubuntu-ros2-dev/install/ament_index_python/lib/python3.10/site-packages:/work/ubuntu-ros2-dev/build/ament_cpplint:/work/ubuntu-ros2-dev/install/ament_cpplint/lib/python3.10/site-packages:/work/ubuntu-ros2-dev/build/ament_cppcheck:/work/ubuntu-ros2-dev/install/ament_cppcheck/lib/python3.10/site-packages:/work/ubuntu-ros2-dev/install/ament_cmake_google_benchmark/lib/python3.10/site-packages:/work/ubuntu-ros2-dev/build/ament_copyright:/work/ubuntu-ros2-dev/install/ament_copyright/lib/python3.10/site-packages:/work/ubuntu-ros2-dev/install/ament_cmake_test/lib/python3.10/site-packages:/work/ubuntu-ros2-dev/build/ament_pep257:/work/ubuntu-ros2-dev/install/ament_pep257/lib/python3.10/site-packages:/work/ubuntu-ros2-dev/build/ament_mypy:/work/ubuntu-ros2-dev/install/ament_mypy/lib/python3.10/site-packages:/work/ubuntu-ros2-dev/build/ament_flake8:/work/ubuntu-ros2-dev/install/ament_flake8/lib/python3.10/site-packages:/work/ubuntu-ros2-dev/build/osrf_pycommon:/work/ubuntu-ros2-dev/install/osrf_pycommon/lib/python3.10/site-packages:/work/ubuntu-ros2-dev/build/ament_pycodestyle:/work/ubuntu-ros2-dev/install/ament_pycodestyle/lib/python3.10/site-packages:/work/ubuntu-ros2-dev/build/ament_package:/work/ubuntu-ros2-dev/install/ament_package/lib/python3.10/site-packages:/work/ubuntu-ros2-dev/build/ament_lint:/work/ubuntu-ros2-dev/install/ament_lint/lib/python3.10/site-packages /usr/bin/cmake --install /work/ubuntu-ros2-dev/build/rcutils
