[0.608s] Invoking command in '/work/ubuntu-ros2-dev/build/ament_package': PYTHONPATH=/work/ubuntu-ros2-dev/build/ament_package/prefix_override:/usr/lib/python3/dist-packages/colcon_core/task/python/colcon_distutils_commands:/work/ubuntu-ros2-dev/install/ament_package/lib/python3.10/site-packages: /usr/bin/python3 -W ignore:setup.py install is deprecated setup.py develop --editable --build-directory /work/ubuntu-ros2-dev/build/ament_package/build --no-deps symlink_data
[0.749s] running develop
[0.749s] /usr/lib/python3/dist-packages/setuptools/command/easy_install.py:158: EasyInstallDeprecationWarning: easy_install command is deprecated. Use build and pip and other standards-based tools.
[0.749s]   warnings.warn(
[0.772s] running egg_info
[0.772s] creating ament_package.egg-info
[0.772s] writing ament_package.egg-info/PKG-INFO
[0.772s] writing dependency_links to ament_package.egg-info/dependency_links.txt
[0.772s] writing top-level names to ament_package.egg-info/top_level.txt
[0.772s] writing manifest file 'ament_package.egg-info/SOURCES.txt'
[0.773s] reading manifest file 'ament_package.egg-info/SOURCES.txt'
[0.773s] writing manifest file 'ament_package.egg-info/SOURCES.txt'
[0.773s] running build_ext
[0.773s] Creating /work/ubuntu-ros2-dev/install/ament_package/lib/python3.10/site-packages/ament-package.egg-link (link to .)
[0.773s] 
[0.773s] Installed /work/ubuntu-ros2-dev/build/ament_package
[0.773s] running symlink_data
[0.773s] symbolically linking /work/ubuntu-ros2-dev/build/ament_package/package.xml -> /work/ubuntu-ros2-dev/install/ament_package/share/ament_package
[0.773s] creating /work/ubuntu-ros2-dev/install/ament_package/share/ament_index
[0.773s] creating /work/ubuntu-ros2-dev/install/ament_package/share/ament_index/resource_index
[0.773s] creating /work/ubuntu-ros2-dev/install/ament_package/share/ament_index/resource_index/packages
[0.773s] symbolically linking /work/ubuntu-ros2-dev/build/ament_package/resource/ament_package -> /work/ubuntu-ros2-dev/install/ament_package/share/ament_index/resource_index/packages
[0.986s] Invoked command in '/work/ubuntu-ros2-dev/build/ament_package' returned '0': PYTHONPATH=/work/ubuntu-ros2-dev/build/ament_package/prefix_override:/usr/lib/python3/dist-packages/colcon_core/task/python/colcon_distutils_commands:/work/ubuntu-ros2-dev/install/ament_package/lib/python3.10/site-packages: /usr/bin/python3 -W ignore:setup.py install is deprecated setup.py develop --editable --build-directory /work/ubuntu-ros2-dev/build/ament_package/build --no-deps symlink_data
