-- The C compiler identification is GNU 11.4.0
-- The CXX compiler identification is GNU 11.4.0
-- Detecting C compiler ABI info
-- Detecting C compiler ABI info - done
-- Check for working C compiler: /usr/bin/cc - skipped
-- Detecting C compile features
-- Detecting C compile features - done
-- Detecting CXX compiler ABI info
-- Detecting CXX compiler ABI info - done
-- Check for working CXX compiler: /usr/bin/c++ - skipped
-- Detecting CXX compile features
-- Detecting CXX compile features - done
-- Found ament_cmake_ros: 0.12.0 (/work/ubuntu-ros2-dev/install/ament_cmake_ros/share/ament_cmake_ros/cmake)
-- Found Python3: /usr/bin/python3 (found version "3.10.12") found components: Interpreter 
-- Override CMake install command with custom implementation using symlinks instead of copying resources
-- Found rviz_ogre_vendor: 14.1.5 (/work/ubuntu-ros2-dev/install/rviz_ogre_vendor/share/rviz_ogre_vendor/cmake)
-- Setting OGRE_DIR to: '/work/ubuntu-ros2-dev/install/rviz_ogre_vendor/share/rviz_ogre_vendor/cmake/../../../opt/rviz_ogre_vendor/lib/OGRE/cmake'
-- Found OGRE
--   static     : OFF
--   components : MeshLodGenerator;Overlay;Paging;Property;RTShaderSystem;Terrain;Volume
--   plugins    : Plugin_BSPSceneManager;Plugin_OctreeSceneManager;Plugin_PCZSceneManager;Plugin_ParticleFX;RenderSystem_GL;RenderSystem_GL3Plus;Codec_STBI;Codec_EXR
--   media      : /work/ubuntu-ros2-dev/install/rviz_ogre_vendor/opt/rviz_ogre_vendor/share/OGRE/Media
-- OGRE_LIBRARIES: OgreMeshLodGenerator;OgreOverlay;OgrePaging;OgreProperty;OgreRTShaderSystem;OgreTerrain;OgreVolume;OgreMain
-- OGRE_LIBRARY_DIRS: /work/ubuntu-ros2-dev/install/rviz_ogre_vendor/opt/rviz_ogre_vendor/lib
-- OGRE_PLUGINS: Plugin_BSPSceneManager;Plugin_OctreeSceneManager;Plugin_PCZSceneManager;Plugin_ParticleFX;RenderSystem_GL;RenderSystem_GL3Plus;Codec_STBI;Codec_EXR
-- OGRE_PLUGIN_DIR: /work/ubuntu-ros2-dev/install/rviz_ogre_vendor/opt/rviz_ogre_vendor/lib/OGRE
-- rviz_ogre_vendor::OgreOverlay for IMPORTED_LOCATION_RELEASE: /work/ubuntu-ros2-dev/install/rviz_ogre_vendor/opt/rviz_ogre_vendor/lib/libOgreOverlay.so
-- rviz_ogre_vendor::OgreOverlay for IMPORTED_LOCATION_DEBUG: /work/ubuntu-ros2-dev/install/rviz_ogre_vendor/opt/rviz_ogre_vendor/lib/libOgreOverlay.so
-- rviz_ogre_vendor::OgreMain for IMPORTED_LOCATION_RELEASE: /work/ubuntu-ros2-dev/install/rviz_ogre_vendor/opt/rviz_ogre_vendor/lib/libOgreMain.so
-- rviz_ogre_vendor::OgreMain for IMPORTED_LOCATION_DEBUG: /work/ubuntu-ros2-dev/install/rviz_ogre_vendor/opt/rviz_ogre_vendor/lib/libOgreMain.so
-- Could not find freeimage library
-- Found ZLIB: /usr/lib/aarch64-linux-gnu/libz.so (found version "1.2.11") 
-- Found OpenGL: /usr/lib/aarch64-linux-gnu/libOpenGL.so   
-- Found X11: /usr/include   
-- Looking for XOpenDisplay in /usr/lib/aarch64-linux-gnu/libX11.so;/usr/lib/aarch64-linux-gnu/libXext.so
-- Looking for XOpenDisplay in /usr/lib/aarch64-linux-gnu/libX11.so;/usr/lib/aarch64-linux-gnu/libXext.so - found
-- Looking for gethostbyname
-- Looking for gethostbyname - found
-- Looking for connect
-- Looking for connect - found
-- Looking for remove
-- Looking for remove - found
-- Looking for shmat
-- Looking for shmat - found
-- Looking for IceConnectionNumber in ICE
-- Looking for IceConnectionNumber in ICE - found
-- Found rviz_assimp_vendor: 14.1.5 (/work/ubuntu-ros2-dev/install/rviz_assimp_vendor/share/rviz_assimp_vendor/cmake)
-- Setting assimp_DIR to: '/work/ubuntu-ros2-dev/install/rviz_assimp_vendor/share/rviz_assimp_vendor/cmake/../../../opt/rviz_assimp_vendor/lib/cmake/assimp-5.3'
-- Found ament_index_cpp: 1.8.1 (/work/ubuntu-ros2-dev/install/ament_index_cpp/share/ament_index_cpp/cmake)
-- Found eigen3_cmake_module: 0.3.0 (/work/ubuntu-ros2-dev/install/eigen3_cmake_module/share/eigen3_cmake_module/cmake)
-- Found Eigen3: TRUE (found version "3.4.0") 
-- Found resource_retriever: 3.4.3 (/work/ubuntu-ros2-dev/install/resource_retriever/share/resource_retriever/cmake)
-- Found ament_lint_auto: 0.17.1 (/work/ubuntu-ros2-dev/install/ament_lint_auto/share/ament_lint_auto/cmake)
-- Found gmock sources under '/work/ubuntu-ros2-dev/install/gmock_vendor/src/gmock_vendor': C++ tests using 'Google Mock' will be built
-- Found gtest sources under '/work/ubuntu-ros2-dev/install/gtest_vendor/src/gtest_vendor': C++ tests using 'Google Test' will be built
-- Added test 'cppcheck' to perform static code analysis on C / C++ code
-- Configured cppcheck include dirs: $<BUILD_INTERFACE:/work/ubuntu-ros2-dev/src/ros2/rviz/rviz_rendering/include>
-- Configured cppcheck exclude dirs and/or files: 
-- Added test 'cpplint' to check C / C++ code against the Google style
-- Configured cpplint exclude dirs and/or files: 
-- Added test 'lint_cmake' to check CMake code style
-- Added test 'uncrustify' to check C / C++ code style
-- Configured uncrustify additional arguments: 
-- Added test 'xmllint' to check XML markup files
-- Configuring done
-- Generating done
-- Build files have been written to: /work/ubuntu-ros2-dev/build/rviz_rendering
[  1%] [34m[1mGenerating include/rviz_rendering/moc_render_window.cpp[0m
[  2%] [32mBuilding CXX object gmock/CMakeFiles/gmock.dir/work/ubuntu-ros2-dev/install/gtest_vendor/src/gtest_vendor/src/gtest-all.cc.o[0m
[  4%] [32mBuilding CXX object gmock/CMakeFiles/gmock.dir/src/gmock-all.cc.o[0m
[  5%] [32mBuilding CXX object gmock/CMakeFiles/gmock_main.dir/src/gmock_main.cc.o[0m
[  7%] [32mBuilding CXX object CMakeFiles/rviz_rendering.dir/src/rviz_rendering/apply_visibility_bits.cpp.o[0m
[  8%] [32mBuilding CXX object CMakeFiles/rviz_rendering.dir/src/rviz_rendering/geometry.cpp.o[0m
[ 10%] [32mBuilding CXX object CMakeFiles/rviz_rendering.dir/include/rviz_rendering/moc_render_window.cpp.o[0m
[ 11%] [32mBuilding CXX object CMakeFiles/rviz_rendering.dir/src/rviz_rendering/logging.cpp.o[0m
[ 13%] [32mBuilding CXX object CMakeFiles/rviz_rendering.dir/src/rviz_rendering/material_manager.cpp.o[0m
[ 14%] [32m[1mLinking CXX static library libgmock_main.a[0m
[ 14%] Built target gmock_main
[ 16%] [32mBuilding CXX object CMakeFiles/rviz_rendering.dir/src/rviz_rendering/objects/mesh_shape.cpp.o[0m
[ 17%] [32mBuilding CXX object CMakeFiles/rviz_rendering.dir/src/rviz_rendering/mesh_loader.cpp.o[0m
[ 19%] [32mBuilding CXX object CMakeFiles/rviz_rendering.dir/src/rviz_rendering/render_window.cpp.o[0m
[ 20%] [32m[1mLinking CXX static library libgmock.a[0m
[ 20%] Built target gmock
[ 22%] [32mBuilding CXX object CMakeFiles/rviz_rendering.dir/src/rviz_rendering/mesh_loader_helpers/assimp_loader.cpp.o[0m
[ 23%] [32mBuilding CXX object CMakeFiles/rviz_rendering.dir/src/rviz_rendering/string_helper.cpp.o[0m
[ 25%] [32mBuilding CXX object CMakeFiles/rviz_rendering.dir/src/rviz_rendering/objects/arrow.cpp.o[0m
[ 26%] [32mBuilding CXX object CMakeFiles/rviz_rendering.dir/src/rviz_rendering/objects/axes.cpp.o[0m
[ 28%] [32mBuilding CXX object CMakeFiles/rviz_rendering.dir/src/rviz_rendering/objects/billboard_line.cpp.o[0m
[ 29%] [32mBuilding CXX object CMakeFiles/rviz_rendering.dir/src/rviz_rendering/objects/covariance_visual.cpp.o[0m
[ 31%] [32mBuilding CXX object CMakeFiles/rviz_rendering.dir/src/rviz_rendering/objects/effort_visual.cpp.o[0m
[ 32%] [32mBuilding CXX object CMakeFiles/rviz_rendering.dir/src/rviz_rendering/resource_config.cpp.o[0m
[ 34%] [32mBuilding CXX object CMakeFiles/rviz_rendering.dir/src/rviz_rendering/objects/grid.cpp.o[0m
[ 35%] [32mBuilding CXX object CMakeFiles/rviz_rendering.dir/src/rviz_rendering/objects/line.cpp.o[0m
[ 37%] [32mBuilding CXX object CMakeFiles/rviz_rendering.dir/src/rviz_rendering/render_system.cpp.o[0m
[ 38%] [32mBuilding CXX object CMakeFiles/rviz_rendering.dir/src/rviz_rendering/objects/movable_text.cpp.o[0m
[ 40%] [32mBuilding CXX object CMakeFiles/rviz_rendering.dir/src/rviz_rendering/objects/object.cpp.o[0m
[ 41%] [32mBuilding CXX object CMakeFiles/rviz_rendering.dir/src/rviz_rendering/objects/point_cloud.cpp.o[0m
[ 43%] [32mBuilding CXX object CMakeFiles/rviz_rendering.dir/src/rviz_rendering/objects/point_cloud_renderable.cpp.o[0m
[ 44%] [32mBuilding CXX object CMakeFiles/rviz_rendering.dir/src/rviz_rendering/objects/screw_visual.cpp.o[0m
[ 46%] [32mBuilding CXX object CMakeFiles/rviz_rendering.dir/src/rviz_rendering/objects/shape.cpp.o[0m
[ 47%] [32mBuilding CXX object CMakeFiles/rviz_rendering.dir/src/rviz_rendering/objects/triangle_polygon.cpp.o[0m
[ 49%] [32mBuilding CXX object CMakeFiles/rviz_rendering.dir/src/rviz_rendering/objects/wrench_visual.cpp.o[0m
[ 50%] [32mBuilding CXX object CMakeFiles/rviz_rendering.dir/src/rviz_rendering/orthographic.cpp.o[0m
[ 52%] [32mBuilding CXX object CMakeFiles/rviz_rendering.dir/src/rviz_rendering/ogre_render_window_impl.cpp.o[0m
[ 53%] [32mBuilding CXX object CMakeFiles/rviz_rendering.dir/src/rviz_rendering/ogre_logging.cpp.o[0m
[ 55%] [32mBuilding CXX object CMakeFiles/rviz_rendering.dir/src/rviz_rendering/viewport_projection_finder.cpp.o[0m
[ 56%] [32m[1mLinking CXX shared library librviz_rendering.so[0m
[ 56%] Built target rviz_rendering
[ 61%] [32mBuilding CXX object CMakeFiles/rviz_rendering_test_utils.dir/test/rviz_rendering/scene_graph_introspection.cpp.o[0m
[ 61%] [32mBuilding CXX object CMakeFiles/rviz_rendering_test_utils.dir/test/rviz_rendering/ogre_testing_environment.cpp.o[0m
[ 61%] [32mBuilding CXX object CMakeFiles/string_helper_test.dir/test/rviz_rendering/string_helper_test.cpp.o[0m
[ 62%] [32m[1mLinking CXX executable string_helper_test[0m
[ 62%] Built target string_helper_test
[ 64%] [32m[1mLinking CXX shared library librviz_rendering_test_utils.so[0m
[ 64%] Built target rviz_rendering_test_utils
[ 65%] [32mBuilding CXX object CMakeFiles/point_cloud_renderable_test_target.dir/test/rviz_rendering/objects/point_cloud_renderable_test.cpp.o[0m
[ 67%] [32mBuilding CXX object CMakeFiles/billboard_line_test_target.dir/test/rviz_rendering/objects/billboard_line_test.cpp.o[0m
[ 68%] [32mBuilding CXX object CMakeFiles/point_cloud_test_target.dir/test/rviz_rendering/objects/point_cloud_test.cpp.o[0m
[ 70%] [32mBuilding CXX object CMakeFiles/line_test_target.dir/test/rviz_rendering/objects/line_test.cpp.o[0m
[ 71%] [32mBuilding CXX object CMakeFiles/movable_text_test_target.dir/test/rviz_rendering/objects/movable_text_test.cpp.o[0m
[ 73%] [32mBuilding CXX object CMakeFiles/grid_test_target.dir/test/rviz_rendering/objects/grid_test.cpp.o[0m
[ 74%] [32mBuilding CXX object CMakeFiles/effort_visual_test_target.dir/test/rviz_rendering/objects/effort_visual_test.cpp.o[0m
[ 76%] [32m[1mLinking CXX executable point_cloud_renderable_test_target[0m
[ 77%] [32mBuilding CXX object CMakeFiles/covariance_visual_test_target.dir/test/rviz_rendering/objects/covariance_visual_test.cpp.o[0m
[ 79%] [32m[1mLinking CXX executable billboard_line_test_target[0m
[ 79%] Built target point_cloud_renderable_test_target
[ 79%] Built target billboard_line_test_target
[ 80%] [32m[1mLinking CXX executable movable_text_test_target[0m
[ 80%] Built target movable_text_test_target
[ 82%] [32m[1mLinking CXX executable grid_test_target[0m
[ 83%] [32m[1mLinking CXX executable line_test_target[0m
[ 83%] Built target grid_test_target
[ 83%] Built target line_test_target
[ 85%] [32m[1mLinking CXX executable effort_visual_test_target[0m
[ 86%] [32m[1mLinking CXX executable point_cloud_test_target[0m
[ 86%] Built target effort_visual_test_target
[ 86%] Built target point_cloud_test_target
[ 88%] [32m[1mLinking CXX executable covariance_visual_test_target[0m
[ 88%] Built target covariance_visual_test_target
[ 89%] [32mBuilding CXX object CMakeFiles/mesh_shape_visual_test_target.dir/test/rviz_rendering/mesh_shape_test.cpp.o[0m
[ 91%] [32m[1mLinking CXX executable mesh_shape_visual_test_target[0m
[ 91%] Built target mesh_shape_visual_test_target
[ 92%] [32mBuilding CXX object CMakeFiles/wrench_visual_test_target.dir/test/rviz_rendering/objects/wrench_visual_test.cpp.o[0m
[ 94%] [32m[1mLinking CXX executable wrench_visual_test_target[0m
[ 94%] Built target wrench_visual_test_target
[ 95%] [32mBuilding CXX object CMakeFiles/triangle_polygon_visual_test_target.dir/test/rviz_rendering/objects/triangle_polygon_test.cpp.o[0m
[ 97%] [32m[1mLinking CXX executable triangle_polygon_visual_test_target[0m
[ 97%] Built target triangle_polygon_visual_test_target
[ 98%] [32mBuilding CXX object CMakeFiles/screw_visual_test_target.dir/test/rviz_rendering/objects/screw_visual_test.cpp.o[0m
[100%] [32m[1mLinking CXX executable screw_visual_test_target[0m
[100%] Built target screw_visual_test_target
-- Install configuration: ""
-- Execute custom install script
-- Symlinking: /work/ubuntu-ros2-dev/install/rviz_rendering/share/rviz_rendering/environment/library_path.sh
-- Symlinking: /work/ubuntu-ros2-dev/install/rviz_rendering/share/rviz_rendering/environment/library_path.dsv
-- Symlinking: /work/ubuntu-ros2-dev/install/rviz_rendering/include/rviz_rendering/rviz_rendering/apply_visibility_bits.hpp
-- Symlinking: /work/ubuntu-ros2-dev/install/rviz_rendering/include/rviz_rendering/rviz_rendering/custom_parameter_indices.hpp
-- Symlinking: /work/ubuntu-ros2-dev/install/rviz_rendering/include/rviz_rendering/rviz_rendering/geometry.hpp
-- Symlinking: /work/ubuntu-ros2-dev/install/rviz_rendering/include/rviz_rendering/rviz_rendering/logging.hpp
-- Symlinking: /work/ubuntu-ros2-dev/install/rviz_rendering/include/rviz_rendering/rviz_rendering/logging_handler.hpp
-- Symlinking: /work/ubuntu-ros2-dev/install/rviz_rendering/include/rviz_rendering/rviz_rendering/material_manager.hpp
-- Symlinking: /work/ubuntu-ros2-dev/install/rviz_rendering/include/rviz_rendering/rviz_rendering/mesh_loader.hpp
-- Symlinking: /work/ubuntu-ros2-dev/install/rviz_rendering/include/rviz_rendering/rviz_rendering/objects/arrow.hpp
-- Symlinking: /work/ubuntu-ros2-dev/install/rviz_rendering/include/rviz_rendering/rviz_rendering/objects/axes.hpp
-- Symlinking: /work/ubuntu-ros2-dev/install/rviz_rendering/include/rviz_rendering/rviz_rendering/objects/billboard_line.hpp
-- Symlinking: /work/ubuntu-ros2-dev/install/rviz_rendering/include/rviz_rendering/rviz_rendering/objects/covariance_visual.hpp
-- Symlinking: /work/ubuntu-ros2-dev/install/rviz_rendering/include/rviz_rendering/rviz_rendering/objects/effort_visual.hpp
-- Symlinking: /work/ubuntu-ros2-dev/install/rviz_rendering/include/rviz_rendering/rviz_rendering/objects/grid.hpp
-- Symlinking: /work/ubuntu-ros2-dev/install/rviz_rendering/include/rviz_rendering/rviz_rendering/objects/line.hpp
-- Symlinking: /work/ubuntu-ros2-dev/install/rviz_rendering/include/rviz_rendering/rviz_rendering/objects/mesh_shape.hpp
-- Symlinking: /work/ubuntu-ros2-dev/install/rviz_rendering/include/rviz_rendering/rviz_rendering/objects/movable_text.hpp
-- Symlinking: /work/ubuntu-ros2-dev/install/rviz_rendering/include/rviz_rendering/rviz_rendering/objects/object.hpp
-- Symlinking: /work/ubuntu-ros2-dev/install/rviz_rendering/include/rviz_rendering/rviz_rendering/objects/point_cloud.hpp
-- Symlinking: /work/ubuntu-ros2-dev/install/rviz_rendering/include/rviz_rendering/rviz_rendering/objects/point_cloud_renderable.hpp
-- Symlinking: /work/ubuntu-ros2-dev/install/rviz_rendering/include/rviz_rendering/rviz_rendering/objects/screw_visual.hpp
-- Symlinking: /work/ubuntu-ros2-dev/install/rviz_rendering/include/rviz_rendering/rviz_rendering/objects/shape.hpp
-- Symlinking: /work/ubuntu-ros2-dev/install/rviz_rendering/include/rviz_rendering/rviz_rendering/objects/triangle_polygon.hpp
-- Symlinking: /work/ubuntu-ros2-dev/install/rviz_rendering/include/rviz_rendering/rviz_rendering/objects/wrench_visual.hpp
-- Symlinking: /work/ubuntu-ros2-dev/install/rviz_rendering/include/rviz_rendering/rviz_rendering/ogre_logging.hpp
-- Symlinking: /work/ubuntu-ros2-dev/install/rviz_rendering/include/rviz_rendering/rviz_rendering/orthographic.hpp
-- Symlinking: /work/ubuntu-ros2-dev/install/rviz_rendering/include/rviz_rendering/rviz_rendering/render_system.hpp
-- Symlinking: /work/ubuntu-ros2-dev/install/rviz_rendering/include/rviz_rendering/rviz_rendering/render_window.hpp
-- Symlinking: /work/ubuntu-ros2-dev/install/rviz_rendering/include/rviz_rendering/rviz_rendering/resource_config.hpp
-- Symlinking: /work/ubuntu-ros2-dev/install/rviz_rendering/include/rviz_rendering/rviz_rendering/rviz_rendering.hpp
-- Symlinking: /work/ubuntu-ros2-dev/install/rviz_rendering/include/rviz_rendering/rviz_rendering/viewport_projection_finder.hpp
-- Symlinking: /work/ubuntu-ros2-dev/install/rviz_rendering/include/rviz_rendering/rviz_rendering/visibility_control.hpp
-- Symlinking: /work/ubuntu-ros2-dev/install/rviz_rendering/share/rviz_rendering/cmake/register_rviz_ogre_media_exports.cmake
-- Symlinking: /work/ubuntu-ros2-dev/install/rviz_rendering/share/rviz_rendering/cmake/register_rviz_ogre_media_exports_hook-extras.cmake
-- Symlinking: /work/ubuntu-ros2-dev/install/rviz_rendering/share/rviz_rendering/cmake/register_rviz_ogre_media_exports_hook.cmake
-- Symlinking: /work/ubuntu-ros2-dev/install/rviz_rendering/share/ament_index/resource_index/package_run_dependencies/rviz_rendering
-- Symlinking: /work/ubuntu-ros2-dev/install/rviz_rendering/share/ament_index/resource_index/parent_prefix_path/rviz_rendering
-- Symlinking: /work/ubuntu-ros2-dev/install/rviz_rendering/share/rviz_rendering/environment/ament_prefix_path.sh
-- Symlinking: /work/ubuntu-ros2-dev/install/rviz_rendering/share/rviz_rendering/environment/ament_prefix_path.dsv
-- Symlinking: /work/ubuntu-ros2-dev/install/rviz_rendering/share/rviz_rendering/environment/path.sh
-- Symlinking: /work/ubuntu-ros2-dev/install/rviz_rendering/share/rviz_rendering/environment/path.dsv
-- Symlinking: /work/ubuntu-ros2-dev/install/rviz_rendering/share/rviz_rendering/local_setup.bash
-- Symlinking: /work/ubuntu-ros2-dev/install/rviz_rendering/share/rviz_rendering/local_setup.sh
-- Symlinking: /work/ubuntu-ros2-dev/install/rviz_rendering/share/rviz_rendering/local_setup.zsh
-- Symlinking: /work/ubuntu-ros2-dev/install/rviz_rendering/share/rviz_rendering/local_setup.dsv
-- Symlinking: /work/ubuntu-ros2-dev/install/rviz_rendering/share/rviz_rendering/package.dsv
-- Symlinking: /work/ubuntu-ros2-dev/install/rviz_rendering/share/ament_index/resource_index/packages/rviz_rendering
-- Symlinking: /work/ubuntu-ros2-dev/install/rviz_rendering/share/rviz_rendering/cmake/rviz_rendering-extras.cmake
-- Up-to-date symlink: /work/ubuntu-ros2-dev/install/rviz_rendering/share/rviz_rendering/cmake/register_rviz_ogre_media_exports_hook-extras.cmake
-- Up-to-date symlink: /work/ubuntu-ros2-dev/install/rviz_rendering/share/rviz_rendering/cmake/register_rviz_ogre_media_exports.cmake
-- Symlinking: /work/ubuntu-ros2-dev/install/rviz_rendering/share/rviz_rendering/cmake/ament_cmake_export_dependencies-extras.cmake
-- Symlinking: /work/ubuntu-ros2-dev/install/rviz_rendering/share/rviz_rendering/cmake/ament_cmake_export_include_directories-extras.cmake
-- Symlinking: /work/ubuntu-ros2-dev/install/rviz_rendering/share/rviz_rendering/cmake/ament_cmake_export_libraries-extras.cmake
-- Symlinking: /work/ubuntu-ros2-dev/install/rviz_rendering/share/rviz_rendering/cmake/ament_cmake_export_targets-extras.cmake
-- Symlinking: /work/ubuntu-ros2-dev/install/rviz_rendering/share/rviz_rendering/cmake/rviz_renderingConfig.cmake
-- Symlinking: /work/ubuntu-ros2-dev/install/rviz_rendering/share/rviz_rendering/cmake/rviz_renderingConfig-version.cmake
-- Symlinking: /work/ubuntu-ros2-dev/install/rviz_rendering/share/rviz_rendering/package.xml
-- Installing: /work/ubuntu-ros2-dev/install/rviz_rendering/lib/librviz_rendering.so
-- Set runtime path of "/work/ubuntu-ros2-dev/install/rviz_rendering/lib/librviz_rendering.so" to ""
-- Installing: /work/ubuntu-ros2-dev/install/rviz_rendering/share/rviz_rendering/ogre_media
-- Installing: /work/ubuntu-ros2-dev/install/rviz_rendering/share/rviz_rendering/ogre_media/plugins.cfg
-- Installing: /work/ubuntu-ros2-dev/install/rviz_rendering/share/rviz_rendering/ogre_media/materials
-- Installing: /work/ubuntu-ros2-dev/install/rviz_rendering/share/rviz_rendering/ogre_media/materials/glsl150
-- Installing: /work/ubuntu-ros2-dev/install/rviz_rendering/share/rviz_rendering/ogre_media/materials/glsl150/billboard.geom
-- Installing: /work/ubuntu-ros2-dev/install/rviz_rendering/share/rviz_rendering/ogre_media/materials/glsl150/pass_pos_color.vert
-- Installing: /work/ubuntu-ros2-dev/install/rviz_rendering/share/rviz_rendering/ogre_media/materials/glsl150/box.geom
-- Installing: /work/ubuntu-ros2-dev/install/rviz_rendering/share/rviz_rendering/ogre_media/materials/glsl150/glsl150.program
-- Installing: /work/ubuntu-ros2-dev/install/rviz_rendering/share/rviz_rendering/ogre_media/materials/scripts
-- Installing: /work/ubuntu-ros2-dev/install/rviz_rendering/share/rviz_rendering/ogre_media/materials/scripts/point_cloud_tile.material
-- Installing: /work/ubuntu-ros2-dev/install/rviz_rendering/share/rviz_rendering/ogre_media/materials/scripts/point_cloud_point.material
-- Installing: /work/ubuntu-ros2-dev/install/rviz_rendering/share/rviz_rendering/ogre_media/materials/scripts/indexed_8bit_image.material
-- Installing: /work/ubuntu-ros2-dev/install/rviz_rendering/share/rviz_rendering/ogre_media/materials/scripts/default_pick_and_depth.material
-- Installing: /work/ubuntu-ros2-dev/install/rviz_rendering/share/rviz_rendering/ogre_media/materials/scripts150
-- Installing: /work/ubuntu-ros2-dev/install/rviz_rendering/share/rviz_rendering/ogre_media/materials/scripts150/point_cloud_square.material
-- Installing: /work/ubuntu-ros2-dev/install/rviz_rendering/share/rviz_rendering/ogre_media/materials/scripts150/point_cloud_sphere.material
-- Installing: /work/ubuntu-ros2-dev/install/rviz_rendering/share/rviz_rendering/ogre_media/materials/scripts150/point_cloud_flat_square.material
-- Installing: /work/ubuntu-ros2-dev/install/rviz_rendering/share/rviz_rendering/ogre_media/materials/scripts150/point_cloud_box.material
-- Installing: /work/ubuntu-ros2-dev/install/rviz_rendering/share/rviz_rendering/ogre_media/materials/glsl120
-- Installing: /work/ubuntu-ros2-dev/install/rviz_rendering/share/rviz_rendering/ogre_media/materials/glsl120/glsl120.program
-- Installing: /work/ubuntu-ros2-dev/install/rviz_rendering/share/rviz_rendering/ogre_media/materials/glsl120/nogp
-- Installing: /work/ubuntu-ros2-dev/install/rviz_rendering/share/rviz_rendering/ogre_media/materials/glsl120/nogp/nogp.program
-- Installing: /work/ubuntu-ros2-dev/install/rviz_rendering/share/rviz_rendering/ogre_media/materials/glsl120/nogp/box.vert
-- Installing: /work/ubuntu-ros2-dev/install/rviz_rendering/share/rviz_rendering/ogre_media/materials/glsl120/nogp/billboard_tile.vert
-- Installing: /work/ubuntu-ros2-dev/install/rviz_rendering/share/rviz_rendering/ogre_media/materials/glsl120/nogp/billboard.vert
-- Installing: /work/ubuntu-ros2-dev/install/rviz_rendering/share/rviz_rendering/ogre_media/materials/glsl120/nogp/box.frag
-- Installing: /work/ubuntu-ros2-dev/install/rviz_rendering/share/rviz_rendering/ogre_media/materials/glsl120/depth.vert
-- Installing: /work/ubuntu-ros2-dev/install/rviz_rendering/share/rviz_rendering/ogre_media/materials/glsl120/pass_color_circle.frag
-- Installing: /work/ubuntu-ros2-dev/install/rviz_rendering/share/rviz_rendering/ogre_media/materials/glsl120/include
-- Installing: /work/ubuntu-ros2-dev/install/rviz_rendering/share/rviz_rendering/ogre_media/materials/glsl120/include/pack_depth.frag
-- Installing: /work/ubuntu-ros2-dev/install/rviz_rendering/share/rviz_rendering/ogre_media/materials/glsl120/include/circle_impl.frag
-- Installing: /work/ubuntu-ros2-dev/install/rviz_rendering/share/rviz_rendering/ogre_media/materials/glsl120/include/pass_depth.vert
-- Installing: /work/ubuntu-ros2-dev/install/rviz_rendering/share/rviz_rendering/ogre_media/materials/glsl120/depth_circle.frag
-- Installing: /work/ubuntu-ros2-dev/install/rviz_rendering/share/rviz_rendering/ogre_media/materials/glsl120/indexed_8bit_image.vert
-- Installing: /work/ubuntu-ros2-dev/install/rviz_rendering/share/rviz_rendering/ogre_media/materials/glsl120/pass_color.frag
-- Installing: /work/ubuntu-ros2-dev/install/rviz_rendering/share/rviz_rendering/ogre_media/materials/glsl120/pickcolor.frag
-- Installing: /work/ubuntu-ros2-dev/install/rviz_rendering/share/rviz_rendering/ogre_media/materials/glsl120/smooth_square.frag
-- Installing: /work/ubuntu-ros2-dev/install/rviz_rendering/share/rviz_rendering/ogre_media/materials/glsl120/test_glsl.sh
-- Installing: /work/ubuntu-ros2-dev/install/rviz_rendering/share/rviz_rendering/ogre_media/materials/glsl120/point.vert
-- Installing: /work/ubuntu-ros2-dev/install/rviz_rendering/share/rviz_rendering/ogre_media/materials/glsl120/depth.frag
-- Installing: /work/ubuntu-ros2-dev/install/rviz_rendering/share/rviz_rendering/ogre_media/materials/glsl120/shaded_circle.frag
-- Installing: /work/ubuntu-ros2-dev/install/rviz_rendering/share/rviz_rendering/ogre_media/materials/glsl120/black.frag
-- Installing: /work/ubuntu-ros2-dev/install/rviz_rendering/share/rviz_rendering/ogre_media/materials/glsl120/pickcolor_circle.frag
-- Installing: /work/ubuntu-ros2-dev/install/rviz_rendering/share/rviz_rendering/ogre_media/materials/glsl120/flat_color_circle.frag
-- Installing: /work/ubuntu-ros2-dev/install/rviz_rendering/share/rviz_rendering/ogre_media/materials/glsl120/flat_color.frag
-- Installing: /work/ubuntu-ros2-dev/install/rviz_rendering/share/rviz_rendering/ogre_media/materials/glsl120/indexed_8bit_image.frag
-- Installing: /work/ubuntu-ros2-dev/install/rviz_rendering/share/rviz_rendering/ogre_media/materials/scripts120
-- Installing: /work/ubuntu-ros2-dev/install/rviz_rendering/share/rviz_rendering/ogre_media/materials/scripts120/point_cloud_square.material
-- Installing: /work/ubuntu-ros2-dev/install/rviz_rendering/share/rviz_rendering/ogre_media/materials/scripts120/point_cloud_sphere.material
-- Installing: /work/ubuntu-ros2-dev/install/rviz_rendering/share/rviz_rendering/ogre_media/materials/scripts120/point_cloud_flat_square.material
-- Installing: /work/ubuntu-ros2-dev/install/rviz_rendering/share/rviz_rendering/ogre_media/materials/scripts120/point_cloud_box.material
-- Installing: /work/ubuntu-ros2-dev/install/rviz_rendering/share/rviz_rendering/ogre_media/fonts
-- Installing: /work/ubuntu-ros2-dev/install/rviz_rendering/share/rviz_rendering/ogre_media/fonts/liberation-sans
-- Installing: /work/ubuntu-ros2-dev/install/rviz_rendering/share/rviz_rendering/ogre_media/fonts/liberation-sans/LiberationSans-Italic.ttf
-- Installing: /work/ubuntu-ros2-dev/install/rviz_rendering/share/rviz_rendering/ogre_media/fonts/liberation-sans/LiberationSans-Regular.ttf
-- Installing: /work/ubuntu-ros2-dev/install/rviz_rendering/share/rviz_rendering/ogre_media/fonts/liberation-sans/LiberationSans-Bold.ttf
-- Installing: /work/ubuntu-ros2-dev/install/rviz_rendering/share/rviz_rendering/ogre_media/fonts/liberation-sans/LiberationSans-BoldItalic.ttf
-- Installing: /work/ubuntu-ros2-dev/install/rviz_rendering/share/rviz_rendering/ogre_media/fonts/liberation-sans/SIL Open Font License.txt
-- Installing: /work/ubuntu-ros2-dev/install/rviz_rendering/share/rviz_rendering/ogre_media/fonts/README.md
-- Installing: /work/ubuntu-ros2-dev/install/rviz_rendering/share/rviz_rendering/ogre_media/fonts/liberation_sans.fontdef
-- Installing: /work/ubuntu-ros2-dev/install/rviz_rendering/share/rviz_rendering/ogre_media/models
-- Installing: /work/ubuntu-ros2-dev/install/rviz_rendering/share/rviz_rendering/ogre_media/models/rviz_cone.mesh
-- Installing: /work/ubuntu-ros2-dev/install/rviz_rendering/share/rviz_rendering/ogre_media/models/rviz_cylinder.mesh
-- Installing: /work/ubuntu-ros2-dev/install/rviz_rendering/share/rviz_rendering/ogre_media/models/rviz_sphere.mesh
-- Installing: /work/ubuntu-ros2-dev/install/rviz_rendering/share/rviz_rendering/ogre_media/models/rviz_cube.mesh
-- Installing: /work/ubuntu-ros2-dev/install/rviz_rendering/share/rviz_rendering/ogre_media/textures
-- Installing: /work/ubuntu-ros2-dev/install/rviz_rendering/share/rviz_rendering/ogre_media/textures/no_image.png
-- Installing: /work/ubuntu-ros2-dev/install/rviz_rendering/share/rviz_rendering/ogre_media/textures/test_20x20.png
-- Installing: /work/ubuntu-ros2-dev/install/rviz_rendering/share/rviz_rendering/cmake/rviz_renderingExport.cmake
-- Installing: /work/ubuntu-ros2-dev/install/rviz_rendering/share/rviz_rendering/cmake/rviz_renderingExport-noconfig.cmake
