[0.073s] Invoking command in '/work/ubuntu-ros2-dev/build/rviz_rendering': AMENT_PREFIX_PATH=/work/ubuntu-ros2-dev/install/resource_retriever:/work/ubuntu-ros2-dev/install/python_cmake_module:/work/ubuntu-ros2-dev/install/ament_index_cpp:/work/ubuntu-ros2-dev/install/ament_cmake_ros:/work/ubuntu-ros2-dev/install/ament_lint_common:/work/ubuntu-ros2-dev/install/ament_cmake_uncrustify:/work/ubuntu-ros2-dev/install/rviz_ogre_vendor:/work/ubuntu-ros2-dev/install/rviz_assimp_vendor:/work/ubuntu-ros2-dev/install/ament_uncrustify:/work/ubuntu-ros2-dev/install/uncrustify_vendor:/work/ubuntu-ros2-dev/install/libcurl_vendor:/work/ubuntu-ros2-dev/install/eigen3_cmake_module:/work/ubuntu-ros2-dev/install/ament_cmake_xmllint:/work/ubuntu-ros2-dev/install/ament_cmake_pep257:/work/ubuntu-ros2-dev/install/ament_cmake_flake8:/work/ubuntu-ros2-dev/install/ament_cmake_cpplint:/work/ubuntu-ros2-dev/install/ament_cmake_cppcheck:/work/ubuntu-ros2-dev/install/ament_cmake_copyright:/work/ubuntu-ros2-dev/install/ament_cmake:/work/ubuntu-ros2-dev/install/ament_cmake_lint_cmake:/work/ubuntu-ros2-dev/install/ament_cmake_gmock:/work/ubuntu-ros2-dev/install/ament_cmake_gen_version_h:/work/ubuntu-ros2-dev/install/domain_coordinator:/work/ubuntu-ros2-dev/install/ament_xmllint:/work/ubuntu-ros2-dev/install/ament_lint_cmake:/work/ubuntu-ros2-dev/install/ament_lint_auto:/work/ubuntu-ros2-dev/install/ament_index_python:/work/ubuntu-ros2-dev/install/ament_cpplint:/work/ubuntu-ros2-dev/install/ament_cppcheck:/work/ubuntu-ros2-dev/install/ament_cmake_vendor_package:/work/ubuntu-ros2-dev/install/ament_cmake_pytest:/work/ubuntu-ros2-dev/install/ament_cmake_gtest:/work/ubuntu-ros2-dev/install/ament_copyright:/work/ubuntu-ros2-dev/install/ament_cmake_test:/work/ubuntu-ros2-dev/install/ament_cmake_target_dependencies:/work/ubuntu-ros2-dev/install/ament_cmake_export_targets:/work/ubuntu-ros2-dev/install/ament_cmake_export_interfaces:/work/ubuntu-ros2-dev/install/ament_cmake_export_dependencies:/work/ubuntu-ros2-dev/install/ament_pep257:/work/ubuntu-ros2-dev/install/ament_cmake_version:/work/ubuntu-ros2-dev/install/ament_cmake_python:/work/ubuntu-ros2-dev/install/ament_cmake_libraries:/work/ubuntu-ros2-dev/install/ament_cmake_include_directories:/work/ubuntu-ros2-dev/install/ament_cmake_export_link_flags:/work/ubuntu-ros2-dev/install/ament_cmake_export_libraries:/work/ubuntu-ros2-dev/install/ament_cmake_export_include_directories:/work/ubuntu-ros2-dev/install/ament_cmake_export_definitions:/work/ubuntu-ros2-dev/install/ament_flake8:/work/ubuntu-ros2-dev/install/ament_cmake_core:/work/ubuntu-ros2-dev/install/ament_pycodestyle:/work/ubuntu-ros2-dev/install/ament_package:/work/ubuntu-ros2-dev/install/ament_lint CMAKE_PREFIX_PATH=/work/ubuntu-ros2-dev/install/resource_retriever:/work/ubuntu-ros2-dev/install/python_cmake_module:/work/ubuntu-ros2-dev/install/ament_index_cpp:/work/ubuntu-ros2-dev/install/ament_cmake_ros:/work/ubuntu-ros2-dev/install/ament_lint_common:/work/ubuntu-ros2-dev/install/ament_cmake_uncrustify:/work/ubuntu-ros2-dev/install/rviz_ogre_vendor:/work/ubuntu-ros2-dev/install/rviz_assimp_vendor:/work/ubuntu-ros2-dev/install/uncrustify_vendor:/work/ubuntu-ros2-dev/install/libcurl_vendor:/work/ubuntu-ros2-dev/install/eigen3_cmake_module:/work/ubuntu-ros2-dev/install/ament_cmake_xmllint:/work/ubuntu-ros2-dev/install/ament_cmake_pep257:/work/ubuntu-ros2-dev/install/ament_cmake_flake8:/work/ubuntu-ros2-dev/install/ament_cmake_cpplint:/work/ubuntu-ros2-dev/install/ament_cmake_cppcheck:/work/ubuntu-ros2-dev/install/ament_cmake_copyright:/work/ubuntu-ros2-dev/install/ament_cmake:/work/ubuntu-ros2-dev/install/ament_cmake_lint_cmake:/work/ubuntu-ros2-dev/install/ament_cmake_gmock:/work/ubuntu-ros2-dev/install/ament_cmake_gen_version_h:/work/ubuntu-ros2-dev/install/ament_lint_auto:/work/ubuntu-ros2-dev/install/ament_cmake_vendor_package:/work/ubuntu-ros2-dev/install/ament_cmake_pytest:/work/ubuntu-ros2-dev/install/ament_cmake_gtest:/work/ubuntu-ros2-dev/install/ament_cmake_test:/work/ubuntu-ros2-dev/install/ament_cmake_target_dependencies:/work/ubuntu-ros2-dev/install/ament_cmake_export_targets:/work/ubuntu-ros2-dev/install/ament_cmake_export_interfaces:/work/ubuntu-ros2-dev/install/ament_cmake_export_dependencies:/work/ubuntu-ros2-dev/install/ament_cmake_version:/work/ubuntu-ros2-dev/install/ament_cmake_python:/work/ubuntu-ros2-dev/install/ament_cmake_libraries:/work/ubuntu-ros2-dev/install/ament_cmake_include_directories:/work/ubuntu-ros2-dev/install/ament_cmake_export_link_flags:/work/ubuntu-ros2-dev/install/ament_cmake_export_libraries:/work/ubuntu-ros2-dev/install/ament_cmake_export_include_directories:/work/ubuntu-ros2-dev/install/ament_cmake_export_definitions:/work/ubuntu-ros2-dev/install/gmock_vendor:/work/ubuntu-ros2-dev/install/ament_cmake_core:/work/ubuntu-ros2-dev/install/gtest_vendor LD_LIBRARY_PATH=/work/ubuntu-ros2-dev/install/resource_retriever/lib:/work/ubuntu-ros2-dev/install/ament_index_cpp/lib:/work/ubuntu-ros2-dev/install/rviz_ogre_vendor/opt/rviz_ogre_vendor/lib PATH=/work/ubuntu-ros2-dev/install/ament_uncrustify/bin:/work/ubuntu-ros2-dev/install/uncrustify_vendor/opt/uncrustify_vendor/bin:/work/ubuntu-ros2-dev/install/ament_xmllint/bin:/work/ubuntu-ros2-dev/install/ament_lint_cmake/bin:/work/ubuntu-ros2-dev/install/ament_index_python/bin:/work/ubuntu-ros2-dev/install/ament_cpplint/bin:/work/ubuntu-ros2-dev/install/ament_cppcheck/bin:/work/ubuntu-ros2-dev/install/ament_copyright/bin:/work/ubuntu-ros2-dev/install/ament_pep257/bin:/work/ubuntu-ros2-dev/install/ament_flake8/bin:/work/ubuntu-ros2-dev/install/ament_pycodestyle/bin:${PATH} PKG_CONFIG_PATH=/work/ubuntu-ros2-dev/install/gmock_vendor/lib/aarch64-linux-gnu/pkgconfig:/work/ubuntu-ros2-dev/install/gmock_vendor/lib/pkgconfig:/work/ubuntu-ros2-dev/install/gtest_vendor/lib/aarch64-linux-gnu/pkgconfig:/work/ubuntu-ros2-dev/install/gtest_vendor/lib/pkgconfig PYTHONPATH=/work/ubuntu-ros2-dev/install/resource_retriever/lib/python3.10/site-packages:/work/ubuntu-ros2-dev/build/ament_uncrustify:/work/ubuntu-ros2-dev/install/ament_uncrustify/lib/python3.10/site-packages:/work/ubuntu-ros2-dev/build/domain_coordinator:/work/ubuntu-ros2-dev/install/domain_coordinator/lib/python3.10/site-packages:/work/ubuntu-ros2-dev/build/ament_xmllint:/work/ubuntu-ros2-dev/install/ament_xmllint/lib/python3.10/site-packages:/work/ubuntu-ros2-dev/build/ament_lint_cmake:/work/ubuntu-ros2-dev/install/ament_lint_cmake/lib/python3.10/site-packages:/work/ubuntu-ros2-dev/build/ament_index_python:/work/ubuntu-ros2-dev/install/ament_index_python/lib/python3.10/site-packages:/work/ubuntu-ros2-dev/build/ament_cpplint:/work/ubuntu-ros2-dev/install/ament_cpplint/lib/python3.10/site-packages:/work/ubuntu-ros2-dev/build/ament_cppcheck:/work/ubuntu-ros2-dev/install/ament_cppcheck/lib/python3.10/site-packages:/work/ubuntu-ros2-dev/build/ament_copyright:/work/ubuntu-ros2-dev/install/ament_copyright/lib/python3.10/site-packages:/work/ubuntu-ros2-dev/install/ament_cmake_test/lib/python3.10/site-packages:/work/ubuntu-ros2-dev/build/ament_pep257:/work/ubuntu-ros2-dev/install/ament_pep257/lib/python3.10/site-packages:/work/ubuntu-ros2-dev/build/ament_flake8:/work/ubuntu-ros2-dev/install/ament_flake8/lib/python3.10/site-packages:/work/ubuntu-ros2-dev/build/ament_pycodestyle:/work/ubuntu-ros2-dev/install/ament_pycodestyle/lib/python3.10/site-packages:/work/ubuntu-ros2-dev/build/ament_package:/work/ubuntu-ros2-dev/install/ament_package/lib/python3.10/site-packages:/work/ubuntu-ros2-dev/build/ament_lint:/work/ubuntu-ros2-dev/install/ament_lint/lib/python3.10/site-packages /usr/bin/cmake /work/ubuntu-ros2-dev/src/ros2/rviz/rviz_rendering -DAMENT_CMAKE_SYMLINK_INSTALL=1 -DCMAKE_INSTALL_PREFIX=/work/ubuntu-ros2-dev/install/rviz_rendering
[0.104s] -- The C compiler identification is GNU 11.4.0
[0.135s] -- The CXX compiler identification is GNU 11.4.0
[0.139s] -- Detecting C compiler ABI info
[0.174s] -- Detecting C compiler ABI info - done
[0.178s] -- Check for working C compiler: /usr/bin/cc - skipped
[0.178s] -- Detecting C compile features
[0.178s] -- Detecting C compile features - done
[0.180s] -- Detecting CXX compiler ABI info
[0.218s] -- Detecting CXX compiler ABI info - done
[0.222s] -- Check for working CXX compiler: /usr/bin/c++ - skipped
[0.222s] -- Detecting CXX compile features
[0.222s] -- Detecting CXX compile features - done
[0.224s] -- Found ament_cmake_ros: 0.12.0 (/work/ubuntu-ros2-dev/install/ament_cmake_ros/share/ament_cmake_ros/cmake)
[0.347s] -- Found Python3: /usr/bin/python3 (found version "3.10.12") found components: Interpreter 
[0.389s] -- Override CMake install command with custom implementation using symlinks instead of copying resources
[0.421s] -- Found rviz_ogre_vendor: 14.1.5 (/work/ubuntu-ros2-dev/install/rviz_ogre_vendor/share/rviz_ogre_vendor/cmake)
[0.422s] -- Setting OGRE_DIR to: '/work/ubuntu-ros2-dev/install/rviz_ogre_vendor/share/rviz_ogre_vendor/cmake/../../../opt/rviz_ogre_vendor/lib/OGRE/cmake'
[0.423s] -- Found OGRE
[0.423s] --   static     : OFF
[0.423s] --   components : MeshLodGenerator;Overlay;Paging;Property;RTShaderSystem;Terrain;Volume
[0.423s] --   plugins    : Plugin_BSPSceneManager;Plugin_OctreeSceneManager;Plugin_PCZSceneManager;Plugin_ParticleFX;RenderSystem_GL;RenderSystem_GL3Plus;Codec_STBI;Codec_EXR
[0.423s] --   media      : /work/ubuntu-ros2-dev/install/rviz_ogre_vendor/opt/rviz_ogre_vendor/share/OGRE/Media
[0.423s] -- OGRE_LIBRARIES: OgreMeshLodGenerator;OgreOverlay;OgrePaging;OgreProperty;OgreRTShaderSystem;OgreTerrain;OgreVolume;OgreMain
[0.423s] -- OGRE_LIBRARY_DIRS: /work/ubuntu-ros2-dev/install/rviz_ogre_vendor/opt/rviz_ogre_vendor/lib
[0.423s] -- OGRE_PLUGINS: Plugin_BSPSceneManager;Plugin_OctreeSceneManager;Plugin_PCZSceneManager;Plugin_ParticleFX;RenderSystem_GL;RenderSystem_GL3Plus;Codec_STBI;Codec_EXR
[0.423s] -- OGRE_PLUGIN_DIR: /work/ubuntu-ros2-dev/install/rviz_ogre_vendor/opt/rviz_ogre_vendor/lib/OGRE
[0.423s] -- rviz_ogre_vendor::OgreOverlay for IMPORTED_LOCATION_RELEASE: /work/ubuntu-ros2-dev/install/rviz_ogre_vendor/opt/rviz_ogre_vendor/lib/libOgreOverlay.so
[0.423s] -- rviz_ogre_vendor::OgreOverlay for IMPORTED_LOCATION_DEBUG: /work/ubuntu-ros2-dev/install/rviz_ogre_vendor/opt/rviz_ogre_vendor/lib/libOgreOverlay.so
[0.423s] -- rviz_ogre_vendor::OgreMain for IMPORTED_LOCATION_RELEASE: /work/ubuntu-ros2-dev/install/rviz_ogre_vendor/opt/rviz_ogre_vendor/lib/libOgreMain.so
[0.423s] -- rviz_ogre_vendor::OgreMain for IMPORTED_LOCATION_DEBUG: /work/ubuntu-ros2-dev/install/rviz_ogre_vendor/opt/rviz_ogre_vendor/lib/libOgreMain.so
[0.435s] -- Could not find freeimage library
[0.450s] -- Found ZLIB: /usr/lib/aarch64-linux-gnu/libz.so (found version "1.2.11") 
[0.457s] -- Found OpenGL: /usr/lib/aarch64-linux-gnu/libOpenGL.so   
[0.484s] -- Found X11: /usr/include   
[0.485s] -- Looking for XOpenDisplay in /usr/lib/aarch64-linux-gnu/libX11.so;/usr/lib/aarch64-linux-gnu/libXext.so
[0.520s] -- Looking for XOpenDisplay in /usr/lib/aarch64-linux-gnu/libX11.so;/usr/lib/aarch64-linux-gnu/libXext.so - found
[0.520s] -- Looking for gethostbyname
[0.552s] -- Looking for gethostbyname - found
[0.555s] -- Looking for connect
[0.587s] -- Looking for connect - found
[0.587s] -- Looking for remove
[0.619s] -- Looking for remove - found
[0.619s] -- Looking for shmat
[0.646s] -- Looking for shmat - found
[0.646s] -- Looking for IceConnectionNumber in ICE
[0.679s] -- Looking for IceConnectionNumber in ICE - found
[0.680s] -- Found rviz_assimp_vendor: 14.1.5 (/work/ubuntu-ros2-dev/install/rviz_assimp_vendor/share/rviz_assimp_vendor/cmake)
[0.680s] -- Setting assimp_DIR to: '/work/ubuntu-ros2-dev/install/rviz_assimp_vendor/share/rviz_assimp_vendor/cmake/../../../opt/rviz_assimp_vendor/lib/cmake/assimp-5.3'
[0.698s] -- Found ament_index_cpp: 1.8.1 (/work/ubuntu-ros2-dev/install/ament_index_cpp/share/ament_index_cpp/cmake)
[0.699s] -- Found eigen3_cmake_module: 0.3.0 (/work/ubuntu-ros2-dev/install/eigen3_cmake_module/share/eigen3_cmake_module/cmake)
[0.706s] -- Found Eigen3: TRUE (found version "3.4.0") 
[0.707s] -- Found resource_retriever: 3.4.3 (/work/ubuntu-ros2-dev/install/resource_retriever/share/resource_retriever/cmake)
[0.712s] -- Found ament_lint_auto: 0.17.1 (/work/ubuntu-ros2-dev/install/ament_lint_auto/share/ament_lint_auto/cmake)
[0.758s] -- Found gmock sources under '/work/ubuntu-ros2-dev/install/gmock_vendor/src/gmock_vendor': C++ tests using 'Google Mock' will be built
[0.761s] -- Found gtest sources under '/work/ubuntu-ros2-dev/install/gtest_vendor/src/gtest_vendor': C++ tests using 'Google Test' will be built
[0.775s] -- Added test 'cppcheck' to perform static code analysis on C / C++ code
[0.776s] -- Configured cppcheck include dirs: $<BUILD_INTERFACE:/work/ubuntu-ros2-dev/src/ros2/rviz/rviz_rendering/include>
[0.776s] -- Configured cppcheck exclude dirs and/or files: 
[0.781s] -- Added test 'cpplint' to check C / C++ code against the Google style
[0.782s] -- Configured cpplint exclude dirs and/or files: 
[0.783s] -- Added test 'lint_cmake' to check CMake code style
[0.788s] -- Added test 'uncrustify' to check C / C++ code style
[0.788s] -- Configured uncrustify additional arguments: 
[0.789s] -- Added test 'xmllint' to check XML markup files
[0.792s] -- Configuring done
[0.839s] -- Generating done
[0.841s] -- Build files have been written to: /work/ubuntu-ros2-dev/build/rviz_rendering
[0.844s] Invoked command in '/work/ubuntu-ros2-dev/build/rviz_rendering' returned '0': AMENT_PREFIX_PATH=/work/ubuntu-ros2-dev/install/resource_retriever:/work/ubuntu-ros2-dev/install/python_cmake_module:/work/ubuntu-ros2-dev/install/ament_index_cpp:/work/ubuntu-ros2-dev/install/ament_cmake_ros:/work/ubuntu-ros2-dev/install/ament_lint_common:/work/ubuntu-ros2-dev/install/ament_cmake_uncrustify:/work/ubuntu-ros2-dev/install/rviz_ogre_vendor:/work/ubuntu-ros2-dev/install/rviz_assimp_vendor:/work/ubuntu-ros2-dev/install/ament_uncrustify:/work/ubuntu-ros2-dev/install/uncrustify_vendor:/work/ubuntu-ros2-dev/install/libcurl_vendor:/work/ubuntu-ros2-dev/install/eigen3_cmake_module:/work/ubuntu-ros2-dev/install/ament_cmake_xmllint:/work/ubuntu-ros2-dev/install/ament_cmake_pep257:/work/ubuntu-ros2-dev/install/ament_cmake_flake8:/work/ubuntu-ros2-dev/install/ament_cmake_cpplint:/work/ubuntu-ros2-dev/install/ament_cmake_cppcheck:/work/ubuntu-ros2-dev/install/ament_cmake_copyright:/work/ubuntu-ros2-dev/install/ament_cmake:/work/ubuntu-ros2-dev/install/ament_cmake_lint_cmake:/work/ubuntu-ros2-dev/install/ament_cmake_gmock:/work/ubuntu-ros2-dev/install/ament_cmake_gen_version_h:/work/ubuntu-ros2-dev/install/domain_coordinator:/work/ubuntu-ros2-dev/install/ament_xmllint:/work/ubuntu-ros2-dev/install/ament_lint_cmake:/work/ubuntu-ros2-dev/install/ament_lint_auto:/work/ubuntu-ros2-dev/install/ament_index_python:/work/ubuntu-ros2-dev/install/ament_cpplint:/work/ubuntu-ros2-dev/install/ament_cppcheck:/work/ubuntu-ros2-dev/install/ament_cmake_vendor_package:/work/ubuntu-ros2-dev/install/ament_cmake_pytest:/work/ubuntu-ros2-dev/install/ament_cmake_gtest:/work/ubuntu-ros2-dev/install/ament_copyright:/work/ubuntu-ros2-dev/install/ament_cmake_test:/work/ubuntu-ros2-dev/install/ament_cmake_target_dependencies:/work/ubuntu-ros2-dev/install/ament_cmake_export_targets:/work/ubuntu-ros2-dev/install/ament_cmake_export_interfaces:/work/ubuntu-ros2-dev/install/ament_cmake_export_dependencies:/work/ubuntu-ros2-dev/install/ament_pep257:/work/ubuntu-ros2-dev/install/ament_cmake_version:/work/ubuntu-ros2-dev/install/ament_cmake_python:/work/ubuntu-ros2-dev/install/ament_cmake_libraries:/work/ubuntu-ros2-dev/install/ament_cmake_include_directories:/work/ubuntu-ros2-dev/install/ament_cmake_export_link_flags:/work/ubuntu-ros2-dev/install/ament_cmake_export_libraries:/work/ubuntu-ros2-dev/install/ament_cmake_export_include_directories:/work/ubuntu-ros2-dev/install/ament_cmake_export_definitions:/work/ubuntu-ros2-dev/install/ament_flake8:/work/ubuntu-ros2-dev/install/ament_cmake_core:/work/ubuntu-ros2-dev/install/ament_pycodestyle:/work/ubuntu-ros2-dev/install/ament_package:/work/ubuntu-ros2-dev/install/ament_lint CMAKE_PREFIX_PATH=/work/ubuntu-ros2-dev/install/resource_retriever:/work/ubuntu-ros2-dev/install/python_cmake_module:/work/ubuntu-ros2-dev/install/ament_index_cpp:/work/ubuntu-ros2-dev/install/ament_cmake_ros:/work/ubuntu-ros2-dev/install/ament_lint_common:/work/ubuntu-ros2-dev/install/ament_cmake_uncrustify:/work/ubuntu-ros2-dev/install/rviz_ogre_vendor:/work/ubuntu-ros2-dev/install/rviz_assimp_vendor:/work/ubuntu-ros2-dev/install/uncrustify_vendor:/work/ubuntu-ros2-dev/install/libcurl_vendor:/work/ubuntu-ros2-dev/install/eigen3_cmake_module:/work/ubuntu-ros2-dev/install/ament_cmake_xmllint:/work/ubuntu-ros2-dev/install/ament_cmake_pep257:/work/ubuntu-ros2-dev/install/ament_cmake_flake8:/work/ubuntu-ros2-dev/install/ament_cmake_cpplint:/work/ubuntu-ros2-dev/install/ament_cmake_cppcheck:/work/ubuntu-ros2-dev/install/ament_cmake_copyright:/work/ubuntu-ros2-dev/install/ament_cmake:/work/ubuntu-ros2-dev/install/ament_cmake_lint_cmake:/work/ubuntu-ros2-dev/install/ament_cmake_gmock:/work/ubuntu-ros2-dev/install/ament_cmake_gen_version_h:/work/ubuntu-ros2-dev/install/ament_lint_auto:/work/ubuntu-ros2-dev/install/ament_cmake_vendor_package:/work/ubuntu-ros2-dev/install/ament_cmake_pytest:/work/ubuntu-ros2-dev/install/ament_cmake_gtest:/work/ubuntu-ros2-dev/install/ament_cmake_test:/work/ubuntu-ros2-dev/install/ament_cmake_target_dependencies:/work/ubuntu-ros2-dev/install/ament_cmake_export_targets:/work/ubuntu-ros2-dev/install/ament_cmake_export_interfaces:/work/ubuntu-ros2-dev/install/ament_cmake_export_dependencies:/work/ubuntu-ros2-dev/install/ament_cmake_version:/work/ubuntu-ros2-dev/install/ament_cmake_python:/work/ubuntu-ros2-dev/install/ament_cmake_libraries:/work/ubuntu-ros2-dev/install/ament_cmake_include_directories:/work/ubuntu-ros2-dev/install/ament_cmake_export_link_flags:/work/ubuntu-ros2-dev/install/ament_cmake_export_libraries:/work/ubuntu-ros2-dev/install/ament_cmake_export_include_directories:/work/ubuntu-ros2-dev/install/ament_cmake_export_definitions:/work/ubuntu-ros2-dev/install/gmock_vendor:/work/ubuntu-ros2-dev/install/ament_cmake_core:/work/ubuntu-ros2-dev/install/gtest_vendor LD_LIBRARY_PATH=/work/ubuntu-ros2-dev/install/resource_retriever/lib:/work/ubuntu-ros2-dev/install/ament_index_cpp/lib:/work/ubuntu-ros2-dev/install/rviz_ogre_vendor/opt/rviz_ogre_vendor/lib PATH=/work/ubuntu-ros2-dev/install/ament_uncrustify/bin:/work/ubuntu-ros2-dev/install/uncrustify_vendor/opt/uncrustify_vendor/bin:/work/ubuntu-ros2-dev/install/ament_xmllint/bin:/work/ubuntu-ros2-dev/install/ament_lint_cmake/bin:/work/ubuntu-ros2-dev/install/ament_index_python/bin:/work/ubuntu-ros2-dev/install/ament_cpplint/bin:/work/ubuntu-ros2-dev/install/ament_cppcheck/bin:/work/ubuntu-ros2-dev/install/ament_copyright/bin:/work/ubuntu-ros2-dev/install/ament_pep257/bin:/work/ubuntu-ros2-dev/install/ament_flake8/bin:/work/ubuntu-ros2-dev/install/ament_pycodestyle/bin:${PATH} PKG_CONFIG_PATH=/work/ubuntu-ros2-dev/install/gmock_vendor/lib/aarch64-linux-gnu/pkgconfig:/work/ubuntu-ros2-dev/install/gmock_vendor/lib/pkgconfig:/work/ubuntu-ros2-dev/install/gtest_vendor/lib/aarch64-linux-gnu/pkgconfig:/work/ubuntu-ros2-dev/install/gtest_vendor/lib/pkgconfig PYTHONPATH=/work/ubuntu-ros2-dev/install/resource_retriever/lib/python3.10/site-packages:/work/ubuntu-ros2-dev/build/ament_uncrustify:/work/ubuntu-ros2-dev/install/ament_uncrustify/lib/python3.10/site-packages:/work/ubuntu-ros2-dev/build/domain_coordinator:/work/ubuntu-ros2-dev/install/domain_coordinator/lib/python3.10/site-packages:/work/ubuntu-ros2-dev/build/ament_xmllint:/work/ubuntu-ros2-dev/install/ament_xmllint/lib/python3.10/site-packages:/work/ubuntu-ros2-dev/build/ament_lint_cmake:/work/ubuntu-ros2-dev/install/ament_lint_cmake/lib/python3.10/site-packages:/work/ubuntu-ros2-dev/build/ament_index_python:/work/ubuntu-ros2-dev/install/ament_index_python/lib/python3.10/site-packages:/work/ubuntu-ros2-dev/build/ament_cpplint:/work/ubuntu-ros2-dev/install/ament_cpplint/lib/python3.10/site-packages:/work/ubuntu-ros2-dev/build/ament_cppcheck:/work/ubuntu-ros2-dev/install/ament_cppcheck/lib/python3.10/site-packages:/work/ubuntu-ros2-dev/build/ament_copyright:/work/ubuntu-ros2-dev/install/ament_copyright/lib/python3.10/site-packages:/work/ubuntu-ros2-dev/install/ament_cmake_test/lib/python3.10/site-packages:/work/ubuntu-ros2-dev/build/ament_pep257:/work/ubuntu-ros2-dev/install/ament_pep257/lib/python3.10/site-packages:/work/ubuntu-ros2-dev/build/ament_flake8:/work/ubuntu-ros2-dev/install/ament_flake8/lib/python3.10/site-packages:/work/ubuntu-ros2-dev/build/ament_pycodestyle:/work/ubuntu-ros2-dev/install/ament_pycodestyle/lib/python3.10/site-packages:/work/ubuntu-ros2-dev/build/ament_package:/work/ubuntu-ros2-dev/install/ament_package/lib/python3.10/site-packages:/work/ubuntu-ros2-dev/build/ament_lint:/work/ubuntu-ros2-dev/install/ament_lint/lib/python3.10/site-packages /usr/bin/cmake /work/ubuntu-ros2-dev/src/ros2/rviz/rviz_rendering -DAMENT_CMAKE_SYMLINK_INSTALL=1 -DCMAKE_INSTALL_PREFIX=/work/ubuntu-ros2-dev/install/rviz_rendering
[0.845s] Invoking command in '/work/ubuntu-ros2-dev/build/rviz_rendering': AMENT_PREFIX_PATH=/work/ubuntu-ros2-dev/install/resource_retriever:/work/ubuntu-ros2-dev/install/python_cmake_module:/work/ubuntu-ros2-dev/install/ament_index_cpp:/work/ubuntu-ros2-dev/install/ament_cmake_ros:/work/ubuntu-ros2-dev/install/ament_lint_common:/work/ubuntu-ros2-dev/install/ament_cmake_uncrustify:/work/ubuntu-ros2-dev/install/rviz_ogre_vendor:/work/ubuntu-ros2-dev/install/rviz_assimp_vendor:/work/ubuntu-ros2-dev/install/ament_uncrustify:/work/ubuntu-ros2-dev/install/uncrustify_vendor:/work/ubuntu-ros2-dev/install/libcurl_vendor:/work/ubuntu-ros2-dev/install/eigen3_cmake_module:/work/ubuntu-ros2-dev/install/ament_cmake_xmllint:/work/ubuntu-ros2-dev/install/ament_cmake_pep257:/work/ubuntu-ros2-dev/install/ament_cmake_flake8:/work/ubuntu-ros2-dev/install/ament_cmake_cpplint:/work/ubuntu-ros2-dev/install/ament_cmake_cppcheck:/work/ubuntu-ros2-dev/install/ament_cmake_copyright:/work/ubuntu-ros2-dev/install/ament_cmake:/work/ubuntu-ros2-dev/install/ament_cmake_lint_cmake:/work/ubuntu-ros2-dev/install/ament_cmake_gmock:/work/ubuntu-ros2-dev/install/ament_cmake_gen_version_h:/work/ubuntu-ros2-dev/install/domain_coordinator:/work/ubuntu-ros2-dev/install/ament_xmllint:/work/ubuntu-ros2-dev/install/ament_lint_cmake:/work/ubuntu-ros2-dev/install/ament_lint_auto:/work/ubuntu-ros2-dev/install/ament_index_python:/work/ubuntu-ros2-dev/install/ament_cpplint:/work/ubuntu-ros2-dev/install/ament_cppcheck:/work/ubuntu-ros2-dev/install/ament_cmake_vendor_package:/work/ubuntu-ros2-dev/install/ament_cmake_pytest:/work/ubuntu-ros2-dev/install/ament_cmake_gtest:/work/ubuntu-ros2-dev/install/ament_copyright:/work/ubuntu-ros2-dev/install/ament_cmake_test:/work/ubuntu-ros2-dev/install/ament_cmake_target_dependencies:/work/ubuntu-ros2-dev/install/ament_cmake_export_targets:/work/ubuntu-ros2-dev/install/ament_cmake_export_interfaces:/work/ubuntu-ros2-dev/install/ament_cmake_export_dependencies:/work/ubuntu-ros2-dev/install/ament_pep257:/work/ubuntu-ros2-dev/install/ament_cmake_version:/work/ubuntu-ros2-dev/install/ament_cmake_python:/work/ubuntu-ros2-dev/install/ament_cmake_libraries:/work/ubuntu-ros2-dev/install/ament_cmake_include_directories:/work/ubuntu-ros2-dev/install/ament_cmake_export_link_flags:/work/ubuntu-ros2-dev/install/ament_cmake_export_libraries:/work/ubuntu-ros2-dev/install/ament_cmake_export_include_directories:/work/ubuntu-ros2-dev/install/ament_cmake_export_definitions:/work/ubuntu-ros2-dev/install/ament_flake8:/work/ubuntu-ros2-dev/install/ament_cmake_core:/work/ubuntu-ros2-dev/install/ament_pycodestyle:/work/ubuntu-ros2-dev/install/ament_package:/work/ubuntu-ros2-dev/install/ament_lint CMAKE_PREFIX_PATH=/work/ubuntu-ros2-dev/install/resource_retriever:/work/ubuntu-ros2-dev/install/python_cmake_module:/work/ubuntu-ros2-dev/install/ament_index_cpp:/work/ubuntu-ros2-dev/install/ament_cmake_ros:/work/ubuntu-ros2-dev/install/ament_lint_common:/work/ubuntu-ros2-dev/install/ament_cmake_uncrustify:/work/ubuntu-ros2-dev/install/rviz_ogre_vendor:/work/ubuntu-ros2-dev/install/rviz_assimp_vendor:/work/ubuntu-ros2-dev/install/uncrustify_vendor:/work/ubuntu-ros2-dev/install/libcurl_vendor:/work/ubuntu-ros2-dev/install/eigen3_cmake_module:/work/ubuntu-ros2-dev/install/ament_cmake_xmllint:/work/ubuntu-ros2-dev/install/ament_cmake_pep257:/work/ubuntu-ros2-dev/install/ament_cmake_flake8:/work/ubuntu-ros2-dev/install/ament_cmake_cpplint:/work/ubuntu-ros2-dev/install/ament_cmake_cppcheck:/work/ubuntu-ros2-dev/install/ament_cmake_copyright:/work/ubuntu-ros2-dev/install/ament_cmake:/work/ubuntu-ros2-dev/install/ament_cmake_lint_cmake:/work/ubuntu-ros2-dev/install/ament_cmake_gmock:/work/ubuntu-ros2-dev/install/ament_cmake_gen_version_h:/work/ubuntu-ros2-dev/install/ament_lint_auto:/work/ubuntu-ros2-dev/install/ament_cmake_vendor_package:/work/ubuntu-ros2-dev/install/ament_cmake_pytest:/work/ubuntu-ros2-dev/install/ament_cmake_gtest:/work/ubuntu-ros2-dev/install/ament_cmake_test:/work/ubuntu-ros2-dev/install/ament_cmake_target_dependencies:/work/ubuntu-ros2-dev/install/ament_cmake_export_targets:/work/ubuntu-ros2-dev/install/ament_cmake_export_interfaces:/work/ubuntu-ros2-dev/install/ament_cmake_export_dependencies:/work/ubuntu-ros2-dev/install/ament_cmake_version:/work/ubuntu-ros2-dev/install/ament_cmake_python:/work/ubuntu-ros2-dev/install/ament_cmake_libraries:/work/ubuntu-ros2-dev/install/ament_cmake_include_directories:/work/ubuntu-ros2-dev/install/ament_cmake_export_link_flags:/work/ubuntu-ros2-dev/install/ament_cmake_export_libraries:/work/ubuntu-ros2-dev/install/ament_cmake_export_include_directories:/work/ubuntu-ros2-dev/install/ament_cmake_export_definitions:/work/ubuntu-ros2-dev/install/gmock_vendor:/work/ubuntu-ros2-dev/install/ament_cmake_core:/work/ubuntu-ros2-dev/install/gtest_vendor LD_LIBRARY_PATH=/work/ubuntu-ros2-dev/install/resource_retriever/lib:/work/ubuntu-ros2-dev/install/ament_index_cpp/lib:/work/ubuntu-ros2-dev/install/rviz_ogre_vendor/opt/rviz_ogre_vendor/lib PATH=/work/ubuntu-ros2-dev/install/ament_uncrustify/bin:/work/ubuntu-ros2-dev/install/uncrustify_vendor/opt/uncrustify_vendor/bin:/work/ubuntu-ros2-dev/install/ament_xmllint/bin:/work/ubuntu-ros2-dev/install/ament_lint_cmake/bin:/work/ubuntu-ros2-dev/install/ament_index_python/bin:/work/ubuntu-ros2-dev/install/ament_cpplint/bin:/work/ubuntu-ros2-dev/install/ament_cppcheck/bin:/work/ubuntu-ros2-dev/install/ament_copyright/bin:/work/ubuntu-ros2-dev/install/ament_pep257/bin:/work/ubuntu-ros2-dev/install/ament_flake8/bin:/work/ubuntu-ros2-dev/install/ament_pycodestyle/bin:${PATH} PKG_CONFIG_PATH=/work/ubuntu-ros2-dev/install/gmock_vendor/lib/aarch64-linux-gnu/pkgconfig:/work/ubuntu-ros2-dev/install/gmock_vendor/lib/pkgconfig:/work/ubuntu-ros2-dev/install/gtest_vendor/lib/aarch64-linux-gnu/pkgconfig:/work/ubuntu-ros2-dev/install/gtest_vendor/lib/pkgconfig PYTHONPATH=/work/ubuntu-ros2-dev/install/resource_retriever/lib/python3.10/site-packages:/work/ubuntu-ros2-dev/build/ament_uncrustify:/work/ubuntu-ros2-dev/install/ament_uncrustify/lib/python3.10/site-packages:/work/ubuntu-ros2-dev/build/domain_coordinator:/work/ubuntu-ros2-dev/install/domain_coordinator/lib/python3.10/site-packages:/work/ubuntu-ros2-dev/build/ament_xmllint:/work/ubuntu-ros2-dev/install/ament_xmllint/lib/python3.10/site-packages:/work/ubuntu-ros2-dev/build/ament_lint_cmake:/work/ubuntu-ros2-dev/install/ament_lint_cmake/lib/python3.10/site-packages:/work/ubuntu-ros2-dev/build/ament_index_python:/work/ubuntu-ros2-dev/install/ament_index_python/lib/python3.10/site-packages:/work/ubuntu-ros2-dev/build/ament_cpplint:/work/ubuntu-ros2-dev/install/ament_cpplint/lib/python3.10/site-packages:/work/ubuntu-ros2-dev/build/ament_cppcheck:/work/ubuntu-ros2-dev/install/ament_cppcheck/lib/python3.10/site-packages:/work/ubuntu-ros2-dev/build/ament_copyright:/work/ubuntu-ros2-dev/install/ament_copyright/lib/python3.10/site-packages:/work/ubuntu-ros2-dev/install/ament_cmake_test/lib/python3.10/site-packages:/work/ubuntu-ros2-dev/build/ament_pep257:/work/ubuntu-ros2-dev/install/ament_pep257/lib/python3.10/site-packages:/work/ubuntu-ros2-dev/build/ament_flake8:/work/ubuntu-ros2-dev/install/ament_flake8/lib/python3.10/site-packages:/work/ubuntu-ros2-dev/build/ament_pycodestyle:/work/ubuntu-ros2-dev/install/ament_pycodestyle/lib/python3.10/site-packages:/work/ubuntu-ros2-dev/build/ament_package:/work/ubuntu-ros2-dev/install/ament_package/lib/python3.10/site-packages:/work/ubuntu-ros2-dev/build/ament_lint:/work/ubuntu-ros2-dev/install/ament_lint/lib/python3.10/site-packages /usr/bin/cmake --build /work/ubuntu-ros2-dev/build/rviz_rendering -- -j8 -l8
[0.864s] [  1%] [34m[1mGenerating include/rviz_rendering/moc_render_window.cpp[0m
[0.869s] [  2%] [32mBuilding CXX object gmock/CMakeFiles/gmock.dir/work/ubuntu-ros2-dev/install/gtest_vendor/src/gtest_vendor/src/gtest-all.cc.o[0m
[0.869s] [  4%] [32mBuilding CXX object gmock/CMakeFiles/gmock.dir/src/gmock-all.cc.o[0m
[0.869s] [  5%] [32mBuilding CXX object gmock/CMakeFiles/gmock_main.dir/src/gmock_main.cc.o[0m
[0.881s] [  7%] [32mBuilding CXX object CMakeFiles/rviz_rendering.dir/src/rviz_rendering/apply_visibility_bits.cpp.o[0m
[0.890s] [  8%] [32mBuilding CXX object CMakeFiles/rviz_rendering.dir/src/rviz_rendering/geometry.cpp.o[0m
[0.903s] [ 10%] [32mBuilding CXX object CMakeFiles/rviz_rendering.dir/include/rviz_rendering/moc_render_window.cpp.o[0m
[1.713s] [ 11%] [32mBuilding CXX object CMakeFiles/rviz_rendering.dir/src/rviz_rendering/logging.cpp.o[0m
[1.747s] [ 13%] [32mBuilding CXX object CMakeFiles/rviz_rendering.dir/src/rviz_rendering/material_manager.cpp.o[0m
[1.803s] [ 14%] [32m[1mLinking CXX static library libgmock_main.a[0m
[1.968s] [ 14%] Built target gmock_main
[2.039s] [ 16%] [32mBuilding CXX object CMakeFiles/rviz_rendering.dir/src/rviz_rendering/objects/mesh_shape.cpp.o[0m
[2.055s] [ 17%] [32mBuilding CXX object CMakeFiles/rviz_rendering.dir/src/rviz_rendering/mesh_loader.cpp.o[0m
[3.761s] [ 19%] [32mBuilding CXX object CMakeFiles/rviz_rendering.dir/src/rviz_rendering/render_window.cpp.o[0m
[3.765s] [ 20%] [32m[1mLinking CXX static library libgmock.a[0m
[3.822s] [ 20%] Built target gmock
[5.286s] [ 22%] [32mBuilding CXX object CMakeFiles/rviz_rendering.dir/src/rviz_rendering/mesh_loader_helpers/assimp_loader.cpp.o[0m
[6.586s] [ 23%] [32mBuilding CXX object CMakeFiles/rviz_rendering.dir/src/rviz_rendering/string_helper.cpp.o[0m
[6.803s] [ 25%] [32mBuilding CXX object CMakeFiles/rviz_rendering.dir/src/rviz_rendering/objects/arrow.cpp.o[0m
[7.440s] [ 26%] [32mBuilding CXX object CMakeFiles/rviz_rendering.dir/src/rviz_rendering/objects/axes.cpp.o[0m
[8.132s] [ 28%] [32mBuilding CXX object CMakeFiles/rviz_rendering.dir/src/rviz_rendering/objects/billboard_line.cpp.o[0m
[8.818s] [ 29%] [32mBuilding CXX object CMakeFiles/rviz_rendering.dir/src/rviz_rendering/objects/covariance_visual.cpp.o[0m
[12.829s] [ 31%] [32mBuilding CXX object CMakeFiles/rviz_rendering.dir/src/rviz_rendering/objects/effort_visual.cpp.o[0m
[12.924s] [ 32%] [32mBuilding CXX object CMakeFiles/rviz_rendering.dir/src/rviz_rendering/resource_config.cpp.o[0m
[13.016s] [ 34%] [32mBuilding CXX object CMakeFiles/rviz_rendering.dir/src/rviz_rendering/objects/grid.cpp.o[0m
[13.022s] [ 35%] [32mBuilding CXX object CMakeFiles/rviz_rendering.dir/src/rviz_rendering/objects/line.cpp.o[0m
[13.845s] [ 37%] [32mBuilding CXX object CMakeFiles/rviz_rendering.dir/src/rviz_rendering/render_system.cpp.o[0m
[13.914s] [ 38%] [32mBuilding CXX object CMakeFiles/rviz_rendering.dir/src/rviz_rendering/objects/movable_text.cpp.o[0m
[13.938s] [ 40%] [32mBuilding CXX object CMakeFiles/rviz_rendering.dir/src/rviz_rendering/objects/object.cpp.o[0m
[14.262s] [ 41%] [32mBuilding CXX object CMakeFiles/rviz_rendering.dir/src/rviz_rendering/objects/point_cloud.cpp.o[0m
[14.958s] [ 43%] [32mBuilding CXX object CMakeFiles/rviz_rendering.dir/src/rviz_rendering/objects/point_cloud_renderable.cpp.o[0m
[15.161s] [ 44%] [32mBuilding CXX object CMakeFiles/rviz_rendering.dir/src/rviz_rendering/objects/screw_visual.cpp.o[0m
[15.493s] [ 46%] [32mBuilding CXX object CMakeFiles/rviz_rendering.dir/src/rviz_rendering/objects/shape.cpp.o[0m
[15.992s] [ 47%] [32mBuilding CXX object CMakeFiles/rviz_rendering.dir/src/rviz_rendering/objects/triangle_polygon.cpp.o[0m
[16.032s] [ 49%] [32mBuilding CXX object CMakeFiles/rviz_rendering.dir/src/rviz_rendering/objects/wrench_visual.cpp.o[0m
[16.284s] [ 50%] [32mBuilding CXX object CMakeFiles/rviz_rendering.dir/src/rviz_rendering/orthographic.cpp.o[0m
[16.611s] [ 52%] [32mBuilding CXX object CMakeFiles/rviz_rendering.dir/src/rviz_rendering/ogre_render_window_impl.cpp.o[0m
[16.663s] [ 53%] [32mBuilding CXX object CMakeFiles/rviz_rendering.dir/src/rviz_rendering/ogre_logging.cpp.o[0m
[16.755s] [ 55%] [32mBuilding CXX object CMakeFiles/rviz_rendering.dir/src/rviz_rendering/viewport_projection_finder.cpp.o[0m
[17.922s] [ 56%] [32m[1mLinking CXX shared library librviz_rendering.so[0m
[18.286s] [ 56%] Built target rviz_rendering
[18.294s] [ 61%] [32mBuilding CXX object CMakeFiles/rviz_rendering_test_utils.dir/test/rviz_rendering/scene_graph_introspection.cpp.o[0m
[18.294s] [ 61%] [32mBuilding CXX object CMakeFiles/rviz_rendering_test_utils.dir/test/rviz_rendering/ogre_testing_environment.cpp.o[0m
[18.294s] [ 61%] [32mBuilding CXX object CMakeFiles/string_helper_test.dir/test/rviz_rendering/string_helper_test.cpp.o[0m
[19.128s] [ 62%] [32m[1mLinking CXX executable string_helper_test[0m
[19.592s] [ 62%] Built target string_helper_test
[21.360s] [ 64%] [32m[1mLinking CXX shared library librviz_rendering_test_utils.so[0m
[21.638s] [ 64%] Built target rviz_rendering_test_utils
[21.662s] [ 65%] [32mBuilding CXX object CMakeFiles/point_cloud_renderable_test_target.dir/test/rviz_rendering/objects/point_cloud_renderable_test.cpp.o[0m
[21.690s] [ 67%] [32mBuilding CXX object CMakeFiles/billboard_line_test_target.dir/test/rviz_rendering/objects/billboard_line_test.cpp.o[0m
[21.691s] [ 68%] [32mBuilding CXX object CMakeFiles/point_cloud_test_target.dir/test/rviz_rendering/objects/point_cloud_test.cpp.o[0m
[22.803s] [ 70%] [32mBuilding CXX object CMakeFiles/line_test_target.dir/test/rviz_rendering/objects/line_test.cpp.o[0m
[23.751s] [ 71%] [32mBuilding CXX object CMakeFiles/movable_text_test_target.dir/test/rviz_rendering/objects/movable_text_test.cpp.o[0m
[24.845s] [ 73%] [32mBuilding CXX object CMakeFiles/grid_test_target.dir/test/rviz_rendering/objects/grid_test.cpp.o[0m
[25.980s] [ 74%] [32mBuilding CXX object CMakeFiles/effort_visual_test_target.dir/test/rviz_rendering/objects/effort_visual_test.cpp.o[0m
[26.625s] [ 76%] [32m[1mLinking CXX executable point_cloud_renderable_test_target[0m
[27.075s] [ 77%] [32mBuilding CXX object CMakeFiles/covariance_visual_test_target.dir/test/rviz_rendering/objects/covariance_visual_test.cpp.o[0m
[27.649s] [ 79%] [32m[1mLinking CXX executable billboard_line_test_target[0m
[28.257s] [ 79%] Built target point_cloud_renderable_test_target
[28.565s] [ 79%] Built target billboard_line_test_target
[28.861s] [ 80%] [32m[1mLinking CXX executable movable_text_test_target[0m
[29.516s] [ 80%] Built target movable_text_test_target
[29.585s] [ 82%] [32m[1mLinking CXX executable grid_test_target[0m
[30.042s] [ 83%] [32m[1mLinking CXX executable line_test_target[0m
[30.130s] [ 83%] Built target grid_test_target
[30.453s] [ 83%] Built target line_test_target
[30.865s] [ 85%] [32m[1mLinking CXX executable effort_visual_test_target[0m
[30.991s] [ 86%] [32m[1mLinking CXX executable point_cloud_test_target[0m
[31.231s] [ 86%] Built target effort_visual_test_target
[31.388s] [ 86%] Built target point_cloud_test_target
[31.744s] [ 88%] [32m[1mLinking CXX executable covariance_visual_test_target[0m
[32.048s] [ 88%] Built target covariance_visual_test_target
[32.057s] [ 89%] [32mBuilding CXX object CMakeFiles/mesh_shape_visual_test_target.dir/test/rviz_rendering/mesh_shape_test.cpp.o[0m
[33.970s] [ 91%] [32m[1mLinking CXX executable mesh_shape_visual_test_target[0m
[34.290s] [ 91%] Built target mesh_shape_visual_test_target
[34.300s] [ 92%] [32mBuilding CXX object CMakeFiles/wrench_visual_test_target.dir/test/rviz_rendering/objects/wrench_visual_test.cpp.o[0m
[36.034s] [ 94%] [32m[1mLinking CXX executable wrench_visual_test_target[0m
[36.405s] [ 94%] Built target wrench_visual_test_target
[36.416s] [ 95%] [32mBuilding CXX object CMakeFiles/triangle_polygon_visual_test_target.dir/test/rviz_rendering/objects/triangle_polygon_test.cpp.o[0m
[38.740s] [ 97%] [32m[1mLinking CXX executable triangle_polygon_visual_test_target[0m
[39.107s] [ 97%] Built target triangle_polygon_visual_test_target
[39.120s] [ 98%] [32mBuilding CXX object CMakeFiles/screw_visual_test_target.dir/test/rviz_rendering/objects/screw_visual_test.cpp.o[0m
[41.623s] [100%] [32m[1mLinking CXX executable screw_visual_test_target[0m
[42.084s] [100%] Built target screw_visual_test_target
[42.124s] Invoked command in '/work/ubuntu-ros2-dev/build/rviz_rendering' returned '0': AMENT_PREFIX_PATH=/work/ubuntu-ros2-dev/install/resource_retriever:/work/ubuntu-ros2-dev/install/python_cmake_module:/work/ubuntu-ros2-dev/install/ament_index_cpp:/work/ubuntu-ros2-dev/install/ament_cmake_ros:/work/ubuntu-ros2-dev/install/ament_lint_common:/work/ubuntu-ros2-dev/install/ament_cmake_uncrustify:/work/ubuntu-ros2-dev/install/rviz_ogre_vendor:/work/ubuntu-ros2-dev/install/rviz_assimp_vendor:/work/ubuntu-ros2-dev/install/ament_uncrustify:/work/ubuntu-ros2-dev/install/uncrustify_vendor:/work/ubuntu-ros2-dev/install/libcurl_vendor:/work/ubuntu-ros2-dev/install/eigen3_cmake_module:/work/ubuntu-ros2-dev/install/ament_cmake_xmllint:/work/ubuntu-ros2-dev/install/ament_cmake_pep257:/work/ubuntu-ros2-dev/install/ament_cmake_flake8:/work/ubuntu-ros2-dev/install/ament_cmake_cpplint:/work/ubuntu-ros2-dev/install/ament_cmake_cppcheck:/work/ubuntu-ros2-dev/install/ament_cmake_copyright:/work/ubuntu-ros2-dev/install/ament_cmake:/work/ubuntu-ros2-dev/install/ament_cmake_lint_cmake:/work/ubuntu-ros2-dev/install/ament_cmake_gmock:/work/ubuntu-ros2-dev/install/ament_cmake_gen_version_h:/work/ubuntu-ros2-dev/install/domain_coordinator:/work/ubuntu-ros2-dev/install/ament_xmllint:/work/ubuntu-ros2-dev/install/ament_lint_cmake:/work/ubuntu-ros2-dev/install/ament_lint_auto:/work/ubuntu-ros2-dev/install/ament_index_python:/work/ubuntu-ros2-dev/install/ament_cpplint:/work/ubuntu-ros2-dev/install/ament_cppcheck:/work/ubuntu-ros2-dev/install/ament_cmake_vendor_package:/work/ubuntu-ros2-dev/install/ament_cmake_pytest:/work/ubuntu-ros2-dev/install/ament_cmake_gtest:/work/ubuntu-ros2-dev/install/ament_copyright:/work/ubuntu-ros2-dev/install/ament_cmake_test:/work/ubuntu-ros2-dev/install/ament_cmake_target_dependencies:/work/ubuntu-ros2-dev/install/ament_cmake_export_targets:/work/ubuntu-ros2-dev/install/ament_cmake_export_interfaces:/work/ubuntu-ros2-dev/install/ament_cmake_export_dependencies:/work/ubuntu-ros2-dev/install/ament_pep257:/work/ubuntu-ros2-dev/install/ament_cmake_version:/work/ubuntu-ros2-dev/install/ament_cmake_python:/work/ubuntu-ros2-dev/install/ament_cmake_libraries:/work/ubuntu-ros2-dev/install/ament_cmake_include_directories:/work/ubuntu-ros2-dev/install/ament_cmake_export_link_flags:/work/ubuntu-ros2-dev/install/ament_cmake_export_libraries:/work/ubuntu-ros2-dev/install/ament_cmake_export_include_directories:/work/ubuntu-ros2-dev/install/ament_cmake_export_definitions:/work/ubuntu-ros2-dev/install/ament_flake8:/work/ubuntu-ros2-dev/install/ament_cmake_core:/work/ubuntu-ros2-dev/install/ament_pycodestyle:/work/ubuntu-ros2-dev/install/ament_package:/work/ubuntu-ros2-dev/install/ament_lint CMAKE_PREFIX_PATH=/work/ubuntu-ros2-dev/install/resource_retriever:/work/ubuntu-ros2-dev/install/python_cmake_module:/work/ubuntu-ros2-dev/install/ament_index_cpp:/work/ubuntu-ros2-dev/install/ament_cmake_ros:/work/ubuntu-ros2-dev/install/ament_lint_common:/work/ubuntu-ros2-dev/install/ament_cmake_uncrustify:/work/ubuntu-ros2-dev/install/rviz_ogre_vendor:/work/ubuntu-ros2-dev/install/rviz_assimp_vendor:/work/ubuntu-ros2-dev/install/uncrustify_vendor:/work/ubuntu-ros2-dev/install/libcurl_vendor:/work/ubuntu-ros2-dev/install/eigen3_cmake_module:/work/ubuntu-ros2-dev/install/ament_cmake_xmllint:/work/ubuntu-ros2-dev/install/ament_cmake_pep257:/work/ubuntu-ros2-dev/install/ament_cmake_flake8:/work/ubuntu-ros2-dev/install/ament_cmake_cpplint:/work/ubuntu-ros2-dev/install/ament_cmake_cppcheck:/work/ubuntu-ros2-dev/install/ament_cmake_copyright:/work/ubuntu-ros2-dev/install/ament_cmake:/work/ubuntu-ros2-dev/install/ament_cmake_lint_cmake:/work/ubuntu-ros2-dev/install/ament_cmake_gmock:/work/ubuntu-ros2-dev/install/ament_cmake_gen_version_h:/work/ubuntu-ros2-dev/install/ament_lint_auto:/work/ubuntu-ros2-dev/install/ament_cmake_vendor_package:/work/ubuntu-ros2-dev/install/ament_cmake_pytest:/work/ubuntu-ros2-dev/install/ament_cmake_gtest:/work/ubuntu-ros2-dev/install/ament_cmake_test:/work/ubuntu-ros2-dev/install/ament_cmake_target_dependencies:/work/ubuntu-ros2-dev/install/ament_cmake_export_targets:/work/ubuntu-ros2-dev/install/ament_cmake_export_interfaces:/work/ubuntu-ros2-dev/install/ament_cmake_export_dependencies:/work/ubuntu-ros2-dev/install/ament_cmake_version:/work/ubuntu-ros2-dev/install/ament_cmake_python:/work/ubuntu-ros2-dev/install/ament_cmake_libraries:/work/ubuntu-ros2-dev/install/ament_cmake_include_directories:/work/ubuntu-ros2-dev/install/ament_cmake_export_link_flags:/work/ubuntu-ros2-dev/install/ament_cmake_export_libraries:/work/ubuntu-ros2-dev/install/ament_cmake_export_include_directories:/work/ubuntu-ros2-dev/install/ament_cmake_export_definitions:/work/ubuntu-ros2-dev/install/gmock_vendor:/work/ubuntu-ros2-dev/install/ament_cmake_core:/work/ubuntu-ros2-dev/install/gtest_vendor LD_LIBRARY_PATH=/work/ubuntu-ros2-dev/install/resource_retriever/lib:/work/ubuntu-ros2-dev/install/ament_index_cpp/lib:/work/ubuntu-ros2-dev/install/rviz_ogre_vendor/opt/rviz_ogre_vendor/lib PATH=/work/ubuntu-ros2-dev/install/ament_uncrustify/bin:/work/ubuntu-ros2-dev/install/uncrustify_vendor/opt/uncrustify_vendor/bin:/work/ubuntu-ros2-dev/install/ament_xmllint/bin:/work/ubuntu-ros2-dev/install/ament_lint_cmake/bin:/work/ubuntu-ros2-dev/install/ament_index_python/bin:/work/ubuntu-ros2-dev/install/ament_cpplint/bin:/work/ubuntu-ros2-dev/install/ament_cppcheck/bin:/work/ubuntu-ros2-dev/install/ament_copyright/bin:/work/ubuntu-ros2-dev/install/ament_pep257/bin:/work/ubuntu-ros2-dev/install/ament_flake8/bin:/work/ubuntu-ros2-dev/install/ament_pycodestyle/bin:${PATH} PKG_CONFIG_PATH=/work/ubuntu-ros2-dev/install/gmock_vendor/lib/aarch64-linux-gnu/pkgconfig:/work/ubuntu-ros2-dev/install/gmock_vendor/lib/pkgconfig:/work/ubuntu-ros2-dev/install/gtest_vendor/lib/aarch64-linux-gnu/pkgconfig:/work/ubuntu-ros2-dev/install/gtest_vendor/lib/pkgconfig PYTHONPATH=/work/ubuntu-ros2-dev/install/resource_retriever/lib/python3.10/site-packages:/work/ubuntu-ros2-dev/build/ament_uncrustify:/work/ubuntu-ros2-dev/install/ament_uncrustify/lib/python3.10/site-packages:/work/ubuntu-ros2-dev/build/domain_coordinator:/work/ubuntu-ros2-dev/install/domain_coordinator/lib/python3.10/site-packages:/work/ubuntu-ros2-dev/build/ament_xmllint:/work/ubuntu-ros2-dev/install/ament_xmllint/lib/python3.10/site-packages:/work/ubuntu-ros2-dev/build/ament_lint_cmake:/work/ubuntu-ros2-dev/install/ament_lint_cmake/lib/python3.10/site-packages:/work/ubuntu-ros2-dev/build/ament_index_python:/work/ubuntu-ros2-dev/install/ament_index_python/lib/python3.10/site-packages:/work/ubuntu-ros2-dev/build/ament_cpplint:/work/ubuntu-ros2-dev/install/ament_cpplint/lib/python3.10/site-packages:/work/ubuntu-ros2-dev/build/ament_cppcheck:/work/ubuntu-ros2-dev/install/ament_cppcheck/lib/python3.10/site-packages:/work/ubuntu-ros2-dev/build/ament_copyright:/work/ubuntu-ros2-dev/install/ament_copyright/lib/python3.10/site-packages:/work/ubuntu-ros2-dev/install/ament_cmake_test/lib/python3.10/site-packages:/work/ubuntu-ros2-dev/build/ament_pep257:/work/ubuntu-ros2-dev/install/ament_pep257/lib/python3.10/site-packages:/work/ubuntu-ros2-dev/build/ament_flake8:/work/ubuntu-ros2-dev/install/ament_flake8/lib/python3.10/site-packages:/work/ubuntu-ros2-dev/build/ament_pycodestyle:/work/ubuntu-ros2-dev/install/ament_pycodestyle/lib/python3.10/site-packages:/work/ubuntu-ros2-dev/build/ament_package:/work/ubuntu-ros2-dev/install/ament_package/lib/python3.10/site-packages:/work/ubuntu-ros2-dev/build/ament_lint:/work/ubuntu-ros2-dev/install/ament_lint/lib/python3.10/site-packages /usr/bin/cmake --build /work/ubuntu-ros2-dev/build/rviz_rendering -- -j8 -l8
[42.214s] Invoking command in '/work/ubuntu-ros2-dev/build/rviz_rendering': AMENT_PREFIX_PATH=/work/ubuntu-ros2-dev/install/resource_retriever:/work/ubuntu-ros2-dev/install/python_cmake_module:/work/ubuntu-ros2-dev/install/ament_index_cpp:/work/ubuntu-ros2-dev/install/ament_cmake_ros:/work/ubuntu-ros2-dev/install/ament_lint_common:/work/ubuntu-ros2-dev/install/ament_cmake_uncrustify:/work/ubuntu-ros2-dev/install/rviz_ogre_vendor:/work/ubuntu-ros2-dev/install/rviz_assimp_vendor:/work/ubuntu-ros2-dev/install/ament_uncrustify:/work/ubuntu-ros2-dev/install/uncrustify_vendor:/work/ubuntu-ros2-dev/install/libcurl_vendor:/work/ubuntu-ros2-dev/install/eigen3_cmake_module:/work/ubuntu-ros2-dev/install/ament_cmake_xmllint:/work/ubuntu-ros2-dev/install/ament_cmake_pep257:/work/ubuntu-ros2-dev/install/ament_cmake_flake8:/work/ubuntu-ros2-dev/install/ament_cmake_cpplint:/work/ubuntu-ros2-dev/install/ament_cmake_cppcheck:/work/ubuntu-ros2-dev/install/ament_cmake_copyright:/work/ubuntu-ros2-dev/install/ament_cmake:/work/ubuntu-ros2-dev/install/ament_cmake_lint_cmake:/work/ubuntu-ros2-dev/install/ament_cmake_gmock:/work/ubuntu-ros2-dev/install/ament_cmake_gen_version_h:/work/ubuntu-ros2-dev/install/domain_coordinator:/work/ubuntu-ros2-dev/install/ament_xmllint:/work/ubuntu-ros2-dev/install/ament_lint_cmake:/work/ubuntu-ros2-dev/install/ament_lint_auto:/work/ubuntu-ros2-dev/install/ament_index_python:/work/ubuntu-ros2-dev/install/ament_cpplint:/work/ubuntu-ros2-dev/install/ament_cppcheck:/work/ubuntu-ros2-dev/install/ament_cmake_vendor_package:/work/ubuntu-ros2-dev/install/ament_cmake_pytest:/work/ubuntu-ros2-dev/install/ament_cmake_gtest:/work/ubuntu-ros2-dev/install/ament_copyright:/work/ubuntu-ros2-dev/install/ament_cmake_test:/work/ubuntu-ros2-dev/install/ament_cmake_target_dependencies:/work/ubuntu-ros2-dev/install/ament_cmake_export_targets:/work/ubuntu-ros2-dev/install/ament_cmake_export_interfaces:/work/ubuntu-ros2-dev/install/ament_cmake_export_dependencies:/work/ubuntu-ros2-dev/install/ament_pep257:/work/ubuntu-ros2-dev/install/ament_cmake_version:/work/ubuntu-ros2-dev/install/ament_cmake_python:/work/ubuntu-ros2-dev/install/ament_cmake_libraries:/work/ubuntu-ros2-dev/install/ament_cmake_include_directories:/work/ubuntu-ros2-dev/install/ament_cmake_export_link_flags:/work/ubuntu-ros2-dev/install/ament_cmake_export_libraries:/work/ubuntu-ros2-dev/install/ament_cmake_export_include_directories:/work/ubuntu-ros2-dev/install/ament_cmake_export_definitions:/work/ubuntu-ros2-dev/install/ament_flake8:/work/ubuntu-ros2-dev/install/ament_cmake_core:/work/ubuntu-ros2-dev/install/ament_pycodestyle:/work/ubuntu-ros2-dev/install/ament_package:/work/ubuntu-ros2-dev/install/ament_lint CMAKE_PREFIX_PATH=/work/ubuntu-ros2-dev/install/resource_retriever:/work/ubuntu-ros2-dev/install/python_cmake_module:/work/ubuntu-ros2-dev/install/ament_index_cpp:/work/ubuntu-ros2-dev/install/ament_cmake_ros:/work/ubuntu-ros2-dev/install/ament_lint_common:/work/ubuntu-ros2-dev/install/ament_cmake_uncrustify:/work/ubuntu-ros2-dev/install/rviz_ogre_vendor:/work/ubuntu-ros2-dev/install/rviz_assimp_vendor:/work/ubuntu-ros2-dev/install/uncrustify_vendor:/work/ubuntu-ros2-dev/install/libcurl_vendor:/work/ubuntu-ros2-dev/install/eigen3_cmake_module:/work/ubuntu-ros2-dev/install/ament_cmake_xmllint:/work/ubuntu-ros2-dev/install/ament_cmake_pep257:/work/ubuntu-ros2-dev/install/ament_cmake_flake8:/work/ubuntu-ros2-dev/install/ament_cmake_cpplint:/work/ubuntu-ros2-dev/install/ament_cmake_cppcheck:/work/ubuntu-ros2-dev/install/ament_cmake_copyright:/work/ubuntu-ros2-dev/install/ament_cmake:/work/ubuntu-ros2-dev/install/ament_cmake_lint_cmake:/work/ubuntu-ros2-dev/install/ament_cmake_gmock:/work/ubuntu-ros2-dev/install/ament_cmake_gen_version_h:/work/ubuntu-ros2-dev/install/ament_lint_auto:/work/ubuntu-ros2-dev/install/ament_cmake_vendor_package:/work/ubuntu-ros2-dev/install/ament_cmake_pytest:/work/ubuntu-ros2-dev/install/ament_cmake_gtest:/work/ubuntu-ros2-dev/install/ament_cmake_test:/work/ubuntu-ros2-dev/install/ament_cmake_target_dependencies:/work/ubuntu-ros2-dev/install/ament_cmake_export_targets:/work/ubuntu-ros2-dev/install/ament_cmake_export_interfaces:/work/ubuntu-ros2-dev/install/ament_cmake_export_dependencies:/work/ubuntu-ros2-dev/install/ament_cmake_version:/work/ubuntu-ros2-dev/install/ament_cmake_python:/work/ubuntu-ros2-dev/install/ament_cmake_libraries:/work/ubuntu-ros2-dev/install/ament_cmake_include_directories:/work/ubuntu-ros2-dev/install/ament_cmake_export_link_flags:/work/ubuntu-ros2-dev/install/ament_cmake_export_libraries:/work/ubuntu-ros2-dev/install/ament_cmake_export_include_directories:/work/ubuntu-ros2-dev/install/ament_cmake_export_definitions:/work/ubuntu-ros2-dev/install/gmock_vendor:/work/ubuntu-ros2-dev/install/ament_cmake_core:/work/ubuntu-ros2-dev/install/gtest_vendor LD_LIBRARY_PATH=/work/ubuntu-ros2-dev/install/resource_retriever/lib:/work/ubuntu-ros2-dev/install/ament_index_cpp/lib:/work/ubuntu-ros2-dev/install/rviz_ogre_vendor/opt/rviz_ogre_vendor/lib PATH=/work/ubuntu-ros2-dev/install/ament_uncrustify/bin:/work/ubuntu-ros2-dev/install/uncrustify_vendor/opt/uncrustify_vendor/bin:/work/ubuntu-ros2-dev/install/ament_xmllint/bin:/work/ubuntu-ros2-dev/install/ament_lint_cmake/bin:/work/ubuntu-ros2-dev/install/ament_index_python/bin:/work/ubuntu-ros2-dev/install/ament_cpplint/bin:/work/ubuntu-ros2-dev/install/ament_cppcheck/bin:/work/ubuntu-ros2-dev/install/ament_copyright/bin:/work/ubuntu-ros2-dev/install/ament_pep257/bin:/work/ubuntu-ros2-dev/install/ament_flake8/bin:/work/ubuntu-ros2-dev/install/ament_pycodestyle/bin:${PATH} PKG_CONFIG_PATH=/work/ubuntu-ros2-dev/install/gmock_vendor/lib/aarch64-linux-gnu/pkgconfig:/work/ubuntu-ros2-dev/install/gmock_vendor/lib/pkgconfig:/work/ubuntu-ros2-dev/install/gtest_vendor/lib/aarch64-linux-gnu/pkgconfig:/work/ubuntu-ros2-dev/install/gtest_vendor/lib/pkgconfig PYTHONPATH=/work/ubuntu-ros2-dev/install/resource_retriever/lib/python3.10/site-packages:/work/ubuntu-ros2-dev/build/ament_uncrustify:/work/ubuntu-ros2-dev/install/ament_uncrustify/lib/python3.10/site-packages:/work/ubuntu-ros2-dev/build/domain_coordinator:/work/ubuntu-ros2-dev/install/domain_coordinator/lib/python3.10/site-packages:/work/ubuntu-ros2-dev/build/ament_xmllint:/work/ubuntu-ros2-dev/install/ament_xmllint/lib/python3.10/site-packages:/work/ubuntu-ros2-dev/build/ament_lint_cmake:/work/ubuntu-ros2-dev/install/ament_lint_cmake/lib/python3.10/site-packages:/work/ubuntu-ros2-dev/build/ament_index_python:/work/ubuntu-ros2-dev/install/ament_index_python/lib/python3.10/site-packages:/work/ubuntu-ros2-dev/build/ament_cpplint:/work/ubuntu-ros2-dev/install/ament_cpplint/lib/python3.10/site-packages:/work/ubuntu-ros2-dev/build/ament_cppcheck:/work/ubuntu-ros2-dev/install/ament_cppcheck/lib/python3.10/site-packages:/work/ubuntu-ros2-dev/build/ament_copyright:/work/ubuntu-ros2-dev/install/ament_copyright/lib/python3.10/site-packages:/work/ubuntu-ros2-dev/install/ament_cmake_test/lib/python3.10/site-packages:/work/ubuntu-ros2-dev/build/ament_pep257:/work/ubuntu-ros2-dev/install/ament_pep257/lib/python3.10/site-packages:/work/ubuntu-ros2-dev/build/ament_flake8:/work/ubuntu-ros2-dev/install/ament_flake8/lib/python3.10/site-packages:/work/ubuntu-ros2-dev/build/ament_pycodestyle:/work/ubuntu-ros2-dev/install/ament_pycodestyle/lib/python3.10/site-packages:/work/ubuntu-ros2-dev/build/ament_package:/work/ubuntu-ros2-dev/install/ament_package/lib/python3.10/site-packages:/work/ubuntu-ros2-dev/build/ament_lint:/work/ubuntu-ros2-dev/install/ament_lint/lib/python3.10/site-packages /usr/bin/cmake --install /work/ubuntu-ros2-dev/build/rviz_rendering
[42.218s] -- Install configuration: ""
[42.219s] -- Execute custom install script
[42.219s] -- Symlinking: /work/ubuntu-ros2-dev/install/rviz_rendering/share/rviz_rendering/environment/library_path.sh
[42.225s] -- Symlinking: /work/ubuntu-ros2-dev/install/rviz_rendering/share/rviz_rendering/environment/library_path.dsv
[42.232s] -- Symlinking: /work/ubuntu-ros2-dev/install/rviz_rendering/include/rviz_rendering/rviz_rendering/apply_visibility_bits.hpp
[42.237s] -- Symlinking: /work/ubuntu-ros2-dev/install/rviz_rendering/include/rviz_rendering/rviz_rendering/custom_parameter_indices.hpp
[42.242s] -- Symlinking: /work/ubuntu-ros2-dev/install/rviz_rendering/include/rviz_rendering/rviz_rendering/geometry.hpp
[42.246s] -- Symlinking: /work/ubuntu-ros2-dev/install/rviz_rendering/include/rviz_rendering/rviz_rendering/logging.hpp
[42.252s] -- Symlinking: /work/ubuntu-ros2-dev/install/rviz_rendering/include/rviz_rendering/rviz_rendering/logging_handler.hpp
[42.257s] -- Symlinking: /work/ubuntu-ros2-dev/install/rviz_rendering/include/rviz_rendering/rviz_rendering/material_manager.hpp
[42.262s] -- Symlinking: /work/ubuntu-ros2-dev/install/rviz_rendering/include/rviz_rendering/rviz_rendering/mesh_loader.hpp
[42.268s] -- Symlinking: /work/ubuntu-ros2-dev/install/rviz_rendering/include/rviz_rendering/rviz_rendering/objects/arrow.hpp
[42.274s] -- Symlinking: /work/ubuntu-ros2-dev/install/rviz_rendering/include/rviz_rendering/rviz_rendering/objects/axes.hpp
[42.281s] -- Symlinking: /work/ubuntu-ros2-dev/install/rviz_rendering/include/rviz_rendering/rviz_rendering/objects/billboard_line.hpp
[42.287s] -- Symlinking: /work/ubuntu-ros2-dev/install/rviz_rendering/include/rviz_rendering/rviz_rendering/objects/covariance_visual.hpp
[42.294s] -- Symlinking: /work/ubuntu-ros2-dev/install/rviz_rendering/include/rviz_rendering/rviz_rendering/objects/effort_visual.hpp
[42.301s] -- Symlinking: /work/ubuntu-ros2-dev/install/rviz_rendering/include/rviz_rendering/rviz_rendering/objects/grid.hpp
[42.309s] -- Symlinking: /work/ubuntu-ros2-dev/install/rviz_rendering/include/rviz_rendering/rviz_rendering/objects/line.hpp
[42.315s] -- Symlinking: /work/ubuntu-ros2-dev/install/rviz_rendering/include/rviz_rendering/rviz_rendering/objects/mesh_shape.hpp
[42.322s] -- Symlinking: /work/ubuntu-ros2-dev/install/rviz_rendering/include/rviz_rendering/rviz_rendering/objects/movable_text.hpp
[42.326s] -- Symlinking: /work/ubuntu-ros2-dev/install/rviz_rendering/include/rviz_rendering/rviz_rendering/objects/object.hpp
[42.336s] -- Symlinking: /work/ubuntu-ros2-dev/install/rviz_rendering/include/rviz_rendering/rviz_rendering/objects/point_cloud.hpp
[42.342s] -- Symlinking: /work/ubuntu-ros2-dev/install/rviz_rendering/include/rviz_rendering/rviz_rendering/objects/point_cloud_renderable.hpp
[42.349s] -- Symlinking: /work/ubuntu-ros2-dev/install/rviz_rendering/include/rviz_rendering/rviz_rendering/objects/screw_visual.hpp
[42.356s] -- Symlinking: /work/ubuntu-ros2-dev/install/rviz_rendering/include/rviz_rendering/rviz_rendering/objects/shape.hpp
[42.361s] -- Symlinking: /work/ubuntu-ros2-dev/install/rviz_rendering/include/rviz_rendering/rviz_rendering/objects/triangle_polygon.hpp
[42.368s] -- Symlinking: /work/ubuntu-ros2-dev/install/rviz_rendering/include/rviz_rendering/rviz_rendering/objects/wrench_visual.hpp
[42.374s] -- Symlinking: /work/ubuntu-ros2-dev/install/rviz_rendering/include/rviz_rendering/rviz_rendering/ogre_logging.hpp
[42.380s] -- Symlinking: /work/ubuntu-ros2-dev/install/rviz_rendering/include/rviz_rendering/rviz_rendering/orthographic.hpp
[42.388s] -- Symlinking: /work/ubuntu-ros2-dev/install/rviz_rendering/include/rviz_rendering/rviz_rendering/render_system.hpp
[42.395s] -- Symlinking: /work/ubuntu-ros2-dev/install/rviz_rendering/include/rviz_rendering/rviz_rendering/render_window.hpp
[42.400s] -- Symlinking: /work/ubuntu-ros2-dev/install/rviz_rendering/include/rviz_rendering/rviz_rendering/resource_config.hpp
[42.405s] -- Symlinking: /work/ubuntu-ros2-dev/install/rviz_rendering/include/rviz_rendering/rviz_rendering/rviz_rendering.hpp
[42.411s] -- Symlinking: /work/ubuntu-ros2-dev/install/rviz_rendering/include/rviz_rendering/rviz_rendering/viewport_projection_finder.hpp
[42.417s] -- Symlinking: /work/ubuntu-ros2-dev/install/rviz_rendering/include/rviz_rendering/rviz_rendering/visibility_control.hpp
[42.422s] -- Symlinking: /work/ubuntu-ros2-dev/install/rviz_rendering/share/rviz_rendering/cmake/register_rviz_ogre_media_exports.cmake
[42.428s] -- Symlinking: /work/ubuntu-ros2-dev/install/rviz_rendering/share/rviz_rendering/cmake/register_rviz_ogre_media_exports_hook-extras.cmake
[42.435s] -- Symlinking: /work/ubuntu-ros2-dev/install/rviz_rendering/share/rviz_rendering/cmake/register_rviz_ogre_media_exports_hook.cmake
[42.442s] -- Symlinking: /work/ubuntu-ros2-dev/install/rviz_rendering/share/ament_index/resource_index/package_run_dependencies/rviz_rendering
[42.448s] -- Symlinking: /work/ubuntu-ros2-dev/install/rviz_rendering/share/ament_index/resource_index/parent_prefix_path/rviz_rendering
[42.462s] -- Symlinking: /work/ubuntu-ros2-dev/install/rviz_rendering/share/rviz_rendering/environment/ament_prefix_path.sh
[42.471s] -- Symlinking: /work/ubuntu-ros2-dev/install/rviz_rendering/share/rviz_rendering/environment/ament_prefix_path.dsv
[42.483s] -- Symlinking: /work/ubuntu-ros2-dev/install/rviz_rendering/share/rviz_rendering/environment/path.sh
[42.503s] -- Symlinking: /work/ubuntu-ros2-dev/install/rviz_rendering/share/rviz_rendering/environment/path.dsv
[42.513s] -- Symlinking: /work/ubuntu-ros2-dev/install/rviz_rendering/share/rviz_rendering/local_setup.bash
[42.522s] -- Symlinking: /work/ubuntu-ros2-dev/install/rviz_rendering/share/rviz_rendering/local_setup.sh
[42.529s] -- Symlinking: /work/ubuntu-ros2-dev/install/rviz_rendering/share/rviz_rendering/local_setup.zsh
[42.542s] -- Symlinking: /work/ubuntu-ros2-dev/install/rviz_rendering/share/rviz_rendering/local_setup.dsv
[42.555s] -- Symlinking: /work/ubuntu-ros2-dev/install/rviz_rendering/share/rviz_rendering/package.dsv
[42.560s] -- Symlinking: /work/ubuntu-ros2-dev/install/rviz_rendering/share/ament_index/resource_index/packages/rviz_rendering
[42.568s] -- Symlinking: /work/ubuntu-ros2-dev/install/rviz_rendering/share/rviz_rendering/cmake/rviz_rendering-extras.cmake
[42.576s] -- Up-to-date symlink: /work/ubuntu-ros2-dev/install/rviz_rendering/share/rviz_rendering/cmake/register_rviz_ogre_media_exports_hook-extras.cmake
[42.577s] -- Up-to-date symlink: /work/ubuntu-ros2-dev/install/rviz_rendering/share/rviz_rendering/cmake/register_rviz_ogre_media_exports.cmake
[42.577s] -- Symlinking: /work/ubuntu-ros2-dev/install/rviz_rendering/share/rviz_rendering/cmake/ament_cmake_export_dependencies-extras.cmake
[42.583s] -- Symlinking: /work/ubuntu-ros2-dev/install/rviz_rendering/share/rviz_rendering/cmake/ament_cmake_export_include_directories-extras.cmake
[42.590s] -- Symlinking: /work/ubuntu-ros2-dev/install/rviz_rendering/share/rviz_rendering/cmake/ament_cmake_export_libraries-extras.cmake
[42.596s] -- Symlinking: /work/ubuntu-ros2-dev/install/rviz_rendering/share/rviz_rendering/cmake/ament_cmake_export_targets-extras.cmake
[42.604s] -- Symlinking: /work/ubuntu-ros2-dev/install/rviz_rendering/share/rviz_rendering/cmake/rviz_renderingConfig.cmake
[42.609s] -- Symlinking: /work/ubuntu-ros2-dev/install/rviz_rendering/share/rviz_rendering/cmake/rviz_renderingConfig-version.cmake
[42.613s] -- Symlinking: /work/ubuntu-ros2-dev/install/rviz_rendering/share/rviz_rendering/package.xml
[42.619s] -- Installing: /work/ubuntu-ros2-dev/install/rviz_rendering/lib/librviz_rendering.so
[42.626s] -- Set runtime path of "/work/ubuntu-ros2-dev/install/rviz_rendering/lib/librviz_rendering.so" to ""
[42.626s] -- Installing: /work/ubuntu-ros2-dev/install/rviz_rendering/share/rviz_rendering/ogre_media
[42.627s] -- Installing: /work/ubuntu-ros2-dev/install/rviz_rendering/share/rviz_rendering/ogre_media/plugins.cfg
[42.627s] -- Installing: /work/ubuntu-ros2-dev/install/rviz_rendering/share/rviz_rendering/ogre_media/materials
[42.627s] -- Installing: /work/ubuntu-ros2-dev/install/rviz_rendering/share/rviz_rendering/ogre_media/materials/glsl150
[42.627s] -- Installing: /work/ubuntu-ros2-dev/install/rviz_rendering/share/rviz_rendering/ogre_media/materials/glsl150/billboard.geom
[42.627s] -- Installing: /work/ubuntu-ros2-dev/install/rviz_rendering/share/rviz_rendering/ogre_media/materials/glsl150/pass_pos_color.vert
[42.628s] -- Installing: /work/ubuntu-ros2-dev/install/rviz_rendering/share/rviz_rendering/ogre_media/materials/glsl150/box.geom
[42.628s] -- Installing: /work/ubuntu-ros2-dev/install/rviz_rendering/share/rviz_rendering/ogre_media/materials/glsl150/glsl150.program
[42.628s] -- Installing: /work/ubuntu-ros2-dev/install/rviz_rendering/share/rviz_rendering/ogre_media/materials/scripts
[42.628s] -- Installing: /work/ubuntu-ros2-dev/install/rviz_rendering/share/rviz_rendering/ogre_media/materials/scripts/point_cloud_tile.material
[42.629s] -- Installing: /work/ubuntu-ros2-dev/install/rviz_rendering/share/rviz_rendering/ogre_media/materials/scripts/point_cloud_point.material
[42.629s] -- Installing: /work/ubuntu-ros2-dev/install/rviz_rendering/share/rviz_rendering/ogre_media/materials/scripts/indexed_8bit_image.material
[42.629s] -- Installing: /work/ubuntu-ros2-dev/install/rviz_rendering/share/rviz_rendering/ogre_media/materials/scripts/default_pick_and_depth.material
[42.629s] -- Installing: /work/ubuntu-ros2-dev/install/rviz_rendering/share/rviz_rendering/ogre_media/materials/scripts150
[42.629s] -- Installing: /work/ubuntu-ros2-dev/install/rviz_rendering/share/rviz_rendering/ogre_media/materials/scripts150/point_cloud_square.material
[42.630s] -- Installing: /work/ubuntu-ros2-dev/install/rviz_rendering/share/rviz_rendering/ogre_media/materials/scripts150/point_cloud_sphere.material
[42.630s] -- Installing: /work/ubuntu-ros2-dev/install/rviz_rendering/share/rviz_rendering/ogre_media/materials/scripts150/point_cloud_flat_square.material
[42.630s] -- Installing: /work/ubuntu-ros2-dev/install/rviz_rendering/share/rviz_rendering/ogre_media/materials/scripts150/point_cloud_box.material
[42.630s] -- Installing: /work/ubuntu-ros2-dev/install/rviz_rendering/share/rviz_rendering/ogre_media/materials/glsl120
[42.631s] -- Installing: /work/ubuntu-ros2-dev/install/rviz_rendering/share/rviz_rendering/ogre_media/materials/glsl120/glsl120.program
[42.631s] -- Installing: /work/ubuntu-ros2-dev/install/rviz_rendering/share/rviz_rendering/ogre_media/materials/glsl120/nogp
[42.631s] -- Installing: /work/ubuntu-ros2-dev/install/rviz_rendering/share/rviz_rendering/ogre_media/materials/glsl120/nogp/nogp.program
[42.631s] -- Installing: /work/ubuntu-ros2-dev/install/rviz_rendering/share/rviz_rendering/ogre_media/materials/glsl120/nogp/box.vert
[42.632s] -- Installing: /work/ubuntu-ros2-dev/install/rviz_rendering/share/rviz_rendering/ogre_media/materials/glsl120/nogp/billboard_tile.vert
[42.632s] -- Installing: /work/ubuntu-ros2-dev/install/rviz_rendering/share/rviz_rendering/ogre_media/materials/glsl120/nogp/billboard.vert
[42.632s] -- Installing: /work/ubuntu-ros2-dev/install/rviz_rendering/share/rviz_rendering/ogre_media/materials/glsl120/nogp/box.frag
[42.632s] -- Installing: /work/ubuntu-ros2-dev/install/rviz_rendering/share/rviz_rendering/ogre_media/materials/glsl120/depth.vert
[42.632s] -- Installing: /work/ubuntu-ros2-dev/install/rviz_rendering/share/rviz_rendering/ogre_media/materials/glsl120/pass_color_circle.frag
[42.633s] -- Installing: /work/ubuntu-ros2-dev/install/rviz_rendering/share/rviz_rendering/ogre_media/materials/glsl120/include
[42.633s] -- Installing: /work/ubuntu-ros2-dev/install/rviz_rendering/share/rviz_rendering/ogre_media/materials/glsl120/include/pack_depth.frag
[42.633s] -- Installing: /work/ubuntu-ros2-dev/install/rviz_rendering/share/rviz_rendering/ogre_media/materials/glsl120/include/circle_impl.frag
[42.633s] -- Installing: /work/ubuntu-ros2-dev/install/rviz_rendering/share/rviz_rendering/ogre_media/materials/glsl120/include/pass_depth.vert
[42.633s] -- Installing: /work/ubuntu-ros2-dev/install/rviz_rendering/share/rviz_rendering/ogre_media/materials/glsl120/depth_circle.frag
[42.634s] -- Installing: /work/ubuntu-ros2-dev/install/rviz_rendering/share/rviz_rendering/ogre_media/materials/glsl120/indexed_8bit_image.vert
[42.634s] -- Installing: /work/ubuntu-ros2-dev/install/rviz_rendering/share/rviz_rendering/ogre_media/materials/glsl120/pass_color.frag
[42.634s] -- Installing: /work/ubuntu-ros2-dev/install/rviz_rendering/share/rviz_rendering/ogre_media/materials/glsl120/pickcolor.frag
[42.634s] -- Installing: /work/ubuntu-ros2-dev/install/rviz_rendering/share/rviz_rendering/ogre_media/materials/glsl120/smooth_square.frag
[42.634s] -- Installing: /work/ubuntu-ros2-dev/install/rviz_rendering/share/rviz_rendering/ogre_media/materials/glsl120/test_glsl.sh
[42.634s] -- Installing: /work/ubuntu-ros2-dev/install/rviz_rendering/share/rviz_rendering/ogre_media/materials/glsl120/point.vert
[42.634s] -- Installing: /work/ubuntu-ros2-dev/install/rviz_rendering/share/rviz_rendering/ogre_media/materials/glsl120/depth.frag
[42.635s] -- Installing: /work/ubuntu-ros2-dev/install/rviz_rendering/share/rviz_rendering/ogre_media/materials/glsl120/shaded_circle.frag
[42.635s] -- Installing: /work/ubuntu-ros2-dev/install/rviz_rendering/share/rviz_rendering/ogre_media/materials/glsl120/black.frag
[42.635s] -- Installing: /work/ubuntu-ros2-dev/install/rviz_rendering/share/rviz_rendering/ogre_media/materials/glsl120/pickcolor_circle.frag
[42.635s] -- Installing: /work/ubuntu-ros2-dev/install/rviz_rendering/share/rviz_rendering/ogre_media/materials/glsl120/flat_color_circle.frag
[42.635s] -- Installing: /work/ubuntu-ros2-dev/install/rviz_rendering/share/rviz_rendering/ogre_media/materials/glsl120/flat_color.frag
[42.635s] -- Installing: /work/ubuntu-ros2-dev/install/rviz_rendering/share/rviz_rendering/ogre_media/materials/glsl120/indexed_8bit_image.frag
[42.635s] -- Installing: /work/ubuntu-ros2-dev/install/rviz_rendering/share/rviz_rendering/ogre_media/materials/scripts120
[42.636s] -- Installing: /work/ubuntu-ros2-dev/install/rviz_rendering/share/rviz_rendering/ogre_media/materials/scripts120/point_cloud_square.material
[42.636s] -- Installing: /work/ubuntu-ros2-dev/install/rviz_rendering/share/rviz_rendering/ogre_media/materials/scripts120/point_cloud_sphere.material
[42.636s] -- Installing: /work/ubuntu-ros2-dev/install/rviz_rendering/share/rviz_rendering/ogre_media/materials/scripts120/point_cloud_flat_square.material
[42.636s] -- Installing: /work/ubuntu-ros2-dev/install/rviz_rendering/share/rviz_rendering/ogre_media/materials/scripts120/point_cloud_box.material
[42.636s] -- Installing: /work/ubuntu-ros2-dev/install/rviz_rendering/share/rviz_rendering/ogre_media/fonts
[42.636s] -- Installing: /work/ubuntu-ros2-dev/install/rviz_rendering/share/rviz_rendering/ogre_media/fonts/liberation-sans
[42.636s] -- Installing: /work/ubuntu-ros2-dev/install/rviz_rendering/share/rviz_rendering/ogre_media/fonts/liberation-sans/LiberationSans-Italic.ttf
[42.638s] -- Installing: /work/ubuntu-ros2-dev/install/rviz_rendering/share/rviz_rendering/ogre_media/fonts/liberation-sans/LiberationSans-Regular.ttf
[42.640s] -- Installing: /work/ubuntu-ros2-dev/install/rviz_rendering/share/rviz_rendering/ogre_media/fonts/liberation-sans/LiberationSans-Bold.ttf
[42.642s] -- Installing: /work/ubuntu-ros2-dev/install/rviz_rendering/share/rviz_rendering/ogre_media/fonts/liberation-sans/LiberationSans-BoldItalic.ttf
[42.643s] -- Installing: /work/ubuntu-ros2-dev/install/rviz_rendering/share/rviz_rendering/ogre_media/fonts/liberation-sans/SIL Open Font License.txt
[42.644s] -- Installing: /work/ubuntu-ros2-dev/install/rviz_rendering/share/rviz_rendering/ogre_media/fonts/README.md
[42.644s] -- Installing: /work/ubuntu-ros2-dev/install/rviz_rendering/share/rviz_rendering/ogre_media/fonts/liberation_sans.fontdef
[42.645s] -- Installing: /work/ubuntu-ros2-dev/install/rviz_rendering/share/rviz_rendering/ogre_media/models
[42.645s] -- Installing: /work/ubuntu-ros2-dev/install/rviz_rendering/share/rviz_rendering/ogre_media/models/rviz_cone.mesh
[42.645s] -- Installing: /work/ubuntu-ros2-dev/install/rviz_rendering/share/rviz_rendering/ogre_media/models/rviz_cylinder.mesh
[42.645s] -- Installing: /work/ubuntu-ros2-dev/install/rviz_rendering/share/rviz_rendering/ogre_media/models/rviz_sphere.mesh
[42.646s] -- Installing: /work/ubuntu-ros2-dev/install/rviz_rendering/share/rviz_rendering/ogre_media/models/rviz_cube.mesh
[42.646s] -- Installing: /work/ubuntu-ros2-dev/install/rviz_rendering/share/rviz_rendering/ogre_media/textures
[42.646s] -- Installing: /work/ubuntu-ros2-dev/install/rviz_rendering/share/rviz_rendering/ogre_media/textures/no_image.png
[42.647s] -- Installing: /work/ubuntu-ros2-dev/install/rviz_rendering/share/rviz_rendering/ogre_media/textures/test_20x20.png
[42.647s] -- Installing: /work/ubuntu-ros2-dev/install/rviz_rendering/share/rviz_rendering/cmake/rviz_renderingExport.cmake
[42.647s] -- Installing: /work/ubuntu-ros2-dev/install/rviz_rendering/share/rviz_rendering/cmake/rviz_renderingExport-noconfig.cmake
[42.659s] Invoked command in '/work/ubuntu-ros2-dev/build/rviz_rendering' returned '0': AMENT_PREFIX_PATH=/work/ubuntu-ros2-dev/install/resource_retriever:/work/ubuntu-ros2-dev/install/python_cmake_module:/work/ubuntu-ros2-dev/install/ament_index_cpp:/work/ubuntu-ros2-dev/install/ament_cmake_ros:/work/ubuntu-ros2-dev/install/ament_lint_common:/work/ubuntu-ros2-dev/install/ament_cmake_uncrustify:/work/ubuntu-ros2-dev/install/rviz_ogre_vendor:/work/ubuntu-ros2-dev/install/rviz_assimp_vendor:/work/ubuntu-ros2-dev/install/ament_uncrustify:/work/ubuntu-ros2-dev/install/uncrustify_vendor:/work/ubuntu-ros2-dev/install/libcurl_vendor:/work/ubuntu-ros2-dev/install/eigen3_cmake_module:/work/ubuntu-ros2-dev/install/ament_cmake_xmllint:/work/ubuntu-ros2-dev/install/ament_cmake_pep257:/work/ubuntu-ros2-dev/install/ament_cmake_flake8:/work/ubuntu-ros2-dev/install/ament_cmake_cpplint:/work/ubuntu-ros2-dev/install/ament_cmake_cppcheck:/work/ubuntu-ros2-dev/install/ament_cmake_copyright:/work/ubuntu-ros2-dev/install/ament_cmake:/work/ubuntu-ros2-dev/install/ament_cmake_lint_cmake:/work/ubuntu-ros2-dev/install/ament_cmake_gmock:/work/ubuntu-ros2-dev/install/ament_cmake_gen_version_h:/work/ubuntu-ros2-dev/install/domain_coordinator:/work/ubuntu-ros2-dev/install/ament_xmllint:/work/ubuntu-ros2-dev/install/ament_lint_cmake:/work/ubuntu-ros2-dev/install/ament_lint_auto:/work/ubuntu-ros2-dev/install/ament_index_python:/work/ubuntu-ros2-dev/install/ament_cpplint:/work/ubuntu-ros2-dev/install/ament_cppcheck:/work/ubuntu-ros2-dev/install/ament_cmake_vendor_package:/work/ubuntu-ros2-dev/install/ament_cmake_pytest:/work/ubuntu-ros2-dev/install/ament_cmake_gtest:/work/ubuntu-ros2-dev/install/ament_copyright:/work/ubuntu-ros2-dev/install/ament_cmake_test:/work/ubuntu-ros2-dev/install/ament_cmake_target_dependencies:/work/ubuntu-ros2-dev/install/ament_cmake_export_targets:/work/ubuntu-ros2-dev/install/ament_cmake_export_interfaces:/work/ubuntu-ros2-dev/install/ament_cmake_export_dependencies:/work/ubuntu-ros2-dev/install/ament_pep257:/work/ubuntu-ros2-dev/install/ament_cmake_version:/work/ubuntu-ros2-dev/install/ament_cmake_python:/work/ubuntu-ros2-dev/install/ament_cmake_libraries:/work/ubuntu-ros2-dev/install/ament_cmake_include_directories:/work/ubuntu-ros2-dev/install/ament_cmake_export_link_flags:/work/ubuntu-ros2-dev/install/ament_cmake_export_libraries:/work/ubuntu-ros2-dev/install/ament_cmake_export_include_directories:/work/ubuntu-ros2-dev/install/ament_cmake_export_definitions:/work/ubuntu-ros2-dev/install/ament_flake8:/work/ubuntu-ros2-dev/install/ament_cmake_core:/work/ubuntu-ros2-dev/install/ament_pycodestyle:/work/ubuntu-ros2-dev/install/ament_package:/work/ubuntu-ros2-dev/install/ament_lint CMAKE_PREFIX_PATH=/work/ubuntu-ros2-dev/install/resource_retriever:/work/ubuntu-ros2-dev/install/python_cmake_module:/work/ubuntu-ros2-dev/install/ament_index_cpp:/work/ubuntu-ros2-dev/install/ament_cmake_ros:/work/ubuntu-ros2-dev/install/ament_lint_common:/work/ubuntu-ros2-dev/install/ament_cmake_uncrustify:/work/ubuntu-ros2-dev/install/rviz_ogre_vendor:/work/ubuntu-ros2-dev/install/rviz_assimp_vendor:/work/ubuntu-ros2-dev/install/uncrustify_vendor:/work/ubuntu-ros2-dev/install/libcurl_vendor:/work/ubuntu-ros2-dev/install/eigen3_cmake_module:/work/ubuntu-ros2-dev/install/ament_cmake_xmllint:/work/ubuntu-ros2-dev/install/ament_cmake_pep257:/work/ubuntu-ros2-dev/install/ament_cmake_flake8:/work/ubuntu-ros2-dev/install/ament_cmake_cpplint:/work/ubuntu-ros2-dev/install/ament_cmake_cppcheck:/work/ubuntu-ros2-dev/install/ament_cmake_copyright:/work/ubuntu-ros2-dev/install/ament_cmake:/work/ubuntu-ros2-dev/install/ament_cmake_lint_cmake:/work/ubuntu-ros2-dev/install/ament_cmake_gmock:/work/ubuntu-ros2-dev/install/ament_cmake_gen_version_h:/work/ubuntu-ros2-dev/install/ament_lint_auto:/work/ubuntu-ros2-dev/install/ament_cmake_vendor_package:/work/ubuntu-ros2-dev/install/ament_cmake_pytest:/work/ubuntu-ros2-dev/install/ament_cmake_gtest:/work/ubuntu-ros2-dev/install/ament_cmake_test:/work/ubuntu-ros2-dev/install/ament_cmake_target_dependencies:/work/ubuntu-ros2-dev/install/ament_cmake_export_targets:/work/ubuntu-ros2-dev/install/ament_cmake_export_interfaces:/work/ubuntu-ros2-dev/install/ament_cmake_export_dependencies:/work/ubuntu-ros2-dev/install/ament_cmake_version:/work/ubuntu-ros2-dev/install/ament_cmake_python:/work/ubuntu-ros2-dev/install/ament_cmake_libraries:/work/ubuntu-ros2-dev/install/ament_cmake_include_directories:/work/ubuntu-ros2-dev/install/ament_cmake_export_link_flags:/work/ubuntu-ros2-dev/install/ament_cmake_export_libraries:/work/ubuntu-ros2-dev/install/ament_cmake_export_include_directories:/work/ubuntu-ros2-dev/install/ament_cmake_export_definitions:/work/ubuntu-ros2-dev/install/gmock_vendor:/work/ubuntu-ros2-dev/install/ament_cmake_core:/work/ubuntu-ros2-dev/install/gtest_vendor LD_LIBRARY_PATH=/work/ubuntu-ros2-dev/install/resource_retriever/lib:/work/ubuntu-ros2-dev/install/ament_index_cpp/lib:/work/ubuntu-ros2-dev/install/rviz_ogre_vendor/opt/rviz_ogre_vendor/lib PATH=/work/ubuntu-ros2-dev/install/ament_uncrustify/bin:/work/ubuntu-ros2-dev/install/uncrustify_vendor/opt/uncrustify_vendor/bin:/work/ubuntu-ros2-dev/install/ament_xmllint/bin:/work/ubuntu-ros2-dev/install/ament_lint_cmake/bin:/work/ubuntu-ros2-dev/install/ament_index_python/bin:/work/ubuntu-ros2-dev/install/ament_cpplint/bin:/work/ubuntu-ros2-dev/install/ament_cppcheck/bin:/work/ubuntu-ros2-dev/install/ament_copyright/bin:/work/ubuntu-ros2-dev/install/ament_pep257/bin:/work/ubuntu-ros2-dev/install/ament_flake8/bin:/work/ubuntu-ros2-dev/install/ament_pycodestyle/bin:${PATH} PKG_CONFIG_PATH=/work/ubuntu-ros2-dev/install/gmock_vendor/lib/aarch64-linux-gnu/pkgconfig:/work/ubuntu-ros2-dev/install/gmock_vendor/lib/pkgconfig:/work/ubuntu-ros2-dev/install/gtest_vendor/lib/aarch64-linux-gnu/pkgconfig:/work/ubuntu-ros2-dev/install/gtest_vendor/lib/pkgconfig PYTHONPATH=/work/ubuntu-ros2-dev/install/resource_retriever/lib/python3.10/site-packages:/work/ubuntu-ros2-dev/build/ament_uncrustify:/work/ubuntu-ros2-dev/install/ament_uncrustify/lib/python3.10/site-packages:/work/ubuntu-ros2-dev/build/domain_coordinator:/work/ubuntu-ros2-dev/install/domain_coordinator/lib/python3.10/site-packages:/work/ubuntu-ros2-dev/build/ament_xmllint:/work/ubuntu-ros2-dev/install/ament_xmllint/lib/python3.10/site-packages:/work/ubuntu-ros2-dev/build/ament_lint_cmake:/work/ubuntu-ros2-dev/install/ament_lint_cmake/lib/python3.10/site-packages:/work/ubuntu-ros2-dev/build/ament_index_python:/work/ubuntu-ros2-dev/install/ament_index_python/lib/python3.10/site-packages:/work/ubuntu-ros2-dev/build/ament_cpplint:/work/ubuntu-ros2-dev/install/ament_cpplint/lib/python3.10/site-packages:/work/ubuntu-ros2-dev/build/ament_cppcheck:/work/ubuntu-ros2-dev/install/ament_cppcheck/lib/python3.10/site-packages:/work/ubuntu-ros2-dev/build/ament_copyright:/work/ubuntu-ros2-dev/install/ament_copyright/lib/python3.10/site-packages:/work/ubuntu-ros2-dev/install/ament_cmake_test/lib/python3.10/site-packages:/work/ubuntu-ros2-dev/build/ament_pep257:/work/ubuntu-ros2-dev/install/ament_pep257/lib/python3.10/site-packages:/work/ubuntu-ros2-dev/build/ament_flake8:/work/ubuntu-ros2-dev/install/ament_flake8/lib/python3.10/site-packages:/work/ubuntu-ros2-dev/build/ament_pycodestyle:/work/ubuntu-ros2-dev/install/ament_pycodestyle/lib/python3.10/site-packages:/work/ubuntu-ros2-dev/build/ament_package:/work/ubuntu-ros2-dev/install/ament_package/lib/python3.10/site-packages:/work/ubuntu-ros2-dev/build/ament_lint:/work/ubuntu-ros2-dev/install/ament_lint/lib/python3.10/site-packages /usr/bin/cmake --install /work/ubuntu-ros2-dev/build/rviz_rendering
