running develop
running egg_info
creating ros2launch.egg-info
writing ros2launch.egg-info/PKG-INFO
writing dependency_links to ros2launch.egg-info/dependency_links.txt
writing entry points to ros2launch.egg-info/entry_points.txt
writing requirements to ros2launch.egg-info/requires.txt
writing top-level names to ros2launch.egg-info/top_level.txt
writing manifest file 'ros2launch.egg-info/SOURCES.txt'
reading manifest file 'ros2launch.egg-info/SOURCES.txt'
writing manifest file 'ros2launch.egg-info/SOURCES.txt'
running build_ext
Creating /work/ubuntu-ros2-dev/install/ros2launch/lib/python3.10/site-packages/ros2launch.egg-link (link to .)

Installed /work/ubuntu-ros2-dev/build/ros2launch
running symlink_data
symbolically linking /work/ubuntu-ros2-dev/build/ros2launch/package.xml -> /work/ubuntu-ros2-dev/install/ros2launch/share/ros2launch
creating /work/ubuntu-ros2-dev/install/ros2launch/share/ament_index
creating /work/ubuntu-ros2-dev/install/ros2launch/share/ament_index/resource_index
creating /work/ubuntu-ros2-dev/install/ros2launch/share/ament_index/resource_index/packages
symbolically linking /work/ubuntu-ros2-dev/build/ros2launch/resource/ros2launch -> /work/ubuntu-ros2-dev/install/ros2launch/share/ament_index/resource_index/packages
