-- The C compiler identification is GNU 11.4.0
-- The CXX compiler identification is GNU 11.4.0
-- Detecting C compiler ABI info
-- Detecting C compiler ABI info - done
-- Check for working C compiler: /usr/bin/cc - skipped
-- Detecting C compile features
-- Detecting C compile features - done
-- Detecting CXX compiler ABI info
-- Detecting CXX compiler ABI info - done
-- Check for working CXX compiler: /usr/bin/c++ - skipped
-- Detecting CXX compile features
-- Detecting CXX compile features - done
-- Found ament_cmake: 2.5.2 (/work/ubuntu-ros2-dev/install/ament_cmake/share/ament_cmake/cmake)
-- Found Python3: /usr/bin/python3 (found version "3.10.12") found components: Interpreter 
-- Override CMake install command with custom implementation using symlinks instead of copying resources
-- Found rosidl_default_generators: 1.6.0 (/work/ubuntu-ros2-dev/install/rosidl_default_generators/share/rosidl_default_generators/cmake)
-- Using all available rosidl_typesupport_c: rosidl_typesupport_fastrtps_c;rosidl_typesupport_introspection_c
-- Using all available rosidl_typesupport_cpp: rosidl_typesupport_introspection_cpp;rosidl_typesupport_fastrtps_cpp
-- Found rosidl_adapter: 4.6.4 (/work/ubuntu-ros2-dev/install/rosidl_adapter/share/rosidl_adapter/cmake)
-- Found nav_msgs: 5.3.5 (/work/ubuntu-ros2-dev/install/nav_msgs/share/nav_msgs/cmake)
-- Found sensor_msgs: 5.3.5 (/work/ubuntu-ros2-dev/install/sensor_msgs/share/sensor_msgs/cmake)
-- Found ament_cmake_cppcheck: 0.17.1 (/work/ubuntu-ros2-dev/install/ament_cmake_cppcheck/share/ament_cmake_cppcheck/cmake)
-- Found ament_cmake_cpplint: 0.17.1 (/work/ubuntu-ros2-dev/install/ament_cmake_cpplint/share/ament_cmake_cpplint/cmake)
-- Found ament_cmake_uncrustify: 0.17.1 (/work/ubuntu-ros2-dev/install/ament_cmake_uncrustify/share/ament_cmake_uncrustify/cmake)
-- Found ament_cmake_ros: 0.12.0 (/work/ubuntu-ros2-dev/install/ament_cmake_ros/share/ament_cmake_ros/cmake)
-- Using all available rosidl_typesupport_c: rosidl_typesupport_fastrtps_c;rosidl_typesupport_introspection_c
-- Using all available rosidl_typesupport_cpp: rosidl_typesupport_introspection_cpp;rosidl_typesupport_fastrtps_cpp
-- Found python_cmake_module: 0.11.1 (/work/ubuntu-ros2-dev/install/python_cmake_module/share/python_cmake_module/cmake)
-- Found PythonExtra: /usr/bin/python3  
-- Found Python3: /usr/bin/python3 (found version "3.10.12") found components: Interpreter Development NumPy Development.Module Development.Embed 
-- Found ament_cmake_flake8: 0.17.1 (/work/ubuntu-ros2-dev/install/ament_cmake_flake8/share/ament_cmake_flake8/cmake)
-- Found ament_cmake_pep257: 0.17.1 (/work/ubuntu-ros2-dev/install/ament_cmake_pep257/share/ament_cmake_pep257/cmake)
-- Configuring done
-- Generating done
-- Build files have been written to: /work/ubuntu-ros2-dev/build/map_msgs
[  1%] [34m[1mGenerating type hashes for ROS interfaces[0m
[  1%] Built target map_msgs__rosidl_generator_type_description
[  1%] Built target ament_cmake_python_symlink_map_msgs
[  2%] [34m[1mGenerating C code for ROS interfaces[0m
[  3%] [32mBuilding C object CMakeFiles/map_msgs__rosidl_generator_c.dir/rosidl_generator_c/map_msgs/msg/detail/occupancy_grid_update__description.c.o[0m
[  4%] [32mBuilding C object CMakeFiles/map_msgs__rosidl_generator_c.dir/rosidl_generator_c/map_msgs/msg/detail/point_cloud2_update__type_support.c.o[0m
[  5%] [32mBuilding C object CMakeFiles/map_msgs__rosidl_generator_c.dir/rosidl_generator_c/map_msgs/msg/detail/projected_map_info__description.c.o[0m
[  5%] [32mBuilding C object CMakeFiles/map_msgs__rosidl_generator_c.dir/rosidl_generator_c/map_msgs/msg/detail/projected_map_info__functions.c.o[0m
[  6%] [32mBuilding C object CMakeFiles/map_msgs__rosidl_generator_c.dir/rosidl_generator_c/map_msgs/msg/detail/projected_map_info__type_support.c.o[0m
[  7%] [32mBuilding C object CMakeFiles/map_msgs__rosidl_generator_c.dir/rosidl_generator_c/map_msgs/msg/detail/projected_map__description.c.o[0m
[  8%] [32mBuilding C object CMakeFiles/map_msgs__rosidl_generator_c.dir/rosidl_generator_c/map_msgs/msg/detail/projected_map__functions.c.o[0m
[  9%] [32mBuilding C object CMakeFiles/map_msgs__rosidl_generator_c.dir/rosidl_generator_c/map_msgs/msg/detail/projected_map__type_support.c.o[0m
[  9%] [32mBuilding C object CMakeFiles/map_msgs__rosidl_generator_c.dir/rosidl_generator_c/map_msgs/srv/detail/get_map_roi__description.c.o[0m
[ 10%] [32mBuilding C object CMakeFiles/map_msgs__rosidl_generator_c.dir/rosidl_generator_c/map_msgs/srv/detail/get_map_roi__functions.c.o[0m
[ 11%] [32mBuilding C object CMakeFiles/map_msgs__rosidl_generator_c.dir/rosidl_generator_c/map_msgs/srv/detail/get_map_roi__type_support.c.o[0m
[ 12%] [32mBuilding C object CMakeFiles/map_msgs__rosidl_generator_c.dir/rosidl_generator_c/map_msgs/srv/detail/get_point_map_roi__description.c.o[0m
[ 13%] [32mBuilding C object CMakeFiles/map_msgs__rosidl_generator_c.dir/rosidl_generator_c/map_msgs/srv/detail/get_point_map_roi__functions.c.o[0m
[ 13%] [32mBuilding C object CMakeFiles/map_msgs__rosidl_generator_c.dir/rosidl_generator_c/map_msgs/srv/detail/get_point_map_roi__type_support.c.o[0m
[ 14%] [32mBuilding C object CMakeFiles/map_msgs__rosidl_generator_c.dir/rosidl_generator_c/map_msgs/srv/detail/get_point_map__description.c.o[0m
[ 15%] [32mBuilding C object CMakeFiles/map_msgs__rosidl_generator_c.dir/rosidl_generator_c/map_msgs/srv/detail/get_point_map__functions.c.o[0m
[ 16%] [32mBuilding C object CMakeFiles/map_msgs__rosidl_generator_c.dir/rosidl_generator_c/map_msgs/srv/detail/get_point_map__type_support.c.o[0m
[ 17%] [32mBuilding C object CMakeFiles/map_msgs__rosidl_generator_c.dir/rosidl_generator_c/map_msgs/srv/detail/projected_maps_info__description.c.o[0m
[ 17%] [32mBuilding C object CMakeFiles/map_msgs__rosidl_generator_c.dir/rosidl_generator_c/map_msgs/srv/detail/projected_maps_info__functions.c.o[0m
[ 18%] [32mBuilding C object CMakeFiles/map_msgs__rosidl_generator_c.dir/rosidl_generator_c/map_msgs/srv/detail/projected_maps_info__type_support.c.o[0m
[ 19%] [32mBuilding C object CMakeFiles/map_msgs__rosidl_generator_c.dir/rosidl_generator_c/map_msgs/srv/detail/save_map__description.c.o[0m
[ 20%] [32mBuilding C object CMakeFiles/map_msgs__rosidl_generator_c.dir/rosidl_generator_c/map_msgs/srv/detail/save_map__functions.c.o[0m
[ 21%] [32mBuilding C object CMakeFiles/map_msgs__rosidl_generator_c.dir/rosidl_generator_c/map_msgs/srv/detail/save_map__type_support.c.o[0m
[ 22%] [32mBuilding C object CMakeFiles/map_msgs__rosidl_generator_c.dir/rosidl_generator_c/map_msgs/srv/detail/set_map_projections__description.c.o[0m
[ 22%] [32mBuilding C object CMakeFiles/map_msgs__rosidl_generator_c.dir/rosidl_generator_c/map_msgs/srv/detail/set_map_projections__functions.c.o[0m
[ 23%] [32mBuilding C object CMakeFiles/map_msgs__rosidl_generator_c.dir/rosidl_generator_c/map_msgs/srv/detail/set_map_projections__type_support.c.o[0m
[ 24%] [32mBuilding C object CMakeFiles/map_msgs__rosidl_generator_c.dir/rosidl_generator_c/map_msgs/msg/detail/point_cloud2_update__functions.c.o[0m
[ 25%] [32mBuilding C object CMakeFiles/map_msgs__rosidl_generator_c.dir/rosidl_generator_c/map_msgs/msg/detail/point_cloud2_update__description.c.o[0m
[ 25%] [32mBuilding C object CMakeFiles/map_msgs__rosidl_generator_c.dir/rosidl_generator_c/map_msgs/msg/detail/occupancy_grid_update__type_support.c.o[0m
[ 26%] [32mBuilding C object CMakeFiles/map_msgs__rosidl_generator_c.dir/rosidl_generator_c/map_msgs/msg/detail/occupancy_grid_update__functions.c.o[0m
[ 27%] [32m[1mLinking C shared library libmap_msgs__rosidl_generator_c.so[0m
[ 27%] Built target map_msgs__rosidl_generator_c
running egg_info
creating map_msgs.egg-info
writing map_msgs.egg-info/PKG-INFO
writing dependency_links to map_msgs.egg-info/dependency_links.txt
writing top-level names to map_msgs.egg-info/top_level.txt
writing manifest file 'map_msgs.egg-info/SOURCES.txt'
reading manifest file 'map_msgs.egg-info/SOURCES.txt'
writing manifest file 'map_msgs.egg-info/SOURCES.txt'
[ 27%] Built target ament_cmake_python_build_map_msgs_egg
[ 27%] [34m[1mGenerating C type support dispatch for ROS interfaces[0m
[ 28%] [32mBuilding CXX object CMakeFiles/map_msgs__rosidl_typesupport_c.dir/rosidl_typesupport_c/map_msgs/msg/occupancy_grid_update__type_support.cpp.o[0m
[ 28%] [32mBuilding CXX object CMakeFiles/map_msgs__rosidl_typesupport_c.dir/rosidl_typesupport_c/map_msgs/srv/get_map_roi__type_support.cpp.o[0m
[ 29%] [32mBuilding CXX object CMakeFiles/map_msgs__rosidl_typesupport_c.dir/rosidl_typesupport_c/map_msgs/srv/get_point_map_roi__type_support.cpp.o[0m
[ 30%] [32mBuilding CXX object CMakeFiles/map_msgs__rosidl_typesupport_c.dir/rosidl_typesupport_c/map_msgs/srv/get_point_map__type_support.cpp.o[0m
[ 31%] [32mBuilding CXX object CMakeFiles/map_msgs__rosidl_typesupport_c.dir/rosidl_typesupport_c/map_msgs/srv/projected_maps_info__type_support.cpp.o[0m
[ 32%] [32mBuilding CXX object CMakeFiles/map_msgs__rosidl_typesupport_c.dir/rosidl_typesupport_c/map_msgs/srv/save_map__type_support.cpp.o[0m
[ 32%] [32mBuilding CXX object CMakeFiles/map_msgs__rosidl_typesupport_c.dir/rosidl_typesupport_c/map_msgs/srv/set_map_projections__type_support.cpp.o[0m
[ 33%] [32mBuilding CXX object CMakeFiles/map_msgs__rosidl_typesupport_c.dir/rosidl_typesupport_c/map_msgs/msg/projected_map__type_support.cpp.o[0m
[ 34%] [32mBuilding CXX object CMakeFiles/map_msgs__rosidl_typesupport_c.dir/rosidl_typesupport_c/map_msgs/msg/projected_map_info__type_support.cpp.o[0m
[ 35%] [32mBuilding CXX object CMakeFiles/map_msgs__rosidl_typesupport_c.dir/rosidl_typesupport_c/map_msgs/msg/point_cloud2_update__type_support.cpp.o[0m
[ 36%] [32m[1mLinking CXX shared library libmap_msgs__rosidl_typesupport_c.so[0m
[ 36%] Built target map_msgs__rosidl_typesupport_c
[ 37%] [34m[1mGenerating C introspection for ROS interfaces[0m
[ 38%] [32mBuilding C object CMakeFiles/map_msgs__rosidl_typesupport_introspection_c.dir/rosidl_typesupport_introspection_c/map_msgs/msg/detail/occupancy_grid_update__type_support.c.o[0m
[ 39%] [32mBuilding C object CMakeFiles/map_msgs__rosidl_typesupport_introspection_c.dir/rosidl_typesupport_introspection_c/map_msgs/msg/detail/point_cloud2_update__type_support.c.o[0m
[ 40%] [32mBuilding C object CMakeFiles/map_msgs__rosidl_typesupport_introspection_c.dir/rosidl_typesupport_introspection_c/map_msgs/srv/detail/get_point_map__type_support.c.o[0m
[ 41%] [32mBuilding C object CMakeFiles/map_msgs__rosidl_typesupport_introspection_c.dir/rosidl_typesupport_introspection_c/map_msgs/srv/detail/get_point_map_roi__type_support.c.o[0m
[ 42%] [32mBuilding C object CMakeFiles/map_msgs__rosidl_typesupport_introspection_c.dir/rosidl_typesupport_introspection_c/map_msgs/srv/detail/projected_maps_info__type_support.c.o[0m
[ 42%] [32mBuilding C object CMakeFiles/map_msgs__rosidl_typesupport_introspection_c.dir/rosidl_typesupport_introspection_c/map_msgs/srv/detail/save_map__type_support.c.o[0m
[ 43%] [32mBuilding C object CMakeFiles/map_msgs__rosidl_typesupport_introspection_c.dir/rosidl_typesupport_introspection_c/map_msgs/srv/detail/set_map_projections__type_support.c.o[0m
[ 44%] [32mBuilding C object CMakeFiles/map_msgs__rosidl_typesupport_introspection_c.dir/rosidl_typesupport_introspection_c/map_msgs/srv/detail/get_map_roi__type_support.c.o[0m
[ 44%] [32mBuilding C object CMakeFiles/map_msgs__rosidl_typesupport_introspection_c.dir/rosidl_typesupport_introspection_c/map_msgs/msg/detail/projected_map__type_support.c.o[0m
[ 45%] [32mBuilding C object CMakeFiles/map_msgs__rosidl_typesupport_introspection_c.dir/rosidl_typesupport_introspection_c/map_msgs/msg/detail/projected_map_info__type_support.c.o[0m
[ 46%] [32m[1mLinking C shared library libmap_msgs__rosidl_typesupport_introspection_c.so[0m
[ 46%] Built target map_msgs__rosidl_typesupport_introspection_c
[ 46%] [34m[1mGenerating C++ code for ROS interfaces[0m
[ 47%] [34m[1mGenerating C type support for eProsima Fast-RTPS[0m
[ 48%] [32mBuilding CXX object CMakeFiles/map_msgs__rosidl_typesupport_fastrtps_c.dir/rosidl_typesupport_fastrtps_c/map_msgs/msg/detail/occupancy_grid_update__type_support_c.cpp.o[0m
[ 48%] [32mBuilding CXX object CMakeFiles/map_msgs__rosidl_typesupport_fastrtps_c.dir/rosidl_typesupport_fastrtps_c/map_msgs/msg/detail/point_cloud2_update__type_support_c.cpp.o[0m
[ 48%] [32mBuilding CXX object CMakeFiles/map_msgs__rosidl_typesupport_fastrtps_c.dir/rosidl_typesupport_fastrtps_c/map_msgs/srv/detail/get_point_map__type_support_c.cpp.o[0m
[ 48%] Built target map_msgs__cpp
[ 49%] [32mBuilding CXX object CMakeFiles/map_msgs__rosidl_typesupport_fastrtps_c.dir/rosidl_typesupport_fastrtps_c/map_msgs/srv/detail/save_map__type_support_c.cpp.o[0m
[ 50%] [34m[1mGenerating C++ type support dispatch for ROS interfaces[0m
[ 51%] [32mBuilding CXX object CMakeFiles/map_msgs__rosidl_typesupport_fastrtps_c.dir/rosidl_typesupport_fastrtps_c/map_msgs/srv/detail/projected_maps_info__type_support_c.cpp.o[0m
[ 52%] [32mBuilding CXX object CMakeFiles/map_msgs__rosidl_typesupport_fastrtps_c.dir/rosidl_typesupport_fastrtps_c/map_msgs/srv/detail/get_point_map_roi__type_support_c.cpp.o[0m
[ 53%] [32mBuilding CXX object CMakeFiles/map_msgs__rosidl_typesupport_fastrtps_c.dir/rosidl_typesupport_fastrtps_c/map_msgs/srv/detail/get_map_roi__type_support_c.cpp.o[0m
[ 54%] [32mBuilding CXX object CMakeFiles/map_msgs__rosidl_typesupport_fastrtps_c.dir/rosidl_typesupport_fastrtps_c/map_msgs/msg/detail/projected_map__type_support_c.cpp.o[0m
[ 55%] [32mBuilding CXX object CMakeFiles/map_msgs__rosidl_typesupport_cpp.dir/rosidl_typesupport_cpp/map_msgs/msg/occupancy_grid_update__type_support.cpp.o[0m
[ 56%] [32mBuilding CXX object CMakeFiles/map_msgs__rosidl_typesupport_cpp.dir/rosidl_typesupport_cpp/map_msgs/msg/point_cloud2_update__type_support.cpp.o[0m
[ 57%] [32mBuilding CXX object CMakeFiles/map_msgs__rosidl_typesupport_fastrtps_c.dir/rosidl_typesupport_fastrtps_c/map_msgs/srv/detail/set_map_projections__type_support_c.cpp.o[0m
[ 58%] [32mBuilding CXX object CMakeFiles/map_msgs__rosidl_typesupport_fastrtps_c.dir/rosidl_typesupport_fastrtps_c/map_msgs/msg/detail/projected_map_info__type_support_c.cpp.o[0m
[ 58%] [32mBuilding CXX object CMakeFiles/map_msgs__rosidl_typesupport_cpp.dir/rosidl_typesupport_cpp/map_msgs/msg/projected_map__type_support.cpp.o[0m
[ 59%] [32mBuilding CXX object CMakeFiles/map_msgs__rosidl_typesupport_cpp.dir/rosidl_typesupport_cpp/map_msgs/srv/get_map_roi__type_support.cpp.o[0m
[ 60%] [32m[1mLinking CXX shared library libmap_msgs__rosidl_typesupport_fastrtps_c.so[0m
[ 61%] [32mBuilding CXX object CMakeFiles/map_msgs__rosidl_typesupport_cpp.dir/rosidl_typesupport_cpp/map_msgs/srv/get_point_map__type_support.cpp.o[0m
[ 61%] Built target map_msgs__rosidl_typesupport_fastrtps_c
[ 61%] [34m[1mGenerating C++ type support for eProsima Fast-RTPS[0m
[ 61%] [32mBuilding CXX object CMakeFiles/map_msgs__rosidl_typesupport_cpp.dir/rosidl_typesupport_cpp/map_msgs/srv/save_map__type_support.cpp.o[0m
[ 62%] [32mBuilding CXX object CMakeFiles/map_msgs__rosidl_typesupport_cpp.dir/rosidl_typesupport_cpp/map_msgs/srv/set_map_projections__type_support.cpp.o[0m
[ 63%] [32mBuilding CXX object CMakeFiles/map_msgs__rosidl_typesupport_fastrtps_cpp.dir/rosidl_typesupport_fastrtps_cpp/map_msgs/msg/detail/dds_fastrtps/occupancy_grid_update__type_support.cpp.o[0m
[ 64%] [32mBuilding CXX object CMakeFiles/map_msgs__rosidl_typesupport_cpp.dir/rosidl_typesupport_cpp/map_msgs/srv/projected_maps_info__type_support.cpp.o[0m
[ 65%] [32mBuilding CXX object CMakeFiles/map_msgs__rosidl_typesupport_fastrtps_cpp.dir/rosidl_typesupport_fastrtps_cpp/map_msgs/msg/detail/dds_fastrtps/projected_map__type_support.cpp.o[0m
[ 66%] [32mBuilding CXX object CMakeFiles/map_msgs__rosidl_typesupport_cpp.dir/rosidl_typesupport_cpp/map_msgs/srv/get_point_map_roi__type_support.cpp.o[0m
[ 67%] [32mBuilding CXX object CMakeFiles/map_msgs__rosidl_typesupport_fastrtps_cpp.dir/rosidl_typesupport_fastrtps_cpp/map_msgs/srv/detail/dds_fastrtps/get_point_map_roi__type_support.cpp.o[0m
[ 68%] [32mBuilding CXX object CMakeFiles/map_msgs__rosidl_typesupport_cpp.dir/rosidl_typesupport_cpp/map_msgs/msg/projected_map_info__type_support.cpp.o[0m
[ 69%] [32m[1mLinking CXX shared library libmap_msgs__rosidl_typesupport_cpp.so[0m
[ 70%] [32mBuilding CXX object CMakeFiles/map_msgs__rosidl_typesupport_fastrtps_cpp.dir/rosidl_typesupport_fastrtps_cpp/map_msgs/srv/detail/dds_fastrtps/projected_maps_info__type_support.cpp.o[0m
[ 70%] Built target map_msgs__rosidl_typesupport_cpp
[ 71%] [32mBuilding CXX object CMakeFiles/map_msgs__rosidl_typesupport_fastrtps_cpp.dir/rosidl_typesupport_fastrtps_cpp/map_msgs/srv/detail/dds_fastrtps/set_map_projections__type_support.cpp.o[0m
[ 72%] [32mBuilding CXX object CMakeFiles/map_msgs__rosidl_typesupport_fastrtps_cpp.dir/rosidl_typesupport_fastrtps_cpp/map_msgs/srv/detail/dds_fastrtps/save_map__type_support.cpp.o[0m
[ 73%] [32mBuilding CXX object CMakeFiles/map_msgs__rosidl_typesupport_fastrtps_cpp.dir/rosidl_typesupport_fastrtps_cpp/map_msgs/srv/detail/dds_fastrtps/get_point_map__type_support.cpp.o[0m
[ 73%] [32mBuilding CXX object CMakeFiles/map_msgs__rosidl_typesupport_fastrtps_cpp.dir/rosidl_typesupport_fastrtps_cpp/map_msgs/srv/detail/dds_fastrtps/get_map_roi__type_support.cpp.o[0m
[ 74%] [32mBuilding CXX object CMakeFiles/map_msgs__rosidl_typesupport_fastrtps_cpp.dir/rosidl_typesupport_fastrtps_cpp/map_msgs/msg/detail/dds_fastrtps/projected_map_info__type_support.cpp.o[0m
[ 75%] [32mBuilding CXX object CMakeFiles/map_msgs__rosidl_typesupport_fastrtps_cpp.dir/rosidl_typesupport_fastrtps_cpp/map_msgs/msg/detail/dds_fastrtps/point_cloud2_update__type_support.cpp.o[0m
[ 75%] [32m[1mLinking CXX shared library libmap_msgs__rosidl_typesupport_fastrtps_cpp.so[0m
[ 75%] Built target map_msgs__rosidl_typesupport_fastrtps_cpp
[ 76%] [34m[1mGenerating C++ introspection for ROS interfaces[0m
[ 77%] [32mBuilding CXX object CMakeFiles/map_msgs__rosidl_typesupport_introspection_cpp.dir/rosidl_typesupport_introspection_cpp/map_msgs/msg/detail/occupancy_grid_update__type_support.cpp.o[0m
[ 78%] [32mBuilding CXX object CMakeFiles/map_msgs__rosidl_typesupport_introspection_cpp.dir/rosidl_typesupport_introspection_cpp/map_msgs/srv/detail/projected_maps_info__type_support.cpp.o[0m
[ 79%] [32mBuilding CXX object CMakeFiles/map_msgs__rosidl_typesupport_introspection_cpp.dir/rosidl_typesupport_introspection_cpp/map_msgs/srv/detail/save_map__type_support.cpp.o[0m
[ 80%] [32mBuilding CXX object CMakeFiles/map_msgs__rosidl_typesupport_introspection_cpp.dir/rosidl_typesupport_introspection_cpp/map_msgs/srv/detail/set_map_projections__type_support.cpp.o[0m
[ 80%] [32mBuilding CXX object CMakeFiles/map_msgs__rosidl_typesupport_introspection_cpp.dir/rosidl_typesupport_introspection_cpp/map_msgs/srv/detail/get_point_map__type_support.cpp.o[0m
[ 81%] [32mBuilding CXX object CMakeFiles/map_msgs__rosidl_typesupport_introspection_cpp.dir/rosidl_typesupport_introspection_cpp/map_msgs/srv/detail/get_point_map_roi__type_support.cpp.o[0m
[ 82%] [32mBuilding CXX object CMakeFiles/map_msgs__rosidl_typesupport_introspection_cpp.dir/rosidl_typesupport_introspection_cpp/map_msgs/srv/detail/get_map_roi__type_support.cpp.o[0m
[ 83%] [32mBuilding CXX object CMakeFiles/map_msgs__rosidl_typesupport_introspection_cpp.dir/rosidl_typesupport_introspection_cpp/map_msgs/msg/detail/projected_map__type_support.cpp.o[0m
[ 84%] [32mBuilding CXX object CMakeFiles/map_msgs__rosidl_typesupport_introspection_cpp.dir/rosidl_typesupport_introspection_cpp/map_msgs/msg/detail/projected_map_info__type_support.cpp.o[0m
[ 84%] [32mBuilding CXX object CMakeFiles/map_msgs__rosidl_typesupport_introspection_cpp.dir/rosidl_typesupport_introspection_cpp/map_msgs/msg/detail/point_cloud2_update__type_support.cpp.o[0m
[ 85%] [32m[1mLinking CXX shared library libmap_msgs__rosidl_typesupport_introspection_cpp.so[0m
[ 85%] Built target map_msgs__rosidl_typesupport_introspection_cpp
[ 85%] Built target map_msgs
[ 86%] [34m[1mGenerating Python code for ROS interfaces[0m
[ 86%] Built target map_msgs__py
[ 87%] [32mBuilding C object CMakeFiles/map_msgs__rosidl_generator_py.dir/rosidl_generator_py/map_msgs/msg/_occupancy_grid_update_s.c.o[0m
[ 87%] [32mBuilding C object CMakeFiles/map_msgs__rosidl_generator_py.dir/rosidl_generator_py/map_msgs/srv/_projected_maps_info_s.c.o[0m
[ 88%] [32mBuilding C object CMakeFiles/map_msgs__rosidl_generator_py.dir/rosidl_generator_py/map_msgs/srv/_save_map_s.c.o[0m
[ 89%] [32mBuilding C object CMakeFiles/map_msgs__rosidl_generator_py.dir/rosidl_generator_py/map_msgs/srv/_set_map_projections_s.c.o[0m
[ 90%] [32mBuilding C object CMakeFiles/map_msgs__rosidl_generator_py.dir/rosidl_generator_py/map_msgs/srv/_get_point_map_s.c.o[0m
[ 91%] [32mBuilding C object CMakeFiles/map_msgs__rosidl_generator_py.dir/rosidl_generator_py/map_msgs/srv/_get_point_map_roi_s.c.o[0m
[ 92%] [32mBuilding C object CMakeFiles/map_msgs__rosidl_generator_py.dir/rosidl_generator_py/map_msgs/srv/_get_map_roi_s.c.o[0m
[ 93%] [32mBuilding C object CMakeFiles/map_msgs__rosidl_generator_py.dir/rosidl_generator_py/map_msgs/msg/_projected_map_s.c.o[0m
[ 93%] [32mBuilding C object CMakeFiles/map_msgs__rosidl_generator_py.dir/rosidl_generator_py/map_msgs/msg/_projected_map_info_s.c.o[0m
[ 94%] [32mBuilding C object CMakeFiles/map_msgs__rosidl_generator_py.dir/rosidl_generator_py/map_msgs/msg/_point_cloud2_update_s.c.o[0m
[ 95%] [32m[1mLinking C shared library libmap_msgs__rosidl_generator_py.so[0m
[ 95%] Built target map_msgs__rosidl_generator_py
[ 96%] [32mBuilding C object CMakeFiles/map_msgs_s__rosidl_typesupport_fastrtps_c.dir/rosidl_generator_py/map_msgs/_map_msgs_s.ep.rosidl_typesupport_fastrtps_c.c.o[0m
[ 97%] [32m[1mLinking C shared module rosidl_generator_py/map_msgs/map_msgs_s__rosidl_typesupport_fastrtps_c.so[0m
[ 97%] Built target map_msgs_s__rosidl_typesupport_fastrtps_c
[ 97%] [32mBuilding C object CMakeFiles/map_msgs_s__rosidl_typesupport_c.dir/rosidl_generator_py/map_msgs/_map_msgs_s.ep.rosidl_typesupport_c.c.o[0m
[ 98%] [32m[1mLinking C shared module rosidl_generator_py/map_msgs/map_msgs_s__rosidl_typesupport_c.so[0m
[ 98%] Built target map_msgs_s__rosidl_typesupport_c
[ 99%] [32mBuilding C object CMakeFiles/map_msgs_s__rosidl_typesupport_introspection_c.dir/rosidl_generator_py/map_msgs/_map_msgs_s.ep.rosidl_typesupport_introspection_c.c.o[0m
[100%] [32m[1mLinking C shared module rosidl_generator_py/map_msgs/map_msgs_s__rosidl_typesupport_introspection_c.so[0m
[100%] Built target map_msgs_s__rosidl_typesupport_introspection_c
-- Install configuration: ""
-- Execute custom install script
-- Symlinking: /work/ubuntu-ros2-dev/install/map_msgs/share/ament_index/resource_index/rosidl_interfaces/map_msgs
-- Symlinking: /work/ubuntu-ros2-dev/install/map_msgs/share/map_msgs/msg/OccupancyGridUpdate.json
-- Symlinking: /work/ubuntu-ros2-dev/install/map_msgs/share/map_msgs/msg/PointCloud2Update.json
-- Symlinking: /work/ubuntu-ros2-dev/install/map_msgs/share/map_msgs/msg/ProjectedMapInfo.json
-- Symlinking: /work/ubuntu-ros2-dev/install/map_msgs/share/map_msgs/msg/ProjectedMap.json
-- Symlinking: /work/ubuntu-ros2-dev/install/map_msgs/share/map_msgs/srv/GetMapROI.json
-- Symlinking: /work/ubuntu-ros2-dev/install/map_msgs/share/map_msgs/srv/GetPointMapROI.json
-- Symlinking: /work/ubuntu-ros2-dev/install/map_msgs/share/map_msgs/srv/GetPointMap.json
-- Symlinking: /work/ubuntu-ros2-dev/install/map_msgs/share/map_msgs/srv/ProjectedMapsInfo.json
-- Symlinking: /work/ubuntu-ros2-dev/install/map_msgs/share/map_msgs/srv/SaveMap.json
-- Symlinking: /work/ubuntu-ros2-dev/install/map_msgs/share/map_msgs/srv/SetMapProjections.json
-- Symlinking: /work/ubuntu-ros2-dev/install/map_msgs/include/map_msgs/map_msgs/msg/detail/occupancy_grid_update__functions.h
-- Symlinking: /work/ubuntu-ros2-dev/install/map_msgs/include/map_msgs/map_msgs/msg/detail/occupancy_grid_update__struct.h
-- Symlinking: /work/ubuntu-ros2-dev/install/map_msgs/include/map_msgs/map_msgs/msg/detail/occupancy_grid_update__type_support.h
-- Symlinking: /work/ubuntu-ros2-dev/install/map_msgs/include/map_msgs/map_msgs/msg/detail/point_cloud2_update__functions.h
-- Symlinking: /work/ubuntu-ros2-dev/install/map_msgs/include/map_msgs/map_msgs/msg/detail/point_cloud2_update__struct.h
-- Symlinking: /work/ubuntu-ros2-dev/install/map_msgs/include/map_msgs/map_msgs/msg/detail/point_cloud2_update__type_support.h
-- Symlinking: /work/ubuntu-ros2-dev/install/map_msgs/include/map_msgs/map_msgs/msg/detail/projected_map__functions.h
-- Symlinking: /work/ubuntu-ros2-dev/install/map_msgs/include/map_msgs/map_msgs/msg/detail/projected_map__struct.h
-- Symlinking: /work/ubuntu-ros2-dev/install/map_msgs/include/map_msgs/map_msgs/msg/detail/projected_map__type_support.h
-- Symlinking: /work/ubuntu-ros2-dev/install/map_msgs/include/map_msgs/map_msgs/msg/detail/projected_map_info__functions.h
-- Symlinking: /work/ubuntu-ros2-dev/install/map_msgs/include/map_msgs/map_msgs/msg/detail/projected_map_info__struct.h
-- Symlinking: /work/ubuntu-ros2-dev/install/map_msgs/include/map_msgs/map_msgs/msg/detail/projected_map_info__type_support.h
-- Symlinking: /work/ubuntu-ros2-dev/install/map_msgs/include/map_msgs/map_msgs/msg/occupancy_grid_update.h
-- Symlinking: /work/ubuntu-ros2-dev/install/map_msgs/include/map_msgs/map_msgs/msg/point_cloud2_update.h
-- Symlinking: /work/ubuntu-ros2-dev/install/map_msgs/include/map_msgs/map_msgs/msg/projected_map.h
-- Symlinking: /work/ubuntu-ros2-dev/install/map_msgs/include/map_msgs/map_msgs/msg/projected_map_info.h
-- Symlinking: /work/ubuntu-ros2-dev/install/map_msgs/include/map_msgs/map_msgs/msg/rosidl_generator_c__visibility_control.h
-- Symlinking: /work/ubuntu-ros2-dev/install/map_msgs/include/map_msgs/map_msgs/srv/detail/get_map_roi__functions.h
-- Symlinking: /work/ubuntu-ros2-dev/install/map_msgs/include/map_msgs/map_msgs/srv/detail/get_map_roi__struct.h
-- Symlinking: /work/ubuntu-ros2-dev/install/map_msgs/include/map_msgs/map_msgs/srv/detail/get_map_roi__type_support.h
-- Symlinking: /work/ubuntu-ros2-dev/install/map_msgs/include/map_msgs/map_msgs/srv/detail/get_point_map__functions.h
-- Symlinking: /work/ubuntu-ros2-dev/install/map_msgs/include/map_msgs/map_msgs/srv/detail/get_point_map__struct.h
-- Symlinking: /work/ubuntu-ros2-dev/install/map_msgs/include/map_msgs/map_msgs/srv/detail/get_point_map__type_support.h
-- Symlinking: /work/ubuntu-ros2-dev/install/map_msgs/include/map_msgs/map_msgs/srv/detail/get_point_map_roi__functions.h
-- Symlinking: /work/ubuntu-ros2-dev/install/map_msgs/include/map_msgs/map_msgs/srv/detail/get_point_map_roi__struct.h
-- Symlinking: /work/ubuntu-ros2-dev/install/map_msgs/include/map_msgs/map_msgs/srv/detail/get_point_map_roi__type_support.h
-- Symlinking: /work/ubuntu-ros2-dev/install/map_msgs/include/map_msgs/map_msgs/srv/detail/projected_maps_info__functions.h
-- Symlinking: /work/ubuntu-ros2-dev/install/map_msgs/include/map_msgs/map_msgs/srv/detail/projected_maps_info__struct.h
-- Symlinking: /work/ubuntu-ros2-dev/install/map_msgs/include/map_msgs/map_msgs/srv/detail/projected_maps_info__type_support.h
-- Symlinking: /work/ubuntu-ros2-dev/install/map_msgs/include/map_msgs/map_msgs/srv/detail/save_map__functions.h
-- Symlinking: /work/ubuntu-ros2-dev/install/map_msgs/include/map_msgs/map_msgs/srv/detail/save_map__struct.h
-- Symlinking: /work/ubuntu-ros2-dev/install/map_msgs/include/map_msgs/map_msgs/srv/detail/save_map__type_support.h
-- Symlinking: /work/ubuntu-ros2-dev/install/map_msgs/include/map_msgs/map_msgs/srv/detail/set_map_projections__functions.h
-- Symlinking: /work/ubuntu-ros2-dev/install/map_msgs/include/map_msgs/map_msgs/srv/detail/set_map_projections__struct.h
-- Symlinking: /work/ubuntu-ros2-dev/install/map_msgs/include/map_msgs/map_msgs/srv/detail/set_map_projections__type_support.h
-- Symlinking: /work/ubuntu-ros2-dev/install/map_msgs/include/map_msgs/map_msgs/srv/get_map_roi.h
-- Symlinking: /work/ubuntu-ros2-dev/install/map_msgs/include/map_msgs/map_msgs/srv/get_point_map.h
-- Symlinking: /work/ubuntu-ros2-dev/install/map_msgs/include/map_msgs/map_msgs/srv/get_point_map_roi.h
-- Symlinking: /work/ubuntu-ros2-dev/install/map_msgs/include/map_msgs/map_msgs/srv/projected_maps_info.h
-- Symlinking: /work/ubuntu-ros2-dev/install/map_msgs/include/map_msgs/map_msgs/srv/save_map.h
-- Symlinking: /work/ubuntu-ros2-dev/install/map_msgs/include/map_msgs/map_msgs/srv/set_map_projections.h
-- Symlinking: /work/ubuntu-ros2-dev/install/map_msgs/share/map_msgs/environment/library_path.sh
-- Symlinking: /work/ubuntu-ros2-dev/install/map_msgs/share/map_msgs/environment/library_path.dsv
-- Symlinking: /work/ubuntu-ros2-dev/install/map_msgs/include/map_msgs/map_msgs/msg/detail/occupancy_grid_update__rosidl_typesupport_fastrtps_c.h
-- Symlinking: /work/ubuntu-ros2-dev/install/map_msgs/include/map_msgs/map_msgs/msg/detail/point_cloud2_update__rosidl_typesupport_fastrtps_c.h
-- Symlinking: /work/ubuntu-ros2-dev/install/map_msgs/include/map_msgs/map_msgs/msg/detail/projected_map__rosidl_typesupport_fastrtps_c.h
-- Symlinking: /work/ubuntu-ros2-dev/install/map_msgs/include/map_msgs/map_msgs/msg/detail/projected_map_info__rosidl_typesupport_fastrtps_c.h
-- Symlinking: /work/ubuntu-ros2-dev/install/map_msgs/include/map_msgs/map_msgs/msg/rosidl_typesupport_fastrtps_c__visibility_control.h
-- Symlinking: /work/ubuntu-ros2-dev/install/map_msgs/include/map_msgs/map_msgs/srv/detail/get_map_roi__rosidl_typesupport_fastrtps_c.h
-- Symlinking: /work/ubuntu-ros2-dev/install/map_msgs/include/map_msgs/map_msgs/srv/detail/get_point_map__rosidl_typesupport_fastrtps_c.h
-- Symlinking: /work/ubuntu-ros2-dev/install/map_msgs/include/map_msgs/map_msgs/srv/detail/get_point_map_roi__rosidl_typesupport_fastrtps_c.h
-- Symlinking: /work/ubuntu-ros2-dev/install/map_msgs/include/map_msgs/map_msgs/srv/detail/projected_maps_info__rosidl_typesupport_fastrtps_c.h
-- Symlinking: /work/ubuntu-ros2-dev/install/map_msgs/include/map_msgs/map_msgs/srv/detail/save_map__rosidl_typesupport_fastrtps_c.h
-- Symlinking: /work/ubuntu-ros2-dev/install/map_msgs/include/map_msgs/map_msgs/srv/detail/set_map_projections__rosidl_typesupport_fastrtps_c.h
-- Symlinking: /work/ubuntu-ros2-dev/install/map_msgs/include/map_msgs/map_msgs/msg/detail/occupancy_grid_update__rosidl_typesupport_introspection_c.h
-- Symlinking: /work/ubuntu-ros2-dev/install/map_msgs/include/map_msgs/map_msgs/msg/detail/point_cloud2_update__rosidl_typesupport_introspection_c.h
-- Symlinking: /work/ubuntu-ros2-dev/install/map_msgs/include/map_msgs/map_msgs/msg/detail/projected_map__rosidl_typesupport_introspection_c.h
-- Symlinking: /work/ubuntu-ros2-dev/install/map_msgs/include/map_msgs/map_msgs/msg/detail/projected_map_info__rosidl_typesupport_introspection_c.h
-- Symlinking: /work/ubuntu-ros2-dev/install/map_msgs/include/map_msgs/map_msgs/msg/rosidl_typesupport_introspection_c__visibility_control.h
-- Symlinking: /work/ubuntu-ros2-dev/install/map_msgs/include/map_msgs/map_msgs/srv/detail/get_map_roi__rosidl_typesupport_introspection_c.h
-- Symlinking: /work/ubuntu-ros2-dev/install/map_msgs/include/map_msgs/map_msgs/srv/detail/get_point_map__rosidl_typesupport_introspection_c.h
-- Symlinking: /work/ubuntu-ros2-dev/install/map_msgs/include/map_msgs/map_msgs/srv/detail/get_point_map_roi__rosidl_typesupport_introspection_c.h
-- Symlinking: /work/ubuntu-ros2-dev/install/map_msgs/include/map_msgs/map_msgs/srv/detail/projected_maps_info__rosidl_typesupport_introspection_c.h
-- Symlinking: /work/ubuntu-ros2-dev/install/map_msgs/include/map_msgs/map_msgs/srv/detail/save_map__rosidl_typesupport_introspection_c.h
-- Symlinking: /work/ubuntu-ros2-dev/install/map_msgs/include/map_msgs/map_msgs/srv/detail/set_map_projections__rosidl_typesupport_introspection_c.h
-- Symlinking: /work/ubuntu-ros2-dev/install/map_msgs/include/map_msgs/map_msgs/msg/detail/occupancy_grid_update__builder.hpp
-- Symlinking: /work/ubuntu-ros2-dev/install/map_msgs/include/map_msgs/map_msgs/msg/detail/occupancy_grid_update__struct.hpp
-- Symlinking: /work/ubuntu-ros2-dev/install/map_msgs/include/map_msgs/map_msgs/msg/detail/occupancy_grid_update__traits.hpp
-- Symlinking: /work/ubuntu-ros2-dev/install/map_msgs/include/map_msgs/map_msgs/msg/detail/occupancy_grid_update__type_support.hpp
-- Symlinking: /work/ubuntu-ros2-dev/install/map_msgs/include/map_msgs/map_msgs/msg/detail/point_cloud2_update__builder.hpp
-- Symlinking: /work/ubuntu-ros2-dev/install/map_msgs/include/map_msgs/map_msgs/msg/detail/point_cloud2_update__struct.hpp
-- Symlinking: /work/ubuntu-ros2-dev/install/map_msgs/include/map_msgs/map_msgs/msg/detail/point_cloud2_update__traits.hpp
-- Symlinking: /work/ubuntu-ros2-dev/install/map_msgs/include/map_msgs/map_msgs/msg/detail/point_cloud2_update__type_support.hpp
-- Symlinking: /work/ubuntu-ros2-dev/install/map_msgs/include/map_msgs/map_msgs/msg/detail/projected_map__builder.hpp
-- Symlinking: /work/ubuntu-ros2-dev/install/map_msgs/include/map_msgs/map_msgs/msg/detail/projected_map__struct.hpp
-- Symlinking: /work/ubuntu-ros2-dev/install/map_msgs/include/map_msgs/map_msgs/msg/detail/projected_map__traits.hpp
-- Symlinking: /work/ubuntu-ros2-dev/install/map_msgs/include/map_msgs/map_msgs/msg/detail/projected_map__type_support.hpp
-- Symlinking: /work/ubuntu-ros2-dev/install/map_msgs/include/map_msgs/map_msgs/msg/detail/projected_map_info__builder.hpp
-- Symlinking: /work/ubuntu-ros2-dev/install/map_msgs/include/map_msgs/map_msgs/msg/detail/projected_map_info__struct.hpp
-- Symlinking: /work/ubuntu-ros2-dev/install/map_msgs/include/map_msgs/map_msgs/msg/detail/projected_map_info__traits.hpp
-- Symlinking: /work/ubuntu-ros2-dev/install/map_msgs/include/map_msgs/map_msgs/msg/detail/projected_map_info__type_support.hpp
-- Symlinking: /work/ubuntu-ros2-dev/install/map_msgs/include/map_msgs/map_msgs/msg/occupancy_grid_update.hpp
-- Symlinking: /work/ubuntu-ros2-dev/install/map_msgs/include/map_msgs/map_msgs/msg/point_cloud2_update.hpp
-- Symlinking: /work/ubuntu-ros2-dev/install/map_msgs/include/map_msgs/map_msgs/msg/projected_map.hpp
-- Symlinking: /work/ubuntu-ros2-dev/install/map_msgs/include/map_msgs/map_msgs/msg/projected_map_info.hpp
-- Symlinking: /work/ubuntu-ros2-dev/install/map_msgs/include/map_msgs/map_msgs/msg/rosidl_generator_cpp__visibility_control.hpp
-- Symlinking: /work/ubuntu-ros2-dev/install/map_msgs/include/map_msgs/map_msgs/srv/detail/get_map_roi__builder.hpp
-- Symlinking: /work/ubuntu-ros2-dev/install/map_msgs/include/map_msgs/map_msgs/srv/detail/get_map_roi__struct.hpp
-- Symlinking: /work/ubuntu-ros2-dev/install/map_msgs/include/map_msgs/map_msgs/srv/detail/get_map_roi__traits.hpp
-- Symlinking: /work/ubuntu-ros2-dev/install/map_msgs/include/map_msgs/map_msgs/srv/detail/get_map_roi__type_support.hpp
-- Symlinking: /work/ubuntu-ros2-dev/install/map_msgs/include/map_msgs/map_msgs/srv/detail/get_point_map__builder.hpp
-- Symlinking: /work/ubuntu-ros2-dev/install/map_msgs/include/map_msgs/map_msgs/srv/detail/get_point_map__struct.hpp
-- Symlinking: /work/ubuntu-ros2-dev/install/map_msgs/include/map_msgs/map_msgs/srv/detail/get_point_map__traits.hpp
-- Symlinking: /work/ubuntu-ros2-dev/install/map_msgs/include/map_msgs/map_msgs/srv/detail/get_point_map__type_support.hpp
-- Symlinking: /work/ubuntu-ros2-dev/install/map_msgs/include/map_msgs/map_msgs/srv/detail/get_point_map_roi__builder.hpp
-- Symlinking: /work/ubuntu-ros2-dev/install/map_msgs/include/map_msgs/map_msgs/srv/detail/get_point_map_roi__struct.hpp
-- Symlinking: /work/ubuntu-ros2-dev/install/map_msgs/include/map_msgs/map_msgs/srv/detail/get_point_map_roi__traits.hpp
-- Symlinking: /work/ubuntu-ros2-dev/install/map_msgs/include/map_msgs/map_msgs/srv/detail/get_point_map_roi__type_support.hpp
-- Symlinking: /work/ubuntu-ros2-dev/install/map_msgs/include/map_msgs/map_msgs/srv/detail/projected_maps_info__builder.hpp
-- Symlinking: /work/ubuntu-ros2-dev/install/map_msgs/include/map_msgs/map_msgs/srv/detail/projected_maps_info__struct.hpp
-- Symlinking: /work/ubuntu-ros2-dev/install/map_msgs/include/map_msgs/map_msgs/srv/detail/projected_maps_info__traits.hpp
-- Symlinking: /work/ubuntu-ros2-dev/install/map_msgs/include/map_msgs/map_msgs/srv/detail/projected_maps_info__type_support.hpp
-- Symlinking: /work/ubuntu-ros2-dev/install/map_msgs/include/map_msgs/map_msgs/srv/detail/save_map__builder.hpp
-- Symlinking: /work/ubuntu-ros2-dev/install/map_msgs/include/map_msgs/map_msgs/srv/detail/save_map__struct.hpp
-- Symlinking: /work/ubuntu-ros2-dev/install/map_msgs/include/map_msgs/map_msgs/srv/detail/save_map__traits.hpp
-- Symlinking: /work/ubuntu-ros2-dev/install/map_msgs/include/map_msgs/map_msgs/srv/detail/save_map__type_support.hpp
-- Symlinking: /work/ubuntu-ros2-dev/install/map_msgs/include/map_msgs/map_msgs/srv/detail/set_map_projections__builder.hpp
-- Symlinking: /work/ubuntu-ros2-dev/install/map_msgs/include/map_msgs/map_msgs/srv/detail/set_map_projections__struct.hpp
-- Symlinking: /work/ubuntu-ros2-dev/install/map_msgs/include/map_msgs/map_msgs/srv/detail/set_map_projections__traits.hpp
-- Symlinking: /work/ubuntu-ros2-dev/install/map_msgs/include/map_msgs/map_msgs/srv/detail/set_map_projections__type_support.hpp
-- Symlinking: /work/ubuntu-ros2-dev/install/map_msgs/include/map_msgs/map_msgs/srv/get_map_roi.hpp
-- Symlinking: /work/ubuntu-ros2-dev/install/map_msgs/include/map_msgs/map_msgs/srv/get_point_map.hpp
-- Symlinking: /work/ubuntu-ros2-dev/install/map_msgs/include/map_msgs/map_msgs/srv/get_point_map_roi.hpp
-- Symlinking: /work/ubuntu-ros2-dev/install/map_msgs/include/map_msgs/map_msgs/srv/projected_maps_info.hpp
-- Symlinking: /work/ubuntu-ros2-dev/install/map_msgs/include/map_msgs/map_msgs/srv/save_map.hpp
-- Symlinking: /work/ubuntu-ros2-dev/install/map_msgs/include/map_msgs/map_msgs/srv/set_map_projections.hpp
-- Symlinking: /work/ubuntu-ros2-dev/install/map_msgs/include/map_msgs/map_msgs/msg/detail/occupancy_grid_update__rosidl_typesupport_introspection_cpp.hpp
-- Symlinking: /work/ubuntu-ros2-dev/install/map_msgs/include/map_msgs/map_msgs/msg/detail/point_cloud2_update__rosidl_typesupport_introspection_cpp.hpp
-- Symlinking: /work/ubuntu-ros2-dev/install/map_msgs/include/map_msgs/map_msgs/msg/detail/projected_map__rosidl_typesupport_introspection_cpp.hpp
-- Symlinking: /work/ubuntu-ros2-dev/install/map_msgs/include/map_msgs/map_msgs/msg/detail/projected_map_info__rosidl_typesupport_introspection_cpp.hpp
-- Symlinking: /work/ubuntu-ros2-dev/install/map_msgs/include/map_msgs/map_msgs/srv/detail/get_map_roi__rosidl_typesupport_introspection_cpp.hpp
-- Symlinking: /work/ubuntu-ros2-dev/install/map_msgs/include/map_msgs/map_msgs/srv/detail/get_point_map__rosidl_typesupport_introspection_cpp.hpp
-- Symlinking: /work/ubuntu-ros2-dev/install/map_msgs/include/map_msgs/map_msgs/srv/detail/get_point_map_roi__rosidl_typesupport_introspection_cpp.hpp
-- Symlinking: /work/ubuntu-ros2-dev/install/map_msgs/include/map_msgs/map_msgs/srv/detail/projected_maps_info__rosidl_typesupport_introspection_cpp.hpp
-- Symlinking: /work/ubuntu-ros2-dev/install/map_msgs/include/map_msgs/map_msgs/srv/detail/save_map__rosidl_typesupport_introspection_cpp.hpp
-- Symlinking: /work/ubuntu-ros2-dev/install/map_msgs/include/map_msgs/map_msgs/srv/detail/set_map_projections__rosidl_typesupport_introspection_cpp.hpp
-- Symlinking: /work/ubuntu-ros2-dev/install/map_msgs/include/map_msgs/map_msgs/msg/detail/occupancy_grid_update__rosidl_typesupport_fastrtps_cpp.hpp
-- Symlinking: /work/ubuntu-ros2-dev/install/map_msgs/include/map_msgs/map_msgs/msg/detail/point_cloud2_update__rosidl_typesupport_fastrtps_cpp.hpp
-- Symlinking: /work/ubuntu-ros2-dev/install/map_msgs/include/map_msgs/map_msgs/msg/detail/projected_map__rosidl_typesupport_fastrtps_cpp.hpp
-- Symlinking: /work/ubuntu-ros2-dev/install/map_msgs/include/map_msgs/map_msgs/msg/detail/projected_map_info__rosidl_typesupport_fastrtps_cpp.hpp
-- Symlinking: /work/ubuntu-ros2-dev/install/map_msgs/include/map_msgs/map_msgs/msg/rosidl_typesupport_fastrtps_cpp__visibility_control.h
-- Symlinking: /work/ubuntu-ros2-dev/install/map_msgs/include/map_msgs/map_msgs/srv/detail/get_map_roi__rosidl_typesupport_fastrtps_cpp.hpp
-- Symlinking: /work/ubuntu-ros2-dev/install/map_msgs/include/map_msgs/map_msgs/srv/detail/get_point_map__rosidl_typesupport_fastrtps_cpp.hpp
-- Symlinking: /work/ubuntu-ros2-dev/install/map_msgs/include/map_msgs/map_msgs/srv/detail/get_point_map_roi__rosidl_typesupport_fastrtps_cpp.hpp
-- Symlinking: /work/ubuntu-ros2-dev/install/map_msgs/include/map_msgs/map_msgs/srv/detail/projected_maps_info__rosidl_typesupport_fastrtps_cpp.hpp
-- Symlinking: /work/ubuntu-ros2-dev/install/map_msgs/include/map_msgs/map_msgs/srv/detail/save_map__rosidl_typesupport_fastrtps_cpp.hpp
-- Symlinking: /work/ubuntu-ros2-dev/install/map_msgs/include/map_msgs/map_msgs/srv/detail/set_map_projections__rosidl_typesupport_fastrtps_cpp.hpp
-- Symlinking: /work/ubuntu-ros2-dev/install/map_msgs/share/map_msgs/environment/pythonpath.sh
-- Symlinking: /work/ubuntu-ros2-dev/install/map_msgs/share/map_msgs/environment/pythonpath.dsv
-- Symlinking: /work/ubuntu-ros2-dev/install/map_msgs/lib/python3.10/site-packages/map_msgs-2.4.1-py3.10.egg-info/PKG-INFO
-- Symlinking: /work/ubuntu-ros2-dev/install/map_msgs/lib/python3.10/site-packages/map_msgs-2.4.1-py3.10.egg-info/SOURCES.txt
-- Symlinking: /work/ubuntu-ros2-dev/install/map_msgs/lib/python3.10/site-packages/map_msgs-2.4.1-py3.10.egg-info/dependency_links.txt
-- Symlinking: /work/ubuntu-ros2-dev/install/map_msgs/lib/python3.10/site-packages/map_msgs-2.4.1-py3.10.egg-info/top_level.txt
-- Symlinking: /work/ubuntu-ros2-dev/install/map_msgs/lib/python3.10/site-packages/map_msgs/__init__.py
-- Symlinking: /work/ubuntu-ros2-dev/install/map_msgs/lib/python3.10/site-packages/map_msgs/_map_msgs_s.ep.rosidl_typesupport_c.c
-- Symlinking: /work/ubuntu-ros2-dev/install/map_msgs/lib/python3.10/site-packages/map_msgs/_map_msgs_s.ep.rosidl_typesupport_fastrtps_c.c
-- Symlinking: /work/ubuntu-ros2-dev/install/map_msgs/lib/python3.10/site-packages/map_msgs/_map_msgs_s.ep.rosidl_typesupport_introspection_c.c
-- Symlinking: /work/ubuntu-ros2-dev/install/map_msgs/lib/python3.10/site-packages/map_msgs/map_msgs_s__rosidl_typesupport_c.so
-- Symlinking: /work/ubuntu-ros2-dev/install/map_msgs/lib/python3.10/site-packages/map_msgs/map_msgs_s__rosidl_typesupport_fastrtps_c.so
-- Symlinking: /work/ubuntu-ros2-dev/install/map_msgs/lib/python3.10/site-packages/map_msgs/map_msgs_s__rosidl_typesupport_introspection_c.so
-- Symlinking: /work/ubuntu-ros2-dev/install/map_msgs/lib/python3.10/site-packages/map_msgs/msg/__init__.py
-- Symlinking: /work/ubuntu-ros2-dev/install/map_msgs/lib/python3.10/site-packages/map_msgs/msg/_occupancy_grid_update.py
-- Symlinking: /work/ubuntu-ros2-dev/install/map_msgs/lib/python3.10/site-packages/map_msgs/msg/_occupancy_grid_update_s.c
-- Symlinking: /work/ubuntu-ros2-dev/install/map_msgs/lib/python3.10/site-packages/map_msgs/msg/_point_cloud2_update.py
-- Symlinking: /work/ubuntu-ros2-dev/install/map_msgs/lib/python3.10/site-packages/map_msgs/msg/_point_cloud2_update_s.c
-- Symlinking: /work/ubuntu-ros2-dev/install/map_msgs/lib/python3.10/site-packages/map_msgs/msg/_projected_map.py
-- Symlinking: /work/ubuntu-ros2-dev/install/map_msgs/lib/python3.10/site-packages/map_msgs/msg/_projected_map_info.py
-- Symlinking: /work/ubuntu-ros2-dev/install/map_msgs/lib/python3.10/site-packages/map_msgs/msg/_projected_map_info_s.c
-- Symlinking: /work/ubuntu-ros2-dev/install/map_msgs/lib/python3.10/site-packages/map_msgs/msg/_projected_map_s.c
-- Symlinking: /work/ubuntu-ros2-dev/install/map_msgs/lib/python3.10/site-packages/map_msgs/srv/__init__.py
-- Symlinking: /work/ubuntu-ros2-dev/install/map_msgs/lib/python3.10/site-packages/map_msgs/srv/_get_map_roi.py
-- Symlinking: /work/ubuntu-ros2-dev/install/map_msgs/lib/python3.10/site-packages/map_msgs/srv/_get_map_roi_s.c
-- Symlinking: /work/ubuntu-ros2-dev/install/map_msgs/lib/python3.10/site-packages/map_msgs/srv/_get_point_map.py
-- Symlinking: /work/ubuntu-ros2-dev/install/map_msgs/lib/python3.10/site-packages/map_msgs/srv/_get_point_map_roi.py
-- Symlinking: /work/ubuntu-ros2-dev/install/map_msgs/lib/python3.10/site-packages/map_msgs/srv/_get_point_map_roi_s.c
-- Symlinking: /work/ubuntu-ros2-dev/install/map_msgs/lib/python3.10/site-packages/map_msgs/srv/_get_point_map_s.c
-- Symlinking: /work/ubuntu-ros2-dev/install/map_msgs/lib/python3.10/site-packages/map_msgs/srv/_projected_maps_info.py
-- Symlinking: /work/ubuntu-ros2-dev/install/map_msgs/lib/python3.10/site-packages/map_msgs/srv/_projected_maps_info_s.c
-- Symlinking: /work/ubuntu-ros2-dev/install/map_msgs/lib/python3.10/site-packages/map_msgs/srv/_save_map.py
-- Symlinking: /work/ubuntu-ros2-dev/install/map_msgs/lib/python3.10/site-packages/map_msgs/srv/_save_map_s.c
-- Symlinking: /work/ubuntu-ros2-dev/install/map_msgs/lib/python3.10/site-packages/map_msgs/srv/_set_map_projections.py
-- Symlinking: /work/ubuntu-ros2-dev/install/map_msgs/lib/python3.10/site-packages/map_msgs/srv/_set_map_projections_s.c
-- Up-to-date symlink: /work/ubuntu-ros2-dev/install/map_msgs/lib/python3.10/site-packages/map_msgs/map_msgs_s__rosidl_typesupport_fastrtps_c.so
-- Up-to-date symlink: /work/ubuntu-ros2-dev/install/map_msgs/lib/python3.10/site-packages/map_msgs/map_msgs_s__rosidl_typesupport_introspection_c.so
-- Up-to-date symlink: /work/ubuntu-ros2-dev/install/map_msgs/lib/python3.10/site-packages/map_msgs/map_msgs_s__rosidl_typesupport_c.so
-- Symlinking: /work/ubuntu-ros2-dev/install/map_msgs/share/map_msgs/msg/OccupancyGridUpdate.idl
-- Symlinking: /work/ubuntu-ros2-dev/install/map_msgs/share/map_msgs/msg/PointCloud2Update.idl
-- Symlinking: /work/ubuntu-ros2-dev/install/map_msgs/share/map_msgs/msg/ProjectedMapInfo.idl
-- Symlinking: /work/ubuntu-ros2-dev/install/map_msgs/share/map_msgs/msg/ProjectedMap.idl
-- Symlinking: /work/ubuntu-ros2-dev/install/map_msgs/share/map_msgs/srv/GetMapROI.idl
-- Symlinking: /work/ubuntu-ros2-dev/install/map_msgs/share/map_msgs/srv/GetPointMapROI.idl
-- Symlinking: /work/ubuntu-ros2-dev/install/map_msgs/share/map_msgs/srv/GetPointMap.idl
-- Symlinking: /work/ubuntu-ros2-dev/install/map_msgs/share/map_msgs/srv/ProjectedMapsInfo.idl
-- Symlinking: /work/ubuntu-ros2-dev/install/map_msgs/share/map_msgs/srv/SaveMap.idl
-- Symlinking: /work/ubuntu-ros2-dev/install/map_msgs/share/map_msgs/srv/SetMapProjections.idl
-- Symlinking: /work/ubuntu-ros2-dev/install/map_msgs/share/map_msgs/msg/OccupancyGridUpdate.msg
-- Symlinking: /work/ubuntu-ros2-dev/install/map_msgs/share/map_msgs/msg/PointCloud2Update.msg
-- Symlinking: /work/ubuntu-ros2-dev/install/map_msgs/share/map_msgs/msg/ProjectedMapInfo.msg
-- Symlinking: /work/ubuntu-ros2-dev/install/map_msgs/share/map_msgs/msg/ProjectedMap.msg
-- Symlinking: /work/ubuntu-ros2-dev/install/map_msgs/share/map_msgs/srv/GetMapROI.srv
-- Symlinking: /work/ubuntu-ros2-dev/install/map_msgs/share/map_msgs/srv/GetPointMapROI.srv
-- Symlinking: /work/ubuntu-ros2-dev/install/map_msgs/share/map_msgs/srv/GetPointMap.srv
-- Symlinking: /work/ubuntu-ros2-dev/install/map_msgs/share/map_msgs/srv/ProjectedMapsInfo.srv
-- Symlinking: /work/ubuntu-ros2-dev/install/map_msgs/share/map_msgs/srv/SaveMap.srv
-- Symlinking: /work/ubuntu-ros2-dev/install/map_msgs/share/map_msgs/srv/SetMapProjections.srv
-- Symlinking: /work/ubuntu-ros2-dev/install/map_msgs/share/ament_index/resource_index/package_run_dependencies/map_msgs
-- Symlinking: /work/ubuntu-ros2-dev/install/map_msgs/share/ament_index/resource_index/parent_prefix_path/map_msgs
-- Symlinking: /work/ubuntu-ros2-dev/install/map_msgs/share/map_msgs/environment/ament_prefix_path.sh
-- Symlinking: /work/ubuntu-ros2-dev/install/map_msgs/share/map_msgs/environment/ament_prefix_path.dsv
-- Symlinking: /work/ubuntu-ros2-dev/install/map_msgs/share/map_msgs/environment/path.sh
-- Symlinking: /work/ubuntu-ros2-dev/install/map_msgs/share/map_msgs/environment/path.dsv
-- Symlinking: /work/ubuntu-ros2-dev/install/map_msgs/share/map_msgs/local_setup.bash
-- Symlinking: /work/ubuntu-ros2-dev/install/map_msgs/share/map_msgs/local_setup.sh
-- Symlinking: /work/ubuntu-ros2-dev/install/map_msgs/share/map_msgs/local_setup.zsh
-- Symlinking: /work/ubuntu-ros2-dev/install/map_msgs/share/map_msgs/local_setup.dsv
-- Symlinking: /work/ubuntu-ros2-dev/install/map_msgs/share/map_msgs/package.dsv
-- Symlinking: /work/ubuntu-ros2-dev/install/map_msgs/share/ament_index/resource_index/packages/map_msgs
-- Symlinking: /work/ubuntu-ros2-dev/install/map_msgs/share/map_msgs/cmake/rosidl_cmake-extras.cmake
-- Symlinking: /work/ubuntu-ros2-dev/install/map_msgs/share/map_msgs/cmake/ament_cmake_export_dependencies-extras.cmake
-- Symlinking: /work/ubuntu-ros2-dev/install/map_msgs/share/map_msgs/cmake/ament_cmake_export_include_directories-extras.cmake
-- Symlinking: /work/ubuntu-ros2-dev/install/map_msgs/share/map_msgs/cmake/ament_cmake_export_libraries-extras.cmake
-- Symlinking: /work/ubuntu-ros2-dev/install/map_msgs/share/map_msgs/cmake/ament_cmake_export_targets-extras.cmake
-- Symlinking: /work/ubuntu-ros2-dev/install/map_msgs/share/map_msgs/cmake/rosidl_cmake_export_typesupport_targets-extras.cmake
-- Symlinking: /work/ubuntu-ros2-dev/install/map_msgs/share/map_msgs/cmake/rosidl_cmake_export_typesupport_libraries-extras.cmake
-- Symlinking: /work/ubuntu-ros2-dev/install/map_msgs/share/map_msgs/cmake/map_msgsConfig.cmake
-- Symlinking: /work/ubuntu-ros2-dev/install/map_msgs/share/map_msgs/cmake/map_msgsConfig-version.cmake
-- Symlinking: /work/ubuntu-ros2-dev/install/map_msgs/share/map_msgs/package.xml
-- Installing: /work/ubuntu-ros2-dev/install/map_msgs/lib/libmap_msgs__rosidl_generator_c.so
-- Set runtime path of "/work/ubuntu-ros2-dev/install/map_msgs/lib/libmap_msgs__rosidl_generator_c.so" to ""
-- Installing: /work/ubuntu-ros2-dev/install/map_msgs/lib/libmap_msgs__rosidl_typesupport_fastrtps_c.so
-- Set runtime path of "/work/ubuntu-ros2-dev/install/map_msgs/lib/libmap_msgs__rosidl_typesupport_fastrtps_c.so" to ""
-- Installing: /work/ubuntu-ros2-dev/install/map_msgs/lib/libmap_msgs__rosidl_typesupport_introspection_c.so
-- Set runtime path of "/work/ubuntu-ros2-dev/install/map_msgs/lib/libmap_msgs__rosidl_typesupport_introspection_c.so" to ""
-- Installing: /work/ubuntu-ros2-dev/install/map_msgs/lib/libmap_msgs__rosidl_typesupport_c.so
-- Set runtime path of "/work/ubuntu-ros2-dev/install/map_msgs/lib/libmap_msgs__rosidl_typesupport_c.so" to ""
-- Installing: /work/ubuntu-ros2-dev/install/map_msgs/lib/libmap_msgs__rosidl_typesupport_introspection_cpp.so
-- Set runtime path of "/work/ubuntu-ros2-dev/install/map_msgs/lib/libmap_msgs__rosidl_typesupport_introspection_cpp.so" to ""
-- Installing: /work/ubuntu-ros2-dev/install/map_msgs/lib/libmap_msgs__rosidl_typesupport_fastrtps_cpp.so
-- Set runtime path of "/work/ubuntu-ros2-dev/install/map_msgs/lib/libmap_msgs__rosidl_typesupport_fastrtps_cpp.so" to ""
-- Installing: /work/ubuntu-ros2-dev/install/map_msgs/lib/libmap_msgs__rosidl_typesupport_cpp.so
-- Set runtime path of "/work/ubuntu-ros2-dev/install/map_msgs/lib/libmap_msgs__rosidl_typesupport_cpp.so" to ""
Listing '/work/ubuntu-ros2-dev/install/map_msgs/lib/python3.10/site-packages/map_msgs'...
Compiling '/work/ubuntu-ros2-dev/install/map_msgs/lib/python3.10/site-packages/map_msgs/__init__.py'...
Listing '/work/ubuntu-ros2-dev/install/map_msgs/lib/python3.10/site-packages/map_msgs/msg'...
Compiling '/work/ubuntu-ros2-dev/install/map_msgs/lib/python3.10/site-packages/map_msgs/msg/__init__.py'...
Compiling '/work/ubuntu-ros2-dev/install/map_msgs/lib/python3.10/site-packages/map_msgs/msg/_occupancy_grid_update.py'...
Compiling '/work/ubuntu-ros2-dev/install/map_msgs/lib/python3.10/site-packages/map_msgs/msg/_point_cloud2_update.py'...
Compiling '/work/ubuntu-ros2-dev/install/map_msgs/lib/python3.10/site-packages/map_msgs/msg/_projected_map.py'...
Compiling '/work/ubuntu-ros2-dev/install/map_msgs/lib/python3.10/site-packages/map_msgs/msg/_projected_map_info.py'...
Listing '/work/ubuntu-ros2-dev/install/map_msgs/lib/python3.10/site-packages/map_msgs/srv'...
Compiling '/work/ubuntu-ros2-dev/install/map_msgs/lib/python3.10/site-packages/map_msgs/srv/__init__.py'...
Compiling '/work/ubuntu-ros2-dev/install/map_msgs/lib/python3.10/site-packages/map_msgs/srv/_get_map_roi.py'...
Compiling '/work/ubuntu-ros2-dev/install/map_msgs/lib/python3.10/site-packages/map_msgs/srv/_get_point_map.py'...
Compiling '/work/ubuntu-ros2-dev/install/map_msgs/lib/python3.10/site-packages/map_msgs/srv/_get_point_map_roi.py'...
Compiling '/work/ubuntu-ros2-dev/install/map_msgs/lib/python3.10/site-packages/map_msgs/srv/_projected_maps_info.py'...
Compiling '/work/ubuntu-ros2-dev/install/map_msgs/lib/python3.10/site-packages/map_msgs/srv/_save_map.py'...
Compiling '/work/ubuntu-ros2-dev/install/map_msgs/lib/python3.10/site-packages/map_msgs/srv/_set_map_projections.py'...
-- Installing: /work/ubuntu-ros2-dev/install/map_msgs/lib/libmap_msgs__rosidl_generator_py.so
-- Set runtime path of "/work/ubuntu-ros2-dev/install/map_msgs/lib/libmap_msgs__rosidl_generator_py.so" to ""
-- Installing: /work/ubuntu-ros2-dev/install/map_msgs/share/map_msgs/cmake/export_map_msgs__rosidl_generator_cExport.cmake
-- Installing: /work/ubuntu-ros2-dev/install/map_msgs/share/map_msgs/cmake/export_map_msgs__rosidl_generator_cExport-noconfig.cmake
-- Installing: /work/ubuntu-ros2-dev/install/map_msgs/share/map_msgs/cmake/export_map_msgs__rosidl_typesupport_fastrtps_cExport.cmake
-- Installing: /work/ubuntu-ros2-dev/install/map_msgs/share/map_msgs/cmake/export_map_msgs__rosidl_typesupport_fastrtps_cExport-noconfig.cmake
-- Installing: /work/ubuntu-ros2-dev/install/map_msgs/share/map_msgs/cmake/map_msgs__rosidl_typesupport_introspection_cExport.cmake
-- Installing: /work/ubuntu-ros2-dev/install/map_msgs/share/map_msgs/cmake/map_msgs__rosidl_typesupport_introspection_cExport-noconfig.cmake
-- Installing: /work/ubuntu-ros2-dev/install/map_msgs/share/map_msgs/cmake/map_msgs__rosidl_typesupport_cExport.cmake
-- Installing: /work/ubuntu-ros2-dev/install/map_msgs/share/map_msgs/cmake/map_msgs__rosidl_typesupport_cExport-noconfig.cmake
-- Installing: /work/ubuntu-ros2-dev/install/map_msgs/share/map_msgs/cmake/export_map_msgs__rosidl_generator_cppExport.cmake
-- Installing: /work/ubuntu-ros2-dev/install/map_msgs/share/map_msgs/cmake/map_msgs__rosidl_typesupport_introspection_cppExport.cmake
-- Installing: /work/ubuntu-ros2-dev/install/map_msgs/share/map_msgs/cmake/map_msgs__rosidl_typesupport_introspection_cppExport-noconfig.cmake
-- Installing: /work/ubuntu-ros2-dev/install/map_msgs/share/map_msgs/cmake/export_map_msgs__rosidl_typesupport_fastrtps_cppExport.cmake
-- Installing: /work/ubuntu-ros2-dev/install/map_msgs/share/map_msgs/cmake/export_map_msgs__rosidl_typesupport_fastrtps_cppExport-noconfig.cmake
-- Installing: /work/ubuntu-ros2-dev/install/map_msgs/share/map_msgs/cmake/map_msgs__rosidl_typesupport_cppExport.cmake
-- Installing: /work/ubuntu-ros2-dev/install/map_msgs/share/map_msgs/cmake/map_msgs__rosidl_typesupport_cppExport-noconfig.cmake
-- Installing: /work/ubuntu-ros2-dev/install/map_msgs/share/map_msgs/cmake/export_map_msgs__rosidl_generator_pyExport.cmake
-- Installing: /work/ubuntu-ros2-dev/install/map_msgs/share/map_msgs/cmake/export_map_msgs__rosidl_generator_pyExport-noconfig.cmake
