-- The C compiler identification is GNU 11.4.0
-- The CXX compiler identification is GNU 11.4.0
-- Detecting C compiler ABI info
-- Detecting C compiler ABI info - done
-- Check for working C compiler: /usr/bin/cc - skipped
-- Detecting C compile features
-- Detecting C compile features - done
-- Detecting CXX compiler ABI info
-- Detecting CXX compiler ABI info - done
-- Check for working CXX compiler: /usr/bin/c++ - skipped
-- Detecting CXX compile features
-- Detecting CXX compile features - done
-- Found ament_cmake: 2.5.2 (/work/ubuntu-ros2-dev/install/ament_cmake/share/ament_cmake/cmake)
-- Found Python3: /usr/bin/python3 (found version "3.10.12") found components: Interpreter 
-- Override CMake install command with custom implementation using symlinks instead of copying resources
-- Found action_tutorials_interfaces: 0.33.5 (/work/ubuntu-ros2-dev/install/action_tutorials_interfaces/share/action_tutorials_interfaces/cmake)
-- Found rosidl_generator_c: 4.6.4 (/work/ubuntu-ros2-dev/install/rosidl_generator_c/share/rosidl_generator_c/cmake)
-- Found rosidl_generator_cpp: 4.6.4 (/work/ubuntu-ros2-dev/install/rosidl_generator_cpp/share/rosidl_generator_cpp/cmake)
-- Using all available rosidl_typesupport_c: rosidl_typesupport_fastrtps_c;rosidl_typesupport_introspection_c
-- Using all available rosidl_typesupport_cpp: rosidl_typesupport_introspection_cpp;rosidl_typesupport_fastrtps_cpp
-- Found rclcpp: 28.1.5 (/work/ubuntu-ros2-dev/install/rclcpp/share/rclcpp/cmake)
-- Found rmw_implementation_cmake: 7.3.1 (/work/ubuntu-ros2-dev/install/rmw_implementation_cmake/share/rmw_implementation_cmake/cmake)
-- Found rmw_fastrtps_cpp: 8.4.1 (/work/ubuntu-ros2-dev/install/rmw_fastrtps_cpp/share/rmw_fastrtps_cpp/cmake)
-- Found OpenSSL: /usr/lib/aarch64-linux-gnu/libcrypto.so (found version "3.0.2")  
-- Found FastRTPS: /work/ubuntu-ros2-dev/install/fastrtps/include (Required is at least version "2.13") 
-- Using RMW implementation 'rmw_fastrtps_cpp' as default
-- Found rclcpp_action: 28.1.5 (/work/ubuntu-ros2-dev/install/rclcpp_action/share/rclcpp_action/cmake)
-- Found rclcpp_components: 28.1.5 (/work/ubuntu-ros2-dev/install/rclcpp_components/share/rclcpp_components/cmake)
-- Found ament_lint_auto: 0.17.1 (/work/ubuntu-ros2-dev/install/ament_lint_auto/share/ament_lint_auto/cmake)
-- Added test 'copyright' to check source files copyright and LICENSE
-- Added test 'cppcheck' to perform static code analysis on C / C++ code
-- Configured cppcheck include dirs: /work/ubuntu-ros2-dev/src/ros2/demos/action_tutorials/action_tutorials_cpp/include
-- Configured cppcheck exclude dirs and/or files: 
-- Added test 'cpplint' to check C / C++ code against the Google style
-- Configured cpplint exclude dirs and/or files: 
-- Added test 'lint_cmake' to check CMake code style
-- Added test 'uncrustify' to check C / C++ code style
-- Configured uncrustify additional arguments: 
-- Added test 'xmllint' to check XML markup files
-- Configuring done
-- Generating done
-- Build files have been written to: /work/ubuntu-ros2-dev/build/action_tutorials_cpp
[ 14%] [32mBuilding CXX object CMakeFiles/action_tutorials.dir/src/fibonacci_action_client.cpp.o[0m
[ 28%] [32mBuilding CXX object CMakeFiles/action_tutorials.dir/src/fibonacci_action_server.cpp.o[0m
[ 42%] [32m[1mLinking CXX shared library libaction_tutorials.so[0m
[ 42%] Built target action_tutorials
[ 57%] [32mBuilding CXX object CMakeFiles/fibonacci_action_server.dir/rclcpp_components/node_main_fibonacci_action_server.cpp.o[0m
[ 71%] [32m[1mLinking CXX executable fibonacci_action_server[0m
[ 71%] Built target fibonacci_action_server
[ 85%] [32mBuilding CXX object CMakeFiles/fibonacci_action_client.dir/rclcpp_components/node_main_fibonacci_action_client.cpp.o[0m
[100%] [32m[1mLinking CXX executable fibonacci_action_client[0m
[100%] Built target fibonacci_action_client
-- Install configuration: ""
-- Execute custom install script
-- Symlinking: /work/ubuntu-ros2-dev/install/action_tutorials_cpp/lib/action_tutorials_cpp/fibonacci_action_client
-- Symlinking: /work/ubuntu-ros2-dev/install/action_tutorials_cpp/lib/action_tutorials_cpp/fibonacci_action_server
-- Symlinking: /work/ubuntu-ros2-dev/install/action_tutorials_cpp/lib/libaction_tutorials.so
-- Symlinking: /work/ubuntu-ros2-dev/install/action_tutorials_cpp/share/ament_index/resource_index/package_run_dependencies/action_tutorials_cpp
-- Symlinking: /work/ubuntu-ros2-dev/install/action_tutorials_cpp/share/ament_index/resource_index/parent_prefix_path/action_tutorials_cpp
-- Symlinking: /work/ubuntu-ros2-dev/install/action_tutorials_cpp/share/action_tutorials_cpp/environment/ament_prefix_path.sh
-- Symlinking: /work/ubuntu-ros2-dev/install/action_tutorials_cpp/share/action_tutorials_cpp/environment/ament_prefix_path.dsv
-- Symlinking: /work/ubuntu-ros2-dev/install/action_tutorials_cpp/share/action_tutorials_cpp/environment/path.sh
-- Symlinking: /work/ubuntu-ros2-dev/install/action_tutorials_cpp/share/action_tutorials_cpp/environment/path.dsv
-- Symlinking: /work/ubuntu-ros2-dev/install/action_tutorials_cpp/share/action_tutorials_cpp/local_setup.bash
-- Symlinking: /work/ubuntu-ros2-dev/install/action_tutorials_cpp/share/action_tutorials_cpp/local_setup.sh
-- Symlinking: /work/ubuntu-ros2-dev/install/action_tutorials_cpp/share/action_tutorials_cpp/local_setup.zsh
-- Symlinking: /work/ubuntu-ros2-dev/install/action_tutorials_cpp/share/action_tutorials_cpp/local_setup.dsv
-- Symlinking: /work/ubuntu-ros2-dev/install/action_tutorials_cpp/share/action_tutorials_cpp/package.dsv
-- Symlinking: /work/ubuntu-ros2-dev/install/action_tutorials_cpp/share/ament_index/resource_index/packages/action_tutorials_cpp
-- Symlinking: /work/ubuntu-ros2-dev/install/action_tutorials_cpp/share/ament_index/resource_index/rclcpp_components/action_tutorials_cpp
-- Symlinking: /work/ubuntu-ros2-dev/install/action_tutorials_cpp/share/action_tutorials_cpp/cmake/action_tutorials_cppConfig.cmake
-- Symlinking: /work/ubuntu-ros2-dev/install/action_tutorials_cpp/share/action_tutorials_cpp/cmake/action_tutorials_cppConfig-version.cmake
-- Symlinking: /work/ubuntu-ros2-dev/install/action_tutorials_cpp/share/action_tutorials_cpp/package.xml
