running develop
/usr/lib/python3/dist-packages/setuptools/command/easy_install.py:158: EasyInstallDeprecationWarning: easy_install command is deprecated. Use build and pip and other standards-based tools.
  warnings.warn(
running egg_info
creating ros2multicast.egg-info
writing ros2multicast.egg-info/PKG-INFO
writing dependency_links to ros2multicast.egg-info/dependency_links.txt
writing entry points to ros2multicast.egg-info/entry_points.txt
writing requirements to ros2multicast.egg-info/requires.txt
writing top-level names to ros2multicast.egg-info/top_level.txt
writing manifest file 'ros2multicast.egg-info/SOURCES.txt'
reading manifest file 'ros2multicast.egg-info/SOURCES.txt'
writing manifest file 'ros2multicast.egg-info/SOURCES.txt'
running build_ext
Creating /work/ubuntu-ros2-dev/install/ros2multicast/lib/python3.10/site-packages/ros2multicast.egg-link (link to .)

Installed /work/ubuntu-ros2-dev/build/ros2multicast
running symlink_data
symbolically linking /work/ubuntu-ros2-dev/build/ros2multicast/package.xml -> /work/ubuntu-ros2-dev/install/ros2multicast/share/ros2multicast
creating /work/ubuntu-ros2-dev/install/ros2multicast/share/ament_index
creating /work/ubuntu-ros2-dev/install/ros2multicast/share/ament_index/resource_index
creating /work/ubuntu-ros2-dev/install/ros2multicast/share/ament_index/resource_index/packages
symbolically linking /work/ubuntu-ros2-dev/build/ros2multicast/resource/ros2multicast -> /work/ubuntu-ros2-dev/install/ros2multicast/share/ament_index/resource_index/packages
