running develop
running egg_info
creating tracetools_launch.egg-info
writing tracetools_launch.egg-info/PKG-INFO
writing dependency_links to tracetools_launch.egg-info/dependency_links.txt
writing entry points to tracetools_launch.egg-info/entry_points.txt
writing requirements to tracetools_launch.egg-info/requires.txt
writing top-level names to tracetools_launch.egg-info/top_level.txt
writing manifest file 'tracetools_launch.egg-info/SOURCES.txt'
reading manifest file 'tracetools_launch.egg-info/SOURCES.txt'
writing manifest file 'tracetools_launch.egg-info/SOURCES.txt'
running build_ext
Creating /work/ubuntu-ros2-dev/install/tracetools_launch/lib/python3.10/site-packages/tracetools-launch.egg-link (link to .)

Installed /work/ubuntu-ros2-dev/build/tracetools_launch
running symlink_data
symbolically linking /work/ubuntu-ros2-dev/build/tracetools_launch/package.xml -> /work/ubuntu-ros2-dev/install/tracetools_launch/share/tracetools_launch
creating /work/ubuntu-ros2-dev/install/tracetools_launch/share/tracetools_launch/launch
symbolically linking /work/ubuntu-ros2-dev/build/tracetools_launch/launch/example.launch.yaml -> /work/ubuntu-ros2-dev/install/tracetools_launch/share/tracetools_launch/launch
symbolically linking /work/ubuntu-ros2-dev/build/tracetools_launch/launch/example.launch.xml -> /work/ubuntu-ros2-dev/install/tracetools_launch/share/tracetools_launch/launch
symbolically linking /work/ubuntu-ros2-dev/build/tracetools_launch/launch/example.launch.py -> /work/ubuntu-ros2-dev/install/tracetools_launch/share/tracetools_launch/launch
creating /work/ubuntu-ros2-dev/install/tracetools_launch/share/ament_index
creating /work/ubuntu-ros2-dev/install/tracetools_launch/share/ament_index/resource_index
creating /work/ubuntu-ros2-dev/install/tracetools_launch/share/ament_index/resource_index/packages
symbolically linking /work/ubuntu-ros2-dev/build/tracetools_launch/resource/tracetools_launch -> /work/ubuntu-ros2-dev/install/tracetools_launch/share/ament_index/resource_index/packages
/usr/lib/python3/dist-packages/setuptools/command/easy_install.py:158: EasyInstallDeprecationWarning: easy_install command is deprecated. Use build and pip and other standards-based tools.
  warnings.warn(
