-- The C compiler identification is GNU 11.4.0
-- The CXX compiler identification is GNU 11.4.0
-- Detecting C compiler ABI info
-- Detecting C compiler ABI info - done
-- Check for working C compiler: /usr/bin/cc - skipped
-- Detecting C compile features
-- Detecting C compile features - done
-- Detecting CXX compiler ABI info
-- Detecting CXX compiler ABI info - done
-- Check for working CXX compiler: /usr/bin/c++ - skipped
-- Detecting CXX compile features
-- Detecting CXX compile features - done
-- Found ament_cmake: 2.5.2 (/work/ubuntu-ros2-dev/install/ament_cmake/share/ament_cmake/cmake)
-- Found Python3: /usr/bin/python3 (found version "3.10.12") found components: Interpreter 
-- Override CMake install command with custom implementation using symlinks instead of copying resources
-- Found example_interfaces: 0.12.0 (/work/ubuntu-ros2-dev/install/example_interfaces/share/example_interfaces/cmake)
-- Found rosidl_generator_c: 4.6.4 (/work/ubuntu-ros2-dev/install/rosidl_generator_c/share/rosidl_generator_c/cmake)
-- Found rosidl_generator_cpp: 4.6.4 (/work/ubuntu-ros2-dev/install/rosidl_generator_cpp/share/rosidl_generator_cpp/cmake)
-- Using all available rosidl_typesupport_c: rosidl_typesupport_fastrtps_c;rosidl_typesupport_introspection_c
-- Using all available rosidl_typesupport_cpp: rosidl_typesupport_introspection_cpp;rosidl_typesupport_fastrtps_cpp
-- Found rclcpp: 28.1.5 (/work/ubuntu-ros2-dev/install/rclcpp/share/rclcpp/cmake)
-- Found rmw_implementation_cmake: 7.3.1 (/work/ubuntu-ros2-dev/install/rmw_implementation_cmake/share/rmw_implementation_cmake/cmake)
-- Found rmw_fastrtps_cpp: 8.4.1 (/work/ubuntu-ros2-dev/install/rmw_fastrtps_cpp/share/rmw_fastrtps_cpp/cmake)
-- Found OpenSSL: /usr/lib/aarch64-linux-gnu/libcrypto.so (found version "3.0.2")  
-- Found FastRTPS: /work/ubuntu-ros2-dev/install/fastrtps/include (Required is at least version "2.13") 
-- Using RMW implementation 'rmw_fastrtps_cpp' as default
-- Found ament_lint_auto: 0.17.1 (/work/ubuntu-ros2-dev/install/ament_lint_auto/share/ament_lint_auto/cmake)
-- Added test 'copyright' to check source files copyright and LICENSE
-- Added test 'cppcheck' to perform static code analysis on C / C++ code
-- Configured cppcheck include dirs: 
-- Configured cppcheck exclude dirs and/or files: 
-- Added test 'cpplint' to check C / C++ code against the Google style
-- Configured cpplint exclude dirs and/or files: 
-- Added test 'lint_cmake' to check CMake code style
-- Added test 'uncrustify' to check C / C++ code style
-- Configured uncrustify additional arguments: 
-- Added test 'xmllint' to check XML markup files
-- Configuring done
-- Generating done
-- Build files have been written to: /work/ubuntu-ros2-dev/build/examples_rclcpp_minimal_client
[ 50%] [32mBuilding CXX object CMakeFiles/client_main.dir/main.cpp.o[0m
[100%] [32m[1mLinking CXX executable client_main[0m
[100%] Built target client_main
-- Install configuration: ""
-- Execute custom install script
-- Symlinking: /work/ubuntu-ros2-dev/install/examples_rclcpp_minimal_client/lib/examples_rclcpp_minimal_client/client_main
-- Symlinking: /work/ubuntu-ros2-dev/install/examples_rclcpp_minimal_client/share/ament_index/resource_index/package_run_dependencies/examples_rclcpp_minimal_client
-- Symlinking: /work/ubuntu-ros2-dev/install/examples_rclcpp_minimal_client/share/ament_index/resource_index/parent_prefix_path/examples_rclcpp_minimal_client
-- Symlinking: /work/ubuntu-ros2-dev/install/examples_rclcpp_minimal_client/share/examples_rclcpp_minimal_client/environment/ament_prefix_path.sh
-- Symlinking: /work/ubuntu-ros2-dev/install/examples_rclcpp_minimal_client/share/examples_rclcpp_minimal_client/environment/ament_prefix_path.dsv
-- Symlinking: /work/ubuntu-ros2-dev/install/examples_rclcpp_minimal_client/share/examples_rclcpp_minimal_client/environment/path.sh
-- Symlinking: /work/ubuntu-ros2-dev/install/examples_rclcpp_minimal_client/share/examples_rclcpp_minimal_client/environment/path.dsv
-- Symlinking: /work/ubuntu-ros2-dev/install/examples_rclcpp_minimal_client/share/examples_rclcpp_minimal_client/local_setup.bash
-- Symlinking: /work/ubuntu-ros2-dev/install/examples_rclcpp_minimal_client/share/examples_rclcpp_minimal_client/local_setup.sh
-- Symlinking: /work/ubuntu-ros2-dev/install/examples_rclcpp_minimal_client/share/examples_rclcpp_minimal_client/local_setup.zsh
-- Symlinking: /work/ubuntu-ros2-dev/install/examples_rclcpp_minimal_client/share/examples_rclcpp_minimal_client/local_setup.dsv
-- Symlinking: /work/ubuntu-ros2-dev/install/examples_rclcpp_minimal_client/share/examples_rclcpp_minimal_client/package.dsv
-- Symlinking: /work/ubuntu-ros2-dev/install/examples_rclcpp_minimal_client/share/ament_index/resource_index/packages/examples_rclcpp_minimal_client
-- Symlinking: /work/ubuntu-ros2-dev/install/examples_rclcpp_minimal_client/share/examples_rclcpp_minimal_client/cmake/examples_rclcpp_minimal_clientConfig.cmake
-- Symlinking: /work/ubuntu-ros2-dev/install/examples_rclcpp_minimal_client/share/examples_rclcpp_minimal_client/cmake/examples_rclcpp_minimal_clientConfig-version.cmake
-- Symlinking: /work/ubuntu-ros2-dev/install/examples_rclcpp_minimal_client/share/examples_rclcpp_minimal_client/package.xml
