-- The C compiler identification is GNU 11.4.0
-- The CXX compiler identification is GNU 11.4.0
-- Detecting C compiler ABI info
-- Detecting C compiler ABI info - done
-- Check for working C compiler: /usr/bin/cc - skipped
-- Detecting C compile features
-- Detecting C compile features - done
-- Detecting CXX compiler ABI info
-- Detecting CXX compiler ABI info - done
-- Check for working CXX compiler: /usr/bin/c++ - skipped
-- Detecting CXX compile features
-- Detecting CXX compile features - done
-- Found ament_cmake: 2.5.2 (/work/ubuntu-ros2-dev/install/ament_cmake/share/ament_cmake/cmake)
-- Found Python3: /usr/bin/python3 (found version "3.10.12") found components: Interpreter 
-- Override CMake install command with custom implementation using symlinks instead of copying resources
-- Found ament_cmake_pytest: 2.5.2 (/work/ubuntu-ros2-dev/install/ament_cmake_pytest/share/ament_cmake_pytest/cmake)
-- Found rmw: 7.3.1 (/work/ubuntu-ros2-dev/install/rmw/share/rmw/cmake)
-- Found rosidl_cmake: 4.6.4 (/work/ubuntu-ros2-dev/install/rosidl_cmake/share/rosidl_cmake/cmake)
-- Found rosidl_adapter: 4.6.4 (/work/ubuntu-ros2-dev/install/rosidl_adapter/share/rosidl_adapter/cmake)
-- Found ament_lint_auto: 0.17.1 (/work/ubuntu-ros2-dev/install/ament_lint_auto/share/ament_lint_auto/cmake)
-- Using all available rosidl_typesupport_c: rosidl_typesupport_fastrtps_c;rosidl_typesupport_introspection_c
-- Found PythonExtra: /usr/bin/python3  
-- Found ament_cmake_ros: 0.12.0 (/work/ubuntu-ros2-dev/install/ament_cmake_ros/share/ament_cmake_ros/cmake)
-- Found rosidl_typesupport_fastrtps_cpp: 3.6.0 (/work/ubuntu-ros2-dev/install/rosidl_typesupport_fastrtps_cpp/share/rosidl_typesupport_fastrtps_cpp/cmake)
-- Found rosidl_runtime_cpp: 4.6.4 (/work/ubuntu-ros2-dev/install/rosidl_runtime_cpp/share/rosidl_runtime_cpp/cmake)
-- Using all available rosidl_typesupport_c: rosidl_typesupport_fastrtps_c;rosidl_typesupport_introspection_c
-- Found Python3: /usr/bin/python3 (found version "3.10.12") found components: Interpreter Development NumPy Development.Module Development.Embed 
-- Added test 'copyright' to check source files copyright and LICENSE
-- Added test 'flake8' to check Python code syntax and style conventions
-- Configured 'flake8' exclude dirs and/or files: 
-- Added test 'lint_cmake' to check CMake code style
-- Added test 'pep257' to check Python code against some of the docstring style conventions in PEP 257
-- Added test 'xmllint' to check XML markup files
-- Configuring done
-- Generating done
-- Build files have been written to: /work/ubuntu-ros2-dev/build/rosidl_generator_py
[  0%] Built target ament_cmake_python_symlink_rosidl_generator_py_setup
[  1%] [34m[1mGenerating type hashes for ROS interfaces[0m
[  1%] Built target rosidl_generator_py_custom__rosidl_generator_type_description
[  2%] [34m[1mGenerating C code for ROS interfaces[0m
[  2%] Built target ament_cmake_python_symlink_rosidl_generator_py
[  2%] [34m[1mGenerating C++ code for ROS interfaces[0m
[  2%] Built target rosidl_generator_py_custom__cpp
running egg_info
creating rosidl_generator_py.egg-info
writing rosidl_generator_py.egg-info/PKG-INFO
writing dependency_links to rosidl_generator_py.egg-info/dependency_links.txt
writing entry points to rosidl_generator_py.egg-info/entry_points.txt
writing top-level names to rosidl_generator_py.egg-info/top_level.txt
writing manifest file 'rosidl_generator_py.egg-info/SOURCES.txt'
reading manifest file 'rosidl_generator_py.egg-info/SOURCES.txt'
writing manifest file 'rosidl_generator_py.egg-info/SOURCES.txt'
[  2%] Built target ament_cmake_python_build_rosidl_generator_py_egg
[  3%] [32mBuilding C object CMakeFiles/rosidl_generator_py_custom__rosidl_generator_c.dir/rosidl_generator_c/rosidl_generator_py/msg/detail/builtin_type_sequences_idl__description.c.o[0m
[  4%] [32mBuilding C object CMakeFiles/rosidl_generator_py_custom__rosidl_generator_c.dir/rosidl_generator_c/rosidl_generator_py/msg/detail/builtin_type_sequences_idl__functions.c.o[0m
[  4%] [32mBuilding C object CMakeFiles/rosidl_generator_py_custom__rosidl_generator_c.dir/rosidl_generator_c/rosidl_generator_py/msg/detail/basic_types__functions.c.o[0m
[  5%] [32mBuilding C object CMakeFiles/rosidl_generator_py_custom__rosidl_generator_c.dir/rosidl_generator_c/rosidl_generator_py/msg/detail/basic_types__type_support.c.o[0m
[  6%] [32mBuilding C object CMakeFiles/rosidl_generator_py_custom__rosidl_generator_c.dir/rosidl_generator_c/rosidl_generator_py/msg/detail/bounded_plain_sequences__description.c.o[0m
[  7%] [32mBuilding C object CMakeFiles/rosidl_generator_py_custom__rosidl_generator_c.dir/rosidl_generator_c/rosidl_generator_py/msg/detail/bounded_plain_sequences__functions.c.o[0m
[  8%] [32mBuilding C object CMakeFiles/rosidl_generator_py_custom__rosidl_generator_c.dir/rosidl_generator_c/rosidl_generator_py/msg/detail/bounded_plain_sequences__type_support.c.o[0m
[  9%] [32mBuilding C object CMakeFiles/rosidl_generator_py_custom__rosidl_generator_c.dir/rosidl_generator_c/rosidl_generator_py/msg/detail/bounded_sequences__description.c.o[0m
[  9%] [32mBuilding C object CMakeFiles/rosidl_generator_py_custom__rosidl_generator_c.dir/rosidl_generator_c/rosidl_generator_py/msg/detail/bounded_sequences__functions.c.o[0m
[ 10%] [32mBuilding C object CMakeFiles/rosidl_generator_py_custom__rosidl_generator_c.dir/rosidl_generator_c/rosidl_generator_py/msg/detail/bounded_sequences__type_support.c.o[0m
[ 11%] [32mBuilding C object CMakeFiles/rosidl_generator_py_custom__rosidl_generator_c.dir/rosidl_generator_c/rosidl_generator_py/msg/detail/constants__functions.c.o[0m
[ 12%] [32mBuilding C object CMakeFiles/rosidl_generator_py_custom__rosidl_generator_c.dir/rosidl_generator_c/rosidl_generator_py/msg/detail/constants__description.c.o[0m
[ 13%] [32mBuilding C object CMakeFiles/rosidl_generator_py_custom__rosidl_generator_c.dir/rosidl_generator_c/rosidl_generator_py/msg/detail/constants__type_support.c.o[0m
[ 13%] [32mBuilding C object CMakeFiles/rosidl_generator_py_custom__rosidl_generator_c.dir/rosidl_generator_c/rosidl_generator_py/msg/detail/defaults__description.c.o[0m
[ 14%] [32mBuilding C object CMakeFiles/rosidl_generator_py_custom__rosidl_generator_c.dir/rosidl_generator_c/rosidl_generator_py/msg/detail/defaults__functions.c.o[0m
[ 15%] [32mBuilding C object CMakeFiles/rosidl_generator_py_custom__rosidl_generator_c.dir/rosidl_generator_c/rosidl_generator_py/msg/detail/defaults__type_support.c.o[0m
[ 16%] [32mBuilding C object CMakeFiles/rosidl_generator_py_custom__rosidl_generator_c.dir/rosidl_generator_c/rosidl_generator_py/msg/detail/empty__description.c.o[0m
[ 17%] [32mBuilding C object CMakeFiles/rosidl_generator_py_custom__rosidl_generator_c.dir/rosidl_generator_c/rosidl_generator_py/msg/detail/empty__functions.c.o[0m
[ 17%] [32mBuilding C object CMakeFiles/rosidl_generator_py_custom__rosidl_generator_c.dir/rosidl_generator_c/rosidl_generator_py/msg/detail/empty__type_support.c.o[0m
[ 18%] [32mBuilding C object CMakeFiles/rosidl_generator_py_custom__rosidl_generator_c.dir/rosidl_generator_c/rosidl_generator_py/msg/detail/multi_nested__description.c.o[0m
[ 19%] [32mBuilding C object CMakeFiles/rosidl_generator_py_custom__rosidl_generator_c.dir/rosidl_generator_c/rosidl_generator_py/msg/detail/multi_nested__functions.c.o[0m
[ 20%] [32mBuilding C object CMakeFiles/rosidl_generator_py_custom__rosidl_generator_c.dir/rosidl_generator_c/rosidl_generator_py/msg/detail/multi_nested__type_support.c.o[0m
[ 21%] [32mBuilding C object CMakeFiles/rosidl_generator_py_custom__rosidl_generator_c.dir/rosidl_generator_c/rosidl_generator_py/msg/detail/nested__description.c.o[0m
[ 22%] [32mBuilding C object CMakeFiles/rosidl_generator_py_custom__rosidl_generator_c.dir/rosidl_generator_c/rosidl_generator_py/msg/detail/nested__functions.c.o[0m
[ 22%] [32mBuilding C object CMakeFiles/rosidl_generator_py_custom__rosidl_generator_c.dir/rosidl_generator_c/rosidl_generator_py/msg/detail/nested__type_support.c.o[0m
[ 23%] [32mBuilding C object CMakeFiles/rosidl_generator_py_custom__rosidl_generator_c.dir/rosidl_generator_c/rosidl_generator_py/msg/detail/strings__description.c.o[0m
[ 24%] [32mBuilding C object CMakeFiles/rosidl_generator_py_custom__rosidl_generator_c.dir/rosidl_generator_c/rosidl_generator_py/msg/detail/basic_types__description.c.o[0m
[ 25%] [32mBuilding C object CMakeFiles/rosidl_generator_py_custom__rosidl_generator_c.dir/rosidl_generator_c/rosidl_generator_py/msg/detail/strings__functions.c.o[0m
[ 26%] [32mBuilding C object CMakeFiles/rosidl_generator_py_custom__rosidl_generator_c.dir/rosidl_generator_c/rosidl_generator_py/msg/detail/unbounded_sequences__description.c.o[0m
[ 26%] [32mBuilding C object CMakeFiles/rosidl_generator_py_custom__rosidl_generator_c.dir/rosidl_generator_c/rosidl_generator_py/msg/detail/unbounded_sequences__functions.c.o[0m
[ 27%] [32mBuilding C object CMakeFiles/rosidl_generator_py_custom__rosidl_generator_c.dir/rosidl_generator_c/rosidl_generator_py/msg/detail/unbounded_sequences__type_support.c.o[0m
[ 28%] [32mBuilding C object CMakeFiles/rosidl_generator_py_custom__rosidl_generator_c.dir/rosidl_generator_c/rosidl_generator_py/msg/detail/w_strings__functions.c.o[0m
[ 29%] [32mBuilding C object CMakeFiles/rosidl_generator_py_custom__rosidl_generator_c.dir/rosidl_generator_c/rosidl_generator_py/msg/detail/w_strings__description.c.o[0m
[ 30%] [32mBuilding C object CMakeFiles/rosidl_generator_py_custom__rosidl_generator_c.dir/rosidl_generator_c/rosidl_generator_py/msg/detail/w_strings__type_support.c.o[0m
[ 30%] [32mBuilding C object CMakeFiles/rosidl_generator_py_custom__rosidl_generator_c.dir/rosidl_generator_c/rosidl_generator_py/msg/detail/string_arrays__description.c.o[0m
[ 31%] [32mBuilding C object CMakeFiles/rosidl_generator_py_custom__rosidl_generator_c.dir/rosidl_generator_c/rosidl_generator_py/msg/detail/string_arrays__functions.c.o[0m
[ 32%] [32mBuilding C object CMakeFiles/rosidl_generator_py_custom__rosidl_generator_c.dir/rosidl_generator_c/rosidl_generator_py/msg/detail/string_arrays__type_support.c.o[0m
[ 33%] [32mBuilding C object CMakeFiles/rosidl_generator_py_custom__rosidl_generator_c.dir/rosidl_generator_c/rosidl_generator_py/msg/detail/property__description.c.o[0m
[ 34%] [32mBuilding C object CMakeFiles/rosidl_generator_py_custom__rosidl_generator_c.dir/rosidl_generator_c/rosidl_generator_py/msg/detail/property__functions.c.o[0m
[ 35%] [32mBuilding C object CMakeFiles/rosidl_generator_py_custom__rosidl_generator_c.dir/rosidl_generator_c/rosidl_generator_py/msg/detail/property__type_support.c.o[0m
[ 36%] [32mBuilding C object CMakeFiles/rosidl_generator_py_custom__rosidl_generator_c.dir/rosidl_generator_c/rosidl_generator_py/msg/detail/strings__type_support.c.o[0m
[ 37%] [32mBuilding C object CMakeFiles/rosidl_generator_py_custom__rosidl_generator_c.dir/rosidl_generator_c/rosidl_generator_py/msg/detail/arrays__type_support.c.o[0m
[ 38%] [32mBuilding C object CMakeFiles/rosidl_generator_py_custom__rosidl_generator_c.dir/rosidl_generator_c/rosidl_generator_py/msg/detail/arrays__functions.c.o[0m
[ 39%] [32mBuilding C object CMakeFiles/rosidl_generator_py_custom__rosidl_generator_c.dir/rosidl_generator_c/rosidl_generator_py/msg/detail/arrays__description.c.o[0m
[ 39%] [32mBuilding C object CMakeFiles/rosidl_generator_py_custom__rosidl_generator_c.dir/rosidl_generator_c/rosidl_generator_py/msg/detail/builtin_type_sequences_idl__type_support.c.o[0m
[ 39%] [32m[1mLinking C shared library librosidl_generator_py_custom__rosidl_generator_c.so[0m
[ 39%] Built target rosidl_generator_py_custom__rosidl_generator_c
[ 40%] [34m[1mGenerating C type support dispatch for ROS interfaces[0m
[ 41%] [34m[1mGenerating C introspection for ROS interfaces[0m
[ 42%] [32mBuilding CXX object CMakeFiles/rosidl_generator_py_custom__rosidl_typesupport_c.dir/rosidl_typesupport_c/rosidl_generator_py/msg/arrays__type_support.cpp.o[0m
[ 43%] [32mBuilding CXX object CMakeFiles/rosidl_generator_py_custom__rosidl_typesupport_c.dir/rosidl_typesupport_c/rosidl_generator_py/msg/builtin_type_sequences_idl__type_support.cpp.o[0m
[ 44%] [32mBuilding CXX object CMakeFiles/rosidl_generator_py_custom__rosidl_typesupport_c.dir/rosidl_typesupport_c/rosidl_generator_py/msg/constants__type_support.cpp.o[0m
[ 45%] [32mBuilding CXX object CMakeFiles/rosidl_generator_py_custom__rosidl_typesupport_c.dir/rosidl_typesupport_c/rosidl_generator_py/msg/bounded_sequences__type_support.cpp.o[0m
[ 46%] [32mBuilding CXX object CMakeFiles/rosidl_generator_py_custom__rosidl_typesupport_c.dir/rosidl_typesupport_c/rosidl_generator_py/msg/defaults__type_support.cpp.o[0m
[ 46%] [32mBuilding CXX object CMakeFiles/rosidl_generator_py_custom__rosidl_typesupport_c.dir/rosidl_typesupport_c/rosidl_generator_py/msg/empty__type_support.cpp.o[0m
[ 47%] [32mBuilding CXX object CMakeFiles/rosidl_generator_py_custom__rosidl_typesupport_c.dir/rosidl_typesupport_c/rosidl_generator_py/msg/nested__type_support.cpp.o[0m
[ 48%] [32mBuilding CXX object CMakeFiles/rosidl_generator_py_custom__rosidl_typesupport_c.dir/rosidl_typesupport_c/rosidl_generator_py/msg/multi_nested__type_support.cpp.o[0m
[ 49%] [32mBuilding CXX object CMakeFiles/rosidl_generator_py_custom__rosidl_typesupport_c.dir/rosidl_typesupport_c/rosidl_generator_py/msg/unbounded_sequences__type_support.cpp.o[0m
[ 49%] [32mBuilding C object CMakeFiles/rosidl_generator_py_custom__rosidl_typesupport_introspection_c.dir/rosidl_typesupport_introspection_c/rosidl_generator_py/msg/detail/builtin_type_sequences_idl__type_support.c.o[0m
[ 50%] [32mBuilding CXX object CMakeFiles/rosidl_generator_py_custom__rosidl_typesupport_c.dir/rosidl_typesupport_c/rosidl_generator_py/msg/strings__type_support.cpp.o[0m
[ 50%] [32mBuilding CXX object CMakeFiles/rosidl_generator_py_custom__rosidl_typesupport_c.dir/rosidl_typesupport_c/rosidl_generator_py/msg/string_arrays__type_support.cpp.o[0m
[ 51%] [32mBuilding C object CMakeFiles/rosidl_generator_py_custom__rosidl_typesupport_introspection_c.dir/rosidl_typesupport_introspection_c/rosidl_generator_py/msg/detail/arrays__type_support.c.o[0m
[ 52%] [32mBuilding CXX object CMakeFiles/rosidl_generator_py_custom__rosidl_typesupport_c.dir/rosidl_typesupport_c/rosidl_generator_py/msg/w_strings__type_support.cpp.o[0m
[ 53%] [32mBuilding C object CMakeFiles/rosidl_generator_py_custom__rosidl_typesupport_introspection_c.dir/rosidl_typesupport_introspection_c/rosidl_generator_py/msg/detail/basic_types__type_support.c.o[0m
[ 54%] [32mBuilding CXX object CMakeFiles/rosidl_generator_py_custom__rosidl_typesupport_c.dir/rosidl_typesupport_c/rosidl_generator_py/msg/property__type_support.cpp.o[0m
[ 55%] [32mBuilding CXX object CMakeFiles/rosidl_generator_py_custom__rosidl_typesupport_c.dir/rosidl_typesupport_c/rosidl_generator_py/msg/bounded_plain_sequences__type_support.cpp.o[0m
[ 56%] [32mBuilding C object CMakeFiles/rosidl_generator_py_custom__rosidl_typesupport_introspection_c.dir/rosidl_typesupport_introspection_c/rosidl_generator_py/msg/detail/bounded_sequences__type_support.c.o[0m
[ 56%] [32mBuilding CXX object CMakeFiles/rosidl_generator_py_custom__rosidl_typesupport_c.dir/rosidl_typesupport_c/rosidl_generator_py/msg/basic_types__type_support.cpp.o[0m
[ 56%] [32mBuilding C object CMakeFiles/rosidl_generator_py_custom__rosidl_typesupport_introspection_c.dir/rosidl_typesupport_introspection_c/rosidl_generator_py/msg/detail/constants__type_support.c.o[0m
[ 57%] [32m[1mLinking CXX shared library librosidl_generator_py_custom__rosidl_typesupport_c.so[0m
[ 58%] [32mBuilding C object CMakeFiles/rosidl_generator_py_custom__rosidl_typesupport_introspection_c.dir/rosidl_typesupport_introspection_c/rosidl_generator_py/msg/detail/multi_nested__type_support.c.o[0m
[ 59%] [32mBuilding C object CMakeFiles/rosidl_generator_py_custom__rosidl_typesupport_introspection_c.dir/rosidl_typesupport_introspection_c/rosidl_generator_py/msg/detail/nested__type_support.c.o[0m
[ 59%] Built target rosidl_generator_py_custom__rosidl_typesupport_c
[ 60%] [32mBuilding C object CMakeFiles/rosidl_generator_py_custom__rosidl_typesupport_introspection_c.dir/rosidl_typesupport_introspection_c/rosidl_generator_py/msg/detail/strings__type_support.c.o[0m
[ 61%] [34m[1mGenerating C type support for eProsima Fast-RTPS[0m
[ 62%] [32mBuilding C object CMakeFiles/rosidl_generator_py_custom__rosidl_typesupport_introspection_c.dir/rosidl_typesupport_introspection_c/rosidl_generator_py/msg/detail/w_strings__type_support.c.o[0m
[ 63%] [32mBuilding C object CMakeFiles/rosidl_generator_py_custom__rosidl_typesupport_introspection_c.dir/rosidl_typesupport_introspection_c/rosidl_generator_py/msg/detail/property__type_support.c.o[0m
[ 64%] [32mBuilding C object CMakeFiles/rosidl_generator_py_custom__rosidl_typesupport_introspection_c.dir/rosidl_typesupport_introspection_c/rosidl_generator_py/msg/detail/string_arrays__type_support.c.o[0m
[ 64%] [32mBuilding C object CMakeFiles/rosidl_generator_py_custom__rosidl_typesupport_introspection_c.dir/rosidl_typesupport_introspection_c/rosidl_generator_py/msg/detail/unbounded_sequences__type_support.c.o[0m
[ 65%] [32mBuilding C object CMakeFiles/rosidl_generator_py_custom__rosidl_typesupport_introspection_c.dir/rosidl_typesupport_introspection_c/rosidl_generator_py/msg/detail/empty__type_support.c.o[0m
[ 66%] [32mBuilding C object CMakeFiles/rosidl_generator_py_custom__rosidl_typesupport_introspection_c.dir/rosidl_typesupport_introspection_c/rosidl_generator_py/msg/detail/defaults__type_support.c.o[0m
[ 67%] [32mBuilding C object CMakeFiles/rosidl_generator_py_custom__rosidl_typesupport_introspection_c.dir/rosidl_typesupport_introspection_c/rosidl_generator_py/msg/detail/bounded_plain_sequences__type_support.c.o[0m
[ 68%] [32m[1mLinking C shared library librosidl_generator_py_custom__rosidl_typesupport_introspection_c.so[0m
[ 68%] Built target rosidl_generator_py_custom__rosidl_typesupport_introspection_c
[ 69%] [32mBuilding CXX object CMakeFiles/rosidl_generator_py_custom__rosidl_typesupport_fastrtps_c.dir/rosidl_typesupport_fastrtps_c/rosidl_generator_py/msg/detail/builtin_type_sequences_idl__type_support_c.cpp.o[0m
[ 70%] [32mBuilding CXX object CMakeFiles/rosidl_generator_py_custom__rosidl_typesupport_fastrtps_c.dir/rosidl_typesupport_fastrtps_c/rosidl_generator_py/msg/detail/empty__type_support_c.cpp.o[0m
[ 71%] [32mBuilding CXX object CMakeFiles/rosidl_generator_py_custom__rosidl_typesupport_fastrtps_c.dir/rosidl_typesupport_fastrtps_c/rosidl_generator_py/msg/detail/multi_nested__type_support_c.cpp.o[0m
[ 72%] [32mBuilding CXX object CMakeFiles/rosidl_generator_py_custom__rosidl_typesupport_fastrtps_c.dir/rosidl_typesupport_fastrtps_c/rosidl_generator_py/msg/detail/nested__type_support_c.cpp.o[0m
[ 73%] [32mBuilding CXX object CMakeFiles/rosidl_generator_py_custom__rosidl_typesupport_fastrtps_c.dir/rosidl_typesupport_fastrtps_c/rosidl_generator_py/msg/detail/strings__type_support_c.cpp.o[0m
[ 74%] [32mBuilding CXX object CMakeFiles/rosidl_generator_py_custom__rosidl_typesupport_fastrtps_c.dir/rosidl_typesupport_fastrtps_c/rosidl_generator_py/msg/detail/unbounded_sequences__type_support_c.cpp.o[0m
[ 74%] [32mBuilding CXX object CMakeFiles/rosidl_generator_py_custom__rosidl_typesupport_fastrtps_c.dir/rosidl_typesupport_fastrtps_c/rosidl_generator_py/msg/detail/w_strings__type_support_c.cpp.o[0m
[ 75%] [32mBuilding CXX object CMakeFiles/rosidl_generator_py_custom__rosidl_typesupport_fastrtps_c.dir/rosidl_typesupport_fastrtps_c/rosidl_generator_py/msg/detail/string_arrays__type_support_c.cpp.o[0m
[ 76%] [32mBuilding CXX object CMakeFiles/rosidl_generator_py_custom__rosidl_typesupport_fastrtps_c.dir/rosidl_typesupport_fastrtps_c/rosidl_generator_py/msg/detail/property__type_support_c.cpp.o[0m
[ 76%] [32mBuilding CXX object CMakeFiles/rosidl_generator_py_custom__rosidl_typesupport_fastrtps_c.dir/rosidl_typesupport_fastrtps_c/rosidl_generator_py/msg/detail/defaults__type_support_c.cpp.o[0m
[ 77%] [32mBuilding CXX object CMakeFiles/rosidl_generator_py_custom__rosidl_typesupport_fastrtps_c.dir/rosidl_typesupport_fastrtps_c/rosidl_generator_py/msg/detail/constants__type_support_c.cpp.o[0m
[ 78%] [32mBuilding CXX object CMakeFiles/rosidl_generator_py_custom__rosidl_typesupport_fastrtps_c.dir/rosidl_typesupport_fastrtps_c/rosidl_generator_py/msg/detail/bounded_sequences__type_support_c.cpp.o[0m
[ 79%] [32mBuilding CXX object CMakeFiles/rosidl_generator_py_custom__rosidl_typesupport_fastrtps_c.dir/rosidl_typesupport_fastrtps_c/rosidl_generator_py/msg/detail/bounded_plain_sequences__type_support_c.cpp.o[0m
[ 80%] [32mBuilding CXX object CMakeFiles/rosidl_generator_py_custom__rosidl_typesupport_fastrtps_c.dir/rosidl_typesupport_fastrtps_c/rosidl_generator_py/msg/detail/basic_types__type_support_c.cpp.o[0m
[ 80%] [32mBuilding CXX object CMakeFiles/rosidl_generator_py_custom__rosidl_typesupport_fastrtps_c.dir/rosidl_typesupport_fastrtps_c/rosidl_generator_py/msg/detail/arrays__type_support_c.cpp.o[0m
[ 81%] [32m[1mLinking CXX shared library librosidl_generator_py_custom__rosidl_typesupport_fastrtps_c.so[0m
[ 81%] Built target rosidl_generator_py_custom__rosidl_typesupport_fastrtps_c
[ 81%] Built target rosidl_generator_py_custom
[ 82%] [34m[1mGenerating Python code for ROS interfaces[0m
[ 82%] Built target rosidl_generator_py_custom__py
[ 83%] [32mBuilding C object CMakeFiles/rosidl_generator_py_custom__rosidl_generator_py.dir/rosidl_generator_py/rosidl_generator_py/msg/_builtin_type_sequences_idl_s.c.o[0m
[ 84%] [32mBuilding C object CMakeFiles/rosidl_generator_py_custom__rosidl_generator_py.dir/rosidl_generator_py/rosidl_generator_py/msg/_arrays_s.c.o[0m
[ 85%] [32mBuilding C object CMakeFiles/rosidl_generator_py_custom__rosidl_generator_py.dir/rosidl_generator_py/rosidl_generator_py/msg/_empty_s.c.o[0m
[ 86%] [32mBuilding C object CMakeFiles/rosidl_generator_py_custom__rosidl_generator_py.dir/rosidl_generator_py/rosidl_generator_py/msg/_multi_nested_s.c.o[0m
[ 86%] [32mBuilding C object CMakeFiles/rosidl_generator_py_custom__rosidl_generator_py.dir/rosidl_generator_py/rosidl_generator_py/msg/_nested_s.c.o[0m
[ 87%] [32mBuilding C object CMakeFiles/rosidl_generator_py_custom__rosidl_generator_py.dir/rosidl_generator_py/rosidl_generator_py/msg/_strings_s.c.o[0m
[ 88%] [32mBuilding C object CMakeFiles/rosidl_generator_py_custom__rosidl_generator_py.dir/rosidl_generator_py/rosidl_generator_py/msg/_unbounded_sequences_s.c.o[0m
[ 89%] [32mBuilding C object CMakeFiles/rosidl_generator_py_custom__rosidl_generator_py.dir/rosidl_generator_py/rosidl_generator_py/msg/_w_strings_s.c.o[0m
[ 90%] [32mBuilding C object CMakeFiles/rosidl_generator_py_custom__rosidl_generator_py.dir/rosidl_generator_py/rosidl_generator_py/msg/_string_arrays_s.c.o[0m
[ 91%] [32mBuilding C object CMakeFiles/rosidl_generator_py_custom__rosidl_generator_py.dir/rosidl_generator_py/rosidl_generator_py/msg/_property_s.c.o[0m
[ 92%] [32mBuilding C object CMakeFiles/rosidl_generator_py_custom__rosidl_generator_py.dir/rosidl_generator_py/rosidl_generator_py/msg/_defaults_s.c.o[0m
[ 93%] [32mBuilding C object CMakeFiles/rosidl_generator_py_custom__rosidl_generator_py.dir/rosidl_generator_py/rosidl_generator_py/msg/_constants_s.c.o[0m
[ 93%] [32mBuilding C object CMakeFiles/rosidl_generator_py_custom__rosidl_generator_py.dir/rosidl_generator_py/rosidl_generator_py/msg/_bounded_sequences_s.c.o[0m
[ 94%] [32mBuilding C object CMakeFiles/rosidl_generator_py_custom__rosidl_generator_py.dir/rosidl_generator_py/rosidl_generator_py/msg/_bounded_plain_sequences_s.c.o[0m
[ 95%] [32mBuilding C object CMakeFiles/rosidl_generator_py_custom__rosidl_generator_py.dir/rosidl_generator_py/rosidl_generator_py/msg/_basic_types_s.c.o[0m
[ 95%] [32m[1mLinking C shared library librosidl_generator_py_custom__rosidl_generator_py.so[0m
[ 95%] Built target rosidl_generator_py_custom__rosidl_generator_py
[ 97%] [32mBuilding C object CMakeFiles/rosidl_generator_py_s__rosidl_typesupport_fastrtps_c.dir/rosidl_generator_py/rosidl_generator_py/_rosidl_generator_py_s.ep.rosidl_typesupport_fastrtps_c.c.o[0m
[ 97%] [32mBuilding C object CMakeFiles/rosidl_generator_py_s__rosidl_typesupport_introspection_c.dir/rosidl_generator_py/rosidl_generator_py/_rosidl_generator_py_s.ep.rosidl_typesupport_introspection_c.c.o[0m
[ 98%] [32m[1mLinking C shared module rosidl_generator_py/rosidl_generator_py/rosidl_generator_py_s__rosidl_typesupport_introspection_c.so[0m
[ 99%] [32m[1mLinking C shared module rosidl_generator_py/rosidl_generator_py/rosidl_generator_py_s__rosidl_typesupport_fastrtps_c.so[0m
[ 99%] Built target rosidl_generator_py_s__rosidl_typesupport_fastrtps_c
[ 99%] Built target rosidl_generator_py_s__rosidl_typesupport_introspection_c
[ 99%] [32mBuilding C object CMakeFiles/rosidl_generator_py_s__rosidl_typesupport_c.dir/rosidl_generator_py/rosidl_generator_py/_rosidl_generator_py_s.ep.rosidl_typesupport_c.c.o[0m
[100%] [32m[1mLinking C shared module rosidl_generator_py/rosidl_generator_py/rosidl_generator_py_s__rosidl_typesupport_c.so[0m
[100%] Built target rosidl_generator_py_s__rosidl_typesupport_c
-- Install configuration: ""
-- Execute custom install script
-- Symlinking: /work/ubuntu-ros2-dev/install/rosidl_generator_py/share/ament_index/resource_index/rosidl_generator_packages/rosidl_generator_py
-- Symlinking: /work/ubuntu-ros2-dev/install/rosidl_generator_py/share/rosidl_generator_py/environment/pythonpath.sh
-- Symlinking: /work/ubuntu-ros2-dev/install/rosidl_generator_py/share/rosidl_generator_py/environment/pythonpath.dsv
-- Symlinking: /work/ubuntu-ros2-dev/install/rosidl_generator_py/lib/python3.10/site-packages/rosidl_generator_py-0.22.0-py3.10.egg-info/PKG-INFO
-- Symlinking: /work/ubuntu-ros2-dev/install/rosidl_generator_py/lib/python3.10/site-packages/rosidl_generator_py-0.22.0-py3.10.egg-info/SOURCES.txt
-- Symlinking: /work/ubuntu-ros2-dev/install/rosidl_generator_py/lib/python3.10/site-packages/rosidl_generator_py-0.22.0-py3.10.egg-info/dependency_links.txt
-- Symlinking: /work/ubuntu-ros2-dev/install/rosidl_generator_py/lib/python3.10/site-packages/rosidl_generator_py-0.22.0-py3.10.egg-info/entry_points.txt
-- Symlinking: /work/ubuntu-ros2-dev/install/rosidl_generator_py/lib/python3.10/site-packages/rosidl_generator_py-0.22.0-py3.10.egg-info/top_level.txt
-- Symlinking: /work/ubuntu-ros2-dev/install/rosidl_generator_py/lib/python3.10/site-packages/rosidl_generator_py/__init__.py
-- Symlinking: /work/ubuntu-ros2-dev/install/rosidl_generator_py/lib/python3.10/site-packages/rosidl_generator_py/cli.py
-- Symlinking: /work/ubuntu-ros2-dev/install/rosidl_generator_py/lib/python3.10/site-packages/rosidl_generator_py/generate_py_impl.py
-- Symlinking: /work/ubuntu-ros2-dev/install/rosidl_generator_py/lib/python3.10/site-packages/rosidl_generator_py/import_type_support_impl.py
-- Symlinking: /work/ubuntu-ros2-dev/install/rosidl_generator_py/share/ament_index/resource_index/package_run_dependencies/rosidl_generator_py
-- Symlinking: /work/ubuntu-ros2-dev/install/rosidl_generator_py/share/ament_index/resource_index/parent_prefix_path/rosidl_generator_py
-- Symlinking: /work/ubuntu-ros2-dev/install/rosidl_generator_py/share/rosidl_generator_py/environment/ament_prefix_path.sh
-- Symlinking: /work/ubuntu-ros2-dev/install/rosidl_generator_py/share/rosidl_generator_py/environment/ament_prefix_path.dsv
-- Symlinking: /work/ubuntu-ros2-dev/install/rosidl_generator_py/share/rosidl_generator_py/environment/path.sh
-- Symlinking: /work/ubuntu-ros2-dev/install/rosidl_generator_py/share/rosidl_generator_py/environment/path.dsv
-- Symlinking: /work/ubuntu-ros2-dev/install/rosidl_generator_py/share/rosidl_generator_py/local_setup.bash
-- Symlinking: /work/ubuntu-ros2-dev/install/rosidl_generator_py/share/rosidl_generator_py/local_setup.sh
-- Symlinking: /work/ubuntu-ros2-dev/install/rosidl_generator_py/share/rosidl_generator_py/local_setup.zsh
-- Symlinking: /work/ubuntu-ros2-dev/install/rosidl_generator_py/share/rosidl_generator_py/local_setup.dsv
-- Symlinking: /work/ubuntu-ros2-dev/install/rosidl_generator_py/share/rosidl_generator_py/package.dsv
-- Symlinking: /work/ubuntu-ros2-dev/install/rosidl_generator_py/share/ament_index/resource_index/packages/rosidl_generator_py
-- Symlinking: /work/ubuntu-ros2-dev/install/rosidl_generator_py/share/rosidl_generator_py/cmake/rosidl_generator_py_get_typesupports.cmake
-- Symlinking: /work/ubuntu-ros2-dev/install/rosidl_generator_py/share/rosidl_generator_py/cmake/register_py.cmake
-- Symlinking: /work/ubuntu-ros2-dev/install/rosidl_generator_py/share/rosidl_generator_py/cmake/rosidl_generator_py-extras.cmake
-- Symlinking: /work/ubuntu-ros2-dev/install/rosidl_generator_py/share/rosidl_generator_py/cmake/ament_cmake_export_dependencies-extras.cmake
-- Symlinking: /work/ubuntu-ros2-dev/install/rosidl_generator_py/share/rosidl_generator_py/cmake/rosidl_cmake-extras.cmake
-- Symlinking: /work/ubuntu-ros2-dev/install/rosidl_generator_py/share/rosidl_generator_py/cmake/rosidl_generator_pyConfig.cmake
-- Symlinking: /work/ubuntu-ros2-dev/install/rosidl_generator_py/share/rosidl_generator_py/cmake/rosidl_generator_pyConfig-version.cmake
-- Symlinking: /work/ubuntu-ros2-dev/install/rosidl_generator_py/share/rosidl_generator_py/package.xml
-- Symlinking: /work/ubuntu-ros2-dev/install/rosidl_generator_py/lib/rosidl_generator_py/rosidl_generator_py
-- Symlinking: /work/ubuntu-ros2-dev/install/rosidl_generator_py/share/rosidl_generator_py/cmake/custom_command.cmake
-- Up-to-date symlink: /work/ubuntu-ros2-dev/install/rosidl_generator_py/share/rosidl_generator_py/cmake/register_py.cmake
-- Symlinking: /work/ubuntu-ros2-dev/install/rosidl_generator_py/share/rosidl_generator_py/cmake/rosidl_generator_py_generate_interfaces.cmake
-- Up-to-date symlink: /work/ubuntu-ros2-dev/install/rosidl_generator_py/share/rosidl_generator_py/cmake/rosidl_generator_py_get_typesupports.cmake
-- Symlinking: /work/ubuntu-ros2-dev/install/rosidl_generator_py/share/rosidl_generator_py/resource/_action.py.em
-- Symlinking: /work/ubuntu-ros2-dev/install/rosidl_generator_py/share/rosidl_generator_py/resource/_action_pkg_typesupport_entry_point.c.em
-- Symlinking: /work/ubuntu-ros2-dev/install/rosidl_generator_py/share/rosidl_generator_py/resource/_idl.py.em
-- Symlinking: /work/ubuntu-ros2-dev/install/rosidl_generator_py/share/rosidl_generator_py/resource/_idl_pkg_typesupport_entry_point.c.em
-- Symlinking: /work/ubuntu-ros2-dev/install/rosidl_generator_py/share/rosidl_generator_py/resource/_idl_support.c.em
-- Symlinking: /work/ubuntu-ros2-dev/install/rosidl_generator_py/share/rosidl_generator_py/resource/_msg.py.em
-- Symlinking: /work/ubuntu-ros2-dev/install/rosidl_generator_py/share/rosidl_generator_py/resource/_msg_pkg_typesupport_entry_point.c.em
-- Symlinking: /work/ubuntu-ros2-dev/install/rosidl_generator_py/share/rosidl_generator_py/resource/_msg_support.c.em
-- Symlinking: /work/ubuntu-ros2-dev/install/rosidl_generator_py/share/rosidl_generator_py/resource/_srv.py.em
-- Symlinking: /work/ubuntu-ros2-dev/install/rosidl_generator_py/share/rosidl_generator_py/resource/_srv_pkg_typesupport_entry_point.c.em
Listing '/work/ubuntu-ros2-dev/install/rosidl_generator_py/lib/python3.10/site-packages/rosidl_generator_py'...
Compiling '/work/ubuntu-ros2-dev/install/rosidl_generator_py/lib/python3.10/site-packages/rosidl_generator_py/__init__.py'...
Compiling '/work/ubuntu-ros2-dev/install/rosidl_generator_py/lib/python3.10/site-packages/rosidl_generator_py/cli.py'...
Compiling '/work/ubuntu-ros2-dev/install/rosidl_generator_py/lib/python3.10/site-packages/rosidl_generator_py/generate_py_impl.py'...
Compiling '/work/ubuntu-ros2-dev/install/rosidl_generator_py/lib/python3.10/site-packages/rosidl_generator_py/import_type_support_impl.py'...
