-- The CXX compiler identification is GNU 11.4.0
-- Detecting CXX compiler ABI info
-- Detecting CXX compiler ABI info - done
-- Check for working CXX compiler: /usr/bin/c++ - skipped
-- Detecting CXX compile features
-- Detecting CXX compile features - done
-- Found ament_cmake: 2.5.2 (/work/ubuntu-ros2-dev/install/ament_cmake/share/ament_cmake/cmake)
-- Found Python3: /usr/bin/python3 (found version "3.10.12") found components: Interpreter 
-- Override CMake install command with custom implementation using symlinks instead of copying resources
-- Found ament_cmake_vendor_package: 2.5.2 (/work/ubuntu-ros2-dev/install/ament_cmake_vendor_package/share/ament_cmake_vendor_package/cmake)
-- Looking for C++ include pthread.h
-- Looking for C++ include pthread.h - found
-- Performing Test CMAKE_HAVE_LIBC_PTHREAD
-- Performing Test CMAKE_HAVE_LIBC_PTHREAD - Success
-- Found Threads: TRUE  
-- Skipping vendor package build for 'spdlog_vendor', which is already satisfied
-- Found ament_lint_auto: 0.17.1 (/work/ubuntu-ros2-dev/install/ament_lint_auto/share/ament_lint_auto/cmake)
-- Added test 'copyright' to check source files copyright and LICENSE
-- Added test 'lint_cmake' to check CMake code style
-- Added test 'xmllint' to check XML markup files
-- Configuring done
-- Generating done
-- Build files have been written to: /work/ubuntu-ros2-dev/build/spdlog_vendor
-- Install configuration: ""
-- Execute custom install script
-- Symlinking: /work/ubuntu-ros2-dev/install/spdlog_vendor/share/ament_index/resource_index/package_run_dependencies/spdlog_vendor
-- Symlinking: /work/ubuntu-ros2-dev/install/spdlog_vendor/share/ament_index/resource_index/parent_prefix_path/spdlog_vendor
-- Symlinking: /work/ubuntu-ros2-dev/install/spdlog_vendor/share/spdlog_vendor/environment/ament_prefix_path.sh
-- Symlinking: /work/ubuntu-ros2-dev/install/spdlog_vendor/share/spdlog_vendor/environment/ament_prefix_path.dsv
-- Symlinking: /work/ubuntu-ros2-dev/install/spdlog_vendor/share/spdlog_vendor/environment/path.sh
-- Symlinking: /work/ubuntu-ros2-dev/install/spdlog_vendor/share/spdlog_vendor/environment/path.dsv
-- Symlinking: /work/ubuntu-ros2-dev/install/spdlog_vendor/share/spdlog_vendor/local_setup.bash
-- Symlinking: /work/ubuntu-ros2-dev/install/spdlog_vendor/share/spdlog_vendor/local_setup.sh
-- Symlinking: /work/ubuntu-ros2-dev/install/spdlog_vendor/share/spdlog_vendor/local_setup.zsh
-- Symlinking: /work/ubuntu-ros2-dev/install/spdlog_vendor/share/spdlog_vendor/local_setup.dsv
-- Symlinking: /work/ubuntu-ros2-dev/install/spdlog_vendor/share/spdlog_vendor/package.dsv
-- Symlinking: /work/ubuntu-ros2-dev/install/spdlog_vendor/share/ament_index/resource_index/packages/spdlog_vendor
-- Symlinking: /work/ubuntu-ros2-dev/install/spdlog_vendor/share/spdlog_vendor/cmake/spdlog_vendorConfig.cmake
-- Symlinking: /work/ubuntu-ros2-dev/install/spdlog_vendor/share/spdlog_vendor/cmake/spdlog_vendorConfig-version.cmake
-- Symlinking: /work/ubuntu-ros2-dev/install/spdlog_vendor/share/spdlog_vendor/package.xml
