-- The C compiler identification is GNU 11.4.0
-- The CXX compiler identification is GNU 11.4.0
-- Detecting C compiler ABI info
-- Detecting C compiler ABI info - done
-- Check for working C compiler: /usr/bin/cc - skipped
-- Detecting C compile features
-- Detecting C compile features - done
-- Detecting CXX compiler ABI info
-- Detecting CXX compiler ABI info - done
-- Check for working CXX compiler: /usr/bin/c++ - skipped
-- Detecting CXX compile features
-- Detecting CXX compile features - done
-- Found ament_cmake: 2.5.2 (/work/ubuntu-ros2-dev/install/ament_cmake/share/ament_cmake/cmake)
-- Found Python3: /usr/bin/python3 (found version "3.10.12") found components: Interpreter 
-- Override CMake install command with custom implementation using symlinks instead of copying resources
-- Found Python3: /usr/bin/python3 (found version "3.10.12") found components: Interpreter Development Development.Module Development.Embed 
-- Found pybind11_vendor: 3.1.2 (/work/ubuntu-ros2-dev/install/pybind11_vendor/share/pybind11_vendor/cmake)
-- Performing Test HAS_FLTO
-- Performing Test HAS_FLTO - Success
-- Found pybind11: /usr/include (found version "2.9.1")
-- Found PkgConfig: /usr/bin/pkg-config (found version "0.29.2") 
-- Checking for module 'lttng-ctl'
--   Found lttng-ctl, version 2.13.4
-- Found ament_lint_auto: 0.17.1 (/work/ubuntu-ros2-dev/install/ament_lint_auto/share/ament_lint_auto/cmake)
-- Found gtest sources under '/work/ubuntu-ros2-dev/install/gtest_vendor/src/gtest_vendor': C++ tests using 'Google Test' will be built
-- Looking for pthread.h
-- Looking for pthread.h - found
-- Performing Test CMAKE_HAVE_LIBC_PTHREAD
-- Performing Test CMAKE_HAVE_LIBC_PTHREAD - Success
-- Found Threads: TRUE  
-- Added test 'copyright' to check source files copyright and LICENSE
-- Added test 'cppcheck' to perform static code analysis on C / C++ code
-- Configured cppcheck include dirs: $<BUILD_INTERFACE:/work/ubuntu-ros2-dev/src/ros2/ros2_tracing/lttngpy/src>
-- Configured cppcheck exclude dirs and/or files: 
-- Added test 'cpplint' to check C / C++ code against the Google style
-- Configured cpplint exclude dirs and/or files: 
-- Added test 'flake8' to check Python code syntax and style conventions
-- Configured 'flake8' exclude dirs and/or files: 
-- Added test 'lint_cmake' to check CMake code style
-- Added test 'pep257' to check Python code against some of the docstring style conventions in PEP 257
-- Added test 'uncrustify' to check C / C++ code style
-- Configured uncrustify additional arguments: 
-- Added test 'xmllint' to check XML markup files
-- Configuring done
-- Generating done
-- Build files have been written to: /work/ubuntu-ros2-dev/build/lttngpy
[  0%] Built target ament_cmake_python_symlink_lttngpy
[  4%] [32mBuilding CXX object gtest/CMakeFiles/gtest.dir/src/gtest-all.cc.o[0m
[  8%] [32m[1mLinking CXX static library libgtest.a[0m
[  8%] Built target gtest
running egg_info
creating lttngpy.egg-info
writing lttngpy.egg-info/PKG-INFO
writing dependency_links to lttngpy.egg-info/dependency_links.txt
writing top-level names to lttngpy.egg-info/top_level.txt
writing manifest file 'lttngpy.egg-info/SOURCES.txt'
reading manifest file 'lttngpy.egg-info/SOURCES.txt'
writing manifest file 'lttngpy.egg-info/SOURCES.txt'
[  8%] Built target ament_cmake_python_build_lttngpy_egg
[ 13%] [32mBuilding CXX object gtest/CMakeFiles/gtest_main.dir/src/gtest_main.cc.o[0m
[ 17%] [32m[1mLinking CXX static library libgtest_main.a[0m
[ 17%] Built target gtest_main
[ 21%] [32mBuilding CXX object CMakeFiles/_lttngpy_pybind11.dir/src/lttngpy/_lttngpy_pybind11.cpp.o[0m
[ 26%] [32mBuilding CXX object CMakeFiles/_lttngpy_pybind11.dir/src/lttngpy/context_lttng.cpp.o[0m
[ 30%] [32mBuilding CXX object CMakeFiles/_lttngpy_pybind11.dir/src/lttngpy/context_app.cpp.o[0m
[ 34%] [32mBuilding CXX object CMakeFiles/_lttngpy_pybind11.dir/src/lttngpy/context_perf.cpp.o[0m
[ 39%] [32mBuilding CXX object CMakeFiles/_lttngpy_pybind11.dir/src/lttngpy/event.cpp.o[0m
[ 43%] [32mBuilding CXX object CMakeFiles/_lttngpy_pybind11.dir/src/lttngpy/lttng.cpp.o[0m
[ 47%] [32mBuilding CXX object CMakeFiles/_lttngpy_pybind11.dir/src/lttngpy/session.cpp.o[0m
[ 52%] [32mBuilding CXX object CMakeFiles/_lttngpy_pybind11.dir/src/lttngpy/channel.cpp.o[0m
[ 56%] [32mBuilding CXX object CMakeFiles/_lttngpy_pybind11.dir/src/lttngpy/status.cpp.o[0m
[ 60%] [32m[1mLinking CXX shared library _lttngpy_pybind11.cpython-310-aarch64-linux-gnu.so[0m
[ 60%] Built target _lttngpy_pybind11
[ 65%] [32mBuilding CXX object CMakeFiles/test_context_perf.dir/test/test_context_perf.cpp.o[0m
[ 69%] [32mBuilding CXX object CMakeFiles/test_context_perf.dir/src/lttngpy/context_perf.cpp.o[0m
[ 73%] [32m[1mLinking CXX executable test_context_perf[0m
[ 73%] Built target test_context_perf
[ 78%] [32mBuilding CXX object CMakeFiles/test_context_lttng.dir/test/test_context_lttng.cpp.o[0m
[ 82%] [32mBuilding CXX object CMakeFiles/test_context_lttng.dir/src/lttngpy/context_lttng.cpp.o[0m
[ 86%] [32m[1mLinking CXX executable test_context_lttng[0m
[ 86%] Built target test_context_lttng
[ 91%] [32mBuilding CXX object CMakeFiles/test_context_app.dir/test/test_context_app.cpp.o[0m
[ 95%] [32mBuilding CXX object CMakeFiles/test_context_app.dir/src/lttngpy/context_app.cpp.o[0m
[100%] [32m[1mLinking CXX executable test_context_app[0m
[100%] Built target test_context_app
-- Install configuration: ""
-- Execute custom install script
-- Symlinking: /work/ubuntu-ros2-dev/install/lttngpy/share/lttngpy/environment/pythonpath.sh
-- Symlinking: /work/ubuntu-ros2-dev/install/lttngpy/share/lttngpy/environment/pythonpath.dsv
-- Symlinking: /work/ubuntu-ros2-dev/install/lttngpy/lib/python3.10/site-packages/lttngpy-8.2.2-py3.10.egg-info/PKG-INFO
-- Symlinking: /work/ubuntu-ros2-dev/install/lttngpy/lib/python3.10/site-packages/lttngpy-8.2.2-py3.10.egg-info/SOURCES.txt
-- Symlinking: /work/ubuntu-ros2-dev/install/lttngpy/lib/python3.10/site-packages/lttngpy-8.2.2-py3.10.egg-info/dependency_links.txt
-- Symlinking: /work/ubuntu-ros2-dev/install/lttngpy/lib/python3.10/site-packages/lttngpy-8.2.2-py3.10.egg-info/top_level.txt
-- Symlinking: /work/ubuntu-ros2-dev/install/lttngpy/lib/python3.10/site-packages/lttngpy/__init__.py
-- Symlinking: /work/ubuntu-ros2-dev/install/lttngpy/lib/python3.10/site-packages/lttngpy/impl.py
-- Symlinking: /work/ubuntu-ros2-dev/install/lttngpy/lib/python3.10/site-packages/lttngpy/_lttngpy_pybind11.cpython-310-aarch64-linux-gnu.so
-- Symlinking: /work/ubuntu-ros2-dev/install/lttngpy/share/ament_index/resource_index/package_run_dependencies/lttngpy
-- Symlinking: /work/ubuntu-ros2-dev/install/lttngpy/share/ament_index/resource_index/parent_prefix_path/lttngpy
-- Symlinking: /work/ubuntu-ros2-dev/install/lttngpy/share/lttngpy/environment/ament_prefix_path.sh
-- Symlinking: /work/ubuntu-ros2-dev/install/lttngpy/share/lttngpy/environment/ament_prefix_path.dsv
-- Symlinking: /work/ubuntu-ros2-dev/install/lttngpy/share/lttngpy/environment/path.sh
-- Symlinking: /work/ubuntu-ros2-dev/install/lttngpy/share/lttngpy/environment/path.dsv
-- Symlinking: /work/ubuntu-ros2-dev/install/lttngpy/share/lttngpy/local_setup.bash
-- Symlinking: /work/ubuntu-ros2-dev/install/lttngpy/share/lttngpy/local_setup.sh
-- Symlinking: /work/ubuntu-ros2-dev/install/lttngpy/share/lttngpy/local_setup.zsh
-- Symlinking: /work/ubuntu-ros2-dev/install/lttngpy/share/lttngpy/local_setup.dsv
-- Symlinking: /work/ubuntu-ros2-dev/install/lttngpy/share/lttngpy/package.dsv
-- Symlinking: /work/ubuntu-ros2-dev/install/lttngpy/share/ament_index/resource_index/packages/lttngpy
-- Symlinking: /work/ubuntu-ros2-dev/install/lttngpy/share/lttngpy/cmake/lttngpyConfig.cmake
-- Symlinking: /work/ubuntu-ros2-dev/install/lttngpy/share/lttngpy/cmake/lttngpyConfig-version.cmake
-- Symlinking: /work/ubuntu-ros2-dev/install/lttngpy/share/lttngpy/package.xml
Listing '/work/ubuntu-ros2-dev/install/lttngpy/lib/python3.10/site-packages/lttngpy'...
Compiling '/work/ubuntu-ros2-dev/install/lttngpy/lib/python3.10/site-packages/lttngpy/__init__.py'...
Compiling '/work/ubuntu-ros2-dev/install/lttngpy/lib/python3.10/site-packages/lttngpy/impl.py'...
