running develop
/usr/lib/python3/dist-packages/setuptools/command/easy_install.py:158: EasyInstallDeprecationWarning: easy_install command is deprecated. Use build and pip and other standards-based tools.
  warnings.warn(
running egg_info
creating ros2trace.egg-info
writing ros2trace.egg-info/PKG-INFO
writing dependency_links to ros2trace.egg-info/dependency_links.txt
writing entry points to ros2trace.egg-info/entry_points.txt
writing requirements to ros2trace.egg-info/requires.txt
writing top-level names to ros2trace.egg-info/top_level.txt
writing manifest file 'ros2trace.egg-info/SOURCES.txt'
reading manifest file 'ros2trace.egg-info/SOURCES.txt'
writing manifest file 'ros2trace.egg-info/SOURCES.txt'
running build_ext
Creating /work/ubuntu-ros2-dev/install/ros2trace/lib/python3.10/site-packages/ros2trace.egg-link (link to .)

Installed /work/ubuntu-ros2-dev/build/ros2trace
running symlink_data
symbolically linking /work/ubuntu-ros2-dev/build/ros2trace/package.xml -> /work/ubuntu-ros2-dev/install/ros2trace/share/ros2trace
creating /work/ubuntu-ros2-dev/install/ros2trace/share/ament_index
creating /work/ubuntu-ros2-dev/install/ros2trace/share/ament_index/resource_index
creating /work/ubuntu-ros2-dev/install/ros2trace/share/ament_index/resource_index/packages
symbolically linking /work/ubuntu-ros2-dev/build/ros2trace/resource/ros2trace -> /work/ubuntu-ros2-dev/install/ros2trace/share/ament_index/resource_index/packages
