-- Found ament_cmake: 2.5.2 (/work/ubuntu-ros2-dev/install/ament_cmake/share/ament_cmake/cmake)
-- Found Python3: /usr/bin/python3 (found version "3.10.12") found components: Interpreter 
-- Override CMake install command with custom implementation using symlinks instead of copying resources
-- Found ament_cmake_pytest: 2.5.2 (/work/ubuntu-ros2-dev/install/ament_cmake_pytest/share/ament_cmake_pytest/cmake)
-- Found ament_lint_auto: 0.17.1 (/work/ubuntu-ros2-dev/install/ament_lint_auto/share/ament_lint_auto/cmake)
-- Added test 'copyright' to check source files copyright and LICENSE
-- Added test 'flake8' to check Python code syntax and style conventions
-- Configured 'flake8' exclude dirs and/or files: 
-- Added test 'lint_cmake' to check CMake code style
-- Added test 'pep257' to check Python code against some of the docstring style conventions in PEP 257
-- Added test 'xmllint' to check XML markup files
-- Configuring done
-- Generating done
-- Build files have been written to: /work/ubuntu-ros2-dev/build/rosidl_generator_dds_idl
Built target ament_cmake_python_symlink_rosidl_generator_dds_idl_setup
Built target ament_cmake_python_symlink_rosidl_generator_dds_idl
running egg_info
creating rosidl_generator_dds_idl.egg-info
writing rosidl_generator_dds_idl.egg-info/PKG-INFO
writing dependency_links to rosidl_generator_dds_idl.egg-info/dependency_links.txt
writing entry points to rosidl_generator_dds_idl.egg-info/entry_points.txt
writing top-level names to rosidl_generator_dds_idl.egg-info/top_level.txt
writing manifest file 'rosidl_generator_dds_idl.egg-info/SOURCES.txt'
reading manifest file 'rosidl_generator_dds_idl.egg-info/SOURCES.txt'
writing manifest file 'rosidl_generator_dds_idl.egg-info/SOURCES.txt'
Built target ament_cmake_python_build_rosidl_generator_dds_idl_egg
-- Install configuration: ""
-- Execute custom install script
-- Symlinking: /work/ubuntu-ros2-dev/install/rosidl_generator_dds_idl/share/rosidl_generator_dds_idl/environment/pythonpath.sh
-- Symlinking: /work/ubuntu-ros2-dev/install/rosidl_generator_dds_idl/share/rosidl_generator_dds_idl/environment/pythonpath.dsv
-- Symlinking: /work/ubuntu-ros2-dev/install/rosidl_generator_dds_idl/lib/python3.10/site-packages/rosidl_generator_dds_idl-0.11.1-py3.10.egg-info/PKG-INFO
-- Symlinking: /work/ubuntu-ros2-dev/install/rosidl_generator_dds_idl/lib/python3.10/site-packages/rosidl_generator_dds_idl-0.11.1-py3.10.egg-info/SOURCES.txt
-- Symlinking: /work/ubuntu-ros2-dev/install/rosidl_generator_dds_idl/lib/python3.10/site-packages/rosidl_generator_dds_idl-0.11.1-py3.10.egg-info/dependency_links.txt
-- Symlinking: /work/ubuntu-ros2-dev/install/rosidl_generator_dds_idl/lib/python3.10/site-packages/rosidl_generator_dds_idl-0.11.1-py3.10.egg-info/entry_points.txt
-- Symlinking: /work/ubuntu-ros2-dev/install/rosidl_generator_dds_idl/lib/python3.10/site-packages/rosidl_generator_dds_idl-0.11.1-py3.10.egg-info/top_level.txt
-- Symlinking: /work/ubuntu-ros2-dev/install/rosidl_generator_dds_idl/lib/python3.10/site-packages/rosidl_generator_dds_idl/__init__.py
-- Symlinking: /work/ubuntu-ros2-dev/install/rosidl_generator_dds_idl/lib/python3.10/site-packages/rosidl_generator_dds_idl/cli.py
-- Symlinking: /work/ubuntu-ros2-dev/install/rosidl_generator_dds_idl/share/ament_index/resource_index/package_run_dependencies/rosidl_generator_dds_idl
-- Symlinking: /work/ubuntu-ros2-dev/install/rosidl_generator_dds_idl/share/ament_index/resource_index/parent_prefix_path/rosidl_generator_dds_idl
-- Symlinking: /work/ubuntu-ros2-dev/install/rosidl_generator_dds_idl/share/rosidl_generator_dds_idl/environment/ament_prefix_path.sh
-- Symlinking: /work/ubuntu-ros2-dev/install/rosidl_generator_dds_idl/share/rosidl_generator_dds_idl/environment/ament_prefix_path.dsv
-- Symlinking: /work/ubuntu-ros2-dev/install/rosidl_generator_dds_idl/share/rosidl_generator_dds_idl/environment/path.sh
-- Symlinking: /work/ubuntu-ros2-dev/install/rosidl_generator_dds_idl/share/rosidl_generator_dds_idl/environment/path.dsv
-- Symlinking: /work/ubuntu-ros2-dev/install/rosidl_generator_dds_idl/share/rosidl_generator_dds_idl/local_setup.bash
-- Symlinking: /work/ubuntu-ros2-dev/install/rosidl_generator_dds_idl/share/rosidl_generator_dds_idl/local_setup.sh
-- Symlinking: /work/ubuntu-ros2-dev/install/rosidl_generator_dds_idl/share/rosidl_generator_dds_idl/local_setup.zsh
-- Symlinking: /work/ubuntu-ros2-dev/install/rosidl_generator_dds_idl/share/rosidl_generator_dds_idl/local_setup.dsv
-- Symlinking: /work/ubuntu-ros2-dev/install/rosidl_generator_dds_idl/share/rosidl_generator_dds_idl/package.dsv
-- Symlinking: /work/ubuntu-ros2-dev/install/rosidl_generator_dds_idl/share/ament_index/resource_index/packages/rosidl_generator_dds_idl
-- Symlinking: /work/ubuntu-ros2-dev/install/rosidl_generator_dds_idl/share/rosidl_generator_dds_idl/cmake/rosidl_generator_dds_idl-extras.cmake
-- Symlinking: /work/ubuntu-ros2-dev/install/rosidl_generator_dds_idl/share/rosidl_generator_dds_idl/cmake/rosidl_generator_dds_idlConfig.cmake
-- Symlinking: /work/ubuntu-ros2-dev/install/rosidl_generator_dds_idl/share/rosidl_generator_dds_idl/cmake/rosidl_generator_dds_idlConfig-version.cmake
-- Symlinking: /work/ubuntu-ros2-dev/install/rosidl_generator_dds_idl/share/rosidl_generator_dds_idl/package.xml
-- Symlinking: /work/ubuntu-ros2-dev/install/rosidl_generator_dds_idl/lib/rosidl_generator_dds_idl/rosidl_generator_dds_idl
-- Symlinking: /work/ubuntu-ros2-dev/install/rosidl_generator_dds_idl/share/rosidl_generator_dds_idl/cmake/rosidl_generate_dds_interfaces.cmake
-- Symlinking: /work/ubuntu-ros2-dev/install/rosidl_generator_dds_idl/share/rosidl_generator_dds_idl/resource/action.idl.em
-- Symlinking: /work/ubuntu-ros2-dev/install/rosidl_generator_dds_idl/share/rosidl_generator_dds_idl/resource/idl.idl.em
-- Symlinking: /work/ubuntu-ros2-dev/install/rosidl_generator_dds_idl/share/rosidl_generator_dds_idl/resource/msg.idl.em
-- Symlinking: /work/ubuntu-ros2-dev/install/rosidl_generator_dds_idl/share/rosidl_generator_dds_idl/resource/srv.idl.em
Listing '/work/ubuntu-ros2-dev/install/rosidl_generator_dds_idl/lib/python3.10/site-packages/rosidl_generator_dds_idl'...
Compiling '/work/ubuntu-ros2-dev/install/rosidl_generator_dds_idl/lib/python3.10/site-packages/rosidl_generator_dds_idl/__init__.py'...
Compiling '/work/ubuntu-ros2-dev/install/rosidl_generator_dds_idl/lib/python3.10/site-packages/rosidl_generator_dds_idl/cli.py'...
