-- Found ament_cmake_core: 2.5.2 (/work/ubuntu-ros2-dev/install/ament_cmake_core/share/ament_cmake_core/cmake)
-- Found Python3: /usr/bin/python3 (found version "3.10.12") found components: Interpreter 
-- Override CMake install command with custom implementation using symlinks instead of copying resources
-- Configuring done
-- Generating done
-- Build files have been written to: /work/ubuntu-ros2-dev/build/ament_cmake_include_directories
-- Install configuration: ""
-- Execute custom install script
-- Symlinking: /work/ubuntu-ros2-dev/install/ament_cmake_include_directories/share/ament_index/resource_index/package_run_dependencies/ament_cmake_include_directories
-- Symlinking: /work/ubuntu-ros2-dev/install/ament_cmake_include_directories/share/ament_index/resource_index/parent_prefix_path/ament_cmake_include_directories
-- Symlinking: /work/ubuntu-ros2-dev/install/ament_cmake_include_directories/share/ament_cmake_include_directories/environment/ament_prefix_path.sh
-- Symlinking: /work/ubuntu-ros2-dev/install/ament_cmake_include_directories/share/ament_cmake_include_directories/environment/ament_prefix_path.dsv
-- Symlinking: /work/ubuntu-ros2-dev/install/ament_cmake_include_directories/share/ament_cmake_include_directories/environment/path.sh
-- Symlinking: /work/ubuntu-ros2-dev/install/ament_cmake_include_directories/share/ament_cmake_include_directories/environment/path.dsv
-- Symlinking: /work/ubuntu-ros2-dev/install/ament_cmake_include_directories/share/ament_cmake_include_directories/local_setup.bash
-- Symlinking: /work/ubuntu-ros2-dev/install/ament_cmake_include_directories/share/ament_cmake_include_directories/local_setup.sh
-- Symlinking: /work/ubuntu-ros2-dev/install/ament_cmake_include_directories/share/ament_cmake_include_directories/local_setup.zsh
-- Symlinking: /work/ubuntu-ros2-dev/install/ament_cmake_include_directories/share/ament_cmake_include_directories/local_setup.dsv
-- Symlinking: /work/ubuntu-ros2-dev/install/ament_cmake_include_directories/share/ament_cmake_include_directories/package.dsv
-- Symlinking: /work/ubuntu-ros2-dev/install/ament_cmake_include_directories/share/ament_index/resource_index/packages/ament_cmake_include_directories
-- Symlinking: /work/ubuntu-ros2-dev/install/ament_cmake_include_directories/share/ament_cmake_include_directories/cmake/ament_cmake_include_directories-extras.cmake
-- Symlinking: /work/ubuntu-ros2-dev/install/ament_cmake_include_directories/share/ament_cmake_include_directories/cmake/ament_cmake_include_directoriesConfig.cmake
-- Symlinking: /work/ubuntu-ros2-dev/install/ament_cmake_include_directories/share/ament_cmake_include_directories/cmake/ament_cmake_include_directoriesConfig-version.cmake
-- Symlinking: /work/ubuntu-ros2-dev/install/ament_cmake_include_directories/share/ament_cmake_include_directories/package.xml
-- Symlinking: /work/ubuntu-ros2-dev/install/ament_cmake_include_directories/share/ament_cmake_include_directories/cmake/ament_include_directories_order.cmake
