[0.012s] Invoking command in '/work/ubuntu-ros2-dev/build/ament_cmake_include_directories': AMENT_PREFIX_PATH=/work/ubuntu-ros2-dev/install/ament_cmake_core:/work/ubuntu-ros2-dev/install/ament_package CMAKE_PREFIX_PATH=/work/ubuntu-ros2-dev/install/ament_cmake_core PYTHONPATH=/work/ubuntu-ros2-dev/build/ament_package:/work/ubuntu-ros2-dev/install/ament_package/lib/python3.10/site-packages /usr/bin/cmake /work/ubuntu-ros2-dev/src/ament/ament_cmake/ament_cmake_include_directories -DAMENT_CMAKE_SYMLINK_INSTALL=1 -DCMAKE_INSTALL_PREFIX=/work/ubuntu-ros2-dev/install/ament_cmake_include_directories
[0.018s] -- Found ament_cmake_core: 2.5.2 (/work/ubuntu-ros2-dev/install/ament_cmake_core/share/ament_cmake_core/cmake)
[0.113s] -- Found Python3: /usr/bin/python3 (found version "3.10.12") found components: Interpreter 
[0.144s] -- Override CMake install command with custom implementation using symlinks instead of copying resources
[0.184s] -- Configuring done
[0.185s] -- Generating done
[0.185s] -- Build files have been written to: /work/ubuntu-ros2-dev/build/ament_cmake_include_directories
[0.191s] Invoked command in '/work/ubuntu-ros2-dev/build/ament_cmake_include_directories' returned '0': AMENT_PREFIX_PATH=/work/ubuntu-ros2-dev/install/ament_cmake_core:/work/ubuntu-ros2-dev/install/ament_package CMAKE_PREFIX_PATH=/work/ubuntu-ros2-dev/install/ament_cmake_core PYTHONPATH=/work/ubuntu-ros2-dev/build/ament_package:/work/ubuntu-ros2-dev/install/ament_package/lib/python3.10/site-packages /usr/bin/cmake /work/ubuntu-ros2-dev/src/ament/ament_cmake/ament_cmake_include_directories -DAMENT_CMAKE_SYMLINK_INSTALL=1 -DCMAKE_INSTALL_PREFIX=/work/ubuntu-ros2-dev/install/ament_cmake_include_directories
[0.191s] Invoking command in '/work/ubuntu-ros2-dev/build/ament_cmake_include_directories': AMENT_PREFIX_PATH=/work/ubuntu-ros2-dev/install/ament_cmake_core:/work/ubuntu-ros2-dev/install/ament_package CMAKE_PREFIX_PATH=/work/ubuntu-ros2-dev/install/ament_cmake_core PYTHONPATH=/work/ubuntu-ros2-dev/build/ament_package:/work/ubuntu-ros2-dev/install/ament_package/lib/python3.10/site-packages /usr/bin/cmake --build /work/ubuntu-ros2-dev/build/ament_cmake_include_directories -- -j8 -l8
[0.223s] Invoked command in '/work/ubuntu-ros2-dev/build/ament_cmake_include_directories' returned '0': AMENT_PREFIX_PATH=/work/ubuntu-ros2-dev/install/ament_cmake_core:/work/ubuntu-ros2-dev/install/ament_package CMAKE_PREFIX_PATH=/work/ubuntu-ros2-dev/install/ament_cmake_core PYTHONPATH=/work/ubuntu-ros2-dev/build/ament_package:/work/ubuntu-ros2-dev/install/ament_package/lib/python3.10/site-packages /usr/bin/cmake --build /work/ubuntu-ros2-dev/build/ament_cmake_include_directories -- -j8 -l8
[0.236s] Invoking command in '/work/ubuntu-ros2-dev/build/ament_cmake_include_directories': AMENT_PREFIX_PATH=/work/ubuntu-ros2-dev/install/ament_cmake_core:/work/ubuntu-ros2-dev/install/ament_package CMAKE_PREFIX_PATH=/work/ubuntu-ros2-dev/install/ament_cmake_core PYTHONPATH=/work/ubuntu-ros2-dev/build/ament_package:/work/ubuntu-ros2-dev/install/ament_package/lib/python3.10/site-packages /usr/bin/cmake --install /work/ubuntu-ros2-dev/build/ament_cmake_include_directories
[0.242s] -- Install configuration: ""
[0.243s] -- Execute custom install script
[0.243s] -- Symlinking: /work/ubuntu-ros2-dev/install/ament_cmake_include_directories/share/ament_index/resource_index/package_run_dependencies/ament_cmake_include_directories
[0.247s] -- Symlinking: /work/ubuntu-ros2-dev/install/ament_cmake_include_directories/share/ament_index/resource_index/parent_prefix_path/ament_cmake_include_directories
[0.251s] -- Symlinking: /work/ubuntu-ros2-dev/install/ament_cmake_include_directories/share/ament_cmake_include_directories/environment/ament_prefix_path.sh
[0.254s] -- Symlinking: /work/ubuntu-ros2-dev/install/ament_cmake_include_directories/share/ament_cmake_include_directories/environment/ament_prefix_path.dsv
[0.258s] -- Symlinking: /work/ubuntu-ros2-dev/install/ament_cmake_include_directories/share/ament_cmake_include_directories/environment/path.sh
[0.262s] -- Symlinking: /work/ubuntu-ros2-dev/install/ament_cmake_include_directories/share/ament_cmake_include_directories/environment/path.dsv
[0.266s] -- Symlinking: /work/ubuntu-ros2-dev/install/ament_cmake_include_directories/share/ament_cmake_include_directories/local_setup.bash
[0.275s] -- Symlinking: /work/ubuntu-ros2-dev/install/ament_cmake_include_directories/share/ament_cmake_include_directories/local_setup.sh
[0.280s] -- Symlinking: /work/ubuntu-ros2-dev/install/ament_cmake_include_directories/share/ament_cmake_include_directories/local_setup.zsh
[0.284s] -- Symlinking: /work/ubuntu-ros2-dev/install/ament_cmake_include_directories/share/ament_cmake_include_directories/local_setup.dsv
[0.289s] -- Symlinking: /work/ubuntu-ros2-dev/install/ament_cmake_include_directories/share/ament_cmake_include_directories/package.dsv
[0.297s] -- Symlinking: /work/ubuntu-ros2-dev/install/ament_cmake_include_directories/share/ament_index/resource_index/packages/ament_cmake_include_directories
[0.297s] -- Symlinking: /work/ubuntu-ros2-dev/install/ament_cmake_include_directories/share/ament_cmake_include_directories/cmake/ament_cmake_include_directories-extras.cmake
[0.301s] -- Symlinking: /work/ubuntu-ros2-dev/install/ament_cmake_include_directories/share/ament_cmake_include_directories/cmake/ament_cmake_include_directoriesConfig.cmake
[0.306s] -- Symlinking: /work/ubuntu-ros2-dev/install/ament_cmake_include_directories/share/ament_cmake_include_directories/cmake/ament_cmake_include_directoriesConfig-version.cmake
[0.311s] -- Symlinking: /work/ubuntu-ros2-dev/install/ament_cmake_include_directories/share/ament_cmake_include_directories/package.xml
[0.316s] -- Symlinking: /work/ubuntu-ros2-dev/install/ament_cmake_include_directories/share/ament_cmake_include_directories/cmake/ament_include_directories_order.cmake
[0.331s] Invoked command in '/work/ubuntu-ros2-dev/build/ament_cmake_include_directories' returned '0': AMENT_PREFIX_PATH=/work/ubuntu-ros2-dev/install/ament_cmake_core:/work/ubuntu-ros2-dev/install/ament_package CMAKE_PREFIX_PATH=/work/ubuntu-ros2-dev/install/ament_cmake_core PYTHONPATH=/work/ubuntu-ros2-dev/build/ament_package:/work/ubuntu-ros2-dev/install/ament_package/lib/python3.10/site-packages /usr/bin/cmake --install /work/ubuntu-ros2-dev/build/ament_cmake_include_directories
