-- The C compiler identification is GNU 11.4.0
-- The CXX compiler identification is GNU 11.4.0
-- Detecting C compiler ABI info
-- Detecting C compiler ABI info - done
-- Check for working C compiler: /usr/bin/cc - skipped
-- Detecting C compile features
-- Detecting C compile features - done
-- Detecting CXX compiler ABI info
-- Detecting CXX compiler ABI info - done
-- Check for working CXX compiler: /usr/bin/c++ - skipped
-- Detecting CXX compile features
-- Detecting CXX compile features - done
-- Found ament_cmake: 2.5.2 (/work/ubuntu-ros2-dev/install/ament_cmake/share/ament_cmake/cmake)
-- Found Python3: /usr/bin/python3 (found version "3.10.12") found components: Interpreter 
-- Override CMake install command with custom implementation using symlinks instead of copying resources
-- Found pluginlib: 5.4.2 (/work/ubuntu-ros2-dev/install/pluginlib/share/pluginlib/cmake)
-- Found TinyXML2 via Config file: TinyXML2_DIR-NOTFOUND
-- Found python_qt_binding: 2.2.1 (/work/ubuntu-ros2-dev/install/python_qt_binding/share/python_qt_binding/cmake)
-- Found Python3: /usr/bin/python3 (found version "3.10.12") found components: Interpreter Development Development.Module Development.Embed 
-- Shiboken2Config: Using default python: .cpython-310-aarch64-linux-gnu
-- Found PythonInterp: /usr/bin/python3 (found suitable version "3.10.12", minimum required is "3") 
-- Found PythonLibs: /usr/lib/aarch64-linux-gnu/libpython3.10.so (found suitable version "3.10.12", minimum required is "3") 
-- SHIBOKEN_PYTHON_INCLUDE_DIRS computed to value: '/usr/include/python3.10'
-- SHIBOKEN_PYTHON_LIBRARIES computed to value: ''
-- libshiboken built for RelWithDebInfo
-- Found Shiboken2 version 5.15.2
-- Using SHIBOKEN_INCLUDE_DIR: /usr/lib/../include/shiboken2;/usr/include/python3.10
-- Using SHIBOKEN_LIBRARY: /usr/lib/aarch64-linux-gnu/libshiboken2.cpython-310-aarch64-linux-gnu.so.5.15.2
-- Using SHIBOKEN_BINARY: Shiboken2::shiboken2
-- Found PySide2 version 5.15.2
-- Using PYSIDE_INCLUDE_DIR: /usr/lib/../include/PySide2
-- Using PYSIDE_LIBRARY: /usr/lib/aarch64-linux-gnu/libpyside2.cpython-310-aarch64-linux-gnu.so.5.15.2
-- Shiboken binding generator available.
-- Found Python3: /usr/include/python3.10 (found version "3.10.12") found components: Development Development.Module Development.Embed 
-- Found python_qt_binding: 2.2.1 (/work/ubuntu-ros2-dev/install/python_qt_binding/share/python_qt_binding/cmake)
-- Found Python3: /usr/bin/python3 (found suitable version "3.10.12", minimum required is "3.10.12") found components: Interpreter Development Development.Module Development.Embed 
-- SIP binding generator available at: /usr/bin/sip
-- Found required make: /usr/bin/make
-- Python binding generators: shiboken;sip
-- Found ament_cmake_pytest: 2.5.2 (/work/ubuntu-ros2-dev/install/ament_cmake_pytest/share/ament_cmake_pytest/cmake)
-- Configuring done
-- Generating done
-- Build files have been written to: /work/ubuntu-ros2-dev/build/qt_gui_cpp
[  0%] Built target ament_cmake_python_symlink_qt_gui_cpp
[  3%] [34m[1mGenerating include/qt_gui_cpp/moc_plugin_context.cpp[0m
[  6%] [34m[1mGenerating include/qt_gui_cpp/moc_plugin_bridge.cpp[0m
[  9%] [34m[1mGenerating include/qt_gui_cpp/moc_plugin.cpp[0m
[ 12%] [32mBuilding CXX object CMakeFiles/qt_gui_cpp.dir/src/qt_gui_cpp/composite_plugin_provider.cpp.o[0m
[ 15%] [32mBuilding CXX object CMakeFiles/qt_gui_cpp.dir/src/qt_gui_cpp/recursive_plugin_provider.cpp.o[0m
[ 18%] [32mBuilding CXX object CMakeFiles/qt_gui_cpp.dir/src/qt_gui_cpp/settings.cpp.o[0m
[ 21%] [32mBuilding CXX object CMakeFiles/qt_gui_cpp.dir/include/qt_gui_cpp/moc_plugin.cpp.o[0m
[ 24%] [32mBuilding CXX object CMakeFiles/qt_gui_cpp.dir/include/qt_gui_cpp/moc_plugin_bridge.cpp.o[0m
[ 27%] [32mBuilding CXX object CMakeFiles/qt_gui_cpp.dir/include/qt_gui_cpp/moc_plugin_context.cpp.o[0m
[ 30%] [32mBuilding CXX object CMakeFiles/qt_gui_cpp.dir/src/qt_gui_cpp/plugin_provider.cpp.o[0m
[ 33%] [32mBuilding CXX object CMakeFiles/qt_gui_cpp.dir/src/qt_gui_cpp/plugin_descriptor.cpp.o[0m
[ 36%] [32mBuilding CXX object CMakeFiles/qt_gui_cpp.dir/src/qt_gui_cpp/plugin_context.cpp.o[0m
[ 39%] [32mBuilding CXX object CMakeFiles/qt_gui_cpp.dir/src/qt_gui_cpp/plugin_bridge.cpp.o[0m
[ 42%] [32mBuilding CXX object CMakeFiles/qt_gui_cpp.dir/src/qt_gui_cpp/generic_proxy.cpp.o[0m
[ 45%] [32m[1mLinking CXX shared library libqt_gui_cpp.so[0m
[ 45%] Built target qt_gui_cpp
running egg_info
creating qt_gui_cpp.egg-info
writing qt_gui_cpp.egg-info/PKG-INFO
writing dependency_links to qt_gui_cpp.egg-info/dependency_links.txt
writing top-level names to qt_gui_cpp.egg-info/top_level.txt
writing manifest file 'qt_gui_cpp.egg-info/SOURCES.txt'
reading manifest file 'qt_gui_cpp.egg-info/SOURCES.txt'
writing manifest file 'qt_gui_cpp.egg-info/SOURCES.txt'
[ 45%] Built target ament_cmake_python_build_qt_gui_cpp_egg
[ 48%] [34m[1mRunning SIP generator for qt_gui_cpp_sip Python bindings...[0m
[ 51%] [34m[1mCompiling generated code for qt_gui_cpp_sip Python bindings...[0m
make[3]: warning: jobserver unavailable: using -j1.  Add '+' to parent make rule.
[ 54%] [34m[1mMeta target for qt_gui_cpp_sip Python bindings...[0m
[ 54%] Built target libqt_gui_cpp_sip
[ 57%] [34m[1mRunning Shiboken generator for libqt_gui_cpp Python bindings...[0m
qt.shiboken: (typesystem) Duplicate type entry: 'QMessageLogContext'
qt.shiboken: (typesystem) Unable to locate Clang's built-in include directory (neither by checking the environment variables LLVM_INSTALL_DIR, CLANG_INSTALL_DIR  nor running llvm-config). This may lead to parse errors.
(typesystem) clang_parseTranslationUnit2(0x0, cmd[26]=-fPIC -Wno-constant-logical-operand -std=c++17 -I/work/ubuntu-ros2-dev/src/ros-visualization/qt_gui_core/qt_gui_cpp/include -I/work/ubuntu-ros2-dev/install/pluginlib/include/pluginlib -I/work/ubuntu-ros2-dev/install/class_loader/include/class_loader -I/work/ubuntu-ros2-dev/install/rcpputils/include/rcpputils -I/work/ubuntu-ros2-dev/install/rcutils/include/rcutils -I/work/ubuntu-ros2-dev/install/ament_index_cpp/include/ament_index_cpp -I/usr/include -I/usr/include/aarch64-linux-gnu/qt5 -I/usr/include/aarch64-linux-gnu/qt5/QtWidgets -I/usr/include/aarch64-linux-gnu/qt5/QtGui -I/usr/include/aarch64-linux-gnu/qt5/QtCore -I/usr/lib/aarch64-linux-gnu/qt5/mkspecs/linux-g++ -I/usr/include/PySide2 -I/usr/include/c++/11 -I/usr/include/aarch64-linux-gnu/c++/11 -I/usr/include/c++/11/backward -I/usr/lib/gcc/aarch64-linux-gnu/11/include -I/usr/local/include -I/usr/include/aarch64-linux-gnu -I/usr/include /tmp/global_uRunpe.hpp "-DQT_ANNOTATE_ACCESS_SPECIFIER(a)=__attribute__((annotate(#a)))" "-DQT_ANNOTATE_CLASS(type,...)=static_assert(sizeof(#__VA_ARGS__),#type);")
qt.shiboken: (typesystem) /usr/include/aarch64-linux-gnu/qt5/QtCore/qpluginloader.h:56: Unable to decide type of property: "loadHints" (QLibrary::LoadHints): Unable to translate type "QLibrary::LoadHints": Cannot find type entry for "QFlags<QLibrary::LoadHint>".
(typesystem) [1189ms] Generating class model (1129)...                            [[1;33mWARNING[0m]
(typesystem) [1199ms] Generating enum model (5)...                                [[1;33mWARNING[0m]
qt.shiboken: (typesystem) /work/ubuntu-ros2-dev/install/rcutils/include/rcutils/rcutils/logging.h:171: Enum 'RCUTILS_LOG_SEVERITY' does not have a type entry
(typesystem) [1200ms] Generating namespace model (115)...                         [[0;32mOK[0m]
qt.shiboken: (typesystem) /usr/include/aarch64-linux-gnu/qt5/QtGui/qopenglshaderprogram.h:179: While traversing QOpenGLShaderProgram: setAttributeArray(int,const float*,int,int): Cannot use parameter 2 as an array: <array> modification already applied.
(typesystem) [1201ms] Resolving typedefs (2736)...                                [[1;33mWARNING[0m]
qt.shiboken: (typesystem) /usr/include/aarch64-linux-gnu/qt5/QtWidgets/qaccessiblewidget.h:53: class 'QAccessibleWidget' inherits from unknown base class 'QAccessibleActionInterface'
(typesystem) [1646ms] Fixing class inheritance...                                 [[1;33mWARNING[0m]
(typesystem) [1648ms] Detecting inconsistencies in class model...                 [[0;32mOK[0m]
(typesystem) [1972ms] Detecting inconsistencies in typesystem (7538)...           [[0;32mOK[0m]
(typesystem) [1999ms] Checking inconsistencies in function modifications...       [[0;32mOK[0m]
(typesystem) [2000ms] Writing log files...                                        [[0;32mOK[0m]
(typesystem) [2028ms] Running Source generator...                                 [[0;32mOK[0m]
(typesystem) [2043ms] Running Header generator...                                 [[0;32mOK[0m]
Done, (typesystem) 2045ms, 6 warnings (732 known issues)
[ 60%] [32mBuilding CXX object src/qt_gui_cpp_shiboken/CMakeFiles/qt_gui_cpp_shiboken.dir/libqt_gui_cpp_shiboken/libqt_gui_cpp_shiboken_module_wrapper.cpp.o[0m
[ 63%] [32mBuilding CXX object src/qt_gui_cpp_shiboken/CMakeFiles/qt_gui_cpp_shiboken.dir/libqt_gui_cpp_shiboken/qt_gui_cpp_genericproxy_wrapper.cpp.o[0m
[ 66%] [32mBuilding CXX object src/qt_gui_cpp_shiboken/CMakeFiles/qt_gui_cpp_shiboken.dir/libqt_gui_cpp_shiboken/qt_gui_cpp_compositepluginprovider_wrapper.cpp.o[0m
[ 69%] [32mBuilding CXX object src/qt_gui_cpp_shiboken/CMakeFiles/qt_gui_cpp_shiboken.dir/libqt_gui_cpp_shiboken/qt_gui_cpp_pluginprovider_wrapper.cpp.o[0m
[ 72%] [32mBuilding CXX object src/qt_gui_cpp_shiboken/CMakeFiles/qt_gui_cpp_shiboken.dir/libqt_gui_cpp_shiboken/qt_gui_cpp_plugindescriptor_wrapper.cpp.o[0m
[ 75%] [32mBuilding CXX object src/qt_gui_cpp_shiboken/CMakeFiles/qt_gui_cpp_shiboken.dir/libqt_gui_cpp_shiboken/qt_gui_cpp_settings_wrapper.cpp.o[0m
[ 78%] [32mBuilding CXX object src/qt_gui_cpp_shiboken/CMakeFiles/qt_gui_cpp_shiboken.dir/libqt_gui_cpp_shiboken/qt_gui_cpp_wrapper.cpp.o[0m
[ 81%] [32mBuilding CXX object src/qt_gui_cpp_shiboken/CMakeFiles/qt_gui_cpp_shiboken.dir/libqt_gui_cpp_shiboken/qt_gui_cpp_rospluginlibpluginprovider_forplugins_wrapper.cpp.o[0m
[ 84%] [32mBuilding CXX object src/qt_gui_cpp_shiboken/CMakeFiles/qt_gui_cpp_shiboken.dir/libqt_gui_cpp_shiboken/qt_gui_cpp_rospluginlibpluginprovider_forpluginproviders_wrapper.cpp.o[0m
[ 87%] [32mBuilding CXX object src/qt_gui_cpp_shiboken/CMakeFiles/qt_gui_cpp_shiboken.dir/libqt_gui_cpp_shiboken/qt_gui_cpp_recursivepluginprovider_wrapper.cpp.o[0m
[ 90%] [32mBuilding CXX object src/qt_gui_cpp_shiboken/CMakeFiles/qt_gui_cpp_shiboken.dir/libqt_gui_cpp_shiboken/qt_gui_cpp_plugincontext_wrapper.cpp.o[0m
[ 93%] [32mBuilding CXX object src/qt_gui_cpp_shiboken/CMakeFiles/qt_gui_cpp_shiboken.dir/libqt_gui_cpp_shiboken/qt_gui_cpp_pluginbridge_wrapper.cpp.o[0m
[ 96%] [32mBuilding CXX object src/qt_gui_cpp_shiboken/CMakeFiles/qt_gui_cpp_shiboken.dir/libqt_gui_cpp_shiboken/qt_gui_cpp_plugin_wrapper.cpp.o[0m
[100%] [32m[1mLinking CXX shared library libqt_gui_cpp_shiboken.so[0m
[100%] Built target qt_gui_cpp_shiboken
-- Install configuration: ""
-- Execute custom install script
-- Symlinking: /work/ubuntu-ros2-dev/install/qt_gui_cpp/share/qt_gui_cpp/environment/pythonpath.sh
-- Symlinking: /work/ubuntu-ros2-dev/install/qt_gui_cpp/share/qt_gui_cpp/environment/pythonpath.dsv
-- Symlinking: /work/ubuntu-ros2-dev/install/qt_gui_cpp/lib/python3.10/site-packages/qt_gui_cpp-2.7.4-py3.10.egg-info/PKG-INFO
-- Symlinking: /work/ubuntu-ros2-dev/install/qt_gui_cpp/lib/python3.10/site-packages/qt_gui_cpp-2.7.4-py3.10.egg-info/SOURCES.txt
-- Symlinking: /work/ubuntu-ros2-dev/install/qt_gui_cpp/lib/python3.10/site-packages/qt_gui_cpp-2.7.4-py3.10.egg-info/dependency_links.txt
-- Symlinking: /work/ubuntu-ros2-dev/install/qt_gui_cpp/lib/python3.10/site-packages/qt_gui_cpp-2.7.4-py3.10.egg-info/top_level.txt
-- Symlinking: /work/ubuntu-ros2-dev/install/qt_gui_cpp/lib/python3.10/site-packages/qt_gui_cpp/__init__.py
-- Symlinking: /work/ubuntu-ros2-dev/install/qt_gui_cpp/lib/python3.10/site-packages/qt_gui_cpp/composite_plugin_provider.cpp
-- Symlinking: /work/ubuntu-ros2-dev/install/qt_gui_cpp/lib/python3.10/site-packages/qt_gui_cpp/cpp_binding_helper.py
-- Symlinking: /work/ubuntu-ros2-dev/install/qt_gui_cpp/lib/python3.10/site-packages/qt_gui_cpp/cpp_plugin_provider.py
-- Symlinking: /work/ubuntu-ros2-dev/install/qt_gui_cpp/lib/python3.10/site-packages/qt_gui_cpp/generic_proxy.cpp
-- Symlinking: /work/ubuntu-ros2-dev/install/qt_gui_cpp/lib/python3.10/site-packages/qt_gui_cpp/plugin_bridge.cpp
-- Symlinking: /work/ubuntu-ros2-dev/install/qt_gui_cpp/lib/python3.10/site-packages/qt_gui_cpp/plugin_context.cpp
-- Symlinking: /work/ubuntu-ros2-dev/install/qt_gui_cpp/lib/python3.10/site-packages/qt_gui_cpp/plugin_descriptor.cpp
-- Symlinking: /work/ubuntu-ros2-dev/install/qt_gui_cpp/lib/python3.10/site-packages/qt_gui_cpp/plugin_provider.cpp
-- Symlinking: /work/ubuntu-ros2-dev/install/qt_gui_cpp/lib/python3.10/site-packages/qt_gui_cpp/recursive_plugin_provider.cpp
-- Symlinking: /work/ubuntu-ros2-dev/install/qt_gui_cpp/lib/python3.10/site-packages/qt_gui_cpp/ros_pluginlib_plugin_provider.py
-- Symlinking: /work/ubuntu-ros2-dev/install/qt_gui_cpp/lib/python3.10/site-packages/qt_gui_cpp/settings.cpp
-- Symlinking: /work/ubuntu-ros2-dev/install/qt_gui_cpp/lib/python3.10/site-packages/qt_gui_cpp/libqt_gui_cpp_shiboken.so
-- Symlinking: /work/ubuntu-ros2-dev/install/qt_gui_cpp/lib/python3.10/site-packages/qt_gui_cpp/libqt_gui_cpp_sip.so
-- Symlinking: /work/ubuntu-ros2-dev/install/qt_gui_cpp/share/qt_gui_cpp/plugin.xml
-- Symlinking: /work/ubuntu-ros2-dev/install/qt_gui_cpp/include/qt_gui_cpp/qt_gui_cpp/composite_plugin_provider.h
-- Symlinking: /work/ubuntu-ros2-dev/install/qt_gui_cpp/include/qt_gui_cpp/qt_gui_cpp/generic_proxy.h
-- Symlinking: /work/ubuntu-ros2-dev/install/qt_gui_cpp/include/qt_gui_cpp/qt_gui_cpp/plugin.h
-- Symlinking: /work/ubuntu-ros2-dev/install/qt_gui_cpp/include/qt_gui_cpp/qt_gui_cpp/plugin_bridge.h
-- Symlinking: /work/ubuntu-ros2-dev/install/qt_gui_cpp/include/qt_gui_cpp/qt_gui_cpp/plugin_context.h
-- Symlinking: /work/ubuntu-ros2-dev/install/qt_gui_cpp/include/qt_gui_cpp/qt_gui_cpp/plugin_descriptor.h
-- Symlinking: /work/ubuntu-ros2-dev/install/qt_gui_cpp/include/qt_gui_cpp/qt_gui_cpp/plugin_provider.h
-- Symlinking: /work/ubuntu-ros2-dev/install/qt_gui_cpp/include/qt_gui_cpp/qt_gui_cpp/recursive_plugin_provider.h
-- Symlinking: /work/ubuntu-ros2-dev/install/qt_gui_cpp/include/qt_gui_cpp/qt_gui_cpp/ros_pluginlib_plugin_provider.h
-- Symlinking: /work/ubuntu-ros2-dev/install/qt_gui_cpp/include/qt_gui_cpp/qt_gui_cpp/ros_pluginlib_plugin_provider_for_plugin_providers.h
-- Symlinking: /work/ubuntu-ros2-dev/install/qt_gui_cpp/include/qt_gui_cpp/qt_gui_cpp/ros_pluginlib_plugin_provider_for_plugins.h
-- Symlinking: /work/ubuntu-ros2-dev/install/qt_gui_cpp/include/qt_gui_cpp/qt_gui_cpp/settings.h
-- Symlinking: /work/ubuntu-ros2-dev/install/qt_gui_cpp/share/qt_gui_cpp/environment/library_path.sh
-- Symlinking: /work/ubuntu-ros2-dev/install/qt_gui_cpp/share/qt_gui_cpp/environment/library_path.dsv
-- Symlinking: /work/ubuntu-ros2-dev/install/qt_gui_cpp/share/ament_index/resource_index/package_run_dependencies/qt_gui_cpp
-- Symlinking: /work/ubuntu-ros2-dev/install/qt_gui_cpp/share/ament_index/resource_index/parent_prefix_path/qt_gui_cpp
-- Symlinking: /work/ubuntu-ros2-dev/install/qt_gui_cpp/share/qt_gui_cpp/environment/ament_prefix_path.sh
-- Symlinking: /work/ubuntu-ros2-dev/install/qt_gui_cpp/share/qt_gui_cpp/environment/ament_prefix_path.dsv
-- Symlinking: /work/ubuntu-ros2-dev/install/qt_gui_cpp/share/qt_gui_cpp/environment/path.sh
-- Symlinking: /work/ubuntu-ros2-dev/install/qt_gui_cpp/share/qt_gui_cpp/environment/path.dsv
-- Symlinking: /work/ubuntu-ros2-dev/install/qt_gui_cpp/share/qt_gui_cpp/local_setup.bash
-- Symlinking: /work/ubuntu-ros2-dev/install/qt_gui_cpp/share/qt_gui_cpp/local_setup.sh
-- Symlinking: /work/ubuntu-ros2-dev/install/qt_gui_cpp/share/qt_gui_cpp/local_setup.zsh
-- Symlinking: /work/ubuntu-ros2-dev/install/qt_gui_cpp/share/qt_gui_cpp/local_setup.dsv
-- Symlinking: /work/ubuntu-ros2-dev/install/qt_gui_cpp/share/qt_gui_cpp/package.dsv
-- Symlinking: /work/ubuntu-ros2-dev/install/qt_gui_cpp/share/ament_index/resource_index/packages/qt_gui_cpp
-- Symlinking: /work/ubuntu-ros2-dev/install/qt_gui_cpp/share/qt_gui_cpp/cmake/qt_gui_cpp-extras.cmake
-- Symlinking: /work/ubuntu-ros2-dev/install/qt_gui_cpp/share/qt_gui_cpp/cmake/ament_cmake_export_dependencies-extras.cmake
-- Symlinking: /work/ubuntu-ros2-dev/install/qt_gui_cpp/share/qt_gui_cpp/cmake/ament_cmake_export_targets-extras.cmake
-- Symlinking: /work/ubuntu-ros2-dev/install/qt_gui_cpp/share/qt_gui_cpp/cmake/qt_gui_cppConfig.cmake
-- Symlinking: /work/ubuntu-ros2-dev/install/qt_gui_cpp/share/qt_gui_cpp/cmake/qt_gui_cppConfig-version.cmake
-- Symlinking: /work/ubuntu-ros2-dev/install/qt_gui_cpp/share/qt_gui_cpp/package.xml
Listing '/work/ubuntu-ros2-dev/install/qt_gui_cpp/lib/python3.10/site-packages/qt_gui_cpp'...
Compiling '/work/ubuntu-ros2-dev/install/qt_gui_cpp/lib/python3.10/site-packages/qt_gui_cpp/__init__.py'...
Compiling '/work/ubuntu-ros2-dev/install/qt_gui_cpp/lib/python3.10/site-packages/qt_gui_cpp/cpp_binding_helper.py'...
Compiling '/work/ubuntu-ros2-dev/install/qt_gui_cpp/lib/python3.10/site-packages/qt_gui_cpp/cpp_plugin_provider.py'...
Compiling '/work/ubuntu-ros2-dev/install/qt_gui_cpp/lib/python3.10/site-packages/qt_gui_cpp/ros_pluginlib_plugin_provider.py'...
-- Installing: /work/ubuntu-ros2-dev/install/qt_gui_cpp/lib/libqt_gui_cpp.so
-- Set runtime path of "/work/ubuntu-ros2-dev/install/qt_gui_cpp/lib/libqt_gui_cpp.so" to ""
-- Installing: /work/ubuntu-ros2-dev/install/qt_gui_cpp/share/qt_gui_cpp/cmake/export_qt_gui_cppExport.cmake
-- Installing: /work/ubuntu-ros2-dev/install/qt_gui_cpp/share/qt_gui_cpp/cmake/export_qt_gui_cppExport-noconfig.cmake
