-- The C compiler identification is GNU 11.4.0
-- The CXX compiler identification is GNU 11.4.0
-- Detecting C compiler ABI info
-- Detecting C compiler ABI info - done
-- Check for working C compiler: /usr/bin/cc - skipped
-- Detecting C compile features
-- Detecting C compile features - done
-- Detecting CXX compiler ABI info
-- Detecting CXX compiler ABI info - done
-- Check for working CXX compiler: /usr/bin/c++ - skipped
-- Detecting CXX compile features
-- Detecting CXX compile features - done
-- Found ament_cmake_ros: 0.12.0 (/work/ubuntu-ros2-dev/install/ament_cmake_ros/share/ament_cmake_ros/cmake)
-- Found Python3: /usr/bin/python3 (found version "3.10.12") found components: Interpreter 
-- Override CMake install command with custom implementation using symlinks instead of copying resources
-- Found ament_index_cpp: 1.8.1 (/work/ubuntu-ros2-dev/install/ament_index_cpp/share/ament_index_cpp/cmake)
-- Found libcurl_vendor: 3.4.3 (/work/ubuntu-ros2-dev/install/libcurl_vendor/share/libcurl_vendor/cmake)
-- library: /usr/lib/aarch64-linux-gnu/libcurl.so
-- Found CURL: /usr/lib/aarch64-linux-gnu/libcurl.so (found version "7.81.0")  
-- Found ament_lint_auto: 0.17.1 (/work/ubuntu-ros2-dev/install/ament_lint_auto/share/ament_lint_auto/cmake)
-- Found gtest sources under '/work/ubuntu-ros2-dev/install/gtest_vendor/src/gtest_vendor': C++ tests using 'Google Test' will be built
-- Looking for pthread.h
-- Looking for pthread.h - found
-- Performing Test CMAKE_HAVE_LIBC_PTHREAD
-- Performing Test CMAKE_HAVE_LIBC_PTHREAD - Success
-- Found Threads: TRUE  
-- Found PythonExtra: /usr/bin/python3  
-- Added test 'copyright' to check source files copyright and LICENSE
-- Added test 'cppcheck' to perform static code analysis on C / C++ code
-- Configured cppcheck include dirs: $<BUILD_INTERFACE:/work/ubuntu-ros2-dev/src/ros/resource_retriever/resource_retriever/include>
-- Configured cppcheck exclude dirs and/or files: 
-- Added test 'cpplint' to check C / C++ code against the Google style
-- Configured cpplint exclude dirs and/or files: 
-- Added test 'flake8' to check Python code syntax and style conventions
-- Configured 'flake8' exclude dirs and/or files: 
-- Added test 'lint_cmake' to check CMake code style
-- Added test 'pep257' to check Python code against some of the docstring style conventions in PEP 257
-- Added test 'uncrustify' to check C / C++ code style
-- Configured uncrustify additional arguments: 
-- Added test 'xmllint' to check XML markup files
-- Configuring done
-- Generating done
-- Build files have been written to: /work/ubuntu-ros2-dev/build/resource_retriever
[ 12%] [32mBuilding CXX object CMakeFiles/resource_retriever.dir/src/retriever.cpp.o[0m
[ 12%] Built target ament_cmake_python_symlink_resource_retriever
[ 25%] [32mBuilding CXX object gtest/CMakeFiles/gtest.dir/src/gtest-all.cc.o[0m
[ 37%] [32m[1mLinking CXX shared library libresource_retriever.so[0m
[ 37%] Built target resource_retriever
running egg_info
creating resource_retriever.egg-info
writing resource_retriever.egg-info/PKG-INFO
writing dependency_links to resource_retriever.egg-info/dependency_links.txt
writing top-level names to resource_retriever.egg-info/top_level.txt
writing manifest file 'resource_retriever.egg-info/SOURCES.txt'
reading manifest file 'resource_retriever.egg-info/SOURCES.txt'
writing manifest file 'resource_retriever.egg-info/SOURCES.txt'
[ 37%] Built target ament_cmake_python_build_resource_retriever_egg
[ 50%] [32m[1mLinking CXX static library libgtest.a[0m
[ 50%] Built target gtest
[ 62%] [32mBuilding CXX object gtest/CMakeFiles/gtest_main.dir/src/gtest_main.cc.o[0m
[ 75%] [32m[1mLinking CXX static library libgtest_main.a[0m
[ 75%] Built target gtest_main
[ 87%] [32mBuilding CXX object CMakeFiles/resource_retriever_test.dir/test/test.cpp.o[0m
[100%] [32m[1mLinking CXX executable resource_retriever_test[0m
[100%] Built target resource_retriever_test
-- Install configuration: ""
-- Execute custom install script
-- Symlinking: /work/ubuntu-ros2-dev/install/resource_retriever/share/resource_retriever/environment/library_path.sh
-- Symlinking: /work/ubuntu-ros2-dev/install/resource_retriever/share/resource_retriever/environment/library_path.dsv
-- Symlinking: /work/ubuntu-ros2-dev/install/resource_retriever/share/resource_retriever/environment/pythonpath.sh
-- Symlinking: /work/ubuntu-ros2-dev/install/resource_retriever/share/resource_retriever/environment/pythonpath.dsv
-- Symlinking: /work/ubuntu-ros2-dev/install/resource_retriever/lib/python3.10/site-packages/resource_retriever-3.4.3-py3.10.egg-info/PKG-INFO
-- Symlinking: /work/ubuntu-ros2-dev/install/resource_retriever/lib/python3.10/site-packages/resource_retriever-3.4.3-py3.10.egg-info/SOURCES.txt
-- Symlinking: /work/ubuntu-ros2-dev/install/resource_retriever/lib/python3.10/site-packages/resource_retriever-3.4.3-py3.10.egg-info/dependency_links.txt
-- Symlinking: /work/ubuntu-ros2-dev/install/resource_retriever/lib/python3.10/site-packages/resource_retriever-3.4.3-py3.10.egg-info/top_level.txt
-- Symlinking: /work/ubuntu-ros2-dev/install/resource_retriever/lib/python3.10/site-packages/resource_retriever/__init__.py
-- Symlinking: /work/ubuntu-ros2-dev/install/resource_retriever/share/resource_retriever/test/test.txt
-- Symlinking: /work/ubuntu-ros2-dev/install/resource_retriever/include/resource_retriever/resource_retriever/retriever.hpp
-- Symlinking: /work/ubuntu-ros2-dev/install/resource_retriever/include/resource_retriever/resource_retriever/visibility_control.hpp
-- Symlinking: /work/ubuntu-ros2-dev/install/resource_retriever/share/ament_index/resource_index/package_run_dependencies/resource_retriever
-- Symlinking: /work/ubuntu-ros2-dev/install/resource_retriever/share/ament_index/resource_index/parent_prefix_path/resource_retriever
-- Symlinking: /work/ubuntu-ros2-dev/install/resource_retriever/share/resource_retriever/environment/ament_prefix_path.sh
-- Symlinking: /work/ubuntu-ros2-dev/install/resource_retriever/share/resource_retriever/environment/ament_prefix_path.dsv
-- Symlinking: /work/ubuntu-ros2-dev/install/resource_retriever/share/resource_retriever/environment/path.sh
-- Symlinking: /work/ubuntu-ros2-dev/install/resource_retriever/share/resource_retriever/environment/path.dsv
-- Symlinking: /work/ubuntu-ros2-dev/install/resource_retriever/share/resource_retriever/local_setup.bash
-- Symlinking: /work/ubuntu-ros2-dev/install/resource_retriever/share/resource_retriever/local_setup.sh
-- Symlinking: /work/ubuntu-ros2-dev/install/resource_retriever/share/resource_retriever/local_setup.zsh
-- Symlinking: /work/ubuntu-ros2-dev/install/resource_retriever/share/resource_retriever/local_setup.dsv
-- Symlinking: /work/ubuntu-ros2-dev/install/resource_retriever/share/resource_retriever/package.dsv
-- Symlinking: /work/ubuntu-ros2-dev/install/resource_retriever/share/ament_index/resource_index/packages/resource_retriever
-- Symlinking: /work/ubuntu-ros2-dev/install/resource_retriever/share/resource_retriever/cmake/ament_cmake_export_include_directories-extras.cmake
-- Symlinking: /work/ubuntu-ros2-dev/install/resource_retriever/share/resource_retriever/cmake/ament_cmake_export_targets-extras.cmake
-- Symlinking: /work/ubuntu-ros2-dev/install/resource_retriever/share/resource_retriever/cmake/resource_retrieverConfig.cmake
-- Symlinking: /work/ubuntu-ros2-dev/install/resource_retriever/share/resource_retriever/cmake/resource_retrieverConfig-version.cmake
-- Symlinking: /work/ubuntu-ros2-dev/install/resource_retriever/share/resource_retriever/package.xml
Listing '/work/ubuntu-ros2-dev/install/resource_retriever/lib/python3.10/site-packages/resource_retriever'...
Compiling '/work/ubuntu-ros2-dev/install/resource_retriever/lib/python3.10/site-packages/resource_retriever/__init__.py'...
-- Installing: /work/ubuntu-ros2-dev/install/resource_retriever/lib/libresource_retriever.so
-- Set runtime path of "/work/ubuntu-ros2-dev/install/resource_retriever/lib/libresource_retriever.so" to ""
-- Installing: /work/ubuntu-ros2-dev/install/resource_retriever/share/resource_retriever/cmake/resource_retrieverExport.cmake
-- Installing: /work/ubuntu-ros2-dev/install/resource_retriever/share/resource_retriever/cmake/resource_retrieverExport-noconfig.cmake
