-- The C compiler identification is GNU 11.4.0
-- The CXX compiler identification is GNU 11.4.0
-- Detecting C compiler ABI info
-- Detecting C compiler ABI info - done
-- Check for working C compiler: /usr/bin/cc - skipped
-- Detecting C compile features
-- Detecting C compile features - done
-- Detecting CXX compiler ABI info
-- Detecting CXX compiler ABI info - done
-- Check for working CXX compiler: /usr/bin/c++ - skipped
-- Detecting CXX compile features
-- Detecting CXX compile features - done
-- Found ament_cmake: 2.5.2 (/work/ubuntu-ros2-dev/install/ament_cmake/share/ament_cmake/cmake)
-- Found Python3: /usr/bin/python3 (found version "3.10.12") found components: Interpreter 
-- Override CMake install command with custom implementation using symlinks instead of copying resources
-- Found liblz4_vendor: 0.26.5 (/work/ubuntu-ros2-dev/install/liblz4_vendor/share/liblz4_vendor/cmake)
-- Found lz4: /usr/lib/aarch64-linux-gnu/liblz4.so (found version "1.9.3") 
-- Found zstd_vendor: 0.26.5 (/work/ubuntu-ros2-dev/install/zstd_vendor/share/zstd_vendor/cmake)
-- Found zstd: /work/ubuntu-ros2-dev/install/zstd_vendor/opt/zstd_vendor/lib/libzstd.so (found version "1.5.5") 
-- Configuring done
-- Generating done
-- Build files have been written to: /work/ubuntu-ros2-dev/build/mcap_vendor
[ 50%] [32mBuilding CXX object CMakeFiles/mcap.dir/src/main.cpp.o[0m
[100%] [32m[1mLinking CXX shared library libmcap.so[0m
[100%] Built target mcap
-- Install configuration: ""
-- Execute custom install script
-- Symlinking: /work/ubuntu-ros2-dev/install/mcap_vendor/include/mcap_vendor/mcap/crc32.hpp
-- Symlinking: /work/ubuntu-ros2-dev/install/mcap_vendor/include/mcap_vendor/mcap/errors.hpp
-- Symlinking: /work/ubuntu-ros2-dev/install/mcap_vendor/include/mcap_vendor/mcap/internal.hpp
-- Symlinking: /work/ubuntu-ros2-dev/install/mcap_vendor/include/mcap_vendor/mcap/intervaltree.hpp
-- Symlinking: /work/ubuntu-ros2-dev/install/mcap_vendor/include/mcap_vendor/mcap/mcap.hpp
-- Symlinking: /work/ubuntu-ros2-dev/install/mcap_vendor/include/mcap_vendor/mcap/read_job_queue.hpp
-- Symlinking: /work/ubuntu-ros2-dev/install/mcap_vendor/include/mcap_vendor/mcap/reader.hpp
-- Symlinking: /work/ubuntu-ros2-dev/install/mcap_vendor/include/mcap_vendor/mcap/types.hpp
-- Symlinking: /work/ubuntu-ros2-dev/install/mcap_vendor/include/mcap_vendor/mcap/visibility.hpp
-- Symlinking: /work/ubuntu-ros2-dev/install/mcap_vendor/include/mcap_vendor/mcap/writer.hpp
-- Symlinking: /work/ubuntu-ros2-dev/install/mcap_vendor/share/mcap_vendor/environment/library_path.sh
-- Symlinking: /work/ubuntu-ros2-dev/install/mcap_vendor/share/mcap_vendor/environment/library_path.dsv
-- Symlinking: /work/ubuntu-ros2-dev/install/mcap_vendor/share/ament_index/resource_index/package_run_dependencies/mcap_vendor
-- Symlinking: /work/ubuntu-ros2-dev/install/mcap_vendor/share/ament_index/resource_index/parent_prefix_path/mcap_vendor
-- Symlinking: /work/ubuntu-ros2-dev/install/mcap_vendor/share/mcap_vendor/environment/ament_prefix_path.sh
-- Symlinking: /work/ubuntu-ros2-dev/install/mcap_vendor/share/mcap_vendor/environment/ament_prefix_path.dsv
-- Symlinking: /work/ubuntu-ros2-dev/install/mcap_vendor/share/mcap_vendor/environment/path.sh
-- Symlinking: /work/ubuntu-ros2-dev/install/mcap_vendor/share/mcap_vendor/environment/path.dsv
-- Symlinking: /work/ubuntu-ros2-dev/install/mcap_vendor/share/mcap_vendor/local_setup.bash
-- Symlinking: /work/ubuntu-ros2-dev/install/mcap_vendor/share/mcap_vendor/local_setup.sh
-- Symlinking: /work/ubuntu-ros2-dev/install/mcap_vendor/share/mcap_vendor/local_setup.zsh
-- Symlinking: /work/ubuntu-ros2-dev/install/mcap_vendor/share/mcap_vendor/local_setup.dsv
-- Symlinking: /work/ubuntu-ros2-dev/install/mcap_vendor/share/mcap_vendor/package.dsv
-- Symlinking: /work/ubuntu-ros2-dev/install/mcap_vendor/share/ament_index/resource_index/packages/mcap_vendor
-- Symlinking: /work/ubuntu-ros2-dev/install/mcap_vendor/share/mcap_vendor/cmake/ament_cmake_export_include_directories-extras.cmake
-- Symlinking: /work/ubuntu-ros2-dev/install/mcap_vendor/share/mcap_vendor/cmake/ament_cmake_export_targets-extras.cmake
-- Symlinking: /work/ubuntu-ros2-dev/install/mcap_vendor/share/mcap_vendor/cmake/ament_cmake_export_dependencies-extras.cmake
-- Symlinking: /work/ubuntu-ros2-dev/install/mcap_vendor/share/mcap_vendor/cmake/mcap_vendorConfig.cmake
-- Symlinking: /work/ubuntu-ros2-dev/install/mcap_vendor/share/mcap_vendor/cmake/mcap_vendorConfig-version.cmake
-- Symlinking: /work/ubuntu-ros2-dev/install/mcap_vendor/share/mcap_vendor/package.xml
-- Installing: /work/ubuntu-ros2-dev/install/mcap_vendor/lib/libmcap.so
-- Set runtime path of "/work/ubuntu-ros2-dev/install/mcap_vendor/lib/libmcap.so" to ""
-- Installing: /work/ubuntu-ros2-dev/install/mcap_vendor/share/mcap_vendor/cmake/mcapExport.cmake
-- Installing: /work/ubuntu-ros2-dev/install/mcap_vendor/share/mcap_vendor/cmake/mcapExport-noconfig.cmake
