-- The C compiler identification is GNU 11.4.0
-- The CXX compiler identification is GNU 11.4.0
-- Detecting C compiler ABI info
-- Detecting C compiler ABI info - done
-- Check for working C compiler: /usr/bin/cc - skipped
-- Detecting C compile features
-- Detecting C compile features - done
-- Detecting CXX compiler ABI info
-- Detecting CXX compiler ABI info - done
-- Check for working CXX compiler: /usr/bin/c++ - skipped
-- Detecting CXX compile features
-- Detecting CXX compile features - done
-- Found ament_cmake: 2.5.2 (/work/ubuntu-ros2-dev/install/ament_cmake/share/ament_cmake/cmake)
-- Found Python3: /usr/bin/python3 (found version "3.10.12") found components: Interpreter 
-- Override CMake install command with custom implementation using symlinks instead of copying resources
-- Found rclcpp: 28.1.5 (/work/ubuntu-ros2-dev/install/rclcpp/share/rclcpp/cmake)
-- Found rosidl_generator_c: 4.6.4 (/work/ubuntu-ros2-dev/install/rosidl_generator_c/share/rosidl_generator_c/cmake)
-- Found rosidl_generator_cpp: 4.6.4 (/work/ubuntu-ros2-dev/install/rosidl_generator_cpp/share/rosidl_generator_cpp/cmake)
-- Using all available rosidl_typesupport_c: rosidl_typesupport_fastrtps_c;rosidl_typesupport_introspection_c
-- Using all available rosidl_typesupport_cpp: rosidl_typesupport_introspection_cpp;rosidl_typesupport_fastrtps_cpp
-- Found rmw_implementation_cmake: 7.3.1 (/work/ubuntu-ros2-dev/install/rmw_implementation_cmake/share/rmw_implementation_cmake/cmake)
-- Found rmw_fastrtps_cpp: 8.4.1 (/work/ubuntu-ros2-dev/install/rmw_fastrtps_cpp/share/rmw_fastrtps_cpp/cmake)
-- Found OpenSSL: /usr/lib/aarch64-linux-gnu/libcrypto.so (found version "3.0.2")  
-- Found FastRTPS: /work/ubuntu-ros2-dev/install/fastrtps/include (Required is at least version "2.13") 
-- Using RMW implementation 'rmw_fastrtps_cpp' as default
-- Found rclcpp_components: 28.1.5 (/work/ubuntu-ros2-dev/install/rclcpp_components/share/rclcpp_components/cmake)
-- Found sensor_msgs: 5.3.5 (/work/ubuntu-ros2-dev/install/sensor_msgs/share/sensor_msgs/cmake)
-- Found ament_lint_auto: 0.17.1 (/work/ubuntu-ros2-dev/install/ament_lint_auto/share/ament_lint_auto/cmake)
-- Added test 'copyright' to check source files copyright and LICENSE
-- Added test 'cppcheck' to perform static code analysis on C / C++ code
-- Configured cppcheck include dirs: /work/ubuntu-ros2-dev/src/ros2/demos/quality_of_service_demo/rclcpp/include
-- Configured cppcheck exclude dirs and/or files: 
-- Added test 'cpplint' to check C / C++ code against the Google style
-- Configured cpplint exclude dirs and/or files: 
-- Added test 'lint_cmake' to check CMake code style
-- Added test 'uncrustify' to check C / C++ code style
-- Configured uncrustify additional arguments: 
-- Added test 'xmllint' to check XML markup files
-- Configuring done
-- Generating done
-- Build files have been written to: /work/ubuntu-ros2-dev/build/quality_of_service_demo_cpp
[  2%] [32mBuilding CXX object CMakeFiles/liveliness.dir/src/liveliness.cpp.o[0m
[  5%] [32mBuilding CXX object CMakeFiles/liveliness.dir/src/common_nodes.cpp.o[0m
[  7%] [32mBuilding CXX object CMakeFiles/liveliness.dir/src/utils.cpp.o[0m
[ 10%] [32m[1mLinking CXX executable liveliness[0m
[ 10%] Built target liveliness
[ 13%] [32mBuilding CXX object CMakeFiles/message_lost_listener.dir/rclcpp_components/node_main_message_lost_listener.cpp.o[0m
[ 15%] [32m[1mLinking CXX executable message_lost_listener[0m
[ 15%] Built target message_lost_listener
[ 18%] [32mBuilding CXX object CMakeFiles/message_lost_talker.dir/rclcpp_components/node_main_message_lost_talker.cpp.o[0m
[ 21%] [32m[1mLinking CXX executable message_lost_talker[0m
[ 21%] Built target message_lost_talker
[ 23%] [32mBuilding CXX object CMakeFiles/qos_overrides.dir/src/qos_overrides_listener.cpp.o[0m
[ 26%] [32mBuilding CXX object CMakeFiles/qos_overrides.dir/src/qos_overrides_talker.cpp.o[0m
[ 28%] [32m[1mLinking CXX shared library libqos_overrides.so[0m
[ 31%] [32mBuilding CXX object CMakeFiles/qos_overrides_listener.dir/rclcpp_components/node_main_qos_overrides_listener.cpp.o[0m
[ 31%] Built target qos_overrides
[ 34%] [32m[1mLinking CXX executable qos_overrides_listener[0m
[ 34%] Built target qos_overrides_listener
[ 36%] [32mBuilding CXX object CMakeFiles/qos_overrides_talker.dir/rclcpp_components/node_main_qos_overrides_talker.cpp.o[0m
[ 39%] [32m[1mLinking CXX executable qos_overrides_talker[0m
[ 39%] Built target qos_overrides_talker
[ 42%] [32mBuilding CXX object CMakeFiles/message_lost.dir/src/message_lost_listener.cpp.o[0m
[ 44%] [32mBuilding CXX object CMakeFiles/message_lost.dir/src/message_lost_talker.cpp.o[0m
[ 47%] [32m[1mLinking CXX shared library libmessage_lost.so[0m
[ 47%] Built target message_lost
[ 50%] [32mBuilding CXX object CMakeFiles/incompatible_qos.dir/src/incompatible_qos.cpp.o[0m
[ 52%] [32mBuilding CXX object CMakeFiles/interactive_subscriber.dir/src/common_nodes.cpp.o[0m
[ 55%] [32mBuilding CXX object CMakeFiles/incompatible_qos.dir/src/common_nodes.cpp.o[0m
[ 57%] [32mBuilding CXX object CMakeFiles/interactive_subscriber.dir/src/interactive_subscriber.cpp.o[0m
[ 60%] [32mBuilding CXX object CMakeFiles/incompatible_qos.dir/src/utils.cpp.o[0m
[ 63%] [32m[1mLinking CXX executable incompatible_qos[0m
[ 65%] [32mBuilding CXX object CMakeFiles/interactive_subscriber.dir/src/utils.cpp.o[0m
[ 65%] Built target incompatible_qos
[ 68%] [32m[1mLinking CXX executable interactive_subscriber[0m
[ 68%] Built target interactive_subscriber
[ 71%] [32mBuilding CXX object CMakeFiles/interactive_publisher.dir/src/interactive_publisher.cpp.o[0m
[ 73%] [32mBuilding CXX object CMakeFiles/interactive_publisher.dir/src/utils.cpp.o[0m
[ 76%] [32mBuilding CXX object CMakeFiles/interactive_publisher.dir/src/common_nodes.cpp.o[0m
[ 78%] [32m[1mLinking CXX executable interactive_publisher[0m
[ 78%] Built target interactive_publisher
[ 81%] [32mBuilding CXX object CMakeFiles/deadline.dir/src/deadline.cpp.o[0m
[ 84%] [32mBuilding CXX object CMakeFiles/deadline.dir/src/utils.cpp.o[0m
[ 86%] [32mBuilding CXX object CMakeFiles/deadline.dir/src/common_nodes.cpp.o[0m
[ 89%] [32m[1mLinking CXX executable deadline[0m
[ 89%] Built target deadline
[ 92%] [32mBuilding CXX object CMakeFiles/lifespan.dir/src/common_nodes.cpp.o[0m
[ 94%] [32mBuilding CXX object CMakeFiles/lifespan.dir/src/lifespan.cpp.o[0m
[ 97%] [32mBuilding CXX object CMakeFiles/lifespan.dir/src/utils.cpp.o[0m
[100%] [32m[1mLinking CXX executable lifespan[0m
[100%] Built target lifespan
-- Install configuration: ""
-- Execute custom install script
-- Symlinking: /work/ubuntu-ros2-dev/install/quality_of_service_demo_cpp/lib/quality_of_service_demo_cpp/liveliness
-- Symlinking: /work/ubuntu-ros2-dev/install/quality_of_service_demo_cpp/lib/quality_of_service_demo_cpp/lifespan
-- Symlinking: /work/ubuntu-ros2-dev/install/quality_of_service_demo_cpp/lib/quality_of_service_demo_cpp/deadline
-- Symlinking: /work/ubuntu-ros2-dev/install/quality_of_service_demo_cpp/lib/quality_of_service_demo_cpp/interactive_publisher
-- Symlinking: /work/ubuntu-ros2-dev/install/quality_of_service_demo_cpp/lib/quality_of_service_demo_cpp/interactive_subscriber
-- Symlinking: /work/ubuntu-ros2-dev/install/quality_of_service_demo_cpp/lib/quality_of_service_demo_cpp/incompatible_qos
-- Symlinking: /work/ubuntu-ros2-dev/install/quality_of_service_demo_cpp/lib/quality_of_service_demo_cpp/message_lost_listener
-- Symlinking: /work/ubuntu-ros2-dev/install/quality_of_service_demo_cpp/lib/quality_of_service_demo_cpp/message_lost_talker
-- Symlinking: /work/ubuntu-ros2-dev/install/quality_of_service_demo_cpp/lib/quality_of_service_demo_cpp/qos_overrides_listener
-- Symlinking: /work/ubuntu-ros2-dev/install/quality_of_service_demo_cpp/lib/quality_of_service_demo_cpp/qos_overrides_talker
-- Symlinking: /work/ubuntu-ros2-dev/install/quality_of_service_demo_cpp/lib/libmessage_lost.so
-- Symlinking: /work/ubuntu-ros2-dev/install/quality_of_service_demo_cpp/lib/libqos_overrides.so
-- Symlinking: /work/ubuntu-ros2-dev/install/quality_of_service_demo_cpp/share/quality_of_service_demo_cpp/params_file/example_qos_overrides.yaml
-- Symlinking: /work/ubuntu-ros2-dev/install/quality_of_service_demo_cpp/share/quality_of_service_demo_cpp/params_file/example_qos_overrides_with_wildcard.yaml
-- Symlinking: /work/ubuntu-ros2-dev/install/quality_of_service_demo_cpp/share/ament_index/resource_index/package_run_dependencies/quality_of_service_demo_cpp
-- Symlinking: /work/ubuntu-ros2-dev/install/quality_of_service_demo_cpp/share/ament_index/resource_index/parent_prefix_path/quality_of_service_demo_cpp
-- Symlinking: /work/ubuntu-ros2-dev/install/quality_of_service_demo_cpp/share/quality_of_service_demo_cpp/environment/ament_prefix_path.sh
-- Symlinking: /work/ubuntu-ros2-dev/install/quality_of_service_demo_cpp/share/quality_of_service_demo_cpp/environment/ament_prefix_path.dsv
-- Symlinking: /work/ubuntu-ros2-dev/install/quality_of_service_demo_cpp/share/quality_of_service_demo_cpp/environment/path.sh
-- Symlinking: /work/ubuntu-ros2-dev/install/quality_of_service_demo_cpp/share/quality_of_service_demo_cpp/environment/path.dsv
-- Symlinking: /work/ubuntu-ros2-dev/install/quality_of_service_demo_cpp/share/quality_of_service_demo_cpp/local_setup.bash
-- Symlinking: /work/ubuntu-ros2-dev/install/quality_of_service_demo_cpp/share/quality_of_service_demo_cpp/local_setup.sh
-- Symlinking: /work/ubuntu-ros2-dev/install/quality_of_service_demo_cpp/share/quality_of_service_demo_cpp/local_setup.zsh
-- Symlinking: /work/ubuntu-ros2-dev/install/quality_of_service_demo_cpp/share/quality_of_service_demo_cpp/local_setup.dsv
-- Symlinking: /work/ubuntu-ros2-dev/install/quality_of_service_demo_cpp/share/quality_of_service_demo_cpp/package.dsv
-- Symlinking: /work/ubuntu-ros2-dev/install/quality_of_service_demo_cpp/share/ament_index/resource_index/packages/quality_of_service_demo_cpp
-- Symlinking: /work/ubuntu-ros2-dev/install/quality_of_service_demo_cpp/share/ament_index/resource_index/rclcpp_components/quality_of_service_demo_cpp
-- Symlinking: /work/ubuntu-ros2-dev/install/quality_of_service_demo_cpp/share/quality_of_service_demo_cpp/cmake/ament_cmake_export_include_directories-extras.cmake
-- Symlinking: /work/ubuntu-ros2-dev/install/quality_of_service_demo_cpp/share/quality_of_service_demo_cpp/cmake/quality_of_service_demo_cppConfig.cmake
-- Symlinking: /work/ubuntu-ros2-dev/install/quality_of_service_demo_cpp/share/quality_of_service_demo_cpp/cmake/quality_of_service_demo_cppConfig-version.cmake
-- Symlinking: /work/ubuntu-ros2-dev/install/quality_of_service_demo_cpp/share/quality_of_service_demo_cpp/package.xml
