-- The C compiler identification is GNU 11.4.0
-- The CXX compiler identification is GNU 11.4.0
-- Detecting C compiler ABI info
-- Detecting C compiler ABI info - done
-- Check for working C compiler: /usr/bin/cc - skipped
-- Detecting C compile features
-- Detecting C compile features - done
-- Detecting CXX compiler ABI info
-- Detecting CXX compiler ABI info - done
-- Check for working CXX compiler: /usr/bin/c++ - skipped
-- Detecting CXX compile features
-- Detecting CXX compile features - done
-- Found ament_cmake: 2.5.2 (/work/ubuntu-ros2-dev/install/ament_cmake/share/ament_cmake/cmake)
-- Found Python3: /usr/bin/python3 (found version "3.10.12") found components: Interpreter 
-- Override CMake install command with custom implementation using symlinks instead of copying resources
-- Found rosidl_default_generators: 1.6.0 (/work/ubuntu-ros2-dev/install/rosidl_default_generators/share/rosidl_default_generators/cmake)
-- Using all available rosidl_typesupport_c: rosidl_typesupport_fastrtps_c;rosidl_typesupport_introspection_c
-- Using all available rosidl_typesupport_cpp: rosidl_typesupport_introspection_cpp;rosidl_typesupport_fastrtps_cpp
-- Found rosidl_adapter: 4.6.4 (/work/ubuntu-ros2-dev/install/rosidl_adapter/share/rosidl_adapter/cmake)
-- Found std_msgs: 5.3.5 (/work/ubuntu-ros2-dev/install/std_msgs/share/std_msgs/cmake)
-- Found ament_cmake_cppcheck: 0.17.1 (/work/ubuntu-ros2-dev/install/ament_cmake_cppcheck/share/ament_cmake_cppcheck/cmake)
-- Found ament_cmake_cpplint: 0.17.1 (/work/ubuntu-ros2-dev/install/ament_cmake_cpplint/share/ament_cmake_cpplint/cmake)
-- Found ament_cmake_uncrustify: 0.17.1 (/work/ubuntu-ros2-dev/install/ament_cmake_uncrustify/share/ament_cmake_uncrustify/cmake)
-- Found ament_cmake_ros: 0.12.0 (/work/ubuntu-ros2-dev/install/ament_cmake_ros/share/ament_cmake_ros/cmake)
-- Using all available rosidl_typesupport_c: rosidl_typesupport_fastrtps_c;rosidl_typesupport_introspection_c
-- Using all available rosidl_typesupport_cpp: rosidl_typesupport_introspection_cpp;rosidl_typesupport_fastrtps_cpp
-- Found python_cmake_module: 0.11.1 (/work/ubuntu-ros2-dev/install/python_cmake_module/share/python_cmake_module/cmake)
-- Found PythonExtra: /usr/bin/python3  
-- Found Python3: /usr/bin/python3 (found version "3.10.12") found components: Interpreter Development NumPy Development.Module Development.Embed 
-- Found ament_cmake_flake8: 0.17.1 (/work/ubuntu-ros2-dev/install/ament_cmake_flake8/share/ament_cmake_flake8/cmake)
-- Found ament_cmake_pep257: 0.17.1 (/work/ubuntu-ros2-dev/install/ament_cmake_pep257/share/ament_cmake_pep257/cmake)
-- Configuring done
-- Generating done
-- Build files have been written to: /work/ubuntu-ros2-dev/build/diagnostic_msgs
[  0%] Built target ament_cmake_python_symlink_diagnostic_msgs
[  1%] [34m[1mGenerating type hashes for ROS interfaces[0m
running egg_info
creating diagnostic_msgs.egg-info
writing diagnostic_msgs.egg-info/PKG-INFO
writing dependency_links to diagnostic_msgs.egg-info/dependency_links.txt
writing top-level names to diagnostic_msgs.egg-info/top_level.txt
writing manifest file 'diagnostic_msgs.egg-info/SOURCES.txt'
reading manifest file 'diagnostic_msgs.egg-info/SOURCES.txt'
writing manifest file 'diagnostic_msgs.egg-info/SOURCES.txt'
[  1%] Built target ament_cmake_python_build_diagnostic_msgs_egg
[  1%] Built target diagnostic_msgs__rosidl_generator_type_description
[  2%] [34m[1mGenerating C code for ROS interfaces[0m
[  4%] [34m[1mGenerating C++ code for ROS interfaces[0m
[  4%] Built target diagnostic_msgs__cpp
[  5%] [32mBuilding C object CMakeFiles/diagnostic_msgs__rosidl_generator_c.dir/rosidl_generator_c/diagnostic_msgs/msg/detail/diagnostic_array__functions.c.o[0m
[  6%] [32mBuilding C object CMakeFiles/diagnostic_msgs__rosidl_generator_c.dir/rosidl_generator_c/diagnostic_msgs/msg/detail/diagnostic_array__description.c.o[0m
[  8%] [32mBuilding C object CMakeFiles/diagnostic_msgs__rosidl_generator_c.dir/rosidl_generator_c/diagnostic_msgs/msg/detail/key_value__type_support.c.o[0m
[  9%] [32mBuilding C object CMakeFiles/diagnostic_msgs__rosidl_generator_c.dir/rosidl_generator_c/diagnostic_msgs/msg/detail/key_value__functions.c.o[0m
[ 10%] [32mBuilding C object CMakeFiles/diagnostic_msgs__rosidl_generator_c.dir/rosidl_generator_c/diagnostic_msgs/srv/detail/add_diagnostics__functions.c.o[0m
[ 12%] [32mBuilding C object CMakeFiles/diagnostic_msgs__rosidl_generator_c.dir/rosidl_generator_c/diagnostic_msgs/srv/detail/add_diagnostics__type_support.c.o[0m
[ 13%] [32mBuilding C object CMakeFiles/diagnostic_msgs__rosidl_generator_c.dir/rosidl_generator_c/diagnostic_msgs/srv/detail/self_test__description.c.o[0m
[ 14%] [32mBuilding C object CMakeFiles/diagnostic_msgs__rosidl_generator_c.dir/rosidl_generator_c/diagnostic_msgs/srv/detail/self_test__functions.c.o[0m
[ 16%] [32mBuilding C object CMakeFiles/diagnostic_msgs__rosidl_generator_c.dir/rosidl_generator_c/diagnostic_msgs/srv/detail/self_test__type_support.c.o[0m
[ 17%] [32mBuilding C object CMakeFiles/diagnostic_msgs__rosidl_generator_c.dir/rosidl_generator_c/diagnostic_msgs/srv/detail/add_diagnostics__description.c.o[0m
[ 18%] [32mBuilding C object CMakeFiles/diagnostic_msgs__rosidl_generator_c.dir/rosidl_generator_c/diagnostic_msgs/msg/detail/key_value__description.c.o[0m
[ 20%] [32mBuilding C object CMakeFiles/diagnostic_msgs__rosidl_generator_c.dir/rosidl_generator_c/diagnostic_msgs/msg/detail/diagnostic_status__type_support.c.o[0m
[ 21%] [32mBuilding C object CMakeFiles/diagnostic_msgs__rosidl_generator_c.dir/rosidl_generator_c/diagnostic_msgs/msg/detail/diagnostic_status__functions.c.o[0m
[ 22%] [32mBuilding C object CMakeFiles/diagnostic_msgs__rosidl_generator_c.dir/rosidl_generator_c/diagnostic_msgs/msg/detail/diagnostic_status__description.c.o[0m
[ 24%] [32mBuilding C object CMakeFiles/diagnostic_msgs__rosidl_generator_c.dir/rosidl_generator_c/diagnostic_msgs/msg/detail/diagnostic_array__type_support.c.o[0m
[ 25%] [32m[1mLinking C shared library libdiagnostic_msgs__rosidl_generator_c.so[0m
[ 25%] Built target diagnostic_msgs__rosidl_generator_c
[ 27%] [34m[1mGenerating C++ type support dispatch for ROS interfaces[0m
[ 28%] [32mBuilding CXX object CMakeFiles/diagnostic_msgs__rosidl_typesupport_cpp.dir/rosidl_typesupport_cpp/diagnostic_msgs/msg/diagnostic_array__type_support.cpp.o[0m
[ 29%] [32mBuilding CXX object CMakeFiles/diagnostic_msgs__rosidl_typesupport_cpp.dir/rosidl_typesupport_cpp/diagnostic_msgs/msg/key_value__type_support.cpp.o[0m
[ 31%] [32mBuilding CXX object CMakeFiles/diagnostic_msgs__rosidl_typesupport_cpp.dir/rosidl_typesupport_cpp/diagnostic_msgs/srv/add_diagnostics__type_support.cpp.o[0m
[ 32%] [32mBuilding CXX object CMakeFiles/diagnostic_msgs__rosidl_typesupport_cpp.dir/rosidl_typesupport_cpp/diagnostic_msgs/srv/self_test__type_support.cpp.o[0m
[ 33%] [32mBuilding CXX object CMakeFiles/diagnostic_msgs__rosidl_typesupport_cpp.dir/rosidl_typesupport_cpp/diagnostic_msgs/msg/diagnostic_status__type_support.cpp.o[0m
[ 35%] [32m[1mLinking CXX shared library libdiagnostic_msgs__rosidl_typesupport_cpp.so[0m
[ 35%] Built target diagnostic_msgs__rosidl_typesupport_cpp
[ 36%] [34m[1mGenerating C++ type support for eProsima Fast-RTPS[0m
[ 37%] [32mBuilding CXX object CMakeFiles/diagnostic_msgs__rosidl_typesupport_fastrtps_cpp.dir/rosidl_typesupport_fastrtps_cpp/diagnostic_msgs/msg/detail/dds_fastrtps/diagnostic_array__type_support.cpp.o[0m
[ 39%] [32mBuilding CXX object CMakeFiles/diagnostic_msgs__rosidl_typesupport_fastrtps_cpp.dir/rosidl_typesupport_fastrtps_cpp/diagnostic_msgs/srv/detail/dds_fastrtps/add_diagnostics__type_support.cpp.o[0m
[ 40%] [32mBuilding CXX object CMakeFiles/diagnostic_msgs__rosidl_typesupport_fastrtps_cpp.dir/rosidl_typesupport_fastrtps_cpp/diagnostic_msgs/srv/detail/dds_fastrtps/self_test__type_support.cpp.o[0m
[ 41%] [32mBuilding CXX object CMakeFiles/diagnostic_msgs__rosidl_typesupport_fastrtps_cpp.dir/rosidl_typesupport_fastrtps_cpp/diagnostic_msgs/msg/detail/dds_fastrtps/key_value__type_support.cpp.o[0m
[ 43%] [32mBuilding CXX object CMakeFiles/diagnostic_msgs__rosidl_typesupport_fastrtps_cpp.dir/rosidl_typesupport_fastrtps_cpp/diagnostic_msgs/msg/detail/dds_fastrtps/diagnostic_status__type_support.cpp.o[0m
[ 44%] [32m[1mLinking CXX shared library libdiagnostic_msgs__rosidl_typesupport_fastrtps_cpp.so[0m
[ 44%] Built target diagnostic_msgs__rosidl_typesupport_fastrtps_cpp
[ 45%] [34m[1mGenerating C++ introspection for ROS interfaces[0m
[ 47%] [32mBuilding CXX object CMakeFiles/diagnostic_msgs__rosidl_typesupport_introspection_cpp.dir/rosidl_typesupport_introspection_cpp/diagnostic_msgs/msg/detail/diagnostic_array__type_support.cpp.o[0m
[ 48%] [32mBuilding CXX object CMakeFiles/diagnostic_msgs__rosidl_typesupport_introspection_cpp.dir/rosidl_typesupport_introspection_cpp/diagnostic_msgs/srv/detail/self_test__type_support.cpp.o[0m
[ 50%] [32mBuilding CXX object CMakeFiles/diagnostic_msgs__rosidl_typesupport_introspection_cpp.dir/rosidl_typesupport_introspection_cpp/diagnostic_msgs/srv/detail/add_diagnostics__type_support.cpp.o[0m
[ 51%] [32mBuilding CXX object CMakeFiles/diagnostic_msgs__rosidl_typesupport_introspection_cpp.dir/rosidl_typesupport_introspection_cpp/diagnostic_msgs/msg/detail/key_value__type_support.cpp.o[0m
[ 52%] [32mBuilding CXX object CMakeFiles/diagnostic_msgs__rosidl_typesupport_introspection_cpp.dir/rosidl_typesupport_introspection_cpp/diagnostic_msgs/msg/detail/diagnostic_status__type_support.cpp.o[0m
[ 54%] [32m[1mLinking CXX shared library libdiagnostic_msgs__rosidl_typesupport_introspection_cpp.so[0m
[ 54%] Built target diagnostic_msgs__rosidl_typesupport_introspection_cpp
[ 55%] [34m[1mGenerating C type support dispatch for ROS interfaces[0m
[ 56%] [32mBuilding CXX object CMakeFiles/diagnostic_msgs__rosidl_typesupport_c.dir/rosidl_typesupport_c/diagnostic_msgs/msg/diagnostic_array__type_support.cpp.o[0m
[ 58%] [32mBuilding CXX object CMakeFiles/diagnostic_msgs__rosidl_typesupport_c.dir/rosidl_typesupport_c/diagnostic_msgs/srv/self_test__type_support.cpp.o[0m
[ 59%] [32mBuilding CXX object CMakeFiles/diagnostic_msgs__rosidl_typesupport_c.dir/rosidl_typesupport_c/diagnostic_msgs/srv/add_diagnostics__type_support.cpp.o[0m
[ 60%] [32mBuilding CXX object CMakeFiles/diagnostic_msgs__rosidl_typesupport_c.dir/rosidl_typesupport_c/diagnostic_msgs/msg/key_value__type_support.cpp.o[0m
[ 62%] [32mBuilding CXX object CMakeFiles/diagnostic_msgs__rosidl_typesupport_c.dir/rosidl_typesupport_c/diagnostic_msgs/msg/diagnostic_status__type_support.cpp.o[0m
[ 63%] [32m[1mLinking CXX shared library libdiagnostic_msgs__rosidl_typesupport_c.so[0m
[ 63%] Built target diagnostic_msgs__rosidl_typesupport_c
[ 64%] [34m[1mGenerating C introspection for ROS interfaces[0m
[ 66%] [32mBuilding C object CMakeFiles/diagnostic_msgs__rosidl_typesupport_introspection_c.dir/rosidl_typesupport_introspection_c/diagnostic_msgs/msg/detail/diagnostic_array__type_support.c.o[0m
[ 67%] [32mBuilding C object CMakeFiles/diagnostic_msgs__rosidl_typesupport_introspection_c.dir/rosidl_typesupport_introspection_c/diagnostic_msgs/srv/detail/self_test__type_support.c.o[0m
[ 68%] [32mBuilding C object CMakeFiles/diagnostic_msgs__rosidl_typesupport_introspection_c.dir/rosidl_typesupport_introspection_c/diagnostic_msgs/srv/detail/add_diagnostics__type_support.c.o[0m
[ 70%] [32mBuilding C object CMakeFiles/diagnostic_msgs__rosidl_typesupport_introspection_c.dir/rosidl_typesupport_introspection_c/diagnostic_msgs/msg/detail/key_value__type_support.c.o[0m
[ 71%] [32mBuilding C object CMakeFiles/diagnostic_msgs__rosidl_typesupport_introspection_c.dir/rosidl_typesupport_introspection_c/diagnostic_msgs/msg/detail/diagnostic_status__type_support.c.o[0m
[ 72%] [32m[1mLinking C shared library libdiagnostic_msgs__rosidl_typesupport_introspection_c.so[0m
[ 72%] Built target diagnostic_msgs__rosidl_typesupport_introspection_c
[ 74%] [34m[1mGenerating C type support for eProsima Fast-RTPS[0m
[ 75%] [32mBuilding CXX object CMakeFiles/diagnostic_msgs__rosidl_typesupport_fastrtps_c.dir/rosidl_typesupport_fastrtps_c/diagnostic_msgs/msg/detail/diagnostic_array__type_support_c.cpp.o[0m
[ 77%] [32mBuilding CXX object CMakeFiles/diagnostic_msgs__rosidl_typesupport_fastrtps_c.dir/rosidl_typesupport_fastrtps_c/diagnostic_msgs/srv/detail/self_test__type_support_c.cpp.o[0m
[ 78%] [32mBuilding CXX object CMakeFiles/diagnostic_msgs__rosidl_typesupport_fastrtps_c.dir/rosidl_typesupport_fastrtps_c/diagnostic_msgs/srv/detail/add_diagnostics__type_support_c.cpp.o[0m
[ 79%] [32mBuilding CXX object CMakeFiles/diagnostic_msgs__rosidl_typesupport_fastrtps_c.dir/rosidl_typesupport_fastrtps_c/diagnostic_msgs/msg/detail/key_value__type_support_c.cpp.o[0m
[ 81%] [32mBuilding CXX object CMakeFiles/diagnostic_msgs__rosidl_typesupport_fastrtps_c.dir/rosidl_typesupport_fastrtps_c/diagnostic_msgs/msg/detail/diagnostic_status__type_support_c.cpp.o[0m
[ 82%] [32m[1mLinking CXX shared library libdiagnostic_msgs__rosidl_typesupport_fastrtps_c.so[0m
[ 82%] Built target diagnostic_msgs__rosidl_typesupport_fastrtps_c
[ 82%] Built target diagnostic_msgs
[ 83%] [34m[1mGenerating Python code for ROS interfaces[0m
[ 83%] Built target diagnostic_msgs__py
[ 85%] [32mBuilding C object CMakeFiles/diagnostic_msgs__rosidl_generator_py.dir/rosidl_generator_py/diagnostic_msgs/msg/_diagnostic_array_s.c.o[0m
[ 86%] [32mBuilding C object CMakeFiles/diagnostic_msgs__rosidl_generator_py.dir/rosidl_generator_py/diagnostic_msgs/srv/_self_test_s.c.o[0m
[ 87%] [32mBuilding C object CMakeFiles/diagnostic_msgs__rosidl_generator_py.dir/rosidl_generator_py/diagnostic_msgs/srv/_add_diagnostics_s.c.o[0m
[ 89%] [32mBuilding C object CMakeFiles/diagnostic_msgs__rosidl_generator_py.dir/rosidl_generator_py/diagnostic_msgs/msg/_key_value_s.c.o[0m
[ 90%] [32mBuilding C object CMakeFiles/diagnostic_msgs__rosidl_generator_py.dir/rosidl_generator_py/diagnostic_msgs/msg/_diagnostic_status_s.c.o[0m
[ 91%] [32m[1mLinking C shared library libdiagnostic_msgs__rosidl_generator_py.so[0m
[ 91%] Built target diagnostic_msgs__rosidl_generator_py
[ 93%] [32mBuilding C object CMakeFiles/diagnostic_msgs_s__rosidl_typesupport_fastrtps_c.dir/rosidl_generator_py/diagnostic_msgs/_diagnostic_msgs_s.ep.rosidl_typesupport_fastrtps_c.c.o[0m
[ 94%] [32m[1mLinking C shared module rosidl_generator_py/diagnostic_msgs/diagnostic_msgs_s__rosidl_typesupport_fastrtps_c.so[0m
[ 94%] Built target diagnostic_msgs_s__rosidl_typesupport_fastrtps_c
[ 95%] [32mBuilding C object CMakeFiles/diagnostic_msgs_s__rosidl_typesupport_c.dir/rosidl_generator_py/diagnostic_msgs/_diagnostic_msgs_s.ep.rosidl_typesupport_c.c.o[0m
[ 97%] [32m[1mLinking C shared module rosidl_generator_py/diagnostic_msgs/diagnostic_msgs_s__rosidl_typesupport_c.so[0m
[ 97%] Built target diagnostic_msgs_s__rosidl_typesupport_c
[ 98%] [32mBuilding C object CMakeFiles/diagnostic_msgs_s__rosidl_typesupport_introspection_c.dir/rosidl_generator_py/diagnostic_msgs/_diagnostic_msgs_s.ep.rosidl_typesupport_introspection_c.c.o[0m
[100%] [32m[1mLinking C shared module rosidl_generator_py/diagnostic_msgs/diagnostic_msgs_s__rosidl_typesupport_introspection_c.so[0m
[100%] Built target diagnostic_msgs_s__rosidl_typesupport_introspection_c
-- Install configuration: ""
-- Execute custom install script
-- Symlinking: /work/ubuntu-ros2-dev/install/diagnostic_msgs/share/ament_index/resource_index/rosidl_interfaces/diagnostic_msgs
-- Symlinking: /work/ubuntu-ros2-dev/install/diagnostic_msgs/share/diagnostic_msgs/msg/DiagnosticArray.json
-- Symlinking: /work/ubuntu-ros2-dev/install/diagnostic_msgs/share/diagnostic_msgs/msg/DiagnosticStatus.json
-- Symlinking: /work/ubuntu-ros2-dev/install/diagnostic_msgs/share/diagnostic_msgs/msg/KeyValue.json
-- Symlinking: /work/ubuntu-ros2-dev/install/diagnostic_msgs/share/diagnostic_msgs/srv/AddDiagnostics.json
-- Symlinking: /work/ubuntu-ros2-dev/install/diagnostic_msgs/share/diagnostic_msgs/srv/SelfTest.json
-- Symlinking: /work/ubuntu-ros2-dev/install/diagnostic_msgs/include/diagnostic_msgs/diagnostic_msgs/msg/detail/diagnostic_array__functions.h
-- Symlinking: /work/ubuntu-ros2-dev/install/diagnostic_msgs/include/diagnostic_msgs/diagnostic_msgs/msg/detail/diagnostic_array__struct.h
-- Symlinking: /work/ubuntu-ros2-dev/install/diagnostic_msgs/include/diagnostic_msgs/diagnostic_msgs/msg/detail/diagnostic_array__type_support.h
-- Symlinking: /work/ubuntu-ros2-dev/install/diagnostic_msgs/include/diagnostic_msgs/diagnostic_msgs/msg/detail/diagnostic_status__functions.h
-- Symlinking: /work/ubuntu-ros2-dev/install/diagnostic_msgs/include/diagnostic_msgs/diagnostic_msgs/msg/detail/diagnostic_status__struct.h
-- Symlinking: /work/ubuntu-ros2-dev/install/diagnostic_msgs/include/diagnostic_msgs/diagnostic_msgs/msg/detail/diagnostic_status__type_support.h
-- Symlinking: /work/ubuntu-ros2-dev/install/diagnostic_msgs/include/diagnostic_msgs/diagnostic_msgs/msg/detail/key_value__functions.h
-- Symlinking: /work/ubuntu-ros2-dev/install/diagnostic_msgs/include/diagnostic_msgs/diagnostic_msgs/msg/detail/key_value__struct.h
-- Symlinking: /work/ubuntu-ros2-dev/install/diagnostic_msgs/include/diagnostic_msgs/diagnostic_msgs/msg/detail/key_value__type_support.h
-- Symlinking: /work/ubuntu-ros2-dev/install/diagnostic_msgs/include/diagnostic_msgs/diagnostic_msgs/msg/diagnostic_array.h
-- Symlinking: /work/ubuntu-ros2-dev/install/diagnostic_msgs/include/diagnostic_msgs/diagnostic_msgs/msg/diagnostic_status.h
-- Symlinking: /work/ubuntu-ros2-dev/install/diagnostic_msgs/include/diagnostic_msgs/diagnostic_msgs/msg/key_value.h
-- Symlinking: /work/ubuntu-ros2-dev/install/diagnostic_msgs/include/diagnostic_msgs/diagnostic_msgs/msg/rosidl_generator_c__visibility_control.h
-- Symlinking: /work/ubuntu-ros2-dev/install/diagnostic_msgs/include/diagnostic_msgs/diagnostic_msgs/srv/add_diagnostics.h
-- Symlinking: /work/ubuntu-ros2-dev/install/diagnostic_msgs/include/diagnostic_msgs/diagnostic_msgs/srv/detail/add_diagnostics__functions.h
-- Symlinking: /work/ubuntu-ros2-dev/install/diagnostic_msgs/include/diagnostic_msgs/diagnostic_msgs/srv/detail/add_diagnostics__struct.h
-- Symlinking: /work/ubuntu-ros2-dev/install/diagnostic_msgs/include/diagnostic_msgs/diagnostic_msgs/srv/detail/add_diagnostics__type_support.h
-- Symlinking: /work/ubuntu-ros2-dev/install/diagnostic_msgs/include/diagnostic_msgs/diagnostic_msgs/srv/detail/self_test__functions.h
-- Symlinking: /work/ubuntu-ros2-dev/install/diagnostic_msgs/include/diagnostic_msgs/diagnostic_msgs/srv/detail/self_test__struct.h
-- Symlinking: /work/ubuntu-ros2-dev/install/diagnostic_msgs/include/diagnostic_msgs/diagnostic_msgs/srv/detail/self_test__type_support.h
-- Symlinking: /work/ubuntu-ros2-dev/install/diagnostic_msgs/include/diagnostic_msgs/diagnostic_msgs/srv/self_test.h
-- Symlinking: /work/ubuntu-ros2-dev/install/diagnostic_msgs/share/diagnostic_msgs/environment/library_path.sh
-- Symlinking: /work/ubuntu-ros2-dev/install/diagnostic_msgs/share/diagnostic_msgs/environment/library_path.dsv
-- Symlinking: /work/ubuntu-ros2-dev/install/diagnostic_msgs/include/diagnostic_msgs/diagnostic_msgs/msg/detail/diagnostic_array__rosidl_typesupport_fastrtps_c.h
-- Symlinking: /work/ubuntu-ros2-dev/install/diagnostic_msgs/include/diagnostic_msgs/diagnostic_msgs/msg/detail/diagnostic_status__rosidl_typesupport_fastrtps_c.h
-- Symlinking: /work/ubuntu-ros2-dev/install/diagnostic_msgs/include/diagnostic_msgs/diagnostic_msgs/msg/detail/key_value__rosidl_typesupport_fastrtps_c.h
-- Symlinking: /work/ubuntu-ros2-dev/install/diagnostic_msgs/include/diagnostic_msgs/diagnostic_msgs/msg/rosidl_typesupport_fastrtps_c__visibility_control.h
-- Symlinking: /work/ubuntu-ros2-dev/install/diagnostic_msgs/include/diagnostic_msgs/diagnostic_msgs/srv/detail/add_diagnostics__rosidl_typesupport_fastrtps_c.h
-- Symlinking: /work/ubuntu-ros2-dev/install/diagnostic_msgs/include/diagnostic_msgs/diagnostic_msgs/srv/detail/self_test__rosidl_typesupport_fastrtps_c.h
-- Symlinking: /work/ubuntu-ros2-dev/install/diagnostic_msgs/include/diagnostic_msgs/diagnostic_msgs/msg/detail/diagnostic_array__rosidl_typesupport_introspection_c.h
-- Symlinking: /work/ubuntu-ros2-dev/install/diagnostic_msgs/include/diagnostic_msgs/diagnostic_msgs/msg/detail/diagnostic_status__rosidl_typesupport_introspection_c.h
-- Symlinking: /work/ubuntu-ros2-dev/install/diagnostic_msgs/include/diagnostic_msgs/diagnostic_msgs/msg/detail/key_value__rosidl_typesupport_introspection_c.h
-- Symlinking: /work/ubuntu-ros2-dev/install/diagnostic_msgs/include/diagnostic_msgs/diagnostic_msgs/msg/rosidl_typesupport_introspection_c__visibility_control.h
-- Symlinking: /work/ubuntu-ros2-dev/install/diagnostic_msgs/include/diagnostic_msgs/diagnostic_msgs/srv/detail/add_diagnostics__rosidl_typesupport_introspection_c.h
-- Symlinking: /work/ubuntu-ros2-dev/install/diagnostic_msgs/include/diagnostic_msgs/diagnostic_msgs/srv/detail/self_test__rosidl_typesupport_introspection_c.h
-- Symlinking: /work/ubuntu-ros2-dev/install/diagnostic_msgs/include/diagnostic_msgs/diagnostic_msgs/msg/detail/diagnostic_array__builder.hpp
-- Symlinking: /work/ubuntu-ros2-dev/install/diagnostic_msgs/include/diagnostic_msgs/diagnostic_msgs/msg/detail/diagnostic_array__struct.hpp
-- Symlinking: /work/ubuntu-ros2-dev/install/diagnostic_msgs/include/diagnostic_msgs/diagnostic_msgs/msg/detail/diagnostic_array__traits.hpp
-- Symlinking: /work/ubuntu-ros2-dev/install/diagnostic_msgs/include/diagnostic_msgs/diagnostic_msgs/msg/detail/diagnostic_array__type_support.hpp
-- Symlinking: /work/ubuntu-ros2-dev/install/diagnostic_msgs/include/diagnostic_msgs/diagnostic_msgs/msg/detail/diagnostic_status__builder.hpp
-- Symlinking: /work/ubuntu-ros2-dev/install/diagnostic_msgs/include/diagnostic_msgs/diagnostic_msgs/msg/detail/diagnostic_status__struct.hpp
-- Symlinking: /work/ubuntu-ros2-dev/install/diagnostic_msgs/include/diagnostic_msgs/diagnostic_msgs/msg/detail/diagnostic_status__traits.hpp
-- Symlinking: /work/ubuntu-ros2-dev/install/diagnostic_msgs/include/diagnostic_msgs/diagnostic_msgs/msg/detail/diagnostic_status__type_support.hpp
-- Symlinking: /work/ubuntu-ros2-dev/install/diagnostic_msgs/include/diagnostic_msgs/diagnostic_msgs/msg/detail/key_value__builder.hpp
-- Symlinking: /work/ubuntu-ros2-dev/install/diagnostic_msgs/include/diagnostic_msgs/diagnostic_msgs/msg/detail/key_value__struct.hpp
-- Symlinking: /work/ubuntu-ros2-dev/install/diagnostic_msgs/include/diagnostic_msgs/diagnostic_msgs/msg/detail/key_value__traits.hpp
-- Symlinking: /work/ubuntu-ros2-dev/install/diagnostic_msgs/include/diagnostic_msgs/diagnostic_msgs/msg/detail/key_value__type_support.hpp
-- Symlinking: /work/ubuntu-ros2-dev/install/diagnostic_msgs/include/diagnostic_msgs/diagnostic_msgs/msg/diagnostic_array.hpp
-- Symlinking: /work/ubuntu-ros2-dev/install/diagnostic_msgs/include/diagnostic_msgs/diagnostic_msgs/msg/diagnostic_status.hpp
-- Symlinking: /work/ubuntu-ros2-dev/install/diagnostic_msgs/include/diagnostic_msgs/diagnostic_msgs/msg/key_value.hpp
-- Symlinking: /work/ubuntu-ros2-dev/install/diagnostic_msgs/include/diagnostic_msgs/diagnostic_msgs/msg/rosidl_generator_cpp__visibility_control.hpp
-- Symlinking: /work/ubuntu-ros2-dev/install/diagnostic_msgs/include/diagnostic_msgs/diagnostic_msgs/srv/add_diagnostics.hpp
-- Symlinking: /work/ubuntu-ros2-dev/install/diagnostic_msgs/include/diagnostic_msgs/diagnostic_msgs/srv/detail/add_diagnostics__builder.hpp
-- Symlinking: /work/ubuntu-ros2-dev/install/diagnostic_msgs/include/diagnostic_msgs/diagnostic_msgs/srv/detail/add_diagnostics__struct.hpp
-- Symlinking: /work/ubuntu-ros2-dev/install/diagnostic_msgs/include/diagnostic_msgs/diagnostic_msgs/srv/detail/add_diagnostics__traits.hpp
-- Symlinking: /work/ubuntu-ros2-dev/install/diagnostic_msgs/include/diagnostic_msgs/diagnostic_msgs/srv/detail/add_diagnostics__type_support.hpp
-- Symlinking: /work/ubuntu-ros2-dev/install/diagnostic_msgs/include/diagnostic_msgs/diagnostic_msgs/srv/detail/self_test__builder.hpp
-- Symlinking: /work/ubuntu-ros2-dev/install/diagnostic_msgs/include/diagnostic_msgs/diagnostic_msgs/srv/detail/self_test__struct.hpp
-- Symlinking: /work/ubuntu-ros2-dev/install/diagnostic_msgs/include/diagnostic_msgs/diagnostic_msgs/srv/detail/self_test__traits.hpp
-- Symlinking: /work/ubuntu-ros2-dev/install/diagnostic_msgs/include/diagnostic_msgs/diagnostic_msgs/srv/detail/self_test__type_support.hpp
-- Symlinking: /work/ubuntu-ros2-dev/install/diagnostic_msgs/include/diagnostic_msgs/diagnostic_msgs/srv/self_test.hpp
-- Symlinking: /work/ubuntu-ros2-dev/install/diagnostic_msgs/include/diagnostic_msgs/diagnostic_msgs/msg/detail/diagnostic_array__rosidl_typesupport_introspection_cpp.hpp
-- Symlinking: /work/ubuntu-ros2-dev/install/diagnostic_msgs/include/diagnostic_msgs/diagnostic_msgs/msg/detail/diagnostic_status__rosidl_typesupport_introspection_cpp.hpp
-- Symlinking: /work/ubuntu-ros2-dev/install/diagnostic_msgs/include/diagnostic_msgs/diagnostic_msgs/msg/detail/key_value__rosidl_typesupport_introspection_cpp.hpp
-- Symlinking: /work/ubuntu-ros2-dev/install/diagnostic_msgs/include/diagnostic_msgs/diagnostic_msgs/srv/detail/add_diagnostics__rosidl_typesupport_introspection_cpp.hpp
-- Symlinking: /work/ubuntu-ros2-dev/install/diagnostic_msgs/include/diagnostic_msgs/diagnostic_msgs/srv/detail/self_test__rosidl_typesupport_introspection_cpp.hpp
-- Symlinking: /work/ubuntu-ros2-dev/install/diagnostic_msgs/include/diagnostic_msgs/diagnostic_msgs/msg/detail/diagnostic_array__rosidl_typesupport_fastrtps_cpp.hpp
-- Symlinking: /work/ubuntu-ros2-dev/install/diagnostic_msgs/include/diagnostic_msgs/diagnostic_msgs/msg/detail/diagnostic_status__rosidl_typesupport_fastrtps_cpp.hpp
-- Symlinking: /work/ubuntu-ros2-dev/install/diagnostic_msgs/include/diagnostic_msgs/diagnostic_msgs/msg/detail/key_value__rosidl_typesupport_fastrtps_cpp.hpp
-- Symlinking: /work/ubuntu-ros2-dev/install/diagnostic_msgs/include/diagnostic_msgs/diagnostic_msgs/msg/rosidl_typesupport_fastrtps_cpp__visibility_control.h
-- Symlinking: /work/ubuntu-ros2-dev/install/diagnostic_msgs/include/diagnostic_msgs/diagnostic_msgs/srv/detail/add_diagnostics__rosidl_typesupport_fastrtps_cpp.hpp
-- Symlinking: /work/ubuntu-ros2-dev/install/diagnostic_msgs/include/diagnostic_msgs/diagnostic_msgs/srv/detail/self_test__rosidl_typesupport_fastrtps_cpp.hpp
-- Symlinking: /work/ubuntu-ros2-dev/install/diagnostic_msgs/share/diagnostic_msgs/environment/pythonpath.sh
-- Symlinking: /work/ubuntu-ros2-dev/install/diagnostic_msgs/share/diagnostic_msgs/environment/pythonpath.dsv
-- Symlinking: /work/ubuntu-ros2-dev/install/diagnostic_msgs/lib/python3.10/site-packages/diagnostic_msgs-5.3.5-py3.10.egg-info/PKG-INFO
-- Symlinking: /work/ubuntu-ros2-dev/install/diagnostic_msgs/lib/python3.10/site-packages/diagnostic_msgs-5.3.5-py3.10.egg-info/SOURCES.txt
-- Symlinking: /work/ubuntu-ros2-dev/install/diagnostic_msgs/lib/python3.10/site-packages/diagnostic_msgs-5.3.5-py3.10.egg-info/dependency_links.txt
-- Symlinking: /work/ubuntu-ros2-dev/install/diagnostic_msgs/lib/python3.10/site-packages/diagnostic_msgs-5.3.5-py3.10.egg-info/top_level.txt
-- Symlinking: /work/ubuntu-ros2-dev/install/diagnostic_msgs/lib/python3.10/site-packages/diagnostic_msgs/__init__.py
-- Symlinking: /work/ubuntu-ros2-dev/install/diagnostic_msgs/lib/python3.10/site-packages/diagnostic_msgs/_diagnostic_msgs_s.ep.rosidl_typesupport_c.c
-- Symlinking: /work/ubuntu-ros2-dev/install/diagnostic_msgs/lib/python3.10/site-packages/diagnostic_msgs/_diagnostic_msgs_s.ep.rosidl_typesupport_fastrtps_c.c
-- Symlinking: /work/ubuntu-ros2-dev/install/diagnostic_msgs/lib/python3.10/site-packages/diagnostic_msgs/_diagnostic_msgs_s.ep.rosidl_typesupport_introspection_c.c
-- Symlinking: /work/ubuntu-ros2-dev/install/diagnostic_msgs/lib/python3.10/site-packages/diagnostic_msgs/diagnostic_msgs_s__rosidl_typesupport_c.so
-- Symlinking: /work/ubuntu-ros2-dev/install/diagnostic_msgs/lib/python3.10/site-packages/diagnostic_msgs/diagnostic_msgs_s__rosidl_typesupport_fastrtps_c.so
-- Symlinking: /work/ubuntu-ros2-dev/install/diagnostic_msgs/lib/python3.10/site-packages/diagnostic_msgs/diagnostic_msgs_s__rosidl_typesupport_introspection_c.so
-- Symlinking: /work/ubuntu-ros2-dev/install/diagnostic_msgs/lib/python3.10/site-packages/diagnostic_msgs/msg/__init__.py
-- Symlinking: /work/ubuntu-ros2-dev/install/diagnostic_msgs/lib/python3.10/site-packages/diagnostic_msgs/msg/_diagnostic_array.py
-- Symlinking: /work/ubuntu-ros2-dev/install/diagnostic_msgs/lib/python3.10/site-packages/diagnostic_msgs/msg/_diagnostic_array_s.c
-- Symlinking: /work/ubuntu-ros2-dev/install/diagnostic_msgs/lib/python3.10/site-packages/diagnostic_msgs/msg/_diagnostic_status.py
-- Symlinking: /work/ubuntu-ros2-dev/install/diagnostic_msgs/lib/python3.10/site-packages/diagnostic_msgs/msg/_diagnostic_status_s.c
-- Symlinking: /work/ubuntu-ros2-dev/install/diagnostic_msgs/lib/python3.10/site-packages/diagnostic_msgs/msg/_key_value.py
-- Symlinking: /work/ubuntu-ros2-dev/install/diagnostic_msgs/lib/python3.10/site-packages/diagnostic_msgs/msg/_key_value_s.c
-- Symlinking: /work/ubuntu-ros2-dev/install/diagnostic_msgs/lib/python3.10/site-packages/diagnostic_msgs/srv/__init__.py
-- Symlinking: /work/ubuntu-ros2-dev/install/diagnostic_msgs/lib/python3.10/site-packages/diagnostic_msgs/srv/_add_diagnostics.py
-- Symlinking: /work/ubuntu-ros2-dev/install/diagnostic_msgs/lib/python3.10/site-packages/diagnostic_msgs/srv/_add_diagnostics_s.c
-- Symlinking: /work/ubuntu-ros2-dev/install/diagnostic_msgs/lib/python3.10/site-packages/diagnostic_msgs/srv/_self_test.py
-- Symlinking: /work/ubuntu-ros2-dev/install/diagnostic_msgs/lib/python3.10/site-packages/diagnostic_msgs/srv/_self_test_s.c
-- Up-to-date symlink: /work/ubuntu-ros2-dev/install/diagnostic_msgs/lib/python3.10/site-packages/diagnostic_msgs/diagnostic_msgs_s__rosidl_typesupport_fastrtps_c.so
-- Up-to-date symlink: /work/ubuntu-ros2-dev/install/diagnostic_msgs/lib/python3.10/site-packages/diagnostic_msgs/diagnostic_msgs_s__rosidl_typesupport_introspection_c.so
-- Up-to-date symlink: /work/ubuntu-ros2-dev/install/diagnostic_msgs/lib/python3.10/site-packages/diagnostic_msgs/diagnostic_msgs_s__rosidl_typesupport_c.so
-- Symlinking: /work/ubuntu-ros2-dev/install/diagnostic_msgs/share/diagnostic_msgs/msg/DiagnosticArray.idl
-- Symlinking: /work/ubuntu-ros2-dev/install/diagnostic_msgs/share/diagnostic_msgs/msg/DiagnosticStatus.idl
-- Symlinking: /work/ubuntu-ros2-dev/install/diagnostic_msgs/share/diagnostic_msgs/msg/KeyValue.idl
-- Symlinking: /work/ubuntu-ros2-dev/install/diagnostic_msgs/share/diagnostic_msgs/srv/AddDiagnostics.idl
-- Symlinking: /work/ubuntu-ros2-dev/install/diagnostic_msgs/share/diagnostic_msgs/srv/SelfTest.idl
-- Symlinking: /work/ubuntu-ros2-dev/install/diagnostic_msgs/share/diagnostic_msgs/msg/DiagnosticArray.msg
-- Symlinking: /work/ubuntu-ros2-dev/install/diagnostic_msgs/share/diagnostic_msgs/msg/DiagnosticStatus.msg
-- Symlinking: /work/ubuntu-ros2-dev/install/diagnostic_msgs/share/diagnostic_msgs/msg/KeyValue.msg
-- Symlinking: /work/ubuntu-ros2-dev/install/diagnostic_msgs/share/diagnostic_msgs/srv/AddDiagnostics.srv
-- Symlinking: /work/ubuntu-ros2-dev/install/diagnostic_msgs/share/diagnostic_msgs/srv/SelfTest.srv
-- Symlinking: /work/ubuntu-ros2-dev/install/diagnostic_msgs/share/ament_index/resource_index/package_run_dependencies/diagnostic_msgs
-- Symlinking: /work/ubuntu-ros2-dev/install/diagnostic_msgs/share/ament_index/resource_index/parent_prefix_path/diagnostic_msgs
-- Symlinking: /work/ubuntu-ros2-dev/install/diagnostic_msgs/share/diagnostic_msgs/environment/ament_prefix_path.sh
-- Symlinking: /work/ubuntu-ros2-dev/install/diagnostic_msgs/share/diagnostic_msgs/environment/ament_prefix_path.dsv
-- Symlinking: /work/ubuntu-ros2-dev/install/diagnostic_msgs/share/diagnostic_msgs/environment/path.sh
-- Symlinking: /work/ubuntu-ros2-dev/install/diagnostic_msgs/share/diagnostic_msgs/environment/path.dsv
-- Symlinking: /work/ubuntu-ros2-dev/install/diagnostic_msgs/share/diagnostic_msgs/local_setup.bash
-- Symlinking: /work/ubuntu-ros2-dev/install/diagnostic_msgs/share/diagnostic_msgs/local_setup.sh
-- Symlinking: /work/ubuntu-ros2-dev/install/diagnostic_msgs/share/diagnostic_msgs/local_setup.zsh
-- Symlinking: /work/ubuntu-ros2-dev/install/diagnostic_msgs/share/diagnostic_msgs/local_setup.dsv
-- Symlinking: /work/ubuntu-ros2-dev/install/diagnostic_msgs/share/diagnostic_msgs/package.dsv
-- Symlinking: /work/ubuntu-ros2-dev/install/diagnostic_msgs/share/ament_index/resource_index/packages/diagnostic_msgs
-- Symlinking: /work/ubuntu-ros2-dev/install/diagnostic_msgs/share/diagnostic_msgs/cmake/rosidl_cmake-extras.cmake
-- Symlinking: /work/ubuntu-ros2-dev/install/diagnostic_msgs/share/diagnostic_msgs/cmake/ament_cmake_export_dependencies-extras.cmake
-- Symlinking: /work/ubuntu-ros2-dev/install/diagnostic_msgs/share/diagnostic_msgs/cmake/ament_cmake_export_include_directories-extras.cmake
-- Symlinking: /work/ubuntu-ros2-dev/install/diagnostic_msgs/share/diagnostic_msgs/cmake/ament_cmake_export_libraries-extras.cmake
-- Symlinking: /work/ubuntu-ros2-dev/install/diagnostic_msgs/share/diagnostic_msgs/cmake/ament_cmake_export_targets-extras.cmake
-- Symlinking: /work/ubuntu-ros2-dev/install/diagnostic_msgs/share/diagnostic_msgs/cmake/rosidl_cmake_export_typesupport_targets-extras.cmake
-- Symlinking: /work/ubuntu-ros2-dev/install/diagnostic_msgs/share/diagnostic_msgs/cmake/rosidl_cmake_export_typesupport_libraries-extras.cmake
-- Symlinking: /work/ubuntu-ros2-dev/install/diagnostic_msgs/share/diagnostic_msgs/cmake/diagnostic_msgsConfig.cmake
-- Symlinking: /work/ubuntu-ros2-dev/install/diagnostic_msgs/share/diagnostic_msgs/cmake/diagnostic_msgsConfig-version.cmake
-- Symlinking: /work/ubuntu-ros2-dev/install/diagnostic_msgs/share/diagnostic_msgs/package.xml
-- Installing: /work/ubuntu-ros2-dev/install/diagnostic_msgs/lib/libdiagnostic_msgs__rosidl_generator_c.so
-- Set runtime path of "/work/ubuntu-ros2-dev/install/diagnostic_msgs/lib/libdiagnostic_msgs__rosidl_generator_c.so" to ""
-- Installing: /work/ubuntu-ros2-dev/install/diagnostic_msgs/lib/libdiagnostic_msgs__rosidl_typesupport_fastrtps_c.so
-- Set runtime path of "/work/ubuntu-ros2-dev/install/diagnostic_msgs/lib/libdiagnostic_msgs__rosidl_typesupport_fastrtps_c.so" to ""
-- Installing: /work/ubuntu-ros2-dev/install/diagnostic_msgs/lib/libdiagnostic_msgs__rosidl_typesupport_introspection_c.so
-- Set runtime path of "/work/ubuntu-ros2-dev/install/diagnostic_msgs/lib/libdiagnostic_msgs__rosidl_typesupport_introspection_c.so" to ""
-- Installing: /work/ubuntu-ros2-dev/install/diagnostic_msgs/lib/libdiagnostic_msgs__rosidl_typesupport_c.so
-- Set runtime path of "/work/ubuntu-ros2-dev/install/diagnostic_msgs/lib/libdiagnostic_msgs__rosidl_typesupport_c.so" to ""
-- Installing: /work/ubuntu-ros2-dev/install/diagnostic_msgs/lib/libdiagnostic_msgs__rosidl_typesupport_introspection_cpp.so
-- Set runtime path of "/work/ubuntu-ros2-dev/install/diagnostic_msgs/lib/libdiagnostic_msgs__rosidl_typesupport_introspection_cpp.so" to ""
-- Installing: /work/ubuntu-ros2-dev/install/diagnostic_msgs/lib/libdiagnostic_msgs__rosidl_typesupport_fastrtps_cpp.so
-- Set runtime path of "/work/ubuntu-ros2-dev/install/diagnostic_msgs/lib/libdiagnostic_msgs__rosidl_typesupport_fastrtps_cpp.so" to ""
-- Installing: /work/ubuntu-ros2-dev/install/diagnostic_msgs/lib/libdiagnostic_msgs__rosidl_typesupport_cpp.so
-- Set runtime path of "/work/ubuntu-ros2-dev/install/diagnostic_msgs/lib/libdiagnostic_msgs__rosidl_typesupport_cpp.so" to ""
Listing '/work/ubuntu-ros2-dev/install/diagnostic_msgs/lib/python3.10/site-packages/diagnostic_msgs'...
Compiling '/work/ubuntu-ros2-dev/install/diagnostic_msgs/lib/python3.10/site-packages/diagnostic_msgs/__init__.py'...
Listing '/work/ubuntu-ros2-dev/install/diagnostic_msgs/lib/python3.10/site-packages/diagnostic_msgs/msg'...
Compiling '/work/ubuntu-ros2-dev/install/diagnostic_msgs/lib/python3.10/site-packages/diagnostic_msgs/msg/__init__.py'...
Compiling '/work/ubuntu-ros2-dev/install/diagnostic_msgs/lib/python3.10/site-packages/diagnostic_msgs/msg/_diagnostic_array.py'...
Compiling '/work/ubuntu-ros2-dev/install/diagnostic_msgs/lib/python3.10/site-packages/diagnostic_msgs/msg/_diagnostic_status.py'...
Compiling '/work/ubuntu-ros2-dev/install/diagnostic_msgs/lib/python3.10/site-packages/diagnostic_msgs/msg/_key_value.py'...
Listing '/work/ubuntu-ros2-dev/install/diagnostic_msgs/lib/python3.10/site-packages/diagnostic_msgs/srv'...
Compiling '/work/ubuntu-ros2-dev/install/diagnostic_msgs/lib/python3.10/site-packages/diagnostic_msgs/srv/__init__.py'...
Compiling '/work/ubuntu-ros2-dev/install/diagnostic_msgs/lib/python3.10/site-packages/diagnostic_msgs/srv/_add_diagnostics.py'...
Compiling '/work/ubuntu-ros2-dev/install/diagnostic_msgs/lib/python3.10/site-packages/diagnostic_msgs/srv/_self_test.py'...
-- Installing: /work/ubuntu-ros2-dev/install/diagnostic_msgs/lib/libdiagnostic_msgs__rosidl_generator_py.so
-- Set runtime path of "/work/ubuntu-ros2-dev/install/diagnostic_msgs/lib/libdiagnostic_msgs__rosidl_generator_py.so" to ""
-- Installing: /work/ubuntu-ros2-dev/install/diagnostic_msgs/share/diagnostic_msgs/cmake/export_diagnostic_msgs__rosidl_generator_cExport.cmake
-- Installing: /work/ubuntu-ros2-dev/install/diagnostic_msgs/share/diagnostic_msgs/cmake/export_diagnostic_msgs__rosidl_generator_cExport-noconfig.cmake
-- Installing: /work/ubuntu-ros2-dev/install/diagnostic_msgs/share/diagnostic_msgs/cmake/export_diagnostic_msgs__rosidl_typesupport_fastrtps_cExport.cmake
-- Installing: /work/ubuntu-ros2-dev/install/diagnostic_msgs/share/diagnostic_msgs/cmake/export_diagnostic_msgs__rosidl_typesupport_fastrtps_cExport-noconfig.cmake
-- Installing: /work/ubuntu-ros2-dev/install/diagnostic_msgs/share/diagnostic_msgs/cmake/diagnostic_msgs__rosidl_typesupport_introspection_cExport.cmake
-- Installing: /work/ubuntu-ros2-dev/install/diagnostic_msgs/share/diagnostic_msgs/cmake/diagnostic_msgs__rosidl_typesupport_introspection_cExport-noconfig.cmake
-- Installing: /work/ubuntu-ros2-dev/install/diagnostic_msgs/share/diagnostic_msgs/cmake/diagnostic_msgs__rosidl_typesupport_cExport.cmake
-- Installing: /work/ubuntu-ros2-dev/install/diagnostic_msgs/share/diagnostic_msgs/cmake/diagnostic_msgs__rosidl_typesupport_cExport-noconfig.cmake
-- Installing: /work/ubuntu-ros2-dev/install/diagnostic_msgs/share/diagnostic_msgs/cmake/export_diagnostic_msgs__rosidl_generator_cppExport.cmake
-- Installing: /work/ubuntu-ros2-dev/install/diagnostic_msgs/share/diagnostic_msgs/cmake/diagnostic_msgs__rosidl_typesupport_introspection_cppExport.cmake
-- Installing: /work/ubuntu-ros2-dev/install/diagnostic_msgs/share/diagnostic_msgs/cmake/diagnostic_msgs__rosidl_typesupport_introspection_cppExport-noconfig.cmake
-- Installing: /work/ubuntu-ros2-dev/install/diagnostic_msgs/share/diagnostic_msgs/cmake/export_diagnostic_msgs__rosidl_typesupport_fastrtps_cppExport.cmake
-- Installing: /work/ubuntu-ros2-dev/install/diagnostic_msgs/share/diagnostic_msgs/cmake/export_diagnostic_msgs__rosidl_typesupport_fastrtps_cppExport-noconfig.cmake
-- Installing: /work/ubuntu-ros2-dev/install/diagnostic_msgs/share/diagnostic_msgs/cmake/diagnostic_msgs__rosidl_typesupport_cppExport.cmake
-- Installing: /work/ubuntu-ros2-dev/install/diagnostic_msgs/share/diagnostic_msgs/cmake/diagnostic_msgs__rosidl_typesupport_cppExport-noconfig.cmake
-- Installing: /work/ubuntu-ros2-dev/install/diagnostic_msgs/share/diagnostic_msgs/cmake/export_diagnostic_msgs__rosidl_generator_pyExport.cmake
-- Installing: /work/ubuntu-ros2-dev/install/diagnostic_msgs/share/diagnostic_msgs/cmake/export_diagnostic_msgs__rosidl_generator_pyExport-noconfig.cmake
