-- The C compiler identification is GNU 11.4.0
-- The CXX compiler identification is GNU 11.4.0
-- Detecting C compiler ABI info
-- Detecting C compiler ABI info - done
-- Check for working C compiler: /usr/bin/cc - skipped
-- Detecting C compile features
-- Detecting C compile features - done
-- Detecting CXX compiler ABI info
-- Detecting CXX compiler ABI info - done
-- Check for working CXX compiler: /usr/bin/c++ - skipped
-- Detecting CXX compile features
-- Detecting CXX compile features - done
-- Found ament_cmake: 2.5.2 (/work/ubuntu-ros2-dev/install/ament_cmake/share/ament_cmake/cmake)
-- Found Python3: /usr/bin/python3 (found version "3.10.12") found components: Interpreter 
-- Override CMake install command with custom implementation using symlinks instead of copying resources
-- Found rclcpp: 28.1.5 (/work/ubuntu-ros2-dev/install/rclcpp/share/rclcpp/cmake)
-- Found rosidl_generator_c: 4.6.4 (/work/ubuntu-ros2-dev/install/rosidl_generator_c/share/rosidl_generator_c/cmake)
-- Found rosidl_generator_cpp: 4.6.4 (/work/ubuntu-ros2-dev/install/rosidl_generator_cpp/share/rosidl_generator_cpp/cmake)
-- Using all available rosidl_typesupport_c: rosidl_typesupport_fastrtps_c;rosidl_typesupport_introspection_c
-- Using all available rosidl_typesupport_cpp: rosidl_typesupport_introspection_cpp;rosidl_typesupport_fastrtps_cpp
-- Found rmw_implementation_cmake: 7.3.1 (/work/ubuntu-ros2-dev/install/rmw_implementation_cmake/share/rmw_implementation_cmake/cmake)
-- Found rmw_fastrtps_cpp: 8.4.1 (/work/ubuntu-ros2-dev/install/rmw_fastrtps_cpp/share/rmw_fastrtps_cpp/cmake)
-- Found OpenSSL: /usr/lib/aarch64-linux-gnu/libcrypto.so (found version "3.0.2")  
-- Found FastRTPS: /work/ubuntu-ros2-dev/install/fastrtps/include (Required is at least version "2.13") 
-- Using RMW implementation 'rmw_fastrtps_cpp' as default
-- Found rosbag2_cpp: 0.26.5 (/work/ubuntu-ros2-dev/install/rosbag2_cpp/share/rosbag2_cpp/cmake)
-- Setting yaml-cpp_DIR to: '/work/ubuntu-ros2-dev/install/yaml_cpp_vendor/share/yaml_cpp_vendor/cmake/../../../opt/yaml_cpp_vendor/share/cmake/yaml-cpp'
-- Found example_interfaces: 0.12.0 (/work/ubuntu-ros2-dev/install/example_interfaces/share/example_interfaces/cmake)
-- Found ament_lint_auto: 0.17.1 (/work/ubuntu-ros2-dev/install/ament_lint_auto/share/ament_lint_auto/cmake)
-- Added test 'copyright' to check source files copyright and LICENSE
-- Added test 'cppcheck' to perform static code analysis on C / C++ code
-- Configured cppcheck include dirs: 
-- Configured cppcheck exclude dirs and/or files: 
-- Added test 'cpplint' to check C / C++ code against the Google style
-- Configured cpplint exclude dirs and/or files: 
-- Added test 'lint_cmake' to check CMake code style
-- Added test 'uncrustify' to check C / C++ code style
-- Configured uncrustify additional arguments: 
-- Added test 'xmllint' to check XML markup files
-- Configuring done
-- Generating done
-- Build files have been written to: /work/ubuntu-ros2-dev/build/rosbag2_examples_cpp
[ 16%] [32mBuilding CXX object CMakeFiles/simple_bag_recorder.dir/src/simple_bag_recorder.cpp.o[0m
[ 33%] [32m[1mLinking CXX executable simple_bag_recorder[0m
[ 33%] Built target simple_bag_recorder
[ 66%] [32mBuilding CXX object CMakeFiles/data_generator_node.dir/src/data_generator_node.cpp.o[0m
[ 66%] [32mBuilding CXX object CMakeFiles/data_generator_executable.dir/src/data_generator_executable.cpp.o[0m
[ 83%] [32m[1mLinking CXX executable data_generator_executable[0m
[100%] [32m[1mLinking CXX executable data_generator_node[0m
[100%] Built target data_generator_executable
[100%] Built target data_generator_node
-- Install configuration: ""
-- Execute custom install script
-- Symlinking: /work/ubuntu-ros2-dev/install/rosbag2_examples_cpp/lib/rosbag2_examples_cpp/simple_bag_recorder
-- Symlinking: /work/ubuntu-ros2-dev/install/rosbag2_examples_cpp/lib/rosbag2_examples_cpp/data_generator_node
-- Symlinking: /work/ubuntu-ros2-dev/install/rosbag2_examples_cpp/lib/rosbag2_examples_cpp/data_generator_executable
-- Symlinking: /work/ubuntu-ros2-dev/install/rosbag2_examples_cpp/share/ament_index/resource_index/package_run_dependencies/rosbag2_examples_cpp
-- Symlinking: /work/ubuntu-ros2-dev/install/rosbag2_examples_cpp/share/ament_index/resource_index/parent_prefix_path/rosbag2_examples_cpp
-- Symlinking: /work/ubuntu-ros2-dev/install/rosbag2_examples_cpp/share/rosbag2_examples_cpp/environment/ament_prefix_path.sh
-- Symlinking: /work/ubuntu-ros2-dev/install/rosbag2_examples_cpp/share/rosbag2_examples_cpp/environment/ament_prefix_path.dsv
-- Symlinking: /work/ubuntu-ros2-dev/install/rosbag2_examples_cpp/share/rosbag2_examples_cpp/environment/path.sh
-- Symlinking: /work/ubuntu-ros2-dev/install/rosbag2_examples_cpp/share/rosbag2_examples_cpp/environment/path.dsv
-- Symlinking: /work/ubuntu-ros2-dev/install/rosbag2_examples_cpp/share/rosbag2_examples_cpp/local_setup.bash
-- Symlinking: /work/ubuntu-ros2-dev/install/rosbag2_examples_cpp/share/rosbag2_examples_cpp/local_setup.sh
-- Symlinking: /work/ubuntu-ros2-dev/install/rosbag2_examples_cpp/share/rosbag2_examples_cpp/local_setup.zsh
-- Symlinking: /work/ubuntu-ros2-dev/install/rosbag2_examples_cpp/share/rosbag2_examples_cpp/local_setup.dsv
-- Symlinking: /work/ubuntu-ros2-dev/install/rosbag2_examples_cpp/share/rosbag2_examples_cpp/package.dsv
-- Symlinking: /work/ubuntu-ros2-dev/install/rosbag2_examples_cpp/share/ament_index/resource_index/packages/rosbag2_examples_cpp
-- Symlinking: /work/ubuntu-ros2-dev/install/rosbag2_examples_cpp/share/rosbag2_examples_cpp/cmake/rosbag2_examples_cppConfig.cmake
-- Symlinking: /work/ubuntu-ros2-dev/install/rosbag2_examples_cpp/share/rosbag2_examples_cpp/cmake/rosbag2_examples_cppConfig-version.cmake
-- Symlinking: /work/ubuntu-ros2-dev/install/rosbag2_examples_cpp/share/rosbag2_examples_cpp/package.xml
