[0.468s] Invoking command in '/work/ubuntu-ros2-dev/build/gz_math_vendor': AMENT_PREFIX_PATH=/work/ubuntu-ros2-dev/install/gz_utils_vendor:/work/ubuntu-ros2-dev/install/gz_cmake_vendor:/work/ubuntu-ros2-dev/install/ament_cmake_xmllint:/work/ubuntu-ros2-dev/install/ament_cmake_copyright:/work/ubuntu-ros2-dev/install/ament_cmake_lint_cmake:/work/ubuntu-ros2-dev/install/ament_xmllint:/work/ubuntu-ros2-dev/install/ament_lint_cmake:/work/ubuntu-ros2-dev/install/ament_cmake_vendor_package:/work/ubuntu-ros2-dev/install/ament_copyright:/work/ubuntu-ros2-dev/install/ament_cmake_test:/work/ubuntu-ros2-dev/install/ament_cmake_export_dependencies:/work/ubuntu-ros2-dev/install/ament_pep257:/work/ubuntu-ros2-dev/install/ament_cmake_python:/work/ubuntu-ros2-dev/install/ament_cmake_libraries:/work/ubuntu-ros2-dev/install/ament_flake8:/work/ubuntu-ros2-dev/install/ament_cmake_core:/work/ubuntu-ros2-dev/install/ament_package:/work/ubuntu-ros2-dev/install/ament_lint CMAKE_PREFIX_PATH=/work/ubuntu-ros2-dev/install/gz_utils_vendor/opt/gz_utils_vendor:/work/ubuntu-ros2-dev/install/gz_utils_vendor:/work/ubuntu-ros2-dev/install/gz_cmake_vendor/opt/gz_cmake_vendor:/work/ubuntu-ros2-dev/install/gz_cmake_vendor:/work/ubuntu-ros2-dev/install/ament_cmake_xmllint:/work/ubuntu-ros2-dev/install/ament_cmake_copyright:/work/ubuntu-ros2-dev/install/ament_cmake_lint_cmake:/work/ubuntu-ros2-dev/install/ament_cmake_vendor_package:/work/ubuntu-ros2-dev/install/ament_cmake_test:/work/ubuntu-ros2-dev/install/ament_cmake_export_dependencies:/work/ubuntu-ros2-dev/install/ament_cmake_python:/work/ubuntu-ros2-dev/install/ament_cmake_libraries:/work/ubuntu-ros2-dev/install/ament_cmake_core LD_LIBRARY_PATH=/work/ubuntu-ros2-dev/install/gz_utils_vendor/opt/gz_utils_vendor/lib:/work/ubuntu-ros2-dev/install/gz_cmake_vendor/opt/gz_cmake_vendor/lib PATH=/work/ubuntu-ros2-dev/install/ament_xmllint/bin:/work/ubuntu-ros2-dev/install/ament_lint_cmake/bin:/work/ubuntu-ros2-dev/install/ament_copyright/bin:/work/ubuntu-ros2-dev/install/ament_pep257/bin:/work/ubuntu-ros2-dev/install/ament_flake8/bin:${PATH} PYTHONPATH=/work/ubuntu-ros2-dev/build/ament_xmllint:/work/ubuntu-ros2-dev/install/ament_xmllint/lib/python3.10/site-packages:/work/ubuntu-ros2-dev/build/ament_lint_cmake:/work/ubuntu-ros2-dev/install/ament_lint_cmake/lib/python3.10/site-packages:/work/ubuntu-ros2-dev/build/ament_copyright:/work/ubuntu-ros2-dev/install/ament_copyright/lib/python3.10/site-packages:/work/ubuntu-ros2-dev/install/ament_cmake_test/lib/python3.10/site-packages:/work/ubuntu-ros2-dev/build/ament_pep257:/work/ubuntu-ros2-dev/install/ament_pep257/lib/python3.10/site-packages:/work/ubuntu-ros2-dev/build/ament_flake8:/work/ubuntu-ros2-dev/install/ament_flake8/lib/python3.10/site-packages:/work/ubuntu-ros2-dev/build/ament_package:/work/ubuntu-ros2-dev/install/ament_package/lib/python3.10/site-packages:/work/ubuntu-ros2-dev/build/ament_lint:/work/ubuntu-ros2-dev/install/ament_lint/lib/python3.10/site-packages /usr/bin/cmake /work/ubuntu-ros2-dev/src/gazebo-release/gz_math_vendor -DAMENT_CMAKE_SYMLINK_INSTALL=1 -DCMAKE_INSTALL_PREFIX=/work/ubuntu-ros2-dev/install/gz_math_vendor
[0.536s] -- The C compiler identification is GNU 11.4.0
[0.669s] -- The CXX compiler identification is GNU 11.4.0
[0.686s] -- Detecting C compiler ABI info
[0.892s] -- Detecting C compiler ABI info - done
[0.913s] -- Check for working C compiler: /usr/bin/cc - skipped
[0.913s] -- Detecting C compile features
[0.913s] -- Detecting C compile features - done
[0.913s] -- Detecting CXX compiler ABI info
[1.139s] -- Detecting CXX compiler ABI info - done
[1.143s] -- Check for working CXX compiler: /usr/bin/c++ - skipped
[1.143s] -- Detecting CXX compile features
[1.143s] -- Detecting CXX compile features - done
[1.145s] -- Found ament_cmake_core: 2.5.2 (/work/ubuntu-ros2-dev/install/ament_cmake_core/share/ament_cmake_core/cmake)
[1.532s] -- Found Python3: /usr/bin/python3 (found version "3.10.12") found components: Interpreter 
[1.640s] -- Override CMake install command with custom implementation using symlinks instead of copying resources
[1.642s] -- Found ament_cmake_vendor_package: 2.5.2 (/work/ubuntu-ros2-dev/install/ament_cmake_vendor_package/share/ament_cmake_vendor_package/cmake)
[1.644s] -- Found ament_cmake_export_dependencies: 2.5.2 (/work/ubuntu-ros2-dev/install/ament_cmake_export_dependencies/share/ament_cmake_export_dependencies/cmake)
[1.644s] -- Found gz_cmake_vendor: 0.0.8 (/work/ubuntu-ros2-dev/install/gz_cmake_vendor/share/gz_cmake_vendor/cmake)
[1.645s] -- Found gz_utils_vendor: 0.0.4 (/work/ubuntu-ros2-dev/install/gz_utils_vendor/share/gz_utils_vendor/cmake)
[1.672s] -- Found ament_cmake_test: 2.5.2 (/work/ubuntu-ros2-dev/install/ament_cmake_test/share/ament_cmake_test/cmake)
[1.701s] -- Found ament_cmake_lint_cmake: 0.17.1 (/work/ubuntu-ros2-dev/install/ament_cmake_lint_cmake/share/ament_cmake_lint_cmake/cmake)
[1.701s] -- Found ament_cmake_copyright: 0.17.1 (/work/ubuntu-ros2-dev/install/ament_cmake_copyright/share/ament_cmake_copyright/cmake)
[1.701s] -- Found ament_cmake_xmllint: 0.17.1 (/work/ubuntu-ros2-dev/install/ament_cmake_xmllint/share/ament_cmake_xmllint/cmake)
[1.777s] -- Configuring done
[1.781s] -- Generating done
[1.783s] -- Build files have been written to: /work/ubuntu-ros2-dev/build/gz_math_vendor
[1.805s] Invoked command in '/work/ubuntu-ros2-dev/build/gz_math_vendor' returned '0': AMENT_PREFIX_PATH=/work/ubuntu-ros2-dev/install/gz_utils_vendor:/work/ubuntu-ros2-dev/install/gz_cmake_vendor:/work/ubuntu-ros2-dev/install/ament_cmake_xmllint:/work/ubuntu-ros2-dev/install/ament_cmake_copyright:/work/ubuntu-ros2-dev/install/ament_cmake_lint_cmake:/work/ubuntu-ros2-dev/install/ament_xmllint:/work/ubuntu-ros2-dev/install/ament_lint_cmake:/work/ubuntu-ros2-dev/install/ament_cmake_vendor_package:/work/ubuntu-ros2-dev/install/ament_copyright:/work/ubuntu-ros2-dev/install/ament_cmake_test:/work/ubuntu-ros2-dev/install/ament_cmake_export_dependencies:/work/ubuntu-ros2-dev/install/ament_pep257:/work/ubuntu-ros2-dev/install/ament_cmake_python:/work/ubuntu-ros2-dev/install/ament_cmake_libraries:/work/ubuntu-ros2-dev/install/ament_flake8:/work/ubuntu-ros2-dev/install/ament_cmake_core:/work/ubuntu-ros2-dev/install/ament_package:/work/ubuntu-ros2-dev/install/ament_lint CMAKE_PREFIX_PATH=/work/ubuntu-ros2-dev/install/gz_utils_vendor/opt/gz_utils_vendor:/work/ubuntu-ros2-dev/install/gz_utils_vendor:/work/ubuntu-ros2-dev/install/gz_cmake_vendor/opt/gz_cmake_vendor:/work/ubuntu-ros2-dev/install/gz_cmake_vendor:/work/ubuntu-ros2-dev/install/ament_cmake_xmllint:/work/ubuntu-ros2-dev/install/ament_cmake_copyright:/work/ubuntu-ros2-dev/install/ament_cmake_lint_cmake:/work/ubuntu-ros2-dev/install/ament_cmake_vendor_package:/work/ubuntu-ros2-dev/install/ament_cmake_test:/work/ubuntu-ros2-dev/install/ament_cmake_export_dependencies:/work/ubuntu-ros2-dev/install/ament_cmake_python:/work/ubuntu-ros2-dev/install/ament_cmake_libraries:/work/ubuntu-ros2-dev/install/ament_cmake_core LD_LIBRARY_PATH=/work/ubuntu-ros2-dev/install/gz_utils_vendor/opt/gz_utils_vendor/lib:/work/ubuntu-ros2-dev/install/gz_cmake_vendor/opt/gz_cmake_vendor/lib PATH=/work/ubuntu-ros2-dev/install/ament_xmllint/bin:/work/ubuntu-ros2-dev/install/ament_lint_cmake/bin:/work/ubuntu-ros2-dev/install/ament_copyright/bin:/work/ubuntu-ros2-dev/install/ament_pep257/bin:/work/ubuntu-ros2-dev/install/ament_flake8/bin:${PATH} PYTHONPATH=/work/ubuntu-ros2-dev/build/ament_xmllint:/work/ubuntu-ros2-dev/install/ament_xmllint/lib/python3.10/site-packages:/work/ubuntu-ros2-dev/build/ament_lint_cmake:/work/ubuntu-ros2-dev/install/ament_lint_cmake/lib/python3.10/site-packages:/work/ubuntu-ros2-dev/build/ament_copyright:/work/ubuntu-ros2-dev/install/ament_copyright/lib/python3.10/site-packages:/work/ubuntu-ros2-dev/install/ament_cmake_test/lib/python3.10/site-packages:/work/ubuntu-ros2-dev/build/ament_pep257:/work/ubuntu-ros2-dev/install/ament_pep257/lib/python3.10/site-packages:/work/ubuntu-ros2-dev/build/ament_flake8:/work/ubuntu-ros2-dev/install/ament_flake8/lib/python3.10/site-packages:/work/ubuntu-ros2-dev/build/ament_package:/work/ubuntu-ros2-dev/install/ament_package/lib/python3.10/site-packages:/work/ubuntu-ros2-dev/build/ament_lint:/work/ubuntu-ros2-dev/install/ament_lint/lib/python3.10/site-packages /usr/bin/cmake /work/ubuntu-ros2-dev/src/gazebo-release/gz_math_vendor -DAMENT_CMAKE_SYMLINK_INSTALL=1 -DCMAKE_INSTALL_PREFIX=/work/ubuntu-ros2-dev/install/gz_math_vendor
[1.805s] Invoking command in '/work/ubuntu-ros2-dev/build/gz_math_vendor': AMENT_PREFIX_PATH=/work/ubuntu-ros2-dev/install/gz_utils_vendor:/work/ubuntu-ros2-dev/install/gz_cmake_vendor:/work/ubuntu-ros2-dev/install/ament_cmake_xmllint:/work/ubuntu-ros2-dev/install/ament_cmake_copyright:/work/ubuntu-ros2-dev/install/ament_cmake_lint_cmake:/work/ubuntu-ros2-dev/install/ament_xmllint:/work/ubuntu-ros2-dev/install/ament_lint_cmake:/work/ubuntu-ros2-dev/install/ament_cmake_vendor_package:/work/ubuntu-ros2-dev/install/ament_copyright:/work/ubuntu-ros2-dev/install/ament_cmake_test:/work/ubuntu-ros2-dev/install/ament_cmake_export_dependencies:/work/ubuntu-ros2-dev/install/ament_pep257:/work/ubuntu-ros2-dev/install/ament_cmake_python:/work/ubuntu-ros2-dev/install/ament_cmake_libraries:/work/ubuntu-ros2-dev/install/ament_flake8:/work/ubuntu-ros2-dev/install/ament_cmake_core:/work/ubuntu-ros2-dev/install/ament_package:/work/ubuntu-ros2-dev/install/ament_lint CMAKE_PREFIX_PATH=/work/ubuntu-ros2-dev/install/gz_utils_vendor/opt/gz_utils_vendor:/work/ubuntu-ros2-dev/install/gz_utils_vendor:/work/ubuntu-ros2-dev/install/gz_cmake_vendor/opt/gz_cmake_vendor:/work/ubuntu-ros2-dev/install/gz_cmake_vendor:/work/ubuntu-ros2-dev/install/ament_cmake_xmllint:/work/ubuntu-ros2-dev/install/ament_cmake_copyright:/work/ubuntu-ros2-dev/install/ament_cmake_lint_cmake:/work/ubuntu-ros2-dev/install/ament_cmake_vendor_package:/work/ubuntu-ros2-dev/install/ament_cmake_test:/work/ubuntu-ros2-dev/install/ament_cmake_export_dependencies:/work/ubuntu-ros2-dev/install/ament_cmake_python:/work/ubuntu-ros2-dev/install/ament_cmake_libraries:/work/ubuntu-ros2-dev/install/ament_cmake_core LD_LIBRARY_PATH=/work/ubuntu-ros2-dev/install/gz_utils_vendor/opt/gz_utils_vendor/lib:/work/ubuntu-ros2-dev/install/gz_cmake_vendor/opt/gz_cmake_vendor/lib PATH=/work/ubuntu-ros2-dev/install/ament_xmllint/bin:/work/ubuntu-ros2-dev/install/ament_lint_cmake/bin:/work/ubuntu-ros2-dev/install/ament_copyright/bin:/work/ubuntu-ros2-dev/install/ament_pep257/bin:/work/ubuntu-ros2-dev/install/ament_flake8/bin:${PATH} PYTHONPATH=/work/ubuntu-ros2-dev/build/ament_xmllint:/work/ubuntu-ros2-dev/install/ament_xmllint/lib/python3.10/site-packages:/work/ubuntu-ros2-dev/build/ament_lint_cmake:/work/ubuntu-ros2-dev/install/ament_lint_cmake/lib/python3.10/site-packages:/work/ubuntu-ros2-dev/build/ament_copyright:/work/ubuntu-ros2-dev/install/ament_copyright/lib/python3.10/site-packages:/work/ubuntu-ros2-dev/install/ament_cmake_test/lib/python3.10/site-packages:/work/ubuntu-ros2-dev/build/ament_pep257:/work/ubuntu-ros2-dev/install/ament_pep257/lib/python3.10/site-packages:/work/ubuntu-ros2-dev/build/ament_flake8:/work/ubuntu-ros2-dev/install/ament_flake8/lib/python3.10/site-packages:/work/ubuntu-ros2-dev/build/ament_package:/work/ubuntu-ros2-dev/install/ament_package/lib/python3.10/site-packages:/work/ubuntu-ros2-dev/build/ament_lint:/work/ubuntu-ros2-dev/install/ament_lint/lib/python3.10/site-packages /usr/bin/cmake --build /work/ubuntu-ros2-dev/build/gz_math_vendor -- -j8 -l8
[1.928s] [ 14%] [34m[1mCreating directories for 'gz_math_vendor'[0m
[2.098s] [ 28%] [34m[1mPerforming download step for 'gz_math_vendor'[0m
[4.703s] [34m=== [1m./gz_math_vendor[22m (git) ===[0m
[4.703s] hint: Using 'master' as the name for the initial branch. This default branch name
[4.703s] hint: is subject to change. To configure the initial branch name to use in all
[4.710s] hint: of your new repositories, which will suppress this warning, call:
[4.710s] hint: 
[4.710s] hint: 	git config --global init.defaultBranch <name>
[4.710s] hint: 
[4.710s] hint: Names commonly chosen instead of 'master' are 'main', 'trunk' and
[4.710s] hint: 'development'. The just-created branch can be renamed via this command:
[4.710s] hint: 
[4.710s] hint: 	git branch -m <name>
[4.710s] Initialized empty Git repository in /work/ubuntu-ros2-dev/build/gz_math_vendor/gz_math_vendor-prefix/src/gz_math_vendor/.git/
[4.710s] 
[4.710s] From https://github.com/gazebosim/gz-math
[4.710s]  * [new tag]         gz-math7_7.5.1 -> gz-math7_7.5.1
[4.710s] Note: switching to 'gz-math7_7.5.1'.
[4.711s] 
[4.711s] You are in 'detached HEAD' state. You can look around, make experimental
[4.711s] changes and commit them, and you can discard any commits you make in this
[4.711s] state without impacting any branches by switching back to a branch.
[4.711s] 
[4.711s] If you want to create a new branch to retain commits you create, you may
[4.711s] do so (now or later) by using -c with the switch command. Example:
[4.711s] 
[4.711s]   git switch -c <new-branch-name>
[4.711s] 
[4.711s] Or undo this operation with:
[4.711s] 
[4.711s]   git switch -
[4.711s] 
[4.711s] Turn off this advice by setting config variable advice.detachedHead to false
[4.711s] 
[4.711s] HEAD is now at 5072602 Prepare for 7.5.1 (#623)
[4.711s] 
[4.751s] [ 42%] [34m[1mNo patch step for 'gz_math_vendor'[0m
[4.813s] [ 57%] [34m[1mPerforming configure step for 'gz_math_vendor'[0m
[4.885s] loading initial cache file /work/ubuntu-ros2-dev/build/gz_math_vendor/gz_math_vendor-config.cmake
[5.013s] -- The C compiler identification is GNU 11.4.0
[5.190s] -- The CXX compiler identification is GNU 11.4.0
[5.212s] -- Detecting C compiler ABI info
[5.360s] -- Detecting C compiler ABI info - done
[5.365s] -- Check for working C compiler: /usr/bin/cc - skipped
[5.366s] -- Detecting C compile features
[5.367s] -- Detecting C compile features - done
[5.369s] -- Detecting CXX compiler ABI info
[5.474s] -- Detecting CXX compiler ABI info - done
[5.478s] -- Check for working CXX compiler: /usr/bin/c++ - skipped
[5.478s] -- Detecting CXX compile features
[5.478s] -- Detecting CXX compile features - done
[5.483s] -- gz-math7 version 7.5.1
[5.483s] -- Operating system is Linux
[5.506s] -- Found CPack generators: DEB
[5.514s] -- Looking for gz-utils2 -- found version 2.2.0
[5.515s] -- Searching for dependencies of gz-utils2
[5.515s] -- Looking for gz-utils2 - found
[5.515s] 
[5.538s] -- Looking for eigen3 - found
[5.538s] 
[5.575s] -- SKIP_SWIG set - disabling SWIG Ruby support
[5.576s] -- SKIP_PYBIND11 set - disabling python bindings
[9.094s] -- 
[9.094s] -- Searching for host SSE information
[9.251s] -- Could not find hardware support for SSE2 on this machine.
[9.251s] -- Could not find hardware support for SSE3 on this machine.
[9.251s] -- Could not find hardware support for SSSE3 on this machine.
[9.251s] -- Could not find hardware support for SSE4.1 on this machine.
[9.251s] -- Could not find hardware support for SSE4.2 on this machine.
[9.251s] -- SSE4 disabled.
[9.251s] --
[9.316s] -- Configuring library: gz-math7
[9.317s] -- Performing Test COMPILER_HAS_HIDDEN_VISIBILITY
[9.628s] -- Performing Test COMPILER_HAS_HIDDEN_VISIBILITY - Success
[9.629s] -- Performing Test COMPILER_HAS_HIDDEN_INLINE_VISIBILITY
[9.896s] -- Performing Test COMPILER_HAS_HIDDEN_INLINE_VISIBILITY - Success
[9.896s] -- Performing Test COMPILER_HAS_DEPRECATED_ATTR
[10.043s] -- Performing Test COMPILER_HAS_DEPRECATED_ATTR - Success
[10.044s] -- Testing is disabled -- skipping UNIT tests
[10.045s] -- Testing is disabled -- skipping UNIT tests
[10.047s] -- Configuring library: gz-math7-eigen3
[10.048s] -- Testing is disabled -- skipping UNIT tests
[10.426s] -- Adding codecheck target
[10.426s] -- Build configuration successful
[10.426s] -- Build type: RelWithDebInfo
[10.426s] -- Install prefix: /work/ubuntu-ros2-dev/install/gz_math_vendor/opt/gz_math_vendor
[10.426s] -- Building Documentation disabled via BUILD_DOCS=OFF
[10.427s] -- Configuring done
[10.447s] -- Generating done
[10.449s] -- Build files have been written to: /work/ubuntu-ros2-dev/build/gz_math_vendor/gz_math_vendor-prefix/src/gz_math_vendor-build
[10.515s] [ 71%] [34m[1mPerforming build step for 'gz_math_vendor'[0m
[10.732s] [  4%] [32mBuilding CXX object src/CMakeFiles/gz-math7.dir/Angle.cc.o[0m
[11.657s] [  8%] [32mBuilding CXX object src/CMakeFiles/gz-math7.dir/Kmeans.cc.o[0m
[12.551s] [ 12%] [32mBuilding CXX object src/CMakeFiles/gz-math7.dir/Material.cc.o[0m
[13.046s] [ 16%] [32mBuilding CXX object src/CMakeFiles/gz-math7.dir/MecanumDriveOdometry.cc.o[0m
[13.492s] [ 20%] [32mBuilding CXX object src/CMakeFiles/gz-math7.dir/MovingWindowFilter.cc.o[0m
[14.033s] [ 24%] [32mBuilding CXX object src/CMakeFiles/gz-math7.dir/PID.cc.o[0m
[14.417s] [ 28%] [32mBuilding CXX object src/CMakeFiles/gz-math7.dir/Rand.cc.o[0m
[14.818s] [ 32%] [32mBuilding CXX object src/CMakeFiles/gz-math7.dir/RollingMean.cc.o[0m
[15.170s] [ 36%] [32mBuilding CXX object src/CMakeFiles/gz-math7.dir/RotationSpline.cc.o[0m
[15.788s] [ 40%] [32mBuilding CXX object src/CMakeFiles/gz-math7.dir/SemanticVersion.cc.o[0m
[16.352s] [ 44%] [32mBuilding CXX object src/CMakeFiles/gz-math7.dir/SignalStats.cc.o[0m
[17.090s] [ 48%] [32mBuilding CXX object src/CMakeFiles/gz-math7.dir/SpeedLimiter.cc.o[0m
[17.407s] [ 52%] [32mBuilding CXX object src/CMakeFiles/gz-math7.dir/SphericalCoordinates.cc.o[0m
[17.865s] [ 56%] [32mBuilding CXX object src/CMakeFiles/gz-math7.dir/Spline.cc.o[0m
[18.775s] [ 60%] [32mBuilding CXX object src/CMakeFiles/gz-math7.dir/SplinePrivate.cc.o[0m
[19.217s] [ 64%] [32mBuilding CXX object src/CMakeFiles/gz-math7.dir/Stopwatch.cc.o[0m
[19.346s] [ 68%] [32mBuilding CXX object src/CMakeFiles/gz-math7.dir/Temperature.cc.o[0m
[19.712s] [ 72%] [32mBuilding CXX object src/CMakeFiles/gz-math7.dir/Vector3Stats.cc.o[0m
[20.105s] [ 76%] [32mBuilding CXX object src/CMakeFiles/gz-math7.dir/Helpers.cc.o[0m
[23.447s] [ 80%] [32mBuilding CXX object src/CMakeFiles/gz-math7.dir/GaussMarkovProcess.cc.o[0m
[23.785s] [ 84%] [32mBuilding CXX object src/CMakeFiles/gz-math7.dir/Frustum.cc.o[0m
[24.287s] [ 88%] [32mBuilding CXX object src/CMakeFiles/gz-math7.dir/DiffDriveOdometry.cc.o[0m
[24.628s] [ 92%] [32mBuilding CXX object src/CMakeFiles/gz-math7.dir/Color.cc.o[0m
[24.965s] [ 96%] [32mBuilding CXX object src/CMakeFiles/gz-math7.dir/AxisAlignedBox.cc.o[0m
[25.512s] [100%] [32m[1mLinking CXX shared library ../lib/libgz-math7.so[0m
[25.618s] [100%] Built target gz-math7
[25.630s] [ 85%] [34m[1mPerforming install step for 'gz_math_vendor'[0m
[25.650s] [35m[1mConsolidate compiler generated dependencies of target gz-math7[0m
[25.667s] [100%] Built target gz-math7
[25.676s] [36mInstall the project...[0m
[25.680s] -- Install configuration: "RelWithDebInfo"
[25.680s] -- Installing: /work/ubuntu-ros2-dev/build/gz_math_vendor/gz_math_vendor-prefix/install/lib/cmake/gz-math7-all/gz-math7-all-config.cmake
[25.680s] -- Installing: /work/ubuntu-ros2-dev/build/gz_math_vendor/gz_math_vendor-prefix/install/lib/cmake/gz-math7-all/gz-math7-all-config-version.cmake
[25.680s] -- Installing: /work/ubuntu-ros2-dev/build/gz_math_vendor/gz_math_vendor-prefix/install/lib/cmake/gz-math7-all/gz-math7-all-targets.cmake
[25.680s] -- Installing: /work/ubuntu-ros2-dev/build/gz_math_vendor/gz_math_vendor-prefix/install/include/gz/math7/gz/math/detail/Export.hh
[25.681s] -- Installing: /work/ubuntu-ros2-dev/build/gz_math_vendor/gz_math_vendor-prefix/install/include/gz/math7/gz/math/Export.hh
[25.681s] -- Installing: /work/ubuntu-ros2-dev/build/gz_math_vendor/gz_math_vendor-prefix/install/lib/libgz-math7.so.7.5.1
[25.683s] -- Installing: /work/ubuntu-ros2-dev/build/gz_math_vendor/gz_math_vendor-prefix/install/lib/libgz-math7.so.7
[25.684s] -- Set runtime path of "/work/ubuntu-ros2-dev/build/gz_math_vendor/gz_math_vendor-prefix/install/lib/libgz-math7.so.7.5.1" to ""
[25.684s] -- Installing: /work/ubuntu-ros2-dev/build/gz_math_vendor/gz_math_vendor-prefix/install/lib/libgz-math7.so
[25.684s] -- Installing: /work/ubuntu-ros2-dev/build/gz_math_vendor/gz_math_vendor-prefix/install/lib/cmake/gz-math7/gz-math7-config.cmake
[25.684s] -- Installing: /work/ubuntu-ros2-dev/build/gz_math_vendor/gz_math_vendor-prefix/install/lib/cmake/gz-math7/gz-math7-config-version.cmake
[25.684s] -- Installing: /work/ubuntu-ros2-dev/build/gz_math_vendor/gz_math_vendor-prefix/install/lib/cmake/gz-math7/gz-math7-targets.cmake
[25.684s] -- Installing: /work/ubuntu-ros2-dev/build/gz_math_vendor/gz_math_vendor-prefix/install/lib/cmake/gz-math7/gz-math7-targets-relwithdebinfo.cmake
[25.684s] -- Installing: /work/ubuntu-ros2-dev/build/gz_math_vendor/gz_math_vendor-prefix/install/lib/pkgconfig/gz-math7.pc
[25.684s] -- Installing: /work/ubuntu-ros2-dev/build/gz_math_vendor/gz_math_vendor-prefix/install/include/gz/math7/ignition
[25.684s] -- Installing: /work/ubuntu-ros2-dev/build/gz_math_vendor/gz_math_vendor-prefix/install/include/gz/math7/ignition/math
[25.684s] -- Installing: /work/ubuntu-ros2-dev/build/gz_math_vendor/gz_math_vendor-prefix/install/include/gz/math7/ignition/math/Filter.hh
[25.684s] -- Installing: /work/ubuntu-ros2-dev/build/gz_math_vendor/gz_math_vendor-prefix/install/include/gz/math7/ignition/math/Vector3.hh
[25.685s] -- Installing: /work/ubuntu-ros2-dev/build/gz_math_vendor/gz_math_vendor-prefix/install/include/gz/math7/ignition/math/Helpers.hh
[25.685s] -- Installing: /work/ubuntu-ros2-dev/build/gz_math_vendor/gz_math_vendor-prefix/install/include/gz/math7/ignition/math/PID.hh
[25.685s] -- Installing: /work/ubuntu-ros2-dev/build/gz_math_vendor/gz_math_vendor-prefix/install/include/gz/math7/ignition/math/MecanumDriveOdometry.hh
[25.685s] -- Installing: /work/ubuntu-ros2-dev/build/gz_math_vendor/gz_math_vendor-prefix/install/include/gz/math7/ignition/math/GaussMarkovProcess.hh
[25.685s] -- Installing: /work/ubuntu-ros2-dev/build/gz_math_vendor/gz_math_vendor-prefix/install/include/gz/math7/ignition/math/PiecewiseScalarField3.hh
[25.685s] -- Installing: /work/ubuntu-ros2-dev/build/gz_math_vendor/gz_math_vendor-prefix/install/include/gz/math7/ignition/math/Line3.hh
[25.685s] -- Installing: /work/ubuntu-ros2-dev/build/gz_math_vendor/gz_math_vendor-prefix/install/include/gz/math7/ignition/math/Plane.hh
[25.685s] -- Installing: /work/ubuntu-ros2-dev/build/gz_math_vendor/gz_math_vendor-prefix/install/include/gz/math7/ignition/math/VolumetricGridLookupField.hh
[25.685s] -- Installing: /work/ubuntu-ros2-dev/build/gz_math_vendor/gz_math_vendor-prefix/install/include/gz/math7/ignition/math/Vector4.hh
[25.685s] -- Installing: /work/ubuntu-ros2-dev/build/gz_math_vendor/gz_math_vendor-prefix/install/include/gz/math7/ignition/math/AxisAlignedBox.hh
[25.686s] -- Installing: /work/ubuntu-ros2-dev/build/gz_math_vendor/gz_math_vendor-prefix/install/include/gz/math7/ignition/math/Export.hh
[25.686s] -- Installing: /work/ubuntu-ros2-dev/build/gz_math_vendor/gz_math_vendor-prefix/install/include/gz/math7/ignition/math/Triangle.hh
[25.686s] -- Installing: /work/ubuntu-ros2-dev/build/gz_math_vendor/gz_math_vendor-prefix/install/include/gz/math7/ignition/math/RotationSpline.hh
[25.686s] -- Installing: /work/ubuntu-ros2-dev/build/gz_math_vendor/gz_math_vendor-prefix/install/include/gz/math7/ignition/math/Ellipsoid.hh
[25.686s] -- Installing: /work/ubuntu-ros2-dev/build/gz_math_vendor/gz_math_vendor-prefix/install/include/gz/math7/ignition/math/Pose3.hh
[25.686s] -- Installing: /work/ubuntu-ros2-dev/build/gz_math_vendor/gz_math_vendor-prefix/install/include/gz/math7/ignition/math/Capsule.hh
[25.686s] -- Installing: /work/ubuntu-ros2-dev/build/gz_math_vendor/gz_math_vendor-prefix/install/include/gz/math7/ignition/math/DiffDriveOdometry.hh
[25.686s] -- Installing: /work/ubuntu-ros2-dev/build/gz_math_vendor/gz_math_vendor-prefix/install/include/gz/math7/ignition/math/Angle.hh
[25.686s] -- Installing: /work/ubuntu-ros2-dev/build/gz_math_vendor/gz_math_vendor-prefix/install/include/gz/math7/ignition/math/MaterialType.hh
[25.686s] -- Installing: /work/ubuntu-ros2-dev/build/gz_math_vendor/gz_math_vendor-prefix/install/include/gz/math7/ignition/math/config.hh
[25.686s] -- Installing: /work/ubuntu-ros2-dev/build/gz_math_vendor/gz_math_vendor-prefix/install/include/gz/math7/ignition/math/SphericalCoordinates.hh
[25.686s] -- Installing: /work/ubuntu-ros2-dev/build/gz_math_vendor/gz_math_vendor-prefix/install/include/gz/math7/ignition/math/OrientedBox.hh
[25.686s] -- Installing: /work/ubuntu-ros2-dev/build/gz_math_vendor/gz_math_vendor-prefix/install/include/gz/math7/ignition/math/graph
[25.687s] -- Installing: /work/ubuntu-ros2-dev/build/gz_math_vendor/gz_math_vendor-prefix/install/include/gz/math7/ignition/math/graph/Edge.hh
[25.687s] -- Installing: /work/ubuntu-ros2-dev/build/gz_math_vendor/gz_math_vendor-prefix/install/include/gz/math7/ignition/math/graph/Graph.hh
[25.687s] -- Installing: /work/ubuntu-ros2-dev/build/gz_math_vendor/gz_math_vendor-prefix/install/include/gz/math7/ignition/math/graph/Vertex.hh
[25.687s] -- Installing: /work/ubuntu-ros2-dev/build/gz_math_vendor/gz_math_vendor-prefix/install/include/gz/math7/ignition/math/graph/GraphAlgorithms.hh
[25.687s] -- Installing: /work/ubuntu-ros2-dev/build/gz_math_vendor/gz_math_vendor-prefix/install/include/gz/math7/ignition/math/Line2.hh
[25.687s] -- Installing: /work/ubuntu-ros2-dev/build/gz_math_vendor/gz_math_vendor-prefix/install/include/gz/math7/ignition/math/Stopwatch.hh
[25.687s] -- Installing: /work/ubuntu-ros2-dev/build/gz_math_vendor/gz_math_vendor-prefix/install/include/gz/math7/ignition/math/Matrix3.hh
[25.687s] -- Installing: /work/ubuntu-ros2-dev/build/gz_math_vendor/gz_math_vendor-prefix/install/include/gz/math7/ignition/math/SpeedLimiter.hh
[25.687s] -- Installing: /work/ubuntu-ros2-dev/build/gz_math_vendor/gz_math_vendor-prefix/install/include/gz/math7/ignition/math/AdditivelySeparableScalarField3.hh
[25.687s] -- Installing: /work/ubuntu-ros2-dev/build/gz_math_vendor/gz_math_vendor-prefix/install/include/gz/math7/ignition/math/Vector3Stats.hh
[25.687s] -- Installing: /work/ubuntu-ros2-dev/build/gz_math_vendor/gz_math_vendor-prefix/install/include/gz/math7/ignition/math/Triangle3.hh
[25.687s] -- Installing: /work/ubuntu-ros2-dev/build/gz_math_vendor/gz_math_vendor-prefix/install/include/gz/math7/ignition/math/RollingMean.hh
[25.687s] -- Installing: /work/ubuntu-ros2-dev/build/gz_math_vendor/gz_math_vendor-prefix/install/include/gz/math7/ignition/math/SignalStats.hh
[25.687s] -- Installing: /work/ubuntu-ros2-dev/build/gz_math_vendor/gz_math_vendor-prefix/install/include/gz/math7/ignition/math/Spline.hh
[25.688s] -- Installing: /work/ubuntu-ros2-dev/build/gz_math_vendor/gz_math_vendor-prefix/install/include/gz/math7/ignition/math/Material.hh
[25.688s] -- Installing: /work/ubuntu-ros2-dev/build/gz_math_vendor/gz_math_vendor-prefix/install/include/gz/math7/ignition/math/Matrix6.hh
[25.688s] -- Installing: /work/ubuntu-ros2-dev/build/gz_math_vendor/gz_math_vendor-prefix/install/include/gz/math7/ignition/math/Temperature.hh
[25.688s] -- Installing: /work/ubuntu-ros2-dev/build/gz_math_vendor/gz_math_vendor-prefix/install/include/gz/math7/ignition/math/MassMatrix3.hh
[25.688s] -- Installing: /work/ubuntu-ros2-dev/build/gz_math_vendor/gz_math_vendor-prefix/install/include/gz/math7/ignition/math/Color.hh
[25.688s] -- Installing: /work/ubuntu-ros2-dev/build/gz_math_vendor/gz_math_vendor-prefix/install/include/gz/math7/ignition/math/Inertial.hh
[25.688s] -- Installing: /work/ubuntu-ros2-dev/build/gz_math_vendor/gz_math_vendor-prefix/install/include/gz/math7/ignition/math/Interval.hh
[25.688s] -- Installing: /work/ubuntu-ros2-dev/build/gz_math_vendor/gz_math_vendor-prefix/install/include/gz/math7/ignition/math/Box.hh
[25.688s] -- Installing: /work/ubuntu-ros2-dev/build/gz_math_vendor/gz_math_vendor-prefix/install/include/gz/math7/ignition/math/SemanticVersion.hh
[25.688s] -- Installing: /work/ubuntu-ros2-dev/build/gz_math_vendor/gz_math_vendor-prefix/install/include/gz/math7/ignition/math/Region3.hh
[25.688s] -- Installing: /work/ubuntu-ros2-dev/build/gz_math_vendor/gz_math_vendor-prefix/install/include/gz/math7/ignition/math/Frustum.hh
[25.688s] -- Installing: /work/ubuntu-ros2-dev/build/gz_math_vendor/gz_math_vendor-prefix/install/include/gz/math7/ignition/math/Rand.hh
[25.688s] -- Installing: /work/ubuntu-ros2-dev/build/gz_math_vendor/gz_math_vendor-prefix/install/include/gz/math7/ignition/math/Polynomial3.hh
[25.688s] -- Installing: /work/ubuntu-ros2-dev/build/gz_math_vendor/gz_math_vendor-prefix/install/include/gz/math7/ignition/math/Sphere.hh
[25.688s] -- Installing: /work/ubuntu-ros2-dev/build/gz_math_vendor/gz_math_vendor-prefix/install/include/gz/math7/ignition/math/Quaternion.hh
[25.689s] -- Installing: /work/ubuntu-ros2-dev/build/gz_math_vendor/gz_math_vendor-prefix/install/include/gz/math7/ignition/math/Matrix4.hh
[25.689s] -- Installing: /work/ubuntu-ros2-dev/build/gz_math_vendor/gz_math_vendor-prefix/install/include/gz/math7/ignition/math/MovingWindowFilter.hh
[25.689s] -- Installing: /work/ubuntu-ros2-dev/build/gz_math_vendor/gz_math_vendor-prefix/install/include/gz/math7/ignition/math/Vector2.hh
[25.689s] -- Installing: /work/ubuntu-ros2-dev/build/gz_math_vendor/gz_math_vendor-prefix/install/include/gz/math7/ignition/math/detail
[25.689s] -- Installing: /work/ubuntu-ros2-dev/build/gz_math_vendor/gz_math_vendor-prefix/install/include/gz/math7/ignition/math/detail/Export.hh
[25.689s] -- Installing: /work/ubuntu-ros2-dev/build/gz_math_vendor/gz_math_vendor-prefix/install/include/gz/math7/ignition/math/detail/Ellipsoid.hh
[25.689s] -- Installing: /work/ubuntu-ros2-dev/build/gz_math_vendor/gz_math_vendor-prefix/install/include/gz/math7/ignition/math/detail/Capsule.hh
[25.689s] -- Installing: /work/ubuntu-ros2-dev/build/gz_math_vendor/gz_math_vendor-prefix/install/include/gz/math7/ignition/math/detail/WellOrderedVector.hh
[25.689s] -- Installing: /work/ubuntu-ros2-dev/build/gz_math_vendor/gz_math_vendor-prefix/install/include/gz/math7/ignition/math/detail/AxisIndex.hh
[25.689s] -- Installing: /work/ubuntu-ros2-dev/build/gz_math_vendor/gz_math_vendor-prefix/install/include/gz/math7/ignition/math/detail/Box.hh
[25.689s] -- Installing: /work/ubuntu-ros2-dev/build/gz_math_vendor/gz_math_vendor-prefix/install/include/gz/math7/ignition/math/detail/Sphere.hh
[25.689s] -- Installing: /work/ubuntu-ros2-dev/build/gz_math_vendor/gz_math_vendor-prefix/install/include/gz/math7/ignition/math/detail/InterpolationPoint.hh
[25.689s] -- Installing: /work/ubuntu-ros2-dev/build/gz_math_vendor/gz_math_vendor-prefix/install/include/gz/math7/ignition/math/detail/Cylinder.hh
[25.689s] -- Installing: /work/ubuntu-ros2-dev/build/gz_math_vendor/gz_math_vendor-prefix/install/include/gz/math7/ignition/math/Kmeans.hh
[25.689s] -- Installing: /work/ubuntu-ros2-dev/build/gz_math_vendor/gz_math_vendor-prefix/install/include/gz/math7/ignition/math/Cylinder.hh
[25.689s] -- Installing: /work/ubuntu-ros2-dev/build/gz_math_vendor/gz_math_vendor-prefix/install/include/gz/math7/ignition/math.hh
[25.690s] -- Installing: /work/ubuntu-ros2-dev/build/gz_math_vendor/gz_math_vendor-prefix/install/include/gz/math7/gz/math/graph/Edge.hh
[25.690s] -- Installing: /work/ubuntu-ros2-dev/build/gz_math_vendor/gz_math_vendor-prefix/install/include/gz/math7/gz/math/graph/Graph.hh
[25.690s] -- Installing: /work/ubuntu-ros2-dev/build/gz_math_vendor/gz_math_vendor-prefix/install/include/gz/math7/gz/math/graph/GraphAlgorithms.hh
[25.690s] -- Installing: /work/ubuntu-ros2-dev/build/gz_math_vendor/gz_math_vendor-prefix/install/include/gz/math7/gz/math/graph/Vertex.hh
[25.690s] -- Installing: /work/ubuntu-ros2-dev/build/gz_math_vendor/gz_math_vendor-prefix/install/include/gz/math7/gz/math/AdditivelySeparableScalarField3.hh
[25.690s] -- Installing: /work/ubuntu-ros2-dev/build/gz_math_vendor/gz_math_vendor-prefix/install/include/gz/math7/gz/math/Angle.hh
[25.691s] -- Installing: /work/ubuntu-ros2-dev/build/gz_math_vendor/gz_math_vendor-prefix/install/include/gz/math7/gz/math/AxisAlignedBox.hh
[25.691s] -- Installing: /work/ubuntu-ros2-dev/build/gz_math_vendor/gz_math_vendor-prefix/install/include/gz/math7/gz/math/Box.hh
[25.691s] -- Installing: /work/ubuntu-ros2-dev/build/gz_math_vendor/gz_math_vendor-prefix/install/include/gz/math7/gz/math/Capsule.hh
[25.691s] -- Installing: /work/ubuntu-ros2-dev/build/gz_math_vendor/gz_math_vendor-prefix/install/include/gz/math7/gz/math/Color.hh
[25.691s] -- Installing: /work/ubuntu-ros2-dev/build/gz_math_vendor/gz_math_vendor-prefix/install/include/gz/math7/gz/math/Cone.hh
[25.691s] -- Installing: /work/ubuntu-ros2-dev/build/gz_math_vendor/gz_math_vendor-prefix/install/include/gz/math7/gz/math/Cylinder.hh
[25.691s] -- Installing: /work/ubuntu-ros2-dev/build/gz_math_vendor/gz_math_vendor-prefix/install/include/gz/math7/gz/math/DiffDriveOdometry.hh
[25.691s] -- Installing: /work/ubuntu-ros2-dev/build/gz_math_vendor/gz_math_vendor-prefix/install/include/gz/math7/gz/math/Ellipsoid.hh
[25.691s] -- Installing: /work/ubuntu-ros2-dev/build/gz_math_vendor/gz_math_vendor-prefix/install/include/gz/math7/gz/math/Filter.hh
[25.692s] -- Installing: /work/ubuntu-ros2-dev/build/gz_math_vendor/gz_math_vendor-prefix/install/include/gz/math7/gz/math/Frustum.hh
[25.692s] -- Installing: /work/ubuntu-ros2-dev/build/gz_math_vendor/gz_math_vendor-prefix/install/include/gz/math7/gz/math/GaussMarkovProcess.hh
[25.692s] -- Installing: /work/ubuntu-ros2-dev/build/gz_math_vendor/gz_math_vendor-prefix/install/include/gz/math7/gz/math/Helpers.hh
[25.692s] -- Installing: /work/ubuntu-ros2-dev/build/gz_math_vendor/gz_math_vendor-prefix/install/include/gz/math7/gz/math/Inertial.hh
[25.692s] -- Installing: /work/ubuntu-ros2-dev/build/gz_math_vendor/gz_math_vendor-prefix/install/include/gz/math7/gz/math/Interval.hh
[25.692s] -- Installing: /work/ubuntu-ros2-dev/build/gz_math_vendor/gz_math_vendor-prefix/install/include/gz/math7/gz/math/Kmeans.hh
[25.692s] -- Installing: /work/ubuntu-ros2-dev/build/gz_math_vendor/gz_math_vendor-prefix/install/include/gz/math7/gz/math/Line2.hh
[25.692s] -- Installing: /work/ubuntu-ros2-dev/build/gz_math_vendor/gz_math_vendor-prefix/install/include/gz/math7/gz/math/Line3.hh
[25.692s] -- Installing: /work/ubuntu-ros2-dev/build/gz_math_vendor/gz_math_vendor-prefix/install/include/gz/math7/gz/math/MassMatrix3.hh
[25.692s] -- Installing: /work/ubuntu-ros2-dev/build/gz_math_vendor/gz_math_vendor-prefix/install/include/gz/math7/gz/math/Material.hh
[25.692s] -- Installing: /work/ubuntu-ros2-dev/build/gz_math_vendor/gz_math_vendor-prefix/install/include/gz/math7/gz/math/MaterialType.hh
[25.692s] -- Installing: /work/ubuntu-ros2-dev/build/gz_math_vendor/gz_math_vendor-prefix/install/include/gz/math7/gz/math/Matrix3.hh
[25.692s] -- Installing: /work/ubuntu-ros2-dev/build/gz_math_vendor/gz_math_vendor-prefix/install/include/gz/math7/gz/math/Matrix4.hh
[25.693s] -- Installing: /work/ubuntu-ros2-dev/build/gz_math_vendor/gz_math_vendor-prefix/install/include/gz/math7/gz/math/Matrix6.hh
[25.693s] -- Installing: /work/ubuntu-ros2-dev/build/gz_math_vendor/gz_math_vendor-prefix/install/include/gz/math7/gz/math/MecanumDriveOdometry.hh
[25.693s] -- Installing: /work/ubuntu-ros2-dev/build/gz_math_vendor/gz_math_vendor-prefix/install/include/gz/math7/gz/math/MovingWindowFilter.hh
[25.693s] -- Installing: /work/ubuntu-ros2-dev/build/gz_math_vendor/gz_math_vendor-prefix/install/include/gz/math7/gz/math/OrientedBox.hh
[25.693s] -- Installing: /work/ubuntu-ros2-dev/build/gz_math_vendor/gz_math_vendor-prefix/install/include/gz/math7/gz/math/PID.hh
[25.693s] -- Installing: /work/ubuntu-ros2-dev/build/gz_math_vendor/gz_math_vendor-prefix/install/include/gz/math7/gz/math/PiecewiseScalarField3.hh
[25.693s] -- Installing: /work/ubuntu-ros2-dev/build/gz_math_vendor/gz_math_vendor-prefix/install/include/gz/math7/gz/math/Plane.hh
[25.693s] -- Installing: /work/ubuntu-ros2-dev/build/gz_math_vendor/gz_math_vendor-prefix/install/include/gz/math7/gz/math/Polynomial3.hh
[25.693s] -- Installing: /work/ubuntu-ros2-dev/build/gz_math_vendor/gz_math_vendor-prefix/install/include/gz/math7/gz/math/Pose3.hh
[25.693s] -- Installing: /work/ubuntu-ros2-dev/build/gz_math_vendor/gz_math_vendor-prefix/install/include/gz/math7/gz/math/Quaternion.hh
[25.693s] -- Installing: /work/ubuntu-ros2-dev/build/gz_math_vendor/gz_math_vendor-prefix/install/include/gz/math7/gz/math/Rand.hh
[25.693s] -- Installing: /work/ubuntu-ros2-dev/build/gz_math_vendor/gz_math_vendor-prefix/install/include/gz/math7/gz/math/Region3.hh
[25.694s] -- Installing: /work/ubuntu-ros2-dev/build/gz_math_vendor/gz_math_vendor-prefix/install/include/gz/math7/gz/math/RollingMean.hh
[25.694s] -- Installing: /work/ubuntu-ros2-dev/build/gz_math_vendor/gz_math_vendor-prefix/install/include/gz/math7/gz/math/RotationSpline.hh
[25.694s] -- Installing: /work/ubuntu-ros2-dev/build/gz_math_vendor/gz_math_vendor-prefix/install/include/gz/math7/gz/math/SemanticVersion.hh
[25.694s] -- Installing: /work/ubuntu-ros2-dev/build/gz_math_vendor/gz_math_vendor-prefix/install/include/gz/math7/gz/math/SignalStats.hh
[25.694s] -- Installing: /work/ubuntu-ros2-dev/build/gz_math_vendor/gz_math_vendor-prefix/install/include/gz/math7/gz/math/SpeedLimiter.hh
[25.694s] -- Installing: /work/ubuntu-ros2-dev/build/gz_math_vendor/gz_math_vendor-prefix/install/include/gz/math7/gz/math/Sphere.hh
[25.694s] -- Installing: /work/ubuntu-ros2-dev/build/gz_math_vendor/gz_math_vendor-prefix/install/include/gz/math7/gz/math/SphericalCoordinates.hh
[25.694s] -- Installing: /work/ubuntu-ros2-dev/build/gz_math_vendor/gz_math_vendor-prefix/install/include/gz/math7/gz/math/Spline.hh
[25.694s] -- Installing: /work/ubuntu-ros2-dev/build/gz_math_vendor/gz_math_vendor-prefix/install/include/gz/math7/gz/math/Stopwatch.hh
[25.694s] -- Installing: /work/ubuntu-ros2-dev/build/gz_math_vendor/gz_math_vendor-prefix/install/include/gz/math7/gz/math/Temperature.hh
[25.694s] -- Installing: /work/ubuntu-ros2-dev/build/gz_math_vendor/gz_math_vendor-prefix/install/include/gz/math7/gz/math/TimeVaryingVolumetricGrid.hh
[25.694s] -- Installing: /work/ubuntu-ros2-dev/build/gz_math_vendor/gz_math_vendor-prefix/install/include/gz/math7/gz/math/TimeVaryingVolumetricGridLookupField.hh
[25.695s] -- Installing: /work/ubuntu-ros2-dev/build/gz_math_vendor/gz_math_vendor-prefix/install/include/gz/math7/gz/math/Triangle.hh
[25.695s] -- Installing: /work/ubuntu-ros2-dev/build/gz_math_vendor/gz_math_vendor-prefix/install/include/gz/math7/gz/math/Triangle3.hh
[25.695s] -- Installing: /work/ubuntu-ros2-dev/build/gz_math_vendor/gz_math_vendor-prefix/install/include/gz/math7/gz/math/Vector2.hh
[25.695s] -- Installing: /work/ubuntu-ros2-dev/build/gz_math_vendor/gz_math_vendor-prefix/install/include/gz/math7/gz/math/Vector3.hh
[25.695s] -- Installing: /work/ubuntu-ros2-dev/build/gz_math_vendor/gz_math_vendor-prefix/install/include/gz/math7/gz/math/Vector3Stats.hh
[25.695s] -- Installing: /work/ubuntu-ros2-dev/build/gz_math_vendor/gz_math_vendor-prefix/install/include/gz/math7/gz/math/Vector4.hh
[25.695s] -- Installing: /work/ubuntu-ros2-dev/build/gz_math_vendor/gz_math_vendor-prefix/install/include/gz/math7/gz/math/VolumetricGridLookupField.hh
[25.695s] -- Installing: /work/ubuntu-ros2-dev/build/gz_math_vendor/gz_math_vendor-prefix/install/include/gz/math7/gz/math/../math.hh
[25.695s] -- Installing: /work/ubuntu-ros2-dev/build/gz_math_vendor/gz_math_vendor-prefix/install/include/gz/math7/gz/math/config.hh
[25.695s] -- Up-to-date: /work/ubuntu-ros2-dev/build/gz_math_vendor/gz_math_vendor-prefix/install/include/gz/math7/gz/math/detail
[25.695s] -- Installing: /work/ubuntu-ros2-dev/build/gz_math_vendor/gz_math_vendor-prefix/install/include/gz/math7/gz/math/detail/Ellipsoid.hh
[25.695s] -- Installing: /work/ubuntu-ros2-dev/build/gz_math_vendor/gz_math_vendor-prefix/install/include/gz/math7/gz/math/detail/Capsule.hh
[25.695s] -- Installing: /work/ubuntu-ros2-dev/build/gz_math_vendor/gz_math_vendor-prefix/install/include/gz/math7/gz/math/detail/WellOrderedVector.hh
[25.696s] -- Installing: /work/ubuntu-ros2-dev/build/gz_math_vendor/gz_math_vendor-prefix/install/include/gz/math7/gz/math/detail/AxisIndex.hh
[25.696s] -- Installing: /work/ubuntu-ros2-dev/build/gz_math_vendor/gz_math_vendor-prefix/install/include/gz/math7/gz/math/detail/Cone.hh
[25.696s] -- Installing: /work/ubuntu-ros2-dev/build/gz_math_vendor/gz_math_vendor-prefix/install/include/gz/math7/gz/math/detail/Box.hh
[25.696s] -- Installing: /work/ubuntu-ros2-dev/build/gz_math_vendor/gz_math_vendor-prefix/install/include/gz/math7/gz/math/detail/Sphere.hh
[25.696s] -- Installing: /work/ubuntu-ros2-dev/build/gz_math_vendor/gz_math_vendor-prefix/install/include/gz/math7/gz/math/detail/InterpolationPoint.hh
[25.696s] -- Installing: /work/ubuntu-ros2-dev/build/gz_math_vendor/gz_math_vendor-prefix/install/include/gz/math7/gz/math/detail/Cylinder.hh
[25.696s] -- Installing: /work/ubuntu-ros2-dev/build/gz_math_vendor/gz_math_vendor-prefix/install/lib/cmake/gz-math7-eigen3/gz-math7-eigen3-config.cmake
[25.696s] -- Installing: /work/ubuntu-ros2-dev/build/gz_math_vendor/gz_math_vendor-prefix/install/lib/cmake/gz-math7-eigen3/gz-math7-eigen3-config-version.cmake
[25.696s] -- Installing: /work/ubuntu-ros2-dev/build/gz_math_vendor/gz_math_vendor-prefix/install/lib/cmake/gz-math7-eigen3/gz-math7-eigen3-targets.cmake
[25.696s] -- Installing: /work/ubuntu-ros2-dev/build/gz_math_vendor/gz_math_vendor-prefix/install/lib/pkgconfig/gz-math7-eigen3.pc
[25.696s] -- Up-to-date: /work/ubuntu-ros2-dev/build/gz_math_vendor/gz_math_vendor-prefix/install/include/gz/math7/ignition
[25.696s] -- Up-to-date: /work/ubuntu-ros2-dev/build/gz_math_vendor/gz_math_vendor-prefix/install/include/gz/math7/ignition/math
[25.696s] -- Installing: /work/ubuntu-ros2-dev/build/gz_math_vendor/gz_math_vendor-prefix/install/include/gz/math7/ignition/math/eigen3.hh
[25.696s] -- Installing: /work/ubuntu-ros2-dev/build/gz_math_vendor/gz_math_vendor-prefix/install/include/gz/math7/ignition/math/eigen3
[25.696s] -- Installing: /work/ubuntu-ros2-dev/build/gz_math_vendor/gz_math_vendor-prefix/install/include/gz/math7/ignition/math/eigen3/Util.hh
[25.696s] -- Installing: /work/ubuntu-ros2-dev/build/gz_math_vendor/gz_math_vendor-prefix/install/include/gz/math7/ignition/math/eigen3/Conversions.hh
[25.696s] -- Installing: /work/ubuntu-ros2-dev/build/gz_math_vendor/gz_math_vendor-prefix/install/include/gz/math7/gz/math/eigen3/Conversions.hh
[25.697s] -- Installing: /work/ubuntu-ros2-dev/build/gz_math_vendor/gz_math_vendor-prefix/install/include/gz/math7/gz/math/eigen3/Util.hh
[25.697s] -- Installing: /work/ubuntu-ros2-dev/build/gz_math_vendor/gz_math_vendor-prefix/install/include/gz/math7/gz/math/eigen3/../eigen3.hh
[25.704s] [100%] [34m[1mCompleted 'gz_math_vendor'[0m
[25.721s] [100%] Built target gz_math_vendor
[25.732s] Invoked command in '/work/ubuntu-ros2-dev/build/gz_math_vendor' returned '0': AMENT_PREFIX_PATH=/work/ubuntu-ros2-dev/install/gz_utils_vendor:/work/ubuntu-ros2-dev/install/gz_cmake_vendor:/work/ubuntu-ros2-dev/install/ament_cmake_xmllint:/work/ubuntu-ros2-dev/install/ament_cmake_copyright:/work/ubuntu-ros2-dev/install/ament_cmake_lint_cmake:/work/ubuntu-ros2-dev/install/ament_xmllint:/work/ubuntu-ros2-dev/install/ament_lint_cmake:/work/ubuntu-ros2-dev/install/ament_cmake_vendor_package:/work/ubuntu-ros2-dev/install/ament_copyright:/work/ubuntu-ros2-dev/install/ament_cmake_test:/work/ubuntu-ros2-dev/install/ament_cmake_export_dependencies:/work/ubuntu-ros2-dev/install/ament_pep257:/work/ubuntu-ros2-dev/install/ament_cmake_python:/work/ubuntu-ros2-dev/install/ament_cmake_libraries:/work/ubuntu-ros2-dev/install/ament_flake8:/work/ubuntu-ros2-dev/install/ament_cmake_core:/work/ubuntu-ros2-dev/install/ament_package:/work/ubuntu-ros2-dev/install/ament_lint CMAKE_PREFIX_PATH=/work/ubuntu-ros2-dev/install/gz_utils_vendor/opt/gz_utils_vendor:/work/ubuntu-ros2-dev/install/gz_utils_vendor:/work/ubuntu-ros2-dev/install/gz_cmake_vendor/opt/gz_cmake_vendor:/work/ubuntu-ros2-dev/install/gz_cmake_vendor:/work/ubuntu-ros2-dev/install/ament_cmake_xmllint:/work/ubuntu-ros2-dev/install/ament_cmake_copyright:/work/ubuntu-ros2-dev/install/ament_cmake_lint_cmake:/work/ubuntu-ros2-dev/install/ament_cmake_vendor_package:/work/ubuntu-ros2-dev/install/ament_cmake_test:/work/ubuntu-ros2-dev/install/ament_cmake_export_dependencies:/work/ubuntu-ros2-dev/install/ament_cmake_python:/work/ubuntu-ros2-dev/install/ament_cmake_libraries:/work/ubuntu-ros2-dev/install/ament_cmake_core LD_LIBRARY_PATH=/work/ubuntu-ros2-dev/install/gz_utils_vendor/opt/gz_utils_vendor/lib:/work/ubuntu-ros2-dev/install/gz_cmake_vendor/opt/gz_cmake_vendor/lib PATH=/work/ubuntu-ros2-dev/install/ament_xmllint/bin:/work/ubuntu-ros2-dev/install/ament_lint_cmake/bin:/work/ubuntu-ros2-dev/install/ament_copyright/bin:/work/ubuntu-ros2-dev/install/ament_pep257/bin:/work/ubuntu-ros2-dev/install/ament_flake8/bin:${PATH} PYTHONPATH=/work/ubuntu-ros2-dev/build/ament_xmllint:/work/ubuntu-ros2-dev/install/ament_xmllint/lib/python3.10/site-packages:/work/ubuntu-ros2-dev/build/ament_lint_cmake:/work/ubuntu-ros2-dev/install/ament_lint_cmake/lib/python3.10/site-packages:/work/ubuntu-ros2-dev/build/ament_copyright:/work/ubuntu-ros2-dev/install/ament_copyright/lib/python3.10/site-packages:/work/ubuntu-ros2-dev/install/ament_cmake_test/lib/python3.10/site-packages:/work/ubuntu-ros2-dev/build/ament_pep257:/work/ubuntu-ros2-dev/install/ament_pep257/lib/python3.10/site-packages:/work/ubuntu-ros2-dev/build/ament_flake8:/work/ubuntu-ros2-dev/install/ament_flake8/lib/python3.10/site-packages:/work/ubuntu-ros2-dev/build/ament_package:/work/ubuntu-ros2-dev/install/ament_package/lib/python3.10/site-packages:/work/ubuntu-ros2-dev/build/ament_lint:/work/ubuntu-ros2-dev/install/ament_lint/lib/python3.10/site-packages /usr/bin/cmake --build /work/ubuntu-ros2-dev/build/gz_math_vendor -- -j8 -l8
[25.745s] Invoking command in '/work/ubuntu-ros2-dev/build/gz_math_vendor': AMENT_PREFIX_PATH=/work/ubuntu-ros2-dev/install/gz_utils_vendor:/work/ubuntu-ros2-dev/install/gz_cmake_vendor:/work/ubuntu-ros2-dev/install/ament_cmake_xmllint:/work/ubuntu-ros2-dev/install/ament_cmake_copyright:/work/ubuntu-ros2-dev/install/ament_cmake_lint_cmake:/work/ubuntu-ros2-dev/install/ament_xmllint:/work/ubuntu-ros2-dev/install/ament_lint_cmake:/work/ubuntu-ros2-dev/install/ament_cmake_vendor_package:/work/ubuntu-ros2-dev/install/ament_copyright:/work/ubuntu-ros2-dev/install/ament_cmake_test:/work/ubuntu-ros2-dev/install/ament_cmake_export_dependencies:/work/ubuntu-ros2-dev/install/ament_pep257:/work/ubuntu-ros2-dev/install/ament_cmake_python:/work/ubuntu-ros2-dev/install/ament_cmake_libraries:/work/ubuntu-ros2-dev/install/ament_flake8:/work/ubuntu-ros2-dev/install/ament_cmake_core:/work/ubuntu-ros2-dev/install/ament_package:/work/ubuntu-ros2-dev/install/ament_lint CMAKE_PREFIX_PATH=/work/ubuntu-ros2-dev/install/gz_utils_vendor/opt/gz_utils_vendor:/work/ubuntu-ros2-dev/install/gz_utils_vendor:/work/ubuntu-ros2-dev/install/gz_cmake_vendor/opt/gz_cmake_vendor:/work/ubuntu-ros2-dev/install/gz_cmake_vendor:/work/ubuntu-ros2-dev/install/ament_cmake_xmllint:/work/ubuntu-ros2-dev/install/ament_cmake_copyright:/work/ubuntu-ros2-dev/install/ament_cmake_lint_cmake:/work/ubuntu-ros2-dev/install/ament_cmake_vendor_package:/work/ubuntu-ros2-dev/install/ament_cmake_test:/work/ubuntu-ros2-dev/install/ament_cmake_export_dependencies:/work/ubuntu-ros2-dev/install/ament_cmake_python:/work/ubuntu-ros2-dev/install/ament_cmake_libraries:/work/ubuntu-ros2-dev/install/ament_cmake_core LD_LIBRARY_PATH=/work/ubuntu-ros2-dev/install/gz_utils_vendor/opt/gz_utils_vendor/lib:/work/ubuntu-ros2-dev/install/gz_cmake_vendor/opt/gz_cmake_vendor/lib PATH=/work/ubuntu-ros2-dev/install/ament_xmllint/bin:/work/ubuntu-ros2-dev/install/ament_lint_cmake/bin:/work/ubuntu-ros2-dev/install/ament_copyright/bin:/work/ubuntu-ros2-dev/install/ament_pep257/bin:/work/ubuntu-ros2-dev/install/ament_flake8/bin:${PATH} PYTHONPATH=/work/ubuntu-ros2-dev/build/ament_xmllint:/work/ubuntu-ros2-dev/install/ament_xmllint/lib/python3.10/site-packages:/work/ubuntu-ros2-dev/build/ament_lint_cmake:/work/ubuntu-ros2-dev/install/ament_lint_cmake/lib/python3.10/site-packages:/work/ubuntu-ros2-dev/build/ament_copyright:/work/ubuntu-ros2-dev/install/ament_copyright/lib/python3.10/site-packages:/work/ubuntu-ros2-dev/install/ament_cmake_test/lib/python3.10/site-packages:/work/ubuntu-ros2-dev/build/ament_pep257:/work/ubuntu-ros2-dev/install/ament_pep257/lib/python3.10/site-packages:/work/ubuntu-ros2-dev/build/ament_flake8:/work/ubuntu-ros2-dev/install/ament_flake8/lib/python3.10/site-packages:/work/ubuntu-ros2-dev/build/ament_package:/work/ubuntu-ros2-dev/install/ament_package/lib/python3.10/site-packages:/work/ubuntu-ros2-dev/build/ament_lint:/work/ubuntu-ros2-dev/install/ament_lint/lib/python3.10/site-packages /usr/bin/cmake --install /work/ubuntu-ros2-dev/build/gz_math_vendor
[25.749s] -- Install configuration: ""
[25.749s] -- Execute custom install script
[25.750s] -- Symlinking: /work/ubuntu-ros2-dev/install/gz_math_vendor/share/gz_math_vendor/environment/vendor_package_cmake_prefix.bat
[25.754s] -- Symlinking: /work/ubuntu-ros2-dev/install/gz_math_vendor/share/gz_math_vendor/environment/vendor_package_cmake_prefix.dsv
[25.758s] -- Symlinking: /work/ubuntu-ros2-dev/install/gz_math_vendor/share/gz_math_vendor/environment/vendor_package_cmake_prefix.sh
[25.765s] -- Symlinking: /work/ubuntu-ros2-dev/install/gz_math_vendor/share/gz_math_vendor/environment/vendor_package.bat
[25.769s] -- Symlinking: /work/ubuntu-ros2-dev/install/gz_math_vendor/share/gz_math_vendor/environment/vendor_package.dsv
[25.773s] -- Symlinking: /work/ubuntu-ros2-dev/install/gz_math_vendor/share/gz_math_vendor/environment/vendor_package.sh
[25.778s] -- Symlinking: /work/ubuntu-ros2-dev/install/gz_math_vendor/share/ament_index/resource_index/vendor_packages/gz_math_vendor
[25.782s] -- Symlinking: /work/ubuntu-ros2-dev/install/gz_math_vendor/share/gz_math_vendor/environment/gz_math_vendor.dsv
[25.786s] -- Symlinking: /work/ubuntu-ros2-dev/install/gz_math_vendor/share/gz_math_vendor/environment/gz_math_vendor.sh
[25.790s] -- Symlinking: /work/ubuntu-ros2-dev/install/gz_math_vendor/share/ament_index/resource_index/package_run_dependencies/gz_math_vendor
[25.797s] -- Symlinking: /work/ubuntu-ros2-dev/install/gz_math_vendor/share/ament_index/resource_index/parent_prefix_path/gz_math_vendor
[25.801s] -- Symlinking: /work/ubuntu-ros2-dev/install/gz_math_vendor/share/gz_math_vendor/environment/ament_prefix_path.sh
[25.807s] -- Symlinking: /work/ubuntu-ros2-dev/install/gz_math_vendor/share/gz_math_vendor/environment/ament_prefix_path.dsv
[25.818s] -- Symlinking: /work/ubuntu-ros2-dev/install/gz_math_vendor/share/gz_math_vendor/environment/path.sh
[25.825s] -- Symlinking: /work/ubuntu-ros2-dev/install/gz_math_vendor/share/gz_math_vendor/environment/path.dsv
[25.832s] -- Symlinking: /work/ubuntu-ros2-dev/install/gz_math_vendor/share/gz_math_vendor/local_setup.bash
[25.839s] -- Symlinking: /work/ubuntu-ros2-dev/install/gz_math_vendor/share/gz_math_vendor/local_setup.sh
[25.844s] -- Symlinking: /work/ubuntu-ros2-dev/install/gz_math_vendor/share/gz_math_vendor/local_setup.zsh
[25.849s] -- Symlinking: /work/ubuntu-ros2-dev/install/gz_math_vendor/share/gz_math_vendor/local_setup.dsv
[25.855s] -- Symlinking: /work/ubuntu-ros2-dev/install/gz_math_vendor/share/gz_math_vendor/package.dsv
[25.862s] -- Symlinking: /work/ubuntu-ros2-dev/install/gz_math_vendor/share/ament_index/resource_index/packages/gz_math_vendor
[25.866s] -- Symlinking: /work/ubuntu-ros2-dev/install/gz_math_vendor/share/gz_math_vendor/cmake/ament_cmake_export_dependencies-extras.cmake
[25.871s] -- Symlinking: /work/ubuntu-ros2-dev/install/gz_math_vendor/share/gz_math_vendor/cmake/gz_math_vendor-extras.cmake
[25.875s] -- Symlinking: /work/ubuntu-ros2-dev/install/gz_math_vendor/share/gz_math_vendor/cmake/gz_math_vendorConfig.cmake
[25.879s] -- Symlinking: /work/ubuntu-ros2-dev/install/gz_math_vendor/share/gz_math_vendor/cmake/gz_math_vendorConfig-version.cmake
[25.884s] -- Symlinking: /work/ubuntu-ros2-dev/install/gz_math_vendor/share/gz_math_vendor/package.xml
[25.888s] -- Symlinking: /work/ubuntu-ros2-dev/install/gz_math_vendor/opt/gz_math_vendor/extra_cmake/lib/cmake/gz-math/gz-math-config.cmake
[25.893s] -- Symlinking: /work/ubuntu-ros2-dev/install/gz_math_vendor/opt/gz_math_vendor/extra_cmake/lib/cmake/gz-math/gz-math-config-version.cmake
[25.897s] -- Up-to-date: /work/ubuntu-ros2-dev/install/gz_math_vendor/opt/gz_math_vendor
[25.897s] -- Installing: /work/ubuntu-ros2-dev/install/gz_math_vendor/opt/gz_math_vendor/include
[25.897s] -- Installing: /work/ubuntu-ros2-dev/install/gz_math_vendor/opt/gz_math_vendor/include/gz
[25.897s] -- Installing: /work/ubuntu-ros2-dev/install/gz_math_vendor/opt/gz_math_vendor/include/gz/math7
[25.897s] -- Installing: /work/ubuntu-ros2-dev/install/gz_math_vendor/opt/gz_math_vendor/include/gz/math7/gz
[25.897s] -- Installing: /work/ubuntu-ros2-dev/install/gz_math_vendor/opt/gz_math_vendor/include/gz/math7/gz/math
[25.897s] -- Installing: /work/ubuntu-ros2-dev/install/gz_math_vendor/opt/gz_math_vendor/include/gz/math7/gz/math/Filter.hh
[25.897s] -- Installing: /work/ubuntu-ros2-dev/install/gz_math_vendor/opt/gz_math_vendor/include/gz/math7/gz/math/Vector3.hh
[25.898s] -- Installing: /work/ubuntu-ros2-dev/install/gz_math_vendor/opt/gz_math_vendor/include/gz/math7/gz/math/Helpers.hh
[25.898s] -- Installing: /work/ubuntu-ros2-dev/install/gz_math_vendor/opt/gz_math_vendor/include/gz/math7/gz/math/PID.hh
[25.898s] -- Installing: /work/ubuntu-ros2-dev/install/gz_math_vendor/opt/gz_math_vendor/include/gz/math7/gz/math/MecanumDriveOdometry.hh
[25.898s] -- Installing: /work/ubuntu-ros2-dev/install/gz_math_vendor/opt/gz_math_vendor/include/gz/math7/gz/math/GaussMarkovProcess.hh
[25.898s] -- Installing: /work/ubuntu-ros2-dev/install/gz_math_vendor/opt/gz_math_vendor/include/gz/math7/gz/math/PiecewiseScalarField3.hh
[25.898s] -- Installing: /work/ubuntu-ros2-dev/install/gz_math_vendor/opt/gz_math_vendor/include/gz/math7/gz/math/Line3.hh
[25.898s] -- Installing: /work/ubuntu-ros2-dev/install/gz_math_vendor/opt/gz_math_vendor/include/gz/math7/gz/math/Plane.hh
[25.898s] -- Installing: /work/ubuntu-ros2-dev/install/gz_math_vendor/opt/gz_math_vendor/include/gz/math7/gz/math/VolumetricGridLookupField.hh
[25.899s] -- Installing: /work/ubuntu-ros2-dev/install/gz_math_vendor/opt/gz_math_vendor/include/gz/math7/gz/math/Vector4.hh
[25.899s] -- Installing: /work/ubuntu-ros2-dev/install/gz_math_vendor/opt/gz_math_vendor/include/gz/math7/gz/math/AxisAlignedBox.hh
[25.899s] -- Installing: /work/ubuntu-ros2-dev/install/gz_math_vendor/opt/gz_math_vendor/include/gz/math7/gz/math/Export.hh
[25.899s] -- Installing: /work/ubuntu-ros2-dev/install/gz_math_vendor/opt/gz_math_vendor/include/gz/math7/gz/math/Triangle.hh
[25.899s] -- Installing: /work/ubuntu-ros2-dev/install/gz_math_vendor/opt/gz_math_vendor/include/gz/math7/gz/math/RotationSpline.hh
[25.899s] -- Installing: /work/ubuntu-ros2-dev/install/gz_math_vendor/opt/gz_math_vendor/include/gz/math7/gz/math/Ellipsoid.hh
[25.899s] -- Installing: /work/ubuntu-ros2-dev/install/gz_math_vendor/opt/gz_math_vendor/include/gz/math7/gz/math/Pose3.hh
[25.899s] -- Installing: /work/ubuntu-ros2-dev/install/gz_math_vendor/opt/gz_math_vendor/include/gz/math7/gz/math/Capsule.hh
[25.899s] -- Installing: /work/ubuntu-ros2-dev/install/gz_math_vendor/opt/gz_math_vendor/include/gz/math7/gz/math/DiffDriveOdometry.hh
[25.900s] -- Installing: /work/ubuntu-ros2-dev/install/gz_math_vendor/opt/gz_math_vendor/include/gz/math7/gz/math/eigen3.hh
[25.900s] -- Installing: /work/ubuntu-ros2-dev/install/gz_math_vendor/opt/gz_math_vendor/include/gz/math7/gz/math/Angle.hh
[25.900s] -- Installing: /work/ubuntu-ros2-dev/install/gz_math_vendor/opt/gz_math_vendor/include/gz/math7/gz/math/MaterialType.hh
[25.900s] -- Installing: /work/ubuntu-ros2-dev/install/gz_math_vendor/opt/gz_math_vendor/include/gz/math7/gz/math/config.hh
[25.900s] -- Installing: /work/ubuntu-ros2-dev/install/gz_math_vendor/opt/gz_math_vendor/include/gz/math7/gz/math/SphericalCoordinates.hh
[25.900s] -- Installing: /work/ubuntu-ros2-dev/install/gz_math_vendor/opt/gz_math_vendor/include/gz/math7/gz/math/OrientedBox.hh
[25.900s] -- Installing: /work/ubuntu-ros2-dev/install/gz_math_vendor/opt/gz_math_vendor/include/gz/math7/gz/math/graph
[25.901s] -- Installing: /work/ubuntu-ros2-dev/install/gz_math_vendor/opt/gz_math_vendor/include/gz/math7/gz/math/graph/Edge.hh
[25.901s] -- Installing: /work/ubuntu-ros2-dev/install/gz_math_vendor/opt/gz_math_vendor/include/gz/math7/gz/math/graph/Graph.hh
[25.901s] -- Installing: /work/ubuntu-ros2-dev/install/gz_math_vendor/opt/gz_math_vendor/include/gz/math7/gz/math/graph/Vertex.hh
[25.901s] -- Installing: /work/ubuntu-ros2-dev/install/gz_math_vendor/opt/gz_math_vendor/include/gz/math7/gz/math/graph/GraphAlgorithms.hh
[25.901s] -- Installing: /work/ubuntu-ros2-dev/install/gz_math_vendor/opt/gz_math_vendor/include/gz/math7/gz/math/Line2.hh
[25.901s] -- Installing: /work/ubuntu-ros2-dev/install/gz_math_vendor/opt/gz_math_vendor/include/gz/math7/gz/math/Stopwatch.hh
[25.901s] -- Installing: /work/ubuntu-ros2-dev/install/gz_math_vendor/opt/gz_math_vendor/include/gz/math7/gz/math/Matrix3.hh
[25.901s] -- Installing: /work/ubuntu-ros2-dev/install/gz_math_vendor/opt/gz_math_vendor/include/gz/math7/gz/math/SpeedLimiter.hh
[25.901s] -- Installing: /work/ubuntu-ros2-dev/install/gz_math_vendor/opt/gz_math_vendor/include/gz/math7/gz/math/eigen3
[25.902s] -- Installing: /work/ubuntu-ros2-dev/install/gz_math_vendor/opt/gz_math_vendor/include/gz/math7/gz/math/eigen3/Util.hh
[25.902s] -- Installing: /work/ubuntu-ros2-dev/install/gz_math_vendor/opt/gz_math_vendor/include/gz/math7/gz/math/eigen3/Conversions.hh
[25.902s] -- Installing: /work/ubuntu-ros2-dev/install/gz_math_vendor/opt/gz_math_vendor/include/gz/math7/gz/math/AdditivelySeparableScalarField3.hh
[25.902s] -- Installing: /work/ubuntu-ros2-dev/install/gz_math_vendor/opt/gz_math_vendor/include/gz/math7/gz/math/Vector3Stats.hh
[25.902s] -- Installing: /work/ubuntu-ros2-dev/install/gz_math_vendor/opt/gz_math_vendor/include/gz/math7/gz/math/Triangle3.hh
[25.902s] -- Installing: /work/ubuntu-ros2-dev/install/gz_math_vendor/opt/gz_math_vendor/include/gz/math7/gz/math/RollingMean.hh
[25.902s] -- Installing: /work/ubuntu-ros2-dev/install/gz_math_vendor/opt/gz_math_vendor/include/gz/math7/gz/math/SignalStats.hh
[25.902s] -- Installing: /work/ubuntu-ros2-dev/install/gz_math_vendor/opt/gz_math_vendor/include/gz/math7/gz/math/TimeVaryingVolumetricGridLookupField.hh
[25.903s] -- Installing: /work/ubuntu-ros2-dev/install/gz_math_vendor/opt/gz_math_vendor/include/gz/math7/gz/math/Spline.hh
[25.903s] -- Installing: /work/ubuntu-ros2-dev/install/gz_math_vendor/opt/gz_math_vendor/include/gz/math7/gz/math/Material.hh
[25.903s] -- Installing: /work/ubuntu-ros2-dev/install/gz_math_vendor/opt/gz_math_vendor/include/gz/math7/gz/math/Matrix6.hh
[25.903s] -- Installing: /work/ubuntu-ros2-dev/install/gz_math_vendor/opt/gz_math_vendor/include/gz/math7/gz/math/Temperature.hh
[25.903s] -- Installing: /work/ubuntu-ros2-dev/install/gz_math_vendor/opt/gz_math_vendor/include/gz/math7/gz/math/MassMatrix3.hh
[25.903s] -- Installing: /work/ubuntu-ros2-dev/install/gz_math_vendor/opt/gz_math_vendor/include/gz/math7/gz/math/Color.hh
[25.903s] -- Installing: /work/ubuntu-ros2-dev/install/gz_math_vendor/opt/gz_math_vendor/include/gz/math7/gz/math/Inertial.hh
[25.903s] -- Installing: /work/ubuntu-ros2-dev/install/gz_math_vendor/opt/gz_math_vendor/include/gz/math7/gz/math/Interval.hh
[25.903s] -- Installing: /work/ubuntu-ros2-dev/install/gz_math_vendor/opt/gz_math_vendor/include/gz/math7/gz/math/Cone.hh
[25.903s] -- Installing: /work/ubuntu-ros2-dev/install/gz_math_vendor/opt/gz_math_vendor/include/gz/math7/gz/math/Box.hh
[25.904s] -- Installing: /work/ubuntu-ros2-dev/install/gz_math_vendor/opt/gz_math_vendor/include/gz/math7/gz/math/SemanticVersion.hh
[25.904s] -- Installing: /work/ubuntu-ros2-dev/install/gz_math_vendor/opt/gz_math_vendor/include/gz/math7/gz/math/Region3.hh
[25.904s] -- Installing: /work/ubuntu-ros2-dev/install/gz_math_vendor/opt/gz_math_vendor/include/gz/math7/gz/math/Frustum.hh
[25.904s] -- Installing: /work/ubuntu-ros2-dev/install/gz_math_vendor/opt/gz_math_vendor/include/gz/math7/gz/math/Rand.hh
[25.904s] -- Installing: /work/ubuntu-ros2-dev/install/gz_math_vendor/opt/gz_math_vendor/include/gz/math7/gz/math/Polynomial3.hh
[25.904s] -- Installing: /work/ubuntu-ros2-dev/install/gz_math_vendor/opt/gz_math_vendor/include/gz/math7/gz/math/Sphere.hh
[25.904s] -- Installing: /work/ubuntu-ros2-dev/install/gz_math_vendor/opt/gz_math_vendor/include/gz/math7/gz/math/Quaternion.hh
[25.904s] -- Installing: /work/ubuntu-ros2-dev/install/gz_math_vendor/opt/gz_math_vendor/include/gz/math7/gz/math/Matrix4.hh
[25.904s] -- Installing: /work/ubuntu-ros2-dev/install/gz_math_vendor/opt/gz_math_vendor/include/gz/math7/gz/math/MovingWindowFilter.hh
[25.904s] -- Installing: /work/ubuntu-ros2-dev/install/gz_math_vendor/opt/gz_math_vendor/include/gz/math7/gz/math/Vector2.hh
[25.904s] -- Installing: /work/ubuntu-ros2-dev/install/gz_math_vendor/opt/gz_math_vendor/include/gz/math7/gz/math/detail
[25.904s] -- Installing: /work/ubuntu-ros2-dev/install/gz_math_vendor/opt/gz_math_vendor/include/gz/math7/gz/math/detail/Export.hh
[25.904s] -- Installing: /work/ubuntu-ros2-dev/install/gz_math_vendor/opt/gz_math_vendor/include/gz/math7/gz/math/detail/Ellipsoid.hh
[25.905s] -- Installing: /work/ubuntu-ros2-dev/install/gz_math_vendor/opt/gz_math_vendor/include/gz/math7/gz/math/detail/Capsule.hh
[25.905s] -- Installing: /work/ubuntu-ros2-dev/install/gz_math_vendor/opt/gz_math_vendor/include/gz/math7/gz/math/detail/WellOrderedVector.hh
[25.905s] -- Installing: /work/ubuntu-ros2-dev/install/gz_math_vendor/opt/gz_math_vendor/include/gz/math7/gz/math/detail/AxisIndex.hh
[25.905s] -- Installing: /work/ubuntu-ros2-dev/install/gz_math_vendor/opt/gz_math_vendor/include/gz/math7/gz/math/detail/Cone.hh
[25.905s] -- Installing: /work/ubuntu-ros2-dev/install/gz_math_vendor/opt/gz_math_vendor/include/gz/math7/gz/math/detail/Box.hh
[25.905s] -- Installing: /work/ubuntu-ros2-dev/install/gz_math_vendor/opt/gz_math_vendor/include/gz/math7/gz/math/detail/Sphere.hh
[25.905s] -- Installing: /work/ubuntu-ros2-dev/install/gz_math_vendor/opt/gz_math_vendor/include/gz/math7/gz/math/detail/InterpolationPoint.hh
[25.905s] -- Installing: /work/ubuntu-ros2-dev/install/gz_math_vendor/opt/gz_math_vendor/include/gz/math7/gz/math/detail/Cylinder.hh
[25.905s] -- Installing: /work/ubuntu-ros2-dev/install/gz_math_vendor/opt/gz_math_vendor/include/gz/math7/gz/math/TimeVaryingVolumetricGrid.hh
[25.905s] -- Installing: /work/ubuntu-ros2-dev/install/gz_math_vendor/opt/gz_math_vendor/include/gz/math7/gz/math/Kmeans.hh
[25.905s] -- Installing: /work/ubuntu-ros2-dev/install/gz_math_vendor/opt/gz_math_vendor/include/gz/math7/gz/math/Cylinder.hh
[25.905s] -- Installing: /work/ubuntu-ros2-dev/install/gz_math_vendor/opt/gz_math_vendor/include/gz/math7/gz/math.hh
[25.905s] -- Installing: /work/ubuntu-ros2-dev/install/gz_math_vendor/opt/gz_math_vendor/include/gz/math7/ignition
[25.905s] -- Installing: /work/ubuntu-ros2-dev/install/gz_math_vendor/opt/gz_math_vendor/include/gz/math7/ignition/math
[25.905s] -- Installing: /work/ubuntu-ros2-dev/install/gz_math_vendor/opt/gz_math_vendor/include/gz/math7/ignition/math/Filter.hh
[25.905s] -- Installing: /work/ubuntu-ros2-dev/install/gz_math_vendor/opt/gz_math_vendor/include/gz/math7/ignition/math/Vector3.hh
[25.905s] -- Installing: /work/ubuntu-ros2-dev/install/gz_math_vendor/opt/gz_math_vendor/include/gz/math7/ignition/math/Helpers.hh
[25.905s] -- Installing: /work/ubuntu-ros2-dev/install/gz_math_vendor/opt/gz_math_vendor/include/gz/math7/ignition/math/PID.hh
[25.906s] -- Installing: /work/ubuntu-ros2-dev/install/gz_math_vendor/opt/gz_math_vendor/include/gz/math7/ignition/math/MecanumDriveOdometry.hh
[25.906s] -- Installing: /work/ubuntu-ros2-dev/install/gz_math_vendor/opt/gz_math_vendor/include/gz/math7/ignition/math/GaussMarkovProcess.hh
[25.906s] -- Installing: /work/ubuntu-ros2-dev/install/gz_math_vendor/opt/gz_math_vendor/include/gz/math7/ignition/math/PiecewiseScalarField3.hh
[25.906s] -- Installing: /work/ubuntu-ros2-dev/install/gz_math_vendor/opt/gz_math_vendor/include/gz/math7/ignition/math/Line3.hh
[25.906s] -- Installing: /work/ubuntu-ros2-dev/install/gz_math_vendor/opt/gz_math_vendor/include/gz/math7/ignition/math/Plane.hh
[25.906s] -- Installing: /work/ubuntu-ros2-dev/install/gz_math_vendor/opt/gz_math_vendor/include/gz/math7/ignition/math/VolumetricGridLookupField.hh
[25.906s] -- Installing: /work/ubuntu-ros2-dev/install/gz_math_vendor/opt/gz_math_vendor/include/gz/math7/ignition/math/Vector4.hh
[25.906s] -- Installing: /work/ubuntu-ros2-dev/install/gz_math_vendor/opt/gz_math_vendor/include/gz/math7/ignition/math/AxisAlignedBox.hh
[25.906s] -- Installing: /work/ubuntu-ros2-dev/install/gz_math_vendor/opt/gz_math_vendor/include/gz/math7/ignition/math/Export.hh
[25.906s] -- Installing: /work/ubuntu-ros2-dev/install/gz_math_vendor/opt/gz_math_vendor/include/gz/math7/ignition/math/Triangle.hh
[25.906s] -- Installing: /work/ubuntu-ros2-dev/install/gz_math_vendor/opt/gz_math_vendor/include/gz/math7/ignition/math/RotationSpline.hh
[25.906s] -- Installing: /work/ubuntu-ros2-dev/install/gz_math_vendor/opt/gz_math_vendor/include/gz/math7/ignition/math/Ellipsoid.hh
[25.906s] -- Installing: /work/ubuntu-ros2-dev/install/gz_math_vendor/opt/gz_math_vendor/include/gz/math7/ignition/math/Pose3.hh
[25.906s] -- Installing: /work/ubuntu-ros2-dev/install/gz_math_vendor/opt/gz_math_vendor/include/gz/math7/ignition/math/Capsule.hh
[25.906s] -- Installing: /work/ubuntu-ros2-dev/install/gz_math_vendor/opt/gz_math_vendor/include/gz/math7/ignition/math/DiffDriveOdometry.hh
[25.906s] -- Installing: /work/ubuntu-ros2-dev/install/gz_math_vendor/opt/gz_math_vendor/include/gz/math7/ignition/math/eigen3.hh
[25.906s] -- Installing: /work/ubuntu-ros2-dev/install/gz_math_vendor/opt/gz_math_vendor/include/gz/math7/ignition/math/Angle.hh
[25.906s] -- Installing: /work/ubuntu-ros2-dev/install/gz_math_vendor/opt/gz_math_vendor/include/gz/math7/ignition/math/MaterialType.hh
[25.907s] -- Installing: /work/ubuntu-ros2-dev/install/gz_math_vendor/opt/gz_math_vendor/include/gz/math7/ignition/math/config.hh
[25.907s] -- Installing: /work/ubuntu-ros2-dev/install/gz_math_vendor/opt/gz_math_vendor/include/gz/math7/ignition/math/SphericalCoordinates.hh
[25.907s] -- Installing: /work/ubuntu-ros2-dev/install/gz_math_vendor/opt/gz_math_vendor/include/gz/math7/ignition/math/OrientedBox.hh
[25.907s] -- Installing: /work/ubuntu-ros2-dev/install/gz_math_vendor/opt/gz_math_vendor/include/gz/math7/ignition/math/graph
[25.907s] -- Installing: /work/ubuntu-ros2-dev/install/gz_math_vendor/opt/gz_math_vendor/include/gz/math7/ignition/math/graph/Edge.hh
[25.907s] -- Installing: /work/ubuntu-ros2-dev/install/gz_math_vendor/opt/gz_math_vendor/include/gz/math7/ignition/math/graph/Graph.hh
[25.907s] -- Installing: /work/ubuntu-ros2-dev/install/gz_math_vendor/opt/gz_math_vendor/include/gz/math7/ignition/math/graph/Vertex.hh
[25.907s] -- Installing: /work/ubuntu-ros2-dev/install/gz_math_vendor/opt/gz_math_vendor/include/gz/math7/ignition/math/graph/GraphAlgorithms.hh
[25.907s] -- Installing: /work/ubuntu-ros2-dev/install/gz_math_vendor/opt/gz_math_vendor/include/gz/math7/ignition/math/Line2.hh
[25.907s] -- Installing: /work/ubuntu-ros2-dev/install/gz_math_vendor/opt/gz_math_vendor/include/gz/math7/ignition/math/Stopwatch.hh
[25.907s] -- Installing: /work/ubuntu-ros2-dev/install/gz_math_vendor/opt/gz_math_vendor/include/gz/math7/ignition/math/Matrix3.hh
[25.908s] -- Installing: /work/ubuntu-ros2-dev/install/gz_math_vendor/opt/gz_math_vendor/include/gz/math7/ignition/math/SpeedLimiter.hh
[25.908s] -- Installing: /work/ubuntu-ros2-dev/install/gz_math_vendor/opt/gz_math_vendor/include/gz/math7/ignition/math/eigen3
[25.908s] -- Installing: /work/ubuntu-ros2-dev/install/gz_math_vendor/opt/gz_math_vendor/include/gz/math7/ignition/math/eigen3/Util.hh
[25.908s] -- Installing: /work/ubuntu-ros2-dev/install/gz_math_vendor/opt/gz_math_vendor/include/gz/math7/ignition/math/eigen3/Conversions.hh
[25.908s] -- Installing: /work/ubuntu-ros2-dev/install/gz_math_vendor/opt/gz_math_vendor/include/gz/math7/ignition/math/AdditivelySeparableScalarField3.hh
[25.908s] -- Installing: /work/ubuntu-ros2-dev/install/gz_math_vendor/opt/gz_math_vendor/include/gz/math7/ignition/math/Vector3Stats.hh
[25.908s] -- Installing: /work/ubuntu-ros2-dev/install/gz_math_vendor/opt/gz_math_vendor/include/gz/math7/ignition/math/Triangle3.hh
[25.908s] -- Installing: /work/ubuntu-ros2-dev/install/gz_math_vendor/opt/gz_math_vendor/include/gz/math7/ignition/math/RollingMean.hh
[25.908s] -- Installing: /work/ubuntu-ros2-dev/install/gz_math_vendor/opt/gz_math_vendor/include/gz/math7/ignition/math/SignalStats.hh
[25.908s] -- Installing: /work/ubuntu-ros2-dev/install/gz_math_vendor/opt/gz_math_vendor/include/gz/math7/ignition/math/Spline.hh
[25.908s] -- Installing: /work/ubuntu-ros2-dev/install/gz_math_vendor/opt/gz_math_vendor/include/gz/math7/ignition/math/Material.hh
[25.908s] -- Installing: /work/ubuntu-ros2-dev/install/gz_math_vendor/opt/gz_math_vendor/include/gz/math7/ignition/math/Matrix6.hh
[25.908s] -- Installing: /work/ubuntu-ros2-dev/install/gz_math_vendor/opt/gz_math_vendor/include/gz/math7/ignition/math/Temperature.hh
[25.909s] -- Installing: /work/ubuntu-ros2-dev/install/gz_math_vendor/opt/gz_math_vendor/include/gz/math7/ignition/math/MassMatrix3.hh
[25.909s] -- Installing: /work/ubuntu-ros2-dev/install/gz_math_vendor/opt/gz_math_vendor/include/gz/math7/ignition/math/Color.hh
[25.909s] -- Installing: /work/ubuntu-ros2-dev/install/gz_math_vendor/opt/gz_math_vendor/include/gz/math7/ignition/math/Inertial.hh
[25.909s] -- Installing: /work/ubuntu-ros2-dev/install/gz_math_vendor/opt/gz_math_vendor/include/gz/math7/ignition/math/Interval.hh
[25.909s] -- Installing: /work/ubuntu-ros2-dev/install/gz_math_vendor/opt/gz_math_vendor/include/gz/math7/ignition/math/Box.hh
[25.909s] -- Installing: /work/ubuntu-ros2-dev/install/gz_math_vendor/opt/gz_math_vendor/include/gz/math7/ignition/math/SemanticVersion.hh
[25.909s] -- Installing: /work/ubuntu-ros2-dev/install/gz_math_vendor/opt/gz_math_vendor/include/gz/math7/ignition/math/Region3.hh
[25.909s] -- Installing: /work/ubuntu-ros2-dev/install/gz_math_vendor/opt/gz_math_vendor/include/gz/math7/ignition/math/Frustum.hh
[25.909s] -- Installing: /work/ubuntu-ros2-dev/install/gz_math_vendor/opt/gz_math_vendor/include/gz/math7/ignition/math/Rand.hh
[25.909s] -- Installing: /work/ubuntu-ros2-dev/install/gz_math_vendor/opt/gz_math_vendor/include/gz/math7/ignition/math/Polynomial3.hh
[25.909s] -- Installing: /work/ubuntu-ros2-dev/install/gz_math_vendor/opt/gz_math_vendor/include/gz/math7/ignition/math/Sphere.hh
[25.909s] -- Installing: /work/ubuntu-ros2-dev/install/gz_math_vendor/opt/gz_math_vendor/include/gz/math7/ignition/math/Quaternion.hh
[25.909s] -- Installing: /work/ubuntu-ros2-dev/install/gz_math_vendor/opt/gz_math_vendor/include/gz/math7/ignition/math/Matrix4.hh
[25.909s] -- Installing: /work/ubuntu-ros2-dev/install/gz_math_vendor/opt/gz_math_vendor/include/gz/math7/ignition/math/MovingWindowFilter.hh
[25.909s] -- Installing: /work/ubuntu-ros2-dev/install/gz_math_vendor/opt/gz_math_vendor/include/gz/math7/ignition/math/Vector2.hh
[25.909s] -- Installing: /work/ubuntu-ros2-dev/install/gz_math_vendor/opt/gz_math_vendor/include/gz/math7/ignition/math/detail
[25.909s] -- Installing: /work/ubuntu-ros2-dev/install/gz_math_vendor/opt/gz_math_vendor/include/gz/math7/ignition/math/detail/Export.hh
[25.909s] -- Installing: /work/ubuntu-ros2-dev/install/gz_math_vendor/opt/gz_math_vendor/include/gz/math7/ignition/math/detail/Ellipsoid.hh
[25.909s] -- Installing: /work/ubuntu-ros2-dev/install/gz_math_vendor/opt/gz_math_vendor/include/gz/math7/ignition/math/detail/Capsule.hh
[25.909s] -- Installing: /work/ubuntu-ros2-dev/install/gz_math_vendor/opt/gz_math_vendor/include/gz/math7/ignition/math/detail/WellOrderedVector.hh
[25.910s] -- Installing: /work/ubuntu-ros2-dev/install/gz_math_vendor/opt/gz_math_vendor/include/gz/math7/ignition/math/detail/AxisIndex.hh
[25.910s] -- Installing: /work/ubuntu-ros2-dev/install/gz_math_vendor/opt/gz_math_vendor/include/gz/math7/ignition/math/detail/Box.hh
[25.910s] -- Installing: /work/ubuntu-ros2-dev/install/gz_math_vendor/opt/gz_math_vendor/include/gz/math7/ignition/math/detail/Sphere.hh
[25.910s] -- Installing: /work/ubuntu-ros2-dev/install/gz_math_vendor/opt/gz_math_vendor/include/gz/math7/ignition/math/detail/InterpolationPoint.hh
[25.910s] -- Installing: /work/ubuntu-ros2-dev/install/gz_math_vendor/opt/gz_math_vendor/include/gz/math7/ignition/math/detail/Cylinder.hh
[25.910s] -- Installing: /work/ubuntu-ros2-dev/install/gz_math_vendor/opt/gz_math_vendor/include/gz/math7/ignition/math/Kmeans.hh
[25.910s] -- Installing: /work/ubuntu-ros2-dev/install/gz_math_vendor/opt/gz_math_vendor/include/gz/math7/ignition/math/Cylinder.hh
[25.910s] -- Installing: /work/ubuntu-ros2-dev/install/gz_math_vendor/opt/gz_math_vendor/include/gz/math7/ignition/math.hh
[25.910s] -- Installing: /work/ubuntu-ros2-dev/install/gz_math_vendor/opt/gz_math_vendor/lib
[25.910s] -- Installing: /work/ubuntu-ros2-dev/install/gz_math_vendor/opt/gz_math_vendor/lib/libgz-math7.so.7
[25.910s] -- Installing: /work/ubuntu-ros2-dev/install/gz_math_vendor/opt/gz_math_vendor/lib/libgz-math7.so
[25.910s] -- Installing: /work/ubuntu-ros2-dev/install/gz_math_vendor/opt/gz_math_vendor/lib/pkgconfig
[25.910s] -- Installing: /work/ubuntu-ros2-dev/install/gz_math_vendor/opt/gz_math_vendor/lib/pkgconfig/gz-math7-eigen3.pc
[25.910s] -- Installing: /work/ubuntu-ros2-dev/install/gz_math_vendor/opt/gz_math_vendor/lib/pkgconfig/gz-math7.pc
[25.910s] -- Installing: /work/ubuntu-ros2-dev/install/gz_math_vendor/opt/gz_math_vendor/lib/cmake
[25.910s] -- Installing: /work/ubuntu-ros2-dev/install/gz_math_vendor/opt/gz_math_vendor/lib/cmake/gz-math7-eigen3
[25.910s] -- Installing: /work/ubuntu-ros2-dev/install/gz_math_vendor/opt/gz_math_vendor/lib/cmake/gz-math7-eigen3/gz-math7-eigen3-config.cmake
[25.910s] -- Installing: /work/ubuntu-ros2-dev/install/gz_math_vendor/opt/gz_math_vendor/lib/cmake/gz-math7-eigen3/gz-math7-eigen3-config-version.cmake
[25.910s] -- Installing: /work/ubuntu-ros2-dev/install/gz_math_vendor/opt/gz_math_vendor/lib/cmake/gz-math7-eigen3/gz-math7-eigen3-targets.cmake
[25.911s] -- Installing: /work/ubuntu-ros2-dev/install/gz_math_vendor/opt/gz_math_vendor/lib/cmake/gz-math7
[25.911s] -- Installing: /work/ubuntu-ros2-dev/install/gz_math_vendor/opt/gz_math_vendor/lib/cmake/gz-math7/gz-math7-config-version.cmake
[25.911s] -- Installing: /work/ubuntu-ros2-dev/install/gz_math_vendor/opt/gz_math_vendor/lib/cmake/gz-math7/gz-math7-targets-relwithdebinfo.cmake
[25.911s] -- Installing: /work/ubuntu-ros2-dev/install/gz_math_vendor/opt/gz_math_vendor/lib/cmake/gz-math7/gz-math7-config.cmake
[25.911s] -- Installing: /work/ubuntu-ros2-dev/install/gz_math_vendor/opt/gz_math_vendor/lib/cmake/gz-math7/gz-math7-targets.cmake
[25.911s] -- Installing: /work/ubuntu-ros2-dev/install/gz_math_vendor/opt/gz_math_vendor/lib/cmake/gz-math7-all
[25.911s] -- Installing: /work/ubuntu-ros2-dev/install/gz_math_vendor/opt/gz_math_vendor/lib/cmake/gz-math7-all/gz-math7-all-config-version.cmake
[25.911s] -- Installing: /work/ubuntu-ros2-dev/install/gz_math_vendor/opt/gz_math_vendor/lib/cmake/gz-math7-all/gz-math7-all-targets.cmake
[25.911s] -- Installing: /work/ubuntu-ros2-dev/install/gz_math_vendor/opt/gz_math_vendor/lib/cmake/gz-math7-all/gz-math7-all-config.cmake
[25.911s] -- Installing: /work/ubuntu-ros2-dev/install/gz_math_vendor/opt/gz_math_vendor/lib/libgz-math7.so.7.5.1
[25.922s] Invoked command in '/work/ubuntu-ros2-dev/build/gz_math_vendor' returned '0': AMENT_PREFIX_PATH=/work/ubuntu-ros2-dev/install/gz_utils_vendor:/work/ubuntu-ros2-dev/install/gz_cmake_vendor:/work/ubuntu-ros2-dev/install/ament_cmake_xmllint:/work/ubuntu-ros2-dev/install/ament_cmake_copyright:/work/ubuntu-ros2-dev/install/ament_cmake_lint_cmake:/work/ubuntu-ros2-dev/install/ament_xmllint:/work/ubuntu-ros2-dev/install/ament_lint_cmake:/work/ubuntu-ros2-dev/install/ament_cmake_vendor_package:/work/ubuntu-ros2-dev/install/ament_copyright:/work/ubuntu-ros2-dev/install/ament_cmake_test:/work/ubuntu-ros2-dev/install/ament_cmake_export_dependencies:/work/ubuntu-ros2-dev/install/ament_pep257:/work/ubuntu-ros2-dev/install/ament_cmake_python:/work/ubuntu-ros2-dev/install/ament_cmake_libraries:/work/ubuntu-ros2-dev/install/ament_flake8:/work/ubuntu-ros2-dev/install/ament_cmake_core:/work/ubuntu-ros2-dev/install/ament_package:/work/ubuntu-ros2-dev/install/ament_lint CMAKE_PREFIX_PATH=/work/ubuntu-ros2-dev/install/gz_utils_vendor/opt/gz_utils_vendor:/work/ubuntu-ros2-dev/install/gz_utils_vendor:/work/ubuntu-ros2-dev/install/gz_cmake_vendor/opt/gz_cmake_vendor:/work/ubuntu-ros2-dev/install/gz_cmake_vendor:/work/ubuntu-ros2-dev/install/ament_cmake_xmllint:/work/ubuntu-ros2-dev/install/ament_cmake_copyright:/work/ubuntu-ros2-dev/install/ament_cmake_lint_cmake:/work/ubuntu-ros2-dev/install/ament_cmake_vendor_package:/work/ubuntu-ros2-dev/install/ament_cmake_test:/work/ubuntu-ros2-dev/install/ament_cmake_export_dependencies:/work/ubuntu-ros2-dev/install/ament_cmake_python:/work/ubuntu-ros2-dev/install/ament_cmake_libraries:/work/ubuntu-ros2-dev/install/ament_cmake_core LD_LIBRARY_PATH=/work/ubuntu-ros2-dev/install/gz_utils_vendor/opt/gz_utils_vendor/lib:/work/ubuntu-ros2-dev/install/gz_cmake_vendor/opt/gz_cmake_vendor/lib PATH=/work/ubuntu-ros2-dev/install/ament_xmllint/bin:/work/ubuntu-ros2-dev/install/ament_lint_cmake/bin:/work/ubuntu-ros2-dev/install/ament_copyright/bin:/work/ubuntu-ros2-dev/install/ament_pep257/bin:/work/ubuntu-ros2-dev/install/ament_flake8/bin:${PATH} PYTHONPATH=/work/ubuntu-ros2-dev/build/ament_xmllint:/work/ubuntu-ros2-dev/install/ament_xmllint/lib/python3.10/site-packages:/work/ubuntu-ros2-dev/build/ament_lint_cmake:/work/ubuntu-ros2-dev/install/ament_lint_cmake/lib/python3.10/site-packages:/work/ubuntu-ros2-dev/build/ament_copyright:/work/ubuntu-ros2-dev/install/ament_copyright/lib/python3.10/site-packages:/work/ubuntu-ros2-dev/install/ament_cmake_test/lib/python3.10/site-packages:/work/ubuntu-ros2-dev/build/ament_pep257:/work/ubuntu-ros2-dev/install/ament_pep257/lib/python3.10/site-packages:/work/ubuntu-ros2-dev/build/ament_flake8:/work/ubuntu-ros2-dev/install/ament_flake8/lib/python3.10/site-packages:/work/ubuntu-ros2-dev/build/ament_package:/work/ubuntu-ros2-dev/install/ament_package/lib/python3.10/site-packages:/work/ubuntu-ros2-dev/build/ament_lint:/work/ubuntu-ros2-dev/install/ament_lint/lib/python3.10/site-packages /usr/bin/cmake --install /work/ubuntu-ros2-dev/build/gz_math_vendor
