[0.432s] Invoking command in '/work/ubuntu-ros2-dev/build/ament_index_python': AMENT_PREFIX_PATH=/work/ubuntu-ros2-dev/install/ament_copyright:/work/ubuntu-ros2-dev/install/ament_pep257:/work/ubuntu-ros2-dev/install/ament_flake8:/work/ubuntu-ros2-dev/install/ament_lint PATH=/work/ubuntu-ros2-dev/install/ament_copyright/bin:/work/ubuntu-ros2-dev/install/ament_pep257/bin:/work/ubuntu-ros2-dev/install/ament_flake8/bin:${PATH} PYTHONPATH=/work/ubuntu-ros2-dev/build/ament_index_python/prefix_override:/usr/lib/python3/dist-packages/colcon_core/task/python/colcon_distutils_commands:/work/ubuntu-ros2-dev/install/ament_index_python/lib/python3.10/site-packages:/work/ubuntu-ros2-dev/build/ament_copyright:/work/ubuntu-ros2-dev/install/ament_copyright/lib/python3.10/site-packages:/work/ubuntu-ros2-dev/build/ament_pep257:/work/ubuntu-ros2-dev/install/ament_pep257/lib/python3.10/site-packages:/work/ubuntu-ros2-dev/build/ament_flake8:/work/ubuntu-ros2-dev/install/ament_flake8/lib/python3.10/site-packages:/work/ubuntu-ros2-dev/build/ament_lint:/work/ubuntu-ros2-dev/install/ament_lint/lib/python3.10/site-packages /usr/bin/python3 -W ignore:setup.py install is deprecated setup.py develop --editable --build-directory /work/ubuntu-ros2-dev/build/ament_index_python/build --no-deps symlink_data
[0.658s] running develop
[0.658s] /usr/lib/python3/dist-packages/setuptools/command/easy_install.py:158: EasyInstallDeprecationWarning: easy_install command is deprecated. Use build and pip and other standards-based tools.
[0.658s]   warnings.warn(
[0.720s] running egg_info
[0.720s] creating ament_index_python.egg-info
[0.720s] writing ament_index_python.egg-info/PKG-INFO
[0.720s] writing dependency_links to ament_index_python.egg-info/dependency_links.txt
[0.720s] writing entry points to ament_index_python.egg-info/entry_points.txt
[0.720s] writing requirements to ament_index_python.egg-info/requires.txt
[0.720s] writing top-level names to ament_index_python.egg-info/top_level.txt
[0.720s] writing manifest file 'ament_index_python.egg-info/SOURCES.txt'
[0.724s] reading manifest file 'ament_index_python.egg-info/SOURCES.txt'
[0.724s] writing manifest file 'ament_index_python.egg-info/SOURCES.txt'
[0.725s] running build_ext
[0.726s] Creating /work/ubuntu-ros2-dev/install/ament_index_python/lib/python3.10/site-packages/ament-index-python.egg-link (link to .)
[0.726s] Installing ament_index script to /work/ubuntu-ros2-dev/install/ament_index_python/bin
[0.726s] 
[0.726s] Installed /work/ubuntu-ros2-dev/build/ament_index_python
[0.726s] running symlink_data
[0.726s] symbolically linking /work/ubuntu-ros2-dev/build/ament_index_python/package.xml -> /work/ubuntu-ros2-dev/install/ament_index_python/share/ament_index_python
[0.726s] creating /work/ubuntu-ros2-dev/install/ament_index_python/share/ament_index_python/environment
[0.727s] symbolically linking /work/ubuntu-ros2-dev/build/ament_index_python/completion/ament_index-argcomplete.bash -> /work/ubuntu-ros2-dev/install/ament_index_python/share/ament_index_python/environment
[0.727s] symbolically linking /work/ubuntu-ros2-dev/build/ament_index_python/completion/ament_index-argcomplete.zsh -> /work/ubuntu-ros2-dev/install/ament_index_python/share/ament_index_python/environment
[0.727s] creating /work/ubuntu-ros2-dev/install/ament_index_python/share/ament_index
[0.727s] creating /work/ubuntu-ros2-dev/install/ament_index_python/share/ament_index/resource_index
[0.727s] creating /work/ubuntu-ros2-dev/install/ament_index_python/share/ament_index/resource_index/packages
[0.727s] symbolically linking /work/ubuntu-ros2-dev/build/ament_index_python/resource/ament_index_python -> /work/ubuntu-ros2-dev/install/ament_index_python/share/ament_index/resource_index/packages
[0.792s] Invoked command in '/work/ubuntu-ros2-dev/build/ament_index_python' returned '0': AMENT_PREFIX_PATH=/work/ubuntu-ros2-dev/install/ament_copyright:/work/ubuntu-ros2-dev/install/ament_pep257:/work/ubuntu-ros2-dev/install/ament_flake8:/work/ubuntu-ros2-dev/install/ament_lint PATH=/work/ubuntu-ros2-dev/install/ament_copyright/bin:/work/ubuntu-ros2-dev/install/ament_pep257/bin:/work/ubuntu-ros2-dev/install/ament_flake8/bin:${PATH} PYTHONPATH=/work/ubuntu-ros2-dev/build/ament_index_python/prefix_override:/usr/lib/python3/dist-packages/colcon_core/task/python/colcon_distutils_commands:/work/ubuntu-ros2-dev/install/ament_index_python/lib/python3.10/site-packages:/work/ubuntu-ros2-dev/build/ament_copyright:/work/ubuntu-ros2-dev/install/ament_copyright/lib/python3.10/site-packages:/work/ubuntu-ros2-dev/build/ament_pep257:/work/ubuntu-ros2-dev/install/ament_pep257/lib/python3.10/site-packages:/work/ubuntu-ros2-dev/build/ament_flake8:/work/ubuntu-ros2-dev/install/ament_flake8/lib/python3.10/site-packages:/work/ubuntu-ros2-dev/build/ament_lint:/work/ubuntu-ros2-dev/install/ament_lint/lib/python3.10/site-packages /usr/bin/python3 -W ignore:setup.py install is deprecated setup.py develop --editable --build-directory /work/ubuntu-ros2-dev/build/ament_index_python/build --no-deps symlink_data
