-- The C compiler identification is GNU 11.4.0
-- The CXX compiler identification is GNU 11.4.0
-- Detecting C compiler ABI info
-- Detecting C compiler ABI info - done
-- Check for working C compiler: /usr/bin/cc - skipped
-- Detecting C compile features
-- Detecting C compile features - done
-- Detecting CXX compiler ABI info
-- Detecting CXX compiler ABI info - done
-- Check for working CXX compiler: /usr/bin/c++ - skipped
-- Detecting CXX compile features
-- Detecting CXX compile features - done
-- Found ament_cmake: 2.5.2 (/work/ubuntu-ros2-dev/install/ament_cmake/share/ament_cmake/cmake)
-- Found Python3: /usr/bin/python3 (found version "3.10.12") found components: Interpreter 
-- Override CMake install command with custom implementation using symlinks instead of copying resources
-- Found rviz_common: 14.1.5 (/work/ubuntu-ros2-dev/install/rviz_common/share/rviz_common/cmake)
-- Found rosidl_generator_c: 4.6.4 (/work/ubuntu-ros2-dev/install/rosidl_generator_c/share/rosidl_generator_c/cmake)
-- Found rosidl_generator_cpp: 4.6.4 (/work/ubuntu-ros2-dev/install/rosidl_generator_cpp/share/rosidl_generator_cpp/cmake)
-- Using all available rosidl_typesupport_c: rosidl_typesupport_fastrtps_c;rosidl_typesupport_introspection_c
-- Using all available rosidl_typesupport_cpp: rosidl_typesupport_introspection_cpp;rosidl_typesupport_fastrtps_cpp
-- Found rmw_implementation_cmake: 7.3.1 (/work/ubuntu-ros2-dev/install/rmw_implementation_cmake/share/rmw_implementation_cmake/cmake)
-- Found rmw_fastrtps_cpp: 8.4.1 (/work/ubuntu-ros2-dev/install/rmw_fastrtps_cpp/share/rmw_fastrtps_cpp/cmake)
-- Found OpenSSL: /usr/lib/aarch64-linux-gnu/libcrypto.so (found version "3.0.2")  
-- Found FastRTPS: /work/ubuntu-ros2-dev/install/fastrtps/include (Required is at least version "2.13") 
-- Using RMW implementation 'rmw_fastrtps_cpp' as default
-- Setting OGRE_DIR to: '/work/ubuntu-ros2-dev/install/rviz_ogre_vendor/share/rviz_ogre_vendor/cmake/../../../opt/rviz_ogre_vendor/lib/OGRE/cmake'
-- Found OGRE
--   static     : OFF
--   components : MeshLodGenerator;Overlay;Paging;Property;RTShaderSystem;Terrain;Volume
--   plugins    : Plugin_BSPSceneManager;Plugin_OctreeSceneManager;Plugin_PCZSceneManager;Plugin_ParticleFX;RenderSystem_GL;RenderSystem_GL3Plus;Codec_STBI;Codec_EXR
--   media      : /work/ubuntu-ros2-dev/install/rviz_ogre_vendor/opt/rviz_ogre_vendor/share/OGRE/Media
-- OGRE_LIBRARIES: OgreMeshLodGenerator;OgreOverlay;OgrePaging;OgreProperty;OgreRTShaderSystem;OgreTerrain;OgreVolume;OgreMain
-- OGRE_LIBRARY_DIRS: /work/ubuntu-ros2-dev/install/rviz_ogre_vendor/opt/rviz_ogre_vendor/lib
-- OGRE_PLUGINS: Plugin_BSPSceneManager;Plugin_OctreeSceneManager;Plugin_PCZSceneManager;Plugin_ParticleFX;RenderSystem_GL;RenderSystem_GL3Plus;Codec_STBI;Codec_EXR
-- OGRE_PLUGIN_DIR: /work/ubuntu-ros2-dev/install/rviz_ogre_vendor/opt/rviz_ogre_vendor/lib/OGRE
-- rviz_ogre_vendor::OgreOverlay for IMPORTED_LOCATION_RELEASE: /work/ubuntu-ros2-dev/install/rviz_ogre_vendor/opt/rviz_ogre_vendor/lib/libOgreOverlay.so
-- rviz_ogre_vendor::OgreOverlay for IMPORTED_LOCATION_DEBUG: /work/ubuntu-ros2-dev/install/rviz_ogre_vendor/opt/rviz_ogre_vendor/lib/libOgreOverlay.so
-- rviz_ogre_vendor::OgreMain for IMPORTED_LOCATION_RELEASE: /work/ubuntu-ros2-dev/install/rviz_ogre_vendor/opt/rviz_ogre_vendor/lib/libOgreMain.so
-- rviz_ogre_vendor::OgreMain for IMPORTED_LOCATION_DEBUG: /work/ubuntu-ros2-dev/install/rviz_ogre_vendor/opt/rviz_ogre_vendor/lib/libOgreMain.so
-- Could not find freeimage library
-- Found ZLIB: /usr/lib/aarch64-linux-gnu/libz.so (found version "1.2.11") 
-- Found OpenGL: /usr/lib/aarch64-linux-gnu/libOpenGL.so   
-- Found X11: /usr/include   
-- Looking for XOpenDisplay in /usr/lib/aarch64-linux-gnu/libX11.so;/usr/lib/aarch64-linux-gnu/libXext.so
-- Looking for XOpenDisplay in /usr/lib/aarch64-linux-gnu/libX11.so;/usr/lib/aarch64-linux-gnu/libXext.so - found
-- Looking for gethostbyname
-- Looking for gethostbyname - found
-- Looking for connect
-- Looking for connect - found
-- Looking for remove
-- Looking for remove - found
-- Looking for shmat
-- Looking for shmat - found
-- Looking for IceConnectionNumber in ICE
-- Looking for IceConnectionNumber in ICE - found
-- Setting yaml-cpp_DIR to: '/work/ubuntu-ros2-dev/install/yaml_cpp_vendor/share/yaml_cpp_vendor/cmake/../../../opt/yaml_cpp_vendor/share/cmake/yaml-cpp'
-- Found ament_lint_auto: 0.17.1 (/work/ubuntu-ros2-dev/install/ament_lint_auto/share/ament_lint_auto/cmake)
-- Added test 'cppcheck' to perform static code analysis on C / C++ code
-- Configured cppcheck include dirs: 
-- Configured cppcheck exclude dirs and/or files: 
-- Added test 'cpplint' to check C / C++ code against the Google style
-- Configured cpplint exclude dirs and/or files: 
-- Added test 'lint_cmake' to check CMake code style
-- Added test 'uncrustify' to check C / C++ code style
-- Configured uncrustify additional arguments: 
-- Added test 'xmllint' to check XML markup files
-- Configuring done
-- Generating done
-- Build files have been written to: /work/ubuntu-ros2-dev/build/rviz2
[ 50%] [32mBuilding CXX object test/tools/CMakeFiles/send_lots_of_points_node.dir/send_lots_of_points_node.cpp.o[0m
[ 50%] [32mBuilding CXX object CMakeFiles/rviz2.dir/src/main.cpp.o[0m
[ 75%] [32m[1mLinking CXX executable rviz2[0m
[100%] [32m[1mLinking CXX executable send_lots_of_points_node[0m
[100%] Built target send_lots_of_points_node
[100%] Built target rviz2
-- Install configuration: ""
-- Execute custom install script
-- Symlinking: /work/ubuntu-ros2-dev/install/rviz2/bin/rviz2
-- Symlinking: /work/ubuntu-ros2-dev/install/rviz2/lib/rviz2/rviz2
-- Symlinking: /work/ubuntu-ros2-dev/install/rviz2/lib/rviz2/rviz1_to_rviz2.py
-- Symlinking: /work/ubuntu-ros2-dev/install/rviz2/share/ament_index/resource_index/package_run_dependencies/rviz2
-- Symlinking: /work/ubuntu-ros2-dev/install/rviz2/share/ament_index/resource_index/parent_prefix_path/rviz2
-- Symlinking: /work/ubuntu-ros2-dev/install/rviz2/share/rviz2/environment/ament_prefix_path.sh
-- Symlinking: /work/ubuntu-ros2-dev/install/rviz2/share/rviz2/environment/ament_prefix_path.dsv
-- Symlinking: /work/ubuntu-ros2-dev/install/rviz2/share/rviz2/environment/path.sh
-- Symlinking: /work/ubuntu-ros2-dev/install/rviz2/share/rviz2/environment/path.dsv
-- Symlinking: /work/ubuntu-ros2-dev/install/rviz2/share/rviz2/local_setup.bash
-- Symlinking: /work/ubuntu-ros2-dev/install/rviz2/share/rviz2/local_setup.sh
-- Symlinking: /work/ubuntu-ros2-dev/install/rviz2/share/rviz2/local_setup.zsh
-- Symlinking: /work/ubuntu-ros2-dev/install/rviz2/share/rviz2/local_setup.dsv
-- Symlinking: /work/ubuntu-ros2-dev/install/rviz2/share/rviz2/package.dsv
-- Symlinking: /work/ubuntu-ros2-dev/install/rviz2/share/ament_index/resource_index/packages/rviz2
-- Symlinking: /work/ubuntu-ros2-dev/install/rviz2/share/rviz2/cmake/rviz2Config.cmake
-- Symlinking: /work/ubuntu-ros2-dev/install/rviz2/share/rviz2/cmake/rviz2Config-version.cmake
-- Symlinking: /work/ubuntu-ros2-dev/install/rviz2/share/rviz2/package.xml
