-- The C compiler identification is GNU 11.4.0
-- The CXX compiler identification is GNU 11.4.0
-- Detecting C compiler ABI info
-- Detecting C compiler ABI info - done
-- Check for working C compiler: /usr/bin/cc - skipped
-- Detecting C compile features
-- Detecting C compile features - done
-- Detecting CXX compiler ABI info
-- Detecting CXX compiler ABI info - done
-- Check for working CXX compiler: /usr/bin/c++ - skipped
-- Detecting CXX compile features
-- Detecting CXX compile features - done
-- Found ament_cmake: 2.5.2 (/work/ubuntu-ros2-dev/install/ament_cmake/share/ament_cmake/cmake)
-- Found Python3: /usr/bin/python3 (found version "3.10.12") found components: Interpreter 
-- Override CMake install command with custom implementation using symlinks instead of copying resources
-- Found builtin_interfaces: 2.0.2 (/work/ubuntu-ros2-dev/install/builtin_interfaces/share/builtin_interfaces/cmake)
-- Found rosidl_generator_c: 4.6.4 (/work/ubuntu-ros2-dev/install/rosidl_generator_c/share/rosidl_generator_c/cmake)
-- Found rosidl_generator_cpp: 4.6.4 (/work/ubuntu-ros2-dev/install/rosidl_generator_cpp/share/rosidl_generator_cpp/cmake)
-- Using all available rosidl_typesupport_c: rosidl_typesupport_fastrtps_c;rosidl_typesupport_introspection_c
-- Using all available rosidl_typesupport_cpp: rosidl_typesupport_introspection_cpp;rosidl_typesupport_fastrtps_cpp
-- Found rosidl_default_generators: 1.6.0 (/work/ubuntu-ros2-dev/install/rosidl_default_generators/share/rosidl_default_generators/cmake)
-- Found rosidl_adapter: 4.6.4 (/work/ubuntu-ros2-dev/install/rosidl_adapter/share/rosidl_adapter/cmake)
-- Found std_msgs: 5.3.5 (/work/ubuntu-ros2-dev/install/std_msgs/share/std_msgs/cmake)
-- Found ament_cmake_cppcheck: 0.17.1 (/work/ubuntu-ros2-dev/install/ament_cmake_cppcheck/share/ament_cmake_cppcheck/cmake)
-- Found ament_cmake_cpplint: 0.17.1 (/work/ubuntu-ros2-dev/install/ament_cmake_cpplint/share/ament_cmake_cpplint/cmake)
-- Found ament_cmake_uncrustify: 0.17.1 (/work/ubuntu-ros2-dev/install/ament_cmake_uncrustify/share/ament_cmake_uncrustify/cmake)
-- Found ament_cmake_ros: 0.12.0 (/work/ubuntu-ros2-dev/install/ament_cmake_ros/share/ament_cmake_ros/cmake)
-- Using all available rosidl_typesupport_c: rosidl_typesupport_fastrtps_c;rosidl_typesupport_introspection_c
-- Using all available rosidl_typesupport_cpp: rosidl_typesupport_introspection_cpp;rosidl_typesupport_fastrtps_cpp
-- Found python_cmake_module: 0.11.1 (/work/ubuntu-ros2-dev/install/python_cmake_module/share/python_cmake_module/cmake)
-- Found PythonExtra: /usr/bin/python3  
-- Found Python3: /usr/bin/python3 (found version "3.10.12") found components: Interpreter Development NumPy Development.Module Development.Embed 
-- Found ament_cmake_flake8: 0.17.1 (/work/ubuntu-ros2-dev/install/ament_cmake_flake8/share/ament_cmake_flake8/cmake)
-- Found ament_cmake_pep257: 0.17.1 (/work/ubuntu-ros2-dev/install/ament_cmake_pep257/share/ament_cmake_pep257/cmake)
-- Configuring done
-- Generating done
-- Build files have been written to: /work/ubuntu-ros2-dev/build/actionlib_msgs
[  1%] [34m[1mGenerating type hashes for ROS interfaces[0m
[  1%] Built target actionlib_msgs__rosidl_generator_type_description
[  1%] Built target ament_cmake_python_symlink_actionlib_msgs
[  3%] [34m[1mGenerating C code for ROS interfaces[0m
[  5%] [32mBuilding C object CMakeFiles/actionlib_msgs__rosidl_generator_c.dir/rosidl_generator_c/actionlib_msgs/msg/detail/goal_id__description.c.o[0m
[  7%] [32mBuilding C object CMakeFiles/actionlib_msgs__rosidl_generator_c.dir/rosidl_generator_c/actionlib_msgs/msg/detail/goal_status__type_support.c.o[0m
[  9%] [32mBuilding C object CMakeFiles/actionlib_msgs__rosidl_generator_c.dir/rosidl_generator_c/actionlib_msgs/msg/detail/goal_status_array__description.c.o[0m
[ 11%] [32mBuilding C object CMakeFiles/actionlib_msgs__rosidl_generator_c.dir/rosidl_generator_c/actionlib_msgs/msg/detail/goal_status_array__functions.c.o[0m
[ 12%] [32mBuilding C object CMakeFiles/actionlib_msgs__rosidl_generator_c.dir/rosidl_generator_c/actionlib_msgs/msg/detail/goal_status_array__type_support.c.o[0m
[ 14%] [32mBuilding C object CMakeFiles/actionlib_msgs__rosidl_generator_c.dir/rosidl_generator_c/actionlib_msgs/msg/detail/goal_status__functions.c.o[0m
[ 16%] [32mBuilding C object CMakeFiles/actionlib_msgs__rosidl_generator_c.dir/rosidl_generator_c/actionlib_msgs/msg/detail/goal_status__description.c.o[0m
[ 18%] [32mBuilding C object CMakeFiles/actionlib_msgs__rosidl_generator_c.dir/rosidl_generator_c/actionlib_msgs/msg/detail/goal_id__type_support.c.o[0m
[ 20%] [32mBuilding C object CMakeFiles/actionlib_msgs__rosidl_generator_c.dir/rosidl_generator_c/actionlib_msgs/msg/detail/goal_id__functions.c.o[0m
[ 22%] [32m[1mLinking C shared library libactionlib_msgs__rosidl_generator_c.so[0m
[ 22%] Built target actionlib_msgs__rosidl_generator_c
running egg_info
creating actionlib_msgs.egg-info
writing actionlib_msgs.egg-info/PKG-INFO
writing dependency_links to actionlib_msgs.egg-info/dependency_links.txt
writing top-level names to actionlib_msgs.egg-info/top_level.txt
writing manifest file 'actionlib_msgs.egg-info/SOURCES.txt'
reading manifest file 'actionlib_msgs.egg-info/SOURCES.txt'
writing manifest file 'actionlib_msgs.egg-info/SOURCES.txt'
[ 22%] Built target ament_cmake_python_build_actionlib_msgs_egg
[ 24%] [34m[1mGenerating C type support dispatch for ROS interfaces[0m
[ 25%] [32mBuilding CXX object CMakeFiles/actionlib_msgs__rosidl_typesupport_c.dir/rosidl_typesupport_c/actionlib_msgs/msg/goal_id__type_support.cpp.o[0m
[ 27%] [32mBuilding CXX object CMakeFiles/actionlib_msgs__rosidl_typesupport_c.dir/rosidl_typesupport_c/actionlib_msgs/msg/goal_status_array__type_support.cpp.o[0m
[ 29%] [32mBuilding CXX object CMakeFiles/actionlib_msgs__rosidl_typesupport_c.dir/rosidl_typesupport_c/actionlib_msgs/msg/goal_status__type_support.cpp.o[0m
[ 31%] [32m[1mLinking CXX shared library libactionlib_msgs__rosidl_typesupport_c.so[0m
[ 31%] Built target actionlib_msgs__rosidl_typesupport_c
[ 33%] [34m[1mGenerating C introspection for ROS interfaces[0m
[ 35%] [32mBuilding C object CMakeFiles/actionlib_msgs__rosidl_typesupport_introspection_c.dir/rosidl_typesupport_introspection_c/actionlib_msgs/msg/detail/goal_id__type_support.c.o[0m
[ 37%] [32mBuilding C object CMakeFiles/actionlib_msgs__rosidl_typesupport_introspection_c.dir/rosidl_typesupport_introspection_c/actionlib_msgs/msg/detail/goal_status__type_support.c.o[0m
[ 38%] [32mBuilding C object CMakeFiles/actionlib_msgs__rosidl_typesupport_introspection_c.dir/rosidl_typesupport_introspection_c/actionlib_msgs/msg/detail/goal_status_array__type_support.c.o[0m
[ 40%] [32m[1mLinking C shared library libactionlib_msgs__rosidl_typesupport_introspection_c.so[0m
[ 40%] Built target actionlib_msgs__rosidl_typesupport_introspection_c
[ 42%] [34m[1mGenerating C type support for eProsima Fast-RTPS[0m
[ 44%] [34m[1mGenerating C++ code for ROS interfaces[0m
[ 46%] [32mBuilding CXX object CMakeFiles/actionlib_msgs__rosidl_typesupport_fastrtps_c.dir/rosidl_typesupport_fastrtps_c/actionlib_msgs/msg/detail/goal_status__type_support_c.cpp.o[0m
[ 48%] [32mBuilding CXX object CMakeFiles/actionlib_msgs__rosidl_typesupport_fastrtps_c.dir/rosidl_typesupport_fastrtps_c/actionlib_msgs/msg/detail/goal_id__type_support_c.cpp.o[0m
[ 48%] Built target actionlib_msgs__cpp
[ 50%] [34m[1mGenerating C++ type support dispatch for ROS interfaces[0m
[ 51%] [32mBuilding CXX object CMakeFiles/actionlib_msgs__rosidl_typesupport_fastrtps_c.dir/rosidl_typesupport_fastrtps_c/actionlib_msgs/msg/detail/goal_status_array__type_support_c.cpp.o[0m
[ 53%] [32mBuilding CXX object CMakeFiles/actionlib_msgs__rosidl_typesupport_cpp.dir/rosidl_typesupport_cpp/actionlib_msgs/msg/goal_id__type_support.cpp.o[0m
[ 55%] [32mBuilding CXX object CMakeFiles/actionlib_msgs__rosidl_typesupport_cpp.dir/rosidl_typesupport_cpp/actionlib_msgs/msg/goal_status__type_support.cpp.o[0m
[ 57%] [32m[1mLinking CXX shared library libactionlib_msgs__rosidl_typesupport_fastrtps_c.so[0m
[ 57%] Built target actionlib_msgs__rosidl_typesupport_fastrtps_c
[ 59%] [32mBuilding CXX object CMakeFiles/actionlib_msgs__rosidl_typesupport_cpp.dir/rosidl_typesupport_cpp/actionlib_msgs/msg/goal_status_array__type_support.cpp.o[0m
[ 61%] [34m[1mGenerating C++ introspection for ROS interfaces[0m
[ 62%] [32m[1mLinking CXX shared library libactionlib_msgs__rosidl_typesupport_cpp.so[0m
[ 62%] Built target actionlib_msgs__rosidl_typesupport_cpp
[ 64%] [34m[1mGenerating C++ type support for eProsima Fast-RTPS[0m
[ 66%] [32mBuilding CXX object CMakeFiles/actionlib_msgs__rosidl_typesupport_introspection_cpp.dir/rosidl_typesupport_introspection_cpp/actionlib_msgs/msg/detail/goal_id__type_support.cpp.o[0m
[ 68%] [32mBuilding CXX object CMakeFiles/actionlib_msgs__rosidl_typesupport_introspection_cpp.dir/rosidl_typesupport_introspection_cpp/actionlib_msgs/msg/detail/goal_status__type_support.cpp.o[0m
[ 70%] [32mBuilding CXX object CMakeFiles/actionlib_msgs__rosidl_typesupport_introspection_cpp.dir/rosidl_typesupport_introspection_cpp/actionlib_msgs/msg/detail/goal_status_array__type_support.cpp.o[0m
[ 72%] [32m[1mLinking CXX shared library libactionlib_msgs__rosidl_typesupport_introspection_cpp.so[0m
[ 74%] [32mBuilding CXX object CMakeFiles/actionlib_msgs__rosidl_typesupport_fastrtps_cpp.dir/rosidl_typesupport_fastrtps_cpp/actionlib_msgs/msg/detail/dds_fastrtps/goal_id__type_support.cpp.o[0m
[ 75%] [32mBuilding CXX object CMakeFiles/actionlib_msgs__rosidl_typesupport_fastrtps_cpp.dir/rosidl_typesupport_fastrtps_cpp/actionlib_msgs/msg/detail/dds_fastrtps/goal_status__type_support.cpp.o[0m
[ 75%] Built target actionlib_msgs__rosidl_typesupport_introspection_cpp
[ 77%] [32mBuilding CXX object CMakeFiles/actionlib_msgs__rosidl_typesupport_fastrtps_cpp.dir/rosidl_typesupport_fastrtps_cpp/actionlib_msgs/msg/detail/dds_fastrtps/goal_status_array__type_support.cpp.o[0m
[ 79%] [32m[1mLinking CXX shared library libactionlib_msgs__rosidl_typesupport_fastrtps_cpp.so[0m
[ 79%] Built target actionlib_msgs__rosidl_typesupport_fastrtps_cpp
[ 79%] Built target actionlib_msgs
[ 81%] [34m[1mGenerating Python code for ROS interfaces[0m
[ 81%] Built target actionlib_msgs__py
[ 83%] [32mBuilding C object CMakeFiles/actionlib_msgs__rosidl_generator_py.dir/rosidl_generator_py/actionlib_msgs/msg/_goal_id_s.c.o[0m
[ 85%] [32mBuilding C object CMakeFiles/actionlib_msgs__rosidl_generator_py.dir/rosidl_generator_py/actionlib_msgs/msg/_goal_status_array_s.c.o[0m
[ 87%] [32mBuilding C object CMakeFiles/actionlib_msgs__rosidl_generator_py.dir/rosidl_generator_py/actionlib_msgs/msg/_goal_status_s.c.o[0m
[ 88%] [32m[1mLinking C shared library libactionlib_msgs__rosidl_generator_py.so[0m
[ 88%] Built target actionlib_msgs__rosidl_generator_py
[ 90%] [32mBuilding C object CMakeFiles/actionlib_msgs_s__rosidl_typesupport_fastrtps_c.dir/rosidl_generator_py/actionlib_msgs/_actionlib_msgs_s.ep.rosidl_typesupport_fastrtps_c.c.o[0m
[ 92%] [32m[1mLinking C shared module rosidl_generator_py/actionlib_msgs/actionlib_msgs_s__rosidl_typesupport_fastrtps_c.so[0m
[ 92%] Built target actionlib_msgs_s__rosidl_typesupport_fastrtps_c
[ 94%] [32mBuilding C object CMakeFiles/actionlib_msgs_s__rosidl_typesupport_c.dir/rosidl_generator_py/actionlib_msgs/_actionlib_msgs_s.ep.rosidl_typesupport_c.c.o[0m
[ 96%] [32m[1mLinking C shared module rosidl_generator_py/actionlib_msgs/actionlib_msgs_s__rosidl_typesupport_c.so[0m
[ 96%] Built target actionlib_msgs_s__rosidl_typesupport_c
[ 98%] [32mBuilding C object CMakeFiles/actionlib_msgs_s__rosidl_typesupport_introspection_c.dir/rosidl_generator_py/actionlib_msgs/_actionlib_msgs_s.ep.rosidl_typesupport_introspection_c.c.o[0m
[100%] [32m[1mLinking C shared module rosidl_generator_py/actionlib_msgs/actionlib_msgs_s__rosidl_typesupport_introspection_c.so[0m
[100%] Built target actionlib_msgs_s__rosidl_typesupport_introspection_c
-- Install configuration: ""
-- Execute custom install script
-- Symlinking: /work/ubuntu-ros2-dev/install/actionlib_msgs/share/ament_index/resource_index/rosidl_interfaces/actionlib_msgs
-- Symlinking: /work/ubuntu-ros2-dev/install/actionlib_msgs/share/actionlib_msgs/msg/GoalID.json
-- Symlinking: /work/ubuntu-ros2-dev/install/actionlib_msgs/share/actionlib_msgs/msg/GoalStatus.json
-- Symlinking: /work/ubuntu-ros2-dev/install/actionlib_msgs/share/actionlib_msgs/msg/GoalStatusArray.json
-- Symlinking: /work/ubuntu-ros2-dev/install/actionlib_msgs/include/actionlib_msgs/actionlib_msgs/msg/detail/goal_id__functions.h
-- Symlinking: /work/ubuntu-ros2-dev/install/actionlib_msgs/include/actionlib_msgs/actionlib_msgs/msg/detail/goal_id__struct.h
-- Symlinking: /work/ubuntu-ros2-dev/install/actionlib_msgs/include/actionlib_msgs/actionlib_msgs/msg/detail/goal_id__type_support.h
-- Symlinking: /work/ubuntu-ros2-dev/install/actionlib_msgs/include/actionlib_msgs/actionlib_msgs/msg/detail/goal_status__functions.h
-- Symlinking: /work/ubuntu-ros2-dev/install/actionlib_msgs/include/actionlib_msgs/actionlib_msgs/msg/detail/goal_status__struct.h
-- Symlinking: /work/ubuntu-ros2-dev/install/actionlib_msgs/include/actionlib_msgs/actionlib_msgs/msg/detail/goal_status__type_support.h
-- Symlinking: /work/ubuntu-ros2-dev/install/actionlib_msgs/include/actionlib_msgs/actionlib_msgs/msg/detail/goal_status_array__functions.h
-- Symlinking: /work/ubuntu-ros2-dev/install/actionlib_msgs/include/actionlib_msgs/actionlib_msgs/msg/detail/goal_status_array__struct.h
-- Symlinking: /work/ubuntu-ros2-dev/install/actionlib_msgs/include/actionlib_msgs/actionlib_msgs/msg/detail/goal_status_array__type_support.h
-- Symlinking: /work/ubuntu-ros2-dev/install/actionlib_msgs/include/actionlib_msgs/actionlib_msgs/msg/goal_id.h
-- Symlinking: /work/ubuntu-ros2-dev/install/actionlib_msgs/include/actionlib_msgs/actionlib_msgs/msg/goal_status.h
-- Symlinking: /work/ubuntu-ros2-dev/install/actionlib_msgs/include/actionlib_msgs/actionlib_msgs/msg/goal_status_array.h
-- Symlinking: /work/ubuntu-ros2-dev/install/actionlib_msgs/include/actionlib_msgs/actionlib_msgs/msg/rosidl_generator_c__visibility_control.h
-- Symlinking: /work/ubuntu-ros2-dev/install/actionlib_msgs/share/actionlib_msgs/environment/library_path.sh
-- Symlinking: /work/ubuntu-ros2-dev/install/actionlib_msgs/share/actionlib_msgs/environment/library_path.dsv
-- Symlinking: /work/ubuntu-ros2-dev/install/actionlib_msgs/include/actionlib_msgs/actionlib_msgs/msg/detail/goal_id__rosidl_typesupport_fastrtps_c.h
-- Symlinking: /work/ubuntu-ros2-dev/install/actionlib_msgs/include/actionlib_msgs/actionlib_msgs/msg/detail/goal_status__rosidl_typesupport_fastrtps_c.h
-- Symlinking: /work/ubuntu-ros2-dev/install/actionlib_msgs/include/actionlib_msgs/actionlib_msgs/msg/detail/goal_status_array__rosidl_typesupport_fastrtps_c.h
-- Symlinking: /work/ubuntu-ros2-dev/install/actionlib_msgs/include/actionlib_msgs/actionlib_msgs/msg/rosidl_typesupport_fastrtps_c__visibility_control.h
-- Symlinking: /work/ubuntu-ros2-dev/install/actionlib_msgs/include/actionlib_msgs/actionlib_msgs/msg/detail/goal_id__builder.hpp
-- Symlinking: /work/ubuntu-ros2-dev/install/actionlib_msgs/include/actionlib_msgs/actionlib_msgs/msg/detail/goal_id__struct.hpp
-- Symlinking: /work/ubuntu-ros2-dev/install/actionlib_msgs/include/actionlib_msgs/actionlib_msgs/msg/detail/goal_id__traits.hpp
-- Symlinking: /work/ubuntu-ros2-dev/install/actionlib_msgs/include/actionlib_msgs/actionlib_msgs/msg/detail/goal_id__type_support.hpp
-- Symlinking: /work/ubuntu-ros2-dev/install/actionlib_msgs/include/actionlib_msgs/actionlib_msgs/msg/detail/goal_status__builder.hpp
-- Symlinking: /work/ubuntu-ros2-dev/install/actionlib_msgs/include/actionlib_msgs/actionlib_msgs/msg/detail/goal_status__struct.hpp
-- Symlinking: /work/ubuntu-ros2-dev/install/actionlib_msgs/include/actionlib_msgs/actionlib_msgs/msg/detail/goal_status__traits.hpp
-- Symlinking: /work/ubuntu-ros2-dev/install/actionlib_msgs/include/actionlib_msgs/actionlib_msgs/msg/detail/goal_status__type_support.hpp
-- Symlinking: /work/ubuntu-ros2-dev/install/actionlib_msgs/include/actionlib_msgs/actionlib_msgs/msg/detail/goal_status_array__builder.hpp
-- Symlinking: /work/ubuntu-ros2-dev/install/actionlib_msgs/include/actionlib_msgs/actionlib_msgs/msg/detail/goal_status_array__struct.hpp
-- Symlinking: /work/ubuntu-ros2-dev/install/actionlib_msgs/include/actionlib_msgs/actionlib_msgs/msg/detail/goal_status_array__traits.hpp
-- Symlinking: /work/ubuntu-ros2-dev/install/actionlib_msgs/include/actionlib_msgs/actionlib_msgs/msg/detail/goal_status_array__type_support.hpp
-- Symlinking: /work/ubuntu-ros2-dev/install/actionlib_msgs/include/actionlib_msgs/actionlib_msgs/msg/goal_id.hpp
-- Symlinking: /work/ubuntu-ros2-dev/install/actionlib_msgs/include/actionlib_msgs/actionlib_msgs/msg/goal_status.hpp
-- Symlinking: /work/ubuntu-ros2-dev/install/actionlib_msgs/include/actionlib_msgs/actionlib_msgs/msg/goal_status_array.hpp
-- Symlinking: /work/ubuntu-ros2-dev/install/actionlib_msgs/include/actionlib_msgs/actionlib_msgs/msg/rosidl_generator_cpp__visibility_control.hpp
-- Symlinking: /work/ubuntu-ros2-dev/install/actionlib_msgs/include/actionlib_msgs/actionlib_msgs/msg/detail/goal_id__rosidl_typesupport_fastrtps_cpp.hpp
-- Symlinking: /work/ubuntu-ros2-dev/install/actionlib_msgs/include/actionlib_msgs/actionlib_msgs/msg/detail/goal_status__rosidl_typesupport_fastrtps_cpp.hpp
-- Symlinking: /work/ubuntu-ros2-dev/install/actionlib_msgs/include/actionlib_msgs/actionlib_msgs/msg/detail/goal_status_array__rosidl_typesupport_fastrtps_cpp.hpp
-- Symlinking: /work/ubuntu-ros2-dev/install/actionlib_msgs/include/actionlib_msgs/actionlib_msgs/msg/rosidl_typesupport_fastrtps_cpp__visibility_control.h
-- Symlinking: /work/ubuntu-ros2-dev/install/actionlib_msgs/include/actionlib_msgs/actionlib_msgs/msg/detail/goal_id__rosidl_typesupport_introspection_c.h
-- Symlinking: /work/ubuntu-ros2-dev/install/actionlib_msgs/include/actionlib_msgs/actionlib_msgs/msg/detail/goal_status__rosidl_typesupport_introspection_c.h
-- Symlinking: /work/ubuntu-ros2-dev/install/actionlib_msgs/include/actionlib_msgs/actionlib_msgs/msg/detail/goal_status_array__rosidl_typesupport_introspection_c.h
-- Symlinking: /work/ubuntu-ros2-dev/install/actionlib_msgs/include/actionlib_msgs/actionlib_msgs/msg/rosidl_typesupport_introspection_c__visibility_control.h
-- Symlinking: /work/ubuntu-ros2-dev/install/actionlib_msgs/include/actionlib_msgs/actionlib_msgs/msg/detail/goal_id__rosidl_typesupport_introspection_cpp.hpp
-- Symlinking: /work/ubuntu-ros2-dev/install/actionlib_msgs/include/actionlib_msgs/actionlib_msgs/msg/detail/goal_status__rosidl_typesupport_introspection_cpp.hpp
-- Symlinking: /work/ubuntu-ros2-dev/install/actionlib_msgs/include/actionlib_msgs/actionlib_msgs/msg/detail/goal_status_array__rosidl_typesupport_introspection_cpp.hpp
-- Symlinking: /work/ubuntu-ros2-dev/install/actionlib_msgs/share/actionlib_msgs/environment/pythonpath.sh
-- Symlinking: /work/ubuntu-ros2-dev/install/actionlib_msgs/share/actionlib_msgs/environment/pythonpath.dsv
-- Symlinking: /work/ubuntu-ros2-dev/install/actionlib_msgs/lib/python3.10/site-packages/actionlib_msgs-5.3.5-py3.10.egg-info/PKG-INFO
-- Symlinking: /work/ubuntu-ros2-dev/install/actionlib_msgs/lib/python3.10/site-packages/actionlib_msgs-5.3.5-py3.10.egg-info/SOURCES.txt
-- Symlinking: /work/ubuntu-ros2-dev/install/actionlib_msgs/lib/python3.10/site-packages/actionlib_msgs-5.3.5-py3.10.egg-info/dependency_links.txt
-- Symlinking: /work/ubuntu-ros2-dev/install/actionlib_msgs/lib/python3.10/site-packages/actionlib_msgs-5.3.5-py3.10.egg-info/top_level.txt
-- Symlinking: /work/ubuntu-ros2-dev/install/actionlib_msgs/lib/python3.10/site-packages/actionlib_msgs/__init__.py
-- Symlinking: /work/ubuntu-ros2-dev/install/actionlib_msgs/lib/python3.10/site-packages/actionlib_msgs/_actionlib_msgs_s.ep.rosidl_typesupport_c.c
-- Symlinking: /work/ubuntu-ros2-dev/install/actionlib_msgs/lib/python3.10/site-packages/actionlib_msgs/_actionlib_msgs_s.ep.rosidl_typesupport_fastrtps_c.c
-- Symlinking: /work/ubuntu-ros2-dev/install/actionlib_msgs/lib/python3.10/site-packages/actionlib_msgs/_actionlib_msgs_s.ep.rosidl_typesupport_introspection_c.c
-- Symlinking: /work/ubuntu-ros2-dev/install/actionlib_msgs/lib/python3.10/site-packages/actionlib_msgs/actionlib_msgs_s__rosidl_typesupport_c.so
-- Symlinking: /work/ubuntu-ros2-dev/install/actionlib_msgs/lib/python3.10/site-packages/actionlib_msgs/actionlib_msgs_s__rosidl_typesupport_fastrtps_c.so
-- Symlinking: /work/ubuntu-ros2-dev/install/actionlib_msgs/lib/python3.10/site-packages/actionlib_msgs/actionlib_msgs_s__rosidl_typesupport_introspection_c.so
-- Symlinking: /work/ubuntu-ros2-dev/install/actionlib_msgs/lib/python3.10/site-packages/actionlib_msgs/msg/__init__.py
-- Symlinking: /work/ubuntu-ros2-dev/install/actionlib_msgs/lib/python3.10/site-packages/actionlib_msgs/msg/_goal_id.py
-- Symlinking: /work/ubuntu-ros2-dev/install/actionlib_msgs/lib/python3.10/site-packages/actionlib_msgs/msg/_goal_id_s.c
-- Symlinking: /work/ubuntu-ros2-dev/install/actionlib_msgs/lib/python3.10/site-packages/actionlib_msgs/msg/_goal_status.py
-- Symlinking: /work/ubuntu-ros2-dev/install/actionlib_msgs/lib/python3.10/site-packages/actionlib_msgs/msg/_goal_status_array.py
-- Symlinking: /work/ubuntu-ros2-dev/install/actionlib_msgs/lib/python3.10/site-packages/actionlib_msgs/msg/_goal_status_array_s.c
-- Symlinking: /work/ubuntu-ros2-dev/install/actionlib_msgs/lib/python3.10/site-packages/actionlib_msgs/msg/_goal_status_s.c
-- Up-to-date symlink: /work/ubuntu-ros2-dev/install/actionlib_msgs/lib/python3.10/site-packages/actionlib_msgs/actionlib_msgs_s__rosidl_typesupport_fastrtps_c.so
-- Up-to-date symlink: /work/ubuntu-ros2-dev/install/actionlib_msgs/lib/python3.10/site-packages/actionlib_msgs/actionlib_msgs_s__rosidl_typesupport_introspection_c.so
-- Up-to-date symlink: /work/ubuntu-ros2-dev/install/actionlib_msgs/lib/python3.10/site-packages/actionlib_msgs/actionlib_msgs_s__rosidl_typesupport_c.so
-- Symlinking: /work/ubuntu-ros2-dev/install/actionlib_msgs/share/actionlib_msgs/msg/GoalID.idl
-- Symlinking: /work/ubuntu-ros2-dev/install/actionlib_msgs/share/actionlib_msgs/msg/GoalStatus.idl
-- Symlinking: /work/ubuntu-ros2-dev/install/actionlib_msgs/share/actionlib_msgs/msg/GoalStatusArray.idl
-- Symlinking: /work/ubuntu-ros2-dev/install/actionlib_msgs/share/actionlib_msgs/msg/GoalID.msg
-- Symlinking: /work/ubuntu-ros2-dev/install/actionlib_msgs/share/actionlib_msgs/msg/GoalStatus.msg
-- Symlinking: /work/ubuntu-ros2-dev/install/actionlib_msgs/share/actionlib_msgs/msg/GoalStatusArray.msg
-- Symlinking: /work/ubuntu-ros2-dev/install/actionlib_msgs/share/ament_index/resource_index/package_run_dependencies/actionlib_msgs
-- Symlinking: /work/ubuntu-ros2-dev/install/actionlib_msgs/share/ament_index/resource_index/parent_prefix_path/actionlib_msgs
-- Symlinking: /work/ubuntu-ros2-dev/install/actionlib_msgs/share/actionlib_msgs/environment/ament_prefix_path.sh
-- Symlinking: /work/ubuntu-ros2-dev/install/actionlib_msgs/share/actionlib_msgs/environment/ament_prefix_path.dsv
-- Symlinking: /work/ubuntu-ros2-dev/install/actionlib_msgs/share/actionlib_msgs/environment/path.sh
-- Symlinking: /work/ubuntu-ros2-dev/install/actionlib_msgs/share/actionlib_msgs/environment/path.dsv
-- Symlinking: /work/ubuntu-ros2-dev/install/actionlib_msgs/share/actionlib_msgs/local_setup.bash
-- Symlinking: /work/ubuntu-ros2-dev/install/actionlib_msgs/share/actionlib_msgs/local_setup.sh
-- Symlinking: /work/ubuntu-ros2-dev/install/actionlib_msgs/share/actionlib_msgs/local_setup.zsh
-- Symlinking: /work/ubuntu-ros2-dev/install/actionlib_msgs/share/actionlib_msgs/local_setup.dsv
-- Symlinking: /work/ubuntu-ros2-dev/install/actionlib_msgs/share/actionlib_msgs/package.dsv
-- Symlinking: /work/ubuntu-ros2-dev/install/actionlib_msgs/share/ament_index/resource_index/packages/actionlib_msgs
-- Symlinking: /work/ubuntu-ros2-dev/install/actionlib_msgs/share/actionlib_msgs/cmake/rosidl_cmake-extras.cmake
-- Symlinking: /work/ubuntu-ros2-dev/install/actionlib_msgs/share/actionlib_msgs/cmake/ament_cmake_export_dependencies-extras.cmake
-- Symlinking: /work/ubuntu-ros2-dev/install/actionlib_msgs/share/actionlib_msgs/cmake/ament_cmake_export_include_directories-extras.cmake
-- Symlinking: /work/ubuntu-ros2-dev/install/actionlib_msgs/share/actionlib_msgs/cmake/ament_cmake_export_libraries-extras.cmake
-- Symlinking: /work/ubuntu-ros2-dev/install/actionlib_msgs/share/actionlib_msgs/cmake/ament_cmake_export_targets-extras.cmake
-- Symlinking: /work/ubuntu-ros2-dev/install/actionlib_msgs/share/actionlib_msgs/cmake/rosidl_cmake_export_typesupport_targets-extras.cmake
-- Symlinking: /work/ubuntu-ros2-dev/install/actionlib_msgs/share/actionlib_msgs/cmake/rosidl_cmake_export_typesupport_libraries-extras.cmake
-- Symlinking: /work/ubuntu-ros2-dev/install/actionlib_msgs/share/actionlib_msgs/cmake/actionlib_msgsConfig.cmake
-- Symlinking: /work/ubuntu-ros2-dev/install/actionlib_msgs/share/actionlib_msgs/cmake/actionlib_msgsConfig-version.cmake
-- Symlinking: /work/ubuntu-ros2-dev/install/actionlib_msgs/share/actionlib_msgs/package.xml
-- Installing: /work/ubuntu-ros2-dev/install/actionlib_msgs/lib/libactionlib_msgs__rosidl_generator_c.so
-- Set runtime path of "/work/ubuntu-ros2-dev/install/actionlib_msgs/lib/libactionlib_msgs__rosidl_generator_c.so" to ""
-- Installing: /work/ubuntu-ros2-dev/install/actionlib_msgs/lib/libactionlib_msgs__rosidl_typesupport_fastrtps_c.so
-- Set runtime path of "/work/ubuntu-ros2-dev/install/actionlib_msgs/lib/libactionlib_msgs__rosidl_typesupport_fastrtps_c.so" to ""
-- Installing: /work/ubuntu-ros2-dev/install/actionlib_msgs/lib/libactionlib_msgs__rosidl_typesupport_fastrtps_cpp.so
-- Set runtime path of "/work/ubuntu-ros2-dev/install/actionlib_msgs/lib/libactionlib_msgs__rosidl_typesupport_fastrtps_cpp.so" to ""
-- Installing: /work/ubuntu-ros2-dev/install/actionlib_msgs/lib/libactionlib_msgs__rosidl_typesupport_introspection_c.so
-- Set runtime path of "/work/ubuntu-ros2-dev/install/actionlib_msgs/lib/libactionlib_msgs__rosidl_typesupport_introspection_c.so" to ""
-- Installing: /work/ubuntu-ros2-dev/install/actionlib_msgs/lib/libactionlib_msgs__rosidl_typesupport_c.so
-- Set runtime path of "/work/ubuntu-ros2-dev/install/actionlib_msgs/lib/libactionlib_msgs__rosidl_typesupport_c.so" to ""
-- Installing: /work/ubuntu-ros2-dev/install/actionlib_msgs/lib/libactionlib_msgs__rosidl_typesupport_introspection_cpp.so
-- Set runtime path of "/work/ubuntu-ros2-dev/install/actionlib_msgs/lib/libactionlib_msgs__rosidl_typesupport_introspection_cpp.so" to ""
-- Installing: /work/ubuntu-ros2-dev/install/actionlib_msgs/lib/libactionlib_msgs__rosidl_typesupport_cpp.so
-- Set runtime path of "/work/ubuntu-ros2-dev/install/actionlib_msgs/lib/libactionlib_msgs__rosidl_typesupport_cpp.so" to ""
Listing '/work/ubuntu-ros2-dev/install/actionlib_msgs/lib/python3.10/site-packages/actionlib_msgs'...
Compiling '/work/ubuntu-ros2-dev/install/actionlib_msgs/lib/python3.10/site-packages/actionlib_msgs/__init__.py'...
Listing '/work/ubuntu-ros2-dev/install/actionlib_msgs/lib/python3.10/site-packages/actionlib_msgs/msg'...
Compiling '/work/ubuntu-ros2-dev/install/actionlib_msgs/lib/python3.10/site-packages/actionlib_msgs/msg/__init__.py'...
Compiling '/work/ubuntu-ros2-dev/install/actionlib_msgs/lib/python3.10/site-packages/actionlib_msgs/msg/_goal_id.py'...
Compiling '/work/ubuntu-ros2-dev/install/actionlib_msgs/lib/python3.10/site-packages/actionlib_msgs/msg/_goal_status.py'...
Compiling '/work/ubuntu-ros2-dev/install/actionlib_msgs/lib/python3.10/site-packages/actionlib_msgs/msg/_goal_status_array.py'...
-- Installing: /work/ubuntu-ros2-dev/install/actionlib_msgs/lib/libactionlib_msgs__rosidl_generator_py.so
-- Set runtime path of "/work/ubuntu-ros2-dev/install/actionlib_msgs/lib/libactionlib_msgs__rosidl_generator_py.so" to ""
-- Installing: /work/ubuntu-ros2-dev/install/actionlib_msgs/share/actionlib_msgs/cmake/export_actionlib_msgs__rosidl_generator_cExport.cmake
-- Installing: /work/ubuntu-ros2-dev/install/actionlib_msgs/share/actionlib_msgs/cmake/export_actionlib_msgs__rosidl_generator_cExport-noconfig.cmake
-- Installing: /work/ubuntu-ros2-dev/install/actionlib_msgs/share/actionlib_msgs/cmake/export_actionlib_msgs__rosidl_typesupport_fastrtps_cExport.cmake
-- Installing: /work/ubuntu-ros2-dev/install/actionlib_msgs/share/actionlib_msgs/cmake/export_actionlib_msgs__rosidl_typesupport_fastrtps_cExport-noconfig.cmake
-- Installing: /work/ubuntu-ros2-dev/install/actionlib_msgs/share/actionlib_msgs/cmake/export_actionlib_msgs__rosidl_generator_cppExport.cmake
-- Installing: /work/ubuntu-ros2-dev/install/actionlib_msgs/share/actionlib_msgs/cmake/export_actionlib_msgs__rosidl_typesupport_fastrtps_cppExport.cmake
-- Installing: /work/ubuntu-ros2-dev/install/actionlib_msgs/share/actionlib_msgs/cmake/export_actionlib_msgs__rosidl_typesupport_fastrtps_cppExport-noconfig.cmake
-- Installing: /work/ubuntu-ros2-dev/install/actionlib_msgs/share/actionlib_msgs/cmake/actionlib_msgs__rosidl_typesupport_introspection_cExport.cmake
-- Installing: /work/ubuntu-ros2-dev/install/actionlib_msgs/share/actionlib_msgs/cmake/actionlib_msgs__rosidl_typesupport_introspection_cExport-noconfig.cmake
-- Installing: /work/ubuntu-ros2-dev/install/actionlib_msgs/share/actionlib_msgs/cmake/actionlib_msgs__rosidl_typesupport_cExport.cmake
-- Installing: /work/ubuntu-ros2-dev/install/actionlib_msgs/share/actionlib_msgs/cmake/actionlib_msgs__rosidl_typesupport_cExport-noconfig.cmake
-- Installing: /work/ubuntu-ros2-dev/install/actionlib_msgs/share/actionlib_msgs/cmake/actionlib_msgs__rosidl_typesupport_introspection_cppExport.cmake
-- Installing: /work/ubuntu-ros2-dev/install/actionlib_msgs/share/actionlib_msgs/cmake/actionlib_msgs__rosidl_typesupport_introspection_cppExport-noconfig.cmake
-- Installing: /work/ubuntu-ros2-dev/install/actionlib_msgs/share/actionlib_msgs/cmake/actionlib_msgs__rosidl_typesupport_cppExport.cmake
-- Installing: /work/ubuntu-ros2-dev/install/actionlib_msgs/share/actionlib_msgs/cmake/actionlib_msgs__rosidl_typesupport_cppExport-noconfig.cmake
-- Installing: /work/ubuntu-ros2-dev/install/actionlib_msgs/share/actionlib_msgs/cmake/export_actionlib_msgs__rosidl_generator_pyExport.cmake
-- Installing: /work/ubuntu-ros2-dev/install/actionlib_msgs/share/actionlib_msgs/cmake/export_actionlib_msgs__rosidl_generator_pyExport-noconfig.cmake
