-- The C compiler identification is GNU 11.4.0
-- The CXX compiler identification is GNU 11.4.0
-- Detecting C compiler ABI info
-- Detecting C compiler ABI info - done
-- Check for working C compiler: /usr/bin/cc - skipped
-- Detecting C compile features
-- Detecting C compile features - done
-- Detecting CXX compiler ABI info
-- Detecting CXX compiler ABI info - done
-- Check for working CXX compiler: /usr/bin/c++ - skipped
-- Detecting CXX compile features
-- Detecting CXX compile features - done
-- Found ament_cmake: 2.5.2 (/work/ubuntu-ros2-dev/install/ament_cmake/share/ament_cmake/cmake)
-- Found Python3: /usr/bin/python3 (found version "3.10.12") found components: Interpreter 
-- Override CMake install command with custom implementation using symlinks instead of copying resources
-- Found ament_cmake_pytest: 2.5.2 (/work/ubuntu-ros2-dev/install/ament_cmake_pytest/share/ament_cmake_pytest/cmake)
-- Found ament_lint_auto: 0.17.1 (/work/ubuntu-ros2-dev/install/ament_lint_auto/share/ament_lint_auto/cmake)
-- Added test 'flake8' to check Python code syntax and style conventions
-- Configured 'flake8' exclude dirs and/or files: 
-- Added test 'lint_cmake' to check CMake code style
-- Added test 'pep257' to check Python code against some of the docstring style conventions in PEP 257
-- Added test 'xmllint' to check XML markup files
-- Configuring done
-- Generating done
-- Build files have been written to: /work/ubuntu-ros2-dev/build/qt_dotgraph
Built target ament_cmake_python_symlink_qt_dotgraph
running egg_info
creating qt_dotgraph.egg-info
writing qt_dotgraph.egg-info/PKG-INFO
writing dependency_links to qt_dotgraph.egg-info/dependency_links.txt
writing top-level names to qt_dotgraph.egg-info/top_level.txt
writing manifest file 'qt_dotgraph.egg-info/SOURCES.txt'
reading manifest file 'qt_dotgraph.egg-info/SOURCES.txt'
writing manifest file 'qt_dotgraph.egg-info/SOURCES.txt'
Built target ament_cmake_python_build_qt_dotgraph_egg
-- Install configuration: ""
-- Execute custom install script
-- Symlinking: /work/ubuntu-ros2-dev/install/qt_dotgraph/share/qt_dotgraph/environment/pythonpath.sh
-- Symlinking: /work/ubuntu-ros2-dev/install/qt_dotgraph/share/qt_dotgraph/environment/pythonpath.dsv
-- Symlinking: /work/ubuntu-ros2-dev/install/qt_dotgraph/lib/python3.10/site-packages/qt_dotgraph-2.7.4-py3.10.egg-info/PKG-INFO
-- Symlinking: /work/ubuntu-ros2-dev/install/qt_dotgraph/lib/python3.10/site-packages/qt_dotgraph-2.7.4-py3.10.egg-info/SOURCES.txt
-- Symlinking: /work/ubuntu-ros2-dev/install/qt_dotgraph/lib/python3.10/site-packages/qt_dotgraph-2.7.4-py3.10.egg-info/dependency_links.txt
-- Symlinking: /work/ubuntu-ros2-dev/install/qt_dotgraph/lib/python3.10/site-packages/qt_dotgraph-2.7.4-py3.10.egg-info/top_level.txt
-- Symlinking: /work/ubuntu-ros2-dev/install/qt_dotgraph/lib/python3.10/site-packages/qt_dotgraph/__init__.py
-- Symlinking: /work/ubuntu-ros2-dev/install/qt_dotgraph/lib/python3.10/site-packages/qt_dotgraph/colors.py
-- Symlinking: /work/ubuntu-ros2-dev/install/qt_dotgraph/lib/python3.10/site-packages/qt_dotgraph/dot_shapes.py
-- Symlinking: /work/ubuntu-ros2-dev/install/qt_dotgraph/lib/python3.10/site-packages/qt_dotgraph/dot_to_qt.py
-- Symlinking: /work/ubuntu-ros2-dev/install/qt_dotgraph/lib/python3.10/site-packages/qt_dotgraph/edge_item.py
-- Symlinking: /work/ubuntu-ros2-dev/install/qt_dotgraph/lib/python3.10/site-packages/qt_dotgraph/graph_item.py
-- Symlinking: /work/ubuntu-ros2-dev/install/qt_dotgraph/lib/python3.10/site-packages/qt_dotgraph/node_item.py
-- Symlinking: /work/ubuntu-ros2-dev/install/qt_dotgraph/lib/python3.10/site-packages/qt_dotgraph/pydotfactory.py
-- Symlinking: /work/ubuntu-ros2-dev/install/qt_dotgraph/lib/python3.10/site-packages/qt_dotgraph/pygraphvizfactory.py
-- Symlinking: /work/ubuntu-ros2-dev/install/qt_dotgraph/share/ament_index/resource_index/package_run_dependencies/qt_dotgraph
-- Symlinking: /work/ubuntu-ros2-dev/install/qt_dotgraph/share/ament_index/resource_index/parent_prefix_path/qt_dotgraph
-- Symlinking: /work/ubuntu-ros2-dev/install/qt_dotgraph/share/qt_dotgraph/environment/ament_prefix_path.sh
-- Symlinking: /work/ubuntu-ros2-dev/install/qt_dotgraph/share/qt_dotgraph/environment/ament_prefix_path.dsv
-- Symlinking: /work/ubuntu-ros2-dev/install/qt_dotgraph/share/qt_dotgraph/environment/path.sh
-- Symlinking: /work/ubuntu-ros2-dev/install/qt_dotgraph/share/qt_dotgraph/environment/path.dsv
-- Symlinking: /work/ubuntu-ros2-dev/install/qt_dotgraph/share/qt_dotgraph/local_setup.bash
-- Symlinking: /work/ubuntu-ros2-dev/install/qt_dotgraph/share/qt_dotgraph/local_setup.sh
-- Symlinking: /work/ubuntu-ros2-dev/install/qt_dotgraph/share/qt_dotgraph/local_setup.zsh
-- Symlinking: /work/ubuntu-ros2-dev/install/qt_dotgraph/share/qt_dotgraph/local_setup.dsv
-- Symlinking: /work/ubuntu-ros2-dev/install/qt_dotgraph/share/qt_dotgraph/package.dsv
-- Symlinking: /work/ubuntu-ros2-dev/install/qt_dotgraph/share/ament_index/resource_index/packages/qt_dotgraph
-- Symlinking: /work/ubuntu-ros2-dev/install/qt_dotgraph/share/qt_dotgraph/cmake/qt_dotgraphConfig.cmake
-- Symlinking: /work/ubuntu-ros2-dev/install/qt_dotgraph/share/qt_dotgraph/cmake/qt_dotgraphConfig-version.cmake
-- Symlinking: /work/ubuntu-ros2-dev/install/qt_dotgraph/share/qt_dotgraph/package.xml
Listing '/work/ubuntu-ros2-dev/install/qt_dotgraph/lib/python3.10/site-packages/qt_dotgraph'...
Compiling '/work/ubuntu-ros2-dev/install/qt_dotgraph/lib/python3.10/site-packages/qt_dotgraph/__init__.py'...
Compiling '/work/ubuntu-ros2-dev/install/qt_dotgraph/lib/python3.10/site-packages/qt_dotgraph/colors.py'...
Compiling '/work/ubuntu-ros2-dev/install/qt_dotgraph/lib/python3.10/site-packages/qt_dotgraph/dot_shapes.py'...
Compiling '/work/ubuntu-ros2-dev/install/qt_dotgraph/lib/python3.10/site-packages/qt_dotgraph/dot_to_qt.py'...
Compiling '/work/ubuntu-ros2-dev/install/qt_dotgraph/lib/python3.10/site-packages/qt_dotgraph/edge_item.py'...
Compiling '/work/ubuntu-ros2-dev/install/qt_dotgraph/lib/python3.10/site-packages/qt_dotgraph/graph_item.py'...
Compiling '/work/ubuntu-ros2-dev/install/qt_dotgraph/lib/python3.10/site-packages/qt_dotgraph/node_item.py'...
Compiling '/work/ubuntu-ros2-dev/install/qt_dotgraph/lib/python3.10/site-packages/qt_dotgraph/pydotfactory.py'...
Compiling '/work/ubuntu-ros2-dev/install/qt_dotgraph/lib/python3.10/site-packages/qt_dotgraph/pygraphvizfactory.py'...
