-- The C compiler identification is GNU 11.4.0
-- The CXX compiler identification is GNU 11.4.0
-- Detecting C compiler ABI info
-- Detecting C compiler ABI info - done
-- Check for working C compiler: /usr/bin/cc - skipped
-- Detecting C compile features
-- Detecting C compile features - done
-- Detecting CXX compiler ABI info
-- Detecting CXX compiler ABI info - done
-- Check for working CXX compiler: /usr/bin/c++ - skipped
-- Detecting CXX compile features
-- Detecting CXX compile features - done
-- Found ament_cmake: 2.5.2 (/work/ubuntu-ros2-dev/install/ament_cmake/share/ament_cmake/cmake)
-- Found Python3: /usr/bin/python3 (found version "3.10.12") found components: Interpreter 
-- Override CMake install command with custom implementation using symlinks instead of copying resources
-- Found rclcpp: 28.1.5 (/work/ubuntu-ros2-dev/install/rclcpp/share/rclcpp/cmake)
-- Found rosidl_generator_c: 4.6.4 (/work/ubuntu-ros2-dev/install/rosidl_generator_c/share/rosidl_generator_c/cmake)
-- Found rosidl_generator_cpp: 4.6.4 (/work/ubuntu-ros2-dev/install/rosidl_generator_cpp/share/rosidl_generator_cpp/cmake)
-- Using all available rosidl_typesupport_c: rosidl_typesupport_fastrtps_c;rosidl_typesupport_introspection_c
-- Using all available rosidl_typesupport_cpp: rosidl_typesupport_introspection_cpp;rosidl_typesupport_fastrtps_cpp
-- Found rmw_implementation_cmake: 7.3.1 (/work/ubuntu-ros2-dev/install/rmw_implementation_cmake/share/rmw_implementation_cmake/cmake)
-- Found rmw_fastrtps_cpp: 8.4.1 (/work/ubuntu-ros2-dev/install/rmw_fastrtps_cpp/share/rmw_fastrtps_cpp/cmake)
-- Found OpenSSL: /usr/lib/aarch64-linux-gnu/libcrypto.so (found version "3.0.2")  
-- Found FastRTPS: /work/ubuntu-ros2-dev/install/fastrtps/include (Required is at least version "2.13") 
-- Using RMW implementation 'rmw_fastrtps_cpp' as default
-- Found std_msgs: 5.3.5 (/work/ubuntu-ros2-dev/install/std_msgs/share/std_msgs/cmake)
-- Found tlsf: 0.9.0 (/work/ubuntu-ros2-dev/install/tlsf/share/tlsf/cmake)
-- Found ament_lint_auto: 0.17.1 (/work/ubuntu-ros2-dev/install/ament_lint_auto/share/ament_lint_auto/cmake)
-- Found gtest sources under '/work/ubuntu-ros2-dev/install/gtest_vendor/src/gtest_vendor': C++ tests using 'Google Test' will be built
-- Looking for pthread.h
-- Looking for pthread.h - found
-- Performing Test CMAKE_HAVE_LIBC_PTHREAD
-- Performing Test CMAKE_HAVE_LIBC_PTHREAD - Success
-- Found Threads: TRUE  
-- Added test 'copyright' to check source files copyright and LICENSE
-- Added test 'cppcheck' to perform static code analysis on C / C++ code
-- Configured cppcheck include dirs: $<BUILD_INTERFACE:/work/ubuntu-ros2-dev/src/ros2/realtime_support/tlsf_cpp/include>
-- Configured cppcheck exclude dirs and/or files: 
-- Added test 'cpplint' to check C / C++ code against the Google style
-- Configured cpplint exclude dirs and/or files: 
-- Added test 'lint_cmake' to check CMake code style
-- Added test 'uncrustify' to check C / C++ code style
-- Configured uncrustify additional arguments: 
-- Added test 'xmllint' to check XML markup files
-- Configuring done
-- Generating done
-- Build files have been written to: /work/ubuntu-ros2-dev/build/tlsf_cpp
[  8%] [32mBuilding CXX object CMakeFiles/tlsf_allocator_example.dir/example/allocator_example.cpp.o[0m
[ 16%] [32m[1mLinking CXX executable tlsf_allocator_example[0m
[ 16%] Built target tlsf_allocator_example
[ 25%] [32mBuilding CXX object gtest/CMakeFiles/gtest.dir/src/gtest-all.cc.o[0m
[ 33%] [32m[1mLinking CXX static library libgtest.a[0m
[ 33%] Built target gtest
[ 41%] [32mBuilding CXX object gtest/CMakeFiles/gtest_main.dir/src/gtest_main.cc.o[0m
[ 50%] [32m[1mLinking CXX static library libgtest_main.a[0m
[ 50%] Built target gtest_main
[ 58%] [32mBuilding CXX object CMakeFiles/test_tlsf__rmw_cyclonedds_cpp.dir/test/test_tlsf.cpp.o[0m
[ 66%] [32m[1mLinking CXX executable test_tlsf__rmw_cyclonedds_cpp[0m
[ 66%] Built target test_tlsf__rmw_cyclonedds_cpp
[ 75%] [32mBuilding CXX object CMakeFiles/test_tlsf__rmw_fastrtps_dynamic_cpp.dir/test/test_tlsf.cpp.o[0m
[ 83%] [32m[1mLinking CXX executable test_tlsf__rmw_fastrtps_dynamic_cpp[0m
[ 83%] Built target test_tlsf__rmw_fastrtps_dynamic_cpp
[ 91%] [32mBuilding CXX object CMakeFiles/test_tlsf__rmw_fastrtps_cpp.dir/test/test_tlsf.cpp.o[0m
[100%] [32m[1mLinking CXX executable test_tlsf__rmw_fastrtps_cpp[0m
[100%] Built target test_tlsf__rmw_fastrtps_cpp
-- Install configuration: ""
-- Execute custom install script
-- Symlinking: /work/ubuntu-ros2-dev/install/tlsf_cpp/lib/tlsf_cpp/tlsf_allocator_example
-- Symlinking: /work/ubuntu-ros2-dev/install/tlsf_cpp/share/ament_index/resource_index/package_run_dependencies/tlsf_cpp
-- Symlinking: /work/ubuntu-ros2-dev/install/tlsf_cpp/share/ament_index/resource_index/parent_prefix_path/tlsf_cpp
-- Symlinking: /work/ubuntu-ros2-dev/install/tlsf_cpp/share/tlsf_cpp/environment/ament_prefix_path.sh
-- Symlinking: /work/ubuntu-ros2-dev/install/tlsf_cpp/share/tlsf_cpp/environment/ament_prefix_path.dsv
-- Symlinking: /work/ubuntu-ros2-dev/install/tlsf_cpp/share/tlsf_cpp/environment/path.sh
-- Symlinking: /work/ubuntu-ros2-dev/install/tlsf_cpp/share/tlsf_cpp/environment/path.dsv
-- Symlinking: /work/ubuntu-ros2-dev/install/tlsf_cpp/share/tlsf_cpp/local_setup.bash
-- Symlinking: /work/ubuntu-ros2-dev/install/tlsf_cpp/share/tlsf_cpp/local_setup.sh
-- Symlinking: /work/ubuntu-ros2-dev/install/tlsf_cpp/share/tlsf_cpp/local_setup.zsh
-- Symlinking: /work/ubuntu-ros2-dev/install/tlsf_cpp/share/tlsf_cpp/local_setup.dsv
-- Symlinking: /work/ubuntu-ros2-dev/install/tlsf_cpp/share/tlsf_cpp/package.dsv
-- Symlinking: /work/ubuntu-ros2-dev/install/tlsf_cpp/share/ament_index/resource_index/packages/tlsf_cpp
-- Symlinking: /work/ubuntu-ros2-dev/install/tlsf_cpp/share/tlsf_cpp/cmake/ament_cmake_export_targets-extras.cmake
-- Symlinking: /work/ubuntu-ros2-dev/install/tlsf_cpp/share/tlsf_cpp/cmake/ament_cmake_export_dependencies-extras.cmake
-- Symlinking: /work/ubuntu-ros2-dev/install/tlsf_cpp/share/tlsf_cpp/cmake/tlsf_cppConfig.cmake
-- Symlinking: /work/ubuntu-ros2-dev/install/tlsf_cpp/share/tlsf_cpp/cmake/tlsf_cppConfig-version.cmake
-- Symlinking: /work/ubuntu-ros2-dev/install/tlsf_cpp/share/tlsf_cpp/package.xml
-- Symlinking: /work/ubuntu-ros2-dev/install/tlsf_cpp/include/tlsf_cpp/tlsf_cpp/tlsf.hpp
-- Installing: /work/ubuntu-ros2-dev/install/tlsf_cpp/share/tlsf_cpp/cmake/export_tlsf_cppExport.cmake
