-- The C compiler identification is GNU 11.4.0
-- The CXX compiler identification is GNU 11.4.0
-- Detecting C compiler ABI info
-- Detecting C compiler ABI info - done
-- Check for working C compiler: /usr/bin/cc - skipped
-- Detecting C compile features
-- Detecting C compile features - done
-- Detecting CXX compiler ABI info
-- Detecting CXX compiler ABI info - done
-- Check for working CXX compiler: /usr/bin/c++ - skipped
-- Detecting CXX compile features
-- Detecting CXX compile features - done
-- Found ament_cmake_ros: 0.12.0 (/work/ubuntu-ros2-dev/install/ament_cmake_ros/share/ament_cmake_ros/cmake)
-- Found Python3: /usr/bin/python3 (found version "3.10.12") found components: Interpreter 
-- Override CMake install command with custom implementation using symlinks instead of copying resources
-- Found lifecycle_msgs: 2.0.2 (/work/ubuntu-ros2-dev/install/lifecycle_msgs/share/lifecycle_msgs/cmake)
-- Found rosidl_generator_c: 4.6.4 (/work/ubuntu-ros2-dev/install/rosidl_generator_c/share/rosidl_generator_c/cmake)
-- Found rosidl_generator_cpp: 4.6.4 (/work/ubuntu-ros2-dev/install/rosidl_generator_cpp/share/rosidl_generator_cpp/cmake)
-- Using all available rosidl_typesupport_c: rosidl_typesupport_fastrtps_c;rosidl_typesupport_introspection_c
-- Using all available rosidl_typesupport_cpp: rosidl_typesupport_introspection_cpp;rosidl_typesupport_fastrtps_cpp
-- Found rcl: 9.2.4 (/work/ubuntu-ros2-dev/install/rcl/share/rcl/cmake)
-- Found rmw_implementation_cmake: 7.3.1 (/work/ubuntu-ros2-dev/install/rmw_implementation_cmake/share/rmw_implementation_cmake/cmake)
-- Found rmw_fastrtps_cpp: 8.4.1 (/work/ubuntu-ros2-dev/install/rmw_fastrtps_cpp/share/rmw_fastrtps_cpp/cmake)
-- Found OpenSSL: /usr/lib/aarch64-linux-gnu/libcrypto.so (found version "3.0.2")  
-- Found FastRTPS: /work/ubuntu-ros2-dev/install/fastrtps/include (Required is at least version "2.13") 
-- Using RMW implementation 'rmw_fastrtps_cpp' as default
-- Found tracetools: 8.2.2 (/work/ubuntu-ros2-dev/install/tracetools/share/tracetools/cmake)
-- Found ament_lint_auto: 0.17.1 (/work/ubuntu-ros2-dev/install/ament_lint_auto/share/ament_lint_auto/cmake)
-- Found gtest sources under '/work/ubuntu-ros2-dev/install/gtest_vendor/src/gtest_vendor': C++ tests using 'Google Test' will be built
-- Looking for pthread.h
-- Looking for pthread.h - found
-- Performing Test CMAKE_HAVE_LIBC_PTHREAD
-- Performing Test CMAKE_HAVE_LIBC_PTHREAD - Success
-- Found Threads: TRUE  
-- Added test 'copyright' to check source files copyright and LICENSE
-- Added test 'cppcheck' to perform static code analysis on C / C++ code
-- Configured cppcheck include dirs: $<BUILD_INTERFACE:/work/ubuntu-ros2-dev/src/ros2/rcl/rcl_lifecycle/include>
-- Configured cppcheck exclude dirs and/or files: 
-- Added test 'cpplint' to check C / C++ code against the Google style
-- Configured cpplint exclude dirs and/or files: 
-- Added test 'lint_cmake' to check CMake code style
-- Added test 'uncrustify' to check C / C++ code style
-- Configured uncrustify additional arguments: 
-- Added test 'xmllint' to check XML markup files
-- Configuring done
-- Generating done
-- Build files have been written to: /work/ubuntu-ros2-dev/build/rcl_lifecycle
[  5%] [34m[1mGenerating rcl_lifecycle/version.h[0m
[ 11%] [32mBuilding CXX object gtest/CMakeFiles/gtest.dir/src/gtest-all.cc.o[0m
[ 16%] [32mBuilding CXX object gtest/CMakeFiles/gtest_main.dir/src/gtest_main.cc.o[0m
[ 16%] Built target ament_generate_version_header__rcl_lifecycle
[ 22%] [32mBuilding C object CMakeFiles/rcl_lifecycle.dir/src/com_interface.c.o[0m
[ 27%] [32mBuilding C object CMakeFiles/rcl_lifecycle.dir/src/default_state_machine.c.o[0m
[ 33%] [32mBuilding C object CMakeFiles/rcl_lifecycle.dir/src/rcl_lifecycle.c.o[0m
[ 38%] [32mBuilding C object CMakeFiles/rcl_lifecycle.dir/src/transition_map.c.o[0m
[ 44%] [32m[1mLinking C shared library librcl_lifecycle.so[0m
[ 44%] Built target rcl_lifecycle
[ 50%] [32m[1mLinking CXX static library libgtest_main.a[0m
[ 50%] Built target gtest_main
[ 55%] [32m[1mLinking CXX static library libgtest.a[0m
[ 55%] Built target gtest
[ 61%] [32mBuilding CXX object CMakeFiles/test_default_state_machine.dir/test/test_default_state_machine.cpp.o[0m
[ 66%] [32m[1mLinking CXX executable test_default_state_machine[0m
[ 66%] Built target test_default_state_machine
[ 72%] [32mBuilding CXX object CMakeFiles/test_transition_map.dir/test/test_transition_map.cpp.o[0m
[ 77%] [32m[1mLinking CXX executable test_transition_map[0m
[ 77%] Built target test_transition_map
[ 83%] [32mBuilding CXX object CMakeFiles/test_rcl_lifecycle.dir/test/test_rcl_lifecycle.cpp.o[0m
[ 88%] [32m[1mLinking CXX executable test_rcl_lifecycle[0m
[ 88%] Built target test_rcl_lifecycle
[ 94%] [32mBuilding CXX object CMakeFiles/test_multiple_instances.dir/test/test_multiple_instances.cpp.o[0m
[100%] [32m[1mLinking CXX executable test_multiple_instances[0m
[100%] Built target test_multiple_instances
-- Install configuration: ""
-- Execute custom install script
-- Symlinking: /work/ubuntu-ros2-dev/install/rcl_lifecycle/share/rcl_lifecycle/environment/library_path.sh
-- Symlinking: /work/ubuntu-ros2-dev/install/rcl_lifecycle/share/rcl_lifecycle/environment/library_path.dsv
-- Symlinking: /work/ubuntu-ros2-dev/install/rcl_lifecycle/include/rcl_lifecycle/rcl_lifecycle/version.h
-- Symlinking: /work/ubuntu-ros2-dev/install/rcl_lifecycle/share/ament_index/resource_index/package_run_dependencies/rcl_lifecycle
-- Symlinking: /work/ubuntu-ros2-dev/install/rcl_lifecycle/share/ament_index/resource_index/parent_prefix_path/rcl_lifecycle
-- Symlinking: /work/ubuntu-ros2-dev/install/rcl_lifecycle/share/rcl_lifecycle/environment/ament_prefix_path.sh
-- Symlinking: /work/ubuntu-ros2-dev/install/rcl_lifecycle/share/rcl_lifecycle/environment/ament_prefix_path.dsv
-- Symlinking: /work/ubuntu-ros2-dev/install/rcl_lifecycle/share/rcl_lifecycle/environment/path.sh
-- Symlinking: /work/ubuntu-ros2-dev/install/rcl_lifecycle/share/rcl_lifecycle/environment/path.dsv
-- Symlinking: /work/ubuntu-ros2-dev/install/rcl_lifecycle/share/rcl_lifecycle/local_setup.bash
-- Symlinking: /work/ubuntu-ros2-dev/install/rcl_lifecycle/share/rcl_lifecycle/local_setup.sh
-- Symlinking: /work/ubuntu-ros2-dev/install/rcl_lifecycle/share/rcl_lifecycle/local_setup.zsh
-- Symlinking: /work/ubuntu-ros2-dev/install/rcl_lifecycle/share/rcl_lifecycle/local_setup.dsv
-- Symlinking: /work/ubuntu-ros2-dev/install/rcl_lifecycle/share/rcl_lifecycle/package.dsv
-- Symlinking: /work/ubuntu-ros2-dev/install/rcl_lifecycle/share/ament_index/resource_index/packages/rcl_lifecycle
-- Symlinking: /work/ubuntu-ros2-dev/install/rcl_lifecycle/share/rcl_lifecycle/cmake/ament_cmake_export_include_directories-extras.cmake
-- Symlinking: /work/ubuntu-ros2-dev/install/rcl_lifecycle/share/rcl_lifecycle/cmake/ament_cmake_export_libraries-extras.cmake
-- Symlinking: /work/ubuntu-ros2-dev/install/rcl_lifecycle/share/rcl_lifecycle/cmake/ament_cmake_export_targets-extras.cmake
-- Symlinking: /work/ubuntu-ros2-dev/install/rcl_lifecycle/share/rcl_lifecycle/cmake/ament_cmake_export_dependencies-extras.cmake
-- Symlinking: /work/ubuntu-ros2-dev/install/rcl_lifecycle/share/rcl_lifecycle/cmake/rcl_lifecycleConfig.cmake
-- Symlinking: /work/ubuntu-ros2-dev/install/rcl_lifecycle/share/rcl_lifecycle/cmake/rcl_lifecycleConfig-version.cmake
-- Symlinking: /work/ubuntu-ros2-dev/install/rcl_lifecycle/share/rcl_lifecycle/package.xml
-- Symlinking: /work/ubuntu-ros2-dev/install/rcl_lifecycle/include/rcl_lifecycle/rcl_lifecycle/data_types.h
-- Symlinking: /work/ubuntu-ros2-dev/install/rcl_lifecycle/include/rcl_lifecycle/rcl_lifecycle/default_state_machine.h
-- Symlinking: /work/ubuntu-ros2-dev/install/rcl_lifecycle/include/rcl_lifecycle/rcl_lifecycle/rcl_lifecycle.h
-- Symlinking: /work/ubuntu-ros2-dev/install/rcl_lifecycle/include/rcl_lifecycle/rcl_lifecycle/transition_map.h
-- Symlinking: /work/ubuntu-ros2-dev/install/rcl_lifecycle/include/rcl_lifecycle/rcl_lifecycle/visibility_control.h
-- Installing: /work/ubuntu-ros2-dev/install/rcl_lifecycle/lib/librcl_lifecycle.so
-- Set runtime path of "/work/ubuntu-ros2-dev/install/rcl_lifecycle/lib/librcl_lifecycle.so" to ""
-- Installing: /work/ubuntu-ros2-dev/install/rcl_lifecycle/share/rcl_lifecycle/cmake/rcl_lifecycleExport.cmake
-- Installing: /work/ubuntu-ros2-dev/install/rcl_lifecycle/share/rcl_lifecycle/cmake/rcl_lifecycleExport-noconfig.cmake
