-- The C compiler identification is GNU 11.4.0
-- The CXX compiler identification is GNU 11.4.0
-- Detecting C compiler ABI info
-- Detecting C compiler ABI info - done
-- Check for working C compiler: /usr/bin/cc - skipped
-- Detecting C compile features
-- Detecting C compile features - done
-- Detecting CXX compiler ABI info
-- Detecting CXX compiler ABI info - done
-- Check for working CXX compiler: /usr/bin/c++ - skipped
-- Detecting CXX compile features
-- Detecting CXX compile features - done
-- Found ament_cmake_ros: 0.12.0 (/work/ubuntu-ros2-dev/install/ament_cmake_ros/share/ament_cmake_ros/cmake)
-- Found Python3: /usr/bin/python3 (found version "3.10.12") found components: Interpreter 
-- Override CMake install command with custom implementation using symlinks instead of copying resources
-- Found rcutils: 6.7.2 (/work/ubuntu-ros2-dev/install/rcutils/share/rcutils/cmake)
-- Found rcpputils: 2.11.0 (/work/ubuntu-ros2-dev/install/rcpputils/share/rcpputils/cmake)
-- Found rosidl_runtime_c: 4.6.4 (/work/ubuntu-ros2-dev/install/rosidl_runtime_c/share/rosidl_runtime_c/cmake)
-- Found rosidl_typesupport_c: 3.2.2 (/work/ubuntu-ros2-dev/install/rosidl_typesupport_c/share/rosidl_typesupport_c/cmake)
-- Using all available rosidl_typesupport_c: rosidl_typesupport_fastrtps_c;rosidl_typesupport_introspection_c
-- Found ament_lint_auto: 0.17.1 (/work/ubuntu-ros2-dev/install/ament_lint_auto/share/ament_lint_auto/cmake)
-- Found gtest sources under '/work/ubuntu-ros2-dev/install/gtest_vendor/src/gtest_vendor': C++ tests using 'Google Test' will be built
-- Found Threads: TRUE  
-- Performance tests are disabled by default, so Google Benchmark tests will be skipped. To enable these tests, set the CMake variable 'AMENT_RUN_PERFORMANCE_TESTS'.
-- Added test 'copyright' to check source files copyright and LICENSE
-- Added test 'cppcheck' to perform static code analysis on C / C++ code
-- Configured cppcheck include dirs: /work/ubuntu-ros2-dev/install/performance_test_fixture/include;$<BUILD_INTERFACE:/work/ubuntu-ros2-dev/src/ros2/rosidl_typesupport/rosidl_typesupport_cpp/include>
-- Configured cppcheck exclude dirs and/or files: 
-- Added test 'cpplint' to check C / C++ code against the Google style
-- Configured cpplint exclude dirs and/or files: 
-- Added test 'flake8' to check Python code syntax and style conventions
-- Configured 'flake8' exclude dirs and/or files: 
-- Added test 'lint_cmake' to check CMake code style
-- Added test 'pep257' to check Python code against some of the docstring style conventions in PEP 257
-- Added test 'uncrustify' to check C / C++ code style
-- Configured uncrustify additional arguments: 
-- Added test 'xmllint' to check XML markup files
-- Configuring done
-- Generating done
-- Build files have been written to: /work/ubuntu-ros2-dev/build/rosidl_typesupport_cpp
[  0%] Built target ament_cmake_python_symlink_rosidl_typesupport_cpp_setup
[  5%] [32mBuilding CXX object gtest/CMakeFiles/gtest.dir/src/gtest-all.cc.o[0m
[ 11%] [32m[1mLinking CXX static library libgtest.a[0m
[ 11%] Built target gtest
[ 16%] [32mBuilding CXX object gtest/CMakeFiles/gtest_main.dir/src/gtest_main.cc.o[0m
[ 22%] [32m[1mLinking CXX static library libgtest_main.a[0m
[ 22%] Built target gtest_main
[ 27%] [32mBuilding CXX object CMakeFiles/rosidl_typesupport_cpp.dir/src/identifier.cpp.o[0m
[ 33%] [32mBuilding CXX object CMakeFiles/rosidl_typesupport_cpp.dir/src/message_type_support_dispatch.cpp.o[0m
[ 38%] [32mBuilding CXX object CMakeFiles/rosidl_typesupport_cpp.dir/src/service_type_support_dispatch.cpp.o[0m
[ 44%] [32m[1mLinking CXX shared library librosidl_typesupport_cpp.so[0m
[ 44%] Built target rosidl_typesupport_cpp
[ 50%] [32mBuilding CXX object CMakeFiles/rosidl_typesupport_cpp__test_type_support1.dir/test/test_type_support.cpp.o[0m
[ 50%] Built target ament_cmake_python_symlink_rosidl_typesupport_cpp
[ 55%] [32m[1mLinking CXX shared library librosidl_typesupport_cpp__test_type_support1.so[0m
[ 61%] [32mBuilding CXX object CMakeFiles/benchmark_type_support_dispatch.dir/test/benchmark/benchmark_type_support_dispatch.cpp.o[0m
[ 61%] Built target rosidl_typesupport_cpp__test_type_support1
running egg_info
creating rosidl_typesupport_cpp.egg-info
writing rosidl_typesupport_cpp.egg-info/PKG-INFO
writing dependency_links to rosidl_typesupport_cpp.egg-info/dependency_links.txt
writing entry points to rosidl_typesupport_cpp.egg-info/entry_points.txt
writing top-level names to rosidl_typesupport_cpp.egg-info/top_level.txt
writing manifest file 'rosidl_typesupport_cpp.egg-info/SOURCES.txt'
reading manifest file 'rosidl_typesupport_cpp.egg-info/SOURCES.txt'
writing manifest file 'rosidl_typesupport_cpp.egg-info/SOURCES.txt'
[ 61%] Built target ament_cmake_python_build_rosidl_typesupport_cpp_egg
[ 66%] [32mBuilding CXX object CMakeFiles/test_service_type_support.dir/test/test_service_type_support_dispatch.cpp.o[0m
[ 72%] [32m[1mLinking CXX executable benchmark_type_support_dispatch[0m
[ 72%] Built target benchmark_type_support_dispatch
[ 77%] [32mBuilding CXX object CMakeFiles/test_message_type_support.dir/test/test_message_type_support_dispatch.cpp.o[0m
[ 83%] [32m[1mLinking CXX executable test_service_type_support[0m
[ 83%] Built target test_service_type_support
[ 88%] [32mBuilding CXX object CMakeFiles/rosidl_typesupport_cpp__test_type_support2.dir/test/test_type_support.cpp.o[0m
[ 94%] [32m[1mLinking CXX shared library librosidl_typesupport_cpp__test_type_support2.so[0m
[ 94%] Built target rosidl_typesupport_cpp__test_type_support2
[100%] [32m[1mLinking CXX executable test_message_type_support[0m
[100%] Built target test_message_type_support
-- Install configuration: ""
-- Execute custom install script
-- Symlinking: /work/ubuntu-ros2-dev/install/rosidl_typesupport_cpp/share/rosidl_typesupport_cpp/environment/pythonpath.sh
-- Symlinking: /work/ubuntu-ros2-dev/install/rosidl_typesupport_cpp/share/rosidl_typesupport_cpp/environment/pythonpath.dsv
-- Symlinking: /work/ubuntu-ros2-dev/install/rosidl_typesupport_cpp/lib/python3.10/site-packages/rosidl_typesupport_cpp-3.2.2-py3.10.egg-info/PKG-INFO
-- Symlinking: /work/ubuntu-ros2-dev/install/rosidl_typesupport_cpp/lib/python3.10/site-packages/rosidl_typesupport_cpp-3.2.2-py3.10.egg-info/SOURCES.txt
-- Symlinking: /work/ubuntu-ros2-dev/install/rosidl_typesupport_cpp/lib/python3.10/site-packages/rosidl_typesupport_cpp-3.2.2-py3.10.egg-info/dependency_links.txt
-- Symlinking: /work/ubuntu-ros2-dev/install/rosidl_typesupport_cpp/lib/python3.10/site-packages/rosidl_typesupport_cpp-3.2.2-py3.10.egg-info/entry_points.txt
-- Symlinking: /work/ubuntu-ros2-dev/install/rosidl_typesupport_cpp/lib/python3.10/site-packages/rosidl_typesupport_cpp-3.2.2-py3.10.egg-info/top_level.txt
-- Symlinking: /work/ubuntu-ros2-dev/install/rosidl_typesupport_cpp/lib/python3.10/site-packages/rosidl_typesupport_cpp/__init__.py
-- Symlinking: /work/ubuntu-ros2-dev/install/rosidl_typesupport_cpp/lib/python3.10/site-packages/rosidl_typesupport_cpp/cli.py
-- Symlinking: /work/ubuntu-ros2-dev/install/rosidl_typesupport_cpp/share/rosidl_typesupport_cpp/environment/library_path.sh
-- Symlinking: /work/ubuntu-ros2-dev/install/rosidl_typesupport_cpp/share/rosidl_typesupport_cpp/environment/library_path.dsv
-- Symlinking: /work/ubuntu-ros2-dev/install/rosidl_typesupport_cpp/share/ament_index/resource_index/rosidl_runtime_packages/rosidl_typesupport_cpp
-- Symlinking: /work/ubuntu-ros2-dev/install/rosidl_typesupport_cpp/share/ament_index/resource_index/package_run_dependencies/rosidl_typesupport_cpp
-- Symlinking: /work/ubuntu-ros2-dev/install/rosidl_typesupport_cpp/share/ament_index/resource_index/parent_prefix_path/rosidl_typesupport_cpp
-- Symlinking: /work/ubuntu-ros2-dev/install/rosidl_typesupport_cpp/share/rosidl_typesupport_cpp/environment/ament_prefix_path.sh
-- Symlinking: /work/ubuntu-ros2-dev/install/rosidl_typesupport_cpp/share/rosidl_typesupport_cpp/environment/ament_prefix_path.dsv
-- Symlinking: /work/ubuntu-ros2-dev/install/rosidl_typesupport_cpp/share/rosidl_typesupport_cpp/environment/path.sh
-- Symlinking: /work/ubuntu-ros2-dev/install/rosidl_typesupport_cpp/share/rosidl_typesupport_cpp/environment/path.dsv
-- Symlinking: /work/ubuntu-ros2-dev/install/rosidl_typesupport_cpp/share/rosidl_typesupport_cpp/local_setup.bash
-- Symlinking: /work/ubuntu-ros2-dev/install/rosidl_typesupport_cpp/share/rosidl_typesupport_cpp/local_setup.sh
-- Symlinking: /work/ubuntu-ros2-dev/install/rosidl_typesupport_cpp/share/rosidl_typesupport_cpp/local_setup.zsh
-- Symlinking: /work/ubuntu-ros2-dev/install/rosidl_typesupport_cpp/share/rosidl_typesupport_cpp/local_setup.dsv
-- Symlinking: /work/ubuntu-ros2-dev/install/rosidl_typesupport_cpp/share/rosidl_typesupport_cpp/package.dsv
-- Symlinking: /work/ubuntu-ros2-dev/install/rosidl_typesupport_cpp/share/ament_index/resource_index/packages/rosidl_typesupport_cpp
-- Symlinking: /work/ubuntu-ros2-dev/install/rosidl_typesupport_cpp/share/rosidl_typesupport_cpp/cmake/rosidl_typesupport_cpp-extras.cmake
-- Symlinking: /work/ubuntu-ros2-dev/install/rosidl_typesupport_cpp/share/rosidl_typesupport_cpp/cmake/ament_cmake_export_dependencies-extras.cmake
-- Symlinking: /work/ubuntu-ros2-dev/install/rosidl_typesupport_cpp/share/rosidl_typesupport_cpp/cmake/ament_cmake_export_include_directories-extras.cmake
-- Symlinking: /work/ubuntu-ros2-dev/install/rosidl_typesupport_cpp/share/rosidl_typesupport_cpp/cmake/ament_cmake_export_libraries-extras.cmake
-- Symlinking: /work/ubuntu-ros2-dev/install/rosidl_typesupport_cpp/share/rosidl_typesupport_cpp/cmake/ament_cmake_export_targets-extras.cmake
-- Symlinking: /work/ubuntu-ros2-dev/install/rosidl_typesupport_cpp/share/rosidl_typesupport_cpp/cmake/rosidl_typesupport_cppConfig.cmake
-- Symlinking: /work/ubuntu-ros2-dev/install/rosidl_typesupport_cpp/share/rosidl_typesupport_cpp/cmake/rosidl_typesupport_cppConfig-version.cmake
-- Symlinking: /work/ubuntu-ros2-dev/install/rosidl_typesupport_cpp/share/rosidl_typesupport_cpp/package.xml
-- Symlinking: /work/ubuntu-ros2-dev/install/rosidl_typesupport_cpp/lib/rosidl_typesupport_cpp/rosidl_typesupport_cpp
-- Symlinking: /work/ubuntu-ros2-dev/install/rosidl_typesupport_cpp/share/rosidl_typesupport_cpp/cmake/rosidl_typesupport_cpp_generate_interfaces.cmake
-- Symlinking: /work/ubuntu-ros2-dev/install/rosidl_typesupport_cpp/share/rosidl_typesupport_cpp/resource/action__type_support.cpp.em
-- Symlinking: /work/ubuntu-ros2-dev/install/rosidl_typesupport_cpp/share/rosidl_typesupport_cpp/resource/idl__type_support.cpp.em
-- Symlinking: /work/ubuntu-ros2-dev/install/rosidl_typesupport_cpp/share/rosidl_typesupport_cpp/resource/msg__type_support.cpp.em
-- Symlinking: /work/ubuntu-ros2-dev/install/rosidl_typesupport_cpp/share/rosidl_typesupport_cpp/resource/srv__type_support.cpp.em
-- Symlinking: /work/ubuntu-ros2-dev/install/rosidl_typesupport_cpp/include/rosidl_typesupport_cpp/rosidl_typesupport_cpp/identifier.hpp
-- Symlinking: /work/ubuntu-ros2-dev/install/rosidl_typesupport_cpp/include/rosidl_typesupport_cpp/rosidl_typesupport_cpp/message_type_support_dispatch.hpp
-- Symlinking: /work/ubuntu-ros2-dev/install/rosidl_typesupport_cpp/include/rosidl_typesupport_cpp/rosidl_typesupport_cpp/service_type_support_dispatch.hpp
-- Symlinking: /work/ubuntu-ros2-dev/install/rosidl_typesupport_cpp/include/rosidl_typesupport_cpp/rosidl_typesupport_cpp/type_support_map.h
-- Symlinking: /work/ubuntu-ros2-dev/install/rosidl_typesupport_cpp/include/rosidl_typesupport_cpp/rosidl_typesupport_cpp/visibility_control.h
Listing '/work/ubuntu-ros2-dev/install/rosidl_typesupport_cpp/lib/python3.10/site-packages/rosidl_typesupport_cpp'...
Compiling '/work/ubuntu-ros2-dev/install/rosidl_typesupport_cpp/lib/python3.10/site-packages/rosidl_typesupport_cpp/__init__.py'...
Compiling '/work/ubuntu-ros2-dev/install/rosidl_typesupport_cpp/lib/python3.10/site-packages/rosidl_typesupport_cpp/cli.py'...
-- Installing: /work/ubuntu-ros2-dev/install/rosidl_typesupport_cpp/share/rosidl_typesupport_cpp/cmake/rosidl_typesupport_cppExport.cmake
-- Installing: /work/ubuntu-ros2-dev/install/rosidl_typesupport_cpp/share/rosidl_typesupport_cpp/cmake/rosidl_typesupport_cppExport-noconfig.cmake
-- Installing: /work/ubuntu-ros2-dev/install/rosidl_typesupport_cpp/lib/librosidl_typesupport_cpp.so
-- Set runtime path of "/work/ubuntu-ros2-dev/install/rosidl_typesupport_cpp/lib/librosidl_typesupport_cpp.so" to ""
