-- The C compiler identification is GNU 11.4.0
-- The CXX compiler identification is GNU 11.4.0
-- Detecting C compiler ABI info
-- Detecting C compiler ABI info - done
-- Check for working C compiler: /usr/bin/cc - skipped
-- Detecting C compile features
-- Detecting C compile features - done
-- Detecting CXX compiler ABI info
-- Detecting CXX compiler ABI info - done
-- Check for working CXX compiler: /usr/bin/c++ - skipped
-- Detecting CXX compile features
-- Detecting CXX compile features - done
-- Found ament_cmake: 2.5.2 (/work/ubuntu-ros2-dev/install/ament_cmake/share/ament_cmake/cmake)
-- Found Python3: /usr/bin/python3 (found version "3.10.12") found components: Interpreter 
-- Override CMake install command with custom implementation using symlinks instead of copying resources
-- Found ament_cmake_ros: 0.12.0 (/work/ubuntu-ros2-dev/install/ament_cmake_ros/share/ament_cmake_ros/cmake)
-- Found point_cloud_transport: 4.0.2 (/work/ubuntu-ros2-dev/install/point_cloud_transport/share/point_cloud_transport/cmake)
-- Found rosidl_generator_c: 4.6.4 (/work/ubuntu-ros2-dev/install/rosidl_generator_c/share/rosidl_generator_c/cmake)
-- Found rosidl_generator_cpp: 4.6.4 (/work/ubuntu-ros2-dev/install/rosidl_generator_cpp/share/rosidl_generator_cpp/cmake)
-- Using all available rosidl_typesupport_c: rosidl_typesupport_fastrtps_c;rosidl_typesupport_introspection_c
-- Using all available rosidl_typesupport_cpp: rosidl_typesupport_introspection_cpp;rosidl_typesupport_fastrtps_cpp
-- Found rmw_implementation_cmake: 7.3.1 (/work/ubuntu-ros2-dev/install/rmw_implementation_cmake/share/rmw_implementation_cmake/cmake)
-- Found rmw_fastrtps_cpp: 8.4.1 (/work/ubuntu-ros2-dev/install/rmw_fastrtps_cpp/share/rmw_fastrtps_cpp/cmake)
-- Found OpenSSL: /usr/lib/aarch64-linux-gnu/libcrypto.so (found version "3.0.2")  
-- Found FastRTPS: /work/ubuntu-ros2-dev/install/fastrtps/include (Required is at least version "2.13") 
-- Using RMW implementation 'rmw_fastrtps_cpp' as default
-- Found Python3: /usr/bin/python3 (found version "3.10.12") found components: Interpreter Development Development.Module Development.Embed 
-- Found pybind11_vendor: 3.1.2 (/work/ubuntu-ros2-dev/install/pybind11_vendor/share/pybind11_vendor/cmake)
-- Performing Test HAS_FLTO
-- Performing Test HAS_FLTO - Success
-- Found pybind11: /usr/include (found version "2.9.1")
-- Configuring done
-- Generating done
-- Build files have been written to: /work/ubuntu-ros2-dev/build/point_cloud_transport_py
[  0%] Built target ament_cmake_python_symlink_point_cloud_transport_py
[ 25%] [32mBuilding CXX object CMakeFiles/_codec.dir/src/point_cloud_transport_py/pybind_codec.cpp.o[0m
[ 50%] [32m[1mLinking CXX shared library _codec.cpython-310-aarch64-linux-gnu.so[0m
[ 50%] Built target _codec
running egg_info
creating point_cloud_transport_py.egg-info
writing point_cloud_transport_py.egg-info/PKG-INFO
writing dependency_links to point_cloud_transport_py.egg-info/dependency_links.txt
writing top-level names to point_cloud_transport_py.egg-info/top_level.txt
writing manifest file 'point_cloud_transport_py.egg-info/SOURCES.txt'
reading manifest file 'point_cloud_transport_py.egg-info/SOURCES.txt'
writing manifest file 'point_cloud_transport_py.egg-info/SOURCES.txt'
[ 50%] Built target ament_cmake_python_build_point_cloud_transport_py_egg
[ 75%] [32mBuilding CXX object CMakeFiles/_point_cloud_transport.dir/src/point_cloud_transport_py/pybind_point_cloud_transport.cpp.o[0m
[100%] [32m[1mLinking CXX shared library _point_cloud_transport.cpython-310-aarch64-linux-gnu.so[0m
[100%] Built target _point_cloud_transport
-- Install configuration: ""
-- Execute custom install script
-- Symlinking: /work/ubuntu-ros2-dev/install/point_cloud_transport_py/share/point_cloud_transport_py/environment/pythonpath.sh
-- Symlinking: /work/ubuntu-ros2-dev/install/point_cloud_transport_py/share/point_cloud_transport_py/environment/pythonpath.dsv
-- Symlinking: /work/ubuntu-ros2-dev/install/point_cloud_transport_py/lib/python3.10/site-packages/point_cloud_transport_py-4.0.2-py3.10.egg-info/PKG-INFO
-- Symlinking: /work/ubuntu-ros2-dev/install/point_cloud_transport_py/lib/python3.10/site-packages/point_cloud_transport_py-4.0.2-py3.10.egg-info/SOURCES.txt
-- Symlinking: /work/ubuntu-ros2-dev/install/point_cloud_transport_py/lib/python3.10/site-packages/point_cloud_transport_py-4.0.2-py3.10.egg-info/dependency_links.txt
-- Symlinking: /work/ubuntu-ros2-dev/install/point_cloud_transport_py/lib/python3.10/site-packages/point_cloud_transport_py-4.0.2-py3.10.egg-info/top_level.txt
-- Symlinking: /work/ubuntu-ros2-dev/install/point_cloud_transport_py/lib/python3.10/site-packages/point_cloud_transport_py/__init__.py
-- Symlinking: /work/ubuntu-ros2-dev/install/point_cloud_transport_py/lib/python3.10/site-packages/point_cloud_transport_py/common.py
-- Symlinking: /work/ubuntu-ros2-dev/install/point_cloud_transport_py/lib/python3.10/site-packages/point_cloud_transport_py/_point_cloud_transport.cpython-310-aarch64-linux-gnu.so
-- Symlinking: /work/ubuntu-ros2-dev/install/point_cloud_transport_py/lib/python3.10/site-packages/point_cloud_transport_py/_codec.cpython-310-aarch64-linux-gnu.so
-- Symlinking: /work/ubuntu-ros2-dev/install/point_cloud_transport_py/share/ament_index/resource_index/package_run_dependencies/point_cloud_transport_py
-- Symlinking: /work/ubuntu-ros2-dev/install/point_cloud_transport_py/share/ament_index/resource_index/parent_prefix_path/point_cloud_transport_py
-- Symlinking: /work/ubuntu-ros2-dev/install/point_cloud_transport_py/share/point_cloud_transport_py/environment/ament_prefix_path.sh
-- Symlinking: /work/ubuntu-ros2-dev/install/point_cloud_transport_py/share/point_cloud_transport_py/environment/ament_prefix_path.dsv
-- Symlinking: /work/ubuntu-ros2-dev/install/point_cloud_transport_py/share/point_cloud_transport_py/environment/path.sh
-- Symlinking: /work/ubuntu-ros2-dev/install/point_cloud_transport_py/share/point_cloud_transport_py/environment/path.dsv
-- Symlinking: /work/ubuntu-ros2-dev/install/point_cloud_transport_py/share/point_cloud_transport_py/local_setup.bash
-- Symlinking: /work/ubuntu-ros2-dev/install/point_cloud_transport_py/share/point_cloud_transport_py/local_setup.sh
-- Symlinking: /work/ubuntu-ros2-dev/install/point_cloud_transport_py/share/point_cloud_transport_py/local_setup.zsh
-- Symlinking: /work/ubuntu-ros2-dev/install/point_cloud_transport_py/share/point_cloud_transport_py/local_setup.dsv
-- Symlinking: /work/ubuntu-ros2-dev/install/point_cloud_transport_py/share/point_cloud_transport_py/package.dsv
-- Symlinking: /work/ubuntu-ros2-dev/install/point_cloud_transport_py/share/ament_index/resource_index/packages/point_cloud_transport_py
-- Symlinking: /work/ubuntu-ros2-dev/install/point_cloud_transport_py/share/point_cloud_transport_py/cmake/point_cloud_transport_pyConfig.cmake
-- Symlinking: /work/ubuntu-ros2-dev/install/point_cloud_transport_py/share/point_cloud_transport_py/cmake/point_cloud_transport_pyConfig-version.cmake
-- Symlinking: /work/ubuntu-ros2-dev/install/point_cloud_transport_py/share/point_cloud_transport_py/package.xml
Listing '/work/ubuntu-ros2-dev/install/point_cloud_transport_py/lib/python3.10/site-packages/point_cloud_transport_py'...
Compiling '/work/ubuntu-ros2-dev/install/point_cloud_transport_py/lib/python3.10/site-packages/point_cloud_transport_py/__init__.py'...
Compiling '/work/ubuntu-ros2-dev/install/point_cloud_transport_py/lib/python3.10/site-packages/point_cloud_transport_py/common.py'...
