[0.108s] Invoking command in '/work/ubuntu-ros2-dev/build/ament_cmake_export_include_directories': AMENT_PREFIX_PATH=/work/ubuntu-ros2-dev/install/ament_cmake_core:/work/ubuntu-ros2-dev/install/ament_package CMAKE_PREFIX_PATH=/work/ubuntu-ros2-dev/install/ament_cmake_core PYTHONPATH=/work/ubuntu-ros2-dev/build/ament_package:/work/ubuntu-ros2-dev/install/ament_package/lib/python3.10/site-packages /usr/bin/cmake /work/ubuntu-ros2-dev/src/ament/ament_cmake/ament_cmake_export_include_directories -DAMENT_CMAKE_SYMLINK_INSTALL=1 -DCMAKE_INSTALL_PREFIX=/work/ubuntu-ros2-dev/install/ament_cmake_export_include_directories
[0.119s] -- Found ament_cmake_core: 2.5.2 (/work/ubuntu-ros2-dev/install/ament_cmake_core/share/ament_cmake_core/cmake)
[0.198s] -- Found Python3: /usr/bin/python3 (found version "3.10.12") found components: Interpreter 
[0.227s] -- Override CMake install command with custom implementation using symlinks instead of copying resources
[0.265s] -- Configuring done
[0.265s] -- Generating done
[0.265s] -- Build files have been written to: /work/ubuntu-ros2-dev/build/ament_cmake_export_include_directories
[0.267s] Invoked command in '/work/ubuntu-ros2-dev/build/ament_cmake_export_include_directories' returned '0': AMENT_PREFIX_PATH=/work/ubuntu-ros2-dev/install/ament_cmake_core:/work/ubuntu-ros2-dev/install/ament_package CMAKE_PREFIX_PATH=/work/ubuntu-ros2-dev/install/ament_cmake_core PYTHONPATH=/work/ubuntu-ros2-dev/build/ament_package:/work/ubuntu-ros2-dev/install/ament_package/lib/python3.10/site-packages /usr/bin/cmake /work/ubuntu-ros2-dev/src/ament/ament_cmake/ament_cmake_export_include_directories -DAMENT_CMAKE_SYMLINK_INSTALL=1 -DCMAKE_INSTALL_PREFIX=/work/ubuntu-ros2-dev/install/ament_cmake_export_include_directories
[0.270s] Invoking command in '/work/ubuntu-ros2-dev/build/ament_cmake_export_include_directories': AMENT_PREFIX_PATH=/work/ubuntu-ros2-dev/install/ament_cmake_core:/work/ubuntu-ros2-dev/install/ament_package CMAKE_PREFIX_PATH=/work/ubuntu-ros2-dev/install/ament_cmake_core PYTHONPATH=/work/ubuntu-ros2-dev/build/ament_package:/work/ubuntu-ros2-dev/install/ament_package/lib/python3.10/site-packages /usr/bin/cmake --build /work/ubuntu-ros2-dev/build/ament_cmake_export_include_directories -- -j8 -l8
[0.301s] Invoked command in '/work/ubuntu-ros2-dev/build/ament_cmake_export_include_directories' returned '0': AMENT_PREFIX_PATH=/work/ubuntu-ros2-dev/install/ament_cmake_core:/work/ubuntu-ros2-dev/install/ament_package CMAKE_PREFIX_PATH=/work/ubuntu-ros2-dev/install/ament_cmake_core PYTHONPATH=/work/ubuntu-ros2-dev/build/ament_package:/work/ubuntu-ros2-dev/install/ament_package/lib/python3.10/site-packages /usr/bin/cmake --build /work/ubuntu-ros2-dev/build/ament_cmake_export_include_directories -- -j8 -l8
[0.326s] Invoking command in '/work/ubuntu-ros2-dev/build/ament_cmake_export_include_directories': AMENT_PREFIX_PATH=/work/ubuntu-ros2-dev/install/ament_cmake_core:/work/ubuntu-ros2-dev/install/ament_package CMAKE_PREFIX_PATH=/work/ubuntu-ros2-dev/install/ament_cmake_core PYTHONPATH=/work/ubuntu-ros2-dev/build/ament_package:/work/ubuntu-ros2-dev/install/ament_package/lib/python3.10/site-packages /usr/bin/cmake --install /work/ubuntu-ros2-dev/build/ament_cmake_export_include_directories
[0.333s] -- Install configuration: ""
[0.333s] -- Execute custom install script
[0.333s] -- Symlinking: /work/ubuntu-ros2-dev/install/ament_cmake_export_include_directories/share/ament_index/resource_index/package_run_dependencies/ament_cmake_export_include_directories
[0.336s] -- Symlinking: /work/ubuntu-ros2-dev/install/ament_cmake_export_include_directories/share/ament_index/resource_index/parent_prefix_path/ament_cmake_export_include_directories
[0.342s] -- Symlinking: /work/ubuntu-ros2-dev/install/ament_cmake_export_include_directories/share/ament_cmake_export_include_directories/environment/ament_prefix_path.sh
[0.346s] -- Symlinking: /work/ubuntu-ros2-dev/install/ament_cmake_export_include_directories/share/ament_cmake_export_include_directories/environment/ament_prefix_path.dsv
[0.356s] -- Symlinking: /work/ubuntu-ros2-dev/install/ament_cmake_export_include_directories/share/ament_cmake_export_include_directories/environment/path.sh
[0.360s] -- Symlinking: /work/ubuntu-ros2-dev/install/ament_cmake_export_include_directories/share/ament_cmake_export_include_directories/environment/path.dsv
[0.364s] -- Symlinking: /work/ubuntu-ros2-dev/install/ament_cmake_export_include_directories/share/ament_cmake_export_include_directories/local_setup.bash
[0.367s] -- Symlinking: /work/ubuntu-ros2-dev/install/ament_cmake_export_include_directories/share/ament_cmake_export_include_directories/local_setup.sh
[0.372s] -- Symlinking: /work/ubuntu-ros2-dev/install/ament_cmake_export_include_directories/share/ament_cmake_export_include_directories/local_setup.zsh
[0.377s] -- Symlinking: /work/ubuntu-ros2-dev/install/ament_cmake_export_include_directories/share/ament_cmake_export_include_directories/local_setup.dsv
[0.381s] -- Symlinking: /work/ubuntu-ros2-dev/install/ament_cmake_export_include_directories/share/ament_cmake_export_include_directories/package.dsv
[0.387s] -- Symlinking: /work/ubuntu-ros2-dev/install/ament_cmake_export_include_directories/share/ament_index/resource_index/packages/ament_cmake_export_include_directories
[0.391s] -- Symlinking: /work/ubuntu-ros2-dev/install/ament_cmake_export_include_directories/share/ament_cmake_export_include_directories/cmake/ament_cmake_export_include_directories-extras.cmake
[0.395s] -- Symlinking: /work/ubuntu-ros2-dev/install/ament_cmake_export_include_directories/share/ament_cmake_export_include_directories/cmake/ament_cmake_export_include_directoriesConfig.cmake
[0.401s] -- Symlinking: /work/ubuntu-ros2-dev/install/ament_cmake_export_include_directories/share/ament_cmake_export_include_directories/cmake/ament_cmake_export_include_directoriesConfig-version.cmake
[0.406s] -- Symlinking: /work/ubuntu-ros2-dev/install/ament_cmake_export_include_directories/share/ament_cmake_export_include_directories/package.xml
[0.410s] -- Symlinking: /work/ubuntu-ros2-dev/install/ament_cmake_export_include_directories/share/ament_cmake_export_include_directories/cmake/ament_cmake_export_include_directories-extras.cmake.in
[0.413s] -- Symlinking: /work/ubuntu-ros2-dev/install/ament_cmake_export_include_directories/share/ament_cmake_export_include_directories/cmake/ament_cmake_export_include_directories_package_hook.cmake
[0.417s] -- Symlinking: /work/ubuntu-ros2-dev/install/ament_cmake_export_include_directories/share/ament_cmake_export_include_directories/cmake/ament_export_include_directories.cmake
[0.427s] Invoked command in '/work/ubuntu-ros2-dev/build/ament_cmake_export_include_directories' returned '0': AMENT_PREFIX_PATH=/work/ubuntu-ros2-dev/install/ament_cmake_core:/work/ubuntu-ros2-dev/install/ament_package CMAKE_PREFIX_PATH=/work/ubuntu-ros2-dev/install/ament_cmake_core PYTHONPATH=/work/ubuntu-ros2-dev/build/ament_package:/work/ubuntu-ros2-dev/install/ament_package/lib/python3.10/site-packages /usr/bin/cmake --install /work/ubuntu-ros2-dev/build/ament_cmake_export_include_directories
