-- The C compiler identification is GNU 11.4.0
-- The CXX compiler identification is GNU 11.4.0
-- Detecting C compiler ABI info
-- Detecting C compiler ABI info - done
-- Check for working C compiler: /usr/bin/cc - skipped
-- Detecting C compile features
-- Detecting C compile features - done
-- Detecting CXX compiler ABI info
-- Detecting CXX compiler ABI info - done
-- Check for working CXX compiler: /usr/bin/c++ - skipped
-- Detecting CXX compile features
-- Detecting CXX compile features - done
-- Found ament_cmake: 2.5.2 (/work/ubuntu-ros2-dev/install/ament_cmake/share/ament_cmake/cmake)
-- Found Python3: /usr/bin/python3 (found version "3.10.12") found components: Interpreter 
-- Override CMake install command with custom implementation using symlinks instead of copying resources
-- Found geometry_msgs: 5.3.5 (/work/ubuntu-ros2-dev/install/geometry_msgs/share/geometry_msgs/cmake)
-- Found rosidl_generator_c: 4.6.4 (/work/ubuntu-ros2-dev/install/rosidl_generator_c/share/rosidl_generator_c/cmake)
-- Found rosidl_generator_cpp: 4.6.4 (/work/ubuntu-ros2-dev/install/rosidl_generator_cpp/share/rosidl_generator_cpp/cmake)
-- Using all available rosidl_typesupport_c: rosidl_typesupport_fastrtps_c;rosidl_typesupport_introspection_c
-- Using all available rosidl_typesupport_cpp: rosidl_typesupport_introspection_cpp;rosidl_typesupport_fastrtps_cpp
-- Found tf2: 0.36.5 (/work/ubuntu-ros2-dev/install/tf2/share/tf2/cmake)
-- Found tf2_ros: 0.36.5 (/work/ubuntu-ros2-dev/install/tf2_ros/share/tf2_ros/cmake)
-- Found rmw_implementation_cmake: 7.3.1 (/work/ubuntu-ros2-dev/install/rmw_implementation_cmake/share/rmw_implementation_cmake/cmake)
-- Found rmw_fastrtps_cpp: 8.4.1 (/work/ubuntu-ros2-dev/install/rmw_fastrtps_cpp/share/rmw_fastrtps_cpp/cmake)
-- Found OpenSSL: /usr/lib/aarch64-linux-gnu/libcrypto.so (found version "3.0.2")  
-- Found FastRTPS: /work/ubuntu-ros2-dev/install/fastrtps/include (Required is at least version "2.13") 
-- Using RMW implementation 'rmw_fastrtps_cpp' as default
-- Found Bullet: /usr/lib/aarch64-linux-gnu/libBulletDynamics.so  
-- Found ament_lint_auto: 0.17.1 (/work/ubuntu-ros2-dev/install/ament_lint_auto/share/ament_lint_auto/cmake)
-- Found ament_cmake_cppcheck: 0.17.1 (/work/ubuntu-ros2-dev/install/ament_cmake_cppcheck/share/ament_cmake_cppcheck/cmake)
-- Found gtest sources under '/work/ubuntu-ros2-dev/install/gtest_vendor/src/gtest_vendor': C++ tests using 'Google Test' will be built
-- Looking for pthread.h
-- Looking for pthread.h - found
-- Performing Test CMAKE_HAVE_LIBC_PTHREAD
-- Performing Test CMAKE_HAVE_LIBC_PTHREAD - Success
-- Found Threads: TRUE  
-- Added test 'copyright' to check source files copyright and LICENSE
-- Added test 'cpplint' to check C / C++ code against the Google style
-- Configured cpplint exclude dirs and/or files: 
-- Added test 'lint_cmake' to check CMake code style
-- Added test 'uncrustify' to check C / C++ code style
-- Configured uncrustify additional arguments: 
-- Added test 'xmllint' to check XML markup files
-- Configuring done
-- Generating done
-- Build files have been written to: /work/ubuntu-ros2-dev/build/tf2_bullet
[ 16%] [32mBuilding CXX object gtest/CMakeFiles/gtest_main.dir/src/gtest_main.cc.o[0m
[ 33%] [32m[1mLinking CXX static library libgtest_main.a[0m
[ 33%] Built target gtest_main
[ 50%] [32mBuilding CXX object gtest/CMakeFiles/gtest.dir/src/gtest-all.cc.o[0m
[ 66%] [32m[1mLinking CXX static library libgtest.a[0m
[ 66%] Built target gtest
[ 83%] [32mBuilding CXX object CMakeFiles/test_bullet.dir/test/test_tf2_bullet.cpp.o[0m
[100%] [32m[1mLinking CXX executable test_bullet[0m
[100%] Built target test_bullet
-- Install configuration: ""
-- Execute custom install script
-- Symlinking: /work/ubuntu-ros2-dev/install/tf2_bullet/include/tf2_bullet/tf2_bullet/tf2_bullet.hpp
-- Symlinking: /work/ubuntu-ros2-dev/install/tf2_bullet/share/ament_index/resource_index/package_run_dependencies/tf2_bullet
-- Symlinking: /work/ubuntu-ros2-dev/install/tf2_bullet/share/ament_index/resource_index/parent_prefix_path/tf2_bullet
-- Symlinking: /work/ubuntu-ros2-dev/install/tf2_bullet/share/tf2_bullet/environment/ament_prefix_path.sh
-- Symlinking: /work/ubuntu-ros2-dev/install/tf2_bullet/share/tf2_bullet/environment/ament_prefix_path.dsv
-- Symlinking: /work/ubuntu-ros2-dev/install/tf2_bullet/share/tf2_bullet/environment/path.sh
-- Symlinking: /work/ubuntu-ros2-dev/install/tf2_bullet/share/tf2_bullet/environment/path.dsv
-- Symlinking: /work/ubuntu-ros2-dev/install/tf2_bullet/share/tf2_bullet/local_setup.bash
-- Symlinking: /work/ubuntu-ros2-dev/install/tf2_bullet/share/tf2_bullet/local_setup.sh
-- Symlinking: /work/ubuntu-ros2-dev/install/tf2_bullet/share/tf2_bullet/local_setup.zsh
-- Symlinking: /work/ubuntu-ros2-dev/install/tf2_bullet/share/tf2_bullet/local_setup.dsv
-- Symlinking: /work/ubuntu-ros2-dev/install/tf2_bullet/share/tf2_bullet/package.dsv
-- Symlinking: /work/ubuntu-ros2-dev/install/tf2_bullet/share/ament_index/resource_index/packages/tf2_bullet
-- Symlinking: /work/ubuntu-ros2-dev/install/tf2_bullet/share/tf2_bullet/cmake/bullet-extras.cmake
-- Symlinking: /work/ubuntu-ros2-dev/install/tf2_bullet/share/tf2_bullet/cmake/ament_cmake_export_targets-extras.cmake
-- Symlinking: /work/ubuntu-ros2-dev/install/tf2_bullet/share/tf2_bullet/cmake/tf2_bulletConfig.cmake
-- Symlinking: /work/ubuntu-ros2-dev/install/tf2_bullet/share/tf2_bullet/cmake/tf2_bulletConfig-version.cmake
-- Symlinking: /work/ubuntu-ros2-dev/install/tf2_bullet/share/tf2_bullet/package.xml
-- Installing: /work/ubuntu-ros2-dev/install/tf2_bullet/share/tf2_bullet/cmake/export_tf2_bulletExport.cmake
