[0.433s] Invoking command in '/work/ubuntu-ros2-dev/build/ament_clang_format': AMENT_PREFIX_PATH=/work/ubuntu-ros2-dev/install/ament_copyright:/work/ubuntu-ros2-dev/install/ament_pep257:/work/ubuntu-ros2-dev/install/ament_flake8:/work/ubuntu-ros2-dev/install/ament_lint PATH=/work/ubuntu-ros2-dev/install/ament_copyright/bin:/work/ubuntu-ros2-dev/install/ament_pep257/bin:/work/ubuntu-ros2-dev/install/ament_flake8/bin:${PATH} PYTHONPATH=/work/ubuntu-ros2-dev/build/ament_clang_format/prefix_override:/usr/lib/python3/dist-packages/colcon_core/task/python/colcon_distutils_commands:/work/ubuntu-ros2-dev/install/ament_clang_format/lib/python3.10/site-packages:/work/ubuntu-ros2-dev/build/ament_copyright:/work/ubuntu-ros2-dev/install/ament_copyright/lib/python3.10/site-packages:/work/ubuntu-ros2-dev/build/ament_pep257:/work/ubuntu-ros2-dev/install/ament_pep257/lib/python3.10/site-packages:/work/ubuntu-ros2-dev/build/ament_flake8:/work/ubuntu-ros2-dev/install/ament_flake8/lib/python3.10/site-packages:/work/ubuntu-ros2-dev/build/ament_lint:/work/ubuntu-ros2-dev/install/ament_lint/lib/python3.10/site-packages /usr/bin/python3 -W ignore:setup.py install is deprecated setup.py develop --editable --build-directory /work/ubuntu-ros2-dev/build/ament_clang_format/build --no-deps symlink_data
[0.544s] /usr/lib/python3/dist-packages/setuptools/command/easy_install.py:158: EasyInstallDeprecationWarning: easy_install command is deprecated. Use build and pip and other standards-based tools.
[0.544s]   warnings.warn(
[0.545s] running develop
[0.582s] running egg_info
[0.582s] creating ament_clang_format.egg-info
[0.584s] writing ament_clang_format.egg-info/PKG-INFO
[0.584s] writing dependency_links to ament_clang_format.egg-info/dependency_links.txt
[0.584s] writing entry points to ament_clang_format.egg-info/entry_points.txt
[0.584s] writing requirements to ament_clang_format.egg-info/requires.txt
[0.584s] writing top-level names to ament_clang_format.egg-info/top_level.txt
[0.584s] writing manifest file 'ament_clang_format.egg-info/SOURCES.txt'
[0.585s] reading manifest file 'ament_clang_format.egg-info/SOURCES.txt'
[0.585s] writing manifest file 'ament_clang_format.egg-info/SOURCES.txt'
[0.586s] running build_ext
[0.586s] Creating /work/ubuntu-ros2-dev/install/ament_clang_format/lib/python3.10/site-packages/ament-clang-format.egg-link (link to .)
[0.586s] Installing ament_clang_format script to /work/ubuntu-ros2-dev/install/ament_clang_format/bin
[0.587s] 
[0.587s] Installed /work/ubuntu-ros2-dev/build/ament_clang_format
[0.587s] running symlink_data
[0.587s] symbolically linking /work/ubuntu-ros2-dev/build/ament_clang_format/package.xml -> /work/ubuntu-ros2-dev/install/ament_clang_format/share/ament_clang_format
[0.587s] creating /work/ubuntu-ros2-dev/install/ament_clang_format/share/ament_index
[0.587s] creating /work/ubuntu-ros2-dev/install/ament_clang_format/share/ament_index/resource_index
[0.587s] creating /work/ubuntu-ros2-dev/install/ament_clang_format/share/ament_index/resource_index/packages
[0.587s] symbolically linking /work/ubuntu-ros2-dev/build/ament_clang_format/resource/ament_clang_format -> /work/ubuntu-ros2-dev/install/ament_clang_format/share/ament_index/resource_index/packages
[0.604s] Invoked command in '/work/ubuntu-ros2-dev/build/ament_clang_format' returned '0': AMENT_PREFIX_PATH=/work/ubuntu-ros2-dev/install/ament_copyright:/work/ubuntu-ros2-dev/install/ament_pep257:/work/ubuntu-ros2-dev/install/ament_flake8:/work/ubuntu-ros2-dev/install/ament_lint PATH=/work/ubuntu-ros2-dev/install/ament_copyright/bin:/work/ubuntu-ros2-dev/install/ament_pep257/bin:/work/ubuntu-ros2-dev/install/ament_flake8/bin:${PATH} PYTHONPATH=/work/ubuntu-ros2-dev/build/ament_clang_format/prefix_override:/usr/lib/python3/dist-packages/colcon_core/task/python/colcon_distutils_commands:/work/ubuntu-ros2-dev/install/ament_clang_format/lib/python3.10/site-packages:/work/ubuntu-ros2-dev/build/ament_copyright:/work/ubuntu-ros2-dev/install/ament_copyright/lib/python3.10/site-packages:/work/ubuntu-ros2-dev/build/ament_pep257:/work/ubuntu-ros2-dev/install/ament_pep257/lib/python3.10/site-packages:/work/ubuntu-ros2-dev/build/ament_flake8:/work/ubuntu-ros2-dev/install/ament_flake8/lib/python3.10/site-packages:/work/ubuntu-ros2-dev/build/ament_lint:/work/ubuntu-ros2-dev/install/ament_lint/lib/python3.10/site-packages /usr/bin/python3 -W ignore:setup.py install is deprecated setup.py develop --editable --build-directory /work/ubuntu-ros2-dev/build/ament_clang_format/build --no-deps symlink_data
