[0.012s] Invoking command in '/work/ubuntu-ros2-dev/build/fastcdr': AMENT_PREFIX_PATH=/work/ubuntu-ros2-dev/install/ament_cmake:/work/ubuntu-ros2-dev/install/ament_cmake_gen_version_h:/work/ubuntu-ros2-dev/install/ament_cmake_gtest:/work/ubuntu-ros2-dev/install/ament_cmake_test:/work/ubuntu-ros2-dev/install/ament_cmake_target_dependencies:/work/ubuntu-ros2-dev/install/ament_cmake_export_targets:/work/ubuntu-ros2-dev/install/ament_cmake_export_interfaces:/work/ubuntu-ros2-dev/install/ament_cmake_export_dependencies:/work/ubuntu-ros2-dev/install/ament_cmake_version:/work/ubuntu-ros2-dev/install/ament_cmake_python:/work/ubuntu-ros2-dev/install/ament_cmake_libraries:/work/ubuntu-ros2-dev/install/ament_cmake_include_directories:/work/ubuntu-ros2-dev/install/ament_cmake_export_link_flags:/work/ubuntu-ros2-dev/install/ament_cmake_export_libraries:/work/ubuntu-ros2-dev/install/ament_cmake_export_include_directories:/work/ubuntu-ros2-dev/install/ament_cmake_export_definitions:/work/ubuntu-ros2-dev/install/ament_cmake_core:/work/ubuntu-ros2-dev/install/ament_package CMAKE_PREFIX_PATH=/work/ubuntu-ros2-dev/install/ament_cmake:/work/ubuntu-ros2-dev/install/ament_cmake_gen_version_h:/work/ubuntu-ros2-dev/install/ament_cmake_gtest:/work/ubuntu-ros2-dev/install/ament_cmake_test:/work/ubuntu-ros2-dev/install/ament_cmake_target_dependencies:/work/ubuntu-ros2-dev/install/ament_cmake_export_targets:/work/ubuntu-ros2-dev/install/ament_cmake_export_interfaces:/work/ubuntu-ros2-dev/install/ament_cmake_export_dependencies:/work/ubuntu-ros2-dev/install/ament_cmake_version:/work/ubuntu-ros2-dev/install/ament_cmake_python:/work/ubuntu-ros2-dev/install/ament_cmake_libraries:/work/ubuntu-ros2-dev/install/ament_cmake_include_directories:/work/ubuntu-ros2-dev/install/ament_cmake_export_link_flags:/work/ubuntu-ros2-dev/install/ament_cmake_export_libraries:/work/ubuntu-ros2-dev/install/ament_cmake_export_include_directories:/work/ubuntu-ros2-dev/install/ament_cmake_export_definitions:/work/ubuntu-ros2-dev/install/ament_cmake_core:/work/ubuntu-ros2-dev/install/gtest_vendor PKG_CONFIG_PATH=/work/ubuntu-ros2-dev/install/gtest_vendor/lib/aarch64-linux-gnu/pkgconfig:/work/ubuntu-ros2-dev/install/gtest_vendor/lib/pkgconfig PYTHONPATH=/work/ubuntu-ros2-dev/install/ament_cmake_test/lib/python3.10/site-packages:/work/ubuntu-ros2-dev/build/ament_package:/work/ubuntu-ros2-dev/install/ament_package/lib/python3.10/site-packages /usr/bin/cmake /work/ubuntu-ros2-dev/src/eProsima/Fast-CDR -DCMAKE_INSTALL_PREFIX=/work/ubuntu-ros2-dev/install/fastcdr
[0.102s] -- Setting build type to 'Release' as none was specified.
[0.102s] -- Tests not compiled by default
[0.102s] -- The CXX compiler identification is GNU 11.4.0
[0.103s] -- Detecting CXX compiler ABI info
[0.108s] -- Detecting CXX compiler ABI info - done
[0.114s] -- Check for working CXX compiler: /usr/bin/c++ - skipped
[0.114s] -- Detecting CXX compile features
[0.114s] -- Detecting CXX compile features - done
[0.115s] -- Configuring Fast CDR
[0.115s] -- Version: 2.2.5
[0.116s] -- Performing Test SUPPORTS_NOTFOUND
[0.162s] -- Performing Test SUPPORTS_NOTFOUND - Success
[0.162s] -- Enforced cxx_std_11 CMake feature
[0.167s] -- Looking for C++ include sys/types.h
[0.206s] -- Looking for C++ include sys/types.h - found
[0.206s] -- Looking for C++ include stdint.h
[0.260s] -- Looking for C++ include stdint.h - found
[0.260s] -- Looking for C++ include stddef.h
[0.300s] -- Looking for C++ include stddef.h - found
[0.300s] -- Check size of long double
[0.399s] -- Check size of long double - done
[0.399s] -- Check size of __float128
[0.491s] -- Check size of __float128 - failed
[0.568s] -- The C compiler identification is GNU 11.4.0
[0.573s] -- Detecting C compiler ABI info
[0.812s] -- Detecting C compiler ABI info - done
[0.818s] -- Check for working C compiler: /usr/bin/cc - skipped
[0.819s] -- Detecting C compile features
[0.819s] -- Detecting C compile features - done
[0.819s] -- Configuring done
[0.822s] -- Generating done
[0.822s] -- Build files have been written to: /work/ubuntu-ros2-dev/build/fastcdr
[0.835s] Invoked command in '/work/ubuntu-ros2-dev/build/fastcdr' returned '0': AMENT_PREFIX_PATH=/work/ubuntu-ros2-dev/install/ament_cmake:/work/ubuntu-ros2-dev/install/ament_cmake_gen_version_h:/work/ubuntu-ros2-dev/install/ament_cmake_gtest:/work/ubuntu-ros2-dev/install/ament_cmake_test:/work/ubuntu-ros2-dev/install/ament_cmake_target_dependencies:/work/ubuntu-ros2-dev/install/ament_cmake_export_targets:/work/ubuntu-ros2-dev/install/ament_cmake_export_interfaces:/work/ubuntu-ros2-dev/install/ament_cmake_export_dependencies:/work/ubuntu-ros2-dev/install/ament_cmake_version:/work/ubuntu-ros2-dev/install/ament_cmake_python:/work/ubuntu-ros2-dev/install/ament_cmake_libraries:/work/ubuntu-ros2-dev/install/ament_cmake_include_directories:/work/ubuntu-ros2-dev/install/ament_cmake_export_link_flags:/work/ubuntu-ros2-dev/install/ament_cmake_export_libraries:/work/ubuntu-ros2-dev/install/ament_cmake_export_include_directories:/work/ubuntu-ros2-dev/install/ament_cmake_export_definitions:/work/ubuntu-ros2-dev/install/ament_cmake_core:/work/ubuntu-ros2-dev/install/ament_package CMAKE_PREFIX_PATH=/work/ubuntu-ros2-dev/install/ament_cmake:/work/ubuntu-ros2-dev/install/ament_cmake_gen_version_h:/work/ubuntu-ros2-dev/install/ament_cmake_gtest:/work/ubuntu-ros2-dev/install/ament_cmake_test:/work/ubuntu-ros2-dev/install/ament_cmake_target_dependencies:/work/ubuntu-ros2-dev/install/ament_cmake_export_targets:/work/ubuntu-ros2-dev/install/ament_cmake_export_interfaces:/work/ubuntu-ros2-dev/install/ament_cmake_export_dependencies:/work/ubuntu-ros2-dev/install/ament_cmake_version:/work/ubuntu-ros2-dev/install/ament_cmake_python:/work/ubuntu-ros2-dev/install/ament_cmake_libraries:/work/ubuntu-ros2-dev/install/ament_cmake_include_directories:/work/ubuntu-ros2-dev/install/ament_cmake_export_link_flags:/work/ubuntu-ros2-dev/install/ament_cmake_export_libraries:/work/ubuntu-ros2-dev/install/ament_cmake_export_include_directories:/work/ubuntu-ros2-dev/install/ament_cmake_export_definitions:/work/ubuntu-ros2-dev/install/ament_cmake_core:/work/ubuntu-ros2-dev/install/gtest_vendor PKG_CONFIG_PATH=/work/ubuntu-ros2-dev/install/gtest_vendor/lib/aarch64-linux-gnu/pkgconfig:/work/ubuntu-ros2-dev/install/gtest_vendor/lib/pkgconfig PYTHONPATH=/work/ubuntu-ros2-dev/install/ament_cmake_test/lib/python3.10/site-packages:/work/ubuntu-ros2-dev/build/ament_package:/work/ubuntu-ros2-dev/install/ament_package/lib/python3.10/site-packages /usr/bin/cmake /work/ubuntu-ros2-dev/src/eProsima/Fast-CDR -DCMAKE_INSTALL_PREFIX=/work/ubuntu-ros2-dev/install/fastcdr
[0.836s] Invoking command in '/work/ubuntu-ros2-dev/build/fastcdr': AMENT_PREFIX_PATH=/work/ubuntu-ros2-dev/install/ament_cmake:/work/ubuntu-ros2-dev/install/ament_cmake_gen_version_h:/work/ubuntu-ros2-dev/install/ament_cmake_gtest:/work/ubuntu-ros2-dev/install/ament_cmake_test:/work/ubuntu-ros2-dev/install/ament_cmake_target_dependencies:/work/ubuntu-ros2-dev/install/ament_cmake_export_targets:/work/ubuntu-ros2-dev/install/ament_cmake_export_interfaces:/work/ubuntu-ros2-dev/install/ament_cmake_export_dependencies:/work/ubuntu-ros2-dev/install/ament_cmake_version:/work/ubuntu-ros2-dev/install/ament_cmake_python:/work/ubuntu-ros2-dev/install/ament_cmake_libraries:/work/ubuntu-ros2-dev/install/ament_cmake_include_directories:/work/ubuntu-ros2-dev/install/ament_cmake_export_link_flags:/work/ubuntu-ros2-dev/install/ament_cmake_export_libraries:/work/ubuntu-ros2-dev/install/ament_cmake_export_include_directories:/work/ubuntu-ros2-dev/install/ament_cmake_export_definitions:/work/ubuntu-ros2-dev/install/ament_cmake_core:/work/ubuntu-ros2-dev/install/ament_package CMAKE_PREFIX_PATH=/work/ubuntu-ros2-dev/install/ament_cmake:/work/ubuntu-ros2-dev/install/ament_cmake_gen_version_h:/work/ubuntu-ros2-dev/install/ament_cmake_gtest:/work/ubuntu-ros2-dev/install/ament_cmake_test:/work/ubuntu-ros2-dev/install/ament_cmake_target_dependencies:/work/ubuntu-ros2-dev/install/ament_cmake_export_targets:/work/ubuntu-ros2-dev/install/ament_cmake_export_interfaces:/work/ubuntu-ros2-dev/install/ament_cmake_export_dependencies:/work/ubuntu-ros2-dev/install/ament_cmake_version:/work/ubuntu-ros2-dev/install/ament_cmake_python:/work/ubuntu-ros2-dev/install/ament_cmake_libraries:/work/ubuntu-ros2-dev/install/ament_cmake_include_directories:/work/ubuntu-ros2-dev/install/ament_cmake_export_link_flags:/work/ubuntu-ros2-dev/install/ament_cmake_export_libraries:/work/ubuntu-ros2-dev/install/ament_cmake_export_include_directories:/work/ubuntu-ros2-dev/install/ament_cmake_export_definitions:/work/ubuntu-ros2-dev/install/ament_cmake_core:/work/ubuntu-ros2-dev/install/gtest_vendor PKG_CONFIG_PATH=/work/ubuntu-ros2-dev/install/gtest_vendor/lib/aarch64-linux-gnu/pkgconfig:/work/ubuntu-ros2-dev/install/gtest_vendor/lib/pkgconfig PYTHONPATH=/work/ubuntu-ros2-dev/install/ament_cmake_test/lib/python3.10/site-packages:/work/ubuntu-ros2-dev/build/ament_package:/work/ubuntu-ros2-dev/install/ament_package/lib/python3.10/site-packages /usr/bin/cmake --build /work/ubuntu-ros2-dev/build/fastcdr -- -j8 -l8
[1.360s] [ 10%] [32mBuilding CXX object src/cpp/CMakeFiles/fastcdr.dir/Cdr.cpp.o[0m
[1.360s] [ 20%] [32mBuilding CXX object src/cpp/CMakeFiles/fastcdr.dir/CdrSizeCalculator.cpp.o[0m
[1.360s] [ 30%] [32mBuilding CXX object src/cpp/CMakeFiles/fastcdr.dir/FastCdr.cpp.o[0m
[1.360s] [ 40%] [32mBuilding CXX object src/cpp/CMakeFiles/fastcdr.dir/FastBuffer.cpp.o[0m
[1.360s] [ 50%] [32mBuilding CXX object src/cpp/CMakeFiles/fastcdr.dir/exceptions/LockedExternalAccessException.cpp.o[0m
[1.360s] [ 70%] [32mBuilding CXX object src/cpp/CMakeFiles/fastcdr.dir/exceptions/BadOptionalAccessException.cpp.o[0m
[1.360s] [ 70%] [32mBuilding CXX object src/cpp/CMakeFiles/fastcdr.dir/exceptions/Exception.cpp.o[0m
[1.360s] [ 80%] [32mBuilding CXX object src/cpp/CMakeFiles/fastcdr.dir/exceptions/BadParamException.cpp.o[0m
[1.360s] [ 90%] [32mBuilding CXX object src/cpp/CMakeFiles/fastcdr.dir/exceptions/NotEnoughMemoryException.cpp.o[0m
[2.328s] [100%] [32m[1mLinking CXX shared library libfastcdr.so[0m
[2.490s] [100%] Built target fastcdr
[2.531s] Invoked command in '/work/ubuntu-ros2-dev/build/fastcdr' returned '0': AMENT_PREFIX_PATH=/work/ubuntu-ros2-dev/install/ament_cmake:/work/ubuntu-ros2-dev/install/ament_cmake_gen_version_h:/work/ubuntu-ros2-dev/install/ament_cmake_gtest:/work/ubuntu-ros2-dev/install/ament_cmake_test:/work/ubuntu-ros2-dev/install/ament_cmake_target_dependencies:/work/ubuntu-ros2-dev/install/ament_cmake_export_targets:/work/ubuntu-ros2-dev/install/ament_cmake_export_interfaces:/work/ubuntu-ros2-dev/install/ament_cmake_export_dependencies:/work/ubuntu-ros2-dev/install/ament_cmake_version:/work/ubuntu-ros2-dev/install/ament_cmake_python:/work/ubuntu-ros2-dev/install/ament_cmake_libraries:/work/ubuntu-ros2-dev/install/ament_cmake_include_directories:/work/ubuntu-ros2-dev/install/ament_cmake_export_link_flags:/work/ubuntu-ros2-dev/install/ament_cmake_export_libraries:/work/ubuntu-ros2-dev/install/ament_cmake_export_include_directories:/work/ubuntu-ros2-dev/install/ament_cmake_export_definitions:/work/ubuntu-ros2-dev/install/ament_cmake_core:/work/ubuntu-ros2-dev/install/ament_package CMAKE_PREFIX_PATH=/work/ubuntu-ros2-dev/install/ament_cmake:/work/ubuntu-ros2-dev/install/ament_cmake_gen_version_h:/work/ubuntu-ros2-dev/install/ament_cmake_gtest:/work/ubuntu-ros2-dev/install/ament_cmake_test:/work/ubuntu-ros2-dev/install/ament_cmake_target_dependencies:/work/ubuntu-ros2-dev/install/ament_cmake_export_targets:/work/ubuntu-ros2-dev/install/ament_cmake_export_interfaces:/work/ubuntu-ros2-dev/install/ament_cmake_export_dependencies:/work/ubuntu-ros2-dev/install/ament_cmake_version:/work/ubuntu-ros2-dev/install/ament_cmake_python:/work/ubuntu-ros2-dev/install/ament_cmake_libraries:/work/ubuntu-ros2-dev/install/ament_cmake_include_directories:/work/ubuntu-ros2-dev/install/ament_cmake_export_link_flags:/work/ubuntu-ros2-dev/install/ament_cmake_export_libraries:/work/ubuntu-ros2-dev/install/ament_cmake_export_include_directories:/work/ubuntu-ros2-dev/install/ament_cmake_export_definitions:/work/ubuntu-ros2-dev/install/ament_cmake_core:/work/ubuntu-ros2-dev/install/gtest_vendor PKG_CONFIG_PATH=/work/ubuntu-ros2-dev/install/gtest_vendor/lib/aarch64-linux-gnu/pkgconfig:/work/ubuntu-ros2-dev/install/gtest_vendor/lib/pkgconfig PYTHONPATH=/work/ubuntu-ros2-dev/install/ament_cmake_test/lib/python3.10/site-packages:/work/ubuntu-ros2-dev/build/ament_package:/work/ubuntu-ros2-dev/install/ament_package/lib/python3.10/site-packages /usr/bin/cmake --build /work/ubuntu-ros2-dev/build/fastcdr -- -j8 -l8
[2.569s] Invoking command in '/work/ubuntu-ros2-dev/build/fastcdr': AMENT_PREFIX_PATH=/work/ubuntu-ros2-dev/install/ament_cmake:/work/ubuntu-ros2-dev/install/ament_cmake_gen_version_h:/work/ubuntu-ros2-dev/install/ament_cmake_gtest:/work/ubuntu-ros2-dev/install/ament_cmake_test:/work/ubuntu-ros2-dev/install/ament_cmake_target_dependencies:/work/ubuntu-ros2-dev/install/ament_cmake_export_targets:/work/ubuntu-ros2-dev/install/ament_cmake_export_interfaces:/work/ubuntu-ros2-dev/install/ament_cmake_export_dependencies:/work/ubuntu-ros2-dev/install/ament_cmake_version:/work/ubuntu-ros2-dev/install/ament_cmake_python:/work/ubuntu-ros2-dev/install/ament_cmake_libraries:/work/ubuntu-ros2-dev/install/ament_cmake_include_directories:/work/ubuntu-ros2-dev/install/ament_cmake_export_link_flags:/work/ubuntu-ros2-dev/install/ament_cmake_export_libraries:/work/ubuntu-ros2-dev/install/ament_cmake_export_include_directories:/work/ubuntu-ros2-dev/install/ament_cmake_export_definitions:/work/ubuntu-ros2-dev/install/ament_cmake_core:/work/ubuntu-ros2-dev/install/ament_package CMAKE_PREFIX_PATH=/work/ubuntu-ros2-dev/install/ament_cmake:/work/ubuntu-ros2-dev/install/ament_cmake_gen_version_h:/work/ubuntu-ros2-dev/install/ament_cmake_gtest:/work/ubuntu-ros2-dev/install/ament_cmake_test:/work/ubuntu-ros2-dev/install/ament_cmake_target_dependencies:/work/ubuntu-ros2-dev/install/ament_cmake_export_targets:/work/ubuntu-ros2-dev/install/ament_cmake_export_interfaces:/work/ubuntu-ros2-dev/install/ament_cmake_export_dependencies:/work/ubuntu-ros2-dev/install/ament_cmake_version:/work/ubuntu-ros2-dev/install/ament_cmake_python:/work/ubuntu-ros2-dev/install/ament_cmake_libraries:/work/ubuntu-ros2-dev/install/ament_cmake_include_directories:/work/ubuntu-ros2-dev/install/ament_cmake_export_link_flags:/work/ubuntu-ros2-dev/install/ament_cmake_export_libraries:/work/ubuntu-ros2-dev/install/ament_cmake_export_include_directories:/work/ubuntu-ros2-dev/install/ament_cmake_export_definitions:/work/ubuntu-ros2-dev/install/ament_cmake_core:/work/ubuntu-ros2-dev/install/gtest_vendor PKG_CONFIG_PATH=/work/ubuntu-ros2-dev/install/gtest_vendor/lib/aarch64-linux-gnu/pkgconfig:/work/ubuntu-ros2-dev/install/gtest_vendor/lib/pkgconfig PYTHONPATH=/work/ubuntu-ros2-dev/install/ament_cmake_test/lib/python3.10/site-packages:/work/ubuntu-ros2-dev/build/ament_package:/work/ubuntu-ros2-dev/install/ament_package/lib/python3.10/site-packages /usr/bin/cmake --install /work/ubuntu-ros2-dev/build/fastcdr
[2.576s] -- Install configuration: "Release"
[2.577s] -- Installing: /work/ubuntu-ros2-dev/install/fastcdr/include/fastcdr
[2.577s] -- Installing: /work/ubuntu-ros2-dev/install/fastcdr/include/fastcdr/CdrSizeCalculator.hpp
[2.577s] -- Installing: /work/ubuntu-ros2-dev/install/fastcdr/include/fastcdr/eProsima_auto_link.h
[2.577s] -- Installing: /work/ubuntu-ros2-dev/install/fastcdr/include/fastcdr/xcdr
[2.577s] -- Installing: /work/ubuntu-ros2-dev/install/fastcdr/include/fastcdr/xcdr/optional.hpp
[2.577s] -- Installing: /work/ubuntu-ros2-dev/install/fastcdr/include/fastcdr/xcdr/external.hpp
[2.577s] -- Installing: /work/ubuntu-ros2-dev/install/fastcdr/include/fastcdr/xcdr/MemberId.hpp
[2.577s] -- Installing: /work/ubuntu-ros2-dev/install/fastcdr/include/fastcdr/xcdr/detail
[2.577s] -- Installing: /work/ubuntu-ros2-dev/install/fastcdr/include/fastcdr/xcdr/detail/optional.hpp
[2.577s] -- Installing: /work/ubuntu-ros2-dev/install/fastcdr/include/fastcdr/CdrEncoding.hpp
[2.577s] -- Installing: /work/ubuntu-ros2-dev/install/fastcdr/include/fastcdr/FastBuffer.h
[2.577s] -- Installing: /work/ubuntu-ros2-dev/install/fastcdr/include/fastcdr/config
[2.577s] -- Installing: /work/ubuntu-ros2-dev/install/fastcdr/include/fastcdr/config/doxygen_modules.h
[2.577s] -- Installing: /work/ubuntu-ros2-dev/install/fastcdr/include/fastcdr/fastcdr_dll.h
[2.577s] -- Installing: /work/ubuntu-ros2-dev/install/fastcdr/include/fastcdr/exceptions
[2.577s] -- Installing: /work/ubuntu-ros2-dev/install/fastcdr/include/fastcdr/exceptions/BadOptionalAccessException.hpp
[2.577s] -- Installing: /work/ubuntu-ros2-dev/install/fastcdr/include/fastcdr/exceptions/BadParamException.h
[2.577s] -- Installing: /work/ubuntu-ros2-dev/install/fastcdr/include/fastcdr/exceptions/LockedExternalAccessException.hpp
[2.577s] -- Installing: /work/ubuntu-ros2-dev/install/fastcdr/include/fastcdr/exceptions/NotEnoughMemoryException.h
[2.577s] -- Installing: /work/ubuntu-ros2-dev/install/fastcdr/include/fastcdr/exceptions/Exception.h
[2.577s] -- Installing: /work/ubuntu-ros2-dev/install/fastcdr/include/fastcdr/Cdr.h
[2.577s] -- Installing: /work/ubuntu-ros2-dev/install/fastcdr/include/fastcdr/FastCdr.h
[2.577s] -- Installing: /work/ubuntu-ros2-dev/install/fastcdr/include/fastcdr/cdr
[2.577s] -- Installing: /work/ubuntu-ros2-dev/install/fastcdr/include/fastcdr/cdr/fixed_size_string.hpp
[2.577s] -- Installing: /work/ubuntu-ros2-dev/install/fastcdr/include/fastcdr/detail
[2.577s] -- Installing: /work/ubuntu-ros2-dev/install/fastcdr/include/fastcdr/detail/container_recursive_inspector.hpp
[2.577s] -- Installing: /work/ubuntu-ros2-dev/install/fastcdr/include/fastcdr/config.h
[2.577s] -- Installing: /work/ubuntu-ros2-dev/install/fastcdr/lib/libfastcdr.so.2.2.5
[2.577s] -- Installing: /work/ubuntu-ros2-dev/install/fastcdr/lib/libfastcdr.so.2
[2.577s] -- Installing: /work/ubuntu-ros2-dev/install/fastcdr/lib/libfastcdr.so
[2.577s] -- Installing: /work/ubuntu-ros2-dev/install/fastcdr/lib/cmake/fastcdr/fastcdr-shared-targets.cmake
[2.577s] -- Installing: /work/ubuntu-ros2-dev/install/fastcdr/lib/cmake/fastcdr/fastcdr-shared-targets-release.cmake
[2.577s] -- Installing: /work/ubuntu-ros2-dev/install/fastcdr/lib/cmake/fastcdr/fastcdr-config.cmake
[2.577s] -- Installing: /work/ubuntu-ros2-dev/install/fastcdr/lib/cmake/fastcdr/fastcdr-config-version.cmake
[2.579s] -- Installing: /work/ubuntu-ros2-dev/install/fastcdr/share/fastcdr/LICENSE
[2.597s] Invoked command in '/work/ubuntu-ros2-dev/build/fastcdr' returned '0': AMENT_PREFIX_PATH=/work/ubuntu-ros2-dev/install/ament_cmake:/work/ubuntu-ros2-dev/install/ament_cmake_gen_version_h:/work/ubuntu-ros2-dev/install/ament_cmake_gtest:/work/ubuntu-ros2-dev/install/ament_cmake_test:/work/ubuntu-ros2-dev/install/ament_cmake_target_dependencies:/work/ubuntu-ros2-dev/install/ament_cmake_export_targets:/work/ubuntu-ros2-dev/install/ament_cmake_export_interfaces:/work/ubuntu-ros2-dev/install/ament_cmake_export_dependencies:/work/ubuntu-ros2-dev/install/ament_cmake_version:/work/ubuntu-ros2-dev/install/ament_cmake_python:/work/ubuntu-ros2-dev/install/ament_cmake_libraries:/work/ubuntu-ros2-dev/install/ament_cmake_include_directories:/work/ubuntu-ros2-dev/install/ament_cmake_export_link_flags:/work/ubuntu-ros2-dev/install/ament_cmake_export_libraries:/work/ubuntu-ros2-dev/install/ament_cmake_export_include_directories:/work/ubuntu-ros2-dev/install/ament_cmake_export_definitions:/work/ubuntu-ros2-dev/install/ament_cmake_core:/work/ubuntu-ros2-dev/install/ament_package CMAKE_PREFIX_PATH=/work/ubuntu-ros2-dev/install/ament_cmake:/work/ubuntu-ros2-dev/install/ament_cmake_gen_version_h:/work/ubuntu-ros2-dev/install/ament_cmake_gtest:/work/ubuntu-ros2-dev/install/ament_cmake_test:/work/ubuntu-ros2-dev/install/ament_cmake_target_dependencies:/work/ubuntu-ros2-dev/install/ament_cmake_export_targets:/work/ubuntu-ros2-dev/install/ament_cmake_export_interfaces:/work/ubuntu-ros2-dev/install/ament_cmake_export_dependencies:/work/ubuntu-ros2-dev/install/ament_cmake_version:/work/ubuntu-ros2-dev/install/ament_cmake_python:/work/ubuntu-ros2-dev/install/ament_cmake_libraries:/work/ubuntu-ros2-dev/install/ament_cmake_include_directories:/work/ubuntu-ros2-dev/install/ament_cmake_export_link_flags:/work/ubuntu-ros2-dev/install/ament_cmake_export_libraries:/work/ubuntu-ros2-dev/install/ament_cmake_export_include_directories:/work/ubuntu-ros2-dev/install/ament_cmake_export_definitions:/work/ubuntu-ros2-dev/install/ament_cmake_core:/work/ubuntu-ros2-dev/install/gtest_vendor PKG_CONFIG_PATH=/work/ubuntu-ros2-dev/install/gtest_vendor/lib/aarch64-linux-gnu/pkgconfig:/work/ubuntu-ros2-dev/install/gtest_vendor/lib/pkgconfig PYTHONPATH=/work/ubuntu-ros2-dev/install/ament_cmake_test/lib/python3.10/site-packages:/work/ubuntu-ros2-dev/build/ament_package:/work/ubuntu-ros2-dev/install/ament_package/lib/python3.10/site-packages /usr/bin/cmake --install /work/ubuntu-ros2-dev/build/fastcdr
