[0.011s] Invoking command in '/work/ubuntu-ros2-dev/build/ament_cmake_export_interfaces': AMENT_PREFIX_PATH=/work/ubuntu-ros2-dev/install/ament_cmake_export_libraries:/work/ubuntu-ros2-dev/install/ament_cmake_core:/work/ubuntu-ros2-dev/install/ament_package CMAKE_PREFIX_PATH=/work/ubuntu-ros2-dev/install/ament_cmake_export_libraries:/work/ubuntu-ros2-dev/install/ament_cmake_core PYTHONPATH=/work/ubuntu-ros2-dev/build/ament_package:/work/ubuntu-ros2-dev/install/ament_package/lib/python3.10/site-packages /usr/bin/cmake /work/ubuntu-ros2-dev/src/ament/ament_cmake/ament_cmake_export_interfaces -DAMENT_CMAKE_SYMLINK_INSTALL=1 -DCMAKE_INSTALL_PREFIX=/work/ubuntu-ros2-dev/install/ament_cmake_export_interfaces
[0.020s] -- Found ament_cmake_core: 2.5.2 (/work/ubuntu-ros2-dev/install/ament_cmake_core/share/ament_cmake_core/cmake)
[0.109s] -- Found Python3: /usr/bin/python3 (found version "3.10.12") found components: Interpreter 
[0.141s] -- Override CMake install command with custom implementation using symlinks instead of copying resources
[0.174s] -- Configuring done
[0.175s] -- Generating done
[0.176s] -- Build files have been written to: /work/ubuntu-ros2-dev/build/ament_cmake_export_interfaces
[0.177s] Invoked command in '/work/ubuntu-ros2-dev/build/ament_cmake_export_interfaces' returned '0': AMENT_PREFIX_PATH=/work/ubuntu-ros2-dev/install/ament_cmake_export_libraries:/work/ubuntu-ros2-dev/install/ament_cmake_core:/work/ubuntu-ros2-dev/install/ament_package CMAKE_PREFIX_PATH=/work/ubuntu-ros2-dev/install/ament_cmake_export_libraries:/work/ubuntu-ros2-dev/install/ament_cmake_core PYTHONPATH=/work/ubuntu-ros2-dev/build/ament_package:/work/ubuntu-ros2-dev/install/ament_package/lib/python3.10/site-packages /usr/bin/cmake /work/ubuntu-ros2-dev/src/ament/ament_cmake/ament_cmake_export_interfaces -DAMENT_CMAKE_SYMLINK_INSTALL=1 -DCMAKE_INSTALL_PREFIX=/work/ubuntu-ros2-dev/install/ament_cmake_export_interfaces
[0.178s] Invoking command in '/work/ubuntu-ros2-dev/build/ament_cmake_export_interfaces': AMENT_PREFIX_PATH=/work/ubuntu-ros2-dev/install/ament_cmake_export_libraries:/work/ubuntu-ros2-dev/install/ament_cmake_core:/work/ubuntu-ros2-dev/install/ament_package CMAKE_PREFIX_PATH=/work/ubuntu-ros2-dev/install/ament_cmake_export_libraries:/work/ubuntu-ros2-dev/install/ament_cmake_core PYTHONPATH=/work/ubuntu-ros2-dev/build/ament_package:/work/ubuntu-ros2-dev/install/ament_package/lib/python3.10/site-packages /usr/bin/cmake --build /work/ubuntu-ros2-dev/build/ament_cmake_export_interfaces -- -j8 -l8
[0.211s] Invoked command in '/work/ubuntu-ros2-dev/build/ament_cmake_export_interfaces' returned '0': AMENT_PREFIX_PATH=/work/ubuntu-ros2-dev/install/ament_cmake_export_libraries:/work/ubuntu-ros2-dev/install/ament_cmake_core:/work/ubuntu-ros2-dev/install/ament_package CMAKE_PREFIX_PATH=/work/ubuntu-ros2-dev/install/ament_cmake_export_libraries:/work/ubuntu-ros2-dev/install/ament_cmake_core PYTHONPATH=/work/ubuntu-ros2-dev/build/ament_package:/work/ubuntu-ros2-dev/install/ament_package/lib/python3.10/site-packages /usr/bin/cmake --build /work/ubuntu-ros2-dev/build/ament_cmake_export_interfaces -- -j8 -l8
[0.223s] Invoking command in '/work/ubuntu-ros2-dev/build/ament_cmake_export_interfaces': AMENT_PREFIX_PATH=/work/ubuntu-ros2-dev/install/ament_cmake_export_libraries:/work/ubuntu-ros2-dev/install/ament_cmake_core:/work/ubuntu-ros2-dev/install/ament_package CMAKE_PREFIX_PATH=/work/ubuntu-ros2-dev/install/ament_cmake_export_libraries:/work/ubuntu-ros2-dev/install/ament_cmake_core PYTHONPATH=/work/ubuntu-ros2-dev/build/ament_package:/work/ubuntu-ros2-dev/install/ament_package/lib/python3.10/site-packages /usr/bin/cmake --install /work/ubuntu-ros2-dev/build/ament_cmake_export_interfaces
[0.235s] -- Install configuration: ""
[0.235s] -- Execute custom install script
[0.235s] -- Symlinking: /work/ubuntu-ros2-dev/install/ament_cmake_export_interfaces/share/ament_index/resource_index/package_run_dependencies/ament_cmake_export_interfaces
[0.235s] -- Symlinking: /work/ubuntu-ros2-dev/install/ament_cmake_export_interfaces/share/ament_index/resource_index/parent_prefix_path/ament_cmake_export_interfaces
[0.241s] -- Symlinking: /work/ubuntu-ros2-dev/install/ament_cmake_export_interfaces/share/ament_cmake_export_interfaces/environment/ament_prefix_path.sh
[0.241s] -- Symlinking: /work/ubuntu-ros2-dev/install/ament_cmake_export_interfaces/share/ament_cmake_export_interfaces/environment/ament_prefix_path.dsv
[0.243s] -- Symlinking: /work/ubuntu-ros2-dev/install/ament_cmake_export_interfaces/share/ament_cmake_export_interfaces/environment/path.sh
[0.245s] -- Symlinking: /work/ubuntu-ros2-dev/install/ament_cmake_export_interfaces/share/ament_cmake_export_interfaces/environment/path.dsv
[0.249s] -- Symlinking: /work/ubuntu-ros2-dev/install/ament_cmake_export_interfaces/share/ament_cmake_export_interfaces/local_setup.bash
[0.254s] -- Symlinking: /work/ubuntu-ros2-dev/install/ament_cmake_export_interfaces/share/ament_cmake_export_interfaces/local_setup.sh
[0.259s] -- Symlinking: /work/ubuntu-ros2-dev/install/ament_cmake_export_interfaces/share/ament_cmake_export_interfaces/local_setup.zsh
[0.263s] -- Symlinking: /work/ubuntu-ros2-dev/install/ament_cmake_export_interfaces/share/ament_cmake_export_interfaces/local_setup.dsv
[0.266s] -- Symlinking: /work/ubuntu-ros2-dev/install/ament_cmake_export_interfaces/share/ament_cmake_export_interfaces/package.dsv
[0.271s] -- Symlinking: /work/ubuntu-ros2-dev/install/ament_cmake_export_interfaces/share/ament_index/resource_index/packages/ament_cmake_export_interfaces
[0.276s] -- Symlinking: /work/ubuntu-ros2-dev/install/ament_cmake_export_interfaces/share/ament_cmake_export_interfaces/cmake/ament_cmake_export_interfaces-extras.cmake
[0.285s] -- Symlinking: /work/ubuntu-ros2-dev/install/ament_cmake_export_interfaces/share/ament_cmake_export_interfaces/cmake/ament_cmake_export_interfacesConfig.cmake
[0.285s] -- Symlinking: /work/ubuntu-ros2-dev/install/ament_cmake_export_interfaces/share/ament_cmake_export_interfaces/cmake/ament_cmake_export_interfacesConfig-version.cmake
[0.288s] -- Symlinking: /work/ubuntu-ros2-dev/install/ament_cmake_export_interfaces/share/ament_cmake_export_interfaces/package.xml
[0.291s] -- Symlinking: /work/ubuntu-ros2-dev/install/ament_cmake_export_interfaces/share/ament_cmake_export_interfaces/cmake/ament_cmake_export_interfaces-extras.cmake.in
[0.295s] -- Symlinking: /work/ubuntu-ros2-dev/install/ament_cmake_export_interfaces/share/ament_cmake_export_interfaces/cmake/ament_cmake_export_interfaces_package_hook.cmake
[0.298s] -- Symlinking: /work/ubuntu-ros2-dev/install/ament_cmake_export_interfaces/share/ament_cmake_export_interfaces/cmake/ament_export_interfaces.cmake
[0.418s] Invoked command in '/work/ubuntu-ros2-dev/build/ament_cmake_export_interfaces' returned '0': AMENT_PREFIX_PATH=/work/ubuntu-ros2-dev/install/ament_cmake_export_libraries:/work/ubuntu-ros2-dev/install/ament_cmake_core:/work/ubuntu-ros2-dev/install/ament_package CMAKE_PREFIX_PATH=/work/ubuntu-ros2-dev/install/ament_cmake_export_libraries:/work/ubuntu-ros2-dev/install/ament_cmake_core PYTHONPATH=/work/ubuntu-ros2-dev/build/ament_package:/work/ubuntu-ros2-dev/install/ament_package/lib/python3.10/site-packages /usr/bin/cmake --install /work/ubuntu-ros2-dev/build/ament_cmake_export_interfaces
