-- The C compiler identification is GNU 11.4.0
-- The CXX compiler identification is GNU 11.4.0
-- Detecting C compiler ABI info
-- Detecting C compiler ABI info - done
-- Check for working C compiler: /usr/bin/cc - skipped
-- Detecting C compile features
-- Detecting C compile features - done
-- Detecting CXX compiler ABI info
-- Detecting CXX compiler ABI info - done
-- Check for working CXX compiler: /usr/bin/c++ - skipped
-- Detecting CXX compile features
-- Detecting CXX compile features - done
-- Found ament_cmake_ros: 0.12.0 (/work/ubuntu-ros2-dev/install/ament_cmake_ros/share/ament_cmake_ros/cmake)
-- Found Python3: /usr/bin/python3 (found version "3.10.12") found components: Interpreter 
-- Override CMake install command with custom implementation using symlinks instead of copying resources
-- Found ament_index_cpp: 1.8.1 (/work/ubuntu-ros2-dev/install/ament_index_cpp/share/ament_index_cpp/cmake)
-- Found class_loader: 2.7.0 (/work/ubuntu-ros2-dev/install/class_loader/share/class_loader/cmake)
-- Found composition_interfaces: 2.0.2 (/work/ubuntu-ros2-dev/install/composition_interfaces/share/composition_interfaces/cmake)
-- Found rosidl_generator_c: 4.6.4 (/work/ubuntu-ros2-dev/install/rosidl_generator_c/share/rosidl_generator_c/cmake)
-- Found rosidl_generator_cpp: 4.6.4 (/work/ubuntu-ros2-dev/install/rosidl_generator_cpp/share/rosidl_generator_cpp/cmake)
-- Using all available rosidl_typesupport_c: rosidl_typesupport_fastrtps_c;rosidl_typesupport_introspection_c
-- Using all available rosidl_typesupport_cpp: rosidl_typesupport_introspection_cpp;rosidl_typesupport_fastrtps_cpp
-- Found rclcpp: 28.1.5 (/work/ubuntu-ros2-dev/install/rclcpp/share/rclcpp/cmake)
-- Found rmw_implementation_cmake: 7.3.1 (/work/ubuntu-ros2-dev/install/rmw_implementation_cmake/share/rmw_implementation_cmake/cmake)
-- Found rmw_fastrtps_cpp: 8.4.1 (/work/ubuntu-ros2-dev/install/rmw_fastrtps_cpp/share/rmw_fastrtps_cpp/cmake)
-- Found OpenSSL: /usr/lib/aarch64-linux-gnu/libcrypto.so (found version "3.0.2")  
-- Found FastRTPS: /work/ubuntu-ros2-dev/install/fastrtps/include (Required is at least version "2.13") 
-- Using RMW implementation 'rmw_fastrtps_cpp' as default
-- Found ament_lint_auto: 0.17.1 (/work/ubuntu-ros2-dev/install/ament_lint_auto/share/ament_lint_auto/cmake)
-- Found ament_cmake_google_benchmark: 2.5.2 (/work/ubuntu-ros2-dev/install/ament_cmake_google_benchmark/share/ament_cmake_google_benchmark/cmake)
-- Looking for pthread.h
-- Looking for pthread.h - found
-- Performing Test CMAKE_HAVE_LIBC_PTHREAD
-- Performing Test CMAKE_HAVE_LIBC_PTHREAD - Success
-- Found Threads: TRUE  
-- Found gtest sources under '/work/ubuntu-ros2-dev/install/gtest_vendor/src/gtest_vendor': C++ tests using 'Google Test' will be built
-- Performance tests are disabled by default, so Google Benchmark tests will be skipped. To enable these tests, set the CMake variable 'AMENT_RUN_PERFORMANCE_TESTS'.
-- Added test 'copyright' to check source files copyright and LICENSE
-- Added test 'cppcheck' to perform static code analysis on C / C++ code
-- Configured cppcheck include dirs: /work/ubuntu-ros2-dev/install/google_benchmark_vendor/include;$<BUILD_INTERFACE:/work/ubuntu-ros2-dev/src/ros2/rclcpp/rclcpp_components/include>
-- Configured cppcheck exclude dirs and/or files: 
-- Added test 'cpplint' to check C / C++ code against the Google style
-- Configured cpplint exclude dirs and/or files: 
-- Added test 'lint_cmake' to check CMake code style
-- Added test 'uncrustify' to check C / C++ code style
-- Configured uncrustify additional arguments: 
-- Added test 'xmllint' to check XML markup files
-- Configuring done
-- Generating done
-- Build files have been written to: /work/ubuntu-ros2-dev/build/rclcpp_components
[  5%] [32mBuilding CXX object CMakeFiles/component_manager.dir/src/component_manager.cpp.o[0m
[ 10%] [32mBuilding CXX object gtest/CMakeFiles/gtest_main.dir/src/gtest_main.cc.o[0m
[ 15%] [32mBuilding CXX object CMakeFiles/test_component.dir/test/components/test_component.cpp.o[0m
[ 20%] [32mBuilding CXX object gtest/CMakeFiles/gtest.dir/src/gtest-all.cc.o[0m
[ 25%] [32m[1mLinking CXX static library libgtest_main.a[0m
[ 25%] Built target gtest_main
[ 30%] [32m[1mLinking CXX static library libgtest.a[0m
[ 30%] Built target gtest
[ 35%] [32m[1mLinking CXX shared library libtest_component.so[0m
[ 35%] Built target test_component
[ 40%] [32m[1mLinking CXX shared library libcomponent_manager.so[0m
[ 40%] Built target component_manager
[ 45%] [32mBuilding CXX object CMakeFiles/component_container.dir/src/component_container.cpp.o[0m
[ 50%] [32m[1mLinking CXX executable component_container[0m
[ 50%] Built target component_container
[ 55%] [32mBuilding CXX object CMakeFiles/benchmark_components.dir/test/benchmark/benchmark_components.cpp.o[0m
[ 60%] [32m[1mLinking CXX executable benchmark_components[0m
[ 60%] Built target benchmark_components
[ 65%] [32mBuilding CXX object CMakeFiles/test_component_manager_api.dir/test/test_component_manager_api.cpp.o[0m
[ 70%] [32m[1mLinking CXX executable test_component_manager_api[0m
[ 70%] Built target test_component_manager_api
[ 75%] [32mBuilding CXX object CMakeFiles/test_component_manager.dir/test/test_component_manager.cpp.o[0m
[ 80%] [32m[1mLinking CXX executable test_component_manager[0m
[ 80%] Built target test_component_manager
[ 85%] [32mBuilding CXX object CMakeFiles/component_container_isolated.dir/src/component_container_isolated.cpp.o[0m
[ 90%] [32m[1mLinking CXX executable component_container_isolated[0m
[ 90%] Built target component_container_isolated
[ 95%] [32mBuilding CXX object CMakeFiles/component_container_mt.dir/src/component_container_mt.cpp.o[0m
[100%] [32m[1mLinking CXX executable component_container_mt[0m
[100%] Built target component_container_mt
-- Install configuration: ""
-- Execute custom install script
-- Symlinking: /work/ubuntu-ros2-dev/install/rclcpp_components/share/rclcpp_components/node_main.cpp.in
-- Symlinking: /work/ubuntu-ros2-dev/install/rclcpp_components/lib/rclcpp_components/component_container
-- Symlinking: /work/ubuntu-ros2-dev/install/rclcpp_components/lib/rclcpp_components/component_container_mt
-- Symlinking: /work/ubuntu-ros2-dev/install/rclcpp_components/lib/rclcpp_components/component_container_isolated
-- Symlinking: /work/ubuntu-ros2-dev/install/rclcpp_components/include/rclcpp_components/rclcpp_components/component_manager.hpp
-- Symlinking: /work/ubuntu-ros2-dev/install/rclcpp_components/include/rclcpp_components/rclcpp_components/component_manager_isolated.hpp
-- Symlinking: /work/ubuntu-ros2-dev/install/rclcpp_components/include/rclcpp_components/rclcpp_components/node_factory.hpp
-- Symlinking: /work/ubuntu-ros2-dev/install/rclcpp_components/include/rclcpp_components/rclcpp_components/node_factory_template.hpp
-- Symlinking: /work/ubuntu-ros2-dev/install/rclcpp_components/include/rclcpp_components/rclcpp_components/node_instance_wrapper.hpp
-- Symlinking: /work/ubuntu-ros2-dev/install/rclcpp_components/include/rclcpp_components/rclcpp_components/register_node_macro.hpp
-- Symlinking: /work/ubuntu-ros2-dev/install/rclcpp_components/include/rclcpp_components/rclcpp_components/visibility_control.hpp
-- Symlinking: /work/ubuntu-ros2-dev/install/rclcpp_components/share/rclcpp_components/cmake/rclcpp_components_package_hook.cmake
-- Symlinking: /work/ubuntu-ros2-dev/install/rclcpp_components/share/rclcpp_components/cmake/rclcpp_components_register_node.cmake
-- Symlinking: /work/ubuntu-ros2-dev/install/rclcpp_components/share/rclcpp_components/cmake/rclcpp_components_register_nodes.cmake
-- Symlinking: /work/ubuntu-ros2-dev/install/rclcpp_components/share/rclcpp_components/environment/library_path.sh
-- Symlinking: /work/ubuntu-ros2-dev/install/rclcpp_components/share/rclcpp_components/environment/library_path.dsv
-- Symlinking: /work/ubuntu-ros2-dev/install/rclcpp_components/share/ament_index/resource_index/package_run_dependencies/rclcpp_components
-- Symlinking: /work/ubuntu-ros2-dev/install/rclcpp_components/share/ament_index/resource_index/parent_prefix_path/rclcpp_components
-- Symlinking: /work/ubuntu-ros2-dev/install/rclcpp_components/share/rclcpp_components/environment/ament_prefix_path.sh
-- Symlinking: /work/ubuntu-ros2-dev/install/rclcpp_components/share/rclcpp_components/environment/ament_prefix_path.dsv
-- Symlinking: /work/ubuntu-ros2-dev/install/rclcpp_components/share/rclcpp_components/environment/path.sh
-- Symlinking: /work/ubuntu-ros2-dev/install/rclcpp_components/share/rclcpp_components/environment/path.dsv
-- Symlinking: /work/ubuntu-ros2-dev/install/rclcpp_components/share/rclcpp_components/local_setup.bash
-- Symlinking: /work/ubuntu-ros2-dev/install/rclcpp_components/share/rclcpp_components/local_setup.sh
-- Symlinking: /work/ubuntu-ros2-dev/install/rclcpp_components/share/rclcpp_components/local_setup.zsh
-- Symlinking: /work/ubuntu-ros2-dev/install/rclcpp_components/share/rclcpp_components/local_setup.dsv
-- Symlinking: /work/ubuntu-ros2-dev/install/rclcpp_components/share/rclcpp_components/package.dsv
-- Symlinking: /work/ubuntu-ros2-dev/install/rclcpp_components/share/ament_index/resource_index/packages/rclcpp_components
-- Symlinking: /work/ubuntu-ros2-dev/install/rclcpp_components/share/rclcpp_components/cmake/rclcpp_components-extras.cmake
-- Symlinking: /work/ubuntu-ros2-dev/install/rclcpp_components/share/rclcpp_components/cmake/ament_cmake_export_include_directories-extras.cmake
-- Symlinking: /work/ubuntu-ros2-dev/install/rclcpp_components/share/rclcpp_components/cmake/ament_cmake_export_libraries-extras.cmake
-- Symlinking: /work/ubuntu-ros2-dev/install/rclcpp_components/share/rclcpp_components/cmake/ament_cmake_export_targets-extras.cmake
-- Symlinking: /work/ubuntu-ros2-dev/install/rclcpp_components/share/rclcpp_components/cmake/ament_cmake_export_dependencies-extras.cmake
-- Symlinking: /work/ubuntu-ros2-dev/install/rclcpp_components/share/rclcpp_components/cmake/rclcpp_componentsConfig.cmake
-- Symlinking: /work/ubuntu-ros2-dev/install/rclcpp_components/share/rclcpp_components/cmake/rclcpp_componentsConfig-version.cmake
-- Symlinking: /work/ubuntu-ros2-dev/install/rclcpp_components/share/rclcpp_components/package.xml
-- Installing: /work/ubuntu-ros2-dev/install/rclcpp_components/lib/libcomponent_manager.so
-- Set runtime path of "/work/ubuntu-ros2-dev/install/rclcpp_components/lib/libcomponent_manager.so" to ""
-- Installing: /work/ubuntu-ros2-dev/install/rclcpp_components/share/rclcpp_components/cmake/export_rclcpp_componentsExport.cmake
-- Installing: /work/ubuntu-ros2-dev/install/rclcpp_components/share/rclcpp_components/cmake/export_rclcpp_componentsExport-noconfig.cmake
