-- The C compiler identification is GNU 11.4.0
-- The CXX compiler identification is GNU 11.4.0
-- Detecting C compiler ABI info
-- Detecting C compiler ABI info - done
-- Check for working C compiler: /usr/bin/cc - skipped
-- Detecting C compile features
-- Detecting C compile features - done
-- Detecting CXX compiler ABI info
-- Detecting CXX compiler ABI info - done
-- Check for working CXX compiler: /usr/bin/c++ - skipped
-- Detecting CXX compile features
-- Detecting CXX compile features - done
-- Found ament_cmake_ros: 0.12.0 (/work/ubuntu-ros2-dev/install/ament_cmake_ros/share/ament_cmake_ros/cmake)
-- Found Python3: /usr/bin/python3 (found version "3.10.12") found components: Interpreter 
-- Override CMake install command with custom implementation using symlinks instead of copying resources
-- Found rcl_logging_interface: 3.1.0 (/work/ubuntu-ros2-dev/install/rcl_logging_interface/share/rcl_logging_interface/cmake)
-- Found ament_lint_auto: 0.17.1 (/work/ubuntu-ros2-dev/install/ament_lint_auto/share/ament_lint_auto/cmake)
-- Added test 'copyright' to check source files copyright and LICENSE
-- Added test 'cppcheck' to perform static code analysis on C / C++ code
-- Configured cppcheck include dirs: 
-- Configured cppcheck exclude dirs and/or files: 
-- Added test 'cpplint' to check C / C++ code against the Google style
-- Configured cpplint exclude dirs and/or files: 
-- Added test 'lint_cmake' to check CMake code style
-- Added test 'uncrustify' to check C / C++ code style
-- Configured uncrustify additional arguments: 
-- Added test 'xmllint' to check XML markup files
-- Configuring done
-- Generating done
-- Build files have been written to: /work/ubuntu-ros2-dev/build/rcl_logging_noop
[ 50%] [32mBuilding CXX object CMakeFiles/rcl_logging_noop.dir/src/rcl_logging_noop/rcl_logging_noop.cpp.o[0m
[100%] [32m[1mLinking CXX shared library librcl_logging_noop.so[0m
[100%] Built target rcl_logging_noop
-- Install configuration: ""
-- Execute custom install script
-- Symlinking: /work/ubuntu-ros2-dev/install/rcl_logging_noop/share/rcl_logging_noop/environment/library_path.sh
-- Symlinking: /work/ubuntu-ros2-dev/install/rcl_logging_noop/share/rcl_logging_noop/environment/library_path.dsv
-- Symlinking: /work/ubuntu-ros2-dev/install/rcl_logging_noop/share/ament_index/resource_index/package_run_dependencies/rcl_logging_noop
-- Symlinking: /work/ubuntu-ros2-dev/install/rcl_logging_noop/share/ament_index/resource_index/parent_prefix_path/rcl_logging_noop
-- Symlinking: /work/ubuntu-ros2-dev/install/rcl_logging_noop/share/rcl_logging_noop/environment/ament_prefix_path.sh
-- Symlinking: /work/ubuntu-ros2-dev/install/rcl_logging_noop/share/rcl_logging_noop/environment/ament_prefix_path.dsv
-- Symlinking: /work/ubuntu-ros2-dev/install/rcl_logging_noop/share/rcl_logging_noop/environment/path.sh
-- Symlinking: /work/ubuntu-ros2-dev/install/rcl_logging_noop/share/rcl_logging_noop/environment/path.dsv
-- Symlinking: /work/ubuntu-ros2-dev/install/rcl_logging_noop/share/rcl_logging_noop/local_setup.bash
-- Symlinking: /work/ubuntu-ros2-dev/install/rcl_logging_noop/share/rcl_logging_noop/local_setup.sh
-- Symlinking: /work/ubuntu-ros2-dev/install/rcl_logging_noop/share/rcl_logging_noop/local_setup.zsh
-- Symlinking: /work/ubuntu-ros2-dev/install/rcl_logging_noop/share/rcl_logging_noop/local_setup.dsv
-- Symlinking: /work/ubuntu-ros2-dev/install/rcl_logging_noop/share/rcl_logging_noop/package.dsv
-- Symlinking: /work/ubuntu-ros2-dev/install/rcl_logging_noop/share/ament_index/resource_index/packages/rcl_logging_noop
-- Symlinking: /work/ubuntu-ros2-dev/install/rcl_logging_noop/share/rcl_logging_noop/cmake/ament_cmake_export_dependencies-extras.cmake
-- Symlinking: /work/ubuntu-ros2-dev/install/rcl_logging_noop/share/rcl_logging_noop/cmake/ament_cmake_export_libraries-extras.cmake
-- Symlinking: /work/ubuntu-ros2-dev/install/rcl_logging_noop/share/rcl_logging_noop/cmake/ament_cmake_export_targets-extras.cmake
-- Symlinking: /work/ubuntu-ros2-dev/install/rcl_logging_noop/share/rcl_logging_noop/cmake/rcl_logging_noopConfig.cmake
-- Symlinking: /work/ubuntu-ros2-dev/install/rcl_logging_noop/share/rcl_logging_noop/cmake/rcl_logging_noopConfig-version.cmake
-- Symlinking: /work/ubuntu-ros2-dev/install/rcl_logging_noop/share/rcl_logging_noop/package.xml
-- Installing: /work/ubuntu-ros2-dev/install/rcl_logging_noop/lib/librcl_logging_noop.so
-- Set runtime path of "/work/ubuntu-ros2-dev/install/rcl_logging_noop/lib/librcl_logging_noop.so" to ""
-- Installing: /work/ubuntu-ros2-dev/install/rcl_logging_noop/share/rcl_logging_noop/cmake/rcl_logging_noopExport.cmake
-- Installing: /work/ubuntu-ros2-dev/install/rcl_logging_noop/share/rcl_logging_noop/cmake/rcl_logging_noopExport-noconfig.cmake
