running develop
running egg_info
creating ament_uncrustify.egg-info
writing ament_uncrustify.egg-info/PKG-INFO
writing dependency_links to ament_uncrustify.egg-info/dependency_links.txt
writing entry points to ament_uncrustify.egg-info/entry_points.txt
writing requirements to ament_uncrustify.egg-info/requires.txt
writing top-level names to ament_uncrustify.egg-info/top_level.txt
writing manifest file 'ament_uncrustify.egg-info/SOURCES.txt'
/usr/lib/python3/dist-packages/setuptools/command/easy_install.py:158: EasyInstallDeprecationWarning: easy_install command is deprecated. Use build and pip and other standards-based tools.
  warnings.warn(
reading manifest file 'ament_uncrustify.egg-info/SOURCES.txt'
writing manifest file 'ament_uncrustify.egg-info/SOURCES.txt'
running build_ext
Creating /work/ubuntu-ros2-dev/install/ament_uncrustify/lib/python3.10/site-packages/ament-uncrustify.egg-link (link to .)
Installing ament_uncrustify script to /work/ubuntu-ros2-dev/install/ament_uncrustify/bin

Installed /work/ubuntu-ros2-dev/build/ament_uncrustify
running symlink_data
symbolically linking /work/ubuntu-ros2-dev/build/ament_uncrustify/package.xml -> /work/ubuntu-ros2-dev/install/ament_uncrustify/share/ament_uncrustify
creating /work/ubuntu-ros2-dev/install/ament_uncrustify/share/ament_index
creating /work/ubuntu-ros2-dev/install/ament_uncrustify/share/ament_index/resource_index
creating /work/ubuntu-ros2-dev/install/ament_uncrustify/share/ament_index/resource_index/packages
symbolically linking /work/ubuntu-ros2-dev/build/ament_uncrustify/resource/ament_uncrustify -> /work/ubuntu-ros2-dev/install/ament_uncrustify/share/ament_index/resource_index/packages
