running develop
/usr/lib/python3/dist-packages/setuptools/command/easy_install.py:158: EasyInstallDeprecationWarning: easy_install command is deprecated. Use build and pip and other standards-based tools.
  warnings.warn(
running egg_info
creating action_tutorials_py.egg-info
writing action_tutorials_py.egg-info/PKG-INFO
writing dependency_links to action_tutorials_py.egg-info/dependency_links.txt
writing entry points to action_tutorials_py.egg-info/entry_points.txt
writing requirements to action_tutorials_py.egg-info/requires.txt
writing top-level names to action_tutorials_py.egg-info/top_level.txt
writing manifest file 'action_tutorials_py.egg-info/SOURCES.txt'
reading manifest file 'action_tutorials_py.egg-info/SOURCES.txt'
writing manifest file 'action_tutorials_py.egg-info/SOURCES.txt'
running build_ext
Creating /work/ubuntu-ros2-dev/install/action_tutorials_py/lib/python3.10/site-packages/action-tutorials-py.egg-link (link to .)
Installing fibonacci_action_client script to /work/ubuntu-ros2-dev/install/action_tutorials_py/lib/action_tutorials_py
Installing fibonacci_action_server script to /work/ubuntu-ros2-dev/install/action_tutorials_py/lib/action_tutorials_py

Installed /work/ubuntu-ros2-dev/build/action_tutorials_py
running symlink_data
creating /work/ubuntu-ros2-dev/install/action_tutorials_py/share/ament_index
creating /work/ubuntu-ros2-dev/install/action_tutorials_py/share/ament_index/resource_index
creating /work/ubuntu-ros2-dev/install/action_tutorials_py/share/ament_index/resource_index/packages
symbolically linking /work/ubuntu-ros2-dev/build/action_tutorials_py/resource/action_tutorials_py -> /work/ubuntu-ros2-dev/install/action_tutorials_py/share/ament_index/resource_index/packages
symbolically linking /work/ubuntu-ros2-dev/build/action_tutorials_py/package.xml -> /work/ubuntu-ros2-dev/install/action_tutorials_py/share/action_tutorials_py
