running develop
/usr/lib/python3/dist-packages/setuptools/command/easy_install.py:158: EasyInstallDeprecationWarning: easy_install command is deprecated. Use build and pip and other standards-based tools.
  warnings.warn(
running egg_info
creating rosidl_pycommon.egg-info
writing rosidl_pycommon.egg-info/PKG-INFO
writing dependency_links to rosidl_pycommon.egg-info/dependency_links.txt
writing entry points to rosidl_pycommon.egg-info/entry_points.txt
writing requirements to rosidl_pycommon.egg-info/requires.txt
writing top-level names to rosidl_pycommon.egg-info/top_level.txt
writing manifest file 'rosidl_pycommon.egg-info/SOURCES.txt'
reading manifest file 'rosidl_pycommon.egg-info/SOURCES.txt'
writing manifest file 'rosidl_pycommon.egg-info/SOURCES.txt'
running build_ext
Creating /work/ubuntu-ros2-dev/install/rosidl_pycommon/lib/python3.10/site-packages/rosidl-pycommon.egg-link (link to .)

Installed /work/ubuntu-ros2-dev/build/rosidl_pycommon
running symlink_data
creating /work/ubuntu-ros2-dev/install/rosidl_pycommon/share/ament_index
creating /work/ubuntu-ros2-dev/install/rosidl_pycommon/share/ament_index/resource_index
creating /work/ubuntu-ros2-dev/install/rosidl_pycommon/share/ament_index/resource_index/packages
symbolically linking /work/ubuntu-ros2-dev/build/rosidl_pycommon/resource/rosidl_pycommon -> /work/ubuntu-ros2-dev/install/rosidl_pycommon/share/ament_index/resource_index/packages
symbolically linking /work/ubuntu-ros2-dev/build/rosidl_pycommon/package.xml -> /work/ubuntu-ros2-dev/install/rosidl_pycommon/share/rosidl_pycommon
