-- The C compiler identification is GNU 11.4.0
-- The CXX compiler identification is GNU 11.4.0
-- Detecting C compiler ABI info
-- Detecting C compiler ABI info - done
-- Check for working C compiler: /usr/bin/cc - skipped
-- Detecting C compile features
-- Detecting C compile features - done
-- Detecting CXX compiler ABI info
-- Detecting CXX compiler ABI info - done
-- Check for working CXX compiler: /usr/bin/c++ - skipped
-- Detecting CXX compile features
-- Detecting CXX compile features - done
-- Found ament_cmake: 2.5.2 (/work/ubuntu-ros2-dev/install/ament_cmake/share/ament_cmake/cmake)
-- Found Python3: /usr/bin/python3 (found version "3.10.12") found components: Interpreter 
-- Override CMake install command with custom implementation using symlinks instead of copying resources
-- Found rcpputils: 2.11.0 (/work/ubuntu-ros2-dev/install/rcpputils/share/rcpputils/cmake)
-- Found rmw: 7.3.1 (/work/ubuntu-ros2-dev/install/rmw/share/rmw/cmake)
-- Found rosidl_default_generators: 1.6.0 (/work/ubuntu-ros2-dev/install/rosidl_default_generators/share/rosidl_default_generators/cmake)
-- Using all available rosidl_typesupport_c: rosidl_typesupport_fastrtps_c;rosidl_typesupport_introspection_c
-- Using all available rosidl_typesupport_cpp: rosidl_typesupport_introspection_cpp;rosidl_typesupport_fastrtps_cpp
-- Found rosidl_adapter: 4.6.4 (/work/ubuntu-ros2-dev/install/rosidl_adapter/share/rosidl_adapter/cmake)
-- Found ament_cmake_ros: 0.12.0 (/work/ubuntu-ros2-dev/install/ament_cmake_ros/share/ament_cmake_ros/cmake)
-- Using all available rosidl_typesupport_c: rosidl_typesupport_fastrtps_c;rosidl_typesupport_introspection_c
-- Using all available rosidl_typesupport_cpp: rosidl_typesupport_introspection_cpp;rosidl_typesupport_fastrtps_cpp
-- Found python_cmake_module: 0.11.1 (/work/ubuntu-ros2-dev/install/python_cmake_module/share/python_cmake_module/cmake)
-- Found PythonExtra: /usr/bin/python3  
-- Found Python3: /usr/bin/python3 (found version "3.10.12") found components: Interpreter Development NumPy Development.Module Development.Embed 
-- Found ament_lint_auto: 0.17.1 (/work/ubuntu-ros2-dev/install/ament_lint_auto/share/ament_lint_auto/cmake)
-- Found gmock sources under '/work/ubuntu-ros2-dev/install/gmock_vendor/src/gmock_vendor': C++ tests using 'Google Mock' will be built
-- Found gtest sources under '/work/ubuntu-ros2-dev/install/gtest_vendor/src/gtest_vendor': C++ tests using 'Google Test' will be built
-- Performance tests are disabled by default, so Google Benchmark tests will be skipped. To enable these tests, set the CMake variable 'AMENT_RUN_PERFORMANCE_TESTS'.
-- Added test 'copyright' to check source files copyright and LICENSE
-- Added test 'cppcheck' to perform static code analysis on C / C++ code
-- Configured cppcheck include dirs: /work/ubuntu-ros2-dev/install/performance_test_fixture/include;$<BUILD_INTERFACE:/work/ubuntu-ros2-dev/src/ros2/rmw_dds_common/rmw_dds_common/include>
-- Configured cppcheck exclude dirs and/or files: 
-- Added test 'cpplint' to check C / C++ code against the Google style
-- Configured cpplint exclude dirs and/or files: 
-- Added test 'lint_cmake' to check CMake code style
-- Added test 'uncrustify' to check C / C++ code style
-- Configured uncrustify additional arguments: 
-- Added test 'xmllint' to check XML markup files
-- Configuring done
-- Generating done
-- Build files have been written to: /work/ubuntu-ros2-dev/build/rmw_dds_common
[  1%] [34m[1mGenerating type hashes for ROS interfaces[0m
[  1%] Built target rmw_dds_common__rosidl_generator_type_description
[  2%] [32mBuilding CXX object gmock/CMakeFiles/gmock.dir/work/ubuntu-ros2-dev/install/gtest_vendor/src/gtest_vendor/src/gtest-all.cc.o[0m
[  3%] [32mBuilding CXX object gmock/CMakeFiles/gmock.dir/src/gmock-all.cc.o[0m
[  5%] [32m[1mLinking CXX static library libgmock.a[0m
[  5%] Built target gmock
[  6%] [34m[1mGenerating C code for ROS interfaces[0m
[  7%] [32mBuilding C object CMakeFiles/rmw_dds_common__rosidl_generator_c.dir/rosidl_generator_c/rmw_dds_common/msg/detail/gid__description.c.o[0m
[  8%] [32mBuilding C object CMakeFiles/rmw_dds_common__rosidl_generator_c.dir/rosidl_generator_c/rmw_dds_common/msg/detail/node_entities_info__functions.c.o[0m
[ 10%] [32mBuilding C object CMakeFiles/rmw_dds_common__rosidl_generator_c.dir/rosidl_generator_c/rmw_dds_common/msg/detail/node_entities_info__type_support.c.o[0m
[ 11%] [32mBuilding C object CMakeFiles/rmw_dds_common__rosidl_generator_c.dir/rosidl_generator_c/rmw_dds_common/msg/detail/participant_entities_info__description.c.o[0m
[ 12%] [32mBuilding C object CMakeFiles/rmw_dds_common__rosidl_generator_c.dir/rosidl_generator_c/rmw_dds_common/msg/detail/participant_entities_info__functions.c.o[0m
[ 14%] [32mBuilding C object CMakeFiles/rmw_dds_common__rosidl_generator_c.dir/rosidl_generator_c/rmw_dds_common/msg/detail/participant_entities_info__type_support.c.o[0m
[ 15%] [32mBuilding C object CMakeFiles/rmw_dds_common__rosidl_generator_c.dir/rosidl_generator_c/rmw_dds_common/msg/detail/node_entities_info__description.c.o[0m
[ 16%] [32mBuilding C object CMakeFiles/rmw_dds_common__rosidl_generator_c.dir/rosidl_generator_c/rmw_dds_common/msg/detail/gid__type_support.c.o[0m
[ 17%] [32mBuilding C object CMakeFiles/rmw_dds_common__rosidl_generator_c.dir/rosidl_generator_c/rmw_dds_common/msg/detail/gid__functions.c.o[0m
[ 19%] [32m[1mLinking C shared library librmw_dds_common__rosidl_generator_c.so[0m
[ 19%] Built target rmw_dds_common__rosidl_generator_c
[ 20%] [34m[1mGenerating C++ code for ROS interfaces[0m
[ 20%] Built target rmw_dds_common__cpp
[ 21%] [34m[1mGenerating C type support dispatch for ROS interfaces[0m
[ 23%] [32mBuilding CXX object CMakeFiles/rmw_dds_common__rosidl_typesupport_c.dir/rosidl_typesupport_c/rmw_dds_common/msg/gid__type_support.cpp.o[0m
[ 24%] [32mBuilding CXX object CMakeFiles/rmw_dds_common__rosidl_typesupport_c.dir/rosidl_typesupport_c/rmw_dds_common/msg/node_entities_info__type_support.cpp.o[0m
[ 25%] [32mBuilding CXX object CMakeFiles/rmw_dds_common__rosidl_typesupport_c.dir/rosidl_typesupport_c/rmw_dds_common/msg/participant_entities_info__type_support.cpp.o[0m
[ 26%] [32m[1mLinking CXX shared library librmw_dds_common__rosidl_typesupport_c.so[0m
[ 26%] Built target rmw_dds_common__rosidl_typesupport_c
[ 28%] [34m[1mGenerating C++ type support for eProsima Fast-RTPS[0m
[ 29%] [32mBuilding CXX object CMakeFiles/rmw_dds_common__rosidl_typesupport_fastrtps_cpp.dir/rosidl_typesupport_fastrtps_cpp/rmw_dds_common/msg/detail/dds_fastrtps/gid__type_support.cpp.o[0m
[ 30%] [32mBuilding CXX object CMakeFiles/rmw_dds_common__rosidl_typesupport_fastrtps_cpp.dir/rosidl_typesupport_fastrtps_cpp/rmw_dds_common/msg/detail/dds_fastrtps/node_entities_info__type_support.cpp.o[0m
[ 32%] [32mBuilding CXX object CMakeFiles/rmw_dds_common__rosidl_typesupport_fastrtps_cpp.dir/rosidl_typesupport_fastrtps_cpp/rmw_dds_common/msg/detail/dds_fastrtps/participant_entities_info__type_support.cpp.o[0m
[ 33%] [32m[1mLinking CXX shared library librmw_dds_common__rosidl_typesupport_fastrtps_cpp.so[0m
[ 33%] Built target rmw_dds_common__rosidl_typesupport_fastrtps_cpp
[ 34%] [34m[1mGenerating C++ introspection for ROS interfaces[0m
[ 35%] [32mBuilding CXX object CMakeFiles/rmw_dds_common__rosidl_typesupport_introspection_cpp.dir/rosidl_typesupport_introspection_cpp/rmw_dds_common/msg/detail/gid__type_support.cpp.o[0m
[ 37%] [32mBuilding CXX object CMakeFiles/rmw_dds_common__rosidl_typesupport_introspection_cpp.dir/rosidl_typesupport_introspection_cpp/rmw_dds_common/msg/detail/participant_entities_info__type_support.cpp.o[0m
[ 38%] [32mBuilding CXX object CMakeFiles/rmw_dds_common__rosidl_typesupport_introspection_cpp.dir/rosidl_typesupport_introspection_cpp/rmw_dds_common/msg/detail/node_entities_info__type_support.cpp.o[0m
[ 39%] [32m[1mLinking CXX shared library librmw_dds_common__rosidl_typesupport_introspection_cpp.so[0m
[ 39%] Built target rmw_dds_common__rosidl_typesupport_introspection_cpp
[ 41%] [34m[1mGenerating C++ type support dispatch for ROS interfaces[0m
[ 42%] [32mBuilding CXX object CMakeFiles/rmw_dds_common__rosidl_typesupport_cpp.dir/rosidl_typesupport_cpp/rmw_dds_common/msg/gid__type_support.cpp.o[0m
[ 43%] [32mBuilding CXX object CMakeFiles/rmw_dds_common__rosidl_typesupport_cpp.dir/rosidl_typesupport_cpp/rmw_dds_common/msg/participant_entities_info__type_support.cpp.o[0m
[ 44%] [32mBuilding CXX object CMakeFiles/rmw_dds_common__rosidl_typesupport_cpp.dir/rosidl_typesupport_cpp/rmw_dds_common/msg/node_entities_info__type_support.cpp.o[0m
[ 46%] [32m[1mLinking CXX shared library librmw_dds_common__rosidl_typesupport_cpp.so[0m
[ 46%] Built target rmw_dds_common__rosidl_typesupport_cpp
[ 47%] [34m[1mGenerating C introspection for ROS interfaces[0m
[ 48%] [32mBuilding C object CMakeFiles/rmw_dds_common__rosidl_typesupport_introspection_c.dir/rosidl_typesupport_introspection_c/rmw_dds_common/msg/detail/gid__type_support.c.o[0m
[ 50%] [32mBuilding C object CMakeFiles/rmw_dds_common__rosidl_typesupport_introspection_c.dir/rosidl_typesupport_introspection_c/rmw_dds_common/msg/detail/participant_entities_info__type_support.c.o[0m
[ 51%] [32mBuilding C object CMakeFiles/rmw_dds_common__rosidl_typesupport_introspection_c.dir/rosidl_typesupport_introspection_c/rmw_dds_common/msg/detail/node_entities_info__type_support.c.o[0m
[ 52%] [32m[1mLinking C shared library librmw_dds_common__rosidl_typesupport_introspection_c.so[0m
[ 52%] Built target rmw_dds_common__rosidl_typesupport_introspection_c
[ 53%] [34m[1mGenerating C type support for eProsima Fast-RTPS[0m
[ 55%] [32mBuilding CXX object CMakeFiles/rmw_dds_common__rosidl_typesupport_fastrtps_c.dir/rosidl_typesupport_fastrtps_c/rmw_dds_common/msg/detail/gid__type_support_c.cpp.o[0m
[ 56%] [32mBuilding CXX object CMakeFiles/rmw_dds_common__rosidl_typesupport_fastrtps_c.dir/rosidl_typesupport_fastrtps_c/rmw_dds_common/msg/detail/participant_entities_info__type_support_c.cpp.o[0m
[ 57%] [32mBuilding CXX object CMakeFiles/rmw_dds_common__rosidl_typesupport_fastrtps_c.dir/rosidl_typesupport_fastrtps_c/rmw_dds_common/msg/detail/node_entities_info__type_support_c.cpp.o[0m
[ 58%] [32m[1mLinking CXX shared library librmw_dds_common__rosidl_typesupport_fastrtps_c.so[0m
[ 58%] Built target rmw_dds_common__rosidl_typesupport_fastrtps_c
[ 60%] [32mBuilding CXX object gmock/CMakeFiles/gmock_main.dir/src/gmock_main.cc.o[0m
[ 61%] [32m[1mLinking CXX static library libgmock_main.a[0m
[ 61%] Built target gmock_main
[ 61%] Built target rmw_dds_common
[ 61%] Built target ament_cmake_python_symlink_rmw_dds_common
[ 62%] [32mBuilding CXX object CMakeFiles/rmw_dds_common_library.dir/src/context.cpp.o[0m
[ 64%] [32mBuilding CXX object CMakeFiles/rmw_dds_common_library.dir/src/time_utils.cpp.o[0m
[ 65%] [32mBuilding CXX object CMakeFiles/rmw_dds_common_library.dir/src/security.cpp.o[0m
[ 66%] [32mBuilding CXX object CMakeFiles/rmw_dds_common_library.dir/src/qos.cpp.o[0m
[ 67%] [32mBuilding CXX object CMakeFiles/rmw_dds_common_library.dir/src/graph_cache.cpp.o[0m
[ 69%] [32mBuilding CXX object CMakeFiles/rmw_dds_common_library.dir/src/gid_utils.cpp.o[0m
[ 70%] [32m[1mLinking CXX shared library librmw_dds_common.so[0m
[ 70%] Built target rmw_dds_common_library
running egg_info
creating rmw_dds_common.egg-info
writing rmw_dds_common.egg-info/PKG-INFO
writing dependency_links to rmw_dds_common.egg-info/dependency_links.txt
writing top-level names to rmw_dds_common.egg-info/top_level.txt
writing manifest file 'rmw_dds_common.egg-info/SOURCES.txt'
reading manifest file 'rmw_dds_common.egg-info/SOURCES.txt'
writing manifest file 'rmw_dds_common.egg-info/SOURCES.txt'
[ 70%] Built target ament_cmake_python_build_rmw_dds_common_egg
[ 71%] [32mBuilding CXX object CMakeFiles/benchmark_graph_cache.dir/test/benchmark/benchmark_graph_cache.cpp.o[0m
[ 73%] [32m[1mLinking CXX executable benchmark_graph_cache[0m
[ 73%] Built target benchmark_graph_cache
[ 74%] [32mBuilding CXX object CMakeFiles/test_security.dir/test/test_security.cpp.o[0m
[ 75%] [32m[1mLinking CXX executable test_security[0m
[ 75%] Built target test_security
[ 76%] [32mBuilding CXX object CMakeFiles/test_time_utils.dir/test/test_time_utils.cpp.o[0m
[ 78%] [32m[1mLinking CXX executable test_time_utils[0m
[ 78%] Built target test_time_utils
[ 79%] [32mBuilding CXX object CMakeFiles/test_qos.dir/test/test_qos.cpp.o[0m
[ 80%] [32m[1mLinking CXX executable test_qos[0m
[ 80%] Built target test_qos
[ 82%] [32mBuilding CXX object CMakeFiles/test_gid_utils.dir/test/test_gid_utils.cpp.o[0m
[ 83%] [32m[1mLinking CXX executable test_gid_utils[0m
[ 83%] Built target test_gid_utils
[ 84%] [32mBuilding CXX object CMakeFiles/test_graph_cache.dir/test/test_graph_cache.cpp.o[0m
[ 85%] [32m[1mLinking CXX executable test_graph_cache[0m
[ 85%] Built target test_graph_cache
[ 87%] [34m[1mGenerating Python code for ROS interfaces[0m
[ 87%] Built target rmw_dds_common__py
[ 88%] [32mBuilding C object CMakeFiles/rmw_dds_common__rosidl_generator_py.dir/rosidl_generator_py/rmw_dds_common/msg/_gid_s.c.o[0m
[ 89%] [32mBuilding C object CMakeFiles/rmw_dds_common__rosidl_generator_py.dir/rosidl_generator_py/rmw_dds_common/msg/_node_entities_info_s.c.o[0m
[ 91%] [32mBuilding C object CMakeFiles/rmw_dds_common__rosidl_generator_py.dir/rosidl_generator_py/rmw_dds_common/msg/_participant_entities_info_s.c.o[0m
[ 92%] [32m[1mLinking C shared library librmw_dds_common__rosidl_generator_py.so[0m
[ 92%] Built target rmw_dds_common__rosidl_generator_py
[ 93%] [32mBuilding C object CMakeFiles/rmw_dds_common_s__rosidl_typesupport_introspection_c.dir/rosidl_generator_py/rmw_dds_common/_rmw_dds_common_s.ep.rosidl_typesupport_introspection_c.c.o[0m
[ 94%] [32mBuilding C object CMakeFiles/rmw_dds_common_s__rosidl_typesupport_fastrtps_c.dir/rosidl_generator_py/rmw_dds_common/_rmw_dds_common_s.ep.rosidl_typesupport_fastrtps_c.c.o[0m
[ 96%] [32m[1mLinking C shared module rosidl_generator_py/rmw_dds_common/rmw_dds_common_s__rosidl_typesupport_introspection_c.so[0m
[ 97%] [32m[1mLinking C shared module rosidl_generator_py/rmw_dds_common/rmw_dds_common_s__rosidl_typesupport_fastrtps_c.so[0m
[ 97%] Built target rmw_dds_common_s__rosidl_typesupport_introspection_c
[ 97%] Built target rmw_dds_common_s__rosidl_typesupport_fastrtps_c
[ 98%] [32mBuilding C object CMakeFiles/rmw_dds_common_s__rosidl_typesupport_c.dir/rosidl_generator_py/rmw_dds_common/_rmw_dds_common_s.ep.rosidl_typesupport_c.c.o[0m
[100%] [32m[1mLinking C shared module rosidl_generator_py/rmw_dds_common/rmw_dds_common_s__rosidl_typesupport_c.so[0m
[100%] Built target rmw_dds_common_s__rosidl_typesupport_c
-- Install configuration: ""
-- Execute custom install script
-- Symlinking: /work/ubuntu-ros2-dev/install/rmw_dds_common/share/ament_index/resource_index/rosidl_interfaces/rmw_dds_common
-- Symlinking: /work/ubuntu-ros2-dev/install/rmw_dds_common/share/rmw_dds_common/msg/Gid.json
-- Symlinking: /work/ubuntu-ros2-dev/install/rmw_dds_common/share/rmw_dds_common/msg/NodeEntitiesInfo.json
-- Symlinking: /work/ubuntu-ros2-dev/install/rmw_dds_common/share/rmw_dds_common/msg/ParticipantEntitiesInfo.json
-- Symlinking: /work/ubuntu-ros2-dev/install/rmw_dds_common/include/rmw_dds_common/rmw_dds_common/msg/detail/gid__functions.h
-- Symlinking: /work/ubuntu-ros2-dev/install/rmw_dds_common/include/rmw_dds_common/rmw_dds_common/msg/detail/gid__struct.h
-- Symlinking: /work/ubuntu-ros2-dev/install/rmw_dds_common/include/rmw_dds_common/rmw_dds_common/msg/detail/gid__type_support.h
-- Symlinking: /work/ubuntu-ros2-dev/install/rmw_dds_common/include/rmw_dds_common/rmw_dds_common/msg/detail/node_entities_info__functions.h
-- Symlinking: /work/ubuntu-ros2-dev/install/rmw_dds_common/include/rmw_dds_common/rmw_dds_common/msg/detail/node_entities_info__struct.h
-- Symlinking: /work/ubuntu-ros2-dev/install/rmw_dds_common/include/rmw_dds_common/rmw_dds_common/msg/detail/node_entities_info__type_support.h
-- Symlinking: /work/ubuntu-ros2-dev/install/rmw_dds_common/include/rmw_dds_common/rmw_dds_common/msg/detail/participant_entities_info__functions.h
-- Symlinking: /work/ubuntu-ros2-dev/install/rmw_dds_common/include/rmw_dds_common/rmw_dds_common/msg/detail/participant_entities_info__struct.h
-- Symlinking: /work/ubuntu-ros2-dev/install/rmw_dds_common/include/rmw_dds_common/rmw_dds_common/msg/detail/participant_entities_info__type_support.h
-- Symlinking: /work/ubuntu-ros2-dev/install/rmw_dds_common/include/rmw_dds_common/rmw_dds_common/msg/gid.h
-- Symlinking: /work/ubuntu-ros2-dev/install/rmw_dds_common/include/rmw_dds_common/rmw_dds_common/msg/node_entities_info.h
-- Symlinking: /work/ubuntu-ros2-dev/install/rmw_dds_common/include/rmw_dds_common/rmw_dds_common/msg/participant_entities_info.h
-- Symlinking: /work/ubuntu-ros2-dev/install/rmw_dds_common/include/rmw_dds_common/rmw_dds_common/msg/rosidl_generator_c__visibility_control.h
-- Symlinking: /work/ubuntu-ros2-dev/install/rmw_dds_common/share/rmw_dds_common/environment/library_path.sh
-- Symlinking: /work/ubuntu-ros2-dev/install/rmw_dds_common/share/rmw_dds_common/environment/library_path.dsv
-- Symlinking: /work/ubuntu-ros2-dev/install/rmw_dds_common/include/rmw_dds_common/rmw_dds_common/msg/detail/gid__rosidl_typesupport_fastrtps_c.h
-- Symlinking: /work/ubuntu-ros2-dev/install/rmw_dds_common/include/rmw_dds_common/rmw_dds_common/msg/detail/node_entities_info__rosidl_typesupport_fastrtps_c.h
-- Symlinking: /work/ubuntu-ros2-dev/install/rmw_dds_common/include/rmw_dds_common/rmw_dds_common/msg/detail/participant_entities_info__rosidl_typesupport_fastrtps_c.h
-- Symlinking: /work/ubuntu-ros2-dev/install/rmw_dds_common/include/rmw_dds_common/rmw_dds_common/msg/rosidl_typesupport_fastrtps_c__visibility_control.h
-- Symlinking: /work/ubuntu-ros2-dev/install/rmw_dds_common/include/rmw_dds_common/rmw_dds_common/msg/detail/gid__rosidl_typesupport_introspection_c.h
-- Symlinking: /work/ubuntu-ros2-dev/install/rmw_dds_common/include/rmw_dds_common/rmw_dds_common/msg/detail/node_entities_info__rosidl_typesupport_introspection_c.h
-- Symlinking: /work/ubuntu-ros2-dev/install/rmw_dds_common/include/rmw_dds_common/rmw_dds_common/msg/detail/participant_entities_info__rosidl_typesupport_introspection_c.h
-- Symlinking: /work/ubuntu-ros2-dev/install/rmw_dds_common/include/rmw_dds_common/rmw_dds_common/msg/rosidl_typesupport_introspection_c__visibility_control.h
-- Symlinking: /work/ubuntu-ros2-dev/install/rmw_dds_common/include/rmw_dds_common/rmw_dds_common/msg/detail/gid__builder.hpp
-- Symlinking: /work/ubuntu-ros2-dev/install/rmw_dds_common/include/rmw_dds_common/rmw_dds_common/msg/detail/gid__struct.hpp
-- Symlinking: /work/ubuntu-ros2-dev/install/rmw_dds_common/include/rmw_dds_common/rmw_dds_common/msg/detail/gid__traits.hpp
-- Symlinking: /work/ubuntu-ros2-dev/install/rmw_dds_common/include/rmw_dds_common/rmw_dds_common/msg/detail/gid__type_support.hpp
-- Symlinking: /work/ubuntu-ros2-dev/install/rmw_dds_common/include/rmw_dds_common/rmw_dds_common/msg/detail/node_entities_info__builder.hpp
-- Symlinking: /work/ubuntu-ros2-dev/install/rmw_dds_common/include/rmw_dds_common/rmw_dds_common/msg/detail/node_entities_info__struct.hpp
-- Symlinking: /work/ubuntu-ros2-dev/install/rmw_dds_common/include/rmw_dds_common/rmw_dds_common/msg/detail/node_entities_info__traits.hpp
-- Symlinking: /work/ubuntu-ros2-dev/install/rmw_dds_common/include/rmw_dds_common/rmw_dds_common/msg/detail/node_entities_info__type_support.hpp
-- Symlinking: /work/ubuntu-ros2-dev/install/rmw_dds_common/include/rmw_dds_common/rmw_dds_common/msg/detail/participant_entities_info__builder.hpp
-- Symlinking: /work/ubuntu-ros2-dev/install/rmw_dds_common/include/rmw_dds_common/rmw_dds_common/msg/detail/participant_entities_info__struct.hpp
-- Symlinking: /work/ubuntu-ros2-dev/install/rmw_dds_common/include/rmw_dds_common/rmw_dds_common/msg/detail/participant_entities_info__traits.hpp
-- Symlinking: /work/ubuntu-ros2-dev/install/rmw_dds_common/include/rmw_dds_common/rmw_dds_common/msg/detail/participant_entities_info__type_support.hpp
-- Symlinking: /work/ubuntu-ros2-dev/install/rmw_dds_common/include/rmw_dds_common/rmw_dds_common/msg/gid.hpp
-- Symlinking: /work/ubuntu-ros2-dev/install/rmw_dds_common/include/rmw_dds_common/rmw_dds_common/msg/node_entities_info.hpp
-- Symlinking: /work/ubuntu-ros2-dev/install/rmw_dds_common/include/rmw_dds_common/rmw_dds_common/msg/participant_entities_info.hpp
-- Symlinking: /work/ubuntu-ros2-dev/install/rmw_dds_common/include/rmw_dds_common/rmw_dds_common/msg/rosidl_generator_cpp__visibility_control.hpp
-- Symlinking: /work/ubuntu-ros2-dev/install/rmw_dds_common/include/rmw_dds_common/rmw_dds_common/msg/detail/gid__rosidl_typesupport_introspection_cpp.hpp
-- Symlinking: /work/ubuntu-ros2-dev/install/rmw_dds_common/include/rmw_dds_common/rmw_dds_common/msg/detail/node_entities_info__rosidl_typesupport_introspection_cpp.hpp
-- Symlinking: /work/ubuntu-ros2-dev/install/rmw_dds_common/include/rmw_dds_common/rmw_dds_common/msg/detail/participant_entities_info__rosidl_typesupport_introspection_cpp.hpp
-- Symlinking: /work/ubuntu-ros2-dev/install/rmw_dds_common/include/rmw_dds_common/rmw_dds_common/msg/detail/gid__rosidl_typesupport_fastrtps_cpp.hpp
-- Symlinking: /work/ubuntu-ros2-dev/install/rmw_dds_common/include/rmw_dds_common/rmw_dds_common/msg/detail/node_entities_info__rosidl_typesupport_fastrtps_cpp.hpp
-- Symlinking: /work/ubuntu-ros2-dev/install/rmw_dds_common/include/rmw_dds_common/rmw_dds_common/msg/detail/participant_entities_info__rosidl_typesupport_fastrtps_cpp.hpp
-- Symlinking: /work/ubuntu-ros2-dev/install/rmw_dds_common/include/rmw_dds_common/rmw_dds_common/msg/rosidl_typesupport_fastrtps_cpp__visibility_control.h
-- Symlinking: /work/ubuntu-ros2-dev/install/rmw_dds_common/share/rmw_dds_common/environment/pythonpath.sh
-- Symlinking: /work/ubuntu-ros2-dev/install/rmw_dds_common/share/rmw_dds_common/environment/pythonpath.dsv
-- Symlinking: /work/ubuntu-ros2-dev/install/rmw_dds_common/lib/python3.10/site-packages/rmw_dds_common-3.1.0-py3.10.egg-info/PKG-INFO
-- Symlinking: /work/ubuntu-ros2-dev/install/rmw_dds_common/lib/python3.10/site-packages/rmw_dds_common-3.1.0-py3.10.egg-info/SOURCES.txt
-- Symlinking: /work/ubuntu-ros2-dev/install/rmw_dds_common/lib/python3.10/site-packages/rmw_dds_common-3.1.0-py3.10.egg-info/dependency_links.txt
-- Symlinking: /work/ubuntu-ros2-dev/install/rmw_dds_common/lib/python3.10/site-packages/rmw_dds_common-3.1.0-py3.10.egg-info/top_level.txt
-- Symlinking: /work/ubuntu-ros2-dev/install/rmw_dds_common/lib/python3.10/site-packages/rmw_dds_common/__init__.py
-- Symlinking: /work/ubuntu-ros2-dev/install/rmw_dds_common/lib/python3.10/site-packages/rmw_dds_common/_rmw_dds_common_s.ep.rosidl_typesupport_c.c
-- Symlinking: /work/ubuntu-ros2-dev/install/rmw_dds_common/lib/python3.10/site-packages/rmw_dds_common/_rmw_dds_common_s.ep.rosidl_typesupport_fastrtps_c.c
-- Symlinking: /work/ubuntu-ros2-dev/install/rmw_dds_common/lib/python3.10/site-packages/rmw_dds_common/_rmw_dds_common_s.ep.rosidl_typesupport_introspection_c.c
-- Symlinking: /work/ubuntu-ros2-dev/install/rmw_dds_common/lib/python3.10/site-packages/rmw_dds_common/msg/__init__.py
-- Symlinking: /work/ubuntu-ros2-dev/install/rmw_dds_common/lib/python3.10/site-packages/rmw_dds_common/msg/_gid.py
-- Symlinking: /work/ubuntu-ros2-dev/install/rmw_dds_common/lib/python3.10/site-packages/rmw_dds_common/msg/_gid_s.c
-- Symlinking: /work/ubuntu-ros2-dev/install/rmw_dds_common/lib/python3.10/site-packages/rmw_dds_common/msg/_node_entities_info.py
-- Symlinking: /work/ubuntu-ros2-dev/install/rmw_dds_common/lib/python3.10/site-packages/rmw_dds_common/msg/_node_entities_info_s.c
-- Symlinking: /work/ubuntu-ros2-dev/install/rmw_dds_common/lib/python3.10/site-packages/rmw_dds_common/msg/_participant_entities_info.py
-- Symlinking: /work/ubuntu-ros2-dev/install/rmw_dds_common/lib/python3.10/site-packages/rmw_dds_common/msg/_participant_entities_info_s.c
-- Symlinking: /work/ubuntu-ros2-dev/install/rmw_dds_common/lib/python3.10/site-packages/rmw_dds_common/rmw_dds_common_s__rosidl_typesupport_c.so
-- Symlinking: /work/ubuntu-ros2-dev/install/rmw_dds_common/lib/python3.10/site-packages/rmw_dds_common/rmw_dds_common_s__rosidl_typesupport_fastrtps_c.so
-- Symlinking: /work/ubuntu-ros2-dev/install/rmw_dds_common/lib/python3.10/site-packages/rmw_dds_common/rmw_dds_common_s__rosidl_typesupport_introspection_c.so
-- Up-to-date symlink: /work/ubuntu-ros2-dev/install/rmw_dds_common/lib/python3.10/site-packages/rmw_dds_common/rmw_dds_common_s__rosidl_typesupport_fastrtps_c.so
-- Up-to-date symlink: /work/ubuntu-ros2-dev/install/rmw_dds_common/lib/python3.10/site-packages/rmw_dds_common/rmw_dds_common_s__rosidl_typesupport_introspection_c.so
-- Up-to-date symlink: /work/ubuntu-ros2-dev/install/rmw_dds_common/lib/python3.10/site-packages/rmw_dds_common/rmw_dds_common_s__rosidl_typesupport_c.so
-- Symlinking: /work/ubuntu-ros2-dev/install/rmw_dds_common/share/rmw_dds_common/msg/Gid.idl
-- Symlinking: /work/ubuntu-ros2-dev/install/rmw_dds_common/share/rmw_dds_common/msg/NodeEntitiesInfo.idl
-- Symlinking: /work/ubuntu-ros2-dev/install/rmw_dds_common/share/rmw_dds_common/msg/ParticipantEntitiesInfo.idl
-- Symlinking: /work/ubuntu-ros2-dev/install/rmw_dds_common/share/rmw_dds_common/msg/Gid.msg
-- Symlinking: /work/ubuntu-ros2-dev/install/rmw_dds_common/share/rmw_dds_common/msg/NodeEntitiesInfo.msg
-- Symlinking: /work/ubuntu-ros2-dev/install/rmw_dds_common/share/rmw_dds_common/msg/ParticipantEntitiesInfo.msg
-- Symlinking: /work/ubuntu-ros2-dev/install/rmw_dds_common/include/rmw_dds_common/rmw_dds_common/context.hpp
-- Symlinking: /work/ubuntu-ros2-dev/install/rmw_dds_common/include/rmw_dds_common/rmw_dds_common/gid_utils.hpp
-- Symlinking: /work/ubuntu-ros2-dev/install/rmw_dds_common/include/rmw_dds_common/rmw_dds_common/graph_cache.hpp
-- Symlinking: /work/ubuntu-ros2-dev/install/rmw_dds_common/include/rmw_dds_common/rmw_dds_common/qos.hpp
-- Symlinking: /work/ubuntu-ros2-dev/install/rmw_dds_common/include/rmw_dds_common/rmw_dds_common/security.hpp
-- Symlinking: /work/ubuntu-ros2-dev/install/rmw_dds_common/include/rmw_dds_common/rmw_dds_common/time_utils.hpp
-- Symlinking: /work/ubuntu-ros2-dev/install/rmw_dds_common/include/rmw_dds_common/rmw_dds_common/visibility_control.h
-- Symlinking: /work/ubuntu-ros2-dev/install/rmw_dds_common/share/ament_index/resource_index/package_run_dependencies/rmw_dds_common
-- Symlinking: /work/ubuntu-ros2-dev/install/rmw_dds_common/share/ament_index/resource_index/parent_prefix_path/rmw_dds_common
-- Symlinking: /work/ubuntu-ros2-dev/install/rmw_dds_common/share/rmw_dds_common/environment/ament_prefix_path.sh
-- Symlinking: /work/ubuntu-ros2-dev/install/rmw_dds_common/share/rmw_dds_common/environment/ament_prefix_path.dsv
-- Symlinking: /work/ubuntu-ros2-dev/install/rmw_dds_common/share/rmw_dds_common/environment/path.sh
-- Symlinking: /work/ubuntu-ros2-dev/install/rmw_dds_common/share/rmw_dds_common/environment/path.dsv
-- Symlinking: /work/ubuntu-ros2-dev/install/rmw_dds_common/share/rmw_dds_common/local_setup.bash
-- Symlinking: /work/ubuntu-ros2-dev/install/rmw_dds_common/share/rmw_dds_common/local_setup.sh
-- Symlinking: /work/ubuntu-ros2-dev/install/rmw_dds_common/share/rmw_dds_common/local_setup.zsh
-- Symlinking: /work/ubuntu-ros2-dev/install/rmw_dds_common/share/rmw_dds_common/local_setup.dsv
-- Symlinking: /work/ubuntu-ros2-dev/install/rmw_dds_common/share/rmw_dds_common/package.dsv
-- Symlinking: /work/ubuntu-ros2-dev/install/rmw_dds_common/share/ament_index/resource_index/packages/rmw_dds_common
-- Symlinking: /work/ubuntu-ros2-dev/install/rmw_dds_common/share/rmw_dds_common/cmake/ament_cmake_export_dependencies-extras.cmake
-- Symlinking: /work/ubuntu-ros2-dev/install/rmw_dds_common/share/rmw_dds_common/cmake/rosidl_cmake-extras.cmake
-- Symlinking: /work/ubuntu-ros2-dev/install/rmw_dds_common/share/rmw_dds_common/cmake/ament_cmake_export_include_directories-extras.cmake
-- Symlinking: /work/ubuntu-ros2-dev/install/rmw_dds_common/share/rmw_dds_common/cmake/ament_cmake_export_libraries-extras.cmake
-- Symlinking: /work/ubuntu-ros2-dev/install/rmw_dds_common/share/rmw_dds_common/cmake/ament_cmake_export_targets-extras.cmake
-- Symlinking: /work/ubuntu-ros2-dev/install/rmw_dds_common/share/rmw_dds_common/cmake/rosidl_cmake_export_typesupport_targets-extras.cmake
-- Symlinking: /work/ubuntu-ros2-dev/install/rmw_dds_common/share/rmw_dds_common/cmake/rosidl_cmake_export_typesupport_libraries-extras.cmake
-- Symlinking: /work/ubuntu-ros2-dev/install/rmw_dds_common/share/rmw_dds_common/cmake/rmw_dds_commonConfig.cmake
-- Symlinking: /work/ubuntu-ros2-dev/install/rmw_dds_common/share/rmw_dds_common/cmake/rmw_dds_commonConfig-version.cmake
-- Symlinking: /work/ubuntu-ros2-dev/install/rmw_dds_common/share/rmw_dds_common/package.xml
-- Installing: /work/ubuntu-ros2-dev/install/rmw_dds_common/lib/librmw_dds_common__rosidl_generator_c.so
-- Set runtime path of "/work/ubuntu-ros2-dev/install/rmw_dds_common/lib/librmw_dds_common__rosidl_generator_c.so" to ""
-- Installing: /work/ubuntu-ros2-dev/install/rmw_dds_common/lib/librmw_dds_common__rosidl_typesupport_fastrtps_c.so
-- Set runtime path of "/work/ubuntu-ros2-dev/install/rmw_dds_common/lib/librmw_dds_common__rosidl_typesupport_fastrtps_c.so" to ""
-- Installing: /work/ubuntu-ros2-dev/install/rmw_dds_common/lib/librmw_dds_common__rosidl_typesupport_introspection_c.so
-- Set runtime path of "/work/ubuntu-ros2-dev/install/rmw_dds_common/lib/librmw_dds_common__rosidl_typesupport_introspection_c.so" to ""
-- Installing: /work/ubuntu-ros2-dev/install/rmw_dds_common/lib/librmw_dds_common__rosidl_typesupport_c.so
-- Set runtime path of "/work/ubuntu-ros2-dev/install/rmw_dds_common/lib/librmw_dds_common__rosidl_typesupport_c.so" to ""
-- Installing: /work/ubuntu-ros2-dev/install/rmw_dds_common/lib/librmw_dds_common__rosidl_typesupport_introspection_cpp.so
-- Set runtime path of "/work/ubuntu-ros2-dev/install/rmw_dds_common/lib/librmw_dds_common__rosidl_typesupport_introspection_cpp.so" to ""
-- Installing: /work/ubuntu-ros2-dev/install/rmw_dds_common/lib/librmw_dds_common__rosidl_typesupport_fastrtps_cpp.so
-- Set runtime path of "/work/ubuntu-ros2-dev/install/rmw_dds_common/lib/librmw_dds_common__rosidl_typesupport_fastrtps_cpp.so" to ""
-- Installing: /work/ubuntu-ros2-dev/install/rmw_dds_common/lib/librmw_dds_common__rosidl_typesupport_cpp.so
-- Set runtime path of "/work/ubuntu-ros2-dev/install/rmw_dds_common/lib/librmw_dds_common__rosidl_typesupport_cpp.so" to ""
Listing '/work/ubuntu-ros2-dev/install/rmw_dds_common/lib/python3.10/site-packages/rmw_dds_common'...
Compiling '/work/ubuntu-ros2-dev/install/rmw_dds_common/lib/python3.10/site-packages/rmw_dds_common/__init__.py'...
Listing '/work/ubuntu-ros2-dev/install/rmw_dds_common/lib/python3.10/site-packages/rmw_dds_common/msg'...
Compiling '/work/ubuntu-ros2-dev/install/rmw_dds_common/lib/python3.10/site-packages/rmw_dds_common/msg/__init__.py'...
Compiling '/work/ubuntu-ros2-dev/install/rmw_dds_common/lib/python3.10/site-packages/rmw_dds_common/msg/_gid.py'...
Compiling '/work/ubuntu-ros2-dev/install/rmw_dds_common/lib/python3.10/site-packages/rmw_dds_common/msg/_node_entities_info.py'...
Compiling '/work/ubuntu-ros2-dev/install/rmw_dds_common/lib/python3.10/site-packages/rmw_dds_common/msg/_participant_entities_info.py'...
-- Installing: /work/ubuntu-ros2-dev/install/rmw_dds_common/lib/librmw_dds_common__rosidl_generator_py.so
-- Set runtime path of "/work/ubuntu-ros2-dev/install/rmw_dds_common/lib/librmw_dds_common__rosidl_generator_py.so" to ""
-- Installing: /work/ubuntu-ros2-dev/install/rmw_dds_common/lib/librmw_dds_common.so
-- Set runtime path of "/work/ubuntu-ros2-dev/install/rmw_dds_common/lib/librmw_dds_common.so" to ""
-- Installing: /work/ubuntu-ros2-dev/install/rmw_dds_common/share/rmw_dds_common/cmake/export_rmw_dds_common__rosidl_generator_cExport.cmake
-- Installing: /work/ubuntu-ros2-dev/install/rmw_dds_common/share/rmw_dds_common/cmake/export_rmw_dds_common__rosidl_generator_cExport-noconfig.cmake
-- Installing: /work/ubuntu-ros2-dev/install/rmw_dds_common/share/rmw_dds_common/cmake/export_rmw_dds_common__rosidl_typesupport_fastrtps_cExport.cmake
-- Installing: /work/ubuntu-ros2-dev/install/rmw_dds_common/share/rmw_dds_common/cmake/export_rmw_dds_common__rosidl_typesupport_fastrtps_cExport-noconfig.cmake
-- Installing: /work/ubuntu-ros2-dev/install/rmw_dds_common/share/rmw_dds_common/cmake/rmw_dds_common__rosidl_typesupport_introspection_cExport.cmake
-- Installing: /work/ubuntu-ros2-dev/install/rmw_dds_common/share/rmw_dds_common/cmake/rmw_dds_common__rosidl_typesupport_introspection_cExport-noconfig.cmake
-- Installing: /work/ubuntu-ros2-dev/install/rmw_dds_common/share/rmw_dds_common/cmake/rmw_dds_common__rosidl_typesupport_cExport.cmake
-- Installing: /work/ubuntu-ros2-dev/install/rmw_dds_common/share/rmw_dds_common/cmake/rmw_dds_common__rosidl_typesupport_cExport-noconfig.cmake
-- Installing: /work/ubuntu-ros2-dev/install/rmw_dds_common/share/rmw_dds_common/cmake/export_rmw_dds_common__rosidl_generator_cppExport.cmake
-- Installing: /work/ubuntu-ros2-dev/install/rmw_dds_common/share/rmw_dds_common/cmake/rmw_dds_common__rosidl_typesupport_introspection_cppExport.cmake
-- Installing: /work/ubuntu-ros2-dev/install/rmw_dds_common/share/rmw_dds_common/cmake/rmw_dds_common__rosidl_typesupport_introspection_cppExport-noconfig.cmake
-- Installing: /work/ubuntu-ros2-dev/install/rmw_dds_common/share/rmw_dds_common/cmake/export_rmw_dds_common__rosidl_typesupport_fastrtps_cppExport.cmake
-- Installing: /work/ubuntu-ros2-dev/install/rmw_dds_common/share/rmw_dds_common/cmake/export_rmw_dds_common__rosidl_typesupport_fastrtps_cppExport-noconfig.cmake
-- Installing: /work/ubuntu-ros2-dev/install/rmw_dds_common/share/rmw_dds_common/cmake/rmw_dds_common__rosidl_typesupport_cppExport.cmake
-- Installing: /work/ubuntu-ros2-dev/install/rmw_dds_common/share/rmw_dds_common/cmake/rmw_dds_common__rosidl_typesupport_cppExport-noconfig.cmake
-- Installing: /work/ubuntu-ros2-dev/install/rmw_dds_common/share/rmw_dds_common/cmake/export_rmw_dds_common__rosidl_generator_pyExport.cmake
-- Installing: /work/ubuntu-ros2-dev/install/rmw_dds_common/share/rmw_dds_common/cmake/export_rmw_dds_common__rosidl_generator_pyExport-noconfig.cmake
-- Installing: /work/ubuntu-ros2-dev/install/rmw_dds_common/share/rmw_dds_common/cmake/rmw_dds_common_libraryExport.cmake
-- Installing: /work/ubuntu-ros2-dev/install/rmw_dds_common/share/rmw_dds_common/cmake/rmw_dds_common_libraryExport-noconfig.cmake
