-- The C compiler identification is GNU 11.4.0
-- The CXX compiler identification is GNU 11.4.0
-- Detecting C compiler ABI info
-- Detecting C compiler ABI info - done
-- Check for working C compiler: /usr/bin/cc - skipped
-- Detecting C compile features
-- Detecting C compile features - done
-- Detecting CXX compiler ABI info
-- Detecting CXX compiler ABI info - done
-- Check for working CXX compiler: /usr/bin/c++ - skipped
-- Detecting CXX compile features
-- Detecting CXX compile features - done
-- Found ament_cmake: 2.5.2 (/work/ubuntu-ros2-dev/install/ament_cmake/share/ament_cmake/cmake)
-- Found Python3: /usr/bin/python3 (found version "3.10.12") found components: Interpreter 
-- Override CMake install command with custom implementation using symlinks instead of copying resources
-- Found rosidl_default_generators: 1.6.0 (/work/ubuntu-ros2-dev/install/rosidl_default_generators/share/rosidl_default_generators/cmake)
-- Using all available rosidl_typesupport_c: rosidl_typesupport_fastrtps_c;rosidl_typesupport_introspection_c
-- Using all available rosidl_typesupport_cpp: rosidl_typesupport_introspection_cpp;rosidl_typesupport_fastrtps_cpp
-- Found rosidl_adapter: 4.6.4 (/work/ubuntu-ros2-dev/install/rosidl_adapter/share/rosidl_adapter/cmake)
-- Found ament_cmake_pytest: 2.5.2 (/work/ubuntu-ros2-dev/install/ament_cmake_pytest/share/ament_cmake_pytest/cmake)
-- Found python_cmake_module: 0.11.1 (/work/ubuntu-ros2-dev/install/python_cmake_module/share/python_cmake_module/cmake)
-- Found PythonExtra: /usr/bin/python3  
-- Found ament_cmake_ros: 0.12.0 (/work/ubuntu-ros2-dev/install/ament_cmake_ros/share/ament_cmake_ros/cmake)
-- Using all available rosidl_typesupport_c: rosidl_typesupport_fastrtps_c;rosidl_typesupport_introspection_c
-- Using all available rosidl_typesupport_cpp: rosidl_typesupport_introspection_cpp;rosidl_typesupport_fastrtps_cpp
-- Found Python3: /usr/bin/python3 (found version "3.10.12") found components: Interpreter Development NumPy Development.Module Development.Embed 
-- Configuring done
-- Generating done
-- Build files have been written to: /work/ubuntu-ros2-dev/build/rqt_py_common
[  0%] Built target ament_cmake_python_symlink_rqt_py_common
[  1%] [34m[1mGenerating type hashes for ROS interfaces[0m
[  1%] Built target rqt_py_common_test_interfaces__rosidl_generator_type_description
running egg_info
creating rqt_py_common.egg-info
writing rqt_py_common.egg-info/PKG-INFO
writing dependency_links to rqt_py_common.egg-info/dependency_links.txt
writing top-level names to rqt_py_common.egg-info/top_level.txt
writing manifest file 'rqt_py_common.egg-info/SOURCES.txt'
reading manifest file 'rqt_py_common.egg-info/SOURCES.txt'
writing manifest file 'rqt_py_common.egg-info/SOURCES.txt'
[  1%] Built target ament_cmake_python_build_rqt_py_common_egg
[  3%] [34m[1mGenerating C code for ROS interfaces[0m
[  5%] [32mBuilding C object CMakeFiles/rqt_py_common_test_interfaces__rosidl_generator_c.dir/rosidl_generator_c/rqt_py_common_test_interfaces/msg/detail/val__description.c.o[0m
[  7%] [32mBuilding C object CMakeFiles/rqt_py_common_test_interfaces__rosidl_generator_c.dir/rosidl_generator_c/rqt_py_common_test_interfaces/srv/detail/add_two_ints__description.c.o[0m
[  9%] [32mBuilding C object CMakeFiles/rqt_py_common_test_interfaces__rosidl_generator_c.dir/rosidl_generator_c/rqt_py_common_test_interfaces/srv/detail/add_two_ints__functions.c.o[0m
[ 11%] [32mBuilding C object CMakeFiles/rqt_py_common_test_interfaces__rosidl_generator_c.dir/rosidl_generator_c/rqt_py_common_test_interfaces/srv/detail/add_two_ints__type_support.c.o[0m
[ 12%] [32mBuilding C object CMakeFiles/rqt_py_common_test_interfaces__rosidl_generator_c.dir/rosidl_generator_c/rqt_py_common_test_interfaces/msg/detail/array_val__type_support.c.o[0m
[ 14%] [32mBuilding C object CMakeFiles/rqt_py_common_test_interfaces__rosidl_generator_c.dir/rosidl_generator_c/rqt_py_common_test_interfaces/msg/detail/array_val__functions.c.o[0m
[ 16%] [32mBuilding C object CMakeFiles/rqt_py_common_test_interfaces__rosidl_generator_c.dir/rosidl_generator_c/rqt_py_common_test_interfaces/msg/detail/array_val__description.c.o[0m
[ 18%] [32mBuilding C object CMakeFiles/rqt_py_common_test_interfaces__rosidl_generator_c.dir/rosidl_generator_c/rqt_py_common_test_interfaces/msg/detail/val__type_support.c.o[0m
[ 20%] [32mBuilding C object CMakeFiles/rqt_py_common_test_interfaces__rosidl_generator_c.dir/rosidl_generator_c/rqt_py_common_test_interfaces/msg/detail/val__functions.c.o[0m
[ 22%] [32m[1mLinking C shared library librqt_py_common_test_interfaces__rosidl_generator_c.so[0m
[ 22%] Built target rqt_py_common_test_interfaces__rosidl_generator_c
[ 24%] [34m[1mGenerating C++ code for ROS interfaces[0m
[ 24%] Built target rqt_py_common_test_interfaces__cpp
[ 25%] [34m[1mGenerating C type support dispatch for ROS interfaces[0m
[ 27%] [32mBuilding CXX object CMakeFiles/rqt_py_common_test_interfaces__rosidl_typesupport_c.dir/rosidl_typesupport_c/rqt_py_common_test_interfaces/msg/val__type_support.cpp.o[0m
[ 29%] [32mBuilding CXX object CMakeFiles/rqt_py_common_test_interfaces__rosidl_typesupport_c.dir/rosidl_typesupport_c/rqt_py_common_test_interfaces/srv/add_two_ints__type_support.cpp.o[0m
[ 31%] [32mBuilding CXX object CMakeFiles/rqt_py_common_test_interfaces__rosidl_typesupport_c.dir/rosidl_typesupport_c/rqt_py_common_test_interfaces/msg/array_val__type_support.cpp.o[0m
[ 33%] [32m[1mLinking CXX shared library librqt_py_common_test_interfaces__rosidl_typesupport_c.so[0m
[ 33%] Built target rqt_py_common_test_interfaces__rosidl_typesupport_c
[ 35%] [34m[1mGenerating C++ type support dispatch for ROS interfaces[0m
[ 37%] [32mBuilding CXX object CMakeFiles/rqt_py_common_test_interfaces__rosidl_typesupport_cpp.dir/rosidl_typesupport_cpp/rqt_py_common_test_interfaces/msg/val__type_support.cpp.o[0m
[ 38%] [32mBuilding CXX object CMakeFiles/rqt_py_common_test_interfaces__rosidl_typesupport_cpp.dir/rosidl_typesupport_cpp/rqt_py_common_test_interfaces/srv/add_two_ints__type_support.cpp.o[0m
[ 40%] [32mBuilding CXX object CMakeFiles/rqt_py_common_test_interfaces__rosidl_typesupport_cpp.dir/rosidl_typesupport_cpp/rqt_py_common_test_interfaces/msg/array_val__type_support.cpp.o[0m
[ 42%] [32m[1mLinking CXX shared library librqt_py_common_test_interfaces__rosidl_typesupport_cpp.so[0m
[ 42%] Built target rqt_py_common_test_interfaces__rosidl_typesupport_cpp
[ 44%] [34m[1mGenerating C++ type support for eProsima Fast-RTPS[0m
[ 46%] [32mBuilding CXX object CMakeFiles/rqt_py_common_test_interfaces__rosidl_typesupport_fastrtps_cpp.dir/rosidl_typesupport_fastrtps_cpp/rqt_py_common_test_interfaces/msg/detail/dds_fastrtps/val__type_support.cpp.o[0m
[ 48%] [32mBuilding CXX object CMakeFiles/rqt_py_common_test_interfaces__rosidl_typesupport_fastrtps_cpp.dir/rosidl_typesupport_fastrtps_cpp/rqt_py_common_test_interfaces/srv/detail/dds_fastrtps/add_two_ints__type_support.cpp.o[0m
[ 50%] [32mBuilding CXX object CMakeFiles/rqt_py_common_test_interfaces__rosidl_typesupport_fastrtps_cpp.dir/rosidl_typesupport_fastrtps_cpp/rqt_py_common_test_interfaces/msg/detail/dds_fastrtps/array_val__type_support.cpp.o[0m
[ 51%] [32m[1mLinking CXX shared library librqt_py_common_test_interfaces__rosidl_typesupport_fastrtps_cpp.so[0m
[ 51%] Built target rqt_py_common_test_interfaces__rosidl_typesupport_fastrtps_cpp
[ 53%] [34m[1mGenerating C++ introspection for ROS interfaces[0m
[ 55%] [32mBuilding CXX object CMakeFiles/rqt_py_common_test_interfaces__rosidl_typesupport_introspection_cpp.dir/rosidl_typesupport_introspection_cpp/rqt_py_common_test_interfaces/msg/detail/val__type_support.cpp.o[0m
[ 57%] [32mBuilding CXX object CMakeFiles/rqt_py_common_test_interfaces__rosidl_typesupport_introspection_cpp.dir/rosidl_typesupport_introspection_cpp/rqt_py_common_test_interfaces/srv/detail/add_two_ints__type_support.cpp.o[0m
[ 59%] [32mBuilding CXX object CMakeFiles/rqt_py_common_test_interfaces__rosidl_typesupport_introspection_cpp.dir/rosidl_typesupport_introspection_cpp/rqt_py_common_test_interfaces/msg/detail/array_val__type_support.cpp.o[0m
[ 61%] [32m[1mLinking CXX shared library librqt_py_common_test_interfaces__rosidl_typesupport_introspection_cpp.so[0m
[ 61%] Built target rqt_py_common_test_interfaces__rosidl_typesupport_introspection_cpp
[ 62%] [34m[1mGenerating C introspection for ROS interfaces[0m
[ 64%] [32mBuilding C object CMakeFiles/rqt_py_common_test_interfaces__rosidl_typesupport_introspection_c.dir/rosidl_typesupport_introspection_c/rqt_py_common_test_interfaces/msg/detail/val__type_support.c.o[0m
[ 66%] [32mBuilding C object CMakeFiles/rqt_py_common_test_interfaces__rosidl_typesupport_introspection_c.dir/rosidl_typesupport_introspection_c/rqt_py_common_test_interfaces/srv/detail/add_two_ints__type_support.c.o[0m
[ 68%] [32mBuilding C object CMakeFiles/rqt_py_common_test_interfaces__rosidl_typesupport_introspection_c.dir/rosidl_typesupport_introspection_c/rqt_py_common_test_interfaces/msg/detail/array_val__type_support.c.o[0m
[ 70%] [32m[1mLinking C shared library librqt_py_common_test_interfaces__rosidl_typesupport_introspection_c.so[0m
[ 70%] Built target rqt_py_common_test_interfaces__rosidl_typesupport_introspection_c
[ 72%] [34m[1mGenerating C type support for eProsima Fast-RTPS[0m
[ 74%] [32mBuilding CXX object CMakeFiles/rqt_py_common_test_interfaces__rosidl_typesupport_fastrtps_c.dir/rosidl_typesupport_fastrtps_c/rqt_py_common_test_interfaces/msg/detail/val__type_support_c.cpp.o[0m
[ 75%] [32mBuilding CXX object CMakeFiles/rqt_py_common_test_interfaces__rosidl_typesupport_fastrtps_c.dir/rosidl_typesupport_fastrtps_c/rqt_py_common_test_interfaces/srv/detail/add_two_ints__type_support_c.cpp.o[0m
[ 77%] [32mBuilding CXX object CMakeFiles/rqt_py_common_test_interfaces__rosidl_typesupport_fastrtps_c.dir/rosidl_typesupport_fastrtps_c/rqt_py_common_test_interfaces/msg/detail/array_val__type_support_c.cpp.o[0m
[ 79%] [32m[1mLinking CXX shared library librqt_py_common_test_interfaces__rosidl_typesupport_fastrtps_c.so[0m
[ 79%] Built target rqt_py_common_test_interfaces__rosidl_typesupport_fastrtps_c
[ 79%] Built target rqt_py_common_test_interfaces
[ 81%] [34m[1mGenerating Python code for ROS interfaces[0m
[ 81%] Built target rqt_py_common_test_interfaces__py
[ 83%] [32mBuilding C object CMakeFiles/rqt_py_common_test_interfaces__rosidl_generator_py.dir/rosidl_generator_py/rqt_py_common_test_interfaces/msg/_val_s.c.o[0m
[ 85%] [32mBuilding C object CMakeFiles/rqt_py_common_test_interfaces__rosidl_generator_py.dir/rosidl_generator_py/rqt_py_common_test_interfaces/srv/_add_two_ints_s.c.o[0m
[ 87%] [32mBuilding C object CMakeFiles/rqt_py_common_test_interfaces__rosidl_generator_py.dir/rosidl_generator_py/rqt_py_common_test_interfaces/msg/_array_val_s.c.o[0m
[ 88%] [32m[1mLinking C shared library librqt_py_common_test_interfaces__rosidl_generator_py.so[0m
[ 88%] Built target rqt_py_common_test_interfaces__rosidl_generator_py
[ 90%] [32mBuilding C object CMakeFiles/rqt_py_common_test_interfaces_s__rosidl_typesupport_fastrtps_c.dir/rosidl_generator_py/rqt_py_common_test_interfaces/_rqt_py_common_test_interfaces_s.ep.rosidl_typesupport_fastrtps_c.c.o[0m
[ 92%] [32m[1mLinking C shared module rosidl_generator_py/rqt_py_common_test_interfaces/rqt_py_common_test_interfaces_s__rosidl_typesupport_fastrtps_c.so[0m
[ 92%] Built target rqt_py_common_test_interfaces_s__rosidl_typesupport_fastrtps_c
[ 94%] [32mBuilding C object CMakeFiles/rqt_py_common_test_interfaces_s__rosidl_typesupport_c.dir/rosidl_generator_py/rqt_py_common_test_interfaces/_rqt_py_common_test_interfaces_s.ep.rosidl_typesupport_c.c.o[0m
[ 96%] [32m[1mLinking C shared module rosidl_generator_py/rqt_py_common_test_interfaces/rqt_py_common_test_interfaces_s__rosidl_typesupport_c.so[0m
[ 96%] Built target rqt_py_common_test_interfaces_s__rosidl_typesupport_c
[ 98%] [32mBuilding C object CMakeFiles/rqt_py_common_test_interfaces_s__rosidl_typesupport_introspection_c.dir/rosidl_generator_py/rqt_py_common_test_interfaces/_rqt_py_common_test_interfaces_s.ep.rosidl_typesupport_introspection_c.c.o[0m
[100%] [32m[1mLinking C shared module rosidl_generator_py/rqt_py_common_test_interfaces/rqt_py_common_test_interfaces_s__rosidl_typesupport_introspection_c.so[0m
[100%] Built target rqt_py_common_test_interfaces_s__rosidl_typesupport_introspection_c
-- Install configuration: ""
-- Execute custom install script
-- Symlinking: /work/ubuntu-ros2-dev/install/rqt_py_common/share/rqt_py_common/environment/pythonpath.sh
-- Symlinking: /work/ubuntu-ros2-dev/install/rqt_py_common/share/rqt_py_common/environment/pythonpath.dsv
-- Symlinking: /work/ubuntu-ros2-dev/install/rqt_py_common/lib/python3.10/site-packages/rqt_py_common-1.6.0-py3.10.egg-info/PKG-INFO
-- Symlinking: /work/ubuntu-ros2-dev/install/rqt_py_common/lib/python3.10/site-packages/rqt_py_common-1.6.0-py3.10.egg-info/SOURCES.txt
-- Symlinking: /work/ubuntu-ros2-dev/install/rqt_py_common/lib/python3.10/site-packages/rqt_py_common-1.6.0-py3.10.egg-info/dependency_links.txt
-- Symlinking: /work/ubuntu-ros2-dev/install/rqt_py_common/lib/python3.10/site-packages/rqt_py_common-1.6.0-py3.10.egg-info/top_level.txt
-- Symlinking: /work/ubuntu-ros2-dev/install/rqt_py_common/lib/python3.10/site-packages/rqt_py_common/__init__.py
-- Symlinking: /work/ubuntu-ros2-dev/install/rqt_py_common/lib/python3.10/site-packages/rqt_py_common/data_items.py
-- Symlinking: /work/ubuntu-ros2-dev/install/rqt_py_common/lib/python3.10/site-packages/rqt_py_common/extended_combo_box.py
-- Symlinking: /work/ubuntu-ros2-dev/install/rqt_py_common/lib/python3.10/site-packages/rqt_py_common/ini_helper.py
-- Symlinking: /work/ubuntu-ros2-dev/install/rqt_py_common/lib/python3.10/site-packages/rqt_py_common/item_delegates.py
-- Symlinking: /work/ubuntu-ros2-dev/install/rqt_py_common/lib/python3.10/site-packages/rqt_py_common/layout_util.py
-- Symlinking: /work/ubuntu-ros2-dev/install/rqt_py_common/lib/python3.10/site-packages/rqt_py_common/message_helpers.py
-- Symlinking: /work/ubuntu-ros2-dev/install/rqt_py_common/lib/python3.10/site-packages/rqt_py_common/message_tree_model.py
-- Symlinking: /work/ubuntu-ros2-dev/install/rqt_py_common/lib/python3.10/site-packages/rqt_py_common/message_tree_widget.py
-- Symlinking: /work/ubuntu-ros2-dev/install/rqt_py_common/lib/python3.10/site-packages/rqt_py_common/plugin_container_widget.py
-- Symlinking: /work/ubuntu-ros2-dev/install/rqt_py_common/lib/python3.10/site-packages/rqt_py_common/rqt_ros_graph.py
-- Symlinking: /work/ubuntu-ros2-dev/install/rqt_py_common/lib/python3.10/site-packages/rqt_py_common/rqt_roscomm_util.py
-- Symlinking: /work/ubuntu-ros2-dev/install/rqt_py_common/lib/python3.10/site-packages/rqt_py_common/topic_completer.py
-- Symlinking: /work/ubuntu-ros2-dev/install/rqt_py_common/lib/python3.10/site-packages/rqt_py_common/topic_dict.py
-- Symlinking: /work/ubuntu-ros2-dev/install/rqt_py_common/lib/python3.10/site-packages/rqt_py_common/topic_helpers.py
-- Symlinking: /work/ubuntu-ros2-dev/install/rqt_py_common/lib/python3.10/site-packages/rqt_py_common/topic_tree_model.py
-- Symlinking: /work/ubuntu-ros2-dev/install/rqt_py_common/lib/python3.10/site-packages/rqt_py_common/tree_model_completer.py
-- Symlinking: /work/ubuntu-ros2-dev/install/rqt_py_common/share/rqt_py_common/resource/plugin_container.ui
-- Symlinking: /work/ubuntu-ros2-dev/install/rqt_py_common/share/ament_index/resource_index/package_run_dependencies/rqt_py_common
-- Symlinking: /work/ubuntu-ros2-dev/install/rqt_py_common/share/ament_index/resource_index/parent_prefix_path/rqt_py_common
-- Symlinking: /work/ubuntu-ros2-dev/install/rqt_py_common/share/rqt_py_common/environment/ament_prefix_path.sh
-- Symlinking: /work/ubuntu-ros2-dev/install/rqt_py_common/share/rqt_py_common/environment/ament_prefix_path.dsv
-- Symlinking: /work/ubuntu-ros2-dev/install/rqt_py_common/share/rqt_py_common/environment/path.sh
-- Symlinking: /work/ubuntu-ros2-dev/install/rqt_py_common/share/rqt_py_common/environment/path.dsv
-- Symlinking: /work/ubuntu-ros2-dev/install/rqt_py_common/share/rqt_py_common/local_setup.bash
-- Symlinking: /work/ubuntu-ros2-dev/install/rqt_py_common/share/rqt_py_common/local_setup.sh
-- Symlinking: /work/ubuntu-ros2-dev/install/rqt_py_common/share/rqt_py_common/local_setup.zsh
-- Symlinking: /work/ubuntu-ros2-dev/install/rqt_py_common/share/rqt_py_common/local_setup.dsv
-- Symlinking: /work/ubuntu-ros2-dev/install/rqt_py_common/share/rqt_py_common/package.dsv
-- Symlinking: /work/ubuntu-ros2-dev/install/rqt_py_common/share/ament_index/resource_index/packages/rqt_py_common
-- Symlinking: /work/ubuntu-ros2-dev/install/rqt_py_common/share/rqt_py_common/cmake/rosidl_cmake-extras.cmake
-- Symlinking: /work/ubuntu-ros2-dev/install/rqt_py_common/share/rqt_py_common/cmake/ament_cmake_export_dependencies-extras.cmake
-- Symlinking: /work/ubuntu-ros2-dev/install/rqt_py_common/share/rqt_py_common/cmake/rqt_py_commonConfig.cmake
-- Symlinking: /work/ubuntu-ros2-dev/install/rqt_py_common/share/rqt_py_common/cmake/rqt_py_commonConfig-version.cmake
-- Symlinking: /work/ubuntu-ros2-dev/install/rqt_py_common/share/rqt_py_common/package.xml
Listing '/work/ubuntu-ros2-dev/install/rqt_py_common/lib/python3.10/site-packages/rqt_py_common'...
Compiling '/work/ubuntu-ros2-dev/install/rqt_py_common/lib/python3.10/site-packages/rqt_py_common/__init__.py'...
Compiling '/work/ubuntu-ros2-dev/install/rqt_py_common/lib/python3.10/site-packages/rqt_py_common/data_items.py'...
Compiling '/work/ubuntu-ros2-dev/install/rqt_py_common/lib/python3.10/site-packages/rqt_py_common/extended_combo_box.py'...
Compiling '/work/ubuntu-ros2-dev/install/rqt_py_common/lib/python3.10/site-packages/rqt_py_common/ini_helper.py'...
Compiling '/work/ubuntu-ros2-dev/install/rqt_py_common/lib/python3.10/site-packages/rqt_py_common/item_delegates.py'...
Compiling '/work/ubuntu-ros2-dev/install/rqt_py_common/lib/python3.10/site-packages/rqt_py_common/layout_util.py'...
Compiling '/work/ubuntu-ros2-dev/install/rqt_py_common/lib/python3.10/site-packages/rqt_py_common/message_helpers.py'...
Compiling '/work/ubuntu-ros2-dev/install/rqt_py_common/lib/python3.10/site-packages/rqt_py_common/message_tree_model.py'...
Compiling '/work/ubuntu-ros2-dev/install/rqt_py_common/lib/python3.10/site-packages/rqt_py_common/message_tree_widget.py'...
Compiling '/work/ubuntu-ros2-dev/install/rqt_py_common/lib/python3.10/site-packages/rqt_py_common/plugin_container_widget.py'...
Compiling '/work/ubuntu-ros2-dev/install/rqt_py_common/lib/python3.10/site-packages/rqt_py_common/rqt_ros_graph.py'...
Compiling '/work/ubuntu-ros2-dev/install/rqt_py_common/lib/python3.10/site-packages/rqt_py_common/rqt_roscomm_util.py'...
Compiling '/work/ubuntu-ros2-dev/install/rqt_py_common/lib/python3.10/site-packages/rqt_py_common/topic_completer.py'...
Compiling '/work/ubuntu-ros2-dev/install/rqt_py_common/lib/python3.10/site-packages/rqt_py_common/topic_dict.py'...
Compiling '/work/ubuntu-ros2-dev/install/rqt_py_common/lib/python3.10/site-packages/rqt_py_common/topic_helpers.py'...
Compiling '/work/ubuntu-ros2-dev/install/rqt_py_common/lib/python3.10/site-packages/rqt_py_common/topic_tree_model.py'...
Compiling '/work/ubuntu-ros2-dev/install/rqt_py_common/lib/python3.10/site-packages/rqt_py_common/tree_model_completer.py'...
