running develop
/usr/lib/python3/dist-packages/setuptools/command/easy_install.py:158: EasyInstallDeprecationWarning: easy_install command is deprecated. Use build and pip and other standards-based tools.
  warnings.warn(
running egg_info
creating ament_xmllint.egg-info
writing ament_xmllint.egg-info/PKG-INFO
writing dependency_links to ament_xmllint.egg-info/dependency_links.txt
writing entry points to ament_xmllint.egg-info/entry_points.txt
writing requirements to ament_xmllint.egg-info/requires.txt
writing top-level names to ament_xmllint.egg-info/top_level.txt
writing manifest file 'ament_xmllint.egg-info/SOURCES.txt'
reading manifest file 'ament_xmllint.egg-info/SOURCES.txt'
writing manifest file 'ament_xmllint.egg-info/SOURCES.txt'
running build_ext
Creating /work/ubuntu-ros2-dev/install/ament_xmllint/lib/python3.10/site-packages/ament-xmllint.egg-link (link to .)
Installing ament_xmllint script to /work/ubuntu-ros2-dev/install/ament_xmllint/bin

Installed /work/ubuntu-ros2-dev/build/ament_xmllint
running symlink_data
symbolically linking /work/ubuntu-ros2-dev/build/ament_xmllint/package.xml -> /work/ubuntu-ros2-dev/install/ament_xmllint/share/ament_xmllint
creating /work/ubuntu-ros2-dev/install/ament_xmllint/share/ament_index
creating /work/ubuntu-ros2-dev/install/ament_xmllint/share/ament_index/resource_index
creating /work/ubuntu-ros2-dev/install/ament_xmllint/share/ament_index/resource_index/packages
symbolically linking /work/ubuntu-ros2-dev/build/ament_xmllint/resource/ament_xmllint -> /work/ubuntu-ros2-dev/install/ament_xmllint/share/ament_index/resource_index/packages
