-- The C compiler identification is GNU 11.4.0
-- The CXX compiler identification is GNU 11.4.0
-- Detecting C compiler ABI info
-- Detecting C compiler ABI info - done
-- Check for working C compiler: /usr/bin/cc - skipped
-- Detecting C compile features
-- Detecting C compile features - done
-- Detecting CXX compiler ABI info
-- Detecting CXX compiler ABI info - done
-- Check for working CXX compiler: /usr/bin/c++ - skipped
-- Detecting CXX compile features
-- Detecting CXX compile features - done
-- Found ament_cmake: 2.5.2 (/work/ubuntu-ros2-dev/install/ament_cmake/share/ament_cmake/cmake)
-- Found Python3: /usr/bin/python3 (found version "3.10.12") found components: Interpreter 
-- Override CMake install command with custom implementation using symlinks instead of copying resources
-- Found pluginlib: 5.4.2 (/work/ubuntu-ros2-dev/install/pluginlib/share/pluginlib/cmake)
-- Found rclcpp: 28.1.5 (/work/ubuntu-ros2-dev/install/rclcpp/share/rclcpp/cmake)
-- Found rosidl_generator_c: 4.6.4 (/work/ubuntu-ros2-dev/install/rosidl_generator_c/share/rosidl_generator_c/cmake)
-- Found rosidl_generator_cpp: 4.6.4 (/work/ubuntu-ros2-dev/install/rosidl_generator_cpp/share/rosidl_generator_cpp/cmake)
-- Using all available rosidl_typesupport_c: rosidl_typesupport_fastrtps_c;rosidl_typesupport_introspection_c
-- Using all available rosidl_typesupport_cpp: rosidl_typesupport_introspection_cpp;rosidl_typesupport_fastrtps_cpp
-- Found rmw_implementation_cmake: 7.3.1 (/work/ubuntu-ros2-dev/install/rmw_implementation_cmake/share/rmw_implementation_cmake/cmake)
-- Found rmw_fastrtps_cpp: 8.4.1 (/work/ubuntu-ros2-dev/install/rmw_fastrtps_cpp/share/rmw_fastrtps_cpp/cmake)
-- Found TinyXML2 via Config file: TinyXML2_DIR-NOTFOUND
-- Found OpenSSL: /usr/lib/aarch64-linux-gnu/libcrypto.so (found version "3.0.2")  
-- Found TinyXML2 via Config file: TinyXML2_DIR-NOTFOUND
-- Found FastRTPS: /work/ubuntu-ros2-dev/install/fastrtps/include (Required is at least version "2.13") 
-- Found TinyXML2 via Config file: TinyXML2_DIR-NOTFOUND
-- Found TinyXML2 via Config file: TinyXML2_DIR-NOTFOUND
-- Using RMW implementation 'rmw_fastrtps_cpp' as default
-- Found yaml_cpp_vendor: 9.0.1 (/work/ubuntu-ros2-dev/install/yaml_cpp_vendor/share/yaml_cpp_vendor/cmake)
-- Setting yaml-cpp_DIR to: '/work/ubuntu-ros2-dev/install/yaml_cpp_vendor/share/yaml_cpp_vendor/cmake/../../../opt/yaml_cpp_vendor/share/cmake/yaml-cpp'
-- Found ament_lint_auto: 0.17.1 (/work/ubuntu-ros2-dev/install/ament_lint_auto/share/ament_lint_auto/cmake)
-- Found ament_cmake_gmock: 2.5.2 (/work/ubuntu-ros2-dev/install/ament_cmake_gmock/share/ament_cmake_gmock/cmake)
-- Found rosbag2_test_common: 0.26.5 (/work/ubuntu-ros2-dev/install/rosbag2_test_common/share/rosbag2_test_common/cmake)
-- Found gmock sources under '/work/ubuntu-ros2-dev/install/gmock_vendor/src/gmock_vendor': C++ tests using 'Google Mock' will be built
-- Found gtest sources under '/work/ubuntu-ros2-dev/install/gtest_vendor/src/gtest_vendor': C++ tests using 'Google Test' will be built
-- Added test 'copyright' to check source files copyright and LICENSE
-- Added test 'cppcheck' to perform static code analysis on C / C++ code
-- Configured cppcheck include dirs: $<BUILD_INTERFACE:/work/ubuntu-ros2-dev/src/ros2/rosbag2/rosbag2_storage/include>
-- Configured cppcheck exclude dirs and/or files: 
-- Added test 'cpplint' to check C / C++ code against the Google style
-- Configured cpplint exclude dirs and/or files: 
-- Added test 'lint_cmake' to check CMake code style
-- Added test 'uncrustify' to check C / C++ code style
-- Configured uncrustify additional arguments: 
-- Added test 'xmllint' to check XML markup files
-- Configuring done
-- Generating done
-- Build files have been written to: /work/ubuntu-ros2-dev/build/rosbag2_storage
[  3%] [32mBuilding CXX object CMakeFiles/rosbag2_storage.dir/src/rosbag2_storage/qos.cpp.o[0m
[  7%] [32mBuilding CXX object CMakeFiles/rosbag2_storage.dir/src/rosbag2_storage/storage_options.cpp.o[0m
[ 11%] [32mBuilding CXX object CMakeFiles/rosbag2_storage.dir/src/rosbag2_storage/base_io_interface.cpp.o[0m
[ 15%] [32mBuilding CXX object CMakeFiles/rosbag2_storage.dir/src/rosbag2_storage/storage_factory.cpp.o[0m
[ 19%] [32mBuilding CXX object CMakeFiles/rosbag2_storage.dir/src/rosbag2_storage/ros_helper.cpp.o[0m
[ 23%] [32mBuilding CXX object CMakeFiles/rosbag2_storage.dir/src/rosbag2_storage/metadata_io.cpp.o[0m
[ 26%] [32mBuilding CXX object CMakeFiles/rosbag2_storage.dir/src/rosbag2_storage/default_storage_id.cpp.o[0m
[ 30%] [32m[1mLinking CXX shared library librosbag2_storage.so[0m
[ 30%] Built target rosbag2_storage
[ 34%] [32mBuilding CXX object gmock/CMakeFiles/gmock.dir/work/ubuntu-ros2-dev/install/gtest_vendor/src/gtest_vendor/src/gtest-all.cc.o[0m
[ 38%] [32mBuilding CXX object gmock/CMakeFiles/gmock.dir/src/gmock-all.cc.o[0m
[ 42%] [32m[1mLinking CXX static library libgmock.a[0m
[ 42%] Built target gmock
[ 46%] [32mBuilding CXX object CMakeFiles/test_plugin.dir/test/rosbag2_storage/test_plugin.cpp.o[0m
[ 50%] [32mBuilding CXX object CMakeFiles/test_plugin.dir/test/rosbag2_storage/test_read_only_plugin.cpp.o[0m
[ 53%] [32m[1mLinking CXX shared library libtest_plugin.so[0m
[ 53%] Built target test_plugin
[ 57%] [32mBuilding CXX object gmock/CMakeFiles/gmock_main.dir/src/gmock_main.cc.o[0m
[ 61%] [32m[1mLinking CXX static library libgmock_main.a[0m
[ 61%] Built target gmock_main
[ 65%] [32mBuilding CXX object CMakeFiles/test_storage_factory.dir/test/rosbag2_storage/test_storage_factory.cpp.o[0m
[ 69%] [32m[1mLinking CXX executable test_storage_factory[0m
[ 69%] Built target test_storage_factory
[ 73%] [32mBuilding CXX object CMakeFiles/test_qos.dir/test/rosbag2_storage/test_qos.cpp.o[0m
[ 76%] [32m[1mLinking CXX executable test_qos[0m
[ 76%] Built target test_qos
[ 80%] [32mBuilding CXX object CMakeFiles/test_storage_options.dir/test/rosbag2_storage/test_storage_options.cpp.o[0m
[ 84%] [32m[1mLinking CXX executable test_storage_options[0m
[ 84%] Built target test_storage_options
[ 88%] [32mBuilding CXX object CMakeFiles/test_metadata_serialization.dir/test/rosbag2_storage/test_metadata_serialization.cpp.o[0m
[ 92%] [32m[1mLinking CXX executable test_metadata_serialization[0m
[ 92%] Built target test_metadata_serialization
[ 96%] [32mBuilding CXX object CMakeFiles/test_ros_helper.dir/test/rosbag2_storage/test_ros_helper.cpp.o[0m
[100%] [32m[1mLinking CXX executable test_ros_helper[0m
[100%] Built target test_ros_helper
-- Install configuration: ""
-- Execute custom install script
-- Symlinking: /work/ubuntu-ros2-dev/install/rosbag2_storage/include/rosbag2_storage/rosbag2_storage/bag_metadata.hpp
-- Symlinking: /work/ubuntu-ros2-dev/install/rosbag2_storage/include/rosbag2_storage/rosbag2_storage/default_storage_id.hpp
-- Symlinking: /work/ubuntu-ros2-dev/install/rosbag2_storage/include/rosbag2_storage/rosbag2_storage/logging.hpp
-- Symlinking: /work/ubuntu-ros2-dev/install/rosbag2_storage/include/rosbag2_storage/rosbag2_storage/message_definition.hpp
-- Symlinking: /work/ubuntu-ros2-dev/install/rosbag2_storage/include/rosbag2_storage/rosbag2_storage/metadata_io.hpp
-- Symlinking: /work/ubuntu-ros2-dev/install/rosbag2_storage/include/rosbag2_storage/rosbag2_storage/qos.hpp
-- Symlinking: /work/ubuntu-ros2-dev/install/rosbag2_storage/include/rosbag2_storage/rosbag2_storage/ros_helper.hpp
-- Symlinking: /work/ubuntu-ros2-dev/install/rosbag2_storage/include/rosbag2_storage/rosbag2_storage/serialized_bag_message.hpp
-- Symlinking: /work/ubuntu-ros2-dev/install/rosbag2_storage/include/rosbag2_storage/rosbag2_storage/storage_factory.hpp
-- Symlinking: /work/ubuntu-ros2-dev/install/rosbag2_storage/include/rosbag2_storage/rosbag2_storage/storage_factory_interface.hpp
-- Symlinking: /work/ubuntu-ros2-dev/install/rosbag2_storage/include/rosbag2_storage/rosbag2_storage/storage_filter.hpp
-- Symlinking: /work/ubuntu-ros2-dev/install/rosbag2_storage/include/rosbag2_storage/rosbag2_storage/storage_interfaces/base_info_interface.hpp
-- Symlinking: /work/ubuntu-ros2-dev/install/rosbag2_storage/include/rosbag2_storage/rosbag2_storage/storage_interfaces/base_io_interface.hpp
-- Symlinking: /work/ubuntu-ros2-dev/install/rosbag2_storage/include/rosbag2_storage/rosbag2_storage/storage_interfaces/base_read_interface.hpp
-- Symlinking: /work/ubuntu-ros2-dev/install/rosbag2_storage/include/rosbag2_storage/rosbag2_storage/storage_interfaces/base_write_interface.hpp
-- Symlinking: /work/ubuntu-ros2-dev/install/rosbag2_storage/include/rosbag2_storage/rosbag2_storage/storage_interfaces/read_only_interface.hpp
-- Symlinking: /work/ubuntu-ros2-dev/install/rosbag2_storage/include/rosbag2_storage/rosbag2_storage/storage_interfaces/read_write_interface.hpp
-- Symlinking: /work/ubuntu-ros2-dev/install/rosbag2_storage/include/rosbag2_storage/rosbag2_storage/storage_options.hpp
-- Symlinking: /work/ubuntu-ros2-dev/install/rosbag2_storage/include/rosbag2_storage/rosbag2_storage/storage_traits.hpp
-- Symlinking: /work/ubuntu-ros2-dev/install/rosbag2_storage/include/rosbag2_storage/rosbag2_storage/topic_metadata.hpp
-- Symlinking: /work/ubuntu-ros2-dev/install/rosbag2_storage/include/rosbag2_storage/rosbag2_storage/visibility_control.hpp
-- Symlinking: /work/ubuntu-ros2-dev/install/rosbag2_storage/include/rosbag2_storage/rosbag2_storage/yaml.hpp
-- Symlinking: /work/ubuntu-ros2-dev/install/rosbag2_storage/share/rosbag2_storage/environment/library_path.sh
-- Symlinking: /work/ubuntu-ros2-dev/install/rosbag2_storage/share/rosbag2_storage/environment/library_path.dsv
-- Symlinking: /work/ubuntu-ros2-dev/install/rosbag2_storage/lib/libtest_plugin.so
-- Symlinking: /work/ubuntu-ros2-dev/install/rosbag2_storage/share/rosbag2_storage/test/rosbag2_storage/test_plugin.xml
-- Symlinking: /work/ubuntu-ros2-dev/install/rosbag2_storage/share/ament_index/resource_index/package_run_dependencies/rosbag2_storage
-- Symlinking: /work/ubuntu-ros2-dev/install/rosbag2_storage/share/ament_index/resource_index/parent_prefix_path/rosbag2_storage
-- Symlinking: /work/ubuntu-ros2-dev/install/rosbag2_storage/share/rosbag2_storage/environment/ament_prefix_path.sh
-- Symlinking: /work/ubuntu-ros2-dev/install/rosbag2_storage/share/rosbag2_storage/environment/ament_prefix_path.dsv
-- Symlinking: /work/ubuntu-ros2-dev/install/rosbag2_storage/share/rosbag2_storage/environment/path.sh
-- Symlinking: /work/ubuntu-ros2-dev/install/rosbag2_storage/share/rosbag2_storage/environment/path.dsv
-- Symlinking: /work/ubuntu-ros2-dev/install/rosbag2_storage/share/rosbag2_storage/local_setup.bash
-- Symlinking: /work/ubuntu-ros2-dev/install/rosbag2_storage/share/rosbag2_storage/local_setup.sh
-- Symlinking: /work/ubuntu-ros2-dev/install/rosbag2_storage/share/rosbag2_storage/local_setup.zsh
-- Symlinking: /work/ubuntu-ros2-dev/install/rosbag2_storage/share/rosbag2_storage/local_setup.dsv
-- Symlinking: /work/ubuntu-ros2-dev/install/rosbag2_storage/share/rosbag2_storage/package.dsv
-- Symlinking: /work/ubuntu-ros2-dev/install/rosbag2_storage/share/ament_index/resource_index/packages/rosbag2_storage
-- Symlinking: /work/ubuntu-ros2-dev/install/rosbag2_storage/share/ament_index/resource_index/rosbag2_storage__pluginlib__plugin/rosbag2_storage
-- Symlinking: /work/ubuntu-ros2-dev/install/rosbag2_storage/share/rosbag2_storage/cmake/ament_cmake_export_include_directories-extras.cmake
-- Symlinking: /work/ubuntu-ros2-dev/install/rosbag2_storage/share/rosbag2_storage/cmake/ament_cmake_export_libraries-extras.cmake
-- Symlinking: /work/ubuntu-ros2-dev/install/rosbag2_storage/share/rosbag2_storage/cmake/ament_cmake_export_targets-extras.cmake
-- Symlinking: /work/ubuntu-ros2-dev/install/rosbag2_storage/share/rosbag2_storage/cmake/ament_cmake_export_dependencies-extras.cmake
-- Symlinking: /work/ubuntu-ros2-dev/install/rosbag2_storage/share/rosbag2_storage/cmake/rosbag2_storageConfig.cmake
-- Symlinking: /work/ubuntu-ros2-dev/install/rosbag2_storage/share/rosbag2_storage/cmake/rosbag2_storageConfig-version.cmake
-- Symlinking: /work/ubuntu-ros2-dev/install/rosbag2_storage/share/rosbag2_storage/package.xml
-- Installing: /work/ubuntu-ros2-dev/install/rosbag2_storage/lib/librosbag2_storage.so
-- Set runtime path of "/work/ubuntu-ros2-dev/install/rosbag2_storage/lib/librosbag2_storage.so" to ""
-- Installing: /work/ubuntu-ros2-dev/install/rosbag2_storage/share/rosbag2_storage/cmake/export_rosbag2_storageExport.cmake
-- Installing: /work/ubuntu-ros2-dev/install/rosbag2_storage/share/rosbag2_storage/cmake/export_rosbag2_storageExport-noconfig.cmake
