-- The C compiler identification is GNU 11.4.0
-- The CXX compiler identification is GNU 11.4.0
-- Detecting C compiler ABI info
-- Detecting C compiler ABI info - done
-- Check for working C compiler: /usr/bin/cc - skipped
-- Detecting C compile features
-- Detecting C compile features - done
-- Detecting CXX compiler ABI info
-- Detecting CXX compiler ABI info - done
-- Check for working CXX compiler: /usr/bin/c++ - skipped
-- Detecting CXX compile features
-- Detecting CXX compile features - done
-- Found ament_cmake_ros: 0.12.0 (/work/ubuntu-ros2-dev/install/ament_cmake_ros/share/ament_cmake_ros/cmake)
-- Found Python3: /usr/bin/python3 (found version "3.10.12") found components: Interpreter 
-- Override CMake install command with custom implementation using symlinks instead of copying resources
-- Found action_msgs: 2.0.2 (/work/ubuntu-ros2-dev/install/action_msgs/share/action_msgs/cmake)
-- Found rosidl_generator_c: 4.6.4 (/work/ubuntu-ros2-dev/install/rosidl_generator_c/share/rosidl_generator_c/cmake)
-- Found rosidl_generator_cpp: 4.6.4 (/work/ubuntu-ros2-dev/install/rosidl_generator_cpp/share/rosidl_generator_cpp/cmake)
-- Using all available rosidl_typesupport_c: rosidl_typesupport_fastrtps_c;rosidl_typesupport_introspection_c
-- Using all available rosidl_typesupport_cpp: rosidl_typesupport_introspection_cpp;rosidl_typesupport_fastrtps_cpp
-- Found rclcpp: 28.1.5 (/work/ubuntu-ros2-dev/install/rclcpp/share/rclcpp/cmake)
-- Found rmw_implementation_cmake: 7.3.1 (/work/ubuntu-ros2-dev/install/rmw_implementation_cmake/share/rmw_implementation_cmake/cmake)
-- Found rmw_fastrtps_cpp: 8.4.1 (/work/ubuntu-ros2-dev/install/rmw_fastrtps_cpp/share/rmw_fastrtps_cpp/cmake)
-- Found OpenSSL: /usr/lib/aarch64-linux-gnu/libcrypto.so (found version "3.0.2")  
-- Found FastRTPS: /work/ubuntu-ros2-dev/install/fastrtps/include (Required is at least version "2.13") 
-- Using RMW implementation 'rmw_fastrtps_cpp' as default
-- Found rcl_action: 9.2.4 (/work/ubuntu-ros2-dev/install/rcl_action/share/rcl_action/cmake)
-- Found ament_lint_auto: 0.17.1 (/work/ubuntu-ros2-dev/install/ament_lint_auto/share/ament_lint_auto/cmake)
-- Performance tests are disabled by default, so Google Benchmark tests will be skipped. To enable these tests, set the CMake variable 'AMENT_RUN_PERFORMANCE_TESTS'.
-- Found gtest sources under '/work/ubuntu-ros2-dev/install/gtest_vendor/src/gtest_vendor': C++ tests using 'Google Test' will be built
-- Found Threads: TRUE  
-- Added test 'copyright' to check source files copyright and LICENSE
-- Added test 'cppcheck' to perform static code analysis on C / C++ code
-- Configured cppcheck include dirs: /work/ubuntu-ros2-dev/install/rclcpp/include/rclcpp;/work/ubuntu-ros2-dev/install/builtin_interfaces/include/builtin_interfaces;/work/ubuntu-ros2-dev/install/libstatistics_collector/include/libstatistics_collector;/work/ubuntu-ros2-dev/install/rcl/include/rcl;/work/ubuntu-ros2-dev/install/rcl_interfaces/include/rcl_interfaces;/work/ubuntu-ros2-dev/install/rcl_yaml_param_parser/include/rcl_yaml_param_parser;/work/ubuntu-ros2-dev/install/rcpputils/include/rcpputils;/work/ubuntu-ros2-dev/install/rcutils/include/rcutils;/work/ubuntu-ros2-dev/install/rmw/include/rmw;/work/ubuntu-ros2-dev/install/rosgraph_msgs/include/rosgraph_msgs;/work/ubuntu-ros2-dev/install/rosidl_dynamic_typesupport/include/rosidl_dynamic_typesupport;/work/ubuntu-ros2-dev/install/rosidl_runtime_c/include/rosidl_runtime_c;/work/ubuntu-ros2-dev/install/rosidl_runtime_cpp/include/rosidl_runtime_cpp;/work/ubuntu-ros2-dev/install/rosidl_typesupport_cpp/include/rosidl_typesupport_cpp;/work/ubuntu-ros2-dev/install/statistics_msgs/include/statistics_msgs;/work/ubuntu-ros2-dev/install/tracetools/include/tracetools;$<BUILD_INTERFACE:/work/ubuntu-ros2-dev/src/ros2/rclcpp/rclcpp_action/include>
-- Configured cppcheck exclude dirs and/or files: 
-- Added test 'cpplint' to check C / C++ code against the Google style
-- Configured cpplint exclude dirs and/or files: 
-- Added test 'lint_cmake' to check CMake code style
-- Added test 'uncrustify' to check C / C++ code style
-- Configured uncrustify additional arguments: 
-- Added test 'xmllint' to check XML markup files
-- Configuring done
-- Generating done
-- Build files have been written to: /work/ubuntu-ros2-dev/build/rclcpp_action
[  4%] [32mBuilding CXX object gtest/CMakeFiles/gtest_main.dir/src/gtest_main.cc.o[0m
[  8%] [32mBuilding CXX object CMakeFiles/rclcpp_action.dir/src/client.cpp.o[0m
[ 12%] [32mBuilding CXX object CMakeFiles/rclcpp_action.dir/src/qos.cpp.o[0m
[ 16%] [32mBuilding CXX object gtest/CMakeFiles/gtest.dir/src/gtest-all.cc.o[0m
[ 20%] [32mBuilding CXX object CMakeFiles/rclcpp_action.dir/src/server.cpp.o[0m
[ 25%] [32mBuilding CXX object CMakeFiles/rclcpp_action.dir/src/server_goal_handle.cpp.o[0m
[ 29%] [32mBuilding CXX object CMakeFiles/rclcpp_action.dir/src/types.cpp.o[0m
[ 33%] [32m[1mLinking CXX static library libgtest_main.a[0m
[ 33%] Built target gtest_main
[ 37%] [32m[1mLinking CXX shared library librclcpp_action.so[0m
[ 37%] Built target rclcpp_action
[ 41%] [32m[1mLinking CXX static library libgtest.a[0m
[ 41%] Built target gtest
[ 45%] [32mBuilding CXX object test/benchmark/CMakeFiles/benchmark_action_server.dir/benchmark_action_server.cpp.o[0m
[ 50%] [32m[1mLinking CXX executable benchmark_action_server[0m
[ 50%] Built target benchmark_action_server
[ 54%] [32mBuilding CXX object CMakeFiles/test_types.dir/test/test_types.cpp.o[0m
[ 58%] [32m[1mLinking CXX executable test_types[0m
[ 58%] Built target test_types
[ 62%] [32mBuilding CXX object CMakeFiles/test_traits.dir/test/test_traits.cpp.o[0m
[ 66%] [32m[1mLinking CXX executable test_traits[0m
[ 66%] Built target test_traits
[ 70%] [32mBuilding CXX object CMakeFiles/test_server_goal_handle.dir/test/test_server_goal_handle.cpp.o[0m
[ 75%] [32m[1mLinking CXX executable test_server_goal_handle[0m
[ 75%] Built target test_server_goal_handle
[ 79%] [32mBuilding CXX object CMakeFiles/test_server.dir/test/test_server.cpp.o[0m
[ 83%] [32m[1mLinking CXX executable test_server[0m
[ 83%] Built target test_server
[ 87%] [32mBuilding CXX object CMakeFiles/test_client.dir/test/test_client.cpp.o[0m
[ 91%] [32m[1mLinking CXX executable test_client[0m
[ 91%] Built target test_client
[ 95%] [32mBuilding CXX object test/benchmark/CMakeFiles/benchmark_action_client.dir/benchmark_action_client.cpp.o[0m
[100%] [32m[1mLinking CXX executable benchmark_action_client[0m
[100%] Built target benchmark_action_client
-- Install configuration: ""
-- Execute custom install script
-- Symlinking: /work/ubuntu-ros2-dev/install/rclcpp_action/include/rclcpp_action/rclcpp_action/client.hpp
-- Symlinking: /work/ubuntu-ros2-dev/install/rclcpp_action/include/rclcpp_action/rclcpp_action/client_goal_handle.hpp
-- Symlinking: /work/ubuntu-ros2-dev/install/rclcpp_action/include/rclcpp_action/rclcpp_action/client_goal_handle_impl.hpp
-- Symlinking: /work/ubuntu-ros2-dev/install/rclcpp_action/include/rclcpp_action/rclcpp_action/create_client.hpp
-- Symlinking: /work/ubuntu-ros2-dev/install/rclcpp_action/include/rclcpp_action/rclcpp_action/create_server.hpp
-- Symlinking: /work/ubuntu-ros2-dev/install/rclcpp_action/include/rclcpp_action/rclcpp_action/exceptions.hpp
-- Symlinking: /work/ubuntu-ros2-dev/install/rclcpp_action/include/rclcpp_action/rclcpp_action/qos.hpp
-- Symlinking: /work/ubuntu-ros2-dev/install/rclcpp_action/include/rclcpp_action/rclcpp_action/rclcpp_action.hpp
-- Symlinking: /work/ubuntu-ros2-dev/install/rclcpp_action/include/rclcpp_action/rclcpp_action/server.hpp
-- Symlinking: /work/ubuntu-ros2-dev/install/rclcpp_action/include/rclcpp_action/rclcpp_action/server_goal_handle.hpp
-- Symlinking: /work/ubuntu-ros2-dev/install/rclcpp_action/include/rclcpp_action/rclcpp_action/types.hpp
-- Symlinking: /work/ubuntu-ros2-dev/install/rclcpp_action/include/rclcpp_action/rclcpp_action/visibility_control.hpp
-- Symlinking: /work/ubuntu-ros2-dev/install/rclcpp_action/share/rclcpp_action/environment/library_path.sh
-- Symlinking: /work/ubuntu-ros2-dev/install/rclcpp_action/share/rclcpp_action/environment/library_path.dsv
-- Symlinking: /work/ubuntu-ros2-dev/install/rclcpp_action/share/ament_index/resource_index/package_run_dependencies/rclcpp_action
-- Symlinking: /work/ubuntu-ros2-dev/install/rclcpp_action/share/ament_index/resource_index/parent_prefix_path/rclcpp_action
-- Symlinking: /work/ubuntu-ros2-dev/install/rclcpp_action/share/rclcpp_action/environment/ament_prefix_path.sh
-- Symlinking: /work/ubuntu-ros2-dev/install/rclcpp_action/share/rclcpp_action/environment/ament_prefix_path.dsv
-- Symlinking: /work/ubuntu-ros2-dev/install/rclcpp_action/share/rclcpp_action/environment/path.sh
-- Symlinking: /work/ubuntu-ros2-dev/install/rclcpp_action/share/rclcpp_action/environment/path.dsv
-- Symlinking: /work/ubuntu-ros2-dev/install/rclcpp_action/share/rclcpp_action/local_setup.bash
-- Symlinking: /work/ubuntu-ros2-dev/install/rclcpp_action/share/rclcpp_action/local_setup.sh
-- Symlinking: /work/ubuntu-ros2-dev/install/rclcpp_action/share/rclcpp_action/local_setup.zsh
-- Symlinking: /work/ubuntu-ros2-dev/install/rclcpp_action/share/rclcpp_action/local_setup.dsv
-- Symlinking: /work/ubuntu-ros2-dev/install/rclcpp_action/share/rclcpp_action/package.dsv
-- Symlinking: /work/ubuntu-ros2-dev/install/rclcpp_action/share/ament_index/resource_index/packages/rclcpp_action
-- Symlinking: /work/ubuntu-ros2-dev/install/rclcpp_action/share/rclcpp_action/cmake/ament_cmake_export_include_directories-extras.cmake
-- Symlinking: /work/ubuntu-ros2-dev/install/rclcpp_action/share/rclcpp_action/cmake/ament_cmake_export_libraries-extras.cmake
-- Symlinking: /work/ubuntu-ros2-dev/install/rclcpp_action/share/rclcpp_action/cmake/ament_cmake_export_targets-extras.cmake
-- Symlinking: /work/ubuntu-ros2-dev/install/rclcpp_action/share/rclcpp_action/cmake/ament_cmake_export_dependencies-extras.cmake
-- Symlinking: /work/ubuntu-ros2-dev/install/rclcpp_action/share/rclcpp_action/cmake/rclcpp_actionConfig.cmake
-- Symlinking: /work/ubuntu-ros2-dev/install/rclcpp_action/share/rclcpp_action/cmake/rclcpp_actionConfig-version.cmake
-- Symlinking: /work/ubuntu-ros2-dev/install/rclcpp_action/share/rclcpp_action/package.xml
-- Installing: /work/ubuntu-ros2-dev/install/rclcpp_action/lib/librclcpp_action.so
-- Set runtime path of "/work/ubuntu-ros2-dev/install/rclcpp_action/lib/librclcpp_action.so" to ""
-- Installing: /work/ubuntu-ros2-dev/install/rclcpp_action/share/rclcpp_action/cmake/rclcpp_actionExport.cmake
-- Installing: /work/ubuntu-ros2-dev/install/rclcpp_action/share/rclcpp_action/cmake/rclcpp_actionExport-noconfig.cmake
