running develop
/usr/lib/python3/dist-packages/setuptools/command/easy_install.py:158: EasyInstallDeprecationWarning: easy_install command is deprecated. Use build and pip and other standards-based tools.
  warnings.warn(
running egg_info
creating src/rqt_msg.egg-info
writing src/rqt_msg.egg-info/PKG-INFO
writing dependency_links to src/rqt_msg.egg-info/dependency_links.txt
writing entry points to src/rqt_msg.egg-info/entry_points.txt
writing requirements to src/rqt_msg.egg-info/requires.txt
writing top-level names to src/rqt_msg.egg-info/top_level.txt
writing manifest file 'src/rqt_msg.egg-info/SOURCES.txt'
reading manifest file 'src/rqt_msg.egg-info/SOURCES.txt'
writing manifest file 'src/rqt_msg.egg-info/SOURCES.txt'
running build_ext
Creating /work/ubuntu-ros2-dev/install/rqt_msg/lib/python3.10/site-packages/rqt-msg.egg-link (link to src)
Installing rqt_msg script to /work/ubuntu-ros2-dev/install/rqt_msg/lib/rqt_msg

Installed /work/ubuntu-ros2-dev/build/rqt_msg/src
running symlink_data
creating /work/ubuntu-ros2-dev/install/rqt_msg/share/ament_index
creating /work/ubuntu-ros2-dev/install/rqt_msg/share/ament_index/resource_index
creating /work/ubuntu-ros2-dev/install/rqt_msg/share/ament_index/resource_index/packages
symbolically linking /work/ubuntu-ros2-dev/build/rqt_msg/resource/rqt_msg -> /work/ubuntu-ros2-dev/install/rqt_msg/share/ament_index/resource_index/packages
creating /work/ubuntu-ros2-dev/install/rqt_msg/share/rqt_msg/resource
symbolically linking /work/ubuntu-ros2-dev/build/rqt_msg/resource/messages.ui -> /work/ubuntu-ros2-dev/install/rqt_msg/share/rqt_msg/resource
symbolically linking /work/ubuntu-ros2-dev/build/rqt_msg/package.xml -> /work/ubuntu-ros2-dev/install/rqt_msg/share/rqt_msg
symbolically linking /work/ubuntu-ros2-dev/build/rqt_msg/plugin.xml -> /work/ubuntu-ros2-dev/install/rqt_msg/share/rqt_msg
