running develop
/usr/lib/python3/dist-packages/setuptools/command/easy_install.py:158: EasyInstallDeprecationWarning: easy_install command is deprecated. Use build and pip and other standards-based tools.
  warnings.warn(
running egg_info
creating ament_copyright.egg-info
writing ament_copyright.egg-info/PKG-INFO
writing dependency_links to ament_copyright.egg-info/dependency_links.txt
writing entry points to ament_copyright.egg-info/entry_points.txt
writing requirements to ament_copyright.egg-info/requires.txt
writing top-level names to ament_copyright.egg-info/top_level.txt
writing manifest file 'ament_copyright.egg-info/SOURCES.txt'
reading manifest file 'ament_copyright.egg-info/SOURCES.txt'
writing manifest file 'ament_copyright.egg-info/SOURCES.txt'
running build_ext
Creating /work/ubuntu-ros2-dev/install/ament_copyright/lib/python3.10/site-packages/ament-copyright.egg-link (link to .)
Installing ament_copyright script to /work/ubuntu-ros2-dev/install/ament_copyright/bin

Installed /work/ubuntu-ros2-dev/build/ament_copyright
running symlink_data
symbolically linking /work/ubuntu-ros2-dev/build/ament_copyright/package.xml -> /work/ubuntu-ros2-dev/install/ament_copyright/share/ament_copyright
creating /work/ubuntu-ros2-dev/install/ament_copyright/share/ament_index
creating /work/ubuntu-ros2-dev/install/ament_copyright/share/ament_index/resource_index
creating /work/ubuntu-ros2-dev/install/ament_copyright/share/ament_index/resource_index/packages
symbolically linking /work/ubuntu-ros2-dev/build/ament_copyright/resource/ament_copyright -> /work/ubuntu-ros2-dev/install/ament_copyright/share/ament_index/resource_index/packages
