running develop
running egg_info
creating tf2_tools.egg-info
writing tf2_tools.egg-info/PKG-INFO
writing dependency_links to tf2_tools.egg-info/dependency_links.txt
writing entry points to tf2_tools.egg-info/entry_points.txt
writing requirements to tf2_tools.egg-info/requires.txt
writing top-level names to tf2_tools.egg-info/top_level.txt
writing manifest file 'tf2_tools.egg-info/SOURCES.txt'
reading manifest file 'tf2_tools.egg-info/SOURCES.txt'
writing manifest file 'tf2_tools.egg-info/SOURCES.txt'
running build_ext
Creating /work/ubuntu-ros2-dev/install/tf2_tools/lib/python3.10/site-packages/tf2-tools.egg-link (link to .)
Installing view_frames script to /work/ubuntu-ros2-dev/install/tf2_tools/lib/tf2_tools

Installed /work/ubuntu-ros2-dev/build/tf2_tools
running symlink_data
creating /work/ubuntu-ros2-dev/install/tf2_tools/share/ament_index
creating /work/ubuntu-ros2-dev/install/tf2_tools/share/ament_index/resource_index
creating /work/ubuntu-ros2-dev/install/tf2_tools/share/ament_index/resource_index/packages
symbolically linking /work/ubuntu-ros2-dev/build/tf2_tools/resource/tf2_tools -> /work/ubuntu-ros2-dev/install/tf2_tools/share/ament_index/resource_index/packages
symbolically linking /work/ubuntu-ros2-dev/build/tf2_tools/package.xml -> /work/ubuntu-ros2-dev/install/tf2_tools/share/tf2_tools
