running develop
/usr/lib/python3/dist-packages/setuptools/command/easy_install.py:158: EasyInstallDeprecationWarning: easy_install command is deprecated. Use build and pip and other standards-based tools.
  warnings.warn(
running egg_info
creating ament_lint_cmake.egg-info
writing ament_lint_cmake.egg-info/PKG-INFO
writing dependency_links to ament_lint_cmake.egg-info/dependency_links.txt
writing entry points to ament_lint_cmake.egg-info/entry_points.txt
writing requirements to ament_lint_cmake.egg-info/requires.txt
writing top-level names to ament_lint_cmake.egg-info/top_level.txt
writing manifest file 'ament_lint_cmake.egg-info/SOURCES.txt'
reading manifest file 'ament_lint_cmake.egg-info/SOURCES.txt'
writing manifest file 'ament_lint_cmake.egg-info/SOURCES.txt'
running build_ext
Creating /work/ubuntu-ros2-dev/install/ament_lint_cmake/lib/python3.10/site-packages/ament-lint-cmake.egg-link (link to .)
Installing ament_lint_cmake script to /work/ubuntu-ros2-dev/install/ament_lint_cmake/bin

Installed /work/ubuntu-ros2-dev/build/ament_lint_cmake
running symlink_data
symbolically linking /work/ubuntu-ros2-dev/build/ament_lint_cmake/package.xml -> /work/ubuntu-ros2-dev/install/ament_lint_cmake/share/ament_lint_cmake
creating /work/ubuntu-ros2-dev/install/ament_lint_cmake/share/ament_index
creating /work/ubuntu-ros2-dev/install/ament_lint_cmake/share/ament_index/resource_index
creating /work/ubuntu-ros2-dev/install/ament_lint_cmake/share/ament_index/resource_index/packages
symbolically linking /work/ubuntu-ros2-dev/build/ament_lint_cmake/resource/ament_lint_cmake -> /work/ubuntu-ros2-dev/install/ament_lint_cmake/share/ament_index/resource_index/packages
