-- The C compiler identification is GNU 11.4.0
-- The CXX compiler identification is GNU 11.4.0
-- Detecting C compiler ABI info
-- Detecting C compiler ABI info - done
-- Check for working C compiler: /usr/bin/cc - skipped
-- Detecting C compile features
-- Detecting C compile features - done
-- Detecting CXX compiler ABI info
-- Detecting CXX compiler ABI info - done
-- Check for working CXX compiler: /usr/bin/c++ - skipped
-- Detecting CXX compile features
-- Detecting CXX compile features - done
-- Found ament_cmake: 2.5.2 (/work/ubuntu-ros2-dev/install/ament_cmake/share/ament_cmake/cmake)
-- Found Python3: /usr/bin/python3 (found version "3.10.12") found components: Interpreter 
-- Override CMake install command with custom implementation using symlinks instead of copying resources
-- Found ament_cmake_vendor_package: 2.5.2 (/work/ubuntu-ros2-dev/install/ament_cmake_vendor_package/share/ament_cmake_vendor_package/cmake)
-- Skipping vendor package build for 'console_bridge_vendor', which is already satisfied
-- Found ament_lint_auto: 0.17.1 (/work/ubuntu-ros2-dev/install/ament_lint_auto/share/ament_lint_auto/cmake)
-- Performance tests are disabled by default, so Google Benchmark tests will be skipped. To enable these tests, set the CMake variable 'AMENT_RUN_PERFORMANCE_TESTS'.
-- Added test 'copyright' to check source files copyright and LICENSE
-- Added test 'cppcheck' to perform static code analysis on C / C++ code
-- Configured cppcheck include dirs: /work/ubuntu-ros2-dev/install/performance_test_fixture/include
-- Configured cppcheck exclude dirs and/or files: 
-- Added test 'cpplint' to check C / C++ code against the Google style
-- Configured cpplint exclude dirs and/or files: 
-- Added test 'lint_cmake' to check CMake code style
-- Added test 'uncrustify' to check C / C++ code style
-- Configured uncrustify additional arguments: 
-- Added test 'xmllint' to check XML markup files
-- Configuring done
-- Generating done
-- Build files have been written to: /work/ubuntu-ros2-dev/build/console_bridge_vendor
[ 50%] [32mBuilding CXX object CMakeFiles/benchmark_log.dir/test/benchmark/benchmark_log.cpp.o[0m
[100%] [32m[1mLinking CXX executable benchmark_log[0m
[100%] Built target benchmark_log
-- Install configuration: ""
-- Execute custom install script
-- Symlinking: /work/ubuntu-ros2-dev/install/console_bridge_vendor/share/ament_index/resource_index/package_run_dependencies/console_bridge_vendor
-- Symlinking: /work/ubuntu-ros2-dev/install/console_bridge_vendor/share/ament_index/resource_index/parent_prefix_path/console_bridge_vendor
-- Symlinking: /work/ubuntu-ros2-dev/install/console_bridge_vendor/share/console_bridge_vendor/environment/ament_prefix_path.sh
-- Symlinking: /work/ubuntu-ros2-dev/install/console_bridge_vendor/share/console_bridge_vendor/environment/ament_prefix_path.dsv
-- Symlinking: /work/ubuntu-ros2-dev/install/console_bridge_vendor/share/console_bridge_vendor/environment/path.sh
-- Symlinking: /work/ubuntu-ros2-dev/install/console_bridge_vendor/share/console_bridge_vendor/environment/path.dsv
-- Symlinking: /work/ubuntu-ros2-dev/install/console_bridge_vendor/share/console_bridge_vendor/local_setup.bash
-- Symlinking: /work/ubuntu-ros2-dev/install/console_bridge_vendor/share/console_bridge_vendor/local_setup.sh
-- Symlinking: /work/ubuntu-ros2-dev/install/console_bridge_vendor/share/console_bridge_vendor/local_setup.zsh
-- Symlinking: /work/ubuntu-ros2-dev/install/console_bridge_vendor/share/console_bridge_vendor/local_setup.dsv
-- Symlinking: /work/ubuntu-ros2-dev/install/console_bridge_vendor/share/console_bridge_vendor/package.dsv
-- Symlinking: /work/ubuntu-ros2-dev/install/console_bridge_vendor/share/ament_index/resource_index/packages/console_bridge_vendor
-- Symlinking: /work/ubuntu-ros2-dev/install/console_bridge_vendor/share/console_bridge_vendor/cmake/console_bridge_vendorConfig.cmake
-- Symlinking: /work/ubuntu-ros2-dev/install/console_bridge_vendor/share/console_bridge_vendor/cmake/console_bridge_vendorConfig-version.cmake
-- Symlinking: /work/ubuntu-ros2-dev/install/console_bridge_vendor/share/console_bridge_vendor/package.xml
