[0.103s] Invoking command in '/work/ubuntu-ros2-dev/build/cyclonedds': CMAKE_PREFIX_PATH=/work/ubuntu-ros2-dev/install/iceoryx_binding_c:/work/ubuntu-ros2-dev/install/iceoryx_posh:/work/ubuntu-ros2-dev/install/iceoryx_hoofs LD_LIBRARY_PATH=/work/ubuntu-ros2-dev/install/iceoryx_binding_c/lib:/work/ubuntu-ros2-dev/install/iceoryx_posh/lib:/work/ubuntu-ros2-dev/install/iceoryx_hoofs/lib PATH=/work/ubuntu-ros2-dev/install/iceoryx_posh/bin:${PATH} PKG_CONFIG_PATH=/work/ubuntu-ros2-dev/install/iceoryx_binding_c/lib/aarch64-linux-gnu/pkgconfig:/work/ubuntu-ros2-dev/install/iceoryx_binding_c/lib/pkgconfig:/work/ubuntu-ros2-dev/install/iceoryx_posh/lib/aarch64-linux-gnu/pkgconfig:/work/ubuntu-ros2-dev/install/iceoryx_posh/lib/pkgconfig:/work/ubuntu-ros2-dev/install/iceoryx_hoofs/lib/aarch64-linux-gnu/pkgconfig:/work/ubuntu-ros2-dev/install/iceoryx_hoofs/lib/pkgconfig /usr/bin/cmake /work/ubuntu-ros2-dev/src/eclipse-cyclonedds/cyclonedds -DBUILD_IDLC=AUTO -DCMAKE_INSTALL_PREFIX=/work/ubuntu-ros2-dev/install/cyclonedds
[0.272s] -- The C compiler identification is GNU 11.4.0
[0.293s] -- Detecting C compiler ABI info
[0.596s] -- Detecting C compiler ABI info - done
[0.602s] -- Check for working C compiler: /usr/bin/cc - skipped
[0.602s] -- Detecting C compile features
[0.602s] -- Detecting C compile features - done
[0.602s] -- Setting build type to 'RelWithDebInfo' as none was specified.
[0.606s] -- Looking for getopt.h
[0.810s] -- Looking for getopt.h - found
[1.125s] -- Building with OpenSSL support
[1.133s] -- Looking for stdint.h
[1.311s] -- Looking for stdint.h - found
[1.311s] -- Looking for inttypes.h
[1.586s] -- Looking for inttypes.h - found
[1.586s] -- Looking for sys/types.h
[1.853s] -- Looking for sys/types.h - found
[1.854s] -- Looking for stdint.h
[2.091s] -- Looking for stdint.h - found
[2.091s] -- Looking for stddef.h
[2.301s] -- Looking for stddef.h - found
[2.301s] -- Check size of intmax_t
[2.681s] -- Check size of intmax_t - done
[2.683s] -- Looking for stpcpy
[2.872s] -- Looking for stpcpy - found
[2.872s] -- Looking for strlcpy
[3.005s] -- Looking for strlcpy - not found
[3.006s] -- Looking for strlcat
[3.095s] -- Looking for strlcat - not found
[3.098s] -- Performing Test COMPILER_HAS_HIDDEN_VISIBILITY
[3.394s] -- Performing Test COMPILER_HAS_HIDDEN_VISIBILITY - Success
[3.395s] -- Performing Test COMPILER_HAS_HIDDEN_INLINE_VISIBILITY
[3.632s] -- Performing Test COMPILER_HAS_HIDDEN_INLINE_VISIBILITY - Failed
[3.635s] -- Performing Test COMPILER_HAS_DEPRECATED_ATTR
[3.779s] -- Performing Test COMPILER_HAS_DEPRECATED_ATTR - Success
[3.786s] -- Looking for gethostname
[3.875s] -- Looking for gethostname - found
[3.876s] -- Looking for inet_ntop
[3.997s] -- Looking for inet_ntop - found
[3.997s] -- Looking for inet_pton
[4.180s] -- Looking for inet_pton - found
[4.180s] -- Looking for getaddrinfo
[4.367s] -- Looking for getaddrinfo - found
[4.368s] -- Looking for gethostbyname_r
[4.534s] -- Looking for gethostbyname_r - found
[4.534s] -- Check size of struct sockaddr_in6
[4.841s] -- Check size of struct sockaddr_in6 - done
[4.867s] -- Looking for pthread.h
[5.333s] -- Looking for pthread.h - found
[5.333s] -- Performing Test CMAKE_HAVE_LIBC_PTHREAD
[5.640s] -- Performing Test CMAKE_HAVE_LIBC_PTHREAD - Success
[5.641s] -- Found Threads: TRUE  
[5.641s] -- Looking for clock_gettime in c
[5.962s] -- Looking for clock_gettime in c - found
[6.674s] -- Configuring done
[6.787s] -- Generating done
[6.790s] -- Build files have been written to: /work/ubuntu-ros2-dev/build/cyclonedds
[6.805s] Invoked command in '/work/ubuntu-ros2-dev/build/cyclonedds' returned '0': CMAKE_PREFIX_PATH=/work/ubuntu-ros2-dev/install/iceoryx_binding_c:/work/ubuntu-ros2-dev/install/iceoryx_posh:/work/ubuntu-ros2-dev/install/iceoryx_hoofs LD_LIBRARY_PATH=/work/ubuntu-ros2-dev/install/iceoryx_binding_c/lib:/work/ubuntu-ros2-dev/install/iceoryx_posh/lib:/work/ubuntu-ros2-dev/install/iceoryx_hoofs/lib PATH=/work/ubuntu-ros2-dev/install/iceoryx_posh/bin:${PATH} PKG_CONFIG_PATH=/work/ubuntu-ros2-dev/install/iceoryx_binding_c/lib/aarch64-linux-gnu/pkgconfig:/work/ubuntu-ros2-dev/install/iceoryx_binding_c/lib/pkgconfig:/work/ubuntu-ros2-dev/install/iceoryx_posh/lib/aarch64-linux-gnu/pkgconfig:/work/ubuntu-ros2-dev/install/iceoryx_posh/lib/pkgconfig:/work/ubuntu-ros2-dev/install/iceoryx_hoofs/lib/aarch64-linux-gnu/pkgconfig:/work/ubuntu-ros2-dev/install/iceoryx_hoofs/lib/pkgconfig /usr/bin/cmake /work/ubuntu-ros2-dev/src/eclipse-cyclonedds/cyclonedds -DBUILD_IDLC=AUTO -DCMAKE_INSTALL_PREFIX=/work/ubuntu-ros2-dev/install/cyclonedds
[6.806s] Invoking command in '/work/ubuntu-ros2-dev/build/cyclonedds': CMAKE_PREFIX_PATH=/work/ubuntu-ros2-dev/install/iceoryx_binding_c:/work/ubuntu-ros2-dev/install/iceoryx_posh:/work/ubuntu-ros2-dev/install/iceoryx_hoofs LD_LIBRARY_PATH=/work/ubuntu-ros2-dev/install/iceoryx_binding_c/lib:/work/ubuntu-ros2-dev/install/iceoryx_posh/lib:/work/ubuntu-ros2-dev/install/iceoryx_hoofs/lib PATH=/work/ubuntu-ros2-dev/install/iceoryx_posh/bin:${PATH} PKG_CONFIG_PATH=/work/ubuntu-ros2-dev/install/iceoryx_binding_c/lib/aarch64-linux-gnu/pkgconfig:/work/ubuntu-ros2-dev/install/iceoryx_binding_c/lib/pkgconfig:/work/ubuntu-ros2-dev/install/iceoryx_posh/lib/aarch64-linux-gnu/pkgconfig:/work/ubuntu-ros2-dev/install/iceoryx_posh/lib/pkgconfig:/work/ubuntu-ros2-dev/install/iceoryx_hoofs/lib/aarch64-linux-gnu/pkgconfig:/work/ubuntu-ros2-dev/install/iceoryx_hoofs/lib/pkgconfig /usr/bin/cmake --build /work/ubuntu-ros2-dev/build/cyclonedds -- -j8 -l8
[8.564s] [  0%] [34m[1mGenerating src/md5.c[0m
[8.564s] [  0%] [34m[1mGenerating include/idl/endian.h[0m
[8.564s] [  1%] Built target _confgen
[8.564s] [  1%] [34m[1mGenerating include/idl/attributes.h[0m
[8.565s] [  2%] [34m[1mGenerating include/idl/md5.h[0m
[8.565s] [  3%] [32mBuilding C object src/tools/idlpp/CMakeFiles/idlpp.dir/src/directive.c.o[0m
[8.565s] [  3%] [32mBuilding C object src/tools/idlpp/CMakeFiles/idlpp.dir/src/eval.c.o[0m
[8.565s] [  3%] [32mBuilding C object src/ddsrt/CMakeFiles/ddsrt-internal.dir/src/avl.c.o[0m
[8.565s] [  3%] [32mBuilding C object src/core/CMakeFiles/ddsc.dir/ddsi/src/ddsi_eth.c.o[0m
[8.565s] [  4%] [32mBuilding C object src/core/CMakeFiles/ddsc.dir/ddsi/src/ddsi_ssl.c.o[0m
[8.565s] [  5%] [32mBuilding C object src/ddsrt/CMakeFiles/ddsrt-internal.dir/src/atomics.c.o[0m
[8.565s] [  5%] [34m[1mGenerating include/idl/misc.h[0m
[8.565s] [  6%] [32mBuilding C object src/ddsrt/CMakeFiles/ddsrt-internal.dir/src/bswap.c.o[0m
[8.565s] [  6%] [32mBuilding C object src/idl/CMakeFiles/idl.dir/src/symbol.c.o[0m
[8.565s] [  6%] [32mBuilding C object src/core/CMakeFiles/ddsc.dir/ddsi/src/ddsi_tcp.c.o[0m
[8.565s] [  6%] [32mBuilding C object src/ddsrt/CMakeFiles/ddsrt-internal.dir/src/io.c.o[0m
[8.566s] [  6%] [32mBuilding C object src/ddsrt/CMakeFiles/ddsrt-internal.dir/src/log.c.o[0m
[8.566s] [  7%] [32mBuilding C object src/idl/CMakeFiles/idl.dir/src/directive.c.o[0m
[8.566s] [  7%] [32mBuilding C object src/idl/CMakeFiles/idl.dir/src/expression.c.o[0m
[8.566s] [  8%] [32mBuilding C object src/ddsrt/CMakeFiles/ddsrt-internal.dir/src/retcode.c.o[0m
[8.566s] [  8%] [32mBuilding C object src/ddsrt/CMakeFiles/ddsrt-internal.dir/src/strtod.c.o[0m
[8.566s] [  9%] [32mBuilding C object src/idl/CMakeFiles/idl.dir/src/processor.c.o[0m
[8.566s] [  9%] [32mBuilding C object src/idl/CMakeFiles/idl.dir/src/file.c.o[0m
[8.566s] [ 10%] [32mBuilding C object src/ddsrt/CMakeFiles/ddsrt-internal.dir/src/strtol.c.o[0m
[8.566s] [ 10%] [32mBuilding C object src/ddsrt/CMakeFiles/ddsrt-internal.dir/src/mh3.c.o[0m
[8.566s] [ 10%] [32mBuilding C object src/core/CMakeFiles/ddsc.dir/ddsi/src/ddsi_tran.c.o[0m
[8.566s] [ 10%] [32mBuilding C object src/idl/CMakeFiles/idl.dir/src/scanner.c.o[0m
[8.566s] [ 11%] [32mBuilding C object src/idl/CMakeFiles/idl.dir/src/string.c.o[0m
[8.566s] [ 11%] [32mBuilding C object src/ddsrt/CMakeFiles/ddsrt-internal.dir/src/environ.c.o[0m
[8.567s] [ 12%] [32mBuilding C object src/core/CMakeFiles/ddsc.dir/ddsi/src/ddsi_udp.c.o[0m
[8.567s] [ 13%] [32mBuilding C object src/tools/idlpp/CMakeFiles/idlpp.dir/src/expand.c.o[0m
[8.567s] [ 13%] [32mBuilding C object src/idl/CMakeFiles/idl.dir/src/annotation.c.o[0m
[8.567s] [ 13%] [32mBuilding C object src/core/CMakeFiles/ddsc.dir/ddsi/src/ddsi_vnet.c.o[0m
[8.567s] [ 13%] [32mBuilding C object src/core/CMakeFiles/ddsc.dir/ddsi/src/ddsi_raweth.c.o[0m
[8.567s] [ 14%] [32mBuilding C object src/ddsrt/CMakeFiles/ddsrt-internal.dir/src/expand_vars.c.o[0m
[8.567s] [ 14%] [32mBuilding C object src/idl/CMakeFiles/idl.dir/src/scope.c.o[0m
[8.567s] [ 15%] [32mBuilding C object src/core/CMakeFiles/ddsc.dir/ddsi/src/ddsi_ipaddr.c.o[0m
[8.567s] [ 15%] [32mBuilding C object src/core/CMakeFiles/ddsc.dir/ddsi/src/ddsi_mcgroup.c.o[0m
[8.572s] [ 16%] [32mBuilding C object src/idl/CMakeFiles/idl.dir/src/tree.c.o[0m
[8.640s] [ 16%] [32mBuilding C object src/ddsrt/CMakeFiles/ddsrt-internal.dir/src/fibheap.c.o[0m
[8.768s] [ 16%] [32mBuilding C object src/idl/CMakeFiles/idl.dir/src/visit.c.o[0m
[8.768s] [ 16%] [32mBuilding C object src/idl/CMakeFiles/idl.dir/src/print.c.o[0m
[8.807s] [ 16%] [32mBuilding C object src/core/CMakeFiles/ddsc.dir/ddsi/src/ddsi_security_omg.c.o[0m
[8.808s] [ 17%] [32mBuilding C object src/core/CMakeFiles/ddsc.dir/ddsi/src/ddsi_security_util.c.o[0m
[8.830s] [ 17%] [32mBuilding C object src/ddsrt/CMakeFiles/ddsrt-internal.dir/src/hopscotch.c.o[0m
[9.215s] [ 17%] [32mBuilding C object src/tools/idlpp/CMakeFiles/idlpp.dir/src/main.c.o[0m
[9.439s] [ 18%] [32mBuilding C object src/ddsrt/CMakeFiles/ddsrt-internal.dir/src/circlist.c.o[0m
[9.546s] [ 18%] [32mBuilding C object src/tools/idlpp/CMakeFiles/idlpp.dir/src/mbchar.c.o[0m
[9.586s] [ 18%] [32mBuilding C object src/ddsrt/CMakeFiles/ddsrt-internal.dir/src/threads.c.o[0m
[9.713s] [ 19%] [32mBuilding C object src/ddsrt/CMakeFiles/ddsrt-internal.dir/src/string.c.o[0m
[9.815s] [ 20%] [32mBuilding C object src/tools/idlpp/CMakeFiles/idlpp.dir/src/support.c.o[0m
[9.831s] [ 20%] [32mBuilding C object src/ddsrt/CMakeFiles/ddsrt-internal.dir/src/sockets.c.o[0m
[10.035s] [ 20%] [32mBuilding C object src/ddsrt/CMakeFiles/ddsrt-internal.dir/src/md5.c.o[0m
[10.192s] [ 20%] [32mBuilding C object src/idl/CMakeFiles/idl.dir/src/hashid.c.o[0m
[10.322s] [ 21%] [32mBuilding C object src/idl/CMakeFiles/idl.dir/src/keylist.c.o[0m
[10.326s] [ 22%] [32mBuilding C object src/ddsrt/CMakeFiles/ddsrt-internal.dir/src/xmlparser.c.o[0m
[10.502s] [ 23%] [32mBuilding C object src/idl/CMakeFiles/idl.dir/src/parser.c.o[0m
[10.592s] [ 23%] [32mBuilding C object src/core/CMakeFiles/ddsc.dir/ddsi/src/ddsi_serdata.c.o[0m
[10.643s] [ 23%] [32mBuilding C object src/ddsrt/CMakeFiles/ddsrt-internal.dir/src/ifaddrs.c.o[0m
[10.798s] [ 24%] [32mBuilding C object src/ddsrt/CMakeFiles/ddsrt-internal.dir/src/cdtors.c.o[0m
[10.860s] [ 25%] [32mBuilding C object src/core/CMakeFiles/ddsc.dir/ddsi/src/ddsi_handshake.c.o[0m
[10.885s] [ 25%] [32mBuilding C object src/tools/idlpp/CMakeFiles/idlpp.dir/src/system.c.o[0m
[10.944s] [ 25%] [32mBuilding C object src/ddsrt/CMakeFiles/ddsrt-internal.dir/src/random.c.o[0m
[11.142s] [ 25%] [32mBuilding C object src/ddsrt/CMakeFiles/ddsrt-internal.dir/src/time.c.o[0m
[11.195s] [ 25%] [32mBuilding C object src/idl/CMakeFiles/idl.dir/src/md5.c.o[0m
[11.203s] [ 26%] [32mBuilding C object src/core/CMakeFiles/ddsc.dir/ddsi/src/ddsi_serdata_pserop.c.o[0m
[11.231s] [ 26%] [32mBuilding C object src/ddsrt/CMakeFiles/ddsrt-internal.dir/src/sockets/posix/socket.c.o[0m
[11.339s] [ 26%] [32m[1mLinking C shared library ../../lib/libcycloneddsidl.so[0m
[11.368s] [ 27%] [32mBuilding C object src/ddsrt/CMakeFiles/ddsrt-internal.dir/src/ifaddrs/posix/ifaddrs.c.o[0m
[11.404s] [ 28%] [32m[1mLinking C static library ../../../lib/libidlpp.a[0m
[11.422s] [ 29%] [32mBuilding C object src/core/CMakeFiles/ddsc.dir/ddsi/src/ddsi_sertype.c.o[0m
[11.491s] [ 29%] [32mBuilding C object src/ddsrt/CMakeFiles/ddsrt-internal.dir/src/sockets/posix/gethostname.c.o[0m
[11.496s] [ 29%] Built target idlpp
[11.501s] [ 29%] Built target idl
[11.539s] [ 30%] [32mBuilding C object src/ddsrt/CMakeFiles/ddsrt-internal.dir/src/heap/posix/heap.c.o[0m
[11.540s] [ 31%] [32mBuilding C object src/core/CMakeFiles/ddsc.dir/ddsi/src/ddsi_sertype_plist.c.o[0m
[11.574s] [ 31%] [32mBuilding C object src/ddsrt/CMakeFiles/ddsrt-internal.dir/src/dynlib/posix/dynlib.c.o[0m
[11.606s] [ 31%] [32mBuilding C object src/core/CMakeFiles/ddsc.dir/ddsi/src/ddsi_sertopic.c.o[0m
[11.634s] [ 32%] [32mBuilding C object src/ddsrt/CMakeFiles/ddsrt-internal.dir/src/environ/posix/environ.c.o[0m
[11.671s] [ 32%] [32mBuilding C object src/ddsrt/CMakeFiles/ddsrt-internal.dir/src/filesystem/posix/filesystem.c.o[0m
[11.712s] [ 33%] [32mBuilding C object src/core/CMakeFiles/ddsc.dir/ddsi/src/ddsi_statistics.c.o[0m
[11.713s] [ 33%] [32mBuilding C object src/ddsrt/CMakeFiles/ddsrt-internal.dir/src/process/posix/process.c.o[0m
[11.747s] [ 34%] [32mBuilding C object src/ddsrt/CMakeFiles/ddsrt-internal.dir/src/random/posix/random.c.o[0m
[11.768s] [ 34%] [32mBuilding C object src/ddsrt/CMakeFiles/ddsrt-internal.dir/src/sync/posix/sync.c.o[0m
[11.773s] [ 34%] [32mBuilding C object src/core/CMakeFiles/ddsc.dir/ddsi/src/ddsi_iid.c.o[0m
[11.808s] [ 34%] [32mBuilding C object src/core/CMakeFiles/ddsc.dir/ddsi/src/ddsi_sertype_pserop.c.o[0m
[11.813s] [ 35%] [32mBuilding C object src/ddsrt/CMakeFiles/ddsrt-internal.dir/src/netstat/linux/netstat.c.o[0m
[11.860s] [ 35%] [32mBuilding C object src/ddsrt/CMakeFiles/ddsrt-internal.dir/src/threads/posix/threads.c.o[0m
[11.860s] [ 36%] [32mBuilding C object src/core/CMakeFiles/ddsc.dir/ddsi/src/ddsi_vendor.c.o[0m
[11.894s] [ 36%] [32mBuilding C object src/core/CMakeFiles/ddsc.dir/ddsi/src/ddsi_tkmap.c.o[0m
[11.945s] [ 37%] [32mBuilding C object src/ddsrt/CMakeFiles/ddsrt-internal.dir/src/rusage/posix/rusage.c.o[0m
[11.977s] [ 37%] [32mBuilding C object src/core/CMakeFiles/ddsc.dir/ddsi/src/ddsi_threadmon.c.o[0m
[11.994s] [ 37%] [32mBuilding C object src/ddsrt/CMakeFiles/ddsrt-internal.dir/src/time/posix/time.c.o[0m
[12.022s] [ 37%] [32m[1mLinking C static library ../../lib/libddsrt-internal.a[0m
[12.068s] [ 38%] [32mBuilding C object src/core/CMakeFiles/ddsc.dir/ddsi/src/ddsi_pmd.c.o[0m
[12.074s] [ 38%] Built target ddsrt-internal
[12.148s] [ 39%] [32mBuilding C object src/core/CMakeFiles/ddsc.dir/ddsi/src/ddsi_deadline.c.o[0m
[12.200s] [ 39%] [32mBuilding C object src/core/CMakeFiles/ddsc.dir/ddsi/src/ddsi_deliver_locally.c.o[0m
[12.290s] [ 39%] [32mBuilding C object src/core/CMakeFiles/ddsc.dir/ddsi/src/ddsi_plist.c.o[0m
[13.070s] [ 40%] [32mBuilding C object src/core/CMakeFiles/ddsc.dir/ddsi/src/ddsi_cdrstream.c.o[0m
[14.259s] [ 40%] [32mBuilding C object src/core/CMakeFiles/ddsc.dir/ddsi/src/ddsi_config.c.o[0m
[14.822s] [ 40%] [32mBuilding C object src/core/CMakeFiles/ddsc.dir/ddsi/src/ddsi_time.c.o[0m
[14.852s] [ 41%] [32mBuilding C object src/core/CMakeFiles/ddsc.dir/ddsi/src/ddsi_ownip.c.o[0m
[15.037s] [ 41%] [32mBuilding C object src/core/CMakeFiles/ddsc.dir/ddsi/src/ddsi_acknack.c.o[0m
[15.165s] [ 42%] [32mBuilding C object src/core/CMakeFiles/ddsc.dir/ddsi/src/ddsi_list_genptr.c.o[0m
[15.221s] [ 42%] [32mBuilding C object src/core/CMakeFiles/ddsc.dir/ddsi/src/ddsi_wraddrset.c.o[0m
[15.419s] [ 42%] [32mBuilding C object src/core/CMakeFiles/ddsc.dir/ddsi/src/ddsi_typelib.c.o[0m
[15.737s] [ 43%] [32mBuilding C object src/core/CMakeFiles/ddsc.dir/ddsi/src/ddsi_entity.c.o[0m
[15.822s] [ 43%] [32mBuilding C object src/core/CMakeFiles/ddsc.dir/ddsi/src/ddsi_entity_match.c.o[0m
[16.140s] [ 44%] [32mBuilding C object src/core/CMakeFiles/ddsc.dir/ddsi/src/ddsi_participant.c.o[0m
[16.368s] [ 44%] [32mBuilding C object src/core/CMakeFiles/ddsc.dir/ddsi/src/ddsi_proxy_participant.c.o[0m
[16.526s] [ 44%] [32mBuilding C object src/core/CMakeFiles/ddsc.dir/ddsi/src/ddsi_topic.c.o[0m
[16.664s] [ 45%] [32mBuilding C object src/core/CMakeFiles/ddsc.dir/ddsi/src/ddsi_endpoint.c.o[0m
[16.967s] [ 45%] [32mBuilding C object src/core/CMakeFiles/ddsc.dir/ddsi/src/ddsi_proxy_endpoint.c.o[0m
[17.111s] [ 45%] [32mBuilding C object src/core/CMakeFiles/ddsc.dir/ddsi/src/q_addrset.c.o[0m
[17.261s] [ 46%] [32mBuilding C object src/core/CMakeFiles/ddsc.dir/ddsi/src/q_bitset_inlines.c.o[0m
[17.286s] [ 46%] [32mBuilding C object src/core/CMakeFiles/ddsc.dir/ddsi/src/q_bswap.c.o[0m
[17.329s] [ 47%] [32mBuilding C object src/core/CMakeFiles/ddsc.dir/ddsi/src/q_ddsi_discovery.c.o[0m
[17.710s] [ 47%] [32mBuilding C object src/core/CMakeFiles/ddsc.dir/ddsi/src/q_debmon.c.o[0m
[17.908s] [ 47%] [32mBuilding C object src/core/CMakeFiles/ddsc.dir/ddsi/src/q_gc.c.o[0m
[17.992s] [ 48%] [32mBuilding C object src/core/CMakeFiles/ddsc.dir/ddsi/src/q_init.c.o[0m
[18.414s] [ 48%] [32mBuilding C object src/core/CMakeFiles/ddsc.dir/ddsi/src/q_lat_estim.c.o[0m
[18.456s] [ 49%] [32mBuilding C object src/core/CMakeFiles/ddsc.dir/ddsi/src/q_lease.c.o[0m
[18.549s] [ 49%] [32mBuilding C object src/core/CMakeFiles/ddsc.dir/ddsi/src/q_misc.c.o[0m
[18.605s] [ 49%] [32mBuilding C object src/core/CMakeFiles/ddsc.dir/ddsi/src/q_pcap.c.o[0m
[18.671s] [ 50%] [32mBuilding C object src/core/CMakeFiles/ddsc.dir/ddsi/src/q_qosmatch.c.o[0m
[18.761s] [ 50%] [32mBuilding C object src/core/CMakeFiles/ddsc.dir/ddsi/src/q_radmin.c.o[0m
[19.124s] [ 50%] [32mBuilding C object src/core/CMakeFiles/ddsc.dir/ddsi/src/q_receive.c.o[0m
[19.974s] [ 51%] [32mBuilding C object src/core/CMakeFiles/ddsc.dir/ddsi/src/q_sockwaitset.c.o[0m
[20.065s] [ 51%] [32mBuilding C object src/core/CMakeFiles/ddsc.dir/ddsi/src/q_thread.c.o[0m
[20.199s] [ 52%] [32mBuilding C object src/core/CMakeFiles/ddsc.dir/ddsi/src/q_transmit.c.o[0m
[20.452s] [ 52%] [32mBuilding C object src/core/CMakeFiles/ddsc.dir/ddsi/src/q_inverse_uint32_set.c.o[0m
[20.498s] [ 52%] [32mBuilding C object src/core/CMakeFiles/ddsc.dir/ddsi/src/q_whc.c.o[0m
[20.523s] [ 53%] [32mBuilding C object src/core/CMakeFiles/ddsc.dir/ddsi/src/q_xevent.c.o[0m
[20.779s] [ 53%] [32mBuilding C object src/core/CMakeFiles/ddsc.dir/ddsi/src/q_xmsg.c.o[0m
[21.009s] [ 53%] [32mBuilding C object src/core/CMakeFiles/ddsc.dir/ddsi/src/q_freelist.c.o[0m
[21.059s] [ 54%] [32mBuilding C object src/core/CMakeFiles/ddsc.dir/ddsi/src/sysdeps.c.o[0m
[21.106s] [ 54%] [32mBuilding C object src/core/CMakeFiles/ddsc.dir/ddsi/src/ddsi_lifespan.c.o[0m
[21.161s] [ 55%] [32mBuilding C object src/core/CMakeFiles/ddsc.dir/ddsi/src/ddsi_xt_typeinfo.c.o[0m
[21.180s] [ 55%] [32mBuilding C object src/core/CMakeFiles/ddsc.dir/ddsi/src/ddsi_xt_typelookup.c.o[0m
[21.207s] [ 55%] [32mBuilding C object src/core/CMakeFiles/ddsc.dir/ddsi/src/ddsi_xt_typemap.c.o[0m
[21.226s] [ 56%] [32mBuilding C object src/core/CMakeFiles/ddsc.dir/ddsi/src/ddsi_typelookup.c.o[0m
[21.387s] [ 56%] [32mBuilding C object src/core/CMakeFiles/ddsc.dir/ddsi/src/ddsi_typewrap.c.o[0m
[21.984s] [ 57%] [32mBuilding C object src/core/CMakeFiles/ddsc.dir/ddsi/src/ddsi_typebuilder.c.o[0m
[22.322s] [ 57%] [32mBuilding C object src/core/CMakeFiles/ddsc.dir/ddsi/src/ddsi_security_msg.c.o[0m
[22.394s] [ 57%] [32mBuilding C object src/core/CMakeFiles/ddsc.dir/ddsi/src/ddsi_security_exchange.c.o[0m
[22.492s] [ 58%] [32mBuilding C object src/core/CMakeFiles/ddsc.dir/ddsi/src/ddsi_shm_transport.c.o[0m
[22.534s] [ 58%] [32mBuilding C object src/core/CMakeFiles/ddsc.dir/ddsi/defconfig.c.o[0m
[22.562s] [ 58%] [32mBuilding C object src/core/CMakeFiles/ddsc.dir/ddsc/src/dds_alloc.c.o[0m
[22.619s] [ 59%] [32mBuilding C object src/core/CMakeFiles/ddsc.dir/ddsc/src/dds_builtin.c.o[0m
[22.725s] [ 59%] [32mBuilding C object src/core/CMakeFiles/ddsc.dir/ddsc/src/dds_coherent.c.o[0m
[22.766s] [ 60%] [32mBuilding C object src/core/CMakeFiles/ddsc.dir/ddsc/src/dds_participant.c.o[0m
[22.846s] [ 60%] [32mBuilding C object src/core/CMakeFiles/ddsc.dir/ddsc/src/dds_reader.c.o[0m
[23.053s] [ 60%] [32mBuilding C object src/core/CMakeFiles/ddsc.dir/ddsc/src/dds_writer.c.o[0m
[23.211s] [ 61%] [32mBuilding C object src/core/CMakeFiles/ddsc.dir/ddsc/src/dds_init.c.o[0m
[23.274s] [ 61%] [32mBuilding C object src/core/CMakeFiles/ddsc.dir/ddsc/src/dds_publisher.c.o[0m
[23.338s] [ 61%] [32mBuilding C object src/core/CMakeFiles/ddsc.dir/ddsc/src/dds_rhc.c.o[0m
[23.368s] [ 62%] [32mBuilding C object src/core/CMakeFiles/ddsc.dir/ddsc/src/dds_rhc_default.c.o[0m
[23.773s] [ 62%] [32mBuilding C object src/core/CMakeFiles/ddsc.dir/ddsc/src/dds_domain.c.o[0m
[23.870s] [ 63%] [32mBuilding C object src/core/CMakeFiles/ddsc.dir/ddsc/src/dds_instance.c.o[0m
[23.980s] [ 63%] [32mBuilding C object src/core/CMakeFiles/ddsc.dir/ddsc/src/dds_qos.c.o[0m
[24.159s] [ 63%] [32mBuilding C object src/core/CMakeFiles/ddsc.dir/ddsc/src/dds_handles.c.o[0m
[24.244s] [ 64%] [32mBuilding C object src/core/CMakeFiles/ddsc.dir/ddsc/src/dds_entity.c.o[0m
[24.454s] [ 64%] [32mBuilding C object src/core/CMakeFiles/ddsc.dir/ddsc/src/dds_matched.c.o[0m
[24.556s] [ 65%] [32mBuilding C object src/core/CMakeFiles/ddsc.dir/ddsc/src/dds_querycond.c.o[0m
[24.610s] [ 65%] [32mBuilding C object src/core/CMakeFiles/ddsc.dir/ddsc/src/dds_topic.c.o[0m
[24.802s] [ 65%] [32mBuilding C object src/core/CMakeFiles/ddsc.dir/ddsc/src/dds_listener.c.o[0m
[24.905s] [ 66%] [32mBuilding C object src/core/CMakeFiles/ddsc.dir/ddsc/src/dds_read.c.o[0m
[25.021s] [ 66%] [32mBuilding C object src/core/CMakeFiles/ddsc.dir/ddsc/src/dds_waitset.c.o[0m
[25.128s] [ 66%] [32mBuilding C object src/core/CMakeFiles/ddsc.dir/ddsc/src/dds_readcond.c.o[0m
[25.193s] [ 67%] [32mBuilding C object src/core/CMakeFiles/ddsc.dir/ddsc/src/dds_guardcond.c.o[0m
[25.265s] [ 67%] [32mBuilding C object src/core/CMakeFiles/ddsc.dir/ddsc/src/dds_statistics.c.o[0m
[25.339s] [ 68%] [32mBuilding C object src/core/CMakeFiles/ddsc.dir/ddsc/src/dds_subscriber.c.o[0m
[25.426s] [ 68%] [32mBuilding C object src/core/CMakeFiles/ddsc.dir/ddsc/src/dds_write.c.o[0m
[25.548s] [ 68%] [32mBuilding C object src/core/CMakeFiles/ddsc.dir/ddsc/src/dds_whc.c.o[0m
[25.775s] [ 69%] [32mBuilding C object src/core/CMakeFiles/ddsc.dir/ddsc/src/dds_whc_builtintopic.c.o[0m
[25.843s] [ 69%] [32mBuilding C object src/core/CMakeFiles/ddsc.dir/ddsc/src/dds_serdata_builtintopic.c.o[0m
[25.941s] [ 70%] [32mBuilding C object src/core/CMakeFiles/ddsc.dir/ddsc/src/dds_sertype_builtintopic.c.o[0m
[25.998s] [ 70%] [32mBuilding C object src/core/CMakeFiles/ddsc.dir/ddsc/src/dds_data_allocator.c.o[0m
[26.060s] [ 70%] [32mBuilding C object src/core/CMakeFiles/ddsc.dir/ddsc/src/dds_loan.c.o[0m
[26.138s] [ 71%] [32mBuilding C object src/core/CMakeFiles/ddsc.dir/ddsc/src/shm_monitor.c.o[0m
[26.211s] [ 71%] [32mBuilding C object src/core/CMakeFiles/ddsc.dir/__/security/core/src/dds_security_serialize.c.o[0m
[26.350s] [ 71%] [32mBuilding C object src/core/CMakeFiles/ddsc.dir/__/security/core/src/dds_security_utils.c.o[0m
[26.534s] [ 72%] [32mBuilding C object src/core/CMakeFiles/ddsc.dir/__/security/core/src/dds_security_plugins.c.o[0m
[26.623s] [ 72%] [32mBuilding C object src/core/CMakeFiles/ddsc.dir/__/security/core/src/shared_secret.c.o[0m
[26.665s] [ 73%] [32mBuilding C object src/core/CMakeFiles/ddsc.dir/__/security/core/src/dds_security_fsm.c.o[0m
[26.768s] [ 73%] [32mBuilding C object src/core/CMakeFiles/ddsc.dir/__/security/core/src/dds_security_timed_cb.c.o[0m
[26.829s] [ 73%] [32mBuilding C object src/core/CMakeFiles/ddsc.dir/__/ddsrt/src/atomics.c.o[0m
[26.895s] [ 74%] [32mBuilding C object src/core/CMakeFiles/ddsc.dir/__/ddsrt/src/avl.c.o[0m
[27.073s] [ 74%] [32mBuilding C object src/core/CMakeFiles/ddsc.dir/__/ddsrt/src/bswap.c.o[0m
[27.094s] [ 74%] [32mBuilding C object src/core/CMakeFiles/ddsc.dir/__/ddsrt/src/io.c.o[0m
[27.120s] [ 75%] [32mBuilding C object src/core/CMakeFiles/ddsc.dir/__/ddsrt/src/log.c.o[0m
[27.188s] [ 75%] [32mBuilding C object src/core/CMakeFiles/ddsc.dir/__/ddsrt/src/retcode.c.o[0m
[27.207s] [ 76%] [32mBuilding C object src/core/CMakeFiles/ddsc.dir/__/ddsrt/src/strtod.c.o[0m
[27.248s] [ 76%] [32mBuilding C object src/core/CMakeFiles/ddsc.dir/__/ddsrt/src/strtol.c.o[0m
[27.292s] [ 76%] [32mBuilding C object src/core/CMakeFiles/ddsc.dir/__/ddsrt/src/mh3.c.o[0m
[27.315s] [ 77%] [32mBuilding C object src/core/CMakeFiles/ddsc.dir/__/ddsrt/src/environ.c.o[0m
[27.345s] [ 77%] [32mBuilding C object src/core/CMakeFiles/ddsc.dir/__/ddsrt/src/expand_vars.c.o[0m
[27.420s] [ 78%] [32mBuilding C object src/core/CMakeFiles/ddsc.dir/__/ddsrt/src/fibheap.c.o[0m
[27.467s] [ 78%] [32mBuilding C object src/core/CMakeFiles/ddsc.dir/__/ddsrt/src/hopscotch.c.o[0m
[27.608s] [ 78%] [32mBuilding C object src/core/CMakeFiles/ddsc.dir/__/ddsrt/src/circlist.c.o[0m
[27.629s] [ 79%] [32mBuilding C object src/core/CMakeFiles/ddsc.dir/__/ddsrt/src/threads.c.o[0m
[27.646s] [ 79%] [32mBuilding C object src/core/CMakeFiles/ddsc.dir/__/ddsrt/src/string.c.o[0m
[27.691s] [ 79%] [32mBuilding C object src/core/CMakeFiles/ddsc.dir/__/ddsrt/src/sockets.c.o[0m
[27.752s] [ 80%] [32mBuilding C object src/core/CMakeFiles/ddsc.dir/__/ddsrt/src/md5.c.o[0m
[27.815s] [ 80%] [32mBuilding C object src/core/CMakeFiles/ddsc.dir/__/ddsrt/src/xmlparser.c.o[0m
[27.957s] [ 81%] [32mBuilding C object src/core/CMakeFiles/ddsc.dir/__/ddsrt/src/ifaddrs.c.o[0m
[27.980s] [ 81%] [32mBuilding C object src/core/CMakeFiles/ddsc.dir/__/ddsrt/src/cdtors.c.o[0m
[28.012s] [ 81%] [32mBuilding C object src/core/CMakeFiles/ddsc.dir/__/ddsrt/src/random.c.o[0m
[28.064s] [ 82%] [32mBuilding C object src/core/CMakeFiles/ddsc.dir/__/ddsrt/src/time.c.o[0m
[28.095s] [ 82%] [32mBuilding C object src/core/CMakeFiles/ddsc.dir/__/ddsrt/src/ifaddrs/posix/ifaddrs.c.o[0m
[28.152s] [ 82%] [32mBuilding C object src/core/CMakeFiles/ddsc.dir/__/ddsrt/src/sockets/posix/socket.c.o[0m
[28.212s] [ 83%] [32mBuilding C object src/core/CMakeFiles/ddsc.dir/__/ddsrt/src/sockets/posix/gethostname.c.o[0m
[28.238s] [ 83%] [32mBuilding C object src/core/CMakeFiles/ddsc.dir/__/ddsrt/src/heap/posix/heap.c.o[0m
[28.259s] [ 84%] [32mBuilding C object src/core/CMakeFiles/ddsc.dir/__/ddsrt/src/dynlib/posix/dynlib.c.o[0m
[28.286s] [ 84%] [32mBuilding C object src/core/CMakeFiles/ddsc.dir/__/ddsrt/src/environ/posix/environ.c.o[0m
[28.315s] [ 84%] [32mBuilding C object src/core/CMakeFiles/ddsc.dir/__/ddsrt/src/filesystem/posix/filesystem.c.o[0m
[28.343s] [ 85%] [32mBuilding C object src/core/CMakeFiles/ddsc.dir/__/ddsrt/src/process/posix/process.c.o[0m
[28.374s] [ 85%] [32mBuilding C object src/core/CMakeFiles/ddsc.dir/__/ddsrt/src/random/posix/random.c.o[0m
[28.395s] [ 86%] [32mBuilding C object src/core/CMakeFiles/ddsc.dir/__/ddsrt/src/sync/posix/sync.c.o[0m
[28.433s] [ 86%] [32mBuilding C object src/core/CMakeFiles/ddsc.dir/__/ddsrt/src/threads/posix/threads.c.o[0m
[28.503s] [ 86%] [32mBuilding C object src/core/CMakeFiles/ddsc.dir/__/ddsrt/src/netstat/linux/netstat.c.o[0m
[28.543s] [ 87%] [32mBuilding C object src/core/CMakeFiles/ddsc.dir/__/ddsrt/src/time/posix/time.c.o[0m
[28.569s] [ 87%] [32mBuilding C object src/core/CMakeFiles/ddsc.dir/__/ddsrt/src/rusage/posix/rusage.c.o[0m
[28.615s] [ 87%] [32mBuilding C object src/core/CMakeFiles/ddsc.dir/ddsi/src/ddsi_entity_index.c.o[0m
[28.727s] [ 87%] [32mBuilding C object src/core/CMakeFiles/ddsc.dir/ddsi/src/ddsi_rhc.c.o[0m
[28.743s] [ 87%] [32mBuilding C object src/core/CMakeFiles/ddsc.dir/ddsi/src/ddsi_sertype_default.c.o[0m
[28.845s] [ 87%] [32mBuilding C object src/core/CMakeFiles/ddsc.dir/ddsi/src/ddsi_serdata_plist.c.o[0m
[28.940s] [ 87%] [32mBuilding C object src/core/CMakeFiles/ddsc.dir/ddsi/src/ddsi_serdata_default.c.o[0m
[29.079s] [ 87%] [32mBuilding C object src/core/CMakeFiles/ddsc.dir/ddsi/src/ddsi_portmapping.c.o[0m
[29.123s] [ 87%] [32m[1mLinking C shared library ../../lib/libddsc.so[0m
[29.273s] [ 87%] Built target ddsc
[29.288s] [ 88%] [32mBuilding C object src/tools/idlc/CMakeFiles/idlc.dir/src/idlc.c.o[0m
[29.399s] [ 88%] [32mBuilding C object src/tools/idlc/CMakeFiles/idlc.dir/src/descriptor.c.o[0m
[29.829s] [ 89%] [32mBuilding C object src/tools/idlc/CMakeFiles/idlc.dir/src/types.c.o[0m
[29.958s] [ 89%] [32mBuilding C object src/tools/idlc/CMakeFiles/idlc.dir/src/descriptor_type_meta.c.o[0m
[30.216s] [ 89%] [32mBuilding C object src/tools/idlc/CMakeFiles/idlc.dir/src/generator.c.o[0m
[30.311s] [ 90%] [32mBuilding C object src/tools/idlc/CMakeFiles/idlc.dir/src/options.c.o[0m
[30.385s] [ 90%] [32mBuilding C object src/tools/idlc/CMakeFiles/idlc.dir/src/plugin.c.o[0m
[30.431s] [ 90%] [32m[1mLinking C executable ../../../bin/idlc[0m
[30.514s] [ 90%] Built target idlc
[30.530s] [ 91%] [32mBuilding C object src/security/builtin_plugins/cryptographic/CMakeFiles/dds_security_crypto.dir/src/crypto_cipher.c.o[0m
[30.644s] [ 91%] [32mBuilding C object src/security/builtin_plugins/cryptographic/CMakeFiles/dds_security_crypto.dir/src/crypto_transform.c.o[0m
[30.903s] [ 92%] [32mBuilding C object src/security/builtin_plugins/cryptographic/CMakeFiles/dds_security_crypto.dir/src/crypto_utils.c.o[0m
[30.989s] [ 92%] [32mBuilding C object src/security/builtin_plugins/cryptographic/CMakeFiles/dds_security_crypto.dir/src/cryptography.c.o[0m
[31.054s] [ 92%] [32mBuilding C object src/security/builtin_plugins/cryptographic/CMakeFiles/dds_security_crypto.dir/__/__/openssl/src/openssl_support.c.o[0m
[31.146s] [ 93%] [32mBuilding C object src/security/builtin_plugins/cryptographic/CMakeFiles/dds_security_crypto.dir/src/crypto_objects.c.o[0m
[31.287s] [ 93%] [32mBuilding C object src/security/builtin_plugins/cryptographic/CMakeFiles/dds_security_crypto.dir/src/crypto_key_factory.c.o[0m
[31.595s] [ 93%] [32mBuilding C object src/security/builtin_plugins/cryptographic/CMakeFiles/dds_security_crypto.dir/src/crypto_key_exchange.c.o[0m
[31.736s] [ 94%] [32m[1mLinking C shared library ../../../../lib/libdds_security_crypto.so[0m
[31.786s] [ 94%] Built target dds_security_crypto
[31.799s] [ 94%] [34m[1mGenerating ddsperf_types.c, ddsperf_types.h[0m
[31.818s] [ 94%] Built target ddsperf_types_generate
[31.835s] [ 94%] [32mBuilding C object src/security/builtin_plugins/authentication/CMakeFiles/dds_security_auth.dir/src/authentication.c.o[0m
[32.255s] [ 94%] [32mBuilding C object src/security/builtin_plugins/authentication/CMakeFiles/dds_security_auth.dir/__/__/openssl/src/openssl_support.c.o[0m
[32.329s] [ 95%] [32mBuilding C object src/security/builtin_plugins/authentication/CMakeFiles/dds_security_auth.dir/src/auth_utils.c.o[0m
[32.526s] [ 95%] [32m[1mLinking C shared library ../../../../lib/libdds_security_auth.so[0m
[32.565s] [ 95%] Built target dds_security_auth
[32.574s] [ 95%] [32mBuilding C object src/tools/ddsperf/CMakeFiles/ddsperf.dir/ddsperf.c.o[0m
[33.028s] [ 96%] [32mBuilding C object src/tools/ddsperf/CMakeFiles/ddsperf.dir/ddsperf_types.c.o[0m
[33.055s] [ 96%] [32mBuilding C object src/tools/ddsperf/CMakeFiles/ddsperf.dir/async_listener.c.o[0m
[33.095s] [ 96%] [32mBuilding C object src/tools/ddsperf/CMakeFiles/ddsperf.dir/netload.c.o[0m
[33.134s] [ 97%] [32mBuilding C object src/tools/ddsperf/CMakeFiles/ddsperf.dir/cputime.c.o[0m
[33.198s] [ 97%] [32m[1mLinking C executable ../../../bin/ddsperf[0m
[33.263s] [ 98%] Built target ddsperf
[33.274s] [ 98%] [32mBuilding C object src/security/builtin_plugins/access_control/CMakeFiles/dds_security_ac.dir/src/access_control_objects.c.o[0m
[33.368s] [ 98%] [32mBuilding C object src/security/builtin_plugins/access_control/CMakeFiles/dds_security_ac.dir/__/__/openssl/src/openssl_support.c.o[0m
[33.446s] [ 98%] [32mBuilding C object src/security/builtin_plugins/access_control/CMakeFiles/dds_security_ac.dir/src/access_control.c.o[0m
[33.745s] [ 99%] [32mBuilding C object src/security/builtin_plugins/access_control/CMakeFiles/dds_security_ac.dir/src/access_control_utils.c.o[0m
[33.858s] [ 99%] [32mBuilding C object src/security/builtin_plugins/access_control/CMakeFiles/dds_security_ac.dir/src/access_control_parser.c.o[0m
[34.079s] [100%] [32m[1mLinking C shared library ../../../../lib/libdds_security_ac.so[0m
[34.128s] [100%] Built target dds_security_ac
[34.138s] Invoked command in '/work/ubuntu-ros2-dev/build/cyclonedds' returned '0': CMAKE_PREFIX_PATH=/work/ubuntu-ros2-dev/install/iceoryx_binding_c:/work/ubuntu-ros2-dev/install/iceoryx_posh:/work/ubuntu-ros2-dev/install/iceoryx_hoofs LD_LIBRARY_PATH=/work/ubuntu-ros2-dev/install/iceoryx_binding_c/lib:/work/ubuntu-ros2-dev/install/iceoryx_posh/lib:/work/ubuntu-ros2-dev/install/iceoryx_hoofs/lib PATH=/work/ubuntu-ros2-dev/install/iceoryx_posh/bin:${PATH} PKG_CONFIG_PATH=/work/ubuntu-ros2-dev/install/iceoryx_binding_c/lib/aarch64-linux-gnu/pkgconfig:/work/ubuntu-ros2-dev/install/iceoryx_binding_c/lib/pkgconfig:/work/ubuntu-ros2-dev/install/iceoryx_posh/lib/aarch64-linux-gnu/pkgconfig:/work/ubuntu-ros2-dev/install/iceoryx_posh/lib/pkgconfig:/work/ubuntu-ros2-dev/install/iceoryx_hoofs/lib/aarch64-linux-gnu/pkgconfig:/work/ubuntu-ros2-dev/install/iceoryx_hoofs/lib/pkgconfig /usr/bin/cmake --build /work/ubuntu-ros2-dev/build/cyclonedds -- -j8 -l8
[34.465s] Invoking command in '/work/ubuntu-ros2-dev/build/cyclonedds': CMAKE_PREFIX_PATH=/work/ubuntu-ros2-dev/install/iceoryx_binding_c:/work/ubuntu-ros2-dev/install/iceoryx_posh:/work/ubuntu-ros2-dev/install/iceoryx_hoofs LD_LIBRARY_PATH=/work/ubuntu-ros2-dev/install/iceoryx_binding_c/lib:/work/ubuntu-ros2-dev/install/iceoryx_posh/lib:/work/ubuntu-ros2-dev/install/iceoryx_hoofs/lib PATH=/work/ubuntu-ros2-dev/install/iceoryx_posh/bin:${PATH} PKG_CONFIG_PATH=/work/ubuntu-ros2-dev/install/iceoryx_binding_c/lib/aarch64-linux-gnu/pkgconfig:/work/ubuntu-ros2-dev/install/iceoryx_binding_c/lib/pkgconfig:/work/ubuntu-ros2-dev/install/iceoryx_posh/lib/aarch64-linux-gnu/pkgconfig:/work/ubuntu-ros2-dev/install/iceoryx_posh/lib/pkgconfig:/work/ubuntu-ros2-dev/install/iceoryx_hoofs/lib/aarch64-linux-gnu/pkgconfig:/work/ubuntu-ros2-dev/install/iceoryx_hoofs/lib/pkgconfig /usr/bin/cmake --install /work/ubuntu-ros2-dev/build/cyclonedds
[34.885s] -- Install configuration: "RelWithDebInfo"
[34.885s] -- Installing: /work/ubuntu-ros2-dev/install/cyclonedds/lib/cmake/CycloneDDS/CycloneDDSConfig.cmake
[34.886s] -- Installing: /work/ubuntu-ros2-dev/install/cyclonedds/lib/cmake/CycloneDDS/CycloneDDSConfigVersion.cmake
[34.886s] -- Installing: /work/ubuntu-ros2-dev/install/cyclonedds/lib/cmake/CycloneDDS/CycloneDDSTargets.cmake
[34.886s] -- Installing: /work/ubuntu-ros2-dev/install/cyclonedds/lib/cmake/CycloneDDS/CycloneDDSTargets-relwithdebinfo.cmake
[34.886s] -- Installing: /work/ubuntu-ros2-dev/install/cyclonedds/lib/pkgconfig/CycloneDDS.pc
[34.886s] -- Installing: /work/ubuntu-ros2-dev/install/cyclonedds/include/idlc
[34.886s] -- Installing: /work/ubuntu-ros2-dev/install/cyclonedds/include/idlc/options.h
[34.886s] -- Installing: /work/ubuntu-ros2-dev/install/cyclonedds/include/idlc/generator.h
[34.886s] -- Installing: /work/ubuntu-ros2-dev/install/cyclonedds/bin/idlc
[34.886s] -- Set runtime path of "/work/ubuntu-ros2-dev/install/cyclonedds/bin/idlc" to "$ORIGIN/../lib"
[34.886s] -- Installing: /work/ubuntu-ros2-dev/install/cyclonedds/lib/cmake/CycloneDDS/idlc/Generate.cmake
[34.886s] -- Installing: /work/ubuntu-ros2-dev/install/cyclonedds/bin/ddsperf
[34.886s] -- Set runtime path of "/work/ubuntu-ros2-dev/install/cyclonedds/bin/ddsperf" to "$ORIGIN/../lib"
[34.886s] -- Up-to-date: /work/ubuntu-ros2-dev/install/cyclonedds/include
[34.886s] -- Installing: /work/ubuntu-ros2-dev/install/cyclonedds/include/dds
[34.886s] -- Installing: /work/ubuntu-ros2-dev/install/cyclonedds/include/dds/ddsrt
[34.886s] -- Installing: /work/ubuntu-ros2-dev/install/cyclonedds/include/dds/ddsrt/misc.h
[34.886s] -- Installing: /work/ubuntu-ros2-dev/install/cyclonedds/include/dds/ddsrt/random.h
[34.886s] -- Installing: /work/ubuntu-ros2-dev/install/cyclonedds/include/dds/ddsrt/md5.h
[34.886s] -- Installing: /work/ubuntu-ros2-dev/install/cyclonedds/include/dds/ddsrt/sync.h
[34.886s] -- Installing: /work/ubuntu-ros2-dev/install/cyclonedds/include/dds/ddsrt/fibheap.h
[34.886s] -- Installing: /work/ubuntu-ros2-dev/install/cyclonedds/include/dds/ddsrt/circlist.h
[34.886s] -- Installing: /work/ubuntu-ros2-dev/install/cyclonedds/include/dds/ddsrt/time.h
[34.886s] -- Installing: /work/ubuntu-ros2-dev/install/cyclonedds/include/dds/ddsrt/cdtors.h
[34.886s] -- Installing: /work/ubuntu-ros2-dev/install/cyclonedds/include/dds/ddsrt/threads.h
[34.886s] -- Installing: /work/ubuntu-ros2-dev/install/cyclonedds/include/dds/ddsrt/filesystem
[34.886s] -- Installing: /work/ubuntu-ros2-dev/install/cyclonedds/include/dds/ddsrt/filesystem/posix.h
[34.886s] -- Installing: /work/ubuntu-ros2-dev/install/cyclonedds/include/dds/ddsrt/filesystem/windows.h
[34.887s] -- Installing: /work/ubuntu-ros2-dev/install/cyclonedds/include/dds/ddsrt/sockets
[34.887s] -- Installing: /work/ubuntu-ros2-dev/install/cyclonedds/include/dds/ddsrt/sockets/posix.h
[34.887s] -- Installing: /work/ubuntu-ros2-dev/install/cyclonedds/include/dds/ddsrt/sockets/windows.h
[34.887s] -- Installing: /work/ubuntu-ros2-dev/install/cyclonedds/include/dds/ddsrt/process.h
[34.887s] -- Installing: /work/ubuntu-ros2-dev/install/cyclonedds/include/dds/ddsrt/io.h
[34.887s] -- Installing: /work/ubuntu-ros2-dev/install/cyclonedds/include/dds/ddsrt/sockets.h
[34.887s] -- Installing: /work/ubuntu-ros2-dev/install/cyclonedds/include/dds/ddsrt/heap.h
[34.887s] -- Installing: /work/ubuntu-ros2-dev/install/cyclonedds/include/dds/ddsrt/dynlib.h
[34.887s] -- Installing: /work/ubuntu-ros2-dev/install/cyclonedds/include/dds/ddsrt/strtol.h
[34.887s] -- Installing: /work/ubuntu-ros2-dev/install/cyclonedds/include/dds/ddsrt/types.h
[34.887s] -- Installing: /work/ubuntu-ros2-dev/install/cyclonedds/include/dds/ddsrt/align.h
[34.887s] -- Installing: /work/ubuntu-ros2-dev/install/cyclonedds/include/dds/ddsrt/xmlparser.h
[34.887s] -- Installing: /work/ubuntu-ros2-dev/install/cyclonedds/include/dds/ddsrt/atomics
[34.887s] -- Installing: /work/ubuntu-ros2-dev/install/cyclonedds/include/dds/ddsrt/atomics/msvc.h
[34.887s] -- Installing: /work/ubuntu-ros2-dev/install/cyclonedds/include/dds/ddsrt/atomics/gcc.h
[34.887s] -- Installing: /work/ubuntu-ros2-dev/install/cyclonedds/include/dds/ddsrt/atomics/sun.h
[34.887s] -- Installing: /work/ubuntu-ros2-dev/install/cyclonedds/include/dds/ddsrt/atomics/arm.h
[34.887s] -- Installing: /work/ubuntu-ros2-dev/install/cyclonedds/include/dds/ddsrt/endian.h
[34.887s] -- Installing: /work/ubuntu-ros2-dev/install/cyclonedds/include/dds/ddsrt/expand_vars.h
[34.887s] -- Installing: /work/ubuntu-ros2-dev/install/cyclonedds/include/dds/ddsrt/atomics.h
[34.887s] -- Installing: /work/ubuntu-ros2-dev/install/cyclonedds/include/dds/ddsrt/string.h
[34.887s] -- Installing: /work/ubuntu-ros2-dev/install/cyclonedds/include/dds/ddsrt/environ.h
[34.887s] -- Installing: /work/ubuntu-ros2-dev/install/cyclonedds/include/dds/ddsrt/sync
[34.887s] -- Installing: /work/ubuntu-ros2-dev/install/cyclonedds/include/dds/ddsrt/sync/posix.h
[34.887s] -- Installing: /work/ubuntu-ros2-dev/install/cyclonedds/include/dds/ddsrt/sync/windows.h
[34.887s] -- Installing: /work/ubuntu-ros2-dev/install/cyclonedds/include/dds/ddsrt/sync/freertos.h
[34.887s] -- Installing: /work/ubuntu-ros2-dev/install/cyclonedds/include/dds/ddsrt/iovec.h
[34.888s] -- Installing: /work/ubuntu-ros2-dev/install/cyclonedds/include/dds/ddsrt/time
[34.888s] -- Installing: /work/ubuntu-ros2-dev/install/cyclonedds/include/dds/ddsrt/time/freertos.h
[34.888s] -- Installing: /work/ubuntu-ros2-dev/install/cyclonedds/include/dds/ddsrt/arch.h
[34.888s] -- Installing: /work/ubuntu-ros2-dev/install/cyclonedds/include/dds/ddsrt/mh3.h
[34.888s] -- Installing: /work/ubuntu-ros2-dev/install/cyclonedds/include/dds/ddsrt/attributes.h
[34.888s] -- Installing: /work/ubuntu-ros2-dev/install/cyclonedds/include/dds/ddsrt/hopscotch.h
[34.888s] -- Installing: /work/ubuntu-ros2-dev/install/cyclonedds/include/dds/ddsrt/types
[34.888s] -- Installing: /work/ubuntu-ros2-dev/install/cyclonedds/include/dds/ddsrt/types/vxworks.h
[34.888s] -- Installing: /work/ubuntu-ros2-dev/install/cyclonedds/include/dds/ddsrt/types/posix.h
[34.888s] -- Installing: /work/ubuntu-ros2-dev/install/cyclonedds/include/dds/ddsrt/types/windows.h
[34.888s] -- Installing: /work/ubuntu-ros2-dev/install/cyclonedds/include/dds/ddsrt/threads
[34.888s] -- Installing: /work/ubuntu-ros2-dev/install/cyclonedds/include/dds/ddsrt/threads/posix.h
[34.888s] -- Installing: /work/ubuntu-ros2-dev/install/cyclonedds/include/dds/ddsrt/threads/windows.h
[34.888s] -- Installing: /work/ubuntu-ros2-dev/install/cyclonedds/include/dds/ddsrt/threads/freertos.h
[34.888s] -- Installing: /work/ubuntu-ros2-dev/install/cyclonedds/include/dds/ddsrt/avl.h
[34.888s] -- Installing: /work/ubuntu-ros2-dev/install/cyclonedds/include/dds/ddsrt/countargs.h
[34.888s] -- Installing: /work/ubuntu-ros2-dev/install/cyclonedds/include/dds/ddsrt/ifaddrs.h
[34.888s] -- Installing: /work/ubuntu-ros2-dev/install/cyclonedds/include/dds/ddsrt/sched.h
[34.888s] -- Installing: /work/ubuntu-ros2-dev/install/cyclonedds/include/dds/ddsrt/bswap.h
[34.888s] -- Installing: /work/ubuntu-ros2-dev/install/cyclonedds/include/dds/ddsrt/static_assert.h
[34.888s] -- Installing: /work/ubuntu-ros2-dev/install/cyclonedds/include/dds/ddsrt/filesystem.h
[34.888s] -- Installing: /work/ubuntu-ros2-dev/install/cyclonedds/include/dds/ddsrt/strtod.h
[34.888s] -- Installing: /work/ubuntu-ros2-dev/install/cyclonedds/include/dds/ddsrt/retcode.h
[34.888s] -- Installing: /work/ubuntu-ros2-dev/install/cyclonedds/include/dds/ddsrt/rusage.h
[34.888s] -- Installing: /work/ubuntu-ros2-dev/install/cyclonedds/include/dds/ddsrt/log.h
[34.888s] -- Installing: /work/ubuntu-ros2-dev/install/cyclonedds/include/dds/ddsrt/netstat.h
[34.888s] -- Up-to-date: /work/ubuntu-ros2-dev/install/cyclonedds/include
[34.888s] -- Up-to-date: /work/ubuntu-ros2-dev/install/cyclonedds/include/dds
[34.889s] -- Installing: /work/ubuntu-ros2-dev/install/cyclonedds/include/dds/version.h
[34.889s] -- Installing: /work/ubuntu-ros2-dev/install/cyclonedds/include/dds/config.h
[34.889s] -- Installing: /work/ubuntu-ros2-dev/install/cyclonedds/include/dds/features.h
[34.889s] -- Installing: /work/ubuntu-ros2-dev/install/cyclonedds/include/idl
[34.889s] -- Installing: /work/ubuntu-ros2-dev/install/cyclonedds/include/idl/scope.h
[34.889s] -- Installing: /work/ubuntu-ros2-dev/install/cyclonedds/include/idl/visit.h
[34.889s] -- Installing: /work/ubuntu-ros2-dev/install/cyclonedds/include/idl/processor.h
[34.889s] -- Installing: /work/ubuntu-ros2-dev/install/cyclonedds/include/idl/expression.h
[34.889s] -- Installing: /work/ubuntu-ros2-dev/install/cyclonedds/include/idl/file.h
[34.889s] -- Installing: /work/ubuntu-ros2-dev/install/cyclonedds/include/idl/string.h
[34.889s] -- Installing: /work/ubuntu-ros2-dev/install/cyclonedds/include/idl/symbol.h
[34.889s] -- Installing: /work/ubuntu-ros2-dev/install/cyclonedds/include/idl/stream.h
[34.889s] -- Installing: /work/ubuntu-ros2-dev/install/cyclonedds/include/idl/print.h
[34.889s] -- Installing: /work/ubuntu-ros2-dev/install/cyclonedds/include/idl/retcode.h
[34.889s] -- Installing: /work/ubuntu-ros2-dev/install/cyclonedds/include/idl/tree.h
[34.889s] -- Up-to-date: /work/ubuntu-ros2-dev/install/cyclonedds/include/idl
[34.889s] -- Installing: /work/ubuntu-ros2-dev/install/cyclonedds/include/idl/misc.h
[34.889s] -- Installing: /work/ubuntu-ros2-dev/install/cyclonedds/include/idl/export.h
[34.889s] -- Installing: /work/ubuntu-ros2-dev/install/cyclonedds/include/idl/version.h
[34.889s] -- Installing: /work/ubuntu-ros2-dev/install/cyclonedds/include/idl/md5.h
[34.889s] -- Installing: /work/ubuntu-ros2-dev/install/cyclonedds/include/idl/endian.h
[34.889s] -- Installing: /work/ubuntu-ros2-dev/install/cyclonedds/include/idl/attributes.h
[34.889s] -- Installing: /work/ubuntu-ros2-dev/install/cyclonedds/lib/libcycloneddsidl.so.0.10.5
[34.889s] -- Installing: /work/ubuntu-ros2-dev/install/cyclonedds/lib/libcycloneddsidl.so.0
[34.889s] -- Set runtime path of "/work/ubuntu-ros2-dev/install/cyclonedds/lib/libcycloneddsidl.so.0.10.5" to "$ORIGIN/../lib"
[34.889s] -- Installing: /work/ubuntu-ros2-dev/install/cyclonedds/lib/libcycloneddsidl.so
[34.889s] -- Up-to-date: /work/ubuntu-ros2-dev/install/cyclonedds/include
[34.889s] -- Up-to-date: /work/ubuntu-ros2-dev/install/cyclonedds/include/dds
[34.889s] -- Installing: /work/ubuntu-ros2-dev/install/cyclonedds/include/dds/security
[34.889s] -- Installing: /work/ubuntu-ros2-dev/install/cyclonedds/include/dds/security/dds_security_api_cryptography.h
[34.890s] -- Installing: /work/ubuntu-ros2-dev/install/cyclonedds/include/dds/security/dds_security_api_access_control.h
[34.890s] -- Installing: /work/ubuntu-ros2-dev/install/cyclonedds/include/dds/security/dds_security_api_authentication.h
[34.890s] -- Installing: /work/ubuntu-ros2-dev/install/cyclonedds/include/dds/security/dds_security_api_err.h
[34.890s] -- Installing: /work/ubuntu-ros2-dev/install/cyclonedds/include/dds/security/dds_security_api_types.h
[34.890s] -- Installing: /work/ubuntu-ros2-dev/install/cyclonedds/include/dds/security/dds_security_api.h
[34.890s] -- Installing: /work/ubuntu-ros2-dev/install/cyclonedds/include/dds/security/dds_security_api_defs.h
[34.890s] -- Installing: /work/ubuntu-ros2-dev/install/cyclonedds/include/dds/security/core/
[34.890s] -- Installing: /work/ubuntu-ros2-dev/install/cyclonedds/include/dds/security/core//dds_security_types.h
[34.890s] -- Installing: /work/ubuntu-ros2-dev/install/cyclonedds/include/dds/security/core//dds_security_utils.h
[34.890s] -- Installing: /work/ubuntu-ros2-dev/install/cyclonedds/include/dds/security/core//dds_security_plugins.h
[34.890s] -- Installing: /work/ubuntu-ros2-dev/install/cyclonedds/include/dds/security/core//dds_security_fsm.h
[34.890s] -- Installing: /work/ubuntu-ros2-dev/install/cyclonedds/include/dds/security/core//dds_security_serialize.h
[34.890s] -- Installing: /work/ubuntu-ros2-dev/install/cyclonedds/include/dds/security/core//shared_secret.h
[34.890s] -- Installing: /work/ubuntu-ros2-dev/install/cyclonedds/include/dds/security/core//dds_security_timed_cb.h
[34.890s] -- Installing: /work/ubuntu-ros2-dev/install/cyclonedds/lib/libdds_security_ac.so
[34.890s] -- Set runtime path of "/work/ubuntu-ros2-dev/install/cyclonedds/lib/libdds_security_ac.so" to "$ORIGIN/../lib"
[34.890s] -- Installing: /work/ubuntu-ros2-dev/install/cyclonedds/lib/libdds_security_auth.so
[34.890s] -- Set runtime path of "/work/ubuntu-ros2-dev/install/cyclonedds/lib/libdds_security_auth.so" to "$ORIGIN/../lib"
[34.890s] -- Installing: /work/ubuntu-ros2-dev/install/cyclonedds/lib/libdds_security_crypto.so
[34.890s] -- Set runtime path of "/work/ubuntu-ros2-dev/install/cyclonedds/lib/libdds_security_crypto.so" to "$ORIGIN/../lib"
[34.890s] -- Up-to-date: /work/ubuntu-ros2-dev/install/cyclonedds/include
[34.890s] -- Up-to-date: /work/ubuntu-ros2-dev/install/cyclonedds/include/dds
[34.890s] -- Installing: /work/ubuntu-ros2-dev/install/cyclonedds/include/dds/ddsi
[34.891s] -- Installing: /work/ubuntu-ros2-dev/install/cyclonedds/include/dds/ddsi/ddsi_typelib.h
[34.891s] -- Installing: /work/ubuntu-ros2-dev/install/cyclonedds/include/dds/ddsi/ddsi_ssl.h
[34.891s] -- Installing: /work/ubuntu-ros2-dev/install/cyclonedds/include/dds/ddsi/ddsi_vendor.h
[34.891s] -- Installing: /work/ubuntu-ros2-dev/install/cyclonedds/include/dds/ddsi/ddsi_locator.h
[34.891s] -- Installing: /work/ubuntu-ros2-dev/install/cyclonedds/include/dds/ddsi/q_inverse_uint32_set.h
[34.891s] -- Installing: /work/ubuntu-ros2-dev/install/cyclonedds/include/dds/ddsi/sysdeps.h
[34.891s] -- Installing: /work/ubuntu-ros2-dev/install/cyclonedds/include/dds/ddsi/ddsi_entity_index.h
[34.891s] -- Installing: /work/ubuntu-ros2-dev/install/cyclonedds/include/dds/ddsi/q_receive.h
[34.891s] -- Installing: /work/ubuntu-ros2-dev/install/cyclonedds/include/dds/ddsi/ddsi_threadmon.h
[34.891s] -- Installing: /work/ubuntu-ros2-dev/install/cyclonedds/include/dds/ddsi/ddsi_tran.h
[34.891s] -- Installing: /work/ubuntu-ros2-dev/install/cyclonedds/include/dds/ddsi/q_unused.h
[34.891s] -- Installing: /work/ubuntu-ros2-dev/install/cyclonedds/include/dds/ddsi/ddsi_ipaddr.h
[34.891s] -- Installing: /work/ubuntu-ros2-dev/install/cyclonedds/include/dds/ddsi/ddsi_sertype.h
[34.891s] -- Installing: /work/ubuntu-ros2-dev/install/cyclonedds/include/dds/ddsi/ddsi_xt_typeinfo.idl
[34.891s] -- Installing: /work/ubuntu-ros2-dev/install/cyclonedds/include/dds/ddsi/q_pcap.h
[34.891s] -- Installing: /work/ubuntu-ros2-dev/install/cyclonedds/include/dds/ddsi/ddsi_cfgunits.h
[34.891s] -- Installing: /work/ubuntu-ros2-dev/install/cyclonedds/include/dds/ddsi/ddsi_proxy_participant.h
[34.891s] -- Installing: /work/ubuntu-ros2-dev/install/cyclonedds/include/dds/ddsi/q_whc.h
[34.891s] -- Installing: /work/ubuntu-ros2-dev/install/cyclonedds/include/dds/ddsi/q_radmin.h
[34.891s] -- Installing: /work/ubuntu-ros2-dev/install/cyclonedds/include/dds/ddsi/ddsi_xt_typemap.h
[34.891s] -- Installing: /work/ubuntu-ros2-dev/install/cyclonedds/include/dds/ddsi/q_bswap.h
[34.891s] -- Installing: /work/ubuntu-ros2-dev/install/cyclonedds/include/dds/ddsi/ddsi_deadline.h
[34.891s] -- Installing: /work/ubuntu-ros2-dev/install/cyclonedds/include/dds/ddsi/ddsi_topic.h
[34.891s] -- Installing: /work/ubuntu-ros2-dev/install/cyclonedds/include/dds/ddsi/ddsi_tcp.h
[34.892s] -- Installing: /work/ubuntu-ros2-dev/install/cyclonedds/include/dds/ddsi/ddsi_tkmap.h
[34.892s] -- Installing: /work/ubuntu-ros2-dev/install/cyclonedds/include/dds/ddsi/ddsi_typewrap.h
[34.892s] -- Installing: /work/ubuntu-ros2-dev/install/cyclonedds/include/dds/ddsi/ddsi_vnet.h
[34.892s] -- Installing: /work/ubuntu-ros2-dev/install/cyclonedds/include/dds/ddsi/q_gc.h
[34.892s] -- Installing: /work/ubuntu-ros2-dev/install/cyclonedds/include/dds/ddsi/ddsi_security_util.h
[34.892s] -- Installing: /work/ubuntu-ros2-dev/install/cyclonedds/include/dds/ddsi/ddsi_serdata_default.h
[34.892s] -- Installing: /work/ubuntu-ros2-dev/install/cyclonedds/include/dds/ddsi/ddsi_cdrstream.h
[34.892s] -- Installing: /work/ubuntu-ros2-dev/install/cyclonedds/include/dds/ddsi/ddsi_mcgroup.h
[34.892s] -- Installing: /work/ubuntu-ros2-dev/install/cyclonedds/include/dds/ddsi/ddsi_plist_generic.h
[34.892s] -- Installing: /work/ubuntu-ros2-dev/install/cyclonedds/include/dds/ddsi/ddsi_plist.h
[34.892s] -- Installing: /work/ubuntu-ros2-dev/install/cyclonedds/include/dds/ddsi/ddsi_proxy_endpoint.h
[34.892s] -- Installing: /work/ubuntu-ros2-dev/install/cyclonedds/include/dds/ddsi/q_freelist.h
[34.892s] -- Installing: /work/ubuntu-ros2-dev/install/cyclonedds/include/dds/ddsi/q_init.h
[34.892s] -- Installing: /work/ubuntu-ros2-dev/install/cyclonedds/include/dds/ddsi/ddsi_domaingv.h
[34.892s] -- Installing: /work/ubuntu-ros2-dev/install/cyclonedds/include/dds/ddsi/ddsi_sertopic.h
[34.892s] -- Installing: /work/ubuntu-ros2-dev/install/cyclonedds/include/dds/ddsi/ddsi_xt_typemap.idl
[34.892s] -- Installing: /work/ubuntu-ros2-dev/install/cyclonedds/include/dds/ddsi/ddsi_raweth.h
[34.892s] -- Installing: /work/ubuntu-ros2-dev/install/cyclonedds/include/dds/ddsi/ddsi_portmapping.h
[34.892s] -- Installing: /work/ubuntu-ros2-dev/install/cyclonedds/include/dds/ddsi/ddsi_wraddrset.h
[34.892s] -- Installing: /work/ubuntu-ros2-dev/install/cyclonedds/include/dds/ddsi/ddsi_shm_transport.h
[34.892s] -- Installing: /work/ubuntu-ros2-dev/install/cyclonedds/include/dds/ddsi/ddsi_pmd.h
[34.892s] -- Installing: /work/ubuntu-ros2-dev/install/cyclonedds/include/dds/ddsi/ddsi_xt_impl.h
[34.892s] -- Installing: /work/ubuntu-ros2-dev/install/cyclonedds/include/dds/ddsi/ddsi_serdata.h
[34.892s] -- Installing: /work/ubuntu-ros2-dev/install/cyclonedds/include/dds/ddsi/ddsi_entity.h
[34.892s] -- Installing: /work/ubuntu-ros2-dev/install/cyclonedds/include/dds/ddsi/ddsi_xt_typeinfo.h
[34.892s] -- Installing: /work/ubuntu-ros2-dev/install/cyclonedds/include/dds/ddsi/ddsi_ownip.h
[34.893s] -- Installing: /work/ubuntu-ros2-dev/install/cyclonedds/include/dds/ddsi/q_ddsi_discovery.h
[34.893s] -- Installing: /work/ubuntu-ros2-dev/install/cyclonedds/include/dds/ddsi/ddsi_serdata_plist.h
[34.893s] -- Installing: /work/ubuntu-ros2-dev/install/cyclonedds/include/dds/ddsi/ddsi_xqos.h
[34.893s] -- Installing: /work/ubuntu-ros2-dev/install/cyclonedds/include/dds/ddsi/q_feature_check.h
[34.893s] -- Installing: /work/ubuntu-ros2-dev/install/cyclonedds/include/dds/ddsi/ddsi_handshake.h
[34.893s] -- Installing: /work/ubuntu-ros2-dev/install/cyclonedds/include/dds/ddsi/ddsi_config_impl.h
[34.893s] -- Installing: /work/ubuntu-ros2-dev/install/cyclonedds/include/dds/ddsi/ddsi_list_genptr.h
[34.893s] -- Installing: /work/ubuntu-ros2-dev/install/cyclonedds/include/dds/ddsi/q_debmon.h
[34.893s] -- Installing: /work/ubuntu-ros2-dev/install/cyclonedds/include/dds/ddsi/q_lease.h
[34.893s] -- Installing: /work/ubuntu-ros2-dev/install/cyclonedds/include/dds/ddsi/q_bitset.h
[34.893s] -- Installing: /work/ubuntu-ros2-dev/install/cyclonedds/include/dds/ddsi/ddsi_time.h
[34.893s] -- Installing: /work/ubuntu-ros2-dev/install/cyclonedds/include/dds/ddsi/ddsi_endpoint.h
[34.893s] -- Installing: /work/ubuntu-ros2-dev/install/cyclonedds/include/dds/ddsi/q_protocol.h
[34.893s] -- Installing: /work/ubuntu-ros2-dev/install/cyclonedds/include/dds/ddsi/q_xmsg.h
[34.893s] -- Installing: /work/ubuntu-ros2-dev/install/cyclonedds/include/dds/ddsi/q_sockwaitset.h
[34.893s] -- Installing: /work/ubuntu-ros2-dev/install/cyclonedds/include/dds/ddsi/q_rtps.h
[34.893s] -- Installing: /work/ubuntu-ros2-dev/install/cyclonedds/include/dds/ddsi/ddsi_security_omg.h
[34.893s] -- Installing: /work/ubuntu-ros2-dev/install/cyclonedds/include/dds/ddsi/q_transmit.h
[34.893s] -- Installing: /work/ubuntu-ros2-dev/install/cyclonedds/include/dds/ddsi/ddsi_cfgelems.h
[34.893s] -- Installing: /work/ubuntu-ros2-dev/install/cyclonedds/include/dds/ddsi/ddsi_serdata_pserop.h
[34.893s] -- Installing: /work/ubuntu-ros2-dev/install/cyclonedds/include/dds/ddsi/ddsi_udp.h
[34.893s] -- Installing: /work/ubuntu-ros2-dev/install/cyclonedds/include/dds/ddsi/ddsi_guid.h
[34.893s] -- Installing: /work/ubuntu-ros2-dev/install/cyclonedds/include/dds/ddsi/ddsi_typebuilder.h
[34.893s] -- Installing: /work/ubuntu-ros2-dev/install/cyclonedds/include/dds/ddsi/ddsi_config.h
[34.893s] -- Installing: /work/ubuntu-ros2-dev/install/cyclonedds/include/dds/ddsi/ddsi_keyhash.h
[34.894s] -- Installing: /work/ubuntu-ros2-dev/install/cyclonedds/include/dds/ddsi/ddsi_participant.h
[34.894s] -- Installing: /work/ubuntu-ros2-dev/install/cyclonedds/include/dds/ddsi/ddsi_deliver_locally.h
[34.894s] -- Installing: /work/ubuntu-ros2-dev/install/cyclonedds/include/dds/ddsi/ddsi_iid.h
[34.894s] -- Installing: /work/ubuntu-ros2-dev/install/cyclonedds/include/dds/ddsi/q_qosmatch.h
[34.894s] -- Installing: /work/ubuntu-ros2-dev/install/cyclonedds/include/dds/ddsi/ddsi_lifespan.h
[34.894s] -- Installing: /work/ubuntu-ros2-dev/install/cyclonedds/include/dds/ddsi/ddsi_entity_match.h
[34.894s] -- Installing: /work/ubuntu-ros2-dev/install/cyclonedds/include/dds/ddsi/q_lat_estim.h
[34.894s] -- Installing: /work/ubuntu-ros2-dev/install/cyclonedds/include/dds/ddsi/ddsi_security_exchange.h
[34.894s] -- Installing: /work/ubuntu-ros2-dev/install/cyclonedds/include/dds/ddsi/q_misc.h
[34.894s] -- Installing: /work/ubuntu-ros2-dev/install/cyclonedds/include/dds/ddsi/q_log.h
[34.894s] -- Installing: /work/ubuntu-ros2-dev/install/cyclonedds/include/dds/ddsi/ddsi_acknack.h
[34.894s] -- Installing: /work/ubuntu-ros2-dev/install/cyclonedds/include/dds/ddsi/ddsi_rhc.h
[34.894s] -- Installing: /work/ubuntu-ros2-dev/install/cyclonedds/include/dds/ddsi/ddsi_list_tmpl.h
[34.894s] -- Installing: /work/ubuntu-ros2-dev/install/cyclonedds/include/dds/ddsi/q_xevent.h
[34.894s] -- Installing: /work/ubuntu-ros2-dev/install/cyclonedds/include/dds/ddsi/q_thread.h
[34.894s] -- Installing: /work/ubuntu-ros2-dev/install/cyclonedds/include/dds/ddsi/ddsi_statistics.h
[34.894s] -- Installing: /work/ubuntu-ros2-dev/install/cyclonedds/include/dds/ddsi/ddsi_xt_typelookup.idl
[34.894s] -- Installing: /work/ubuntu-ros2-dev/install/cyclonedds/include/dds/ddsi/q_addrset.h
[34.894s] -- Installing: /work/ubuntu-ros2-dev/install/cyclonedds/include/dds/ddsi/ddsi_builtin_topic_if.h
[34.894s] -- Installing: /work/ubuntu-ros2-dev/install/cyclonedds/include/dds/ddsi/ddsi_xt_typelookup.h
[34.894s] -- Installing: /work/ubuntu-ros2-dev/install/cyclonedds/include/dds/ddsi/q_hbcontrol.h
[34.894s] -- Installing: /work/ubuntu-ros2-dev/install/cyclonedds/include/dds/ddsi/ddsi_security_msg.h
[34.894s] -- Installing: /work/ubuntu-ros2-dev/install/cyclonedds/include/dds/ddsi/ddsi_typelookup.h
[34.894s] -- Up-to-date: /work/ubuntu-ros2-dev/install/cyclonedds/include
[34.894s] -- Up-to-date: /work/ubuntu-ros2-dev/install/cyclonedds/include/dds
[34.894s] -- Installing: /work/ubuntu-ros2-dev/install/cyclonedds/include/dds/ddsc
[34.894s] -- Installing: /work/ubuntu-ros2-dev/install/cyclonedds/include/dds/ddsc/dds_rhc.h
[34.894s] -- Installing: /work/ubuntu-ros2-dev/install/cyclonedds/include/dds/ddsc/dds_public_status.h
[34.894s] -- Installing: /work/ubuntu-ros2-dev/install/cyclonedds/include/dds/ddsc/dds_opcodes.h
[34.894s] -- Installing: /work/ubuntu-ros2-dev/install/cyclonedds/include/dds/ddsc/dds_public_error.h
[34.894s] -- Installing: /work/ubuntu-ros2-dev/install/cyclonedds/include/dds/ddsc/dds_internal_api.h
[34.894s] -- Installing: /work/ubuntu-ros2-dev/install/cyclonedds/include/dds/ddsc/dds_public_alloc.h
[34.894s] -- Installing: /work/ubuntu-ros2-dev/install/cyclonedds/include/dds/ddsc/dds_public_impl.h
[34.894s] -- Installing: /work/ubuntu-ros2-dev/install/cyclonedds/include/dds/ddsc/dds_data_allocator.h
[34.895s] -- Installing: /work/ubuntu-ros2-dev/install/cyclonedds/include/dds/ddsc/dds_public_qosdefs.h
[34.895s] -- Installing: /work/ubuntu-ros2-dev/install/cyclonedds/include/dds/ddsc/dds_public_qos.h
[34.895s] -- Installing: /work/ubuntu-ros2-dev/install/cyclonedds/include/dds/ddsc/dds_basic_types.h
[34.895s] -- Installing: /work/ubuntu-ros2-dev/install/cyclonedds/include/dds/ddsc/dds_public_listener.h
[34.895s] -- Installing: /work/ubuntu-ros2-dev/install/cyclonedds/include/dds/ddsc/dds_statistics.h
[34.895s] -- Installing: /work/ubuntu-ros2-dev/install/cyclonedds/include/dds/ddsc/dds_loan_api.h
[34.895s] -- Installing: /work/ubuntu-ros2-dev/install/cyclonedds/include/dds/dds.h
[34.895s] -- Installing: /work/ubuntu-ros2-dev/install/cyclonedds/include/ddsc
[34.895s] -- Installing: /work/ubuntu-ros2-dev/install/cyclonedds/include/ddsc/dds.h
[34.895s] -- Up-to-date: /work/ubuntu-ros2-dev/install/cyclonedds/include
[34.895s] -- Up-to-date: /work/ubuntu-ros2-dev/install/cyclonedds/include/dds
[34.895s] -- Installing: /work/ubuntu-ros2-dev/install/cyclonedds/include/dds/export.h
[34.895s] -- Installing: /work/ubuntu-ros2-dev/install/cyclonedds/lib/libddsc.so.0.10.5
[34.895s] -- Installing: /work/ubuntu-ros2-dev/install/cyclonedds/lib/libddsc.so.0
[34.895s] -- Set runtime path of "/work/ubuntu-ros2-dev/install/cyclonedds/lib/libddsc.so.0.10.5" to "$ORIGIN/../lib"
[34.895s] -- Installing: /work/ubuntu-ros2-dev/install/cyclonedds/lib/libddsc.so
[34.895s] -- Installing: /work/ubuntu-ros2-dev/install/cyclonedds/share/doc/CycloneDDS/CONTRIBUTING.md
[34.906s] -- Installing: /work/ubuntu-ros2-dev/install/cyclonedds/share/doc/CycloneDDS/CYCLONEDDS_QUALITY_DECLARATION.md
[34.907s] -- Installing: /work/ubuntu-ros2-dev/install/cyclonedds/share/doc/CycloneDDS/LICENSE
[34.907s] -- Installing: /work/ubuntu-ros2-dev/install/cyclonedds/share/doc/CycloneDDS/NOTICE.md
[34.907s] -- Installing: /work/ubuntu-ros2-dev/install/cyclonedds/share/doc/CycloneDDS/README.md
[34.907s] -- Installing: /work/ubuntu-ros2-dev/install/cyclonedds/share/doc/CycloneDDS/CHANGELOG.rst
[34.918s] Invoked command in '/work/ubuntu-ros2-dev/build/cyclonedds' returned '0': CMAKE_PREFIX_PATH=/work/ubuntu-ros2-dev/install/iceoryx_binding_c:/work/ubuntu-ros2-dev/install/iceoryx_posh:/work/ubuntu-ros2-dev/install/iceoryx_hoofs LD_LIBRARY_PATH=/work/ubuntu-ros2-dev/install/iceoryx_binding_c/lib:/work/ubuntu-ros2-dev/install/iceoryx_posh/lib:/work/ubuntu-ros2-dev/install/iceoryx_hoofs/lib PATH=/work/ubuntu-ros2-dev/install/iceoryx_posh/bin:${PATH} PKG_CONFIG_PATH=/work/ubuntu-ros2-dev/install/iceoryx_binding_c/lib/aarch64-linux-gnu/pkgconfig:/work/ubuntu-ros2-dev/install/iceoryx_binding_c/lib/pkgconfig:/work/ubuntu-ros2-dev/install/iceoryx_posh/lib/aarch64-linux-gnu/pkgconfig:/work/ubuntu-ros2-dev/install/iceoryx_posh/lib/pkgconfig:/work/ubuntu-ros2-dev/install/iceoryx_hoofs/lib/aarch64-linux-gnu/pkgconfig:/work/ubuntu-ros2-dev/install/iceoryx_hoofs/lib/pkgconfig /usr/bin/cmake --install /work/ubuntu-ros2-dev/build/cyclonedds
