-- The C compiler identification is GNU 11.4.0
-- The CXX compiler identification is GNU 11.4.0
-- Detecting C compiler ABI info
-- Detecting C compiler ABI info - done
-- Check for working C compiler: /usr/bin/cc - skipped
-- Detecting C compile features
-- Detecting C compile features - done
-- Detecting CXX compiler ABI info
-- Detecting CXX compiler ABI info - done
-- Check for working CXX compiler: /usr/bin/c++ - skipped
-- Detecting CXX compile features
-- Detecting CXX compile features - done
-- Found ament_cmake_gen_version_h: 2.5.2 (/work/ubuntu-ros2-dev/install/ament_cmake_gen_version_h/share/ament_cmake_gen_version_h/cmake)
-- Found ament_cmake_ros: 0.12.0 (/work/ubuntu-ros2-dev/install/ament_cmake_ros/share/ament_cmake_ros/cmake)
-- Found Python3: /usr/bin/python3 (found version "3.10.12") found components: Interpreter 
-- Override CMake install command with custom implementation using symlinks instead of copying resources
-- Found PkgConfig: /usr/bin/pkg-config (found version "0.29.2") 
-- Checking for module 'lttng-ust'
--   Found lttng-ust, version 2.13.1
-- Found ament_lint_auto: 0.17.1 (/work/ubuntu-ros2-dev/install/ament_lint_auto/share/ament_lint_auto/cmake)
-- Found gtest sources under '/work/ubuntu-ros2-dev/install/gtest_vendor/src/gtest_vendor': C++ tests using 'Google Test' will be built
-- Looking for pthread.h
-- Looking for pthread.h - found
-- Performing Test CMAKE_HAVE_LIBC_PTHREAD
-- Performing Test CMAKE_HAVE_LIBC_PTHREAD - Success
-- Found Threads: TRUE  
-- Added test 'copyright' to check source files copyright and LICENSE
-- Added test 'cppcheck' to perform static code analysis on C / C++ code
-- Configured cppcheck include dirs: /usr/include/aarch64-linux-gnu
-- Configured cppcheck exclude dirs and/or files: 
-- Added test 'cpplint' to check C / C++ code against the Google style
-- Configured cpplint exclude dirs and/or files: 
-- Added test 'lint_cmake' to check CMake code style
-- Added test 'uncrustify' to check C / C++ code style
-- Configured uncrustify additional arguments: 
-- Added test 'xmllint' to check XML markup files
-- Configuring done
-- Generating done
-- Build files have been written to: /work/ubuntu-ros2-dev/build/tracetools
[  6%] [34m[1mGenerating tracetools/version.h[0m
[  6%] Built target ament_generate_version_header__tracetools
[ 13%] [32mBuilding CXX object gtest/CMakeFiles/gtest.dir/src/gtest-all.cc.o[0m
[ 20%] [32m[1mLinking CXX static library libgtest.a[0m
[ 20%] Built target gtest
[ 26%] [32mBuilding C object CMakeFiles/tracetools.dir/src/tracetools.c.o[0m
[ 33%] [32mBuilding C object CMakeFiles/tracetools.dir/src/tp_call.c.o[0m
[ 40%] [32mBuilding CXX object CMakeFiles/tracetools.dir/src/utils.cpp.o[0m
[ 46%] [32m[1mLinking CXX shared library libtracetools.so[0m
[ 46%] Built target tracetools
[ 53%] [32mBuilding CXX object gtest/CMakeFiles/gtest_main.dir/src/gtest_main.cc.o[0m
[ 60%] [32m[1mLinking CXX static library libgtest_main.a[0m
[ 60%] Built target gtest_main
[ 66%] [32mBuilding C object CMakeFiles/tracetools_status.dir/src/status.c.o[0m
[ 73%] [32m[1mLinking C shared library libtracetools_status.so[0m
[ 73%] Built target tracetools_status
[ 80%] [32mBuilding C object CMakeFiles/status.dir/src/status_tool.c.o[0m
[ 86%] [32m[1mLinking C executable status[0m
[ 86%] Built target status
[ 93%] [32mBuilding CXX object CMakeFiles/test_status.dir/test/test_status.cpp.o[0m
[100%] [32m[1mLinking CXX executable test_status[0m
[100%] Built target test_status
-- Install configuration: ""
-- Execute custom install script
-- Symlinking: /work/ubuntu-ros2-dev/install/tracetools/share/tracetools/environment/library_path.sh
-- Symlinking: /work/ubuntu-ros2-dev/install/tracetools/share/tracetools/environment/library_path.dsv
-- Symlinking: /work/ubuntu-ros2-dev/install/tracetools/include/tracetools/tracetools/version.h
-- Symlinking: /work/ubuntu-ros2-dev/install/tracetools/lib/libtracetools_status.so
-- Symlinking: /work/ubuntu-ros2-dev/install/tracetools/lib/tracetools/status
-- Symlinking: /work/ubuntu-ros2-dev/install/tracetools/include/tracetools/tracetools/config.h
-- Symlinking: /work/ubuntu-ros2-dev/install/tracetools/include/tracetools/tracetools/status.h
-- Symlinking: /work/ubuntu-ros2-dev/install/tracetools/include/tracetools/tracetools/tp_call.h
-- Symlinking: /work/ubuntu-ros2-dev/install/tracetools/include/tracetools/tracetools/tracetools.h
-- Symlinking: /work/ubuntu-ros2-dev/install/tracetools/include/tracetools/tracetools/utils.hpp
-- Symlinking: /work/ubuntu-ros2-dev/install/tracetools/include/tracetools/tracetools/visibility_control.hpp
-- Symlinking: /work/ubuntu-ros2-dev/install/tracetools/share/ament_index/resource_index/package_run_dependencies/tracetools
-- Symlinking: /work/ubuntu-ros2-dev/install/tracetools/share/ament_index/resource_index/parent_prefix_path/tracetools
-- Symlinking: /work/ubuntu-ros2-dev/install/tracetools/share/tracetools/environment/ament_prefix_path.sh
-- Symlinking: /work/ubuntu-ros2-dev/install/tracetools/share/tracetools/environment/ament_prefix_path.dsv
-- Symlinking: /work/ubuntu-ros2-dev/install/tracetools/share/tracetools/environment/path.sh
-- Symlinking: /work/ubuntu-ros2-dev/install/tracetools/share/tracetools/environment/path.dsv
-- Symlinking: /work/ubuntu-ros2-dev/install/tracetools/share/tracetools/local_setup.bash
-- Symlinking: /work/ubuntu-ros2-dev/install/tracetools/share/tracetools/local_setup.sh
-- Symlinking: /work/ubuntu-ros2-dev/install/tracetools/share/tracetools/local_setup.zsh
-- Symlinking: /work/ubuntu-ros2-dev/install/tracetools/share/tracetools/local_setup.dsv
-- Symlinking: /work/ubuntu-ros2-dev/install/tracetools/share/tracetools/package.dsv
-- Symlinking: /work/ubuntu-ros2-dev/install/tracetools/share/ament_index/resource_index/packages/tracetools
-- Symlinking: /work/ubuntu-ros2-dev/install/tracetools/share/tracetools/cmake/ament_cmake_export_targets-extras.cmake
-- Symlinking: /work/ubuntu-ros2-dev/install/tracetools/share/tracetools/cmake/ament_cmake_export_include_directories-extras.cmake
-- Symlinking: /work/ubuntu-ros2-dev/install/tracetools/share/tracetools/cmake/ament_cmake_export_libraries-extras.cmake
-- Symlinking: /work/ubuntu-ros2-dev/install/tracetools/share/tracetools/cmake/ament_cmake_export_link_flags-extras.cmake
-- Symlinking: /work/ubuntu-ros2-dev/install/tracetools/share/tracetools/cmake/tracetoolsConfig.cmake
-- Symlinking: /work/ubuntu-ros2-dev/install/tracetools/share/tracetools/cmake/tracetoolsConfig-version.cmake
-- Symlinking: /work/ubuntu-ros2-dev/install/tracetools/share/tracetools/package.xml
-- Installing: /work/ubuntu-ros2-dev/install/tracetools/lib/libtracetools.so
-- Installing: /work/ubuntu-ros2-dev/install/tracetools/share/tracetools/cmake/tracetools_exportExport.cmake
-- Installing: /work/ubuntu-ros2-dev/install/tracetools/share/tracetools/cmake/tracetools_exportExport-noconfig.cmake
