running develop
/usr/lib/python3/dist-packages/setuptools/command/easy_install.py:158: EasyInstallDeprecationWarning: easy_install command is deprecated. Use build and pip and other standards-based tools.
  warnings.warn(
running egg_info
creating tf2_ros_py.egg-info
writing tf2_ros_py.egg-info/PKG-INFO
writing dependency_links to tf2_ros_py.egg-info/dependency_links.txt
writing requirements to tf2_ros_py.egg-info/requires.txt
writing top-level names to tf2_ros_py.egg-info/top_level.txt
writing manifest file 'tf2_ros_py.egg-info/SOURCES.txt'
reading manifest file 'tf2_ros_py.egg-info/SOURCES.txt'
writing manifest file 'tf2_ros_py.egg-info/SOURCES.txt'
running build_ext
Creating /work/ubuntu-ros2-dev/install/tf2_ros_py/lib/python3.10/site-packages/tf2-ros-py.egg-link (link to .)

Installed /work/ubuntu-ros2-dev/build/tf2_ros_py
running symlink_data
creating /work/ubuntu-ros2-dev/install/tf2_ros_py/share/ament_index
creating /work/ubuntu-ros2-dev/install/tf2_ros_py/share/ament_index/resource_index
creating /work/ubuntu-ros2-dev/install/tf2_ros_py/share/ament_index/resource_index/packages
symbolically linking /work/ubuntu-ros2-dev/build/tf2_ros_py/resource/tf2_ros_py -> /work/ubuntu-ros2-dev/install/tf2_ros_py/share/ament_index/resource_index/packages
symbolically linking /work/ubuntu-ros2-dev/build/tf2_ros_py/package.xml -> /work/ubuntu-ros2-dev/install/tf2_ros_py/share/tf2_ros_py
