running develop
running egg_info
creating ament_pclint.egg-info
writing ament_pclint.egg-info/PKG-INFO
writing dependency_links to ament_pclint.egg-info/dependency_links.txt
writing entry points to ament_pclint.egg-info/entry_points.txt
writing requirements to ament_pclint.egg-info/requires.txt
writing top-level names to ament_pclint.egg-info/top_level.txt
writing manifest file 'ament_pclint.egg-info/SOURCES.txt'
reading manifest file 'ament_pclint.egg-info/SOURCES.txt'
writing manifest file 'ament_pclint.egg-info/SOURCES.txt'
running build_ext
Creating /work/ubuntu-ros2-dev/install/ament_pclint/lib/python3.10/site-packages/ament-pclint.egg-link (link to .)
Installing ament_pclint script to /work/ubuntu-ros2-dev/install/ament_pclint/bin

Installed /work/ubuntu-ros2-dev/build/ament_pclint
running symlink_data
symbolically linking /work/ubuntu-ros2-dev/build/ament_pclint/package.xml -> /work/ubuntu-ros2-dev/install/ament_pclint/share/ament_pclint
creating /work/ubuntu-ros2-dev/install/ament_pclint/share/ament_index
creating /work/ubuntu-ros2-dev/install/ament_pclint/share/ament_index/resource_index
creating /work/ubuntu-ros2-dev/install/ament_pclint/share/ament_index/resource_index/packages
symbolically linking /work/ubuntu-ros2-dev/build/ament_pclint/resource/ament_pclint -> /work/ubuntu-ros2-dev/install/ament_pclint/share/ament_index/resource_index/packages
