-- The C compiler identification is GNU 11.4.0
-- The CXX compiler identification is GNU 11.4.0
-- Detecting C compiler ABI info
-- Detecting C compiler ABI info - done
-- Check for working C compiler: /usr/bin/cc - skipped
-- Detecting C compile features
-- Detecting C compile features - done
-- Detecting CXX compiler ABI info
-- Detecting CXX compiler ABI info - done
-- Check for working CXX compiler: /usr/bin/c++ - skipped
-- Detecting CXX compile features
-- Detecting CXX compile features - done
-- Found ament_cmake: 2.5.2 (/work/ubuntu-ros2-dev/install/ament_cmake/share/ament_cmake/cmake)
-- Found Python3: /usr/bin/python3 (found version "3.10.12") found components: Interpreter 
-- Override CMake install command with custom implementation using symlinks instead of copying resources
-- Found ament_lint_auto: 0.17.1 (/work/ubuntu-ros2-dev/install/ament_lint_auto/share/ament_lint_auto/cmake)
-- Added test 'copyright' to check source files copyright and LICENSE
-- Added test 'flake8' to check Python code syntax and style conventions
-- Configured 'flake8' exclude dirs and/or files: 
-- Added test 'lint_cmake' to check CMake code style
-- Added test 'pep257' to check Python code against some of the docstring style conventions in PEP 257
-- Added test 'xmllint' to check XML markup files
-- Configuring done
-- Generating done
-- Build files have been written to: /work/ubuntu-ros2-dev/build/rosidl_generator_cpp
Built target ament_cmake_python_symlink_rosidl_generator_cpp_setup
Built target ament_cmake_python_symlink_rosidl_generator_cpp
running egg_info
creating rosidl_generator_cpp.egg-info
writing rosidl_generator_cpp.egg-info/PKG-INFO
writing dependency_links to rosidl_generator_cpp.egg-info/dependency_links.txt
writing entry points to rosidl_generator_cpp.egg-info/entry_points.txt
writing top-level names to rosidl_generator_cpp.egg-info/top_level.txt
writing manifest file 'rosidl_generator_cpp.egg-info/SOURCES.txt'
reading manifest file 'rosidl_generator_cpp.egg-info/SOURCES.txt'
writing manifest file 'rosidl_generator_cpp.egg-info/SOURCES.txt'
Built target ament_cmake_python_build_rosidl_generator_cpp_egg
-- Install configuration: ""
-- Execute custom install script
-- Symlinking: /work/ubuntu-ros2-dev/install/rosidl_generator_cpp/share/ament_index/resource_index/rosidl_generator_packages/rosidl_generator_cpp
-- Symlinking: /work/ubuntu-ros2-dev/install/rosidl_generator_cpp/share/rosidl_generator_cpp/environment/pythonpath.sh
-- Symlinking: /work/ubuntu-ros2-dev/install/rosidl_generator_cpp/share/rosidl_generator_cpp/environment/pythonpath.dsv
-- Symlinking: /work/ubuntu-ros2-dev/install/rosidl_generator_cpp/lib/python3.10/site-packages/rosidl_generator_cpp-4.6.4-py3.10.egg-info/PKG-INFO
-- Symlinking: /work/ubuntu-ros2-dev/install/rosidl_generator_cpp/lib/python3.10/site-packages/rosidl_generator_cpp-4.6.4-py3.10.egg-info/SOURCES.txt
-- Symlinking: /work/ubuntu-ros2-dev/install/rosidl_generator_cpp/lib/python3.10/site-packages/rosidl_generator_cpp-4.6.4-py3.10.egg-info/dependency_links.txt
-- Symlinking: /work/ubuntu-ros2-dev/install/rosidl_generator_cpp/lib/python3.10/site-packages/rosidl_generator_cpp-4.6.4-py3.10.egg-info/entry_points.txt
-- Symlinking: /work/ubuntu-ros2-dev/install/rosidl_generator_cpp/lib/python3.10/site-packages/rosidl_generator_cpp-4.6.4-py3.10.egg-info/top_level.txt
-- Symlinking: /work/ubuntu-ros2-dev/install/rosidl_generator_cpp/lib/python3.10/site-packages/rosidl_generator_cpp/__init__.py
-- Symlinking: /work/ubuntu-ros2-dev/install/rosidl_generator_cpp/lib/python3.10/site-packages/rosidl_generator_cpp/cli.py
-- Symlinking: /work/ubuntu-ros2-dev/install/rosidl_generator_cpp/share/ament_index/resource_index/package_run_dependencies/rosidl_generator_cpp
-- Symlinking: /work/ubuntu-ros2-dev/install/rosidl_generator_cpp/share/ament_index/resource_index/parent_prefix_path/rosidl_generator_cpp
-- Symlinking: /work/ubuntu-ros2-dev/install/rosidl_generator_cpp/share/rosidl_generator_cpp/environment/ament_prefix_path.sh
-- Symlinking: /work/ubuntu-ros2-dev/install/rosidl_generator_cpp/share/rosidl_generator_cpp/environment/ament_prefix_path.dsv
-- Symlinking: /work/ubuntu-ros2-dev/install/rosidl_generator_cpp/share/rosidl_generator_cpp/environment/path.sh
-- Symlinking: /work/ubuntu-ros2-dev/install/rosidl_generator_cpp/share/rosidl_generator_cpp/environment/path.dsv
-- Symlinking: /work/ubuntu-ros2-dev/install/rosidl_generator_cpp/share/rosidl_generator_cpp/local_setup.bash
-- Symlinking: /work/ubuntu-ros2-dev/install/rosidl_generator_cpp/share/rosidl_generator_cpp/local_setup.sh
-- Symlinking: /work/ubuntu-ros2-dev/install/rosidl_generator_cpp/share/rosidl_generator_cpp/local_setup.zsh
-- Symlinking: /work/ubuntu-ros2-dev/install/rosidl_generator_cpp/share/rosidl_generator_cpp/local_setup.dsv
-- Symlinking: /work/ubuntu-ros2-dev/install/rosidl_generator_cpp/share/rosidl_generator_cpp/package.dsv
-- Symlinking: /work/ubuntu-ros2-dev/install/rosidl_generator_cpp/share/ament_index/resource_index/packages/rosidl_generator_cpp
-- Symlinking: /work/ubuntu-ros2-dev/install/rosidl_generator_cpp/share/rosidl_generator_cpp/cmake/rosidl_generator_cpp-extras.cmake
-- Symlinking: /work/ubuntu-ros2-dev/install/rosidl_generator_cpp/share/rosidl_generator_cpp/cmake/rosidl_generator_cppConfig.cmake
-- Symlinking: /work/ubuntu-ros2-dev/install/rosidl_generator_cpp/share/rosidl_generator_cpp/cmake/rosidl_generator_cppConfig-version.cmake
-- Symlinking: /work/ubuntu-ros2-dev/install/rosidl_generator_cpp/share/rosidl_generator_cpp/package.xml
-- Symlinking: /work/ubuntu-ros2-dev/install/rosidl_generator_cpp/lib/rosidl_generator_cpp/rosidl_generator_cpp
-- Symlinking: /work/ubuntu-ros2-dev/install/rosidl_generator_cpp/share/rosidl_generator_cpp/cmake/register_cpp.cmake
-- Symlinking: /work/ubuntu-ros2-dev/install/rosidl_generator_cpp/share/rosidl_generator_cpp/cmake/rosidl_generator_cpp_generate_interfaces.cmake
-- Symlinking: /work/ubuntu-ros2-dev/install/rosidl_generator_cpp/share/rosidl_generator_cpp/resource/action__builder.hpp.em
-- Symlinking: /work/ubuntu-ros2-dev/install/rosidl_generator_cpp/share/rosidl_generator_cpp/resource/action__struct.hpp.em
-- Symlinking: /work/ubuntu-ros2-dev/install/rosidl_generator_cpp/share/rosidl_generator_cpp/resource/action__traits.hpp.em
-- Symlinking: /work/ubuntu-ros2-dev/install/rosidl_generator_cpp/share/rosidl_generator_cpp/resource/action__type_support.hpp.em
-- Symlinking: /work/ubuntu-ros2-dev/install/rosidl_generator_cpp/share/rosidl_generator_cpp/resource/idl.hpp.em
-- Symlinking: /work/ubuntu-ros2-dev/install/rosidl_generator_cpp/share/rosidl_generator_cpp/resource/idl__builder.hpp.em
-- Symlinking: /work/ubuntu-ros2-dev/install/rosidl_generator_cpp/share/rosidl_generator_cpp/resource/idl__struct.hpp.em
-- Symlinking: /work/ubuntu-ros2-dev/install/rosidl_generator_cpp/share/rosidl_generator_cpp/resource/idl__traits.hpp.em
-- Symlinking: /work/ubuntu-ros2-dev/install/rosidl_generator_cpp/share/rosidl_generator_cpp/resource/idl__type_support.hpp.em
-- Symlinking: /work/ubuntu-ros2-dev/install/rosidl_generator_cpp/share/rosidl_generator_cpp/resource/msg__builder.hpp.em
-- Symlinking: /work/ubuntu-ros2-dev/install/rosidl_generator_cpp/share/rosidl_generator_cpp/resource/msg__struct.hpp.em
-- Symlinking: /work/ubuntu-ros2-dev/install/rosidl_generator_cpp/share/rosidl_generator_cpp/resource/msg__traits.hpp.em
-- Symlinking: /work/ubuntu-ros2-dev/install/rosidl_generator_cpp/share/rosidl_generator_cpp/resource/msg__type_support.hpp.em
-- Symlinking: /work/ubuntu-ros2-dev/install/rosidl_generator_cpp/share/rosidl_generator_cpp/resource/rosidl_generator_cpp__visibility_control.hpp.in
-- Symlinking: /work/ubuntu-ros2-dev/install/rosidl_generator_cpp/share/rosidl_generator_cpp/resource/srv__builder.hpp.em
-- Symlinking: /work/ubuntu-ros2-dev/install/rosidl_generator_cpp/share/rosidl_generator_cpp/resource/srv__struct.hpp.em
-- Symlinking: /work/ubuntu-ros2-dev/install/rosidl_generator_cpp/share/rosidl_generator_cpp/resource/srv__traits.hpp.em
-- Symlinking: /work/ubuntu-ros2-dev/install/rosidl_generator_cpp/share/rosidl_generator_cpp/resource/srv__type_support.hpp.em
Listing '/work/ubuntu-ros2-dev/install/rosidl_generator_cpp/lib/python3.10/site-packages/rosidl_generator_cpp'...
Compiling '/work/ubuntu-ros2-dev/install/rosidl_generator_cpp/lib/python3.10/site-packages/rosidl_generator_cpp/__init__.py'...
Compiling '/work/ubuntu-ros2-dev/install/rosidl_generator_cpp/lib/python3.10/site-packages/rosidl_generator_cpp/cli.py'...
