[0.489s] Invoking command in '/work/ubuntu-ros2-dev/build/launch': AMENT_PREFIX_PATH=/work/ubuntu-ros2-dev/install/ament_index_python:/work/ubuntu-ros2-dev/install/ament_copyright:/work/ubuntu-ros2-dev/install/ament_pep257:/work/ubuntu-ros2-dev/install/ament_mypy:/work/ubuntu-ros2-dev/install/ament_flake8:/work/ubuntu-ros2-dev/install/osrf_pycommon:/work/ubuntu-ros2-dev/install/ament_lint PATH=/work/ubuntu-ros2-dev/install/ament_index_python/bin:/work/ubuntu-ros2-dev/install/ament_copyright/bin:/work/ubuntu-ros2-dev/install/ament_pep257/bin:/work/ubuntu-ros2-dev/install/ament_mypy/bin:/work/ubuntu-ros2-dev/install/ament_flake8/bin:${PATH} PYTHONPATH=/work/ubuntu-ros2-dev/build/launch/prefix_override:/usr/lib/python3/dist-packages/colcon_core/task/python/colcon_distutils_commands:/work/ubuntu-ros2-dev/install/launch/lib/python3.10/site-packages:/work/ubuntu-ros2-dev/build/ament_index_python:/work/ubuntu-ros2-dev/install/ament_index_python/lib/python3.10/site-packages:/work/ubuntu-ros2-dev/build/ament_copyright:/work/ubuntu-ros2-dev/install/ament_copyright/lib/python3.10/site-packages:/work/ubuntu-ros2-dev/build/ament_pep257:/work/ubuntu-ros2-dev/install/ament_pep257/lib/python3.10/site-packages:/work/ubuntu-ros2-dev/build/ament_mypy:/work/ubuntu-ros2-dev/install/ament_mypy/lib/python3.10/site-packages:/work/ubuntu-ros2-dev/build/ament_flake8:/work/ubuntu-ros2-dev/install/ament_flake8/lib/python3.10/site-packages:/work/ubuntu-ros2-dev/build/osrf_pycommon:/work/ubuntu-ros2-dev/install/osrf_pycommon/lib/python3.10/site-packages:/work/ubuntu-ros2-dev/build/ament_lint:/work/ubuntu-ros2-dev/install/ament_lint/lib/python3.10/site-packages /usr/bin/python3 -W ignore:setup.py install is deprecated setup.py develop --editable --build-directory /work/ubuntu-ros2-dev/build/launch/build --no-deps symlink_data
[0.646s] running develop
[0.647s] /usr/lib/python3/dist-packages/setuptools/command/easy_install.py:158: EasyInstallDeprecationWarning: easy_install command is deprecated. Use build and pip and other standards-based tools.
[0.647s]   warnings.warn(
[0.695s] running egg_info
[0.695s] creating launch.egg-info
[0.695s] writing launch.egg-info/PKG-INFO
[0.695s] writing dependency_links to launch.egg-info/dependency_links.txt
[0.695s] writing requirements to launch.egg-info/requires.txt
[0.696s] writing top-level names to launch.egg-info/top_level.txt
[0.696s] writing manifest file 'launch.egg-info/SOURCES.txt'
[0.698s] reading manifest file 'launch.egg-info/SOURCES.txt'
[0.699s] writing manifest file 'launch.egg-info/SOURCES.txt'
[0.700s] running build_ext
[0.701s] Creating /work/ubuntu-ros2-dev/install/launch/lib/python3.10/site-packages/launch.egg-link (link to .)
[0.702s] 
[0.702s] Installed /work/ubuntu-ros2-dev/build/launch
[0.702s] running symlink_data
[0.702s] symbolically linking /work/ubuntu-ros2-dev/build/launch/package.xml -> /work/ubuntu-ros2-dev/install/launch/share/launch
[0.702s] creating /work/ubuntu-ros2-dev/install/launch/share/ament_index
[0.702s] creating /work/ubuntu-ros2-dev/install/launch/share/ament_index/resource_index
[0.702s] creating /work/ubuntu-ros2-dev/install/launch/share/ament_index/resource_index/packages
[0.702s] symbolically linking /work/ubuntu-ros2-dev/build/launch/resource/launch -> /work/ubuntu-ros2-dev/install/launch/share/ament_index/resource_index/packages
[0.702s] creating /work/ubuntu-ros2-dev/install/launch/share/launch/frontend
[0.702s] symbolically linking /work/ubuntu-ros2-dev/build/launch/share/launch/frontend/grammar.lark -> /work/ubuntu-ros2-dev/install/launch/share/launch/frontend
[0.740s] Invoked command in '/work/ubuntu-ros2-dev/build/launch' returned '0': AMENT_PREFIX_PATH=/work/ubuntu-ros2-dev/install/ament_index_python:/work/ubuntu-ros2-dev/install/ament_copyright:/work/ubuntu-ros2-dev/install/ament_pep257:/work/ubuntu-ros2-dev/install/ament_mypy:/work/ubuntu-ros2-dev/install/ament_flake8:/work/ubuntu-ros2-dev/install/osrf_pycommon:/work/ubuntu-ros2-dev/install/ament_lint PATH=/work/ubuntu-ros2-dev/install/ament_index_python/bin:/work/ubuntu-ros2-dev/install/ament_copyright/bin:/work/ubuntu-ros2-dev/install/ament_pep257/bin:/work/ubuntu-ros2-dev/install/ament_mypy/bin:/work/ubuntu-ros2-dev/install/ament_flake8/bin:${PATH} PYTHONPATH=/work/ubuntu-ros2-dev/build/launch/prefix_override:/usr/lib/python3/dist-packages/colcon_core/task/python/colcon_distutils_commands:/work/ubuntu-ros2-dev/install/launch/lib/python3.10/site-packages:/work/ubuntu-ros2-dev/build/ament_index_python:/work/ubuntu-ros2-dev/install/ament_index_python/lib/python3.10/site-packages:/work/ubuntu-ros2-dev/build/ament_copyright:/work/ubuntu-ros2-dev/install/ament_copyright/lib/python3.10/site-packages:/work/ubuntu-ros2-dev/build/ament_pep257:/work/ubuntu-ros2-dev/install/ament_pep257/lib/python3.10/site-packages:/work/ubuntu-ros2-dev/build/ament_mypy:/work/ubuntu-ros2-dev/install/ament_mypy/lib/python3.10/site-packages:/work/ubuntu-ros2-dev/build/ament_flake8:/work/ubuntu-ros2-dev/install/ament_flake8/lib/python3.10/site-packages:/work/ubuntu-ros2-dev/build/osrf_pycommon:/work/ubuntu-ros2-dev/install/osrf_pycommon/lib/python3.10/site-packages:/work/ubuntu-ros2-dev/build/ament_lint:/work/ubuntu-ros2-dev/install/ament_lint/lib/python3.10/site-packages /usr/bin/python3 -W ignore:setup.py install is deprecated setup.py develop --editable --build-directory /work/ubuntu-ros2-dev/build/launch/build --no-deps symlink_data
