-- The C compiler identification is GNU 11.4.0
-- The CXX compiler identification is GNU 11.4.0
-- Detecting C compiler ABI info
-- Detecting C compiler ABI info - done
-- Check for working C compiler: /usr/bin/cc - skipped
-- Detecting C compile features
-- Detecting C compile features - done
-- Detecting CXX compiler ABI info
-- Detecting CXX compiler ABI info - done
-- Check for working CXX compiler: /usr/bin/c++ - skipped
-- Detecting CXX compile features
-- Detecting CXX compile features - done
-- Found ament_cmake_ros: 0.12.0 (/work/ubuntu-ros2-dev/install/ament_cmake_ros/share/ament_cmake_ros/cmake)
-- Found Python3: /usr/bin/python3 (found version "3.10.12") found components: Interpreter 
-- Override CMake install command with custom implementation using symlinks instead of copying resources
-- Found lifecycle_msgs: 2.0.2 (/work/ubuntu-ros2-dev/install/lifecycle_msgs/share/lifecycle_msgs/cmake)
-- Found rosidl_generator_c: 4.6.4 (/work/ubuntu-ros2-dev/install/rosidl_generator_c/share/rosidl_generator_c/cmake)
-- Found rosidl_generator_cpp: 4.6.4 (/work/ubuntu-ros2-dev/install/rosidl_generator_cpp/share/rosidl_generator_cpp/cmake)
-- Using all available rosidl_typesupport_c: rosidl_typesupport_fastrtps_c;rosidl_typesupport_introspection_c
-- Using all available rosidl_typesupport_cpp: rosidl_typesupport_introspection_cpp;rosidl_typesupport_fastrtps_cpp
-- Found rcl: 9.2.4 (/work/ubuntu-ros2-dev/install/rcl/share/rcl/cmake)
-- Found rmw_implementation_cmake: 7.3.1 (/work/ubuntu-ros2-dev/install/rmw_implementation_cmake/share/rmw_implementation_cmake/cmake)
-- Found rmw_fastrtps_cpp: 8.4.1 (/work/ubuntu-ros2-dev/install/rmw_fastrtps_cpp/share/rmw_fastrtps_cpp/cmake)
-- Found OpenSSL: /usr/lib/aarch64-linux-gnu/libcrypto.so (found version "3.0.2")  
-- Found FastRTPS: /work/ubuntu-ros2-dev/install/fastrtps/include (Required is at least version "2.13") 
-- Using RMW implementation 'rmw_fastrtps_cpp' as default
-- Found rclcpp: 28.1.5 (/work/ubuntu-ros2-dev/install/rclcpp/share/rclcpp/cmake)
-- Found rcl_lifecycle: 9.2.4 (/work/ubuntu-ros2-dev/install/rcl_lifecycle/share/rcl_lifecycle/cmake)
-- Found ament_lint_auto: 0.17.1 (/work/ubuntu-ros2-dev/install/ament_lint_auto/share/ament_lint_auto/cmake)
-- Performance tests are disabled by default, so Google Benchmark tests will be skipped. To enable these tests, set the CMake variable 'AMENT_RUN_PERFORMANCE_TESTS'.
-- Found gtest sources under '/work/ubuntu-ros2-dev/install/gtest_vendor/src/gtest_vendor': C++ tests using 'Google Test' will be built
-- Found Threads: TRUE  
-- Added test 'copyright' to check source files copyright and LICENSE
-- Added test 'cpplint' to check C / C++ code against the Google style
-- Configured cpplint exclude dirs and/or files: 
-- Added test 'lint_cmake' to check CMake code style
-- Added test 'uncrustify' to check C / C++ code style
-- Configured uncrustify additional arguments: 
-- Added test 'xmllint' to check XML markup files
-- Configuring done
-- Generating done
-- Build files have been written to: /work/ubuntu-ros2-dev/build/rclcpp_lifecycle
[  2%] [32mBuilding CXX object CMakeFiles/rclcpp_lifecycle.dir/src/lifecycle_node.cpp.o[0m
[  5%] [32mBuilding CXX object CMakeFiles/rclcpp_lifecycle.dir/src/lifecycle_node_interface_impl.cpp.o[0m
[  7%] [32mBuilding CXX object CMakeFiles/rclcpp_lifecycle.dir/src/managed_entity.cpp.o[0m
[ 10%] [32mBuilding CXX object CMakeFiles/rclcpp_lifecycle.dir/src/node_interfaces/lifecycle_node_interface.cpp.o[0m
[ 12%] [32mBuilding CXX object gtest/CMakeFiles/gtest_main.dir/src/gtest_main.cc.o[0m
[ 15%] [32mBuilding CXX object gtest/CMakeFiles/gtest.dir/src/gtest-all.cc.o[0m
[ 17%] [32mBuilding CXX object CMakeFiles/rclcpp_lifecycle.dir/src/state.cpp.o[0m
[ 20%] [32mBuilding CXX object CMakeFiles/rclcpp_lifecycle.dir/src/transition.cpp.o[0m
[ 23%] [32m[1mLinking CXX static library libgtest_main.a[0m
[ 23%] Built target gtest_main
[ 25%] [32m[1mLinking CXX static library libgtest.a[0m
[ 25%] Built target gtest
[ 28%] [32m[1mLinking CXX shared library librclcpp_lifecycle.so[0m
[ 28%] Built target rclcpp_lifecycle
[ 30%] [32mBuilding CXX object CMakeFiles/benchmark_lifecycle_client.dir/test/benchmark/benchmark_lifecycle_client.cpp.o[0m
[ 33%] [32m[1mLinking CXX executable benchmark_lifecycle_client[0m
[ 33%] Built target benchmark_lifecycle_client
[ 35%] [32mBuilding CXX object CMakeFiles/test_client.dir/test/test_client.cpp.o[0m
[ 38%] [32m[1mLinking CXX executable test_client[0m
[ 38%] Built target test_client
[ 41%] [32mBuilding CXX object CMakeFiles/test_service.dir/test/test_service.cpp.o[0m
[ 43%] [32m[1mLinking CXX executable test_service[0m
[ 43%] Built target test_service
[ 46%] [32mBuilding CXX object CMakeFiles/test_state_machine_info.dir/test/test_state_machine_info.cpp.o[0m
[ 48%] [32m[1mLinking CXX executable test_state_machine_info[0m
[ 48%] Built target test_state_machine_info
[ 51%] [32mBuilding CXX object CMakeFiles/test_register_custom_callbacks.dir/test/test_register_custom_callbacks.cpp.o[0m
[ 53%] [32m[1mLinking CXX executable test_register_custom_callbacks[0m
[ 53%] Built target test_register_custom_callbacks
[ 56%] [32mBuilding CXX object CMakeFiles/test_callback_exceptions.dir/test/test_callback_exceptions.cpp.o[0m
[ 58%] [32m[1mLinking CXX executable test_callback_exceptions[0m
[ 58%] Built target test_callback_exceptions
[ 61%] [32mBuilding CXX object CMakeFiles/test_state_wrapper.dir/test/test_state_wrapper.cpp.o[0m
[ 64%] [32m[1mLinking CXX executable test_state_wrapper[0m
[ 64%] Built target test_state_wrapper
[ 66%] [32mBuilding CXX object CMakeFiles/test_transition_wrapper.dir/test/test_transition_wrapper.cpp.o[0m
[ 69%] [32m[1mLinking CXX executable test_transition_wrapper[0m
[ 69%] Built target test_transition_wrapper
[ 71%] [32mBuilding CXX object CMakeFiles/test_lifecycle_service_client.dir/test/test_lifecycle_service_client.cpp.o[0m
[ 74%] [32m[1mLinking CXX executable test_lifecycle_service_client[0m
[ 74%] Built target test_lifecycle_service_client
[ 76%] [32mBuilding CXX object CMakeFiles/test_lifecycle_publisher.dir/test/test_lifecycle_publisher.cpp.o[0m
[ 79%] [32m[1mLinking CXX executable test_lifecycle_publisher[0m
[ 79%] Built target test_lifecycle_publisher
[ 82%] [32mBuilding CXX object CMakeFiles/test_lifecycle_node.dir/test/test_lifecycle_node.cpp.o[0m
[ 84%] [32m[1mLinking CXX executable test_lifecycle_node[0m
[ 84%] Built target test_lifecycle_node
[ 87%] [32mBuilding CXX object CMakeFiles/benchmark_transition.dir/test/benchmark/benchmark_transition.cpp.o[0m
[ 89%] [32m[1mLinking CXX executable benchmark_transition[0m
[ 89%] Built target benchmark_transition
[ 92%] [32mBuilding CXX object CMakeFiles/benchmark_state.dir/test/benchmark/benchmark_state.cpp.o[0m
[ 94%] [32m[1mLinking CXX executable benchmark_state[0m
[ 94%] Built target benchmark_state
[ 97%] [32mBuilding CXX object CMakeFiles/benchmark_lifecycle_node.dir/test/benchmark/benchmark_lifecycle_node.cpp.o[0m
[100%] [32m[1mLinking CXX executable benchmark_lifecycle_node[0m
[100%] Built target benchmark_lifecycle_node
-- Install configuration: ""
-- Execute custom install script
-- Symlinking: /work/ubuntu-ros2-dev/install/rclcpp_lifecycle/include/rclcpp_lifecycle/rclcpp_lifecycle/lifecycle_node.hpp
-- Symlinking: /work/ubuntu-ros2-dev/install/rclcpp_lifecycle/include/rclcpp_lifecycle/rclcpp_lifecycle/lifecycle_node_impl.hpp
-- Symlinking: /work/ubuntu-ros2-dev/install/rclcpp_lifecycle/include/rclcpp_lifecycle/rclcpp_lifecycle/lifecycle_publisher.hpp
-- Symlinking: /work/ubuntu-ros2-dev/install/rclcpp_lifecycle/include/rclcpp_lifecycle/rclcpp_lifecycle/managed_entity.hpp
-- Symlinking: /work/ubuntu-ros2-dev/install/rclcpp_lifecycle/include/rclcpp_lifecycle/rclcpp_lifecycle/node_interfaces/lifecycle_node_interface.hpp
-- Symlinking: /work/ubuntu-ros2-dev/install/rclcpp_lifecycle/include/rclcpp_lifecycle/rclcpp_lifecycle/state.hpp
-- Symlinking: /work/ubuntu-ros2-dev/install/rclcpp_lifecycle/include/rclcpp_lifecycle/rclcpp_lifecycle/transition.hpp
-- Symlinking: /work/ubuntu-ros2-dev/install/rclcpp_lifecycle/include/rclcpp_lifecycle/rclcpp_lifecycle/type_traits/is_manageable_node.hpp
-- Symlinking: /work/ubuntu-ros2-dev/install/rclcpp_lifecycle/include/rclcpp_lifecycle/rclcpp_lifecycle/visibility_control.h
-- Symlinking: /work/ubuntu-ros2-dev/install/rclcpp_lifecycle/share/rclcpp_lifecycle/environment/library_path.sh
-- Symlinking: /work/ubuntu-ros2-dev/install/rclcpp_lifecycle/share/rclcpp_lifecycle/environment/library_path.dsv
-- Symlinking: /work/ubuntu-ros2-dev/install/rclcpp_lifecycle/share/ament_index/resource_index/package_run_dependencies/rclcpp_lifecycle
-- Symlinking: /work/ubuntu-ros2-dev/install/rclcpp_lifecycle/share/ament_index/resource_index/parent_prefix_path/rclcpp_lifecycle
-- Symlinking: /work/ubuntu-ros2-dev/install/rclcpp_lifecycle/share/rclcpp_lifecycle/environment/ament_prefix_path.sh
-- Symlinking: /work/ubuntu-ros2-dev/install/rclcpp_lifecycle/share/rclcpp_lifecycle/environment/ament_prefix_path.dsv
-- Symlinking: /work/ubuntu-ros2-dev/install/rclcpp_lifecycle/share/rclcpp_lifecycle/environment/path.sh
-- Symlinking: /work/ubuntu-ros2-dev/install/rclcpp_lifecycle/share/rclcpp_lifecycle/environment/path.dsv
-- Symlinking: /work/ubuntu-ros2-dev/install/rclcpp_lifecycle/share/rclcpp_lifecycle/local_setup.bash
-- Symlinking: /work/ubuntu-ros2-dev/install/rclcpp_lifecycle/share/rclcpp_lifecycle/local_setup.sh
-- Symlinking: /work/ubuntu-ros2-dev/install/rclcpp_lifecycle/share/rclcpp_lifecycle/local_setup.zsh
-- Symlinking: /work/ubuntu-ros2-dev/install/rclcpp_lifecycle/share/rclcpp_lifecycle/local_setup.dsv
-- Symlinking: /work/ubuntu-ros2-dev/install/rclcpp_lifecycle/share/rclcpp_lifecycle/package.dsv
-- Symlinking: /work/ubuntu-ros2-dev/install/rclcpp_lifecycle/share/ament_index/resource_index/packages/rclcpp_lifecycle
-- Symlinking: /work/ubuntu-ros2-dev/install/rclcpp_lifecycle/share/rclcpp_lifecycle/cmake/ament_cmake_export_include_directories-extras.cmake
-- Symlinking: /work/ubuntu-ros2-dev/install/rclcpp_lifecycle/share/rclcpp_lifecycle/cmake/ament_cmake_export_libraries-extras.cmake
-- Symlinking: /work/ubuntu-ros2-dev/install/rclcpp_lifecycle/share/rclcpp_lifecycle/cmake/ament_cmake_export_targets-extras.cmake
-- Symlinking: /work/ubuntu-ros2-dev/install/rclcpp_lifecycle/share/rclcpp_lifecycle/cmake/ament_cmake_export_dependencies-extras.cmake
-- Symlinking: /work/ubuntu-ros2-dev/install/rclcpp_lifecycle/share/rclcpp_lifecycle/cmake/rclcpp_lifecycleConfig.cmake
-- Symlinking: /work/ubuntu-ros2-dev/install/rclcpp_lifecycle/share/rclcpp_lifecycle/cmake/rclcpp_lifecycleConfig-version.cmake
-- Symlinking: /work/ubuntu-ros2-dev/install/rclcpp_lifecycle/share/rclcpp_lifecycle/package.xml
-- Installing: /work/ubuntu-ros2-dev/install/rclcpp_lifecycle/lib/librclcpp_lifecycle.so
-- Set runtime path of "/work/ubuntu-ros2-dev/install/rclcpp_lifecycle/lib/librclcpp_lifecycle.so" to ""
-- Installing: /work/ubuntu-ros2-dev/install/rclcpp_lifecycle/share/rclcpp_lifecycle/cmake/rclcpp_lifecycleExport.cmake
-- Installing: /work/ubuntu-ros2-dev/install/rclcpp_lifecycle/share/rclcpp_lifecycle/cmake/rclcpp_lifecycleExport-noconfig.cmake
