-- The C compiler identification is GNU 11.4.0
-- The CXX compiler identification is GNU 11.4.0
-- Detecting C compiler ABI info
-- Detecting C compiler ABI info - done
-- Check for working C compiler: /usr/bin/cc - skipped
-- Detecting C compile features
-- Detecting C compile features - done
-- Detecting CXX compiler ABI info
-- Detecting CXX compiler ABI info - done
-- Check for working CXX compiler: /usr/bin/c++ - skipped
-- Detecting CXX compile features
-- Detecting CXX compile features - done
-- Found Python3: /usr/bin/python3.10 (found version "3.10.12") found components: Interpreter Development Development.Module Development.Embed 
-- Found eigen3_cmake_module: 0.3.0 (/work/ubuntu-ros2-dev/install/eigen3_cmake_module/share/eigen3_cmake_module/cmake)
-- Found Eigen3: TRUE (found version "3.4.0") 
-- Found geometry_msgs: 5.3.5 (/work/ubuntu-ros2-dev/install/geometry_msgs/share/geometry_msgs/cmake)
-- Override CMake install command with custom implementation using symlinks instead of copying resources
-- Found rosidl_generator_c: 4.6.4 (/work/ubuntu-ros2-dev/install/rosidl_generator_c/share/rosidl_generator_c/cmake)
-- Found rosidl_generator_cpp: 4.6.4 (/work/ubuntu-ros2-dev/install/rosidl_generator_cpp/share/rosidl_generator_cpp/cmake)
-- Using all available rosidl_typesupport_c: rosidl_typesupport_fastrtps_c;rosidl_typesupport_introspection_c
-- Using all available rosidl_typesupport_cpp: rosidl_typesupport_introspection_cpp;rosidl_typesupport_fastrtps_cpp
-- Found sensor_msgs: 5.3.5 (/work/ubuntu-ros2-dev/install/sensor_msgs/share/sensor_msgs/cmake)
-- Found tf2: 0.36.5 (/work/ubuntu-ros2-dev/install/tf2/share/tf2/cmake)
-- Found tf2_ros: 0.36.5 (/work/ubuntu-ros2-dev/install/tf2_ros/share/tf2_ros/cmake)
-- Found rmw_implementation_cmake: 7.3.1 (/work/ubuntu-ros2-dev/install/rmw_implementation_cmake/share/rmw_implementation_cmake/cmake)
-- Found rmw_fastrtps_cpp: 8.4.1 (/work/ubuntu-ros2-dev/install/rmw_fastrtps_cpp/share/rmw_fastrtps_cpp/cmake)
-- Found OpenSSL: /usr/lib/aarch64-linux-gnu/libcrypto.so (found version "3.0.2")  
-- Found FastRTPS: /work/ubuntu-ros2-dev/install/fastrtps/include (Required is at least version "2.13") 
-- Using RMW implementation 'rmw_fastrtps_cpp' as default
-- Found ament_cmake_gtest: 2.5.2 (/work/ubuntu-ros2-dev/install/ament_cmake_gtest/share/ament_cmake_gtest/cmake)
-- Found ament_lint_auto: 0.17.1 (/work/ubuntu-ros2-dev/install/ament_lint_auto/share/ament_lint_auto/cmake)
-- Found gtest sources under '/work/ubuntu-ros2-dev/install/gtest_vendor/src/gtest_vendor': C++ tests using 'Google Test' will be built
-- Looking for pthread.h
-- Looking for pthread.h - found
-- Performing Test CMAKE_HAVE_LIBC_PTHREAD
-- Performing Test CMAKE_HAVE_LIBC_PTHREAD - Success
-- Found Threads: TRUE  
-- Added test 'copyright' to check source files copyright and LICENSE
-- Added test 'cppcheck' to perform static code analysis on C / C++ code
-- Configured cppcheck language: c++
-- Configured cppcheck include dirs: $<BUILD_INTERFACE:/work/ubuntu-ros2-dev/src/ros2/geometry2/tf2_sensor_msgs/include>;/work/ubuntu-ros2-dev/src/ros2/geometry2/tf2_sensor_msgs/include
-- Configured cppcheck exclude dirs and/or files: 
-- Added test 'cpplint' to check C / C++ code against the Google style
-- Configured cpplint exclude dirs and/or files: 
-- Added test 'flake8' to check Python code syntax and style conventions
-- Configured 'flake8' exclude dirs and/or files: 
-- Added test 'lint_cmake' to check CMake code style
-- Added test 'pep257' to check Python code against some of the docstring style conventions in PEP 257
-- Added test 'uncrustify' to check C / C++ code style
-- Configured uncrustify additional arguments: --language;CPP
-- Added test 'xmllint' to check XML markup files
-- Configuring done
-- Generating done
-- Build files have been written to: /work/ubuntu-ros2-dev/build/tf2_sensor_msgs
[  0%] Built target ament_cmake_python_symlink_tf2_sensor_msgs
[ 16%] [32mBuilding CXX object gtest/CMakeFiles/gtest.dir/src/gtest-all.cc.o[0m
[ 33%] [32m[1mLinking CXX static library libgtest.a[0m
[ 33%] Built target gtest
running egg_info
creating tf2_sensor_msgs.egg-info
writing tf2_sensor_msgs.egg-info/PKG-INFO
writing dependency_links to tf2_sensor_msgs.egg-info/dependency_links.txt
writing top-level names to tf2_sensor_msgs.egg-info/top_level.txt
writing manifest file 'tf2_sensor_msgs.egg-info/SOURCES.txt'
reading manifest file 'tf2_sensor_msgs.egg-info/SOURCES.txt'
writing manifest file 'tf2_sensor_msgs.egg-info/SOURCES.txt'
[ 33%] Built target ament_cmake_python_build_tf2_sensor_msgs_egg
[ 50%] [32mBuilding CXX object gtest/CMakeFiles/gtest_main.dir/src/gtest_main.cc.o[0m
[ 66%] [32m[1mLinking CXX static library libgtest_main.a[0m
[ 66%] Built target gtest_main
[ 83%] [32mBuilding CXX object CMakeFiles/test_tf2_sensor_msgs_cpp.dir/test/test_tf2_sensor_msgs.cpp.o[0m
[100%] [32m[1mLinking CXX executable test_tf2_sensor_msgs_cpp[0m
[100%] Built target test_tf2_sensor_msgs_cpp
-- Install configuration: ""
-- Execute custom install script
-- Symlinking: /work/ubuntu-ros2-dev/install/tf2_sensor_msgs/share/tf2_sensor_msgs/environment/pythonpath.sh
-- Symlinking: /work/ubuntu-ros2-dev/install/tf2_sensor_msgs/share/tf2_sensor_msgs/environment/pythonpath.dsv
-- Symlinking: /work/ubuntu-ros2-dev/install/tf2_sensor_msgs/lib/python3.10/site-packages/tf2_sensor_msgs-0.36.5-py3.10.egg-info/PKG-INFO
-- Symlinking: /work/ubuntu-ros2-dev/install/tf2_sensor_msgs/lib/python3.10/site-packages/tf2_sensor_msgs-0.36.5-py3.10.egg-info/SOURCES.txt
-- Symlinking: /work/ubuntu-ros2-dev/install/tf2_sensor_msgs/lib/python3.10/site-packages/tf2_sensor_msgs-0.36.5-py3.10.egg-info/dependency_links.txt
-- Symlinking: /work/ubuntu-ros2-dev/install/tf2_sensor_msgs/lib/python3.10/site-packages/tf2_sensor_msgs-0.36.5-py3.10.egg-info/top_level.txt
-- Symlinking: /work/ubuntu-ros2-dev/install/tf2_sensor_msgs/lib/python3.10/site-packages/tf2_sensor_msgs/__init__.py
-- Symlinking: /work/ubuntu-ros2-dev/install/tf2_sensor_msgs/lib/python3.10/site-packages/tf2_sensor_msgs/tf2_sensor_msgs.py
-- Symlinking: /work/ubuntu-ros2-dev/install/tf2_sensor_msgs/include/tf2_sensor_msgs/tf2_sensor_msgs/tf2_sensor_msgs.hpp
-- Symlinking: /work/ubuntu-ros2-dev/install/tf2_sensor_msgs/share/ament_index/resource_index/package_run_dependencies/tf2_sensor_msgs
-- Symlinking: /work/ubuntu-ros2-dev/install/tf2_sensor_msgs/share/ament_index/resource_index/parent_prefix_path/tf2_sensor_msgs
-- Symlinking: /work/ubuntu-ros2-dev/install/tf2_sensor_msgs/share/tf2_sensor_msgs/environment/ament_prefix_path.sh
-- Symlinking: /work/ubuntu-ros2-dev/install/tf2_sensor_msgs/share/tf2_sensor_msgs/environment/ament_prefix_path.dsv
-- Symlinking: /work/ubuntu-ros2-dev/install/tf2_sensor_msgs/share/tf2_sensor_msgs/environment/path.sh
-- Symlinking: /work/ubuntu-ros2-dev/install/tf2_sensor_msgs/share/tf2_sensor_msgs/environment/path.dsv
-- Symlinking: /work/ubuntu-ros2-dev/install/tf2_sensor_msgs/share/tf2_sensor_msgs/local_setup.bash
-- Symlinking: /work/ubuntu-ros2-dev/install/tf2_sensor_msgs/share/tf2_sensor_msgs/local_setup.sh
-- Symlinking: /work/ubuntu-ros2-dev/install/tf2_sensor_msgs/share/tf2_sensor_msgs/local_setup.zsh
-- Symlinking: /work/ubuntu-ros2-dev/install/tf2_sensor_msgs/share/tf2_sensor_msgs/local_setup.dsv
-- Symlinking: /work/ubuntu-ros2-dev/install/tf2_sensor_msgs/share/tf2_sensor_msgs/package.dsv
-- Symlinking: /work/ubuntu-ros2-dev/install/tf2_sensor_msgs/share/ament_index/resource_index/packages/tf2_sensor_msgs
-- Symlinking: /work/ubuntu-ros2-dev/install/tf2_sensor_msgs/share/tf2_sensor_msgs/cmake/ament_cmake_export_targets-extras.cmake
-- Symlinking: /work/ubuntu-ros2-dev/install/tf2_sensor_msgs/share/tf2_sensor_msgs/cmake/ament_cmake_export_dependencies-extras.cmake
-- Symlinking: /work/ubuntu-ros2-dev/install/tf2_sensor_msgs/share/tf2_sensor_msgs/cmake/tf2_sensor_msgsConfig.cmake
-- Symlinking: /work/ubuntu-ros2-dev/install/tf2_sensor_msgs/share/tf2_sensor_msgs/cmake/tf2_sensor_msgsConfig-version.cmake
-- Symlinking: /work/ubuntu-ros2-dev/install/tf2_sensor_msgs/share/tf2_sensor_msgs/package.xml
Listing '/work/ubuntu-ros2-dev/install/tf2_sensor_msgs/lib/python3.10/site-packages/tf2_sensor_msgs'...
Compiling '/work/ubuntu-ros2-dev/install/tf2_sensor_msgs/lib/python3.10/site-packages/tf2_sensor_msgs/__init__.py'...
Compiling '/work/ubuntu-ros2-dev/install/tf2_sensor_msgs/lib/python3.10/site-packages/tf2_sensor_msgs/tf2_sensor_msgs.py'...
-- Installing: /work/ubuntu-ros2-dev/install/tf2_sensor_msgs/share/tf2_sensor_msgs/cmake/export_tf2_sensor_msgsExport.cmake
