/usr/lib/python3/dist-packages/setuptools/command/easy_install.py:158: EasyInstallDeprecationWarning: easy_install command is deprecated. Use build and pip and other standards-based tools.
  warnings.warn(
running develop
running egg_info
creating src/rqt_gui_py.egg-info
writing src/rqt_gui_py.egg-info/PKG-INFO
writing dependency_links to src/rqt_gui_py.egg-info/dependency_links.txt
writing requirements to src/rqt_gui_py.egg-info/requires.txt
writing top-level names to src/rqt_gui_py.egg-info/top_level.txt
writing manifest file 'src/rqt_gui_py.egg-info/SOURCES.txt'
reading manifest file 'src/rqt_gui_py.egg-info/SOURCES.txt'
writing manifest file 'src/rqt_gui_py.egg-info/SOURCES.txt'
running build_ext
Creating /work/ubuntu-ros2-dev/install/rqt_gui_py/lib/python3.10/site-packages/rqt-gui-py.egg-link (link to src)

Installed /work/ubuntu-ros2-dev/build/rqt_gui_py/src
running symlink_data
creating /work/ubuntu-ros2-dev/install/rqt_gui_py/share/ament_index
creating /work/ubuntu-ros2-dev/install/rqt_gui_py/share/ament_index/resource_index
creating /work/ubuntu-ros2-dev/install/rqt_gui_py/share/ament_index/resource_index/packages
symbolically linking /work/ubuntu-ros2-dev/build/rqt_gui_py/resource/rqt_gui_py -> /work/ubuntu-ros2-dev/install/rqt_gui_py/share/ament_index/resource_index/packages
symbolically linking /work/ubuntu-ros2-dev/build/rqt_gui_py/package.xml -> /work/ubuntu-ros2-dev/install/rqt_gui_py/share/rqt_gui_py
symbolically linking /work/ubuntu-ros2-dev/build/rqt_gui_py/plugin.xml -> /work/ubuntu-ros2-dev/install/rqt_gui_py/share/rqt_gui_py
