-- The C compiler identification is GNU 11.4.0
-- The CXX compiler identification is GNU 11.4.0
-- Detecting C compiler ABI info
-- Detecting C compiler ABI info - done
-- Check for working C compiler: /usr/bin/cc - skipped
-- Detecting C compile features
-- Detecting C compile features - done
-- Detecting CXX compiler ABI info
-- Detecting CXX compiler ABI info - done
-- Check for working CXX compiler: /usr/bin/c++ - skipped
-- Detecting CXX compile features
-- Detecting CXX compile features - done
-- Found ament_cmake_ros: 0.12.0 (/work/ubuntu-ros2-dev/install/ament_cmake_ros/share/ament_cmake_ros/cmake)
-- Found Python3: /usr/bin/python3 (found version "3.10.12") found components: Interpreter 
-- Override CMake install command with custom implementation using symlinks instead of copying resources
-- Found rcutils: 6.7.2 (/work/ubuntu-ros2-dev/install/rcutils/share/rcutils/cmake)
-- Found rcpputils: 2.11.0 (/work/ubuntu-ros2-dev/install/rcpputils/share/rcpputils/cmake)
-- Found tracetools: 8.2.2 (/work/ubuntu-ros2-dev/install/tracetools/share/tracetools/cmake)
-- Found rmw: 7.3.1 (/work/ubuntu-ros2-dev/install/rmw/share/rmw/cmake)
-- Found rmw_dds_common: 3.1.0 (/work/ubuntu-ros2-dev/install/rmw_dds_common/share/rmw_dds_common/cmake)
-- Found rosidl_generator_c: 4.6.4 (/work/ubuntu-ros2-dev/install/rosidl_generator_c/share/rosidl_generator_c/cmake)
-- Found rosidl_generator_cpp: 4.6.4 (/work/ubuntu-ros2-dev/install/rosidl_generator_cpp/share/rosidl_generator_cpp/cmake)
-- Using all available rosidl_typesupport_c: rosidl_typesupport_fastrtps_c;rosidl_typesupport_introspection_c
-- Using all available rosidl_typesupport_cpp: rosidl_typesupport_introspection_cpp;rosidl_typesupport_fastrtps_cpp
-- Found ament_lint_auto: 0.17.1 (/work/ubuntu-ros2-dev/install/ament_lint_auto/share/ament_lint_auto/cmake)
-- Added test 'copyright' to check source files copyright and LICENSE
-- Added test 'cppcheck' to perform static code analysis on C / C++ code
-- Configured cppcheck include dirs: 
-- Configured cppcheck exclude dirs and/or files: 
-- Added test 'cpplint' to check C / C++ code against the Google style
-- Configured cpplint exclude dirs and/or files: 
-- Added test 'lint_cmake' to check CMake code style
-- Added test 'uncrustify' to check C / C++ code style
-- Configured uncrustify additional arguments: 
-- Added test 'xmllint' to check XML markup files
-- Configuring done
-- Generating done
-- Build files have been written to: /work/ubuntu-ros2-dev/build/rmw_cyclonedds_cpp
[  8%] [32mBuilding CXX object CMakeFiles/rmw_cyclonedds_cpp.dir/src/rmw_get_network_flow_endpoints.cpp.o[0m
[ 16%] [32mBuilding CXX object CMakeFiles/rmw_cyclonedds_cpp.dir/src/deserialization_exception.cpp.o[0m
[ 25%] [32mBuilding CXX object CMakeFiles/rmw_cyclonedds_cpp.dir/src/Serialization.cpp.o[0m
[ 33%] [32mBuilding CXX object CMakeFiles/rmw_cyclonedds_cpp.dir/src/TypeSupport2.cpp.o[0m
[ 41%] [32mBuilding CXX object CMakeFiles/rmw_cyclonedds_cpp.dir/src/TypeSupport.cpp.o[0m
[ 50%] [32mBuilding CXX object CMakeFiles/rmw_cyclonedds_cpp.dir/src/demangle.cpp.o[0m
[ 58%] [32mBuilding CXX object CMakeFiles/rmw_cyclonedds_cpp.dir/src/exception.cpp.o[0m
[ 66%] [32mBuilding CXX object CMakeFiles/rmw_cyclonedds_cpp.dir/src/u16string.cpp.o[0m
[ 75%] [32mBuilding CXX object CMakeFiles/rmw_cyclonedds_cpp.dir/src/serdes.cpp.o[0m
[ 83%] [32mBuilding CXX object CMakeFiles/rmw_cyclonedds_cpp.dir/src/serdata.cpp.o[0m
[ 91%] [32mBuilding CXX object CMakeFiles/rmw_cyclonedds_cpp.dir/src/rmw_node.cpp.o[0m
[100%] [32m[1mLinking CXX shared library librmw_cyclonedds_cpp.so[0m
[100%] Built target rmw_cyclonedds_cpp
-- Install configuration: ""
-- Execute custom install script
-- Symlinking: /work/ubuntu-ros2-dev/install/rmw_cyclonedds_cpp/share/ament_index/resource_index/rmw_typesupport_c/rmw_cyclonedds_cpp
-- Symlinking: /work/ubuntu-ros2-dev/install/rmw_cyclonedds_cpp/share/ament_index/resource_index/rmw_typesupport_cpp/rmw_cyclonedds_cpp
-- Symlinking: /work/ubuntu-ros2-dev/install/rmw_cyclonedds_cpp/share/ament_index/resource_index/rmw_typesupport/rmw_cyclonedds_cpp
-- Symlinking: /work/ubuntu-ros2-dev/install/rmw_cyclonedds_cpp/share/ament_index/resource_index/package_run_dependencies/rmw_cyclonedds_cpp
-- Symlinking: /work/ubuntu-ros2-dev/install/rmw_cyclonedds_cpp/share/ament_index/resource_index/parent_prefix_path/rmw_cyclonedds_cpp
-- Symlinking: /work/ubuntu-ros2-dev/install/rmw_cyclonedds_cpp/share/rmw_cyclonedds_cpp/environment/ament_prefix_path.sh
-- Symlinking: /work/ubuntu-ros2-dev/install/rmw_cyclonedds_cpp/share/rmw_cyclonedds_cpp/environment/ament_prefix_path.dsv
-- Symlinking: /work/ubuntu-ros2-dev/install/rmw_cyclonedds_cpp/share/rmw_cyclonedds_cpp/environment/path.sh
-- Symlinking: /work/ubuntu-ros2-dev/install/rmw_cyclonedds_cpp/share/rmw_cyclonedds_cpp/environment/path.dsv
-- Symlinking: /work/ubuntu-ros2-dev/install/rmw_cyclonedds_cpp/share/rmw_cyclonedds_cpp/local_setup.bash
-- Symlinking: /work/ubuntu-ros2-dev/install/rmw_cyclonedds_cpp/share/rmw_cyclonedds_cpp/local_setup.sh
-- Symlinking: /work/ubuntu-ros2-dev/install/rmw_cyclonedds_cpp/share/rmw_cyclonedds_cpp/local_setup.zsh
-- Symlinking: /work/ubuntu-ros2-dev/install/rmw_cyclonedds_cpp/share/rmw_cyclonedds_cpp/local_setup.dsv
-- Symlinking: /work/ubuntu-ros2-dev/install/rmw_cyclonedds_cpp/share/rmw_cyclonedds_cpp/package.dsv
-- Symlinking: /work/ubuntu-ros2-dev/install/rmw_cyclonedds_cpp/share/ament_index/resource_index/packages/rmw_cyclonedds_cpp
-- Symlinking: /work/ubuntu-ros2-dev/install/rmw_cyclonedds_cpp/share/rmw_cyclonedds_cpp/cmake/ament_cmake_export_dependencies-extras.cmake
-- Symlinking: /work/ubuntu-ros2-dev/install/rmw_cyclonedds_cpp/share/rmw_cyclonedds_cpp/cmake/ament_cmake_export_targets-extras.cmake
-- Symlinking: /work/ubuntu-ros2-dev/install/rmw_cyclonedds_cpp/share/rmw_cyclonedds_cpp/cmake/rmw_cyclonedds_cppConfig.cmake
-- Symlinking: /work/ubuntu-ros2-dev/install/rmw_cyclonedds_cpp/share/rmw_cyclonedds_cpp/cmake/rmw_cyclonedds_cppConfig-version.cmake
-- Symlinking: /work/ubuntu-ros2-dev/install/rmw_cyclonedds_cpp/share/rmw_cyclonedds_cpp/package.xml
-- Symlinking: /work/ubuntu-ros2-dev/install/rmw_cyclonedds_cpp/share/ament_index/resource_index/rmw_output_patterns/rmw_cyclonedds_cpp
-- Installing: /work/ubuntu-ros2-dev/install/rmw_cyclonedds_cpp/share/rmw_cyclonedds_cpp/cmake/export_rmw_cyclonedds_cppExport.cmake
-- Installing: /work/ubuntu-ros2-dev/install/rmw_cyclonedds_cpp/share/rmw_cyclonedds_cpp/cmake/export_rmw_cyclonedds_cppExport-noconfig.cmake
-- Installing: /work/ubuntu-ros2-dev/install/rmw_cyclonedds_cpp/lib/librmw_cyclonedds_cpp.so
-- Set runtime path of "/work/ubuntu-ros2-dev/install/rmw_cyclonedds_cpp/lib/librmw_cyclonedds_cpp.so" to ""
