-- The C compiler identification is GNU 11.4.0
-- The CXX compiler identification is GNU 11.4.0
-- Detecting C compiler ABI info
-- Detecting C compiler ABI info - done
-- Check for working C compiler: /usr/bin/cc - skipped
-- Detecting C compile features
-- Detecting C compile features - done
-- Detecting CXX compiler ABI info
-- Detecting CXX compiler ABI info - done
-- Check for working CXX compiler: /usr/bin/c++ - skipped
-- Detecting CXX compile features
-- Detecting CXX compile features - done
-- Found ament_cmake_ros: 0.12.0 (/work/ubuntu-ros2-dev/install/ament_cmake_ros/share/ament_cmake_ros/cmake)
-- Found Python3: /usr/bin/python3 (found version "3.10.12") found components: Interpreter 
-- Override CMake install command with custom implementation using symlinks instead of copying resources
-- Found rcutils: 6.7.2 (/work/ubuntu-ros2-dev/install/rcutils/share/rcutils/cmake)
-- Found rmw: 7.3.1 (/work/ubuntu-ros2-dev/install/rmw/share/rmw/cmake)
-- Found libyaml_vendor: 1.6.3 (/work/ubuntu-ros2-dev/install/libyaml_vendor/share/libyaml_vendor/cmake)
-- Checking for module 'yaml-0.1'
--   Found yaml-0.1, version 0.2.2
-- Found yaml: 1  
-- Found ament_lint_auto: 0.17.1 (/work/ubuntu-ros2-dev/install/ament_lint_auto/share/ament_lint_auto/cmake)
-- Found gtest sources under '/work/ubuntu-ros2-dev/install/gtest_vendor/src/gtest_vendor': C++ tests using 'Google Test' will be built
-- Found Threads: TRUE  
-- Performance tests are disabled by default, so Google Benchmark tests will be skipped. To enable these tests, set the CMake variable 'AMENT_RUN_PERFORMANCE_TESTS'.
-- Added test 'copyright' to check source files copyright and LICENSE
-- Added test 'cppcheck' to perform static code analysis on C / C++ code
-- Configured cppcheck include dirs: /work/ubuntu-ros2-dev/install/performance_test_fixture/include;$<BUILD_INTERFACE:/work/ubuntu-ros2-dev/src/ros2/rcl/rcl_yaml_param_parser/include>
-- Configured cppcheck exclude dirs and/or files: 
-- Added test 'cpplint' to check C / C++ code against the Google style
-- Configured cpplint exclude dirs and/or files: 
-- Added test 'lint_cmake' to check CMake code style
-- Added test 'uncrustify' to check C / C++ code style
-- Configured uncrustify additional arguments: 
-- Added test 'xmllint' to check XML markup files
-- Configuring done
-- Generating done
-- Build files have been written to: /work/ubuntu-ros2-dev/build/rcl_yaml_param_parser
[  3%] [34m[1mGenerating rcl_yaml_param_parser/version.h[0m
[  3%] Built target ament_generate_version_header__rcl_yaml_param_parser
[  6%] [32mBuilding CXX object gtest/CMakeFiles/gtest.dir/src/gtest-all.cc.o[0m
[  9%] [32m[1mLinking CXX static library libgtest.a[0m
[  9%] Built target gtest
[ 12%] [32mBuilding C object CMakeFiles/rcl_yaml_param_parser.dir/src/add_to_arrays.c.o[0m
[ 15%] [32mBuilding C object CMakeFiles/rcl_yaml_param_parser.dir/src/yaml_variant.c.o[0m
[ 18%] [32mBuilding C object CMakeFiles/rcl_yaml_param_parser.dir/src/parser.c.o[0m
[ 21%] [32mBuilding C object CMakeFiles/rcl_yaml_param_parser.dir/src/parse.c.o[0m
[ 25%] [32mBuilding C object CMakeFiles/rcl_yaml_param_parser.dir/src/node_params.c.o[0m
[ 28%] [32mBuilding C object CMakeFiles/rcl_yaml_param_parser.dir/src/namespace.c.o[0m
[ 31%] [32m[1mLinking C shared library librcl_yaml_param_parser.so[0m
[ 31%] Built target rcl_yaml_param_parser
[ 34%] [32mBuilding CXX object gtest/CMakeFiles/gtest_main.dir/src/gtest_main.cc.o[0m
[ 37%] [32m[1mLinking CXX static library libgtest_main.a[0m
[ 37%] Built target gtest_main
[ 40%] [32mBuilding CXX object CMakeFiles/benchmark_variant.dir/test/benchmark/benchmark_variant.cpp.o[0m
[ 43%] [32m[1mLinking CXX executable benchmark_variant[0m
[ 43%] Built target benchmark_variant
[ 46%] [32mBuilding CXX object CMakeFiles/test_parser_multiple_nodes.dir/test/test_parser_multiple_nodes.cpp.o[0m
[ 50%] [32m[1mLinking CXX executable test_parser_multiple_nodes[0m
[ 50%] Built target test_parser_multiple_nodes
[ 53%] [32mBuilding CXX object CMakeFiles/test_parser_multiple_params.dir/test/test_parser_multiple_params.cpp.o[0m
[ 56%] [32m[1mLinking CXX executable test_parser_multiple_params[0m
[ 56%] Built target test_parser_multiple_params
[ 59%] [32mBuilding CXX object CMakeFiles/test_yaml_variant.dir/test/test_yaml_variant.cpp.o[0m
[ 62%] [32m[1mLinking CXX executable test_yaml_variant[0m
[ 62%] Built target test_yaml_variant
[ 65%] [32mBuilding CXX object CMakeFiles/test_parser.dir/test/test_parser.cpp.o[0m
[ 68%] [32m[1mLinking CXX executable test_parser[0m
[ 68%] Built target test_parser
[ 71%] [32mBuilding CXX object CMakeFiles/test_parse.dir/test/test_parse.cpp.o[0m
[ 75%] [32m[1mLinking CXX executable test_parse[0m
[ 75%] Built target test_parse
[ 78%] [32mBuilding CXX object CMakeFiles/test_parse_yaml.dir/test/test_parse_yaml.cpp.o[0m
[ 81%] [32m[1mLinking CXX executable test_parse_yaml[0m
[ 81%] Built target test_parse_yaml
[ 84%] [32mBuilding CXX object CMakeFiles/test_node_params.dir/test/test_node_params.cpp.o[0m
[ 87%] [32m[1mLinking CXX executable test_node_params[0m
[ 87%] Built target test_node_params
[ 90%] [32mBuilding CXX object CMakeFiles/test_namespace.dir/test/test_namespace.cpp.o[0m
[ 93%] [32m[1mLinking CXX executable test_namespace[0m
[ 93%] Built target test_namespace
[ 96%] [32mBuilding CXX object CMakeFiles/benchmark_parse_yaml.dir/test/benchmark/benchmark_parse_yaml.cpp.o[0m
[100%] [32m[1mLinking CXX executable benchmark_parse_yaml[0m
[100%] Built target benchmark_parse_yaml
-- Install configuration: ""
-- Execute custom install script
-- Symlinking: /work/ubuntu-ros2-dev/install/rcl_yaml_param_parser/share/rcl_yaml_param_parser/environment/library_path.sh
-- Symlinking: /work/ubuntu-ros2-dev/install/rcl_yaml_param_parser/share/rcl_yaml_param_parser/environment/library_path.dsv
-- Symlinking: /work/ubuntu-ros2-dev/install/rcl_yaml_param_parser/include/rcl_yaml_param_parser/rcl_yaml_param_parser/version.h
-- Symlinking: /work/ubuntu-ros2-dev/install/rcl_yaml_param_parser/include/rcl_yaml_param_parser/rcl_yaml_param_parser/parser.h
-- Symlinking: /work/ubuntu-ros2-dev/install/rcl_yaml_param_parser/include/rcl_yaml_param_parser/rcl_yaml_param_parser/types.h
-- Symlinking: /work/ubuntu-ros2-dev/install/rcl_yaml_param_parser/include/rcl_yaml_param_parser/rcl_yaml_param_parser/visibility_control.h
-- Symlinking: /work/ubuntu-ros2-dev/install/rcl_yaml_param_parser/share/ament_index/resource_index/package_run_dependencies/rcl_yaml_param_parser
-- Symlinking: /work/ubuntu-ros2-dev/install/rcl_yaml_param_parser/share/ament_index/resource_index/parent_prefix_path/rcl_yaml_param_parser
-- Symlinking: /work/ubuntu-ros2-dev/install/rcl_yaml_param_parser/share/rcl_yaml_param_parser/environment/ament_prefix_path.sh
-- Symlinking: /work/ubuntu-ros2-dev/install/rcl_yaml_param_parser/share/rcl_yaml_param_parser/environment/ament_prefix_path.dsv
-- Symlinking: /work/ubuntu-ros2-dev/install/rcl_yaml_param_parser/share/rcl_yaml_param_parser/environment/path.sh
-- Symlinking: /work/ubuntu-ros2-dev/install/rcl_yaml_param_parser/share/rcl_yaml_param_parser/environment/path.dsv
-- Symlinking: /work/ubuntu-ros2-dev/install/rcl_yaml_param_parser/share/rcl_yaml_param_parser/local_setup.bash
-- Symlinking: /work/ubuntu-ros2-dev/install/rcl_yaml_param_parser/share/rcl_yaml_param_parser/local_setup.sh
-- Symlinking: /work/ubuntu-ros2-dev/install/rcl_yaml_param_parser/share/rcl_yaml_param_parser/local_setup.zsh
-- Symlinking: /work/ubuntu-ros2-dev/install/rcl_yaml_param_parser/share/rcl_yaml_param_parser/local_setup.dsv
-- Symlinking: /work/ubuntu-ros2-dev/install/rcl_yaml_param_parser/share/rcl_yaml_param_parser/package.dsv
-- Symlinking: /work/ubuntu-ros2-dev/install/rcl_yaml_param_parser/share/ament_index/resource_index/packages/rcl_yaml_param_parser
-- Symlinking: /work/ubuntu-ros2-dev/install/rcl_yaml_param_parser/share/rcl_yaml_param_parser/cmake/ament_cmake_export_include_directories-extras.cmake
-- Symlinking: /work/ubuntu-ros2-dev/install/rcl_yaml_param_parser/share/rcl_yaml_param_parser/cmake/ament_cmake_export_libraries-extras.cmake
-- Symlinking: /work/ubuntu-ros2-dev/install/rcl_yaml_param_parser/share/rcl_yaml_param_parser/cmake/ament_cmake_export_targets-extras.cmake
-- Symlinking: /work/ubuntu-ros2-dev/install/rcl_yaml_param_parser/share/rcl_yaml_param_parser/cmake/ament_cmake_export_dependencies-extras.cmake
-- Symlinking: /work/ubuntu-ros2-dev/install/rcl_yaml_param_parser/share/rcl_yaml_param_parser/cmake/rcl_yaml_param_parserConfig.cmake
-- Symlinking: /work/ubuntu-ros2-dev/install/rcl_yaml_param_parser/share/rcl_yaml_param_parser/cmake/rcl_yaml_param_parserConfig-version.cmake
-- Symlinking: /work/ubuntu-ros2-dev/install/rcl_yaml_param_parser/share/rcl_yaml_param_parser/package.xml
-- Installing: /work/ubuntu-ros2-dev/install/rcl_yaml_param_parser/lib/librcl_yaml_param_parser.so
-- Set runtime path of "/work/ubuntu-ros2-dev/install/rcl_yaml_param_parser/lib/librcl_yaml_param_parser.so" to ""
-- Installing: /work/ubuntu-ros2-dev/install/rcl_yaml_param_parser/share/rcl_yaml_param_parser/cmake/rcl_yaml_param_parserExport.cmake
-- Installing: /work/ubuntu-ros2-dev/install/rcl_yaml_param_parser/share/rcl_yaml_param_parser/cmake/rcl_yaml_param_parserExport-noconfig.cmake
