running develop
running egg_info
creating src/rqt_service_caller.egg-info
writing src/rqt_service_caller.egg-info/PKG-INFO
writing dependency_links to src/rqt_service_caller.egg-info/dependency_links.txt
writing entry points to src/rqt_service_caller.egg-info/entry_points.txt
writing requirements to src/rqt_service_caller.egg-info/requires.txt
writing top-level names to src/rqt_service_caller.egg-info/top_level.txt
writing manifest file 'src/rqt_service_caller.egg-info/SOURCES.txt'
reading manifest file 'src/rqt_service_caller.egg-info/SOURCES.txt'
writing manifest file 'src/rqt_service_caller.egg-info/SOURCES.txt'
running build_ext
Creating /work/ubuntu-ros2-dev/install/rqt_service_caller/lib/python3.10/site-packages/rqt-service-caller.egg-link (link to src)
Installing rqt_service_caller script to /work/ubuntu-ros2-dev/install/rqt_service_caller/lib/rqt_service_caller

Installed /work/ubuntu-ros2-dev/build/rqt_service_caller/src
running symlink_data
creating /work/ubuntu-ros2-dev/install/rqt_service_caller/share/ament_index
creating /work/ubuntu-ros2-dev/install/rqt_service_caller/share/ament_index/resource_index
creating /work/ubuntu-ros2-dev/install/rqt_service_caller/share/ament_index/resource_index/packages
symbolically linking /work/ubuntu-ros2-dev/build/rqt_service_caller/resource/rqt_service_caller -> /work/ubuntu-ros2-dev/install/rqt_service_caller/share/ament_index/resource_index/packages
creating /work/ubuntu-ros2-dev/install/rqt_service_caller/share/rqt_service_caller/resource
symbolically linking /work/ubuntu-ros2-dev/build/rqt_service_caller/resource/ServiceCaller.ui -> /work/ubuntu-ros2-dev/install/rqt_service_caller/share/rqt_service_caller/resource
symbolically linking /work/ubuntu-ros2-dev/build/rqt_service_caller/package.xml -> /work/ubuntu-ros2-dev/install/rqt_service_caller/share/rqt_service_caller
symbolically linking /work/ubuntu-ros2-dev/build/rqt_service_caller/plugin.xml -> /work/ubuntu-ros2-dev/install/rqt_service_caller/share/rqt_service_caller
