running develop
/usr/lib/python3/dist-packages/setuptools/command/easy_install.py:158: EasyInstallDeprecationWarning: easy_install command is deprecated. Use build and pip and other standards-based tools.
  warnings.warn(
running egg_info
creating demo_nodes_py.egg-info
writing demo_nodes_py.egg-info/PKG-INFO
writing dependency_links to demo_nodes_py.egg-info/dependency_links.txt
writing entry points to demo_nodes_py.egg-info/entry_points.txt
writing requirements to demo_nodes_py.egg-info/requires.txt
writing top-level names to demo_nodes_py.egg-info/top_level.txt
writing manifest file 'demo_nodes_py.egg-info/SOURCES.txt'
reading manifest file 'demo_nodes_py.egg-info/SOURCES.txt'
writing manifest file 'demo_nodes_py.egg-info/SOURCES.txt'
running build_ext
Creating /work/ubuntu-ros2-dev/install/demo_nodes_py/lib/python3.10/site-packages/demo-nodes-py.egg-link (link to .)
Installing add_two_ints_client script to /work/ubuntu-ros2-dev/install/demo_nodes_py/lib/demo_nodes_py
Installing add_two_ints_client_async script to /work/ubuntu-ros2-dev/install/demo_nodes_py/lib/demo_nodes_py
Installing add_two_ints_server script to /work/ubuntu-ros2-dev/install/demo_nodes_py/lib/demo_nodes_py
Installing async_param_client script to /work/ubuntu-ros2-dev/install/demo_nodes_py/lib/demo_nodes_py
Installing introspection script to /work/ubuntu-ros2-dev/install/demo_nodes_py/lib/demo_nodes_py
Installing listener script to /work/ubuntu-ros2-dev/install/demo_nodes_py/lib/demo_nodes_py
Installing listener_qos script to /work/ubuntu-ros2-dev/install/demo_nodes_py/lib/demo_nodes_py
Installing listener_serialized script to /work/ubuntu-ros2-dev/install/demo_nodes_py/lib/demo_nodes_py
Installing matched_event_detect script to /work/ubuntu-ros2-dev/install/demo_nodes_py/lib/demo_nodes_py
Installing set_parameters_callback script to /work/ubuntu-ros2-dev/install/demo_nodes_py/lib/demo_nodes_py
Installing talker script to /work/ubuntu-ros2-dev/install/demo_nodes_py/lib/demo_nodes_py
Installing talker_qos script to /work/ubuntu-ros2-dev/install/demo_nodes_py/lib/demo_nodes_py
Installing use_logger_service script to /work/ubuntu-ros2-dev/install/demo_nodes_py/lib/demo_nodes_py

Installed /work/ubuntu-ros2-dev/build/demo_nodes_py
running symlink_data
creating /work/ubuntu-ros2-dev/install/demo_nodes_py/share/ament_index
creating /work/ubuntu-ros2-dev/install/demo_nodes_py/share/ament_index/resource_index
creating /work/ubuntu-ros2-dev/install/demo_nodes_py/share/ament_index/resource_index/packages
symbolically linking /work/ubuntu-ros2-dev/build/demo_nodes_py/resource/demo_nodes_py -> /work/ubuntu-ros2-dev/install/demo_nodes_py/share/ament_index/resource_index/packages
symbolically linking /work/ubuntu-ros2-dev/build/demo_nodes_py/package.xml -> /work/ubuntu-ros2-dev/install/demo_nodes_py/share/demo_nodes_py
symbolically linking /work/ubuntu-ros2-dev/build/demo_nodes_py/demo_nodes_py/parameters/params.yaml -> /work/ubuntu-ros2-dev/install/demo_nodes_py/share/demo_nodes_py
