[0.005s] Invoking command in '/work/ubuntu-ros2-dev/build/ament_lint_auto': AMENT_PREFIX_PATH=/work/ubuntu-ros2-dev/install/ament_cmake_test:/work/ubuntu-ros2-dev/install/ament_cmake_python:/work/ubuntu-ros2-dev/install/ament_cmake_core:/work/ubuntu-ros2-dev/install/ament_package CMAKE_PREFIX_PATH=/work/ubuntu-ros2-dev/install/ament_cmake_test:/work/ubuntu-ros2-dev/install/ament_cmake_python:/work/ubuntu-ros2-dev/install/ament_cmake_core PYTHONPATH=/work/ubuntu-ros2-dev/install/ament_cmake_test/lib/python3.10/site-packages:/work/ubuntu-ros2-dev/build/ament_package:/work/ubuntu-ros2-dev/install/ament_package/lib/python3.10/site-packages /usr/bin/cmake /work/ubuntu-ros2-dev/src/ament/ament_lint/ament_lint_auto -DAMENT_CMAKE_SYMLINK_INSTALL=1 -DCMAKE_INSTALL_PREFIX=/work/ubuntu-ros2-dev/install/ament_lint_auto
[0.040s] -- Found ament_cmake_core: 2.5.2 (/work/ubuntu-ros2-dev/install/ament_cmake_core/share/ament_cmake_core/cmake)
[0.134s] -- Found Python3: /usr/bin/python3 (found version "3.10.12") found components: Interpreter 
[0.170s] -- Override CMake install command with custom implementation using symlinks instead of copying resources
[0.206s] -- Configuring done
[0.206s] -- Generating done
[0.206s] -- Build files have been written to: /work/ubuntu-ros2-dev/build/ament_lint_auto
[0.208s] Invoked command in '/work/ubuntu-ros2-dev/build/ament_lint_auto' returned '0': AMENT_PREFIX_PATH=/work/ubuntu-ros2-dev/install/ament_cmake_test:/work/ubuntu-ros2-dev/install/ament_cmake_python:/work/ubuntu-ros2-dev/install/ament_cmake_core:/work/ubuntu-ros2-dev/install/ament_package CMAKE_PREFIX_PATH=/work/ubuntu-ros2-dev/install/ament_cmake_test:/work/ubuntu-ros2-dev/install/ament_cmake_python:/work/ubuntu-ros2-dev/install/ament_cmake_core PYTHONPATH=/work/ubuntu-ros2-dev/install/ament_cmake_test/lib/python3.10/site-packages:/work/ubuntu-ros2-dev/build/ament_package:/work/ubuntu-ros2-dev/install/ament_package/lib/python3.10/site-packages /usr/bin/cmake /work/ubuntu-ros2-dev/src/ament/ament_lint/ament_lint_auto -DAMENT_CMAKE_SYMLINK_INSTALL=1 -DCMAKE_INSTALL_PREFIX=/work/ubuntu-ros2-dev/install/ament_lint_auto
[0.209s] Invoking command in '/work/ubuntu-ros2-dev/build/ament_lint_auto': AMENT_PREFIX_PATH=/work/ubuntu-ros2-dev/install/ament_cmake_test:/work/ubuntu-ros2-dev/install/ament_cmake_python:/work/ubuntu-ros2-dev/install/ament_cmake_core:/work/ubuntu-ros2-dev/install/ament_package CMAKE_PREFIX_PATH=/work/ubuntu-ros2-dev/install/ament_cmake_test:/work/ubuntu-ros2-dev/install/ament_cmake_python:/work/ubuntu-ros2-dev/install/ament_cmake_core PYTHONPATH=/work/ubuntu-ros2-dev/install/ament_cmake_test/lib/python3.10/site-packages:/work/ubuntu-ros2-dev/build/ament_package:/work/ubuntu-ros2-dev/install/ament_package/lib/python3.10/site-packages /usr/bin/cmake --build /work/ubuntu-ros2-dev/build/ament_lint_auto -- -j8 -l8
[0.253s] Invoked command in '/work/ubuntu-ros2-dev/build/ament_lint_auto' returned '0': AMENT_PREFIX_PATH=/work/ubuntu-ros2-dev/install/ament_cmake_test:/work/ubuntu-ros2-dev/install/ament_cmake_python:/work/ubuntu-ros2-dev/install/ament_cmake_core:/work/ubuntu-ros2-dev/install/ament_package CMAKE_PREFIX_PATH=/work/ubuntu-ros2-dev/install/ament_cmake_test:/work/ubuntu-ros2-dev/install/ament_cmake_python:/work/ubuntu-ros2-dev/install/ament_cmake_core PYTHONPATH=/work/ubuntu-ros2-dev/install/ament_cmake_test/lib/python3.10/site-packages:/work/ubuntu-ros2-dev/build/ament_package:/work/ubuntu-ros2-dev/install/ament_package/lib/python3.10/site-packages /usr/bin/cmake --build /work/ubuntu-ros2-dev/build/ament_lint_auto -- -j8 -l8
[0.265s] Invoking command in '/work/ubuntu-ros2-dev/build/ament_lint_auto': AMENT_PREFIX_PATH=/work/ubuntu-ros2-dev/install/ament_cmake_test:/work/ubuntu-ros2-dev/install/ament_cmake_python:/work/ubuntu-ros2-dev/install/ament_cmake_core:/work/ubuntu-ros2-dev/install/ament_package CMAKE_PREFIX_PATH=/work/ubuntu-ros2-dev/install/ament_cmake_test:/work/ubuntu-ros2-dev/install/ament_cmake_python:/work/ubuntu-ros2-dev/install/ament_cmake_core PYTHONPATH=/work/ubuntu-ros2-dev/install/ament_cmake_test/lib/python3.10/site-packages:/work/ubuntu-ros2-dev/build/ament_package:/work/ubuntu-ros2-dev/install/ament_package/lib/python3.10/site-packages /usr/bin/cmake --install /work/ubuntu-ros2-dev/build/ament_lint_auto
[0.334s] -- Install configuration: ""
[0.334s] -- Execute custom install script
[0.334s] -- Symlinking: /work/ubuntu-ros2-dev/install/ament_lint_auto/share/ament_index/resource_index/package_run_dependencies/ament_lint_auto
[0.334s] -- Symlinking: /work/ubuntu-ros2-dev/install/ament_lint_auto/share/ament_index/resource_index/parent_prefix_path/ament_lint_auto
[0.334s] -- Symlinking: /work/ubuntu-ros2-dev/install/ament_lint_auto/share/ament_lint_auto/environment/ament_prefix_path.sh
[0.334s] -- Symlinking: /work/ubuntu-ros2-dev/install/ament_lint_auto/share/ament_lint_auto/environment/ament_prefix_path.dsv
[0.334s] -- Symlinking: /work/ubuntu-ros2-dev/install/ament_lint_auto/share/ament_lint_auto/environment/path.sh
[0.334s] -- Symlinking: /work/ubuntu-ros2-dev/install/ament_lint_auto/share/ament_lint_auto/environment/path.dsv
[0.334s] -- Symlinking: /work/ubuntu-ros2-dev/install/ament_lint_auto/share/ament_lint_auto/local_setup.bash
[0.334s] -- Symlinking: /work/ubuntu-ros2-dev/install/ament_lint_auto/share/ament_lint_auto/local_setup.sh
[0.334s] -- Symlinking: /work/ubuntu-ros2-dev/install/ament_lint_auto/share/ament_lint_auto/local_setup.zsh
[0.334s] -- Symlinking: /work/ubuntu-ros2-dev/install/ament_lint_auto/share/ament_lint_auto/local_setup.dsv
[0.334s] -- Symlinking: /work/ubuntu-ros2-dev/install/ament_lint_auto/share/ament_lint_auto/package.dsv
[0.345s] -- Symlinking: /work/ubuntu-ros2-dev/install/ament_lint_auto/share/ament_index/resource_index/packages/ament_lint_auto
[0.364s] -- Symlinking: /work/ubuntu-ros2-dev/install/ament_lint_auto/share/ament_lint_auto/cmake/ament_lint_auto-extras.cmake
[0.364s] -- Symlinking: /work/ubuntu-ros2-dev/install/ament_lint_auto/share/ament_lint_auto/cmake/ament_lint_autoConfig.cmake
[0.364s] -- Symlinking: /work/ubuntu-ros2-dev/install/ament_lint_auto/share/ament_lint_auto/cmake/ament_lint_autoConfig-version.cmake
[0.366s] -- Symlinking: /work/ubuntu-ros2-dev/install/ament_lint_auto/share/ament_lint_auto/package.xml
[0.371s] -- Symlinking: /work/ubuntu-ros2-dev/install/ament_lint_auto/share/ament_lint_auto/cmake/ament_lint_auto_find_test_dependencies.cmake
[0.382s] -- Symlinking: /work/ubuntu-ros2-dev/install/ament_lint_auto/share/ament_lint_auto/cmake/ament_lint_auto_package_hook.cmake
[0.401s] Invoked command in '/work/ubuntu-ros2-dev/build/ament_lint_auto' returned '0': AMENT_PREFIX_PATH=/work/ubuntu-ros2-dev/install/ament_cmake_test:/work/ubuntu-ros2-dev/install/ament_cmake_python:/work/ubuntu-ros2-dev/install/ament_cmake_core:/work/ubuntu-ros2-dev/install/ament_package CMAKE_PREFIX_PATH=/work/ubuntu-ros2-dev/install/ament_cmake_test:/work/ubuntu-ros2-dev/install/ament_cmake_python:/work/ubuntu-ros2-dev/install/ament_cmake_core PYTHONPATH=/work/ubuntu-ros2-dev/install/ament_cmake_test/lib/python3.10/site-packages:/work/ubuntu-ros2-dev/build/ament_package:/work/ubuntu-ros2-dev/install/ament_package/lib/python3.10/site-packages /usr/bin/cmake --install /work/ubuntu-ros2-dev/build/ament_lint_auto
