-- The C compiler identification is GNU 11.4.0
-- The CXX compiler identification is GNU 11.4.0
-- Detecting C compiler ABI info
-- Detecting C compiler ABI info - done
-- Check for working C compiler: /usr/bin/cc - skipped
-- Detecting C compile features
-- Detecting C compile features - done
-- Detecting CXX compiler ABI info
-- Detecting CXX compiler ABI info - done
-- Check for working CXX compiler: /usr/bin/c++ - skipped
-- Detecting CXX compile features
-- Detecting CXX compile features - done
-- Found ament_cmake_ros: 0.12.0 (/work/ubuntu-ros2-dev/install/ament_cmake_ros/share/ament_cmake_ros/cmake)
-- Found Python3: /usr/bin/python3 (found version "3.10.12") found components: Interpreter 
-- Override CMake install command with custom implementation using symlinks instead of copying resources
-- Found rcutils: 6.7.2 (/work/ubuntu-ros2-dev/install/rcutils/share/rcutils/cmake)
-- Found rosidl_dynamic_typesupport: 0.1.2 (/work/ubuntu-ros2-dev/install/rosidl_dynamic_typesupport/share/rosidl_dynamic_typesupport/cmake)
-- Found ament_lint_auto: 0.17.1 (/work/ubuntu-ros2-dev/install/ament_lint_auto/share/ament_lint_auto/cmake)
-- Found gmock sources under '/work/ubuntu-ros2-dev/install/gmock_vendor/src/gmock_vendor': C++ tests using 'Google Mock' will be built
-- Found gtest sources under '/work/ubuntu-ros2-dev/install/gtest_vendor/src/gtest_vendor': C++ tests using 'Google Test' will be built
-- Looking for pthread.h
-- Looking for pthread.h - found
-- Performing Test CMAKE_HAVE_LIBC_PTHREAD
-- Performing Test CMAKE_HAVE_LIBC_PTHREAD - Success
-- Found Threads: TRUE  
-- Added test 'copyright' to check source files copyright and LICENSE
-- Added test 'cpplint' to check C / C++ code against the Google style
-- Configured cpplint exclude dirs and/or files: 
-- Added test 'lint_cmake' to check CMake code style
-- Added test 'uncrustify' to check C / C++ code style
-- Configured uncrustify additional arguments: 
-- Added test 'xmllint' to check XML markup files
-- Configuring done
-- Generating done
-- Build files have been written to: /work/ubuntu-ros2-dev/build/rmw
[  1%] [32mBuilding C object CMakeFiles/rmw.dir/src/allocators.c.o[0m
[  2%] [32mBuilding C object CMakeFiles/rmw.dir/src/event.c.o[0m
[  3%] [32mBuilding C object CMakeFiles/rmw.dir/src/init.c.o[0m
[  4%] [32mBuilding C object CMakeFiles/rmw.dir/src/init_options.c.o[0m
[  6%] [32mBuilding C object CMakeFiles/rmw.dir/src/message_sequence.c.o[0m
[  7%] [32mBuilding C object CMakeFiles/rmw.dir/src/names_and_types.c.o[0m
[  8%] [32mBuilding C object CMakeFiles/rmw.dir/src/network_flow_endpoint_array.c.o[0m
[  9%] [32mBuilding C object CMakeFiles/rmw.dir/src/network_flow_endpoint.c.o[0m
[ 11%] [32mBuilding C object CMakeFiles/rmw.dir/src/publisher_options.c.o[0m
[ 12%] [32mBuilding C object CMakeFiles/rmw.dir/src/qos_string_conversions.c.o[0m
[ 13%] [32mBuilding C object CMakeFiles/rmw.dir/src/sanity_checks.c.o[0m
[ 14%] [32mBuilding C object CMakeFiles/rmw.dir/src/security_options.c.o[0m
[ 16%] [32mBuilding C object CMakeFiles/rmw.dir/src/subscription_content_filter_options.c.o[0m
[ 17%] [32mBuilding C object CMakeFiles/rmw.dir/src/subscription_options.c.o[0m
[ 18%] [32mBuilding C object CMakeFiles/rmw.dir/src/time.c.o[0m
[ 19%] [32mBuilding C object CMakeFiles/rmw.dir/src/topic_endpoint_info_array.c.o[0m
[ 20%] [32mBuilding C object CMakeFiles/rmw.dir/src/topic_endpoint_info.c.o[0m
[ 22%] [32mBuilding C object CMakeFiles/rmw.dir/src/types.c.o[0m
[ 23%] [32mBuilding C object CMakeFiles/rmw.dir/src/validate_full_topic_name.c.o[0m
[ 24%] [32mBuilding C object CMakeFiles/rmw.dir/src/validate_namespace.c.o[0m
[ 25%] [32mBuilding C object CMakeFiles/rmw.dir/src/validate_node_name.c.o[0m
[ 27%] [32mBuilding C object CMakeFiles/rmw.dir/src/discovery_options.c.o[0m
[ 28%] [32mBuilding C object CMakeFiles/rmw.dir/src/convert_rcutils_ret_to_rmw_ret.c.o[0m
[ 29%] [32m[1mLinking C shared library librmw.so[0m
[ 29%] Built target rmw
[ 30%] [32mBuilding CXX object gtest/CMakeFiles/gtest.dir/src/gtest-all.cc.o[0m
[ 32%] [32m[1mLinking CXX static library libgtest.a[0m
[ 32%] Built target gtest
[ 33%] [32mBuilding CXX object gtest/CMakeFiles/gtest_main.dir/src/gtest_main.cc.o[0m
[ 34%] [32m[1mLinking CXX static library libgtest_main.a[0m
[ 34%] Built target gtest_main
[ 35%] [32mBuilding CXX object gmock/CMakeFiles/gmock.dir/work/ubuntu-ros2-dev/install/gtest_vendor/src/gtest_vendor/src/gtest-all.cc.o[0m
[ 37%] [32mBuilding CXX object gmock/CMakeFiles/gmock.dir/src/gmock-all.cc.o[0m
[ 38%] [32m[1mLinking CXX static library libgmock.a[0m
[ 38%] Built target gmock
[ 39%] [32mBuilding CXX object test/CMakeFiles/test_qos_string_conversions.dir/test_qos_string_conversions.cpp.o[0m
[ 40%] [32m[1mLinking CXX executable test_qos_string_conversions[0m
[ 40%] Built target test_qos_string_conversions
[ 41%] [32mBuilding CXX object gmock/CMakeFiles/gmock_main.dir/src/gmock_main.cc.o[0m
[ 43%] [32m[1mLinking CXX static library libgmock_main.a[0m
[ 43%] Built target gmock_main
[ 44%] [32mBuilding CXX object test/CMakeFiles/test_allocators.dir/test_allocators.cpp.o[0m
[ 45%] [32m[1mLinking CXX executable test_allocators[0m
[ 45%] Built target test_allocators
[ 46%] [32mBuilding CXX object test/CMakeFiles/test_names_and_types.dir/test_names_and_types.cpp.o[0m
[ 48%] [32m[1mLinking CXX executable test_names_and_types[0m
[ 48%] Built target test_names_and_types
[ 49%] [32mBuilding CXX object test/CMakeFiles/test_publisher_options.dir/test_publisher_options.cpp.o[0m
[ 50%] [32m[1mLinking CXX executable test_publisher_options[0m
[ 50%] Built target test_publisher_options
[ 51%] [32mBuilding CXX object test/CMakeFiles/test_sanity_checks.dir/test_sanity_checks.cpp.o[0m
[ 53%] [32m[1mLinking CXX executable test_sanity_checks[0m
[ 53%] Built target test_sanity_checks
[ 54%] [32mBuilding CXX object test/CMakeFiles/test_security_options.dir/test_security_options.cpp.o[0m
[ 55%] [32m[1mLinking CXX executable test_security_options[0m
[ 55%] Built target test_security_options
[ 56%] [32mBuilding CXX object test/CMakeFiles/test_message_sequence.dir/test_message_sequence.cpp.o[0m
[ 58%] [32mBuilding CXX object test/CMakeFiles/test_serialized_message.dir/test_serialized_message.cpp.o[0m
[ 59%] [32m[1mLinking CXX executable test_message_sequence[0m
[ 60%] [32mBuilding CXX object test/CMakeFiles/test_subscription_options.dir/test_subscription_options.cpp.o[0m
[ 61%] [32m[1mLinking CXX executable test_serialized_message[0m
[ 61%] Built target test_message_sequence
[ 62%] [32mBuilding CXX object test/CMakeFiles/test_init.dir/test_init.cpp.o[0m
[ 64%] [32mBuilding CXX object test/CMakeFiles/test_init_options.dir/test_init_options.cpp.o[0m
[ 64%] Built target test_serialized_message
[ 65%] [32mBuilding CXX object test/CMakeFiles/test_time.dir/test_time.cpp.o[0m
[ 66%] [32m[1mLinking CXX executable test_subscription_options[0m
[ 67%] [32m[1mLinking CXX executable test_init_options[0m
[ 67%] Built target test_subscription_options
[ 69%] [32mBuilding CXX object test/CMakeFiles/test_types.dir/test_types.cpp.o[0m
[ 70%] [32m[1mLinking CXX executable test_time[0m
[ 71%] [32m[1mLinking CXX executable test_init[0m
[ 72%] [32mBuilding CXX object test/CMakeFiles/test_event.dir/test_event.cpp.o[0m
[ 72%] Built target test_init_options
[ 72%] Built target test_init
[ 72%] Built target test_time
[ 74%] [32mBuilding CXX object test/CMakeFiles/test_validate_namespace.dir/test_validate_namespace.cpp.o[0m
[ 75%] [32mBuilding CXX object test/CMakeFiles/test_validate_full_topic_name.dir/test_validate_full_topic_name.cpp.o[0m
[ 76%] [32mBuilding CXX object test/CMakeFiles/test_validate_node_name.dir/test_validate_node_name.cpp.o[0m
[ 77%] [32m[1mLinking CXX executable test_types[0m
[ 77%] Built target test_types
[ 79%] [32mBuilding CXX object test/CMakeFiles/test_discovery_options.dir/test_discovery_options.cpp.o[0m
[ 80%] [32mBuilding CXX object test/CMakeFiles/test_topic_endpoint_info_array.dir/test_topic_endpoint_info_array.cpp.o[0m
[ 81%] [32m[1mLinking CXX executable test_validate_namespace[0m
[ 81%] Built target test_validate_namespace
[ 82%] [32m[1mLinking CXX executable test_event[0m
[ 83%] [32m[1mLinking CXX executable test_validate_full_topic_name[0m
[ 85%] [32m[1mLinking CXX executable test_validate_node_name[0m
[ 85%] Built target test_event
[ 85%] Built target test_validate_full_topic_name
[ 85%] Built target test_validate_node_name
[ 86%] [32m[1mLinking CXX executable test_discovery_options[0m
[ 87%] [32m[1mLinking CXX executable test_topic_endpoint_info_array[0m
[ 87%] Built target test_discovery_options
[ 87%] Built target test_topic_endpoint_info_array
[ 88%] [32mBuilding CXX object test/CMakeFiles/test_subscription_content_filter_options.dir/test_subscription_content_filter_options.cpp.o[0m
[ 90%] [32m[1mLinking CXX executable test_subscription_content_filter_options[0m
[ 90%] Built target test_subscription_content_filter_options
[ 91%] [32mBuilding CXX object test/CMakeFiles/test_network_flow_endpoint_array.dir/test_network_flow_endpoint_array.cpp.o[0m
[ 92%] [32m[1mLinking CXX executable test_network_flow_endpoint_array[0m
[ 92%] Built target test_network_flow_endpoint_array
[ 93%] [32mBuilding CXX object test/CMakeFiles/test_network_flow_endpoint.dir/test_network_flow_endpoint.cpp.o[0m
[ 95%] [32m[1mLinking CXX executable test_network_flow_endpoint[0m
[ 95%] Built target test_network_flow_endpoint
[ 96%] [32mBuilding CXX object test/CMakeFiles/test_topic_endpoint_info.dir/test_topic_endpoint_info.cpp.o[0m
[ 97%] [32m[1mLinking CXX executable test_topic_endpoint_info[0m
[ 97%] Built target test_topic_endpoint_info
[ 98%] [32mBuilding CXX object test/CMakeFiles/test_convert_rcutils_ret_to_rmw_ret.dir/test_convert_rcutils_ret_to_rmw_ret.cpp.o[0m
[100%] [32m[1mLinking CXX executable test_convert_rcutils_ret_to_rmw_ret[0m
[100%] Built target test_convert_rcutils_ret_to_rmw_ret
-- Install configuration: ""
-- Execute custom install script
-- Symlinking: /work/ubuntu-ros2-dev/install/rmw/share/rmw/environment/library_path.sh
-- Symlinking: /work/ubuntu-ros2-dev/install/rmw/share/rmw/environment/library_path.dsv
-- Symlinking: /work/ubuntu-ros2-dev/install/rmw/share/ament_index/resource_index/package_run_dependencies/rmw
-- Symlinking: /work/ubuntu-ros2-dev/install/rmw/share/ament_index/resource_index/parent_prefix_path/rmw
-- Symlinking: /work/ubuntu-ros2-dev/install/rmw/share/rmw/environment/ament_prefix_path.sh
-- Symlinking: /work/ubuntu-ros2-dev/install/rmw/share/rmw/environment/ament_prefix_path.dsv
-- Symlinking: /work/ubuntu-ros2-dev/install/rmw/share/rmw/environment/path.sh
-- Symlinking: /work/ubuntu-ros2-dev/install/rmw/share/rmw/environment/path.dsv
-- Symlinking: /work/ubuntu-ros2-dev/install/rmw/share/rmw/local_setup.bash
-- Symlinking: /work/ubuntu-ros2-dev/install/rmw/share/rmw/local_setup.sh
-- Symlinking: /work/ubuntu-ros2-dev/install/rmw/share/rmw/local_setup.zsh
-- Symlinking: /work/ubuntu-ros2-dev/install/rmw/share/rmw/local_setup.dsv
-- Symlinking: /work/ubuntu-ros2-dev/install/rmw/share/rmw/package.dsv
-- Symlinking: /work/ubuntu-ros2-dev/install/rmw/share/ament_index/resource_index/packages/rmw
-- Symlinking: /work/ubuntu-ros2-dev/install/rmw/share/rmw/cmake/rmw-extras.cmake
-- Symlinking: /work/ubuntu-ros2-dev/install/rmw/share/rmw/cmake/ament_cmake_export_dependencies-extras.cmake
-- Symlinking: /work/ubuntu-ros2-dev/install/rmw/share/rmw/cmake/ament_cmake_export_include_directories-extras.cmake
-- Symlinking: /work/ubuntu-ros2-dev/install/rmw/share/rmw/cmake/ament_cmake_export_libraries-extras.cmake
-- Symlinking: /work/ubuntu-ros2-dev/install/rmw/share/rmw/cmake/ament_cmake_export_targets-extras.cmake
-- Symlinking: /work/ubuntu-ros2-dev/install/rmw/share/rmw/cmake/rmwConfig.cmake
-- Symlinking: /work/ubuntu-ros2-dev/install/rmw/share/rmw/cmake/rmwConfig-version.cmake
-- Symlinking: /work/ubuntu-ros2-dev/install/rmw/share/rmw/package.xml
-- Symlinking: /work/ubuntu-ros2-dev/install/rmw/share/rmw/cmake/configure_rmw_library.cmake
-- Symlinking: /work/ubuntu-ros2-dev/install/rmw/share/rmw/cmake/get_rmw_typesupport.cmake
-- Symlinking: /work/ubuntu-ros2-dev/install/rmw/share/rmw/cmake/register_rmw_implementation.cmake
-- Symlinking: /work/ubuntu-ros2-dev/install/rmw/include/rmw/rmw/allocators.h
-- Symlinking: /work/ubuntu-ros2-dev/install/rmw/include/rmw/rmw/check_type_identifiers_match.h
-- Symlinking: /work/ubuntu-ros2-dev/install/rmw/include/rmw/rmw/convert_rcutils_ret_to_rmw_ret.h
-- Symlinking: /work/ubuntu-ros2-dev/install/rmw/include/rmw/rmw/discovery_options.h
-- Symlinking: /work/ubuntu-ros2-dev/install/rmw/include/rmw/rmw/domain_id.h
-- Symlinking: /work/ubuntu-ros2-dev/install/rmw/include/rmw/rmw/dynamic_message_type_support.h
-- Symlinking: /work/ubuntu-ros2-dev/install/rmw/include/rmw/rmw/error_handling.h
-- Symlinking: /work/ubuntu-ros2-dev/install/rmw/include/rmw/rmw/event.h
-- Symlinking: /work/ubuntu-ros2-dev/install/rmw/include/rmw/rmw/event_callback_type.h
-- Symlinking: /work/ubuntu-ros2-dev/install/rmw/include/rmw/rmw/events_statuses/events_statuses.h
-- Symlinking: /work/ubuntu-ros2-dev/install/rmw/include/rmw/rmw/events_statuses/incompatible_qos.h
-- Symlinking: /work/ubuntu-ros2-dev/install/rmw/include/rmw/rmw/events_statuses/incompatible_type.h
-- Symlinking: /work/ubuntu-ros2-dev/install/rmw/include/rmw/rmw/events_statuses/liveliness_changed.h
-- Symlinking: /work/ubuntu-ros2-dev/install/rmw/include/rmw/rmw/events_statuses/liveliness_lost.h
-- Symlinking: /work/ubuntu-ros2-dev/install/rmw/include/rmw/rmw/events_statuses/matched.h
-- Symlinking: /work/ubuntu-ros2-dev/install/rmw/include/rmw/rmw/events_statuses/message_lost.h
-- Symlinking: /work/ubuntu-ros2-dev/install/rmw/include/rmw/rmw/events_statuses/offered_deadline_missed.h
-- Symlinking: /work/ubuntu-ros2-dev/install/rmw/include/rmw/rmw/events_statuses/requested_deadline_missed.h
-- Symlinking: /work/ubuntu-ros2-dev/install/rmw/include/rmw/rmw/features.h
-- Symlinking: /work/ubuntu-ros2-dev/install/rmw/include/rmw/rmw/get_network_flow_endpoints.h
-- Symlinking: /work/ubuntu-ros2-dev/install/rmw/include/rmw/rmw/get_node_info_and_types.h
-- Symlinking: /work/ubuntu-ros2-dev/install/rmw/include/rmw/rmw/get_service_names_and_types.h
-- Symlinking: /work/ubuntu-ros2-dev/install/rmw/include/rmw/rmw/get_topic_endpoint_info.h
-- Symlinking: /work/ubuntu-ros2-dev/install/rmw/include/rmw/rmw/get_topic_names_and_types.h
-- Symlinking: /work/ubuntu-ros2-dev/install/rmw/include/rmw/rmw/impl/config.h
-- Symlinking: /work/ubuntu-ros2-dev/install/rmw/include/rmw/rmw/impl/cpp/demangle.hpp
-- Symlinking: /work/ubuntu-ros2-dev/install/rmw/include/rmw/rmw/impl/cpp/key_value.hpp
-- Symlinking: /work/ubuntu-ros2-dev/install/rmw/include/rmw/rmw/impl/cpp/macros.hpp
-- Symlinking: /work/ubuntu-ros2-dev/install/rmw/include/rmw/rmw/incompatible_qos_events_statuses.h
-- Symlinking: /work/ubuntu-ros2-dev/install/rmw/include/rmw/rmw/init.h
-- Symlinking: /work/ubuntu-ros2-dev/install/rmw/include/rmw/rmw/init_options.h
-- Symlinking: /work/ubuntu-ros2-dev/install/rmw/include/rmw/rmw/localhost.h
-- Symlinking: /work/ubuntu-ros2-dev/install/rmw/include/rmw/rmw/macros.h
-- Symlinking: /work/ubuntu-ros2-dev/install/rmw/include/rmw/rmw/message_sequence.h
-- Symlinking: /work/ubuntu-ros2-dev/install/rmw/include/rmw/rmw/names_and_types.h
-- Symlinking: /work/ubuntu-ros2-dev/install/rmw/include/rmw/rmw/network_flow_endpoint.h
-- Symlinking: /work/ubuntu-ros2-dev/install/rmw/include/rmw/rmw/network_flow_endpoint_array.h
-- Symlinking: /work/ubuntu-ros2-dev/install/rmw/include/rmw/rmw/publisher_options.h
-- Symlinking: /work/ubuntu-ros2-dev/install/rmw/include/rmw/rmw/qos_policy_kind.h
-- Symlinking: /work/ubuntu-ros2-dev/install/rmw/include/rmw/rmw/qos_profiles.h
-- Symlinking: /work/ubuntu-ros2-dev/install/rmw/include/rmw/rmw/qos_string_conversions.h
-- Symlinking: /work/ubuntu-ros2-dev/install/rmw/include/rmw/rmw/ret_types.h
-- Symlinking: /work/ubuntu-ros2-dev/install/rmw/include/rmw/rmw/rmw.h
-- Symlinking: /work/ubuntu-ros2-dev/install/rmw/include/rmw/rmw/sanity_checks.h
-- Symlinking: /work/ubuntu-ros2-dev/install/rmw/include/rmw/rmw/security_options.h
-- Symlinking: /work/ubuntu-ros2-dev/install/rmw/include/rmw/rmw/serialized_message.h
-- Symlinking: /work/ubuntu-ros2-dev/install/rmw/include/rmw/rmw/subscription_content_filter_options.h
-- Symlinking: /work/ubuntu-ros2-dev/install/rmw/include/rmw/rmw/subscription_options.h
-- Symlinking: /work/ubuntu-ros2-dev/install/rmw/include/rmw/rmw/time.h
-- Symlinking: /work/ubuntu-ros2-dev/install/rmw/include/rmw/rmw/topic_endpoint_info.h
-- Symlinking: /work/ubuntu-ros2-dev/install/rmw/include/rmw/rmw/topic_endpoint_info_array.h
-- Symlinking: /work/ubuntu-ros2-dev/install/rmw/include/rmw/rmw/types.h
-- Symlinking: /work/ubuntu-ros2-dev/install/rmw/include/rmw/rmw/validate_full_topic_name.h
-- Symlinking: /work/ubuntu-ros2-dev/install/rmw/include/rmw/rmw/validate_namespace.h
-- Symlinking: /work/ubuntu-ros2-dev/install/rmw/include/rmw/rmw/validate_node_name.h
-- Symlinking: /work/ubuntu-ros2-dev/install/rmw/include/rmw/rmw/visibility_control.h
-- Installing: /work/ubuntu-ros2-dev/install/rmw/share/rmw/cmake/rmwExport.cmake
-- Installing: /work/ubuntu-ros2-dev/install/rmw/share/rmw/cmake/rmwExport-noconfig.cmake
-- Installing: /work/ubuntu-ros2-dev/install/rmw/lib/librmw.so
-- Set runtime path of "/work/ubuntu-ros2-dev/install/rmw/lib/librmw.so" to ""
