[0.049s] Invoking command in '/work/ubuntu-ros2-dev/build/rmw': AMENT_PREFIX_PATH=/work/ubuntu-ros2-dev/install/rosidl_dynamic_typesupport:/work/ubuntu-ros2-dev/install/rosidl_runtime_c:/work/ubuntu-ros2-dev/install/rcutils:/work/ubuntu-ros2-dev/install/launch_testing_ament_cmake:/work/ubuntu-ros2-dev/install/rosidl_typesupport_interface:/work/ubuntu-ros2-dev/install/python_cmake_module:/work/ubuntu-ros2-dev/install/performance_test_fixture:/work/ubuntu-ros2-dev/install/mimick_vendor:/work/ubuntu-ros2-dev/install/ament_cmake_ros:/work/ubuntu-ros2-dev/install/ament_lint_common:/work/ubuntu-ros2-dev/install/ament_cmake_uncrustify:/work/ubuntu-ros2-dev/install/ament_uncrustify:/work/ubuntu-ros2-dev/install/uncrustify_vendor:/work/ubuntu-ros2-dev/install/launch_testing:/work/ubuntu-ros2-dev/install/ament_cmake_xmllint:/work/ubuntu-ros2-dev/install/ament_cmake_pep257:/work/ubuntu-ros2-dev/install/ament_cmake_flake8:/work/ubuntu-ros2-dev/install/ament_cmake_cpplint:/work/ubuntu-ros2-dev/install/ament_cmake_cppcheck:/work/ubuntu-ros2-dev/install/launch_yaml:/work/ubuntu-ros2-dev/install/launch_xml:/work/ubuntu-ros2-dev/install/ament_cmake_copyright:/work/ubuntu-ros2-dev/install/ament_cmake:/work/ubuntu-ros2-dev/install/launch:/work/ubuntu-ros2-dev/install/ament_cmake_lint_cmake:/work/ubuntu-ros2-dev/install/ament_cmake_gmock:/work/ubuntu-ros2-dev/install/ament_cmake_gen_version_h:/work/ubuntu-ros2-dev/install/domain_coordinator:/work/ubuntu-ros2-dev/install/ament_xmllint:/work/ubuntu-ros2-dev/install/ament_lint_cmake:/work/ubuntu-ros2-dev/install/ament_lint_auto:/work/ubuntu-ros2-dev/install/ament_index_python:/work/ubuntu-ros2-dev/install/ament_cpplint:/work/ubuntu-ros2-dev/install/ament_cppcheck:/work/ubuntu-ros2-dev/install/ament_cmake_vendor_package:/work/ubuntu-ros2-dev/install/ament_cmake_pytest:/work/ubuntu-ros2-dev/install/ament_cmake_gtest:/work/ubuntu-ros2-dev/install/ament_cmake_google_benchmark:/work/ubuntu-ros2-dev/install/ament_copyright:/work/ubuntu-ros2-dev/install/ament_cmake_test:/work/ubuntu-ros2-dev/install/ament_cmake_target_dependencies:/work/ubuntu-ros2-dev/install/ament_cmake_export_targets:/work/ubuntu-ros2-dev/install/ament_cmake_export_interfaces:/work/ubuntu-ros2-dev/install/ament_cmake_export_dependencies:/work/ubuntu-ros2-dev/install/ament_pep257:/work/ubuntu-ros2-dev/install/ament_mypy:/work/ubuntu-ros2-dev/install/ament_cmake_version:/work/ubuntu-ros2-dev/install/ament_cmake_python:/work/ubuntu-ros2-dev/install/ament_cmake_libraries:/work/ubuntu-ros2-dev/install/ament_cmake_include_directories:/work/ubuntu-ros2-dev/install/ament_cmake_export_link_flags:/work/ubuntu-ros2-dev/install/ament_cmake_export_libraries:/work/ubuntu-ros2-dev/install/ament_cmake_export_include_directories:/work/ubuntu-ros2-dev/install/ament_cmake_export_definitions:/work/ubuntu-ros2-dev/install/ament_flake8:/work/ubuntu-ros2-dev/install/ament_cmake_core:/work/ubuntu-ros2-dev/install/osrf_pycommon:/work/ubuntu-ros2-dev/install/ament_pycodestyle:/work/ubuntu-ros2-dev/install/ament_package:/work/ubuntu-ros2-dev/install/ament_lint CMAKE_PREFIX_PATH=/work/ubuntu-ros2-dev/install/rosidl_dynamic_typesupport:/work/ubuntu-ros2-dev/install/rosidl_runtime_c:/work/ubuntu-ros2-dev/install/rcutils:/work/ubuntu-ros2-dev/install/launch_testing_ament_cmake:/work/ubuntu-ros2-dev/install/rosidl_typesupport_interface:/work/ubuntu-ros2-dev/install/python_cmake_module:/work/ubuntu-ros2-dev/install/performance_test_fixture:/work/ubuntu-ros2-dev/install/mimick_vendor:/work/ubuntu-ros2-dev/install/ament_cmake_ros:/work/ubuntu-ros2-dev/install/ament_lint_common:/work/ubuntu-ros2-dev/install/ament_cmake_uncrustify:/work/ubuntu-ros2-dev/install/uncrustify_vendor:/work/ubuntu-ros2-dev/install/ament_cmake_xmllint:/work/ubuntu-ros2-dev/install/ament_cmake_pep257:/work/ubuntu-ros2-dev/install/ament_cmake_flake8:/work/ubuntu-ros2-dev/install/ament_cmake_cpplint:/work/ubuntu-ros2-dev/install/ament_cmake_cppcheck:/work/ubuntu-ros2-dev/install/ament_cmake_copyright:/work/ubuntu-ros2-dev/install/ament_cmake:/work/ubuntu-ros2-dev/install/ament_cmake_lint_cmake:/work/ubuntu-ros2-dev/install/ament_cmake_gmock:/work/ubuntu-ros2-dev/install/ament_cmake_gen_version_h:/work/ubuntu-ros2-dev/install/ament_lint_auto:/work/ubuntu-ros2-dev/install/ament_cmake_vendor_package:/work/ubuntu-ros2-dev/install/ament_cmake_pytest:/work/ubuntu-ros2-dev/install/ament_cmake_gtest:/work/ubuntu-ros2-dev/install/ament_cmake_google_benchmark:/work/ubuntu-ros2-dev/install/ament_cmake_test:/work/ubuntu-ros2-dev/install/ament_cmake_target_dependencies:/work/ubuntu-ros2-dev/install/ament_cmake_export_targets:/work/ubuntu-ros2-dev/install/ament_cmake_export_interfaces:/work/ubuntu-ros2-dev/install/ament_cmake_export_dependencies:/work/ubuntu-ros2-dev/install/ament_cmake_version:/work/ubuntu-ros2-dev/install/ament_cmake_python:/work/ubuntu-ros2-dev/install/ament_cmake_libraries:/work/ubuntu-ros2-dev/install/ament_cmake_include_directories:/work/ubuntu-ros2-dev/install/ament_cmake_export_link_flags:/work/ubuntu-ros2-dev/install/ament_cmake_export_libraries:/work/ubuntu-ros2-dev/install/ament_cmake_export_include_directories:/work/ubuntu-ros2-dev/install/ament_cmake_export_definitions:/work/ubuntu-ros2-dev/install/gmock_vendor:/work/ubuntu-ros2-dev/install/ament_cmake_core:/work/ubuntu-ros2-dev/install/osrf_testing_tools_cpp:/work/ubuntu-ros2-dev/install/gtest_vendor:/work/ubuntu-ros2-dev/install/google_benchmark_vendor LD_LIBRARY_PATH=/work/ubuntu-ros2-dev/install/rosidl_dynamic_typesupport/lib:/work/ubuntu-ros2-dev/install/rosidl_runtime_c/lib:/work/ubuntu-ros2-dev/install/rcutils/lib:/work/ubuntu-ros2-dev/install/performance_test_fixture/lib:/work/ubuntu-ros2-dev/install/mimick_vendor/opt/mimick_vendor/lib:/work/ubuntu-ros2-dev/install/osrf_testing_tools_cpp/lib:/work/ubuntu-ros2-dev/install/google_benchmark_vendor/lib PATH=/work/ubuntu-ros2-dev/install/ament_uncrustify/bin:/work/ubuntu-ros2-dev/install/uncrustify_vendor/opt/uncrustify_vendor/bin:/work/ubuntu-ros2-dev/install/launch_testing/bin:/work/ubuntu-ros2-dev/install/ament_xmllint/bin:/work/ubuntu-ros2-dev/install/ament_lint_cmake/bin:/work/ubuntu-ros2-dev/install/ament_index_python/bin:/work/ubuntu-ros2-dev/install/ament_cpplint/bin:/work/ubuntu-ros2-dev/install/ament_cppcheck/bin:/work/ubuntu-ros2-dev/install/ament_copyright/bin:/work/ubuntu-ros2-dev/install/ament_pep257/bin:/work/ubuntu-ros2-dev/install/ament_mypy/bin:/work/ubuntu-ros2-dev/install/ament_flake8/bin:/work/ubuntu-ros2-dev/install/ament_pycodestyle/bin:${PATH} PKG_CONFIG_PATH=/work/ubuntu-ros2-dev/install/gmock_vendor/lib/aarch64-linux-gnu/pkgconfig:/work/ubuntu-ros2-dev/install/gmock_vendor/lib/pkgconfig:/work/ubuntu-ros2-dev/install/osrf_testing_tools_cpp/lib/aarch64-linux-gnu/pkgconfig:/work/ubuntu-ros2-dev/install/osrf_testing_tools_cpp/lib/pkgconfig:/work/ubuntu-ros2-dev/install/gtest_vendor/lib/aarch64-linux-gnu/pkgconfig:/work/ubuntu-ros2-dev/install/gtest_vendor/lib/pkgconfig:/work/ubuntu-ros2-dev/install/google_benchmark_vendor/lib/aarch64-linux-gnu/pkgconfig:/work/ubuntu-ros2-dev/install/google_benchmark_vendor/lib/pkgconfig PYTHONPATH=/work/ubuntu-ros2-dev/install/rcutils/lib/python3.10/site-packages:/work/ubuntu-ros2-dev/build/ament_uncrustify:/work/ubuntu-ros2-dev/install/ament_uncrustify/lib/python3.10/site-packages:/work/ubuntu-ros2-dev/build/launch_testing:/work/ubuntu-ros2-dev/install/launch_testing/lib/python3.10/site-packages:/work/ubuntu-ros2-dev/build/launch_yaml:/work/ubuntu-ros2-dev/install/launch_yaml/lib/python3.10/site-packages:/work/ubuntu-ros2-dev/build/launch_xml:/work/ubuntu-ros2-dev/install/launch_xml/lib/python3.10/site-packages:/work/ubuntu-ros2-dev/build/launch:/work/ubuntu-ros2-dev/install/launch/lib/python3.10/site-packages:/work/ubuntu-ros2-dev/build/domain_coordinator:/work/ubuntu-ros2-dev/install/domain_coordinator/lib/python3.10/site-packages:/work/ubuntu-ros2-dev/build/ament_xmllint:/work/ubuntu-ros2-dev/install/ament_xmllint/lib/python3.10/site-packages:/work/ubuntu-ros2-dev/build/ament_lint_cmake:/work/ubuntu-ros2-dev/install/ament_lint_cmake/lib/python3.10/site-packages:/work/ubuntu-ros2-dev/build/ament_index_python:/work/ubuntu-ros2-dev/install/ament_index_python/lib/python3.10/site-packages:/work/ubuntu-ros2-dev/build/ament_cpplint:/work/ubuntu-ros2-dev/install/ament_cpplint/lib/python3.10/site-packages:/work/ubuntu-ros2-dev/build/ament_cppcheck:/work/ubuntu-ros2-dev/install/ament_cppcheck/lib/python3.10/site-packages:/work/ubuntu-ros2-dev/install/ament_cmake_google_benchmark/lib/python3.10/site-packages:/work/ubuntu-ros2-dev/build/ament_copyright:/work/ubuntu-ros2-dev/install/ament_copyright/lib/python3.10/site-packages:/work/ubuntu-ros2-dev/install/ament_cmake_test/lib/python3.10/site-packages:/work/ubuntu-ros2-dev/build/ament_pep257:/work/ubuntu-ros2-dev/install/ament_pep257/lib/python3.10/site-packages:/work/ubuntu-ros2-dev/build/ament_mypy:/work/ubuntu-ros2-dev/install/ament_mypy/lib/python3.10/site-packages:/work/ubuntu-ros2-dev/build/ament_flake8:/work/ubuntu-ros2-dev/install/ament_flake8/lib/python3.10/site-packages:/work/ubuntu-ros2-dev/build/osrf_pycommon:/work/ubuntu-ros2-dev/install/osrf_pycommon/lib/python3.10/site-packages:/work/ubuntu-ros2-dev/build/ament_pycodestyle:/work/ubuntu-ros2-dev/install/ament_pycodestyle/lib/python3.10/site-packages:/work/ubuntu-ros2-dev/build/ament_package:/work/ubuntu-ros2-dev/install/ament_package/lib/python3.10/site-packages:/work/ubuntu-ros2-dev/build/ament_lint:/work/ubuntu-ros2-dev/install/ament_lint/lib/python3.10/site-packages /usr/bin/cmake /work/ubuntu-ros2-dev/src/ros2/rmw/rmw -DAMENT_CMAKE_SYMLINK_INSTALL=1 -DCMAKE_INSTALL_PREFIX=/work/ubuntu-ros2-dev/install/rmw
[0.080s] -- The C compiler identification is GNU 11.4.0
[0.110s] -- The CXX compiler identification is GNU 11.4.0
[0.114s] -- Detecting C compiler ABI info
[0.150s] -- Detecting C compiler ABI info - done
[0.154s] -- Check for working C compiler: /usr/bin/cc - skipped
[0.154s] -- Detecting C compile features
[0.154s] -- Detecting C compile features - done
[0.156s] -- Detecting CXX compiler ABI info
[0.226s] -- Detecting CXX compiler ABI info - done
[0.230s] -- Check for working CXX compiler: /usr/bin/c++ - skipped
[0.230s] -- Detecting CXX compile features
[0.230s] -- Detecting CXX compile features - done
[0.231s] -- Found ament_cmake_ros: 0.12.0 (/work/ubuntu-ros2-dev/install/ament_cmake_ros/share/ament_cmake_ros/cmake)
[0.371s] -- Found Python3: /usr/bin/python3 (found version "3.10.12") found components: Interpreter 
[0.424s] -- Override CMake install command with custom implementation using symlinks instead of copying resources
[0.454s] -- Found rcutils: 6.7.2 (/work/ubuntu-ros2-dev/install/rcutils/share/rcutils/cmake)
[0.462s] -- Found rosidl_dynamic_typesupport: 0.1.2 (/work/ubuntu-ros2-dev/install/rosidl_dynamic_typesupport/share/rosidl_dynamic_typesupport/cmake)
[0.469s] -- Found ament_lint_auto: 0.17.1 (/work/ubuntu-ros2-dev/install/ament_lint_auto/share/ament_lint_auto/cmake)
[0.532s] -- Found gmock sources under '/work/ubuntu-ros2-dev/install/gmock_vendor/src/gmock_vendor': C++ tests using 'Google Mock' will be built
[0.535s] -- Found gtest sources under '/work/ubuntu-ros2-dev/install/gtest_vendor/src/gtest_vendor': C++ tests using 'Google Test' will be built
[0.538s] -- Looking for pthread.h
[0.575s] -- Looking for pthread.h - found
[0.575s] -- Performing Test CMAKE_HAVE_LIBC_PTHREAD
[0.611s] -- Performing Test CMAKE_HAVE_LIBC_PTHREAD - Success
[0.611s] -- Found Threads: TRUE  
[0.616s] -- Added test 'copyright' to check source files copyright and LICENSE
[0.620s] -- Added test 'cpplint' to check C / C++ code against the Google style
[0.620s] -- Configured cpplint exclude dirs and/or files: 
[0.622s] -- Added test 'lint_cmake' to check CMake code style
[0.626s] -- Added test 'uncrustify' to check C / C++ code style
[0.626s] -- Configured uncrustify additional arguments: 
[0.626s] -- Added test 'xmllint' to check XML markup files
[0.630s] -- Configuring done
[0.652s] -- Generating done
[0.654s] -- Build files have been written to: /work/ubuntu-ros2-dev/build/rmw
[0.657s] Invoked command in '/work/ubuntu-ros2-dev/build/rmw' returned '0': AMENT_PREFIX_PATH=/work/ubuntu-ros2-dev/install/rosidl_dynamic_typesupport:/work/ubuntu-ros2-dev/install/rosidl_runtime_c:/work/ubuntu-ros2-dev/install/rcutils:/work/ubuntu-ros2-dev/install/launch_testing_ament_cmake:/work/ubuntu-ros2-dev/install/rosidl_typesupport_interface:/work/ubuntu-ros2-dev/install/python_cmake_module:/work/ubuntu-ros2-dev/install/performance_test_fixture:/work/ubuntu-ros2-dev/install/mimick_vendor:/work/ubuntu-ros2-dev/install/ament_cmake_ros:/work/ubuntu-ros2-dev/install/ament_lint_common:/work/ubuntu-ros2-dev/install/ament_cmake_uncrustify:/work/ubuntu-ros2-dev/install/ament_uncrustify:/work/ubuntu-ros2-dev/install/uncrustify_vendor:/work/ubuntu-ros2-dev/install/launch_testing:/work/ubuntu-ros2-dev/install/ament_cmake_xmllint:/work/ubuntu-ros2-dev/install/ament_cmake_pep257:/work/ubuntu-ros2-dev/install/ament_cmake_flake8:/work/ubuntu-ros2-dev/install/ament_cmake_cpplint:/work/ubuntu-ros2-dev/install/ament_cmake_cppcheck:/work/ubuntu-ros2-dev/install/launch_yaml:/work/ubuntu-ros2-dev/install/launch_xml:/work/ubuntu-ros2-dev/install/ament_cmake_copyright:/work/ubuntu-ros2-dev/install/ament_cmake:/work/ubuntu-ros2-dev/install/launch:/work/ubuntu-ros2-dev/install/ament_cmake_lint_cmake:/work/ubuntu-ros2-dev/install/ament_cmake_gmock:/work/ubuntu-ros2-dev/install/ament_cmake_gen_version_h:/work/ubuntu-ros2-dev/install/domain_coordinator:/work/ubuntu-ros2-dev/install/ament_xmllint:/work/ubuntu-ros2-dev/install/ament_lint_cmake:/work/ubuntu-ros2-dev/install/ament_lint_auto:/work/ubuntu-ros2-dev/install/ament_index_python:/work/ubuntu-ros2-dev/install/ament_cpplint:/work/ubuntu-ros2-dev/install/ament_cppcheck:/work/ubuntu-ros2-dev/install/ament_cmake_vendor_package:/work/ubuntu-ros2-dev/install/ament_cmake_pytest:/work/ubuntu-ros2-dev/install/ament_cmake_gtest:/work/ubuntu-ros2-dev/install/ament_cmake_google_benchmark:/work/ubuntu-ros2-dev/install/ament_copyright:/work/ubuntu-ros2-dev/install/ament_cmake_test:/work/ubuntu-ros2-dev/install/ament_cmake_target_dependencies:/work/ubuntu-ros2-dev/install/ament_cmake_export_targets:/work/ubuntu-ros2-dev/install/ament_cmake_export_interfaces:/work/ubuntu-ros2-dev/install/ament_cmake_export_dependencies:/work/ubuntu-ros2-dev/install/ament_pep257:/work/ubuntu-ros2-dev/install/ament_mypy:/work/ubuntu-ros2-dev/install/ament_cmake_version:/work/ubuntu-ros2-dev/install/ament_cmake_python:/work/ubuntu-ros2-dev/install/ament_cmake_libraries:/work/ubuntu-ros2-dev/install/ament_cmake_include_directories:/work/ubuntu-ros2-dev/install/ament_cmake_export_link_flags:/work/ubuntu-ros2-dev/install/ament_cmake_export_libraries:/work/ubuntu-ros2-dev/install/ament_cmake_export_include_directories:/work/ubuntu-ros2-dev/install/ament_cmake_export_definitions:/work/ubuntu-ros2-dev/install/ament_flake8:/work/ubuntu-ros2-dev/install/ament_cmake_core:/work/ubuntu-ros2-dev/install/osrf_pycommon:/work/ubuntu-ros2-dev/install/ament_pycodestyle:/work/ubuntu-ros2-dev/install/ament_package:/work/ubuntu-ros2-dev/install/ament_lint CMAKE_PREFIX_PATH=/work/ubuntu-ros2-dev/install/rosidl_dynamic_typesupport:/work/ubuntu-ros2-dev/install/rosidl_runtime_c:/work/ubuntu-ros2-dev/install/rcutils:/work/ubuntu-ros2-dev/install/launch_testing_ament_cmake:/work/ubuntu-ros2-dev/install/rosidl_typesupport_interface:/work/ubuntu-ros2-dev/install/python_cmake_module:/work/ubuntu-ros2-dev/install/performance_test_fixture:/work/ubuntu-ros2-dev/install/mimick_vendor:/work/ubuntu-ros2-dev/install/ament_cmake_ros:/work/ubuntu-ros2-dev/install/ament_lint_common:/work/ubuntu-ros2-dev/install/ament_cmake_uncrustify:/work/ubuntu-ros2-dev/install/uncrustify_vendor:/work/ubuntu-ros2-dev/install/ament_cmake_xmllint:/work/ubuntu-ros2-dev/install/ament_cmake_pep257:/work/ubuntu-ros2-dev/install/ament_cmake_flake8:/work/ubuntu-ros2-dev/install/ament_cmake_cpplint:/work/ubuntu-ros2-dev/install/ament_cmake_cppcheck:/work/ubuntu-ros2-dev/install/ament_cmake_copyright:/work/ubuntu-ros2-dev/install/ament_cmake:/work/ubuntu-ros2-dev/install/ament_cmake_lint_cmake:/work/ubuntu-ros2-dev/install/ament_cmake_gmock:/work/ubuntu-ros2-dev/install/ament_cmake_gen_version_h:/work/ubuntu-ros2-dev/install/ament_lint_auto:/work/ubuntu-ros2-dev/install/ament_cmake_vendor_package:/work/ubuntu-ros2-dev/install/ament_cmake_pytest:/work/ubuntu-ros2-dev/install/ament_cmake_gtest:/work/ubuntu-ros2-dev/install/ament_cmake_google_benchmark:/work/ubuntu-ros2-dev/install/ament_cmake_test:/work/ubuntu-ros2-dev/install/ament_cmake_target_dependencies:/work/ubuntu-ros2-dev/install/ament_cmake_export_targets:/work/ubuntu-ros2-dev/install/ament_cmake_export_interfaces:/work/ubuntu-ros2-dev/install/ament_cmake_export_dependencies:/work/ubuntu-ros2-dev/install/ament_cmake_version:/work/ubuntu-ros2-dev/install/ament_cmake_python:/work/ubuntu-ros2-dev/install/ament_cmake_libraries:/work/ubuntu-ros2-dev/install/ament_cmake_include_directories:/work/ubuntu-ros2-dev/install/ament_cmake_export_link_flags:/work/ubuntu-ros2-dev/install/ament_cmake_export_libraries:/work/ubuntu-ros2-dev/install/ament_cmake_export_include_directories:/work/ubuntu-ros2-dev/install/ament_cmake_export_definitions:/work/ubuntu-ros2-dev/install/gmock_vendor:/work/ubuntu-ros2-dev/install/ament_cmake_core:/work/ubuntu-ros2-dev/install/osrf_testing_tools_cpp:/work/ubuntu-ros2-dev/install/gtest_vendor:/work/ubuntu-ros2-dev/install/google_benchmark_vendor LD_LIBRARY_PATH=/work/ubuntu-ros2-dev/install/rosidl_dynamic_typesupport/lib:/work/ubuntu-ros2-dev/install/rosidl_runtime_c/lib:/work/ubuntu-ros2-dev/install/rcutils/lib:/work/ubuntu-ros2-dev/install/performance_test_fixture/lib:/work/ubuntu-ros2-dev/install/mimick_vendor/opt/mimick_vendor/lib:/work/ubuntu-ros2-dev/install/osrf_testing_tools_cpp/lib:/work/ubuntu-ros2-dev/install/google_benchmark_vendor/lib PATH=/work/ubuntu-ros2-dev/install/ament_uncrustify/bin:/work/ubuntu-ros2-dev/install/uncrustify_vendor/opt/uncrustify_vendor/bin:/work/ubuntu-ros2-dev/install/launch_testing/bin:/work/ubuntu-ros2-dev/install/ament_xmllint/bin:/work/ubuntu-ros2-dev/install/ament_lint_cmake/bin:/work/ubuntu-ros2-dev/install/ament_index_python/bin:/work/ubuntu-ros2-dev/install/ament_cpplint/bin:/work/ubuntu-ros2-dev/install/ament_cppcheck/bin:/work/ubuntu-ros2-dev/install/ament_copyright/bin:/work/ubuntu-ros2-dev/install/ament_pep257/bin:/work/ubuntu-ros2-dev/install/ament_mypy/bin:/work/ubuntu-ros2-dev/install/ament_flake8/bin:/work/ubuntu-ros2-dev/install/ament_pycodestyle/bin:${PATH} PKG_CONFIG_PATH=/work/ubuntu-ros2-dev/install/gmock_vendor/lib/aarch64-linux-gnu/pkgconfig:/work/ubuntu-ros2-dev/install/gmock_vendor/lib/pkgconfig:/work/ubuntu-ros2-dev/install/osrf_testing_tools_cpp/lib/aarch64-linux-gnu/pkgconfig:/work/ubuntu-ros2-dev/install/osrf_testing_tools_cpp/lib/pkgconfig:/work/ubuntu-ros2-dev/install/gtest_vendor/lib/aarch64-linux-gnu/pkgconfig:/work/ubuntu-ros2-dev/install/gtest_vendor/lib/pkgconfig:/work/ubuntu-ros2-dev/install/google_benchmark_vendor/lib/aarch64-linux-gnu/pkgconfig:/work/ubuntu-ros2-dev/install/google_benchmark_vendor/lib/pkgconfig PYTHONPATH=/work/ubuntu-ros2-dev/install/rcutils/lib/python3.10/site-packages:/work/ubuntu-ros2-dev/build/ament_uncrustify:/work/ubuntu-ros2-dev/install/ament_uncrustify/lib/python3.10/site-packages:/work/ubuntu-ros2-dev/build/launch_testing:/work/ubuntu-ros2-dev/install/launch_testing/lib/python3.10/site-packages:/work/ubuntu-ros2-dev/build/launch_yaml:/work/ubuntu-ros2-dev/install/launch_yaml/lib/python3.10/site-packages:/work/ubuntu-ros2-dev/build/launch_xml:/work/ubuntu-ros2-dev/install/launch_xml/lib/python3.10/site-packages:/work/ubuntu-ros2-dev/build/launch:/work/ubuntu-ros2-dev/install/launch/lib/python3.10/site-packages:/work/ubuntu-ros2-dev/build/domain_coordinator:/work/ubuntu-ros2-dev/install/domain_coordinator/lib/python3.10/site-packages:/work/ubuntu-ros2-dev/build/ament_xmllint:/work/ubuntu-ros2-dev/install/ament_xmllint/lib/python3.10/site-packages:/work/ubuntu-ros2-dev/build/ament_lint_cmake:/work/ubuntu-ros2-dev/install/ament_lint_cmake/lib/python3.10/site-packages:/work/ubuntu-ros2-dev/build/ament_index_python:/work/ubuntu-ros2-dev/install/ament_index_python/lib/python3.10/site-packages:/work/ubuntu-ros2-dev/build/ament_cpplint:/work/ubuntu-ros2-dev/install/ament_cpplint/lib/python3.10/site-packages:/work/ubuntu-ros2-dev/build/ament_cppcheck:/work/ubuntu-ros2-dev/install/ament_cppcheck/lib/python3.10/site-packages:/work/ubuntu-ros2-dev/install/ament_cmake_google_benchmark/lib/python3.10/site-packages:/work/ubuntu-ros2-dev/build/ament_copyright:/work/ubuntu-ros2-dev/install/ament_copyright/lib/python3.10/site-packages:/work/ubuntu-ros2-dev/install/ament_cmake_test/lib/python3.10/site-packages:/work/ubuntu-ros2-dev/build/ament_pep257:/work/ubuntu-ros2-dev/install/ament_pep257/lib/python3.10/site-packages:/work/ubuntu-ros2-dev/build/ament_mypy:/work/ubuntu-ros2-dev/install/ament_mypy/lib/python3.10/site-packages:/work/ubuntu-ros2-dev/build/ament_flake8:/work/ubuntu-ros2-dev/install/ament_flake8/lib/python3.10/site-packages:/work/ubuntu-ros2-dev/build/osrf_pycommon:/work/ubuntu-ros2-dev/install/osrf_pycommon/lib/python3.10/site-packages:/work/ubuntu-ros2-dev/build/ament_pycodestyle:/work/ubuntu-ros2-dev/install/ament_pycodestyle/lib/python3.10/site-packages:/work/ubuntu-ros2-dev/build/ament_package:/work/ubuntu-ros2-dev/install/ament_package/lib/python3.10/site-packages:/work/ubuntu-ros2-dev/build/ament_lint:/work/ubuntu-ros2-dev/install/ament_lint/lib/python3.10/site-packages /usr/bin/cmake /work/ubuntu-ros2-dev/src/ros2/rmw/rmw -DAMENT_CMAKE_SYMLINK_INSTALL=1 -DCMAKE_INSTALL_PREFIX=/work/ubuntu-ros2-dev/install/rmw
[0.658s] Invoking command in '/work/ubuntu-ros2-dev/build/rmw': AMENT_PREFIX_PATH=/work/ubuntu-ros2-dev/install/rosidl_dynamic_typesupport:/work/ubuntu-ros2-dev/install/rosidl_runtime_c:/work/ubuntu-ros2-dev/install/rcutils:/work/ubuntu-ros2-dev/install/launch_testing_ament_cmake:/work/ubuntu-ros2-dev/install/rosidl_typesupport_interface:/work/ubuntu-ros2-dev/install/python_cmake_module:/work/ubuntu-ros2-dev/install/performance_test_fixture:/work/ubuntu-ros2-dev/install/mimick_vendor:/work/ubuntu-ros2-dev/install/ament_cmake_ros:/work/ubuntu-ros2-dev/install/ament_lint_common:/work/ubuntu-ros2-dev/install/ament_cmake_uncrustify:/work/ubuntu-ros2-dev/install/ament_uncrustify:/work/ubuntu-ros2-dev/install/uncrustify_vendor:/work/ubuntu-ros2-dev/install/launch_testing:/work/ubuntu-ros2-dev/install/ament_cmake_xmllint:/work/ubuntu-ros2-dev/install/ament_cmake_pep257:/work/ubuntu-ros2-dev/install/ament_cmake_flake8:/work/ubuntu-ros2-dev/install/ament_cmake_cpplint:/work/ubuntu-ros2-dev/install/ament_cmake_cppcheck:/work/ubuntu-ros2-dev/install/launch_yaml:/work/ubuntu-ros2-dev/install/launch_xml:/work/ubuntu-ros2-dev/install/ament_cmake_copyright:/work/ubuntu-ros2-dev/install/ament_cmake:/work/ubuntu-ros2-dev/install/launch:/work/ubuntu-ros2-dev/install/ament_cmake_lint_cmake:/work/ubuntu-ros2-dev/install/ament_cmake_gmock:/work/ubuntu-ros2-dev/install/ament_cmake_gen_version_h:/work/ubuntu-ros2-dev/install/domain_coordinator:/work/ubuntu-ros2-dev/install/ament_xmllint:/work/ubuntu-ros2-dev/install/ament_lint_cmake:/work/ubuntu-ros2-dev/install/ament_lint_auto:/work/ubuntu-ros2-dev/install/ament_index_python:/work/ubuntu-ros2-dev/install/ament_cpplint:/work/ubuntu-ros2-dev/install/ament_cppcheck:/work/ubuntu-ros2-dev/install/ament_cmake_vendor_package:/work/ubuntu-ros2-dev/install/ament_cmake_pytest:/work/ubuntu-ros2-dev/install/ament_cmake_gtest:/work/ubuntu-ros2-dev/install/ament_cmake_google_benchmark:/work/ubuntu-ros2-dev/install/ament_copyright:/work/ubuntu-ros2-dev/install/ament_cmake_test:/work/ubuntu-ros2-dev/install/ament_cmake_target_dependencies:/work/ubuntu-ros2-dev/install/ament_cmake_export_targets:/work/ubuntu-ros2-dev/install/ament_cmake_export_interfaces:/work/ubuntu-ros2-dev/install/ament_cmake_export_dependencies:/work/ubuntu-ros2-dev/install/ament_pep257:/work/ubuntu-ros2-dev/install/ament_mypy:/work/ubuntu-ros2-dev/install/ament_cmake_version:/work/ubuntu-ros2-dev/install/ament_cmake_python:/work/ubuntu-ros2-dev/install/ament_cmake_libraries:/work/ubuntu-ros2-dev/install/ament_cmake_include_directories:/work/ubuntu-ros2-dev/install/ament_cmake_export_link_flags:/work/ubuntu-ros2-dev/install/ament_cmake_export_libraries:/work/ubuntu-ros2-dev/install/ament_cmake_export_include_directories:/work/ubuntu-ros2-dev/install/ament_cmake_export_definitions:/work/ubuntu-ros2-dev/install/ament_flake8:/work/ubuntu-ros2-dev/install/ament_cmake_core:/work/ubuntu-ros2-dev/install/osrf_pycommon:/work/ubuntu-ros2-dev/install/ament_pycodestyle:/work/ubuntu-ros2-dev/install/ament_package:/work/ubuntu-ros2-dev/install/ament_lint CMAKE_PREFIX_PATH=/work/ubuntu-ros2-dev/install/rosidl_dynamic_typesupport:/work/ubuntu-ros2-dev/install/rosidl_runtime_c:/work/ubuntu-ros2-dev/install/rcutils:/work/ubuntu-ros2-dev/install/launch_testing_ament_cmake:/work/ubuntu-ros2-dev/install/rosidl_typesupport_interface:/work/ubuntu-ros2-dev/install/python_cmake_module:/work/ubuntu-ros2-dev/install/performance_test_fixture:/work/ubuntu-ros2-dev/install/mimick_vendor:/work/ubuntu-ros2-dev/install/ament_cmake_ros:/work/ubuntu-ros2-dev/install/ament_lint_common:/work/ubuntu-ros2-dev/install/ament_cmake_uncrustify:/work/ubuntu-ros2-dev/install/uncrustify_vendor:/work/ubuntu-ros2-dev/install/ament_cmake_xmllint:/work/ubuntu-ros2-dev/install/ament_cmake_pep257:/work/ubuntu-ros2-dev/install/ament_cmake_flake8:/work/ubuntu-ros2-dev/install/ament_cmake_cpplint:/work/ubuntu-ros2-dev/install/ament_cmake_cppcheck:/work/ubuntu-ros2-dev/install/ament_cmake_copyright:/work/ubuntu-ros2-dev/install/ament_cmake:/work/ubuntu-ros2-dev/install/ament_cmake_lint_cmake:/work/ubuntu-ros2-dev/install/ament_cmake_gmock:/work/ubuntu-ros2-dev/install/ament_cmake_gen_version_h:/work/ubuntu-ros2-dev/install/ament_lint_auto:/work/ubuntu-ros2-dev/install/ament_cmake_vendor_package:/work/ubuntu-ros2-dev/install/ament_cmake_pytest:/work/ubuntu-ros2-dev/install/ament_cmake_gtest:/work/ubuntu-ros2-dev/install/ament_cmake_google_benchmark:/work/ubuntu-ros2-dev/install/ament_cmake_test:/work/ubuntu-ros2-dev/install/ament_cmake_target_dependencies:/work/ubuntu-ros2-dev/install/ament_cmake_export_targets:/work/ubuntu-ros2-dev/install/ament_cmake_export_interfaces:/work/ubuntu-ros2-dev/install/ament_cmake_export_dependencies:/work/ubuntu-ros2-dev/install/ament_cmake_version:/work/ubuntu-ros2-dev/install/ament_cmake_python:/work/ubuntu-ros2-dev/install/ament_cmake_libraries:/work/ubuntu-ros2-dev/install/ament_cmake_include_directories:/work/ubuntu-ros2-dev/install/ament_cmake_export_link_flags:/work/ubuntu-ros2-dev/install/ament_cmake_export_libraries:/work/ubuntu-ros2-dev/install/ament_cmake_export_include_directories:/work/ubuntu-ros2-dev/install/ament_cmake_export_definitions:/work/ubuntu-ros2-dev/install/gmock_vendor:/work/ubuntu-ros2-dev/install/ament_cmake_core:/work/ubuntu-ros2-dev/install/osrf_testing_tools_cpp:/work/ubuntu-ros2-dev/install/gtest_vendor:/work/ubuntu-ros2-dev/install/google_benchmark_vendor LD_LIBRARY_PATH=/work/ubuntu-ros2-dev/install/rosidl_dynamic_typesupport/lib:/work/ubuntu-ros2-dev/install/rosidl_runtime_c/lib:/work/ubuntu-ros2-dev/install/rcutils/lib:/work/ubuntu-ros2-dev/install/performance_test_fixture/lib:/work/ubuntu-ros2-dev/install/mimick_vendor/opt/mimick_vendor/lib:/work/ubuntu-ros2-dev/install/osrf_testing_tools_cpp/lib:/work/ubuntu-ros2-dev/install/google_benchmark_vendor/lib PATH=/work/ubuntu-ros2-dev/install/ament_uncrustify/bin:/work/ubuntu-ros2-dev/install/uncrustify_vendor/opt/uncrustify_vendor/bin:/work/ubuntu-ros2-dev/install/launch_testing/bin:/work/ubuntu-ros2-dev/install/ament_xmllint/bin:/work/ubuntu-ros2-dev/install/ament_lint_cmake/bin:/work/ubuntu-ros2-dev/install/ament_index_python/bin:/work/ubuntu-ros2-dev/install/ament_cpplint/bin:/work/ubuntu-ros2-dev/install/ament_cppcheck/bin:/work/ubuntu-ros2-dev/install/ament_copyright/bin:/work/ubuntu-ros2-dev/install/ament_pep257/bin:/work/ubuntu-ros2-dev/install/ament_mypy/bin:/work/ubuntu-ros2-dev/install/ament_flake8/bin:/work/ubuntu-ros2-dev/install/ament_pycodestyle/bin:${PATH} PKG_CONFIG_PATH=/work/ubuntu-ros2-dev/install/gmock_vendor/lib/aarch64-linux-gnu/pkgconfig:/work/ubuntu-ros2-dev/install/gmock_vendor/lib/pkgconfig:/work/ubuntu-ros2-dev/install/osrf_testing_tools_cpp/lib/aarch64-linux-gnu/pkgconfig:/work/ubuntu-ros2-dev/install/osrf_testing_tools_cpp/lib/pkgconfig:/work/ubuntu-ros2-dev/install/gtest_vendor/lib/aarch64-linux-gnu/pkgconfig:/work/ubuntu-ros2-dev/install/gtest_vendor/lib/pkgconfig:/work/ubuntu-ros2-dev/install/google_benchmark_vendor/lib/aarch64-linux-gnu/pkgconfig:/work/ubuntu-ros2-dev/install/google_benchmark_vendor/lib/pkgconfig PYTHONPATH=/work/ubuntu-ros2-dev/install/rcutils/lib/python3.10/site-packages:/work/ubuntu-ros2-dev/build/ament_uncrustify:/work/ubuntu-ros2-dev/install/ament_uncrustify/lib/python3.10/site-packages:/work/ubuntu-ros2-dev/build/launch_testing:/work/ubuntu-ros2-dev/install/launch_testing/lib/python3.10/site-packages:/work/ubuntu-ros2-dev/build/launch_yaml:/work/ubuntu-ros2-dev/install/launch_yaml/lib/python3.10/site-packages:/work/ubuntu-ros2-dev/build/launch_xml:/work/ubuntu-ros2-dev/install/launch_xml/lib/python3.10/site-packages:/work/ubuntu-ros2-dev/build/launch:/work/ubuntu-ros2-dev/install/launch/lib/python3.10/site-packages:/work/ubuntu-ros2-dev/build/domain_coordinator:/work/ubuntu-ros2-dev/install/domain_coordinator/lib/python3.10/site-packages:/work/ubuntu-ros2-dev/build/ament_xmllint:/work/ubuntu-ros2-dev/install/ament_xmllint/lib/python3.10/site-packages:/work/ubuntu-ros2-dev/build/ament_lint_cmake:/work/ubuntu-ros2-dev/install/ament_lint_cmake/lib/python3.10/site-packages:/work/ubuntu-ros2-dev/build/ament_index_python:/work/ubuntu-ros2-dev/install/ament_index_python/lib/python3.10/site-packages:/work/ubuntu-ros2-dev/build/ament_cpplint:/work/ubuntu-ros2-dev/install/ament_cpplint/lib/python3.10/site-packages:/work/ubuntu-ros2-dev/build/ament_cppcheck:/work/ubuntu-ros2-dev/install/ament_cppcheck/lib/python3.10/site-packages:/work/ubuntu-ros2-dev/install/ament_cmake_google_benchmark/lib/python3.10/site-packages:/work/ubuntu-ros2-dev/build/ament_copyright:/work/ubuntu-ros2-dev/install/ament_copyright/lib/python3.10/site-packages:/work/ubuntu-ros2-dev/install/ament_cmake_test/lib/python3.10/site-packages:/work/ubuntu-ros2-dev/build/ament_pep257:/work/ubuntu-ros2-dev/install/ament_pep257/lib/python3.10/site-packages:/work/ubuntu-ros2-dev/build/ament_mypy:/work/ubuntu-ros2-dev/install/ament_mypy/lib/python3.10/site-packages:/work/ubuntu-ros2-dev/build/ament_flake8:/work/ubuntu-ros2-dev/install/ament_flake8/lib/python3.10/site-packages:/work/ubuntu-ros2-dev/build/osrf_pycommon:/work/ubuntu-ros2-dev/install/osrf_pycommon/lib/python3.10/site-packages:/work/ubuntu-ros2-dev/build/ament_pycodestyle:/work/ubuntu-ros2-dev/install/ament_pycodestyle/lib/python3.10/site-packages:/work/ubuntu-ros2-dev/build/ament_package:/work/ubuntu-ros2-dev/install/ament_package/lib/python3.10/site-packages:/work/ubuntu-ros2-dev/build/ament_lint:/work/ubuntu-ros2-dev/install/ament_lint/lib/python3.10/site-packages /usr/bin/cmake --build /work/ubuntu-ros2-dev/build/rmw -- -j8 -l8
[0.684s] [  1%] [32mBuilding C object CMakeFiles/rmw.dir/src/allocators.c.o[0m
[0.709s] [  2%] [32mBuilding C object CMakeFiles/rmw.dir/src/event.c.o[0m
[0.731s] [  3%] [32mBuilding C object CMakeFiles/rmw.dir/src/init.c.o[0m
[0.748s] [  4%] [32mBuilding C object CMakeFiles/rmw.dir/src/init_options.c.o[0m
[0.764s] [  6%] [32mBuilding C object CMakeFiles/rmw.dir/src/message_sequence.c.o[0m
[0.788s] [  7%] [32mBuilding C object CMakeFiles/rmw.dir/src/names_and_types.c.o[0m
[0.813s] [  8%] [32mBuilding C object CMakeFiles/rmw.dir/src/network_flow_endpoint_array.c.o[0m
[0.836s] [  9%] [32mBuilding C object CMakeFiles/rmw.dir/src/network_flow_endpoint.c.o[0m
[0.859s] [ 11%] [32mBuilding C object CMakeFiles/rmw.dir/src/publisher_options.c.o[0m
[0.879s] [ 12%] [32mBuilding C object CMakeFiles/rmw.dir/src/qos_string_conversions.c.o[0m
[0.903s] [ 13%] [32mBuilding C object CMakeFiles/rmw.dir/src/sanity_checks.c.o[0m
[0.924s] [ 14%] [32mBuilding C object CMakeFiles/rmw.dir/src/security_options.c.o[0m
[0.946s] [ 16%] [32mBuilding C object CMakeFiles/rmw.dir/src/subscription_content_filter_options.c.o[0m
[0.969s] [ 17%] [32mBuilding C object CMakeFiles/rmw.dir/src/subscription_options.c.o[0m
[0.998s] [ 18%] [32mBuilding C object CMakeFiles/rmw.dir/src/time.c.o[0m
[1.022s] [ 19%] [32mBuilding C object CMakeFiles/rmw.dir/src/topic_endpoint_info_array.c.o[0m
[1.045s] [ 20%] [32mBuilding C object CMakeFiles/rmw.dir/src/topic_endpoint_info.c.o[0m
[1.076s] [ 22%] [32mBuilding C object CMakeFiles/rmw.dir/src/types.c.o[0m
[1.112s] [ 23%] [32mBuilding C object CMakeFiles/rmw.dir/src/validate_full_topic_name.c.o[0m
[1.139s] [ 24%] [32mBuilding C object CMakeFiles/rmw.dir/src/validate_namespace.c.o[0m
[1.163s] [ 25%] [32mBuilding C object CMakeFiles/rmw.dir/src/validate_node_name.c.o[0m
[1.186s] [ 27%] [32mBuilding C object CMakeFiles/rmw.dir/src/discovery_options.c.o[0m
[1.209s] [ 28%] [32mBuilding C object CMakeFiles/rmw.dir/src/convert_rcutils_ret_to_rmw_ret.c.o[0m
[1.230s] [ 29%] [32m[1mLinking C shared library librmw.so[0m
[1.251s] [ 29%] Built target rmw
[1.261s] [ 30%] [32mBuilding CXX object gtest/CMakeFiles/gtest.dir/src/gtest-all.cc.o[0m
[3.078s] [ 32%] [32m[1mLinking CXX static library libgtest.a[0m
[3.125s] [ 32%] Built target gtest
[3.134s] [ 33%] [32mBuilding CXX object gtest/CMakeFiles/gtest_main.dir/src/gtest_main.cc.o[0m
[3.541s] [ 34%] [32m[1mLinking CXX static library libgtest_main.a[0m
[3.574s] [ 34%] Built target gtest_main
[3.583s] [ 35%] [32mBuilding CXX object gmock/CMakeFiles/gmock.dir/work/ubuntu-ros2-dev/install/gtest_vendor/src/gtest_vendor/src/gtest-all.cc.o[0m
[5.331s] [ 37%] [32mBuilding CXX object gmock/CMakeFiles/gmock.dir/src/gmock-all.cc.o[0m
[6.243s] [ 38%] [32m[1mLinking CXX static library libgmock.a[0m
[6.303s] [ 38%] Built target gmock
[6.312s] [ 39%] [32mBuilding CXX object test/CMakeFiles/test_qos_string_conversions.dir/test_qos_string_conversions.cpp.o[0m
[6.823s] [ 40%] [32m[1mLinking CXX executable test_qos_string_conversions[0m
[6.913s] [ 40%] Built target test_qos_string_conversions
[6.924s] [ 41%] [32mBuilding CXX object gmock/CMakeFiles/gmock_main.dir/src/gmock_main.cc.o[0m
[7.502s] [ 43%] [32m[1mLinking CXX static library libgmock_main.a[0m
[7.534s] [ 43%] Built target gmock_main
[7.543s] [ 44%] [32mBuilding CXX object test/CMakeFiles/test_allocators.dir/test_allocators.cpp.o[0m
[8.192s] [ 45%] [32m[1mLinking CXX executable test_allocators[0m
[8.303s] [ 45%] Built target test_allocators
[8.315s] [ 46%] [32mBuilding CXX object test/CMakeFiles/test_names_and_types.dir/test_names_and_types.cpp.o[0m
[8.977s] [ 48%] [32m[1mLinking CXX executable test_names_and_types[0m
[9.084s] [ 48%] Built target test_names_and_types
[9.094s] [ 49%] [32mBuilding CXX object test/CMakeFiles/test_publisher_options.dir/test_publisher_options.cpp.o[0m
[9.698s] [ 50%] [32m[1mLinking CXX executable test_publisher_options[0m
[9.798s] [ 50%] Built target test_publisher_options
[9.808s] [ 51%] [32mBuilding CXX object test/CMakeFiles/test_sanity_checks.dir/test_sanity_checks.cpp.o[0m
[10.398s] [ 53%] [32m[1mLinking CXX executable test_sanity_checks[0m
[10.507s] [ 53%] Built target test_sanity_checks
[10.519s] [ 54%] [32mBuilding CXX object test/CMakeFiles/test_security_options.dir/test_security_options.cpp.o[0m
[11.323s] [ 55%] [32m[1mLinking CXX executable test_security_options[0m
[11.453s] [ 55%] Built target test_security_options
[11.463s] [ 56%] [32mBuilding CXX object test/CMakeFiles/test_message_sequence.dir/test_message_sequence.cpp.o[0m
[11.553s] [ 58%] [32mBuilding CXX object test/CMakeFiles/test_serialized_message.dir/test_serialized_message.cpp.o[0m
[12.397s] [ 59%] [32m[1mLinking CXX executable test_message_sequence[0m
[12.603s] [ 60%] [32mBuilding CXX object test/CMakeFiles/test_subscription_options.dir/test_subscription_options.cpp.o[0m
[12.652s] [ 61%] [32m[1mLinking CXX executable test_serialized_message[0m
[12.744s] [ 61%] Built target test_message_sequence
[12.805s] [ 62%] [32mBuilding CXX object test/CMakeFiles/test_init.dir/test_init.cpp.o[0m
[12.836s] [ 64%] [32mBuilding CXX object test/CMakeFiles/test_init_options.dir/test_init_options.cpp.o[0m
[12.953s] [ 64%] Built target test_serialized_message
[13.063s] [ 65%] [32mBuilding CXX object test/CMakeFiles/test_time.dir/test_time.cpp.o[0m
[13.764s] [ 66%] [32m[1mLinking CXX executable test_subscription_options[0m
[13.949s] [ 67%] [32m[1mLinking CXX executable test_init_options[0m
[14.089s] [ 67%] Built target test_subscription_options
[14.122s] [ 69%] [32mBuilding CXX object test/CMakeFiles/test_types.dir/test_types.cpp.o[0m
[14.141s] [ 70%] [32m[1mLinking CXX executable test_time[0m
[14.155s] [ 71%] [32m[1mLinking CXX executable test_init[0m
[14.171s] [ 72%] [32mBuilding CXX object test/CMakeFiles/test_event.dir/test_event.cpp.o[0m
[14.212s] [ 72%] Built target test_init_options
[14.299s] [ 72%] Built target test_init
[14.301s] [ 72%] Built target test_time
[14.312s] [ 74%] [32mBuilding CXX object test/CMakeFiles/test_validate_namespace.dir/test_validate_namespace.cpp.o[0m
[14.314s] [ 75%] [32mBuilding CXX object test/CMakeFiles/test_validate_full_topic_name.dir/test_validate_full_topic_name.cpp.o[0m
[14.352s] [ 76%] [32mBuilding CXX object test/CMakeFiles/test_validate_node_name.dir/test_validate_node_name.cpp.o[0m
[15.064s] [ 77%] [32m[1mLinking CXX executable test_types[0m
[15.198s] [ 77%] Built target test_types
[15.208s] [ 79%] [32mBuilding CXX object test/CMakeFiles/test_discovery_options.dir/test_discovery_options.cpp.o[0m
[15.281s] [ 80%] [32mBuilding CXX object test/CMakeFiles/test_topic_endpoint_info_array.dir/test_topic_endpoint_info_array.cpp.o[0m
[15.300s] [ 81%] [32m[1mLinking CXX executable test_validate_namespace[0m
[15.566s] [ 81%] Built target test_validate_namespace
[15.571s] [ 82%] [32m[1mLinking CXX executable test_event[0m
[15.815s] [ 83%] [32m[1mLinking CXX executable test_validate_full_topic_name[0m
[15.852s] [ 85%] [32m[1mLinking CXX executable test_validate_node_name[0m
[15.923s] [ 85%] Built target test_event
[15.954s] [ 85%] Built target test_validate_full_topic_name
[16.037s] [ 85%] Built target test_validate_node_name
[16.205s] [ 86%] [32m[1mLinking CXX executable test_discovery_options[0m
[16.274s] [ 87%] [32m[1mLinking CXX executable test_topic_endpoint_info_array[0m
[16.346s] [ 87%] Built target test_discovery_options
[16.393s] [ 87%] Built target test_topic_endpoint_info_array
[16.409s] [ 88%] [32mBuilding CXX object test/CMakeFiles/test_subscription_content_filter_options.dir/test_subscription_content_filter_options.cpp.o[0m
[17.071s] [ 90%] [32m[1mLinking CXX executable test_subscription_content_filter_options[0m
[17.171s] [ 90%] Built target test_subscription_content_filter_options
[17.181s] [ 91%] [32mBuilding CXX object test/CMakeFiles/test_network_flow_endpoint_array.dir/test_network_flow_endpoint_array.cpp.o[0m
[17.762s] [ 92%] [32m[1mLinking CXX executable test_network_flow_endpoint_array[0m
[17.857s] [ 92%] Built target test_network_flow_endpoint_array
[17.865s] [ 93%] [32mBuilding CXX object test/CMakeFiles/test_network_flow_endpoint.dir/test_network_flow_endpoint.cpp.o[0m
[18.465s] [ 95%] [32m[1mLinking CXX executable test_network_flow_endpoint[0m
[18.559s] [ 95%] Built target test_network_flow_endpoint
[18.569s] [ 96%] [32mBuilding CXX object test/CMakeFiles/test_topic_endpoint_info.dir/test_topic_endpoint_info.cpp.o[0m
[19.227s] [ 97%] [32m[1mLinking CXX executable test_topic_endpoint_info[0m
[19.325s] [ 97%] Built target test_topic_endpoint_info
[19.334s] [ 98%] [32mBuilding CXX object test/CMakeFiles/test_convert_rcutils_ret_to_rmw_ret.dir/test_convert_rcutils_ret_to_rmw_ret.cpp.o[0m
[19.882s] [100%] [32m[1mLinking CXX executable test_convert_rcutils_ret_to_rmw_ret[0m
[19.974s] [100%] Built target test_convert_rcutils_ret_to_rmw_ret
[19.980s] Invoked command in '/work/ubuntu-ros2-dev/build/rmw' returned '0': AMENT_PREFIX_PATH=/work/ubuntu-ros2-dev/install/rosidl_dynamic_typesupport:/work/ubuntu-ros2-dev/install/rosidl_runtime_c:/work/ubuntu-ros2-dev/install/rcutils:/work/ubuntu-ros2-dev/install/launch_testing_ament_cmake:/work/ubuntu-ros2-dev/install/rosidl_typesupport_interface:/work/ubuntu-ros2-dev/install/python_cmake_module:/work/ubuntu-ros2-dev/install/performance_test_fixture:/work/ubuntu-ros2-dev/install/mimick_vendor:/work/ubuntu-ros2-dev/install/ament_cmake_ros:/work/ubuntu-ros2-dev/install/ament_lint_common:/work/ubuntu-ros2-dev/install/ament_cmake_uncrustify:/work/ubuntu-ros2-dev/install/ament_uncrustify:/work/ubuntu-ros2-dev/install/uncrustify_vendor:/work/ubuntu-ros2-dev/install/launch_testing:/work/ubuntu-ros2-dev/install/ament_cmake_xmllint:/work/ubuntu-ros2-dev/install/ament_cmake_pep257:/work/ubuntu-ros2-dev/install/ament_cmake_flake8:/work/ubuntu-ros2-dev/install/ament_cmake_cpplint:/work/ubuntu-ros2-dev/install/ament_cmake_cppcheck:/work/ubuntu-ros2-dev/install/launch_yaml:/work/ubuntu-ros2-dev/install/launch_xml:/work/ubuntu-ros2-dev/install/ament_cmake_copyright:/work/ubuntu-ros2-dev/install/ament_cmake:/work/ubuntu-ros2-dev/install/launch:/work/ubuntu-ros2-dev/install/ament_cmake_lint_cmake:/work/ubuntu-ros2-dev/install/ament_cmake_gmock:/work/ubuntu-ros2-dev/install/ament_cmake_gen_version_h:/work/ubuntu-ros2-dev/install/domain_coordinator:/work/ubuntu-ros2-dev/install/ament_xmllint:/work/ubuntu-ros2-dev/install/ament_lint_cmake:/work/ubuntu-ros2-dev/install/ament_lint_auto:/work/ubuntu-ros2-dev/install/ament_index_python:/work/ubuntu-ros2-dev/install/ament_cpplint:/work/ubuntu-ros2-dev/install/ament_cppcheck:/work/ubuntu-ros2-dev/install/ament_cmake_vendor_package:/work/ubuntu-ros2-dev/install/ament_cmake_pytest:/work/ubuntu-ros2-dev/install/ament_cmake_gtest:/work/ubuntu-ros2-dev/install/ament_cmake_google_benchmark:/work/ubuntu-ros2-dev/install/ament_copyright:/work/ubuntu-ros2-dev/install/ament_cmake_test:/work/ubuntu-ros2-dev/install/ament_cmake_target_dependencies:/work/ubuntu-ros2-dev/install/ament_cmake_export_targets:/work/ubuntu-ros2-dev/install/ament_cmake_export_interfaces:/work/ubuntu-ros2-dev/install/ament_cmake_export_dependencies:/work/ubuntu-ros2-dev/install/ament_pep257:/work/ubuntu-ros2-dev/install/ament_mypy:/work/ubuntu-ros2-dev/install/ament_cmake_version:/work/ubuntu-ros2-dev/install/ament_cmake_python:/work/ubuntu-ros2-dev/install/ament_cmake_libraries:/work/ubuntu-ros2-dev/install/ament_cmake_include_directories:/work/ubuntu-ros2-dev/install/ament_cmake_export_link_flags:/work/ubuntu-ros2-dev/install/ament_cmake_export_libraries:/work/ubuntu-ros2-dev/install/ament_cmake_export_include_directories:/work/ubuntu-ros2-dev/install/ament_cmake_export_definitions:/work/ubuntu-ros2-dev/install/ament_flake8:/work/ubuntu-ros2-dev/install/ament_cmake_core:/work/ubuntu-ros2-dev/install/osrf_pycommon:/work/ubuntu-ros2-dev/install/ament_pycodestyle:/work/ubuntu-ros2-dev/install/ament_package:/work/ubuntu-ros2-dev/install/ament_lint CMAKE_PREFIX_PATH=/work/ubuntu-ros2-dev/install/rosidl_dynamic_typesupport:/work/ubuntu-ros2-dev/install/rosidl_runtime_c:/work/ubuntu-ros2-dev/install/rcutils:/work/ubuntu-ros2-dev/install/launch_testing_ament_cmake:/work/ubuntu-ros2-dev/install/rosidl_typesupport_interface:/work/ubuntu-ros2-dev/install/python_cmake_module:/work/ubuntu-ros2-dev/install/performance_test_fixture:/work/ubuntu-ros2-dev/install/mimick_vendor:/work/ubuntu-ros2-dev/install/ament_cmake_ros:/work/ubuntu-ros2-dev/install/ament_lint_common:/work/ubuntu-ros2-dev/install/ament_cmake_uncrustify:/work/ubuntu-ros2-dev/install/uncrustify_vendor:/work/ubuntu-ros2-dev/install/ament_cmake_xmllint:/work/ubuntu-ros2-dev/install/ament_cmake_pep257:/work/ubuntu-ros2-dev/install/ament_cmake_flake8:/work/ubuntu-ros2-dev/install/ament_cmake_cpplint:/work/ubuntu-ros2-dev/install/ament_cmake_cppcheck:/work/ubuntu-ros2-dev/install/ament_cmake_copyright:/work/ubuntu-ros2-dev/install/ament_cmake:/work/ubuntu-ros2-dev/install/ament_cmake_lint_cmake:/work/ubuntu-ros2-dev/install/ament_cmake_gmock:/work/ubuntu-ros2-dev/install/ament_cmake_gen_version_h:/work/ubuntu-ros2-dev/install/ament_lint_auto:/work/ubuntu-ros2-dev/install/ament_cmake_vendor_package:/work/ubuntu-ros2-dev/install/ament_cmake_pytest:/work/ubuntu-ros2-dev/install/ament_cmake_gtest:/work/ubuntu-ros2-dev/install/ament_cmake_google_benchmark:/work/ubuntu-ros2-dev/install/ament_cmake_test:/work/ubuntu-ros2-dev/install/ament_cmake_target_dependencies:/work/ubuntu-ros2-dev/install/ament_cmake_export_targets:/work/ubuntu-ros2-dev/install/ament_cmake_export_interfaces:/work/ubuntu-ros2-dev/install/ament_cmake_export_dependencies:/work/ubuntu-ros2-dev/install/ament_cmake_version:/work/ubuntu-ros2-dev/install/ament_cmake_python:/work/ubuntu-ros2-dev/install/ament_cmake_libraries:/work/ubuntu-ros2-dev/install/ament_cmake_include_directories:/work/ubuntu-ros2-dev/install/ament_cmake_export_link_flags:/work/ubuntu-ros2-dev/install/ament_cmake_export_libraries:/work/ubuntu-ros2-dev/install/ament_cmake_export_include_directories:/work/ubuntu-ros2-dev/install/ament_cmake_export_definitions:/work/ubuntu-ros2-dev/install/gmock_vendor:/work/ubuntu-ros2-dev/install/ament_cmake_core:/work/ubuntu-ros2-dev/install/osrf_testing_tools_cpp:/work/ubuntu-ros2-dev/install/gtest_vendor:/work/ubuntu-ros2-dev/install/google_benchmark_vendor LD_LIBRARY_PATH=/work/ubuntu-ros2-dev/install/rosidl_dynamic_typesupport/lib:/work/ubuntu-ros2-dev/install/rosidl_runtime_c/lib:/work/ubuntu-ros2-dev/install/rcutils/lib:/work/ubuntu-ros2-dev/install/performance_test_fixture/lib:/work/ubuntu-ros2-dev/install/mimick_vendor/opt/mimick_vendor/lib:/work/ubuntu-ros2-dev/install/osrf_testing_tools_cpp/lib:/work/ubuntu-ros2-dev/install/google_benchmark_vendor/lib PATH=/work/ubuntu-ros2-dev/install/ament_uncrustify/bin:/work/ubuntu-ros2-dev/install/uncrustify_vendor/opt/uncrustify_vendor/bin:/work/ubuntu-ros2-dev/install/launch_testing/bin:/work/ubuntu-ros2-dev/install/ament_xmllint/bin:/work/ubuntu-ros2-dev/install/ament_lint_cmake/bin:/work/ubuntu-ros2-dev/install/ament_index_python/bin:/work/ubuntu-ros2-dev/install/ament_cpplint/bin:/work/ubuntu-ros2-dev/install/ament_cppcheck/bin:/work/ubuntu-ros2-dev/install/ament_copyright/bin:/work/ubuntu-ros2-dev/install/ament_pep257/bin:/work/ubuntu-ros2-dev/install/ament_mypy/bin:/work/ubuntu-ros2-dev/install/ament_flake8/bin:/work/ubuntu-ros2-dev/install/ament_pycodestyle/bin:${PATH} PKG_CONFIG_PATH=/work/ubuntu-ros2-dev/install/gmock_vendor/lib/aarch64-linux-gnu/pkgconfig:/work/ubuntu-ros2-dev/install/gmock_vendor/lib/pkgconfig:/work/ubuntu-ros2-dev/install/osrf_testing_tools_cpp/lib/aarch64-linux-gnu/pkgconfig:/work/ubuntu-ros2-dev/install/osrf_testing_tools_cpp/lib/pkgconfig:/work/ubuntu-ros2-dev/install/gtest_vendor/lib/aarch64-linux-gnu/pkgconfig:/work/ubuntu-ros2-dev/install/gtest_vendor/lib/pkgconfig:/work/ubuntu-ros2-dev/install/google_benchmark_vendor/lib/aarch64-linux-gnu/pkgconfig:/work/ubuntu-ros2-dev/install/google_benchmark_vendor/lib/pkgconfig PYTHONPATH=/work/ubuntu-ros2-dev/install/rcutils/lib/python3.10/site-packages:/work/ubuntu-ros2-dev/build/ament_uncrustify:/work/ubuntu-ros2-dev/install/ament_uncrustify/lib/python3.10/site-packages:/work/ubuntu-ros2-dev/build/launch_testing:/work/ubuntu-ros2-dev/install/launch_testing/lib/python3.10/site-packages:/work/ubuntu-ros2-dev/build/launch_yaml:/work/ubuntu-ros2-dev/install/launch_yaml/lib/python3.10/site-packages:/work/ubuntu-ros2-dev/build/launch_xml:/work/ubuntu-ros2-dev/install/launch_xml/lib/python3.10/site-packages:/work/ubuntu-ros2-dev/build/launch:/work/ubuntu-ros2-dev/install/launch/lib/python3.10/site-packages:/work/ubuntu-ros2-dev/build/domain_coordinator:/work/ubuntu-ros2-dev/install/domain_coordinator/lib/python3.10/site-packages:/work/ubuntu-ros2-dev/build/ament_xmllint:/work/ubuntu-ros2-dev/install/ament_xmllint/lib/python3.10/site-packages:/work/ubuntu-ros2-dev/build/ament_lint_cmake:/work/ubuntu-ros2-dev/install/ament_lint_cmake/lib/python3.10/site-packages:/work/ubuntu-ros2-dev/build/ament_index_python:/work/ubuntu-ros2-dev/install/ament_index_python/lib/python3.10/site-packages:/work/ubuntu-ros2-dev/build/ament_cpplint:/work/ubuntu-ros2-dev/install/ament_cpplint/lib/python3.10/site-packages:/work/ubuntu-ros2-dev/build/ament_cppcheck:/work/ubuntu-ros2-dev/install/ament_cppcheck/lib/python3.10/site-packages:/work/ubuntu-ros2-dev/install/ament_cmake_google_benchmark/lib/python3.10/site-packages:/work/ubuntu-ros2-dev/build/ament_copyright:/work/ubuntu-ros2-dev/install/ament_copyright/lib/python3.10/site-packages:/work/ubuntu-ros2-dev/install/ament_cmake_test/lib/python3.10/site-packages:/work/ubuntu-ros2-dev/build/ament_pep257:/work/ubuntu-ros2-dev/install/ament_pep257/lib/python3.10/site-packages:/work/ubuntu-ros2-dev/build/ament_mypy:/work/ubuntu-ros2-dev/install/ament_mypy/lib/python3.10/site-packages:/work/ubuntu-ros2-dev/build/ament_flake8:/work/ubuntu-ros2-dev/install/ament_flake8/lib/python3.10/site-packages:/work/ubuntu-ros2-dev/build/osrf_pycommon:/work/ubuntu-ros2-dev/install/osrf_pycommon/lib/python3.10/site-packages:/work/ubuntu-ros2-dev/build/ament_pycodestyle:/work/ubuntu-ros2-dev/install/ament_pycodestyle/lib/python3.10/site-packages:/work/ubuntu-ros2-dev/build/ament_package:/work/ubuntu-ros2-dev/install/ament_package/lib/python3.10/site-packages:/work/ubuntu-ros2-dev/build/ament_lint:/work/ubuntu-ros2-dev/install/ament_lint/lib/python3.10/site-packages /usr/bin/cmake --build /work/ubuntu-ros2-dev/build/rmw -- -j8 -l8
[20.010s] Invoking command in '/work/ubuntu-ros2-dev/build/rmw': AMENT_PREFIX_PATH=/work/ubuntu-ros2-dev/install/rosidl_dynamic_typesupport:/work/ubuntu-ros2-dev/install/rosidl_runtime_c:/work/ubuntu-ros2-dev/install/rcutils:/work/ubuntu-ros2-dev/install/launch_testing_ament_cmake:/work/ubuntu-ros2-dev/install/rosidl_typesupport_interface:/work/ubuntu-ros2-dev/install/python_cmake_module:/work/ubuntu-ros2-dev/install/performance_test_fixture:/work/ubuntu-ros2-dev/install/mimick_vendor:/work/ubuntu-ros2-dev/install/ament_cmake_ros:/work/ubuntu-ros2-dev/install/ament_lint_common:/work/ubuntu-ros2-dev/install/ament_cmake_uncrustify:/work/ubuntu-ros2-dev/install/ament_uncrustify:/work/ubuntu-ros2-dev/install/uncrustify_vendor:/work/ubuntu-ros2-dev/install/launch_testing:/work/ubuntu-ros2-dev/install/ament_cmake_xmllint:/work/ubuntu-ros2-dev/install/ament_cmake_pep257:/work/ubuntu-ros2-dev/install/ament_cmake_flake8:/work/ubuntu-ros2-dev/install/ament_cmake_cpplint:/work/ubuntu-ros2-dev/install/ament_cmake_cppcheck:/work/ubuntu-ros2-dev/install/launch_yaml:/work/ubuntu-ros2-dev/install/launch_xml:/work/ubuntu-ros2-dev/install/ament_cmake_copyright:/work/ubuntu-ros2-dev/install/ament_cmake:/work/ubuntu-ros2-dev/install/launch:/work/ubuntu-ros2-dev/install/ament_cmake_lint_cmake:/work/ubuntu-ros2-dev/install/ament_cmake_gmock:/work/ubuntu-ros2-dev/install/ament_cmake_gen_version_h:/work/ubuntu-ros2-dev/install/domain_coordinator:/work/ubuntu-ros2-dev/install/ament_xmllint:/work/ubuntu-ros2-dev/install/ament_lint_cmake:/work/ubuntu-ros2-dev/install/ament_lint_auto:/work/ubuntu-ros2-dev/install/ament_index_python:/work/ubuntu-ros2-dev/install/ament_cpplint:/work/ubuntu-ros2-dev/install/ament_cppcheck:/work/ubuntu-ros2-dev/install/ament_cmake_vendor_package:/work/ubuntu-ros2-dev/install/ament_cmake_pytest:/work/ubuntu-ros2-dev/install/ament_cmake_gtest:/work/ubuntu-ros2-dev/install/ament_cmake_google_benchmark:/work/ubuntu-ros2-dev/install/ament_copyright:/work/ubuntu-ros2-dev/install/ament_cmake_test:/work/ubuntu-ros2-dev/install/ament_cmake_target_dependencies:/work/ubuntu-ros2-dev/install/ament_cmake_export_targets:/work/ubuntu-ros2-dev/install/ament_cmake_export_interfaces:/work/ubuntu-ros2-dev/install/ament_cmake_export_dependencies:/work/ubuntu-ros2-dev/install/ament_pep257:/work/ubuntu-ros2-dev/install/ament_mypy:/work/ubuntu-ros2-dev/install/ament_cmake_version:/work/ubuntu-ros2-dev/install/ament_cmake_python:/work/ubuntu-ros2-dev/install/ament_cmake_libraries:/work/ubuntu-ros2-dev/install/ament_cmake_include_directories:/work/ubuntu-ros2-dev/install/ament_cmake_export_link_flags:/work/ubuntu-ros2-dev/install/ament_cmake_export_libraries:/work/ubuntu-ros2-dev/install/ament_cmake_export_include_directories:/work/ubuntu-ros2-dev/install/ament_cmake_export_definitions:/work/ubuntu-ros2-dev/install/ament_flake8:/work/ubuntu-ros2-dev/install/ament_cmake_core:/work/ubuntu-ros2-dev/install/osrf_pycommon:/work/ubuntu-ros2-dev/install/ament_pycodestyle:/work/ubuntu-ros2-dev/install/ament_package:/work/ubuntu-ros2-dev/install/ament_lint CMAKE_PREFIX_PATH=/work/ubuntu-ros2-dev/install/rosidl_dynamic_typesupport:/work/ubuntu-ros2-dev/install/rosidl_runtime_c:/work/ubuntu-ros2-dev/install/rcutils:/work/ubuntu-ros2-dev/install/launch_testing_ament_cmake:/work/ubuntu-ros2-dev/install/rosidl_typesupport_interface:/work/ubuntu-ros2-dev/install/python_cmake_module:/work/ubuntu-ros2-dev/install/performance_test_fixture:/work/ubuntu-ros2-dev/install/mimick_vendor:/work/ubuntu-ros2-dev/install/ament_cmake_ros:/work/ubuntu-ros2-dev/install/ament_lint_common:/work/ubuntu-ros2-dev/install/ament_cmake_uncrustify:/work/ubuntu-ros2-dev/install/uncrustify_vendor:/work/ubuntu-ros2-dev/install/ament_cmake_xmllint:/work/ubuntu-ros2-dev/install/ament_cmake_pep257:/work/ubuntu-ros2-dev/install/ament_cmake_flake8:/work/ubuntu-ros2-dev/install/ament_cmake_cpplint:/work/ubuntu-ros2-dev/install/ament_cmake_cppcheck:/work/ubuntu-ros2-dev/install/ament_cmake_copyright:/work/ubuntu-ros2-dev/install/ament_cmake:/work/ubuntu-ros2-dev/install/ament_cmake_lint_cmake:/work/ubuntu-ros2-dev/install/ament_cmake_gmock:/work/ubuntu-ros2-dev/install/ament_cmake_gen_version_h:/work/ubuntu-ros2-dev/install/ament_lint_auto:/work/ubuntu-ros2-dev/install/ament_cmake_vendor_package:/work/ubuntu-ros2-dev/install/ament_cmake_pytest:/work/ubuntu-ros2-dev/install/ament_cmake_gtest:/work/ubuntu-ros2-dev/install/ament_cmake_google_benchmark:/work/ubuntu-ros2-dev/install/ament_cmake_test:/work/ubuntu-ros2-dev/install/ament_cmake_target_dependencies:/work/ubuntu-ros2-dev/install/ament_cmake_export_targets:/work/ubuntu-ros2-dev/install/ament_cmake_export_interfaces:/work/ubuntu-ros2-dev/install/ament_cmake_export_dependencies:/work/ubuntu-ros2-dev/install/ament_cmake_version:/work/ubuntu-ros2-dev/install/ament_cmake_python:/work/ubuntu-ros2-dev/install/ament_cmake_libraries:/work/ubuntu-ros2-dev/install/ament_cmake_include_directories:/work/ubuntu-ros2-dev/install/ament_cmake_export_link_flags:/work/ubuntu-ros2-dev/install/ament_cmake_export_libraries:/work/ubuntu-ros2-dev/install/ament_cmake_export_include_directories:/work/ubuntu-ros2-dev/install/ament_cmake_export_definitions:/work/ubuntu-ros2-dev/install/gmock_vendor:/work/ubuntu-ros2-dev/install/ament_cmake_core:/work/ubuntu-ros2-dev/install/osrf_testing_tools_cpp:/work/ubuntu-ros2-dev/install/gtest_vendor:/work/ubuntu-ros2-dev/install/google_benchmark_vendor LD_LIBRARY_PATH=/work/ubuntu-ros2-dev/install/rosidl_dynamic_typesupport/lib:/work/ubuntu-ros2-dev/install/rosidl_runtime_c/lib:/work/ubuntu-ros2-dev/install/rcutils/lib:/work/ubuntu-ros2-dev/install/performance_test_fixture/lib:/work/ubuntu-ros2-dev/install/mimick_vendor/opt/mimick_vendor/lib:/work/ubuntu-ros2-dev/install/osrf_testing_tools_cpp/lib:/work/ubuntu-ros2-dev/install/google_benchmark_vendor/lib PATH=/work/ubuntu-ros2-dev/install/ament_uncrustify/bin:/work/ubuntu-ros2-dev/install/uncrustify_vendor/opt/uncrustify_vendor/bin:/work/ubuntu-ros2-dev/install/launch_testing/bin:/work/ubuntu-ros2-dev/install/ament_xmllint/bin:/work/ubuntu-ros2-dev/install/ament_lint_cmake/bin:/work/ubuntu-ros2-dev/install/ament_index_python/bin:/work/ubuntu-ros2-dev/install/ament_cpplint/bin:/work/ubuntu-ros2-dev/install/ament_cppcheck/bin:/work/ubuntu-ros2-dev/install/ament_copyright/bin:/work/ubuntu-ros2-dev/install/ament_pep257/bin:/work/ubuntu-ros2-dev/install/ament_mypy/bin:/work/ubuntu-ros2-dev/install/ament_flake8/bin:/work/ubuntu-ros2-dev/install/ament_pycodestyle/bin:${PATH} PKG_CONFIG_PATH=/work/ubuntu-ros2-dev/install/gmock_vendor/lib/aarch64-linux-gnu/pkgconfig:/work/ubuntu-ros2-dev/install/gmock_vendor/lib/pkgconfig:/work/ubuntu-ros2-dev/install/osrf_testing_tools_cpp/lib/aarch64-linux-gnu/pkgconfig:/work/ubuntu-ros2-dev/install/osrf_testing_tools_cpp/lib/pkgconfig:/work/ubuntu-ros2-dev/install/gtest_vendor/lib/aarch64-linux-gnu/pkgconfig:/work/ubuntu-ros2-dev/install/gtest_vendor/lib/pkgconfig:/work/ubuntu-ros2-dev/install/google_benchmark_vendor/lib/aarch64-linux-gnu/pkgconfig:/work/ubuntu-ros2-dev/install/google_benchmark_vendor/lib/pkgconfig PYTHONPATH=/work/ubuntu-ros2-dev/install/rcutils/lib/python3.10/site-packages:/work/ubuntu-ros2-dev/build/ament_uncrustify:/work/ubuntu-ros2-dev/install/ament_uncrustify/lib/python3.10/site-packages:/work/ubuntu-ros2-dev/build/launch_testing:/work/ubuntu-ros2-dev/install/launch_testing/lib/python3.10/site-packages:/work/ubuntu-ros2-dev/build/launch_yaml:/work/ubuntu-ros2-dev/install/launch_yaml/lib/python3.10/site-packages:/work/ubuntu-ros2-dev/build/launch_xml:/work/ubuntu-ros2-dev/install/launch_xml/lib/python3.10/site-packages:/work/ubuntu-ros2-dev/build/launch:/work/ubuntu-ros2-dev/install/launch/lib/python3.10/site-packages:/work/ubuntu-ros2-dev/build/domain_coordinator:/work/ubuntu-ros2-dev/install/domain_coordinator/lib/python3.10/site-packages:/work/ubuntu-ros2-dev/build/ament_xmllint:/work/ubuntu-ros2-dev/install/ament_xmllint/lib/python3.10/site-packages:/work/ubuntu-ros2-dev/build/ament_lint_cmake:/work/ubuntu-ros2-dev/install/ament_lint_cmake/lib/python3.10/site-packages:/work/ubuntu-ros2-dev/build/ament_index_python:/work/ubuntu-ros2-dev/install/ament_index_python/lib/python3.10/site-packages:/work/ubuntu-ros2-dev/build/ament_cpplint:/work/ubuntu-ros2-dev/install/ament_cpplint/lib/python3.10/site-packages:/work/ubuntu-ros2-dev/build/ament_cppcheck:/work/ubuntu-ros2-dev/install/ament_cppcheck/lib/python3.10/site-packages:/work/ubuntu-ros2-dev/install/ament_cmake_google_benchmark/lib/python3.10/site-packages:/work/ubuntu-ros2-dev/build/ament_copyright:/work/ubuntu-ros2-dev/install/ament_copyright/lib/python3.10/site-packages:/work/ubuntu-ros2-dev/install/ament_cmake_test/lib/python3.10/site-packages:/work/ubuntu-ros2-dev/build/ament_pep257:/work/ubuntu-ros2-dev/install/ament_pep257/lib/python3.10/site-packages:/work/ubuntu-ros2-dev/build/ament_mypy:/work/ubuntu-ros2-dev/install/ament_mypy/lib/python3.10/site-packages:/work/ubuntu-ros2-dev/build/ament_flake8:/work/ubuntu-ros2-dev/install/ament_flake8/lib/python3.10/site-packages:/work/ubuntu-ros2-dev/build/osrf_pycommon:/work/ubuntu-ros2-dev/install/osrf_pycommon/lib/python3.10/site-packages:/work/ubuntu-ros2-dev/build/ament_pycodestyle:/work/ubuntu-ros2-dev/install/ament_pycodestyle/lib/python3.10/site-packages:/work/ubuntu-ros2-dev/build/ament_package:/work/ubuntu-ros2-dev/install/ament_package/lib/python3.10/site-packages:/work/ubuntu-ros2-dev/build/ament_lint:/work/ubuntu-ros2-dev/install/ament_lint/lib/python3.10/site-packages /usr/bin/cmake --install /work/ubuntu-ros2-dev/build/rmw
[20.013s] -- Install configuration: ""
[20.014s] -- Execute custom install script
[20.014s] -- Symlinking: /work/ubuntu-ros2-dev/install/rmw/share/rmw/environment/library_path.sh
[20.018s] -- Symlinking: /work/ubuntu-ros2-dev/install/rmw/share/rmw/environment/library_path.dsv
[20.021s] -- Symlinking: /work/ubuntu-ros2-dev/install/rmw/share/ament_index/resource_index/package_run_dependencies/rmw
[20.025s] -- Symlinking: /work/ubuntu-ros2-dev/install/rmw/share/ament_index/resource_index/parent_prefix_path/rmw
[20.028s] -- Symlinking: /work/ubuntu-ros2-dev/install/rmw/share/rmw/environment/ament_prefix_path.sh
[20.032s] -- Symlinking: /work/ubuntu-ros2-dev/install/rmw/share/rmw/environment/ament_prefix_path.dsv
[20.035s] -- Symlinking: /work/ubuntu-ros2-dev/install/rmw/share/rmw/environment/path.sh
[20.038s] -- Symlinking: /work/ubuntu-ros2-dev/install/rmw/share/rmw/environment/path.dsv
[20.042s] -- Symlinking: /work/ubuntu-ros2-dev/install/rmw/share/rmw/local_setup.bash
[20.045s] -- Symlinking: /work/ubuntu-ros2-dev/install/rmw/share/rmw/local_setup.sh
[20.049s] -- Symlinking: /work/ubuntu-ros2-dev/install/rmw/share/rmw/local_setup.zsh
[20.052s] -- Symlinking: /work/ubuntu-ros2-dev/install/rmw/share/rmw/local_setup.dsv
[20.056s] -- Symlinking: /work/ubuntu-ros2-dev/install/rmw/share/rmw/package.dsv
[20.059s] -- Symlinking: /work/ubuntu-ros2-dev/install/rmw/share/ament_index/resource_index/packages/rmw
[20.062s] -- Symlinking: /work/ubuntu-ros2-dev/install/rmw/share/rmw/cmake/rmw-extras.cmake
[20.066s] -- Symlinking: /work/ubuntu-ros2-dev/install/rmw/share/rmw/cmake/ament_cmake_export_dependencies-extras.cmake
[20.070s] -- Symlinking: /work/ubuntu-ros2-dev/install/rmw/share/rmw/cmake/ament_cmake_export_include_directories-extras.cmake
[20.074s] -- Symlinking: /work/ubuntu-ros2-dev/install/rmw/share/rmw/cmake/ament_cmake_export_libraries-extras.cmake
[20.077s] -- Symlinking: /work/ubuntu-ros2-dev/install/rmw/share/rmw/cmake/ament_cmake_export_targets-extras.cmake
[20.080s] -- Symlinking: /work/ubuntu-ros2-dev/install/rmw/share/rmw/cmake/rmwConfig.cmake
[20.083s] -- Symlinking: /work/ubuntu-ros2-dev/install/rmw/share/rmw/cmake/rmwConfig-version.cmake
[20.086s] -- Symlinking: /work/ubuntu-ros2-dev/install/rmw/share/rmw/package.xml
[20.090s] -- Symlinking: /work/ubuntu-ros2-dev/install/rmw/share/rmw/cmake/configure_rmw_library.cmake
[20.094s] -- Symlinking: /work/ubuntu-ros2-dev/install/rmw/share/rmw/cmake/get_rmw_typesupport.cmake
[20.097s] -- Symlinking: /work/ubuntu-ros2-dev/install/rmw/share/rmw/cmake/register_rmw_implementation.cmake
[20.101s] -- Symlinking: /work/ubuntu-ros2-dev/install/rmw/include/rmw/rmw/allocators.h
[20.104s] -- Symlinking: /work/ubuntu-ros2-dev/install/rmw/include/rmw/rmw/check_type_identifiers_match.h
[20.108s] -- Symlinking: /work/ubuntu-ros2-dev/install/rmw/include/rmw/rmw/convert_rcutils_ret_to_rmw_ret.h
[20.112s] -- Symlinking: /work/ubuntu-ros2-dev/install/rmw/include/rmw/rmw/discovery_options.h
[20.116s] -- Symlinking: /work/ubuntu-ros2-dev/install/rmw/include/rmw/rmw/domain_id.h
[20.120s] -- Symlinking: /work/ubuntu-ros2-dev/install/rmw/include/rmw/rmw/dynamic_message_type_support.h
[20.124s] -- Symlinking: /work/ubuntu-ros2-dev/install/rmw/include/rmw/rmw/error_handling.h
[20.128s] -- Symlinking: /work/ubuntu-ros2-dev/install/rmw/include/rmw/rmw/event.h
[20.131s] -- Symlinking: /work/ubuntu-ros2-dev/install/rmw/include/rmw/rmw/event_callback_type.h
[20.135s] -- Symlinking: /work/ubuntu-ros2-dev/install/rmw/include/rmw/rmw/events_statuses/events_statuses.h
[20.139s] -- Symlinking: /work/ubuntu-ros2-dev/install/rmw/include/rmw/rmw/events_statuses/incompatible_qos.h
[20.143s] -- Symlinking: /work/ubuntu-ros2-dev/install/rmw/include/rmw/rmw/events_statuses/incompatible_type.h
[20.147s] -- Symlinking: /work/ubuntu-ros2-dev/install/rmw/include/rmw/rmw/events_statuses/liveliness_changed.h
[20.150s] -- Symlinking: /work/ubuntu-ros2-dev/install/rmw/include/rmw/rmw/events_statuses/liveliness_lost.h
[20.154s] -- Symlinking: /work/ubuntu-ros2-dev/install/rmw/include/rmw/rmw/events_statuses/matched.h
[20.157s] -- Symlinking: /work/ubuntu-ros2-dev/install/rmw/include/rmw/rmw/events_statuses/message_lost.h
[20.160s] -- Symlinking: /work/ubuntu-ros2-dev/install/rmw/include/rmw/rmw/events_statuses/offered_deadline_missed.h
[20.164s] -- Symlinking: /work/ubuntu-ros2-dev/install/rmw/include/rmw/rmw/events_statuses/requested_deadline_missed.h
[20.168s] -- Symlinking: /work/ubuntu-ros2-dev/install/rmw/include/rmw/rmw/features.h
[20.171s] -- Symlinking: /work/ubuntu-ros2-dev/install/rmw/include/rmw/rmw/get_network_flow_endpoints.h
[20.175s] -- Symlinking: /work/ubuntu-ros2-dev/install/rmw/include/rmw/rmw/get_node_info_and_types.h
[20.179s] -- Symlinking: /work/ubuntu-ros2-dev/install/rmw/include/rmw/rmw/get_service_names_and_types.h
[20.182s] -- Symlinking: /work/ubuntu-ros2-dev/install/rmw/include/rmw/rmw/get_topic_endpoint_info.h
[20.185s] -- Symlinking: /work/ubuntu-ros2-dev/install/rmw/include/rmw/rmw/get_topic_names_and_types.h
[20.189s] -- Symlinking: /work/ubuntu-ros2-dev/install/rmw/include/rmw/rmw/impl/config.h
[20.192s] -- Symlinking: /work/ubuntu-ros2-dev/install/rmw/include/rmw/rmw/impl/cpp/demangle.hpp
[20.196s] -- Symlinking: /work/ubuntu-ros2-dev/install/rmw/include/rmw/rmw/impl/cpp/key_value.hpp
[20.199s] -- Symlinking: /work/ubuntu-ros2-dev/install/rmw/include/rmw/rmw/impl/cpp/macros.hpp
[20.202s] -- Symlinking: /work/ubuntu-ros2-dev/install/rmw/include/rmw/rmw/incompatible_qos_events_statuses.h
[20.206s] -- Symlinking: /work/ubuntu-ros2-dev/install/rmw/include/rmw/rmw/init.h
[20.210s] -- Symlinking: /work/ubuntu-ros2-dev/install/rmw/include/rmw/rmw/init_options.h
[20.214s] -- Symlinking: /work/ubuntu-ros2-dev/install/rmw/include/rmw/rmw/localhost.h
[20.218s] -- Symlinking: /work/ubuntu-ros2-dev/install/rmw/include/rmw/rmw/macros.h
[20.221s] -- Symlinking: /work/ubuntu-ros2-dev/install/rmw/include/rmw/rmw/message_sequence.h
[20.224s] -- Symlinking: /work/ubuntu-ros2-dev/install/rmw/include/rmw/rmw/names_and_types.h
[20.228s] -- Symlinking: /work/ubuntu-ros2-dev/install/rmw/include/rmw/rmw/network_flow_endpoint.h
[20.231s] -- Symlinking: /work/ubuntu-ros2-dev/install/rmw/include/rmw/rmw/network_flow_endpoint_array.h
[20.234s] -- Symlinking: /work/ubuntu-ros2-dev/install/rmw/include/rmw/rmw/publisher_options.h
[20.238s] -- Symlinking: /work/ubuntu-ros2-dev/install/rmw/include/rmw/rmw/qos_policy_kind.h
[20.241s] -- Symlinking: /work/ubuntu-ros2-dev/install/rmw/include/rmw/rmw/qos_profiles.h
[20.244s] -- Symlinking: /work/ubuntu-ros2-dev/install/rmw/include/rmw/rmw/qos_string_conversions.h
[20.247s] -- Symlinking: /work/ubuntu-ros2-dev/install/rmw/include/rmw/rmw/ret_types.h
[20.250s] -- Symlinking: /work/ubuntu-ros2-dev/install/rmw/include/rmw/rmw/rmw.h
[20.253s] -- Symlinking: /work/ubuntu-ros2-dev/install/rmw/include/rmw/rmw/sanity_checks.h
[20.256s] -- Symlinking: /work/ubuntu-ros2-dev/install/rmw/include/rmw/rmw/security_options.h
[20.260s] -- Symlinking: /work/ubuntu-ros2-dev/install/rmw/include/rmw/rmw/serialized_message.h
[20.263s] -- Symlinking: /work/ubuntu-ros2-dev/install/rmw/include/rmw/rmw/subscription_content_filter_options.h
[20.266s] -- Symlinking: /work/ubuntu-ros2-dev/install/rmw/include/rmw/rmw/subscription_options.h
[20.270s] -- Symlinking: /work/ubuntu-ros2-dev/install/rmw/include/rmw/rmw/time.h
[20.273s] -- Symlinking: /work/ubuntu-ros2-dev/install/rmw/include/rmw/rmw/topic_endpoint_info.h
[20.276s] -- Symlinking: /work/ubuntu-ros2-dev/install/rmw/include/rmw/rmw/topic_endpoint_info_array.h
[20.280s] -- Symlinking: /work/ubuntu-ros2-dev/install/rmw/include/rmw/rmw/types.h
[20.283s] -- Symlinking: /work/ubuntu-ros2-dev/install/rmw/include/rmw/rmw/validate_full_topic_name.h
[20.286s] -- Symlinking: /work/ubuntu-ros2-dev/install/rmw/include/rmw/rmw/validate_namespace.h
[20.290s] -- Symlinking: /work/ubuntu-ros2-dev/install/rmw/include/rmw/rmw/validate_node_name.h
[20.293s] -- Symlinking: /work/ubuntu-ros2-dev/install/rmw/include/rmw/rmw/visibility_control.h
[20.296s] -- Installing: /work/ubuntu-ros2-dev/install/rmw/share/rmw/cmake/rmwExport.cmake
[20.296s] -- Installing: /work/ubuntu-ros2-dev/install/rmw/share/rmw/cmake/rmwExport-noconfig.cmake
[20.296s] -- Installing: /work/ubuntu-ros2-dev/install/rmw/lib/librmw.so
[20.297s] -- Set runtime path of "/work/ubuntu-ros2-dev/install/rmw/lib/librmw.so" to ""
[20.298s] Invoked command in '/work/ubuntu-ros2-dev/build/rmw' returned '0': AMENT_PREFIX_PATH=/work/ubuntu-ros2-dev/install/rosidl_dynamic_typesupport:/work/ubuntu-ros2-dev/install/rosidl_runtime_c:/work/ubuntu-ros2-dev/install/rcutils:/work/ubuntu-ros2-dev/install/launch_testing_ament_cmake:/work/ubuntu-ros2-dev/install/rosidl_typesupport_interface:/work/ubuntu-ros2-dev/install/python_cmake_module:/work/ubuntu-ros2-dev/install/performance_test_fixture:/work/ubuntu-ros2-dev/install/mimick_vendor:/work/ubuntu-ros2-dev/install/ament_cmake_ros:/work/ubuntu-ros2-dev/install/ament_lint_common:/work/ubuntu-ros2-dev/install/ament_cmake_uncrustify:/work/ubuntu-ros2-dev/install/ament_uncrustify:/work/ubuntu-ros2-dev/install/uncrustify_vendor:/work/ubuntu-ros2-dev/install/launch_testing:/work/ubuntu-ros2-dev/install/ament_cmake_xmllint:/work/ubuntu-ros2-dev/install/ament_cmake_pep257:/work/ubuntu-ros2-dev/install/ament_cmake_flake8:/work/ubuntu-ros2-dev/install/ament_cmake_cpplint:/work/ubuntu-ros2-dev/install/ament_cmake_cppcheck:/work/ubuntu-ros2-dev/install/launch_yaml:/work/ubuntu-ros2-dev/install/launch_xml:/work/ubuntu-ros2-dev/install/ament_cmake_copyright:/work/ubuntu-ros2-dev/install/ament_cmake:/work/ubuntu-ros2-dev/install/launch:/work/ubuntu-ros2-dev/install/ament_cmake_lint_cmake:/work/ubuntu-ros2-dev/install/ament_cmake_gmock:/work/ubuntu-ros2-dev/install/ament_cmake_gen_version_h:/work/ubuntu-ros2-dev/install/domain_coordinator:/work/ubuntu-ros2-dev/install/ament_xmllint:/work/ubuntu-ros2-dev/install/ament_lint_cmake:/work/ubuntu-ros2-dev/install/ament_lint_auto:/work/ubuntu-ros2-dev/install/ament_index_python:/work/ubuntu-ros2-dev/install/ament_cpplint:/work/ubuntu-ros2-dev/install/ament_cppcheck:/work/ubuntu-ros2-dev/install/ament_cmake_vendor_package:/work/ubuntu-ros2-dev/install/ament_cmake_pytest:/work/ubuntu-ros2-dev/install/ament_cmake_gtest:/work/ubuntu-ros2-dev/install/ament_cmake_google_benchmark:/work/ubuntu-ros2-dev/install/ament_copyright:/work/ubuntu-ros2-dev/install/ament_cmake_test:/work/ubuntu-ros2-dev/install/ament_cmake_target_dependencies:/work/ubuntu-ros2-dev/install/ament_cmake_export_targets:/work/ubuntu-ros2-dev/install/ament_cmake_export_interfaces:/work/ubuntu-ros2-dev/install/ament_cmake_export_dependencies:/work/ubuntu-ros2-dev/install/ament_pep257:/work/ubuntu-ros2-dev/install/ament_mypy:/work/ubuntu-ros2-dev/install/ament_cmake_version:/work/ubuntu-ros2-dev/install/ament_cmake_python:/work/ubuntu-ros2-dev/install/ament_cmake_libraries:/work/ubuntu-ros2-dev/install/ament_cmake_include_directories:/work/ubuntu-ros2-dev/install/ament_cmake_export_link_flags:/work/ubuntu-ros2-dev/install/ament_cmake_export_libraries:/work/ubuntu-ros2-dev/install/ament_cmake_export_include_directories:/work/ubuntu-ros2-dev/install/ament_cmake_export_definitions:/work/ubuntu-ros2-dev/install/ament_flake8:/work/ubuntu-ros2-dev/install/ament_cmake_core:/work/ubuntu-ros2-dev/install/osrf_pycommon:/work/ubuntu-ros2-dev/install/ament_pycodestyle:/work/ubuntu-ros2-dev/install/ament_package:/work/ubuntu-ros2-dev/install/ament_lint CMAKE_PREFIX_PATH=/work/ubuntu-ros2-dev/install/rosidl_dynamic_typesupport:/work/ubuntu-ros2-dev/install/rosidl_runtime_c:/work/ubuntu-ros2-dev/install/rcutils:/work/ubuntu-ros2-dev/install/launch_testing_ament_cmake:/work/ubuntu-ros2-dev/install/rosidl_typesupport_interface:/work/ubuntu-ros2-dev/install/python_cmake_module:/work/ubuntu-ros2-dev/install/performance_test_fixture:/work/ubuntu-ros2-dev/install/mimick_vendor:/work/ubuntu-ros2-dev/install/ament_cmake_ros:/work/ubuntu-ros2-dev/install/ament_lint_common:/work/ubuntu-ros2-dev/install/ament_cmake_uncrustify:/work/ubuntu-ros2-dev/install/uncrustify_vendor:/work/ubuntu-ros2-dev/install/ament_cmake_xmllint:/work/ubuntu-ros2-dev/install/ament_cmake_pep257:/work/ubuntu-ros2-dev/install/ament_cmake_flake8:/work/ubuntu-ros2-dev/install/ament_cmake_cpplint:/work/ubuntu-ros2-dev/install/ament_cmake_cppcheck:/work/ubuntu-ros2-dev/install/ament_cmake_copyright:/work/ubuntu-ros2-dev/install/ament_cmake:/work/ubuntu-ros2-dev/install/ament_cmake_lint_cmake:/work/ubuntu-ros2-dev/install/ament_cmake_gmock:/work/ubuntu-ros2-dev/install/ament_cmake_gen_version_h:/work/ubuntu-ros2-dev/install/ament_lint_auto:/work/ubuntu-ros2-dev/install/ament_cmake_vendor_package:/work/ubuntu-ros2-dev/install/ament_cmake_pytest:/work/ubuntu-ros2-dev/install/ament_cmake_gtest:/work/ubuntu-ros2-dev/install/ament_cmake_google_benchmark:/work/ubuntu-ros2-dev/install/ament_cmake_test:/work/ubuntu-ros2-dev/install/ament_cmake_target_dependencies:/work/ubuntu-ros2-dev/install/ament_cmake_export_targets:/work/ubuntu-ros2-dev/install/ament_cmake_export_interfaces:/work/ubuntu-ros2-dev/install/ament_cmake_export_dependencies:/work/ubuntu-ros2-dev/install/ament_cmake_version:/work/ubuntu-ros2-dev/install/ament_cmake_python:/work/ubuntu-ros2-dev/install/ament_cmake_libraries:/work/ubuntu-ros2-dev/install/ament_cmake_include_directories:/work/ubuntu-ros2-dev/install/ament_cmake_export_link_flags:/work/ubuntu-ros2-dev/install/ament_cmake_export_libraries:/work/ubuntu-ros2-dev/install/ament_cmake_export_include_directories:/work/ubuntu-ros2-dev/install/ament_cmake_export_definitions:/work/ubuntu-ros2-dev/install/gmock_vendor:/work/ubuntu-ros2-dev/install/ament_cmake_core:/work/ubuntu-ros2-dev/install/osrf_testing_tools_cpp:/work/ubuntu-ros2-dev/install/gtest_vendor:/work/ubuntu-ros2-dev/install/google_benchmark_vendor LD_LIBRARY_PATH=/work/ubuntu-ros2-dev/install/rosidl_dynamic_typesupport/lib:/work/ubuntu-ros2-dev/install/rosidl_runtime_c/lib:/work/ubuntu-ros2-dev/install/rcutils/lib:/work/ubuntu-ros2-dev/install/performance_test_fixture/lib:/work/ubuntu-ros2-dev/install/mimick_vendor/opt/mimick_vendor/lib:/work/ubuntu-ros2-dev/install/osrf_testing_tools_cpp/lib:/work/ubuntu-ros2-dev/install/google_benchmark_vendor/lib PATH=/work/ubuntu-ros2-dev/install/ament_uncrustify/bin:/work/ubuntu-ros2-dev/install/uncrustify_vendor/opt/uncrustify_vendor/bin:/work/ubuntu-ros2-dev/install/launch_testing/bin:/work/ubuntu-ros2-dev/install/ament_xmllint/bin:/work/ubuntu-ros2-dev/install/ament_lint_cmake/bin:/work/ubuntu-ros2-dev/install/ament_index_python/bin:/work/ubuntu-ros2-dev/install/ament_cpplint/bin:/work/ubuntu-ros2-dev/install/ament_cppcheck/bin:/work/ubuntu-ros2-dev/install/ament_copyright/bin:/work/ubuntu-ros2-dev/install/ament_pep257/bin:/work/ubuntu-ros2-dev/install/ament_mypy/bin:/work/ubuntu-ros2-dev/install/ament_flake8/bin:/work/ubuntu-ros2-dev/install/ament_pycodestyle/bin:${PATH} PKG_CONFIG_PATH=/work/ubuntu-ros2-dev/install/gmock_vendor/lib/aarch64-linux-gnu/pkgconfig:/work/ubuntu-ros2-dev/install/gmock_vendor/lib/pkgconfig:/work/ubuntu-ros2-dev/install/osrf_testing_tools_cpp/lib/aarch64-linux-gnu/pkgconfig:/work/ubuntu-ros2-dev/install/osrf_testing_tools_cpp/lib/pkgconfig:/work/ubuntu-ros2-dev/install/gtest_vendor/lib/aarch64-linux-gnu/pkgconfig:/work/ubuntu-ros2-dev/install/gtest_vendor/lib/pkgconfig:/work/ubuntu-ros2-dev/install/google_benchmark_vendor/lib/aarch64-linux-gnu/pkgconfig:/work/ubuntu-ros2-dev/install/google_benchmark_vendor/lib/pkgconfig PYTHONPATH=/work/ubuntu-ros2-dev/install/rcutils/lib/python3.10/site-packages:/work/ubuntu-ros2-dev/build/ament_uncrustify:/work/ubuntu-ros2-dev/install/ament_uncrustify/lib/python3.10/site-packages:/work/ubuntu-ros2-dev/build/launch_testing:/work/ubuntu-ros2-dev/install/launch_testing/lib/python3.10/site-packages:/work/ubuntu-ros2-dev/build/launch_yaml:/work/ubuntu-ros2-dev/install/launch_yaml/lib/python3.10/site-packages:/work/ubuntu-ros2-dev/build/launch_xml:/work/ubuntu-ros2-dev/install/launch_xml/lib/python3.10/site-packages:/work/ubuntu-ros2-dev/build/launch:/work/ubuntu-ros2-dev/install/launch/lib/python3.10/site-packages:/work/ubuntu-ros2-dev/build/domain_coordinator:/work/ubuntu-ros2-dev/install/domain_coordinator/lib/python3.10/site-packages:/work/ubuntu-ros2-dev/build/ament_xmllint:/work/ubuntu-ros2-dev/install/ament_xmllint/lib/python3.10/site-packages:/work/ubuntu-ros2-dev/build/ament_lint_cmake:/work/ubuntu-ros2-dev/install/ament_lint_cmake/lib/python3.10/site-packages:/work/ubuntu-ros2-dev/build/ament_index_python:/work/ubuntu-ros2-dev/install/ament_index_python/lib/python3.10/site-packages:/work/ubuntu-ros2-dev/build/ament_cpplint:/work/ubuntu-ros2-dev/install/ament_cpplint/lib/python3.10/site-packages:/work/ubuntu-ros2-dev/build/ament_cppcheck:/work/ubuntu-ros2-dev/install/ament_cppcheck/lib/python3.10/site-packages:/work/ubuntu-ros2-dev/install/ament_cmake_google_benchmark/lib/python3.10/site-packages:/work/ubuntu-ros2-dev/build/ament_copyright:/work/ubuntu-ros2-dev/install/ament_copyright/lib/python3.10/site-packages:/work/ubuntu-ros2-dev/install/ament_cmake_test/lib/python3.10/site-packages:/work/ubuntu-ros2-dev/build/ament_pep257:/work/ubuntu-ros2-dev/install/ament_pep257/lib/python3.10/site-packages:/work/ubuntu-ros2-dev/build/ament_mypy:/work/ubuntu-ros2-dev/install/ament_mypy/lib/python3.10/site-packages:/work/ubuntu-ros2-dev/build/ament_flake8:/work/ubuntu-ros2-dev/install/ament_flake8/lib/python3.10/site-packages:/work/ubuntu-ros2-dev/build/osrf_pycommon:/work/ubuntu-ros2-dev/install/osrf_pycommon/lib/python3.10/site-packages:/work/ubuntu-ros2-dev/build/ament_pycodestyle:/work/ubuntu-ros2-dev/install/ament_pycodestyle/lib/python3.10/site-packages:/work/ubuntu-ros2-dev/build/ament_package:/work/ubuntu-ros2-dev/install/ament_package/lib/python3.10/site-packages:/work/ubuntu-ros2-dev/build/ament_lint:/work/ubuntu-ros2-dev/install/ament_lint/lib/python3.10/site-packages /usr/bin/cmake --install /work/ubuntu-ros2-dev/build/rmw
