running develop
running egg_info
creating tracetools_trace.egg-info
writing tracetools_trace.egg-info/PKG-INFO
writing dependency_links to tracetools_trace.egg-info/dependency_links.txt
writing entry points to tracetools_trace.egg-info/entry_points.txt
writing requirements to tracetools_trace.egg-info/requires.txt
writing top-level names to tracetools_trace.egg-info/top_level.txt
writing manifest file 'tracetools_trace.egg-info/SOURCES.txt'
reading manifest file 'tracetools_trace.egg-info/SOURCES.txt'
writing manifest file 'tracetools_trace.egg-info/SOURCES.txt'
running build_ext
Creating /work/ubuntu-ros2-dev/install/tracetools_trace/lib/python3.10/site-packages/tracetools-trace.egg-link (link to .)
Installing trace script to /work/ubuntu-ros2-dev/install/tracetools_trace/lib/tracetools_trace

Installed /work/ubuntu-ros2-dev/build/tracetools_trace
running symlink_data
symbolically linking /work/ubuntu-ros2-dev/build/tracetools_trace/package.xml -> /work/ubuntu-ros2-dev/install/tracetools_trace/share/tracetools_trace
creating /work/ubuntu-ros2-dev/install/tracetools_trace/share/ament_index
creating /work/ubuntu-ros2-dev/install/tracetools_trace/share/ament_index/resource_index
creating /work/ubuntu-ros2-dev/install/tracetools_trace/share/ament_index/resource_index/packages
symbolically linking /work/ubuntu-ros2-dev/build/tracetools_trace/resource/tracetools_trace -> /work/ubuntu-ros2-dev/install/tracetools_trace/share/ament_index/resource_index/packages
/usr/lib/python3/dist-packages/setuptools/command/easy_install.py:158: EasyInstallDeprecationWarning: easy_install command is deprecated. Use build and pip and other standards-based tools.
  warnings.warn(
