[0.538s] Invoking command in '/work/ubuntu-ros2-dev/build/launch_xml': AMENT_PREFIX_PATH=/work/ubuntu-ros2-dev/install/launch:/work/ubuntu-ros2-dev/install/ament_index_python:/work/ubuntu-ros2-dev/install/ament_copyright:/work/ubuntu-ros2-dev/install/ament_pep257:/work/ubuntu-ros2-dev/install/ament_mypy:/work/ubuntu-ros2-dev/install/ament_flake8:/work/ubuntu-ros2-dev/install/osrf_pycommon:/work/ubuntu-ros2-dev/install/ament_lint PATH=/work/ubuntu-ros2-dev/install/ament_index_python/bin:/work/ubuntu-ros2-dev/install/ament_copyright/bin:/work/ubuntu-ros2-dev/install/ament_pep257/bin:/work/ubuntu-ros2-dev/install/ament_mypy/bin:/work/ubuntu-ros2-dev/install/ament_flake8/bin:${PATH} PYTHONPATH=/work/ubuntu-ros2-dev/build/launch_xml/prefix_override:/usr/lib/python3/dist-packages/colcon_core/task/python/colcon_distutils_commands:/work/ubuntu-ros2-dev/install/launch_xml/lib/python3.10/site-packages:/work/ubuntu-ros2-dev/build/launch:/work/ubuntu-ros2-dev/install/launch/lib/python3.10/site-packages:/work/ubuntu-ros2-dev/build/ament_index_python:/work/ubuntu-ros2-dev/install/ament_index_python/lib/python3.10/site-packages:/work/ubuntu-ros2-dev/build/ament_copyright:/work/ubuntu-ros2-dev/install/ament_copyright/lib/python3.10/site-packages:/work/ubuntu-ros2-dev/build/ament_pep257:/work/ubuntu-ros2-dev/install/ament_pep257/lib/python3.10/site-packages:/work/ubuntu-ros2-dev/build/ament_mypy:/work/ubuntu-ros2-dev/install/ament_mypy/lib/python3.10/site-packages:/work/ubuntu-ros2-dev/build/ament_flake8:/work/ubuntu-ros2-dev/install/ament_flake8/lib/python3.10/site-packages:/work/ubuntu-ros2-dev/build/osrf_pycommon:/work/ubuntu-ros2-dev/install/osrf_pycommon/lib/python3.10/site-packages:/work/ubuntu-ros2-dev/build/ament_lint:/work/ubuntu-ros2-dev/install/ament_lint/lib/python3.10/site-packages /usr/bin/python3 -W ignore:setup.py install is deprecated setup.py develop --editable --build-directory /work/ubuntu-ros2-dev/build/launch_xml/build --no-deps symlink_data
[0.681s] running develop
[0.682s] /usr/lib/python3/dist-packages/setuptools/command/easy_install.py:158: EasyInstallDeprecationWarning: easy_install command is deprecated. Use build and pip and other standards-based tools.
[0.682s]   warnings.warn(
[0.736s] running egg_info
[0.736s] creating launch_xml.egg-info
[0.736s] writing launch_xml.egg-info/PKG-INFO
[0.736s] writing dependency_links to launch_xml.egg-info/dependency_links.txt
[0.736s] writing entry points to launch_xml.egg-info/entry_points.txt
[0.736s] writing requirements to launch_xml.egg-info/requires.txt
[0.736s] writing top-level names to launch_xml.egg-info/top_level.txt
[0.736s] writing manifest file 'launch_xml.egg-info/SOURCES.txt'
[0.737s] reading manifest file 'launch_xml.egg-info/SOURCES.txt'
[0.737s] writing manifest file 'launch_xml.egg-info/SOURCES.txt'
[0.738s] running build_ext
[0.738s] Creating /work/ubuntu-ros2-dev/install/launch_xml/lib/python3.10/site-packages/launch-xml.egg-link (link to .)
[0.739s] 
[0.739s] Installed /work/ubuntu-ros2-dev/build/launch_xml
[0.739s] running symlink_data
[0.739s] symbolically linking /work/ubuntu-ros2-dev/build/launch_xml/package.xml -> /work/ubuntu-ros2-dev/install/launch_xml/share/launch_xml
[0.739s] creating /work/ubuntu-ros2-dev/install/launch_xml/share/ament_index
[0.739s] creating /work/ubuntu-ros2-dev/install/launch_xml/share/ament_index/resource_index
[0.739s] creating /work/ubuntu-ros2-dev/install/launch_xml/share/ament_index/resource_index/packages
[0.739s] symbolically linking /work/ubuntu-ros2-dev/build/launch_xml/resource/launch_xml -> /work/ubuntu-ros2-dev/install/launch_xml/share/ament_index/resource_index/packages
[0.758s] Invoked command in '/work/ubuntu-ros2-dev/build/launch_xml' returned '0': AMENT_PREFIX_PATH=/work/ubuntu-ros2-dev/install/launch:/work/ubuntu-ros2-dev/install/ament_index_python:/work/ubuntu-ros2-dev/install/ament_copyright:/work/ubuntu-ros2-dev/install/ament_pep257:/work/ubuntu-ros2-dev/install/ament_mypy:/work/ubuntu-ros2-dev/install/ament_flake8:/work/ubuntu-ros2-dev/install/osrf_pycommon:/work/ubuntu-ros2-dev/install/ament_lint PATH=/work/ubuntu-ros2-dev/install/ament_index_python/bin:/work/ubuntu-ros2-dev/install/ament_copyright/bin:/work/ubuntu-ros2-dev/install/ament_pep257/bin:/work/ubuntu-ros2-dev/install/ament_mypy/bin:/work/ubuntu-ros2-dev/install/ament_flake8/bin:${PATH} PYTHONPATH=/work/ubuntu-ros2-dev/build/launch_xml/prefix_override:/usr/lib/python3/dist-packages/colcon_core/task/python/colcon_distutils_commands:/work/ubuntu-ros2-dev/install/launch_xml/lib/python3.10/site-packages:/work/ubuntu-ros2-dev/build/launch:/work/ubuntu-ros2-dev/install/launch/lib/python3.10/site-packages:/work/ubuntu-ros2-dev/build/ament_index_python:/work/ubuntu-ros2-dev/install/ament_index_python/lib/python3.10/site-packages:/work/ubuntu-ros2-dev/build/ament_copyright:/work/ubuntu-ros2-dev/install/ament_copyright/lib/python3.10/site-packages:/work/ubuntu-ros2-dev/build/ament_pep257:/work/ubuntu-ros2-dev/install/ament_pep257/lib/python3.10/site-packages:/work/ubuntu-ros2-dev/build/ament_mypy:/work/ubuntu-ros2-dev/install/ament_mypy/lib/python3.10/site-packages:/work/ubuntu-ros2-dev/build/ament_flake8:/work/ubuntu-ros2-dev/install/ament_flake8/lib/python3.10/site-packages:/work/ubuntu-ros2-dev/build/osrf_pycommon:/work/ubuntu-ros2-dev/install/osrf_pycommon/lib/python3.10/site-packages:/work/ubuntu-ros2-dev/build/ament_lint:/work/ubuntu-ros2-dev/install/ament_lint/lib/python3.10/site-packages /usr/bin/python3 -W ignore:setup.py install is deprecated setup.py develop --editable --build-directory /work/ubuntu-ros2-dev/build/launch_xml/build --no-deps symlink_data
