running develop
running egg_info
creating ros2lifecycle.egg-info
writing ros2lifecycle.egg-info/PKG-INFO
writing dependency_links to ros2lifecycle.egg-info/dependency_links.txt
writing entry points to ros2lifecycle.egg-info/entry_points.txt
writing requirements to ros2lifecycle.egg-info/requires.txt
writing top-level names to ros2lifecycle.egg-info/top_level.txt
writing manifest file 'ros2lifecycle.egg-info/SOURCES.txt'
reading manifest file 'ros2lifecycle.egg-info/SOURCES.txt'
writing manifest file 'ros2lifecycle.egg-info/SOURCES.txt'
running build_ext
Creating /work/ubuntu-ros2-dev/install/ros2lifecycle/lib/python3.10/site-packages/ros2lifecycle.egg-link (link to .)

Installed /work/ubuntu-ros2-dev/build/ros2lifecycle
running symlink_data
symbolically linking /work/ubuntu-ros2-dev/build/ros2lifecycle/package.xml -> /work/ubuntu-ros2-dev/install/ros2lifecycle/share/ros2lifecycle
creating /work/ubuntu-ros2-dev/install/ros2lifecycle/share/ament_index
creating /work/ubuntu-ros2-dev/install/ros2lifecycle/share/ament_index/resource_index
creating /work/ubuntu-ros2-dev/install/ros2lifecycle/share/ament_index/resource_index/packages
symbolically linking /work/ubuntu-ros2-dev/build/ros2lifecycle/resource/ros2lifecycle -> /work/ubuntu-ros2-dev/install/ros2lifecycle/share/ament_index/resource_index/packages
/usr/lib/python3/dist-packages/setuptools/command/easy_install.py:158: EasyInstallDeprecationWarning: easy_install command is deprecated. Use build and pip and other standards-based tools.
  warnings.warn(
