running develop
/usr/lib/python3/dist-packages/setuptools/command/easy_install.py:158: EasyInstallDeprecationWarning: easy_install command is deprecated. Use build and pip and other standards-based tools.
  warnings.warn(
running egg_info
creating rpyutils.egg-info
writing rpyutils.egg-info/PKG-INFO
writing dependency_links to rpyutils.egg-info/dependency_links.txt
writing top-level names to rpyutils.egg-info/top_level.txt
writing manifest file 'rpyutils.egg-info/SOURCES.txt'
reading manifest file 'rpyutils.egg-info/SOURCES.txt'
writing manifest file 'rpyutils.egg-info/SOURCES.txt'
running build_ext
Creating /work/ubuntu-ros2-dev/install/rpyutils/lib/python3.10/site-packages/rpyutils.egg-link (link to .)

Installed /work/ubuntu-ros2-dev/build/rpyutils
running symlink_data
symbolically linking /work/ubuntu-ros2-dev/build/rpyutils/package.xml -> /work/ubuntu-ros2-dev/install/rpyutils/share/rpyutils
creating /work/ubuntu-ros2-dev/install/rpyutils/share/ament_index
creating /work/ubuntu-ros2-dev/install/rpyutils/share/ament_index/resource_index
creating /work/ubuntu-ros2-dev/install/rpyutils/share/ament_index/resource_index/packages
symbolically linking /work/ubuntu-ros2-dev/build/rpyutils/resource/rpyutils -> /work/ubuntu-ros2-dev/install/rpyutils/share/ament_index/resource_index/packages
