-- The C compiler identification is GNU 11.4.0
-- The CXX compiler identification is GNU 11.4.0
-- Detecting C compiler ABI info
-- Detecting C compiler ABI info - done
-- Check for working C compiler: /usr/bin/cc - skipped
-- Detecting C compile features
-- Detecting C compile features - done
-- Detecting CXX compiler ABI info
-- Detecting CXX compiler ABI info - done
-- Check for working CXX compiler: /usr/bin/c++ - skipped
-- Detecting CXX compile features
-- Detecting CXX compile features - done
-- Found ament_cmake: 2.5.2 (/work/ubuntu-ros2-dev/install/ament_cmake/share/ament_cmake/cmake)
-- Found Python3: /usr/bin/python3 (found version "3.10.12") found components: Interpreter 
-- Override CMake install command with custom implementation using symlinks instead of copying resources
-- Found rosidl_runtime_c: 4.6.4 (/work/ubuntu-ros2-dev/install/rosidl_runtime_c/share/rosidl_runtime_c/cmake)
-- Found ament_lint_auto: 0.17.1 (/work/ubuntu-ros2-dev/install/ament_lint_auto/share/ament_lint_auto/cmake)
-- Found performance_test_fixture: 0.2.1 (/work/ubuntu-ros2-dev/install/performance_test_fixture/share/performance_test_fixture/cmake)
-- Found gtest sources under '/work/ubuntu-ros2-dev/install/gtest_vendor/src/gtest_vendor': C++ tests using 'Google Test' will be built
-- Found Threads: TRUE  
-- Performance tests are disabled by default, so Google Benchmark tests will be skipped. To enable these tests, set the CMake variable 'AMENT_RUN_PERFORMANCE_TESTS'.
-- Added test 'copyright' to check source files copyright and LICENSE
-- Added test 'cppcheck' to perform static code analysis on C / C++ code
-- Configured cppcheck include dirs: /work/ubuntu-ros2-dev/install/performance_test_fixture/include;$<BUILD_INTERFACE:/work/ubuntu-ros2-dev/src/ros2/rosidl/rosidl_runtime_cpp/include>
-- Configured cppcheck exclude dirs and/or files: /work/ubuntu-ros2-dev/src/ros2/rosidl/rosidl_runtime_cpp/include/rosidl_runtime_cpp/type_description/field__struct.hpp;/work/ubuntu-ros2-dev/src/ros2/rosidl/rosidl_runtime_cpp/include/rosidl_runtime_cpp/type_description/field_type__struct.hpp;/work/ubuntu-ros2-dev/src/ros2/rosidl/rosidl_runtime_cpp/include/rosidl_runtime_cpp/type_description/individual_type_description__struct.hpp;/work/ubuntu-ros2-dev/src/ros2/rosidl/rosidl_runtime_cpp/include/rosidl_runtime_cpp/type_description/key_value__struct.hpp;/work/ubuntu-ros2-dev/src/ros2/rosidl/rosidl_runtime_cpp/include/rosidl_runtime_cpp/type_description/type_description__struct.hpp;/work/ubuntu-ros2-dev/src/ros2/rosidl/rosidl_runtime_cpp/include/rosidl_runtime_cpp/type_description/type_source__struct.hpp
-- Added test 'cpplint' to check C / C++ code against the Google style
-- Configured cpplint exclude dirs and/or files: /work/ubuntu-ros2-dev/src/ros2/rosidl/rosidl_runtime_cpp/include/rosidl_runtime_cpp/type_description/field__struct.hpp;/work/ubuntu-ros2-dev/src/ros2/rosidl/rosidl_runtime_cpp/include/rosidl_runtime_cpp/type_description/field_type__struct.hpp;/work/ubuntu-ros2-dev/src/ros2/rosidl/rosidl_runtime_cpp/include/rosidl_runtime_cpp/type_description/individual_type_description__struct.hpp;/work/ubuntu-ros2-dev/src/ros2/rosidl/rosidl_runtime_cpp/include/rosidl_runtime_cpp/type_description/key_value__struct.hpp;/work/ubuntu-ros2-dev/src/ros2/rosidl/rosidl_runtime_cpp/include/rosidl_runtime_cpp/type_description/type_description__struct.hpp;/work/ubuntu-ros2-dev/src/ros2/rosidl/rosidl_runtime_cpp/include/rosidl_runtime_cpp/type_description/type_source__struct.hpp
-- Added test 'lint_cmake' to check CMake code style
-- Added test 'uncrustify' to check C / C++ code style
-- Configured uncrustify additional arguments: 
-- Added test 'xmllint' to check XML markup files
-- Configuring done
-- Generating done
-- Build files have been written to: /work/ubuntu-ros2-dev/build/rosidl_runtime_cpp
[ 12%] [32mBuilding CXX object gtest/CMakeFiles/gtest_main.dir/src/gtest_main.cc.o[0m
[ 25%] [32m[1mLinking CXX static library libgtest_main.a[0m
[ 25%] Built target gtest_main
[ 37%] [32mBuilding CXX object CMakeFiles/benchmark_bounded_vector.dir/test/benchmark/benchmark_bounded_vector.cpp.o[0m
[ 50%] [32m[1mLinking CXX executable benchmark_bounded_vector[0m
[ 50%] Built target benchmark_bounded_vector
[ 62%] [32mBuilding CXX object gtest/CMakeFiles/gtest.dir/src/gtest-all.cc.o[0m
[ 75%] [32m[1mLinking CXX static library libgtest.a[0m
[ 75%] Built target gtest
[ 87%] [32mBuilding CXX object CMakeFiles/test_bounded_vector.dir/test/test_bounded_vector.cpp.o[0m
[100%] [32m[1mLinking CXX executable test_bounded_vector[0m
[100%] Built target test_bounded_vector
-- Install configuration: ""
-- Execute custom install script
-- Symlinking: /work/ubuntu-ros2-dev/install/rosidl_runtime_cpp/share/ament_index/resource_index/rosidl_runtime_packages/rosidl_runtime_cpp
-- Symlinking: /work/ubuntu-ros2-dev/install/rosidl_runtime_cpp/include/rosidl_runtime_cpp/rosidl_runtime_cpp/action_type_support_decl.hpp
-- Symlinking: /work/ubuntu-ros2-dev/install/rosidl_runtime_cpp/include/rosidl_runtime_cpp/rosidl_runtime_cpp/bounded_vector.hpp
-- Symlinking: /work/ubuntu-ros2-dev/install/rosidl_runtime_cpp/include/rosidl_runtime_cpp/rosidl_runtime_cpp/message_initialization.hpp
-- Symlinking: /work/ubuntu-ros2-dev/install/rosidl_runtime_cpp/include/rosidl_runtime_cpp/rosidl_runtime_cpp/message_type_support_decl.hpp
-- Symlinking: /work/ubuntu-ros2-dev/install/rosidl_runtime_cpp/include/rosidl_runtime_cpp/rosidl_runtime_cpp/service_type_support_decl.hpp
-- Symlinking: /work/ubuntu-ros2-dev/install/rosidl_runtime_cpp/include/rosidl_runtime_cpp/rosidl_runtime_cpp/traits.hpp
-- Symlinking: /work/ubuntu-ros2-dev/install/rosidl_runtime_cpp/include/rosidl_runtime_cpp/rosidl_runtime_cpp/type_description/field__struct.hpp
-- Symlinking: /work/ubuntu-ros2-dev/install/rosidl_runtime_cpp/include/rosidl_runtime_cpp/rosidl_runtime_cpp/type_description/field_type__struct.hpp
-- Symlinking: /work/ubuntu-ros2-dev/install/rosidl_runtime_cpp/include/rosidl_runtime_cpp/rosidl_runtime_cpp/type_description/individual_type_description__struct.hpp
-- Symlinking: /work/ubuntu-ros2-dev/install/rosidl_runtime_cpp/include/rosidl_runtime_cpp/rosidl_runtime_cpp/type_description/key_value__struct.hpp
-- Symlinking: /work/ubuntu-ros2-dev/install/rosidl_runtime_cpp/include/rosidl_runtime_cpp/rosidl_runtime_cpp/type_description/type_description__struct.hpp
-- Symlinking: /work/ubuntu-ros2-dev/install/rosidl_runtime_cpp/include/rosidl_runtime_cpp/rosidl_runtime_cpp/type_description/type_source__struct.hpp
-- Symlinking: /work/ubuntu-ros2-dev/install/rosidl_runtime_cpp/include/rosidl_runtime_cpp/rosidl_typesupport_cpp/action_type_support.hpp
-- Symlinking: /work/ubuntu-ros2-dev/install/rosidl_runtime_cpp/include/rosidl_runtime_cpp/rosidl_typesupport_cpp/message_type_support.hpp
-- Symlinking: /work/ubuntu-ros2-dev/install/rosidl_runtime_cpp/include/rosidl_runtime_cpp/rosidl_typesupport_cpp/service_type_support.hpp
-- Symlinking: /work/ubuntu-ros2-dev/install/rosidl_runtime_cpp/share/ament_index/resource_index/package_run_dependencies/rosidl_runtime_cpp
-- Symlinking: /work/ubuntu-ros2-dev/install/rosidl_runtime_cpp/share/ament_index/resource_index/parent_prefix_path/rosidl_runtime_cpp
-- Symlinking: /work/ubuntu-ros2-dev/install/rosidl_runtime_cpp/share/rosidl_runtime_cpp/environment/ament_prefix_path.sh
-- Symlinking: /work/ubuntu-ros2-dev/install/rosidl_runtime_cpp/share/rosidl_runtime_cpp/environment/ament_prefix_path.dsv
-- Symlinking: /work/ubuntu-ros2-dev/install/rosidl_runtime_cpp/share/rosidl_runtime_cpp/environment/path.sh
-- Symlinking: /work/ubuntu-ros2-dev/install/rosidl_runtime_cpp/share/rosidl_runtime_cpp/environment/path.dsv
-- Symlinking: /work/ubuntu-ros2-dev/install/rosidl_runtime_cpp/share/rosidl_runtime_cpp/local_setup.bash
-- Symlinking: /work/ubuntu-ros2-dev/install/rosidl_runtime_cpp/share/rosidl_runtime_cpp/local_setup.sh
-- Symlinking: /work/ubuntu-ros2-dev/install/rosidl_runtime_cpp/share/rosidl_runtime_cpp/local_setup.zsh
-- Symlinking: /work/ubuntu-ros2-dev/install/rosidl_runtime_cpp/share/rosidl_runtime_cpp/local_setup.dsv
-- Symlinking: /work/ubuntu-ros2-dev/install/rosidl_runtime_cpp/share/rosidl_runtime_cpp/package.dsv
-- Symlinking: /work/ubuntu-ros2-dev/install/rosidl_runtime_cpp/share/ament_index/resource_index/packages/rosidl_runtime_cpp
-- Symlinking: /work/ubuntu-ros2-dev/install/rosidl_runtime_cpp/share/rosidl_runtime_cpp/cmake/ament_cmake_export_include_directories-extras.cmake
-- Symlinking: /work/ubuntu-ros2-dev/install/rosidl_runtime_cpp/share/rosidl_runtime_cpp/cmake/ament_cmake_export_targets-extras.cmake
-- Symlinking: /work/ubuntu-ros2-dev/install/rosidl_runtime_cpp/share/rosidl_runtime_cpp/cmake/ament_cmake_export_dependencies-extras.cmake
-- Symlinking: /work/ubuntu-ros2-dev/install/rosidl_runtime_cpp/share/rosidl_runtime_cpp/cmake/rosidl_runtime_cppConfig.cmake
-- Symlinking: /work/ubuntu-ros2-dev/install/rosidl_runtime_cpp/share/rosidl_runtime_cpp/cmake/rosidl_runtime_cppConfig-version.cmake
-- Symlinking: /work/ubuntu-ros2-dev/install/rosidl_runtime_cpp/share/rosidl_runtime_cpp/package.xml
-- Installing: /work/ubuntu-ros2-dev/install/rosidl_runtime_cpp/share/rosidl_runtime_cpp/cmake/rosidl_runtime_cppExport.cmake
